[2022-08-01 18:22:08.272] [renderer1] [info] UNRESPONSIVE extension host: starting to profile NOW
[2022-08-01 18:22:16.011] [renderer1] [info] UNRESPONSIVE extension host: received responsive event and cancelling profiling session
[2022-08-01 18:22:57.933] [renderer1] [info] UNRESPONSIVE extension host: starting to profile NOW
[2022-08-01 18:22:58.341] [renderer1] [info] UNRESPONSIVE extension host: received responsive event and cancelling profiling session
[2022-08-01 18:23:58.962] [renderer1] [info] UNRESPONSIVE extension host: received responsive event and cancelling profiling session
[2022-08-01 18:23:59.981] [renderer1] [info] UNRESPONSIVE extension host: starting to profile NOW
[2022-08-01 18:24:00.072] [renderer1] [warning] UNRESPONSIVE extension host: 'Angular.ng-template' took 88% of 228.211ms, saved PROFILE here: 'file:///tmp/exthost-d354a3.cpuprofile' [{"id":"Angular.ng-template","total":199881,"percentage":88},{"id":"self","total":24719,"percentage":11}]
[2022-08-01 18:25:47.763] [renderer1] [info] UNRESPONSIVE extension host: starting to profile NOW
[2022-08-01 18:25:48.461] [renderer1] [info] UNRESPONSIVE extension host: received responsive event and cancelling profiling session
[2022-08-01 18:25:59.474] [renderer1] [info] UNRESPONSIVE extension host: starting to profile NOW
[2022-08-01 18:25:59.755] [renderer1] [info] UNRESPONSIVE extension host: received responsive event and cancelling profiling session
[2022-08-01 18:30:18.471] [renderer1] [info] UNRESPONSIVE extension host: starting to profile NOW
[2022-08-01 18:30:19.390] [renderer1] [info] UNRESPONSIVE extension host: received responsive event and cancelling profiling session
[2022-08-01 18:30:22.524] [renderer1] [warning] {}
[2022-08-01 18:30:25.705] [renderer1] [info] UNRESPONSIVE extension host: starting to profile NOW
[2022-08-01 18:30:29.615] [renderer1] [warning] {}
[2022-08-01 18:30:30.963] [renderer1] [warning] UNRESPONSIVE extension host: 'vscode.git' took 92% of 5883.544ms, saved PROFILE here: 'file:///tmp/exthost-be5fed.cpuprofile' [{"id":"gc","total":101099,"percentage":2},{"id":"self","total":343721,"percentage":6},{"id":"vscode.git","total":5436795,"percentage":92}]
[2022-08-01 18:30:58.078] [renderer1] [info] UNRESPONSIVE extension host: starting to profile NOW
[2022-08-01 18:30:59.584] [renderer1] [info] UNRESPONSIVE extension host: received responsive event and cancelling profiling session
[2022-08-01 18:32:25.096] [renderer1] [info] UNRESPONSIVE extension host: received responsive event and cancelling profiling session
[2022-08-01 18:32:25.330] [renderer1] [info] UNRESPONSIVE extension host: starting to profile NOW
[2022-08-01 18:32:59.540] [renderer1] [info] UNRESPONSIVE extension host: starting to profile NOW
[2022-08-01 18:32:59.613] [renderer1] [info] UNRESPONSIVE extension host: received responsive event and cancelling profiling session
[2022-08-01 18:33:42.940] [renderer1] [info] UNRESPONSIVE extension host: starting to profile NOW
[2022-08-01 18:33:43.549] [renderer1] [info] UNRESPONSIVE extension host: received responsive event and cancelling profiling session
[2022-08-01 18:33:43.730] [renderer1] [warning] UNRESPONSIVE extension host: 'vscode.git' took 48% of 876.405ms, saved PROFILE here: 'file:///tmp/exthost-cff6cc.cpuprofile' [{"id":"gc","total":61644,"percentage":7},{"id":"program","total":322,"percentage":0},{"id":"self","total":389145,"percentage":44},{"id":"vscode.git","total":425033,"percentage":48}]
[2022-08-01 18:35:43.257] [renderer1] [warning] {}
[2022-08-01 18:35:44.961] [renderer1] [info] UNRESPONSIVE extension host: starting to profile NOW
[2022-08-01 18:35:45.095] [renderer1] [info] UNRESPONSIVE extension host: received responsive event and cancelling profiling session
[2022-08-01 18:36:08.836] [renderer1] [info] UNRESPONSIVE extension host: starting to profile NOW
[2022-08-01 18:36:08.947] [renderer1] [info] UNRESPONSIVE extension host: received responsive event and cancelling profiling session
[2022-08-01 18:37:13.158] [renderer1] [info] UNRESPONSIVE extension host: starting to profile NOW
[2022-08-01 18:37:14.898] [renderer1] [info] UNRESPONSIVE extension host: received responsive event and cancelling profiling session
[2022-08-01 18:37:15.299] [renderer1] [warning] UNRESPONSIVE extension host: 'vscode.git' took 67% of 2424.345ms, saved PROFILE here: 'file:///tmp/exthost-ef74a9.cpuprofile' [{"id":"gc","total":244940,"percentage":10},{"id":"program","total":1163,"percentage":0},{"id":"self","total":547396,"percentage":23},{"id":"vscode.git","total":1629851,"percentage":67}]
[2022-08-01 18:37:38.854] [renderer1] [info] UNRESPONSIVE extension host: received responsive event and cancelling profiling session
[2022-08-01 18:37:39.036] [renderer1] [info] UNRESPONSIVE extension host: starting to profile NOW
[2022-08-01 18:37:45.309] [renderer1] [info] UNRESPONSIVE extension host: starting to profile NOW
[2022-08-01 18:37:45.622] [renderer1] [info] UNRESPONSIVE extension host: received responsive event and cancelling profiling session
[2022-08-01 18:37:45.850] [renderer1] [warning] UNRESPONSIVE extension host: 'vscode.git' took 44% of 573.668ms, saved PROFILE here: 'file:///tmp/exthost-237262.cpuprofile' [{"id":"gc","total":153315,"percentage":27},{"id":"program","total":677,"percentage":0},{"id":"self","total":163851,"percentage":29},{"id":"vscode.git","total":254825,"percentage":44}]
[2022-08-01 18:37:53.288] [renderer1] [info] UNRESPONSIVE extension host: starting to profile NOW
[2022-08-01 18:37:54.029] [renderer1] [info] UNRESPONSIVE extension host: received responsive event and cancelling profiling session
[2022-08-01 18:37:54.200] [renderer1] [warning] UNRESPONSIVE extension host: 'vscode.git' took 80% of 927.65ms, saved PROFILE here: 'file:///tmp/exthost-a8e065.cpuprofile' [{"id":"gc","total":16795,"percentage":2},{"id":"program","total":235,"percentage":0},{"id":"self","total":172500,"percentage":19},{"id":"vscode.git","total":737787,"percentage":80}]
[2022-08-01 18:38:25.935] [renderer1] [info] UNRESPONSIVE extension host: received responsive event and cancelling profiling session
[2022-08-01 18:38:26.307] [renderer1] [info] UNRESPONSIVE extension host: starting to profile NOW
[2022-08-01 18:41:53.349] [renderer1] [info] UNRESPONSIVE extension host: starting to profile NOW
[2022-08-01 18:41:53.562] [renderer1] [info] UNRESPONSIVE extension host: received responsive event and cancelling profiling session
[2022-08-01 18:42:01.024] [renderer1] [warning] {}
[2022-08-01 18:44:14.470] [renderer1] [warning] {}
[2022-08-01 18:44:50.686] [renderer1] [info] UNRESPONSIVE extension host: starting to profile NOW
[2022-08-01 18:44:52.110] [renderer1] [info] UNRESPONSIVE extension host: received responsive event and cancelling profiling session
[2022-08-01 18:44:52.242] [renderer1] [warning] UNRESPONSIVE extension host: 'vscode.git' took 91% of 2522.184ms, saved PROFILE here: 'file:///tmp/exthost-d43cc9.cpuprofile' [{"id":"gc","total":33078,"percentage":1},{"id":"program","total":25076,"percentage":1},{"id":"self","total":167383,"percentage":7},{"id":"vscode.git","total":2293676,"percentage":91}]
[2022-08-01 18:45:26.690] [renderer1] [warning] {}
[2022-08-01 18:48:34.557] [renderer1] [info] UNRESPONSIVE extension host: starting to profile NOW
[2022-08-01 18:48:35.218] [renderer1] [info] UNRESPONSIVE extension host: received responsive event and cancelling profiling session
[2022-08-01 18:48:35.459] [renderer1] [warning] UNRESPONSIVE extension host: 'vscode.git' took 47% of 922.492ms, saved PROFILE here: 'file:///tmp/exthost-bebfe6.cpuprofile' [{"id":"gc","total":103430,"percentage":11},{"id":"program","total":6336,"percentage":1},{"id":"self","total":376795,"percentage":41},{"id":"vscode.git","total":435308,"percentage":47},{"id":"vscode.typescript-language-features","total":448,"percentage":0}]
[2022-08-01 18:49:30.787] [renderer1] [info] UNRESPONSIVE extension host: starting to profile NOW
[2022-08-01 18:49:32.007] [renderer1] [info] UNRESPONSIVE extension host: received responsive event and cancelling profiling session
[2022-08-01 18:49:32.116] [renderer1] [warning] UNRESPONSIVE extension host: 'vscode.git' took 51% of 1613.719ms, saved PROFILE here: 'file:///tmp/exthost-f8b340.cpuprofile' [{"id":"gc","total":245129,"percentage":15},{"id":"program","total":1233,"percentage":0},{"id":"self","total":548884,"percentage":34},{"id":"vscode.git","total":817971,"percentage":51},{"id":"vscode.microsoft-authentication","total":161,"percentage":0}]
[2022-08-01 18:49:38.620] [renderer1] [info] UNRESPONSIVE extension host: starting to profile NOW
[2022-08-01 18:49:41.881] [renderer1] [info] UNRESPONSIVE extension host: received responsive event and cancelling profiling session
[2022-08-01 18:49:42.366] [renderer1] [warning] UNRESPONSIVE extension host: 'vscode.git' took 71% of 3590.815ms, saved PROFILE here: 'file:///tmp/exthost-d5694e.cpuprofile' [{"id":"gc","total":256737,"percentage":7},{"id":"program","total":16890,"percentage":0},{"id":"self","total":780910,"percentage":22},{"id":"vscode.git","total":2536025,"percentage":71}]
[2022-08-01 18:49:51.352] [renderer1] [info] UNRESPONSIVE extension host: starting to profile NOW
[2022-08-01 18:49:52.438] [renderer1] [info] UNRESPONSIVE extension host: received responsive event and cancelling profiling session
[2022-08-01 18:49:52.699] [renderer1] [warning] UNRESPONSIVE extension host: 'vscode.git' took 60% of 1335.488ms, saved PROFILE here: 'file:///tmp/exthost-87c82d.cpuprofile' [{"id":"gc","total":26550,"percentage":2},{"id":"program","total":234189,"percentage":18},{"id":"self","total":266650,"percentage":20},{"id":"vscode.css-language-features","total":178,"percentage":0},{"id":"vscode.git","total":807156,"percentage":60},{"id":"vscode.json-language-features","total":154,"percentage":0},{"id":"vscode.typescript-language-features","total":120,"percentage":0}]
[2022-08-01 18:50:28.125] [renderer1] [info] UNRESPONSIVE extension host: starting to profile NOW
[2022-08-01 18:50:28.213] [renderer1] [info] UNRESPONSIVE extension host: received responsive event and cancelling profiling session
[2022-08-01 18:51:17.047] [renderer1] [info] UNRESPONSIVE extension host: starting to profile NOW
[2022-08-01 18:51:18.451] [renderer1] [info] UNRESPONSIVE extension host: received responsive event and cancelling profiling session
[2022-08-01 18:51:18.790] [renderer1] [warning] UNRESPONSIVE extension host: 'vscode.git' took 78% of 1850.437ms, saved PROFILE here: 'file:///tmp/exthost-591a6e.cpuprofile' [{"id":"gc","total":238280,"percentage":13},{"id":"program","total":321,"percentage":0},{"id":"self","total":176227,"percentage":10},{"id":"vscode.git","total":1435426,"percentage":78}]
[2022-08-01 18:52:26.415] [renderer1] [info] UNRESPONSIVE extension host: starting to profile NOW
[2022-08-01 18:52:26.696] [renderer1] [info] UNRESPONSIVE extension host: received responsive event and cancelling profiling session
[2022-08-01 18:52:47.432] [renderer1] [info] UNRESPONSIVE extension host: starting to profile NOW
[2022-08-01 18:52:47.806] [renderer1] [info] UNRESPONSIVE extension host: received responsive event and cancelling profiling session
[2022-08-01 18:53:04.364] [renderer1] [info] UNRESPONSIVE extension host: starting to profile NOW
[2022-08-01 18:53:04.446] [renderer1] [info] UNRESPONSIVE extension host: received responsive event and cancelling profiling session
[2022-08-01 18:53:22.029] [renderer1] [info] UNRESPONSIVE extension host: starting to profile NOW
[2022-08-01 18:53:22.905] [renderer1] [info] UNRESPONSIVE extension host: received responsive event and cancelling profiling session
[2022-08-01 18:53:23.155] [renderer1] [warning] UNRESPONSIVE extension host: 'vscode.git' took 57% of 1306.856ms, saved PROFILE here: 'file:///tmp/exthost-fb68d1.cpuprofile' [{"id":"gc","total":172618,"percentage":13},{"id":"program","total":175,"percentage":0},{"id":"self","total":372976,"percentage":29},{"id":"vscode.git","total":751069,"percentage":57}]
[2022-08-01 18:53:30.388] [renderer1] [info] UNRESPONSIVE extension host: starting to profile NOW
[2022-08-01 18:53:32.595] [renderer1] [info] UNRESPONSIVE extension host: received responsive event and cancelling profiling session
[2022-08-01 18:53:32.934] [renderer1] [warning] UNRESPONSIVE extension host: 'vscode.git' took 80% of 2794.186ms, saved PROFILE here: 'file:///tmp/exthost-e26c6c.cpuprofile' [{"id":"gc","total":146053,"percentage":5},{"id":"program","total":1722,"percentage":0},{"id":"self","total":417130,"percentage":15},{"id":"vscode.git","total":2229087,"percentage":80}]
[2022-08-01 18:53:42.046] [renderer1] [info] UNRESPONSIVE extension host: starting to profile NOW
[2022-08-01 18:53:42.784] [renderer1] [info] UNRESPONSIVE extension host: received responsive event and cancelling profiling session
[2022-08-01 18:53:42.872] [renderer1] [warning] UNRESPONSIVE extension host: 'vscode.git' took 80% of 912.211ms, saved PROFILE here: 'file:///tmp/exthost-ae5899.cpuprofile' [{"id":"gc","total":19488,"percentage":2},{"id":"self","total":162396,"percentage":18},{"id":"vscode.git","total":728110,"percentage":80}]
[2022-08-01 18:53:56.569] [renderer1] [info] UNRESPONSIVE extension host: starting to profile NOW
[2022-08-01 18:53:56.742] [renderer1] [info] UNRESPONSIVE extension host: received responsive event and cancelling profiling session
[2022-08-01 18:55:20.656] [renderer1] [info] UNRESPONSIVE extension host: starting to profile NOW
[2022-08-01 18:55:21.104] [renderer1] [warning] {}
[2022-08-01 18:55:22.743] [renderer1] [info] UNRESPONSIVE extension host: received responsive event and cancelling profiling session
[2022-08-01 18:55:23.291] [renderer1] [warning] UNRESPONSIVE extension host: 'vscode.git' took 46% of 2289.928ms, saved PROFILE here: 'file:///tmp/exthost-7ea2dd.cpuprofile' [{"id":"Angular.ng-template","total":48968,"percentage":2},{"id":"gc","total":231431,"percentage":10},{"id":"program","total":7273,"percentage":0},{"id":"self","total":913704,"percentage":40},{"id":"vscode.css-language-features","total":504,"percentage":0},{"id":"vscode.emmet","total":7738,"percentage":0},{"id":"vscode.git","total":1059032,"percentage":46},{"id":"vscode.html-language-features","total":15549,"percentage":1},{"id":"vscode.json-language-features","total":194,"percentage":0},{"id":"vscode.merge-conflict","total":4269,"percentage":0},{"id":"vscode.typescript-language-features","total":873,"percentage":0}]
[2022-08-01 18:55:45.707] [renderer1] [info] Webgl lost context, disposing of webgl renderer
[2022-08-01 18:55:47.572] [renderer1] [info] UNRESPONSIVE extension host: received responsive event and cancelling profiling session
[2022-08-01 18:55:49.056] [renderer1] [info] UNRESPONSIVE extension host: starting to profile NOW
[2022-08-01 18:55:53.658] [renderer1] [info] UNRESPONSIVE extension host: starting to profile NOW
[2022-08-01 18:55:56.288] [renderer1] [info] UNRESPONSIVE extension host: received responsive event and cancelling profiling session
[2022-08-01 18:55:56.558] [renderer1] [warning] UNRESPONSIVE extension host: 'vscode.git' took 65% of 2991.003ms, saved PROFILE here: 'file:///tmp/exthost-57201b.cpuprofile' [{"id":"gc","total":184032,"percentage":6},{"id":"program","total":254,"percentage":0},{"id":"self","total":853562,"percentage":29},{"id":"vscode.git","total":1952764,"percentage":65},{"id":"vscode.json-language-features","total":174,"percentage":0}]
[2022-08-01 18:56:08.648] [renderer1] [info] UNRESPONSIVE extension host: starting to profile NOW
[2022-08-01 18:56:10.213] [renderer1] [info] UNRESPONSIVE extension host: received responsive event and cancelling profiling session
[2022-08-01 18:56:10.272] [renderer1] [warning] UNRESPONSIVE extension host: 'vscode.git' took 78% of 1791.784ms, saved PROFILE here: 'file:///tmp/exthost-164ec6.cpuprofile' [{"id":"Angular.ng-template","total":13268,"percentage":1},{"id":"gc","total":48549,"percentage":3},{"id":"program","total":1905,"percentage":0},{"id":"self","total":337772,"percentage":19},{"id":"vscode.git","total":1389817,"percentage":78},{"id":"vscode.html-language-features","total":358,"percentage":0}]
[2022-08-01 18:56:26.339] [renderer1] [info] UNRESPONSIVE extension host: starting to profile NOW
[2022-08-01 18:56:28.000] [renderer1] [info] UNRESPONSIVE extension host: received responsive event and cancelling profiling session
[2022-08-01 18:56:28.301] [renderer1] [warning] UNRESPONSIVE extension host: 'vscode.git' took 71% of 1979.238ms, saved PROFILE here: 'file:///tmp/exthost-4e7038.cpuprofile' [{"id":"gc","total":266324,"percentage":13},{"id":"program","total":4129,"percentage":0},{"id":"self","total":311492,"percentage":16},{"id":"vscode.git","total":1396913,"percentage":71}]
[2022-08-01 18:56:35.904] [renderer1] [info] UNRESPONSIVE extension host: starting to profile NOW
[2022-08-01 18:56:38.097] [renderer1] [info] UNRESPONSIVE extension host: received responsive event and cancelling profiling session
[2022-08-01 18:56:38.431] [renderer1] [warning] UNRESPONSIVE extension host: 'vscode.git' took 87% of 3363.843ms, saved PROFILE here: 'file:///tmp/exthost-110c61.cpuprofile' [{"id":"gc","total":76884,"percentage":2},{"id":"program","total":452,"percentage":0},{"id":"self","total":372513,"percentage":11},{"id":"vscode.git","total":2909757,"percentage":87}]
[2022-08-01 18:56:53.495] [renderer1] [info] UNRESPONSIVE extension host: starting to profile NOW
[2022-08-01 18:56:54.176] [renderer1] [info] UNRESPONSIVE extension host: received responsive event and cancelling profiling session
[2022-08-01 18:56:54.402] [renderer1] [warning] UNRESPONSIVE extension host: 'vscode.git' took 56% of 884.864ms, saved PROFILE here: 'file:///tmp/exthost-5b9523.cpuprofile' [{"id":"gc","total":15452,"percentage":2},{"id":"program","total":14168,"percentage":2},{"id":"self","total":362847,"percentage":41},{"id":"vscode.git","total":491925,"percentage":56},{"id":"vscode.html-language-features","total":211,"percentage":0}]
[2022-08-01 18:58:02.479] [renderer1] [info] UNRESPONSIVE extension host: received responsive event and cancelling profiling session
[2022-08-01 18:58:03.185] [renderer1] [info] UNRESPONSIVE extension host: starting to profile NOW
[2022-08-01 19:15:45.607] [renderer1] [info] UNRESPONSIVE extension host: starting to profile NOW
[2022-08-01 19:15:46.125] [renderer1] [info] UNRESPONSIVE extension host: received responsive event and cancelling profiling session
[2022-08-01 19:15:46.660] [renderer1] [warning] UNRESPONSIVE extension host: 'vscode.git' took 81% of 747.623ms, saved PROFILE here: 'file:///tmp/exthost-6a8e65.cpuprofile' [{"id":"gc","total":21099,"percentage":3},{"id":"program","total":3225,"percentage":0},{"id":"self","total":119352,"percentage":16},{"id":"vscode.git","total":603628,"percentage":81}]
