[2022-07-21T23:11:07.338Z] Log level: Info
[2022-07-21T23:11:07.341Z] [info] Validating found git in: git
[2022-07-21T23:11:07.407Z] [info] Using git 2.30.2 from git
[2022-07-21T23:11:07.770Z] > git rev-parse --show-toplevel [340ms]
[2022-07-21T23:11:07.807Z] > git rev-parse --git-dir --git-common-dir [27ms]
[2022-07-21T23:11:07.821Z] [info] Open repository: /home/thebuffylow
[2022-07-21T23:11:08.036Z] > git status -z -uall [202ms]
[2022-07-21T23:11:08.050Z] > git symbolic-ref --short HEAD [1ms]
[2022-07-21T23:11:08.081Z] > git for-each-ref --format=%(refname)%00%(upstream:short)%00%(objectname)%00%(upstream:track)%00%(upstream:remotename)%00%(upstream:remoteref) refs/heads/main refs/remotes/main [6ms]
[2022-07-21T23:11:08.120Z] > git for-each-ref --sort -committerdate --format %(refname) %(objectname) %(*objectname) [28ms]
[2022-07-21T23:11:08.124Z] > git remote --verbose [6ms]
[2022-07-21T23:11:08.163Z] > git config --get commit.template [7ms]
[2022-07-21T23:11:08.385Z] > git status -z -uall [207ms]
[2022-07-21T23:11:08.408Z] > git symbolic-ref --short HEAD [7ms]
[2022-07-21T23:11:08.438Z] > git for-each-ref --format=%(refname)%00%(upstream:short)%00%(objectname)%00%(upstream:track)%00%(upstream:remotename)%00%(upstream:remoteref) refs/heads/main refs/remotes/main [10ms]
[2022-07-21T23:11:08.481Z] > git for-each-ref --sort -committerdate --format %(refname) %(objectname) %(*objectname) [27ms]
[2022-07-21T23:11:08.486Z] > git remote --verbose [6ms]
[2022-07-21T23:11:08.565Z] > git config --get commit.template [59ms]
[2022-07-21T23:11:08.583Z] > git check-ignore -v -z --stdin [19ms]
[2022-07-21T23:11:10.064Z] > git status -z -uall [139ms]
[2022-07-21T23:11:10.073Z] > git symbolic-ref --short HEAD [3ms]
[2022-07-21T23:11:10.081Z] > git for-each-ref --format=%(refname)%00%(upstream:short)%00%(objectname)%00%(upstream:track)%00%(upstream:remotename)%00%(upstream:remoteref) refs/heads/main refs/remotes/main [2ms]
[2022-07-21T23:11:10.095Z] > git for-each-ref --sort -committerdate --format %(refname) %(objectname) %(*objectname) [7ms]
[2022-07-21T23:11:10.096Z] > git remote --verbose [2ms]
[2022-07-21T23:11:10.111Z] > git config --get commit.template [1ms]
[2022-07-21T23:11:15.282Z] > git status -z -uall [150ms]
[2022-07-21T23:11:15.290Z] > git symbolic-ref --short HEAD [2ms]
[2022-07-21T23:11:15.298Z] > git for-each-ref --format=%(refname)%00%(upstream:short)%00%(objectname)%00%(upstream:track)%00%(upstream:remotename)%00%(upstream:remoteref) refs/heads/main refs/remotes/main [3ms]
[2022-07-21T23:11:15.311Z] > git for-each-ref --sort -committerdate --format %(refname) %(objectname) %(*objectname) [7ms]
[2022-07-21T23:11:15.312Z] > git remote --verbose [3ms]
[2022-07-21T23:11:15.334Z] > git config --get commit.template [7ms]
[2022-07-21T23:11:20.435Z] > git status -z -uall [82ms]
[2022-07-21T23:11:20.446Z] > git symbolic-ref --short HEAD [4ms]
[2022-07-21T23:11:20.460Z] > git for-each-ref --format=%(refname)%00%(upstream:short)%00%(objectname)%00%(upstream:track)%00%(upstream:remotename)%00%(upstream:remoteref) refs/heads/main refs/remotes/main [5ms]
[2022-07-21T23:11:20.494Z] > git for-each-ref --sort -committerdate --format %(refname) %(objectname) %(*objectname) [28ms]
[2022-07-21T23:11:20.494Z] > git remote --verbose [2ms]
[2022-07-21T23:11:20.515Z] > git config --get commit.template [1ms]
[2022-07-21T23:11:25.764Z] > git status -z -uall [223ms]
[2022-07-21T23:11:25.784Z] > git symbolic-ref --short HEAD [4ms]
[2022-07-21T23:11:25.805Z] > git for-each-ref --format=%(refname)%00%(upstream:short)%00%(objectname)%00%(upstream:track)%00%(upstream:remotename)%00%(upstream:remoteref) refs/heads/main refs/remotes/main [4ms]
[2022-07-21T23:11:25.823Z] > git for-each-ref --sort -committerdate --format %(refname) %(objectname) %(*objectname) [9ms]
[2022-07-21T23:11:25.825Z] > git remote --verbose [3ms]
[2022-07-21T23:11:25.839Z] > git config --get commit.template [5ms]
[2022-07-21T23:11:31.041Z] > git status -z -uall [180ms]
[2022-07-21T23:11:31.058Z] > git symbolic-ref --short HEAD [3ms]
[2022-07-21T23:11:31.067Z] > git for-each-ref --format=%(refname)%00%(upstream:short)%00%(objectname)%00%(upstream:track)%00%(upstream:remotename)%00%(upstream:remoteref) refs/heads/main refs/remotes/main [2ms]
[2022-07-21T23:11:31.084Z] > git for-each-ref --sort -committerdate --format %(refname) %(objectname) %(*objectname) [9ms]
[2022-07-21T23:11:31.084Z] > git remote --verbose [1ms]
[2022-07-21T23:11:31.110Z] > git config --get commit.template [6ms]
[2022-07-21T23:11:33.723Z] > git check-ignore -v -z --stdin [16ms]
[2022-07-21T23:11:36.282Z] > git status -z -uall [153ms]
[2022-07-21T23:11:36.289Z] > git symbolic-ref --short HEAD [2ms]
[2022-07-21T23:11:36.297Z] > git for-each-ref --format=%(refname)%00%(upstream:short)%00%(objectname)%00%(upstream:track)%00%(upstream:remotename)%00%(upstream:remoteref) refs/heads/main refs/remotes/main [2ms]
[2022-07-21T23:11:36.311Z] > git remote --verbose [1ms]
[2022-07-21T23:11:36.311Z] > git for-each-ref --sort -committerdate --format %(refname) %(objectname) %(*objectname) [7ms]
[2022-07-21T23:11:36.325Z] > git config --get commit.template [4ms]
[2022-07-21T23:11:39.646Z] > git check-ignore -v -z --stdin [12ms]
[2022-07-21T23:11:41.433Z] > git status -z -uall [85ms]
[2022-07-21T23:11:41.443Z] > git symbolic-ref --short HEAD [3ms]
[2022-07-21T23:11:41.453Z] > git for-each-ref --format=%(refname)%00%(upstream:short)%00%(objectname)%00%(upstream:track)%00%(upstream:remotename)%00%(upstream:remoteref) refs/heads/main refs/remotes/main [2ms]
[2022-07-21T23:11:41.467Z] > git for-each-ref --sort -committerdate --format %(refname) %(objectname) %(*objectname) [7ms]
[2022-07-21T23:11:41.468Z] > git remote --verbose [3ms]
[2022-07-21T23:11:41.478Z] > git config --get commit.template [2ms]
[2022-07-21T23:11:44.025Z] > git show --textconv :LC101/Fetch-and-JSON-Studio/index.html [25ms]
[2022-07-21T23:11:44.039Z] > git ls-files --stage -- /home/thebuffylow/LC101/Fetch-and-JSON-Studio/index.html [20ms]
[2022-07-21T23:11:46.636Z] > git status -z -uall [143ms]
[2022-07-21T23:11:46.643Z] > git symbolic-ref --short HEAD [1ms]
[2022-07-21T23:11:46.651Z] > git for-each-ref --format=%(refname)%00%(upstream:short)%00%(objectname)%00%(upstream:track)%00%(upstream:remotename)%00%(upstream:remoteref) refs/heads/main refs/remotes/main [2ms]
[2022-07-21T23:11:46.666Z] > git for-each-ref --sort -committerdate --format %(refname) %(objectname) %(*objectname) [7ms]
[2022-07-21T23:11:46.668Z] > git remote --verbose [4ms]
[2022-07-21T23:11:46.685Z] > git config --get commit.template [2ms]
[2022-07-21T23:11:51.863Z] > git status -z -uall [144ms]
[2022-07-21T23:11:51.871Z] > git symbolic-ref --short HEAD [2ms]
[2022-07-21T23:11:51.883Z] > git for-each-ref --format=%(refname)%00%(upstream:short)%00%(objectname)%00%(upstream:track)%00%(upstream:remotename)%00%(upstream:remoteref) refs/heads/main refs/remotes/main [2ms]
[2022-07-21T23:11:51.895Z] > git for-each-ref --sort -committerdate --format %(refname) %(objectname) %(*objectname) [7ms]
[2022-07-21T23:11:51.896Z] > git remote --verbose [3ms]
[2022-07-21T23:11:51.909Z] > git config --get commit.template [4ms]
[2022-07-21T23:38:08.928Z] > git status -z -uall [232ms]
[2022-07-21T23:38:08.940Z] > git symbolic-ref --short HEAD [4ms]
[2022-07-21T23:38:08.953Z] > git for-each-ref --format=%(refname)%00%(upstream:short)%00%(objectname)%00%(upstream:track)%00%(upstream:remotename)%00%(upstream:remoteref) refs/heads/main refs/remotes/main [5ms]
[2022-07-21T23:38:08.971Z] > git remote --verbose [2ms]
[2022-07-21T23:38:08.972Z] > git for-each-ref --sort -committerdate --format %(refname) %(objectname) %(*objectname) [11ms]
[2022-07-21T23:38:09.012Z] > git config --get commit.template [6ms]
[2022-07-21T23:38:14.111Z] > git status -z -uall [63ms]
[2022-07-21T23:38:14.119Z] > git symbolic-ref --short HEAD [3ms]
[2022-07-21T23:38:14.127Z] > git for-each-ref --format=%(refname)%00%(upstream:short)%00%(objectname)%00%(upstream:track)%00%(upstream:remotename)%00%(upstream:remoteref) refs/heads/main refs/remotes/main [2ms]
[2022-07-21T23:38:14.138Z] > git for-each-ref --sort -committerdate --format %(refname) %(objectname) %(*objectname) [6ms]
[2022-07-21T23:38:14.138Z] > git remote --verbose [1ms]
[2022-07-21T23:38:14.148Z] > git config --get commit.template [2ms]
[2022-07-21T23:38:19.247Z] > git status -z -uall [80ms]
[2022-07-21T23:38:19.253Z] > git symbolic-ref --short HEAD [1ms]
[2022-07-21T23:38:19.260Z] > git for-each-ref --format=%(refname)%00%(upstream:short)%00%(objectname)%00%(upstream:track)%00%(upstream:remotename)%00%(upstream:remoteref) refs/heads/main refs/remotes/main [2ms]
[2022-07-21T23:38:19.273Z] > git for-each-ref --sort -committerdate --format %(refname) %(objectname) %(*objectname) [6ms]
[2022-07-21T23:38:19.274Z] > git remote --verbose [2ms]
[2022-07-21T23:38:19.285Z] > git config --get commit.template [3ms]
[2022-07-21T23:38:24.410Z] > git status -z -uall [108ms]
[2022-07-21T23:38:24.417Z] > git symbolic-ref --short HEAD [1ms]
[2022-07-21T23:38:24.424Z] > git for-each-ref --format=%(refname)%00%(upstream:short)%00%(objectname)%00%(upstream:track)%00%(upstream:remotename)%00%(upstream:remoteref) refs/heads/main refs/remotes/main [3ms]
[2022-07-21T23:38:24.441Z] > git for-each-ref --sort -committerdate --format %(refname) %(objectname) %(*objectname) [12ms]
[2022-07-21T23:38:24.441Z] > git remote --verbose [1ms]
[2022-07-21T23:38:24.452Z] > git config --get commit.template [3ms]
[2022-07-21T23:38:32.295Z] > git status -z -uall [124ms]
[2022-07-21T23:38:32.343Z] > git symbolic-ref --short HEAD [12ms]
[2022-07-21T23:38:32.359Z] > git for-each-ref --format=%(refname)%00%(upstream:short)%00%(objectname)%00%(upstream:track)%00%(upstream:remotename)%00%(upstream:remoteref) refs/heads/main refs/remotes/main [6ms]
[2022-07-21T23:38:32.398Z] > git for-each-ref --sort -committerdate --format %(refname) %(objectname) %(*objectname) [13ms]
[2022-07-21T23:38:32.404Z] > git remote --verbose [7ms]
