[2022-08-05T07:07:52.455Z] Log level: Info
[2022-08-05T07:07:52.463Z] [info] Validating found git in: git
[2022-08-05T07:07:52.541Z] [info] Using git 2.30.2 from git
[2022-08-05T07:07:52.604Z] > git rev-parse --show-toplevel [10ms]
[2022-08-05T07:07:52.632Z] > git rev-parse --git-dir --git-common-dir [5ms]
[2022-08-05T07:07:52.636Z] [info] Open repository: /home/thebuffylow
[2022-08-05T07:07:54.475Z] > git status -z -uall [1816ms]
[2022-08-05T07:07:54.577Z] > git symbolic-ref --short HEAD [71ms]
[2022-08-05T07:07:54.635Z] > git for-each-ref --format=%(refname)%00%(upstream:short)%00%(objectname)%00%(upstream:track)%00%(upstream:remotename)%00%(upstream:remoteref) refs/heads/main refs/remotes/main [37ms]
[2022-08-05T07:07:54.734Z] > git for-each-ref --sort -committerdate --format %(refname) %(objectname) %(*objectname) [40ms]
[2022-08-05T07:07:54.790Z] > git remote --verbose [80ms]
[2022-08-05T07:07:54.854Z] > git config --get commit.template [8ms]
[2022-08-05T07:07:55.171Z] > git check-ignore -v -z --stdin [38ms]
[2022-08-05T07:07:55.506Z] > git show --textconv :js-assignment-6-orbit-report-buffylow/js-assignment-6-orbit-report-buffylow/src/app/app.component.html [125ms]
[2022-08-05T07:07:55.507Z] > git ls-files --stage -- /home/thebuffylow/js-assignment-6-orbit-report-buffylow/js-assignment-6-orbit-report-buffylow/src/app/app.component.html [86ms]
[2022-08-05T07:07:55.929Z] > git status -z -uall [1058ms]
[2022-08-05T07:07:55.980Z] > git symbolic-ref --short HEAD [40ms]
[2022-08-05T07:07:55.991Z] > git for-each-ref --format=%(refname)%00%(upstream:short)%00%(objectname)%00%(upstream:track)%00%(upstream:remotename)%00%(upstream:remoteref) refs/heads/main refs/remotes/main [4ms]
[2022-08-05T07:07:56.020Z] > git for-each-ref --sort -committerdate --format %(refname) %(objectname) %(*objectname) [17ms]
[2022-08-05T07:07:56.024Z] > git remote --verbose [6ms]
[2022-08-05T07:07:56.039Z] > git config --get commit.template [5ms]
[2022-08-05T07:09:48.314Z] > git status -z -uall [1607ms]
[2022-08-05T07:09:48.347Z] > git symbolic-ref --short HEAD [5ms]
[2022-08-05T07:09:48.371Z] > git for-each-ref --format=%(refname)%00%(upstream:short)%00%(objectname)%00%(upstream:track)%00%(upstream:remotename)%00%(upstream:remoteref) refs/heads/main refs/remotes/main [16ms]
[2022-08-05T07:09:48.387Z] > git for-each-ref --sort -committerdate --format %(refname) %(objectname) %(*objectname) [10ms]
[2022-08-05T07:09:48.388Z] > git remote --verbose [2ms]
[2022-08-05T07:09:48.405Z] > git config --get commit.template [2ms]
[2022-08-05T07:09:53.756Z] > git status -z -uall [339ms]
[2022-08-05T07:09:53.763Z] > git symbolic-ref --short HEAD [1ms]
[2022-08-05T07:09:53.771Z] > git for-each-ref --format=%(refname)%00%(upstream:short)%00%(objectname)%00%(upstream:track)%00%(upstream:remotename)%00%(upstream:remoteref) refs/heads/main refs/remotes/main [2ms]
[2022-08-05T07:09:53.782Z] > git for-each-ref --sort -committerdate --format %(refname) %(objectname) %(*objectname) [5ms]
[2022-08-05T07:09:53.783Z] > git remote --verbose [2ms]
[2022-08-05T07:09:53.796Z] > git config --get commit.template [4ms]
[2022-08-05T07:09:59.378Z] > git status -z -uall [548ms]
[2022-08-05T07:09:59.401Z] > git symbolic-ref --short HEAD [1ms]
[2022-08-05T07:09:59.424Z] > git for-each-ref --format=%(refname)%00%(upstream:short)%00%(objectname)%00%(upstream:track)%00%(upstream:remotename)%00%(upstream:remoteref) refs/heads/main refs/remotes/main [6ms]
[2022-08-05T07:09:59.440Z] > git for-each-ref --sort -committerdate --format %(refname) %(objectname) %(*objectname) [8ms]
[2022-08-05T07:09:59.441Z] > git remote --verbose [2ms]
[2022-08-05T07:09:59.455Z] > git config --get commit.template [3ms]
[2022-08-05T07:10:05.105Z] > git status -z -uall [636ms]
[2022-08-05T07:10:05.122Z] > git symbolic-ref --short HEAD [1ms]
[2022-08-05T07:10:05.143Z] > git for-each-ref --format=%(refname)%00%(upstream:short)%00%(objectname)%00%(upstream:track)%00%(upstream:remotename)%00%(upstream:remoteref) refs/heads/main refs/remotes/main [7ms]
[2022-08-05T07:10:05.163Z] > git for-each-ref --sort -committerdate --format %(refname) %(objectname) %(*objectname) [7ms]
[2022-08-05T07:10:05.172Z] > git remote --verbose [10ms]
[2022-08-05T07:10:05.204Z] > git config --get commit.template [3ms]
[2022-08-05T07:10:10.581Z] > git status -z -uall [367ms]
[2022-08-05T07:10:10.593Z] > git symbolic-ref --short HEAD [2ms]
[2022-08-05T07:10:10.617Z] > git for-each-ref --format=%(refname)%00%(upstream:short)%00%(objectname)%00%(upstream:track)%00%(upstream:remotename)%00%(upstream:remoteref) refs/heads/main refs/remotes/main [6ms]
[2022-08-05T07:10:10.637Z] > git for-each-ref --sort -committerdate --format %(refname) %(objectname) %(*objectname) [9ms]
[2022-08-05T07:10:10.638Z] > git remote --verbose [2ms]
[2022-08-05T07:10:10.658Z] > git config --get commit.template [6ms]
[2022-08-05T07:10:16.065Z] > git status -z -uall [384ms]
[2022-08-05T07:10:16.073Z] > git symbolic-ref --short HEAD [2ms]
[2022-08-05T07:10:16.081Z] > git for-each-ref --format=%(refname)%00%(upstream:short)%00%(objectname)%00%(upstream:track)%00%(upstream:remotename)%00%(upstream:remoteref) refs/heads/main refs/remotes/main [3ms]
[2022-08-05T07:10:16.094Z] > git for-each-ref --sort -committerdate --format %(refname) %(objectname) %(*objectname) [8ms]
[2022-08-05T07:10:16.094Z] > git remote --verbose [2ms]
[2022-08-05T07:10:16.105Z] > git config --get commit.template [2ms]
[2022-08-05T07:10:21.436Z] > git status -z -uall [301ms]
[2022-08-05T07:10:21.456Z] > git symbolic-ref --short HEAD [12ms]
[2022-08-05T07:10:21.472Z] > git for-each-ref --format=%(refname)%00%(upstream:short)%00%(objectname)%00%(upstream:track)%00%(upstream:remotename)%00%(upstream:remoteref) refs/heads/main refs/remotes/main [4ms]
[2022-08-05T07:10:21.488Z] > git for-each-ref --sort -committerdate --format %(refname) %(objectname) %(*objectname) [8ms]
[2022-08-05T07:10:21.488Z] > git remote --verbose [2ms]
[2022-08-05T07:10:21.501Z] > git config --get commit.template [2ms]
[2022-08-05T07:10:26.842Z] > git status -z -uall [320ms]
[2022-08-05T07:10:26.854Z] > git symbolic-ref --short HEAD [1ms]
[2022-08-05T07:10:26.862Z] > git for-each-ref --format=%(refname)%00%(upstream:short)%00%(objectname)%00%(upstream:track)%00%(upstream:remotename)%00%(upstream:remoteref) refs/heads/main refs/remotes/main [2ms]
[2022-08-05T07:10:26.874Z] > git for-each-ref --sort -committerdate --format %(refname) %(objectname) %(*objectname) [6ms]
[2022-08-05T07:10:26.874Z] > git remote --verbose [1ms]
[2022-08-05T07:10:26.886Z] > git config --get commit.template [3ms]
[2022-08-05T07:10:32.203Z] > git status -z -uall [301ms]
[2022-08-05T07:10:32.212Z] > git symbolic-ref --short HEAD [3ms]
[2022-08-05T07:10:32.229Z] > git for-each-ref --format=%(refname)%00%(upstream:short)%00%(objectname)%00%(upstream:track)%00%(upstream:remotename)%00%(upstream:remoteref) refs/heads/main refs/remotes/main [6ms]
[2022-08-05T07:10:32.241Z] > git for-each-ref --sort -committerdate --format %(refname) %(objectname) %(*objectname) [7ms]
[2022-08-05T07:10:32.242Z] > git remote --verbose [3ms]
[2022-08-05T07:10:32.254Z] > git config --get commit.template [4ms]
[2022-08-05T07:10:37.573Z] > git status -z -uall [298ms]
[2022-08-05T07:10:37.587Z] > git symbolic-ref --short HEAD [6ms]
[2022-08-05T07:10:37.598Z] > git for-each-ref --format=%(refname)%00%(upstream:short)%00%(objectname)%00%(upstream:track)%00%(upstream:remotename)%00%(upstream:remoteref) refs/heads/main refs/remotes/main [5ms]
[2022-08-05T07:10:37.614Z] > git for-each-ref --sort -committerdate --format %(refname) %(objectname) %(*objectname) [6ms]
[2022-08-05T07:10:37.614Z] > git remote --verbose [1ms]
[2022-08-05T07:10:37.626Z] > git config --get commit.template [2ms]
[2022-08-05T07:10:42.945Z] > git status -z -uall [294ms]
[2022-08-05T07:10:42.952Z] > git symbolic-ref --short HEAD [1ms]
[2022-08-05T07:10:42.962Z] > git for-each-ref --format=%(refname)%00%(upstream:short)%00%(objectname)%00%(upstream:track)%00%(upstream:remotename)%00%(upstream:remoteref) refs/heads/main refs/remotes/main [4ms]
[2022-08-05T07:10:42.980Z] > git remote --verbose [1ms]
[2022-08-05T07:10:42.981Z] > git for-each-ref --sort -committerdate --format %(refname) %(objectname) %(*objectname) [14ms]
[2022-08-05T07:10:42.992Z] > git config --get commit.template [3ms]
[2022-08-05T07:10:48.307Z] > git status -z -uall [304ms]
[2022-08-05T07:10:48.325Z] > git symbolic-ref --short HEAD [6ms]
[2022-08-05T07:10:48.332Z] > git for-each-ref --format=%(refname)%00%(upstream:short)%00%(objectname)%00%(upstream:track)%00%(upstream:remotename)%00%(upstream:remoteref) refs/heads/main refs/remotes/main [2ms]
[2022-08-05T07:10:48.343Z] > git for-each-ref --sort -committerdate --format %(refname) %(objectname) %(*objectname) [6ms]
[2022-08-05T07:10:48.344Z] > git remote --verbose [2ms]
[2022-08-05T07:10:48.355Z] > git config --get commit.template [4ms]
[2022-08-05T07:10:53.686Z] > git status -z -uall [313ms]
[2022-08-05T07:10:53.694Z] > git symbolic-ref --short HEAD [2ms]
[2022-08-05T07:10:53.703Z] > git for-each-ref --format=%(refname)%00%(upstream:short)%00%(objectname)%00%(upstream:track)%00%(upstream:remotename)%00%(upstream:remoteref) refs/heads/main refs/remotes/main [3ms]
[2022-08-05T07:10:53.721Z] > git for-each-ref --sort -committerdate --format %(refname) %(objectname) %(*objectname) [6ms]
[2022-08-05T07:10:53.722Z] > git remote --verbose [2ms]
[2022-08-05T07:10:53.735Z] > git config --get commit.template [3ms]
[2022-08-05T07:10:59.090Z] > git status -z -uall [334ms]
[2022-08-05T07:10:59.097Z] > git symbolic-ref --short HEAD [2ms]
[2022-08-05T07:10:59.105Z] > git for-each-ref --format=%(refname)%00%(upstream:short)%00%(objectname)%00%(upstream:track)%00%(upstream:remotename)%00%(upstream:remoteref) refs/heads/main refs/remotes/main [2ms]
[2022-08-05T07:10:59.117Z] > git for-each-ref --sort -committerdate --format %(refname) %(objectname) %(*objectname) [6ms]
[2022-08-05T07:10:59.117Z] > git remote --verbose [2ms]
[2022-08-05T07:10:59.129Z] > git config --get commit.template [2ms]
[2022-08-05T07:11:04.437Z] > git status -z -uall [297ms]
[2022-08-05T07:11:04.446Z] > git symbolic-ref --short HEAD [0ms]
[2022-08-05T07:11:04.463Z] > git for-each-ref --format=%(refname)%00%(upstream:short)%00%(objectname)%00%(upstream:track)%00%(upstream:remotename)%00%(upstream:remoteref) refs/heads/main refs/remotes/main [4ms]
[2022-08-05T07:11:04.486Z] > git for-each-ref --sort -committerdate --format %(refname) %(objectname) %(*objectname) [16ms]
[2022-08-05T07:11:04.487Z] > git remote --verbose [7ms]
[2022-08-05T07:11:04.497Z] > git config --get commit.template [1ms]
[2022-08-05T07:11:09.807Z] > git status -z -uall [295ms]
[2022-08-05T07:11:09.815Z] > git symbolic-ref --short HEAD [2ms]
[2022-08-05T07:11:09.825Z] > git for-each-ref --format=%(refname)%00%(upstream:short)%00%(objectname)%00%(upstream:track)%00%(upstream:remotename)%00%(upstream:remoteref) refs/heads/main refs/remotes/main [4ms]
[2022-08-05T07:11:09.843Z] > git remote --verbose [6ms]
[2022-08-05T07:11:09.844Z] > git for-each-ref --sort -committerdate --format %(refname) %(objectname) %(*objectname) [14ms]
[2022-08-05T07:11:09.855Z] > git config --get commit.template [4ms]
[2022-08-05T07:11:15.160Z] > git status -z -uall [295ms]
[2022-08-05T07:11:15.170Z] > git symbolic-ref --short HEAD [5ms]
[2022-08-05T07:11:15.179Z] > git for-each-ref --format=%(refname)%00%(upstream:short)%00%(objectname)%00%(upstream:track)%00%(upstream:remotename)%00%(upstream:remoteref) refs/heads/main refs/remotes/main [3ms]
[2022-08-05T07:11:15.196Z] > git for-each-ref --sort -committerdate --format %(refname) %(objectname) %(*objectname) [6ms]
[2022-08-05T07:11:15.197Z] > git remote --verbose [2ms]
[2022-08-05T07:11:15.212Z] > git config --get commit.template [4ms]
[2022-08-05T07:11:20.546Z] > git status -z -uall [322ms]
[2022-08-05T07:11:20.559Z] > git symbolic-ref --short HEAD [5ms]
[2022-08-05T07:11:20.570Z] > git for-each-ref --format=%(refname)%00%(upstream:short)%00%(objectname)%00%(upstream:track)%00%(upstream:remotename)%00%(upstream:remoteref) refs/heads/main refs/remotes/main [4ms]
[2022-08-05T07:11:20.583Z] > git for-each-ref --sort -committerdate --format %(refname) %(objectname) %(*objectname) [7ms]
[2022-08-05T07:11:20.583Z] > git remote --verbose [1ms]
[2022-08-05T07:11:20.595Z] > git config --get commit.template [3ms]
[2022-08-05T07:11:25.894Z] > git status -z -uall [293ms]
[2022-08-05T07:11:25.901Z] > git symbolic-ref --short HEAD [2ms]
[2022-08-05T07:11:25.912Z] > git for-each-ref --format=%(refname)%00%(upstream:short)%00%(objectname)%00%(upstream:track)%00%(upstream:remotename)%00%(upstream:remoteref) refs/heads/main refs/remotes/main [6ms]
[2022-08-05T07:11:25.929Z] > git for-each-ref --sort -committerdate --format %(refname) %(objectname) %(*objectname) [11ms]
[2022-08-05T07:11:25.932Z] > git remote --verbose [5ms]
[2022-08-05T07:11:25.950Z] > git config --get commit.template [3ms]
[2022-08-05T07:11:31.337Z] > git status -z -uall [380ms]
[2022-08-05T07:11:31.344Z] > git symbolic-ref --short HEAD [1ms]
[2022-08-05T07:11:31.353Z] > git for-each-ref --format=%(refname)%00%(upstream:short)%00%(objectname)%00%(upstream:track)%00%(upstream:remotename)%00%(upstream:remoteref) refs/heads/main refs/remotes/main [3ms]
[2022-08-05T07:11:31.365Z] > git for-each-ref --sort -committerdate --format %(refname) %(objectname) %(*objectname) [6ms]
[2022-08-05T07:11:31.365Z] > git remote --verbose [1ms]
[2022-08-05T07:11:31.377Z] > git config --get commit.template [1ms]
[2022-08-05T07:11:36.700Z] > git status -z -uall [299ms]
[2022-08-05T07:11:36.711Z] > git symbolic-ref --short HEAD [5ms]
[2022-08-05T07:11:36.729Z] > git for-each-ref --format=%(refname)%00%(upstream:short)%00%(objectname)%00%(upstream:track)%00%(upstream:remotename)%00%(upstream:remoteref) refs/heads/main refs/remotes/main [5ms]
[2022-08-05T07:11:36.742Z] > git for-each-ref --sort -committerdate --format %(refname) %(objectname) %(*objectname) [8ms]
[2022-08-05T07:11:36.743Z] > git remote --verbose [2ms]
[2022-08-05T07:11:36.756Z] > git config --get commit.template [4ms]
[2022-08-05T07:11:42.183Z] > git status -z -uall [410ms]
[2022-08-05T07:11:42.204Z] > git symbolic-ref --short HEAD [7ms]
[2022-08-05T07:11:42.224Z] > git for-each-ref --format=%(refname)%00%(upstream:short)%00%(objectname)%00%(upstream:track)%00%(upstream:remotename)%00%(upstream:remoteref) refs/heads/main refs/remotes/main [7ms]
[2022-08-05T07:11:42.281Z] > git remote --verbose [2ms]
[2022-08-05T07:11:42.282Z] > git for-each-ref --sort -committerdate --format %(refname) %(objectname) %(*objectname) [50ms]
[2022-08-05T07:11:42.310Z] > git config --get commit.template [4ms]
[2022-08-05T07:11:47.670Z] > git status -z -uall [323ms]
[2022-08-05T07:11:47.677Z] > git symbolic-ref --short HEAD [2ms]
[2022-08-05T07:11:47.685Z] > git for-each-ref --format=%(refname)%00%(upstream:short)%00%(objectname)%00%(upstream:track)%00%(upstream:remotename)%00%(upstream:remoteref) refs/heads/main refs/remotes/main [3ms]
[2022-08-05T07:11:47.697Z] > git for-each-ref --sort -committerdate --format %(refname) %(objectname) %(*objectname) [7ms]
[2022-08-05T07:11:47.697Z] > git remote --verbose [1ms]
[2022-08-05T07:11:47.710Z] > git config --get commit.template [3ms]
[2022-08-05T07:11:53.082Z] > git status -z -uall [346ms]
[2022-08-05T07:11:53.090Z] > git symbolic-ref --short HEAD [3ms]
[2022-08-05T07:11:53.099Z] > git for-each-ref --format=%(refname)%00%(upstream:short)%00%(objectname)%00%(upstream:track)%00%(upstream:remotename)%00%(upstream:remoteref) refs/heads/main refs/remotes/main [4ms]
[2022-08-05T07:11:53.110Z] > git for-each-ref --sort -committerdate --format %(refname) %(objectname) %(*objectname) [6ms]
[2022-08-05T07:11:53.114Z] > git remote --verbose [4ms]
[2022-08-05T07:11:53.126Z] > git config --get commit.template [4ms]
[2022-08-05T07:11:56.127Z] > git ls-files --stage -- /home/thebuffylow/js-assignment-6-orbit-report-buffylow/js-assignment-6-orbit-report-buffylow/src/app/app.component.html [7ms]
[2022-08-05T07:11:56.146Z] > git show --textconv :js-assignment-6-orbit-report-buffylow/js-assignment-6-orbit-report-buffylow/src/app/app.component.html [8ms]
[2022-08-05T07:11:58.438Z] > git status -z -uall [295ms]
[2022-08-05T07:11:58.448Z] > git symbolic-ref --short HEAD [5ms]
[2022-08-05T07:11:58.457Z] > git for-each-ref --format=%(refname)%00%(upstream:short)%00%(objectname)%00%(upstream:track)%00%(upstream:remotename)%00%(upstream:remoteref) refs/heads/main refs/remotes/main [4ms]
[2022-08-05T07:11:58.476Z] > git for-each-ref --sort -committerdate --format %(refname) %(objectname) %(*objectname) [12ms]
[2022-08-05T07:11:58.477Z] > git remote --verbose [3ms]
[2022-08-05T07:11:58.494Z] > git config --get commit.template [6ms]
[2022-08-05T07:12:00.020Z] > git ls-files --stage -- /home/thebuffylow/js-assignment-6-orbit-report-buffylow/js-assignment-6-orbit-report-buffylow/src/app/app.component.html [12ms]
[2022-08-05T07:12:00.037Z] > git show --textconv :js-assignment-6-orbit-report-buffylow/js-assignment-6-orbit-report-buffylow/src/app/app.component.html [7ms]
[2022-08-05T07:12:03.873Z] > git status -z -uall [358ms]
[2022-08-05T07:12:03.891Z] > git symbolic-ref --short HEAD [5ms]
[2022-08-05T07:12:03.903Z] > git for-each-ref --format=%(refname)%00%(upstream:short)%00%(objectname)%00%(upstream:track)%00%(upstream:remotename)%00%(upstream:remoteref) refs/heads/main refs/remotes/main [2ms]
[2022-08-05T07:12:03.916Z] > git for-each-ref --sort -committerdate --format %(refname) %(objectname) %(*objectname) [7ms]
[2022-08-05T07:12:03.916Z] > git remote --verbose [1ms]
[2022-08-05T07:12:03.926Z] > git config --get commit.template [2ms]
[2022-08-05T07:12:05.027Z] > git ls-files --stage -- /home/thebuffylow/js-assignment-6-orbit-report-buffylow/js-assignment-6-orbit-report-buffylow/src/app/app.component.html [10ms]
[2022-08-05T07:12:05.047Z] > git show --textconv :js-assignment-6-orbit-report-buffylow/js-assignment-6-orbit-report-buffylow/src/app/app.component.html [9ms]
[2022-08-05T07:12:09.278Z] > git status -z -uall [328ms]
[2022-08-05T07:12:09.284Z] > git symbolic-ref --short HEAD [1ms]
[2022-08-05T07:12:09.292Z] > git for-each-ref --format=%(refname)%00%(upstream:short)%00%(objectname)%00%(upstream:track)%00%(upstream:remotename)%00%(upstream:remoteref) refs/heads/main refs/remotes/main [2ms]
[2022-08-05T07:12:09.303Z] > git for-each-ref --sort -committerdate --format %(refname) %(objectname) %(*objectname) [6ms]
[2022-08-05T07:12:09.304Z] > git remote --verbose [2ms]
[2022-08-05T07:12:09.315Z] > git config --get commit.template [1ms]
[2022-08-05T07:12:14.653Z] > git status -z -uall [313ms]
[2022-08-05T07:12:14.663Z] > git symbolic-ref --short HEAD [4ms]
[2022-08-05T07:12:14.674Z] > git for-each-ref --format=%(refname)%00%(upstream:short)%00%(objectname)%00%(upstream:track)%00%(upstream:remotename)%00%(upstream:remoteref) refs/heads/main refs/remotes/main [3ms]
[2022-08-05T07:12:14.685Z] > git for-each-ref --sort -committerdate --format %(refname) %(objectname) %(*objectname) [6ms]
[2022-08-05T07:12:14.686Z] > git remote --verbose [2ms]
[2022-08-05T07:12:14.697Z] > git config --get commit.template [2ms]
[2022-08-05T07:12:17.497Z] > git ls-files --stage -- /home/thebuffylow/js-assignment-6-orbit-report-buffylow/js-assignment-6-orbit-report-buffylow/src/app/app.component.html [10ms]
[2022-08-05T07:12:17.512Z] > git show --textconv :js-assignment-6-orbit-report-buffylow/js-assignment-6-orbit-report-buffylow/src/app/app.component.html [6ms]
[2022-08-05T07:12:20.123Z] > git status -z -uall [408ms]
[2022-08-05T07:12:20.131Z] > git symbolic-ref --short HEAD [1ms]
[2022-08-05T07:12:20.138Z] > git for-each-ref --format=%(refname)%00%(upstream:short)%00%(objectname)%00%(upstream:track)%00%(upstream:remotename)%00%(upstream:remoteref) refs/heads/main refs/remotes/main [2ms]
[2022-08-05T07:12:20.149Z] > git for-each-ref --sort -committerdate --format %(refname) %(objectname) %(*objectname) [6ms]
[2022-08-05T07:12:20.149Z] > git remote --verbose [1ms]
[2022-08-05T07:12:20.160Z] > git config --get commit.template [3ms]
[2022-08-05T07:12:25.587Z] > git status -z -uall [404ms]
[2022-08-05T07:12:25.611Z] > git symbolic-ref --short HEAD [17ms]
[2022-08-05T07:12:25.625Z] > git for-each-ref --format=%(refname)%00%(upstream:short)%00%(objectname)%00%(upstream:track)%00%(upstream:remotename)%00%(upstream:remoteref) refs/heads/main refs/remotes/main [4ms]
[2022-08-05T07:12:25.643Z] > git for-each-ref --sort -committerdate --format %(refname) %(objectname) %(*objectname) [12ms]
[2022-08-05T07:12:25.647Z] > git remote --verbose [5ms]
[2022-08-05T07:12:25.659Z] > git config --get commit.template [2ms]
[2022-08-05T07:12:30.968Z] > git status -z -uall [302ms]
[2022-08-05T07:12:30.989Z] > git symbolic-ref --short HEAD [14ms]
[2022-08-05T07:12:31.005Z] > git for-each-ref --format=%(refname)%00%(upstream:short)%00%(objectname)%00%(upstream:track)%00%(upstream:remotename)%00%(upstream:remoteref) refs/heads/main refs/remotes/main [2ms]
[2022-08-05T07:12:31.017Z] > git for-each-ref --sort -committerdate --format %(refname) %(objectname) %(*objectname) [6ms]
[2022-08-05T07:12:31.018Z] > git remote --verbose [2ms]
[2022-08-05T07:12:31.030Z] > git config --get commit.template [2ms]
[2022-08-05T07:12:31.696Z] > git ls-files --stage -- /home/thebuffylow/js-assignment-6-orbit-report-buffylow/js-assignment-6-orbit-report-buffylow/src/app/app.component.html [8ms]
[2022-08-05T07:12:31.713Z] > git show --textconv :js-assignment-6-orbit-report-buffylow/js-assignment-6-orbit-report-buffylow/src/app/app.component.html [7ms]
[2022-08-05T07:12:36.542Z] > git status -z -uall [476ms]
[2022-08-05T07:12:36.549Z] > git symbolic-ref --short HEAD [1ms]
[2022-08-05T07:12:36.558Z] > git for-each-ref --format=%(refname)%00%(upstream:short)%00%(objectname)%00%(upstream:track)%00%(upstream:remotename)%00%(upstream:remoteref) refs/heads/main refs/remotes/main [3ms]
[2022-08-05T07:12:36.570Z] > git for-each-ref --sort -committerdate --format %(refname) %(objectname) %(*objectname) [7ms]
[2022-08-05T07:12:36.570Z] > git remote --verbose [1ms]
[2022-08-05T07:12:36.579Z] > git config --get commit.template [1ms]
[2022-08-05T07:12:42.097Z] > git status -z -uall [509ms]
[2022-08-05T07:12:42.119Z] > git symbolic-ref --short HEAD [7ms]
[2022-08-05T07:12:42.133Z] > git for-each-ref --format=%(refname)%00%(upstream:short)%00%(objectname)%00%(upstream:track)%00%(upstream:remotename)%00%(upstream:remoteref) refs/heads/main refs/remotes/main [4ms]
[2022-08-05T07:12:42.148Z] > git for-each-ref --sort -committerdate --format %(refname) %(objectname) %(*objectname) [8ms]
[2022-08-05T07:12:42.148Z] > git remote --verbose [1ms]
[2022-08-05T07:12:42.159Z] > git config --get commit.template [1ms]
[2022-08-05T07:12:47.693Z] > git status -z -uall [508ms]
[2022-08-05T07:12:47.706Z] > git symbolic-ref --short HEAD [5ms]
[2022-08-05T07:12:47.714Z] > git for-each-ref --format=%(refname)%00%(upstream:short)%00%(objectname)%00%(upstream:track)%00%(upstream:remotename)%00%(upstream:remoteref) refs/heads/main refs/remotes/main [2ms]
[2022-08-05T07:12:47.728Z] > git for-each-ref --sort -committerdate --format %(refname) %(objectname) %(*objectname) [7ms]
[2022-08-05T07:12:47.728Z] > git remote --verbose [1ms]
[2022-08-05T07:12:47.740Z] > git config --get commit.template [3ms]
[2022-08-05T07:12:53.217Z] > git status -z -uall [464ms]
[2022-08-05T07:12:53.250Z] > git symbolic-ref --short HEAD [7ms]
[2022-08-05T07:12:53.300Z] > git for-each-ref --format=%(refname)%00%(upstream:short)%00%(objectname)%00%(upstream:track)%00%(upstream:remotename)%00%(upstream:remoteref) refs/heads/main refs/remotes/main [19ms]
[2022-08-05T07:12:53.359Z] > git remote --verbose [6ms]
[2022-08-05T07:12:53.360Z] > git for-each-ref --sort -committerdate --format %(refname) %(objectname) %(*objectname) [37ms]
[2022-08-05T07:12:53.376Z] > git config --get commit.template [4ms]
[2022-08-05T07:12:58.528Z] > git ls-files --stage -- /home/thebuffylow/js-assignment-6-orbit-report-buffylow/js-assignment-6-orbit-report-buffylow/src/app/app.component.html [16ms]
[2022-08-05T07:12:58.554Z] > git show --textconv :js-assignment-6-orbit-report-buffylow/js-assignment-6-orbit-report-buffylow/src/app/app.component.html [10ms]
[2022-08-05T07:12:58.906Z] > git status -z -uall [500ms]
[2022-08-05T07:12:58.915Z] > git symbolic-ref --short HEAD [1ms]
[2022-08-05T07:12:58.925Z] > git for-each-ref --format=%(refname)%00%(upstream:short)%00%(objectname)%00%(upstream:track)%00%(upstream:remotename)%00%(upstream:remoteref) refs/heads/main refs/remotes/main [4ms]
[2022-08-05T07:12:58.939Z] > git for-each-ref --sort -committerdate --format %(refname) %(objectname) %(*objectname) [8ms]
[2022-08-05T07:12:58.940Z] > git remote --verbose [2ms]
[2022-08-05T07:12:58.956Z] > git config --get commit.template [2ms]
[2022-08-05T07:13:04.495Z] > git status -z -uall [506ms]
[2022-08-05T07:13:04.502Z] > git symbolic-ref --short HEAD [1ms]
[2022-08-05T07:13:04.511Z] > git for-each-ref --format=%(refname)%00%(upstream:short)%00%(objectname)%00%(upstream:track)%00%(upstream:remotename)%00%(upstream:remoteref) refs/heads/main refs/remotes/main [3ms]
[2022-08-05T07:13:04.522Z] > git for-each-ref --sort -committerdate --format %(refname) %(objectname) %(*objectname) [6ms]
[2022-08-05T07:13:04.522Z] > git remote --verbose [1ms]
[2022-08-05T07:13:04.537Z] > git config --get commit.template [4ms]
[2022-08-05T07:13:09.911Z] > git status -z -uall [365ms]
[2022-08-05T07:13:09.919Z] > git symbolic-ref --short HEAD [1ms]
[2022-08-05T07:13:09.927Z] > git for-each-ref --format=%(refname)%00%(upstream:short)%00%(objectname)%00%(upstream:track)%00%(upstream:remotename)%00%(upstream:remoteref) refs/heads/main refs/remotes/main [2ms]
[2022-08-05T07:13:09.938Z] > git for-each-ref --sort -committerdate --format %(refname) %(objectname) %(*objectname) [6ms]
[2022-08-05T07:13:09.939Z] > git remote --verbose [2ms]
[2022-08-05T07:13:09.950Z] > git config --get commit.template [2ms]
[2022-08-05T07:13:15.461Z] > git status -z -uall [492ms]
[2022-08-05T07:13:15.469Z] > git symbolic-ref --short HEAD [2ms]
[2022-08-05T07:13:15.477Z] > git for-each-ref --format=%(refname)%00%(upstream:short)%00%(objectname)%00%(upstream:track)%00%(upstream:remotename)%00%(upstream:remoteref) refs/heads/main refs/remotes/main [3ms]
[2022-08-05T07:13:15.490Z] > git for-each-ref --sort -committerdate --format %(refname) %(objectname) %(*objectname) [7ms]
[2022-08-05T07:13:15.491Z] > git remote --verbose [2ms]
[2022-08-05T07:13:15.505Z] > git config --get commit.template [2ms]
[2022-08-05T07:13:23.140Z] > git status -z -uall [570ms]
[2022-08-05T07:13:23.150Z] > git symbolic-ref --short HEAD [4ms]
[2022-08-05T07:13:23.201Z] > git for-each-ref --format=%(refname)%00%(upstream:short)%00%(objectname)%00%(upstream:track)%00%(upstream:remotename)%00%(upstream:remoteref) refs/heads/main refs/remotes/main [13ms]
[2022-08-05T07:13:23.234Z] > git for-each-ref --sort -committerdate --format %(refname) %(objectname) %(*objectname) [12ms]
[2022-08-05T07:13:23.240Z] > git remote --verbose [8ms]
[2022-08-05T07:13:23.261Z] > git config --get commit.template [9ms]
[2022-08-05T07:13:26.525Z] > git show --textconv :js-assignment-6-orbit-report-buffylow/js-assignment-6-orbit-report-buffylow/src/app/app.component.ts [74ms]
[2022-08-05T07:13:26.537Z] > git ls-files --stage -- /home/thebuffylow/js-assignment-6-orbit-report-buffylow/js-assignment-6-orbit-report-buffylow/src/app/app.component.ts [61ms]
[2022-08-05T07:13:30.335Z] > git status -z -uall [2040ms]
[2022-08-05T07:13:30.351Z] > git symbolic-ref --short HEAD [7ms]
[2022-08-05T07:13:30.360Z] > git for-each-ref --format=%(refname)%00%(upstream:short)%00%(objectname)%00%(upstream:track)%00%(upstream:remotename)%00%(upstream:remoteref) refs/heads/main refs/remotes/main [4ms]
[2022-08-05T07:13:30.387Z] > git for-each-ref --sort -committerdate --format %(refname) %(objectname) %(*objectname) [17ms]
[2022-08-05T07:13:30.392Z] > git remote --verbose [9ms]
[2022-08-05T07:13:30.425Z] > git config --get commit.template [8ms]
[2022-08-05T07:13:36.289Z] > git status -z -uall [851ms]
[2022-08-05T07:13:36.306Z] > git symbolic-ref --short HEAD [7ms]
[2022-08-05T07:13:36.330Z] > git for-each-ref --format=%(refname)%00%(upstream:short)%00%(objectname)%00%(upstream:track)%00%(upstream:remotename)%00%(upstream:remoteref) refs/heads/main refs/remotes/main [4ms]
[2022-08-05T07:13:36.359Z] > git for-each-ref --sort -committerdate --format %(refname) %(objectname) %(*objectname) [17ms]
[2022-08-05T07:13:36.364Z] > git remote --verbose [14ms]
[2022-08-05T07:13:36.405Z] > git config --get commit.template [14ms]
[2022-08-05T07:13:41.781Z] > git status -z -uall [341ms]
[2022-08-05T07:13:41.788Z] > git symbolic-ref --short HEAD [1ms]
[2022-08-05T07:13:41.798Z] > git for-each-ref --format=%(refname)%00%(upstream:short)%00%(objectname)%00%(upstream:track)%00%(upstream:remotename)%00%(upstream:remoteref) refs/heads/main refs/remotes/main [3ms]
[2022-08-05T07:13:41.843Z] > git remote --verbose [28ms]
[2022-08-05T07:13:41.844Z] > git for-each-ref --sort -committerdate --format %(refname) %(objectname) %(*objectname) [34ms]
[2022-08-05T07:13:41.856Z] > git config --get commit.template [2ms]
[2022-08-05T07:13:46.632Z] > git ls-files --stage -- /home/thebuffylow/js-assignment-6-orbit-report-buffylow/js-assignment-6-orbit-report-buffylow/src/app/app.component.ts [17ms]
[2022-08-05T07:13:46.661Z] > git show --textconv :js-assignment-6-orbit-report-buffylow/js-assignment-6-orbit-report-buffylow/src/app/app.component.ts [12ms]
[2022-08-05T07:13:47.219Z] > git status -z -uall [336ms]
[2022-08-05T07:13:47.226Z] > git symbolic-ref --short HEAD [1ms]
[2022-08-05T07:13:47.236Z] > git for-each-ref --format=%(refname)%00%(upstream:short)%00%(objectname)%00%(upstream:track)%00%(upstream:remotename)%00%(upstream:remoteref) refs/heads/main refs/remotes/main [3ms]
[2022-08-05T07:13:47.255Z] > git for-each-ref --sort -committerdate --format %(refname) %(objectname) %(*objectname) [13ms]
[2022-08-05T07:13:47.256Z] > git remote --verbose [5ms]
[2022-08-05T07:13:47.279Z] > git config --get commit.template [9ms]
[2022-08-05T07:13:52.717Z] > git status -z -uall [417ms]
[2022-08-05T07:13:52.724Z] > git symbolic-ref --short HEAD [1ms]
[2022-08-05T07:13:52.732Z] > git for-each-ref --format=%(refname)%00%(upstream:short)%00%(objectname)%00%(upstream:track)%00%(upstream:remotename)%00%(upstream:remoteref) refs/heads/main refs/remotes/main [2ms]
[2022-08-05T07:13:52.743Z] > git for-each-ref --sort -committerdate --format %(refname) %(objectname) %(*objectname) [6ms]
[2022-08-05T07:13:52.745Z] > git remote --verbose [3ms]
[2022-08-05T07:13:52.755Z] > git config --get commit.template [1ms]
[2022-08-05T07:13:58.124Z] > git status -z -uall [353ms]
[2022-08-05T07:13:58.131Z] > git symbolic-ref --short HEAD [2ms]
[2022-08-05T07:13:58.140Z] > git for-each-ref --format=%(refname)%00%(upstream:short)%00%(objectname)%00%(upstream:track)%00%(upstream:remotename)%00%(upstream:remoteref) refs/heads/main refs/remotes/main [3ms]
[2022-08-05T07:13:58.158Z] > git remote --verbose [3ms]
[2022-08-05T07:13:58.158Z] > git for-each-ref --sort -committerdate --format %(refname) %(objectname) %(*objectname) [11ms]
[2022-08-05T07:13:58.182Z] > git config --get commit.template [9ms]
[2022-08-05T07:14:03.593Z] > git status -z -uall [398ms]
[2022-08-05T07:14:03.602Z] > git symbolic-ref --short HEAD [1ms]
[2022-08-05T07:14:03.611Z] > git for-each-ref --format=%(refname)%00%(upstream:short)%00%(objectname)%00%(upstream:track)%00%(upstream:remotename)%00%(upstream:remoteref) refs/heads/main refs/remotes/main [2ms]
[2022-08-05T07:14:03.624Z] > git for-each-ref --sort -committerdate --format %(refname) %(objectname) %(*objectname) [6ms]
[2022-08-05T07:14:03.624Z] > git remote --verbose [1ms]
[2022-08-05T07:14:03.636Z] > git config --get commit.template [1ms]
[2022-08-05T07:14:08.121Z] > git ls-files --stage -- /home/thebuffylow/js-assignment-6-orbit-report-buffylow/js-assignment-6-orbit-report-buffylow/src/app/app.component.ts [41ms]
[2022-08-05T07:14:08.158Z] > git show --textconv :js-assignment-6-orbit-report-buffylow/js-assignment-6-orbit-report-buffylow/src/app/app.component.ts [13ms]
[2022-08-05T07:14:09.079Z] > git status -z -uall [428ms]
[2022-08-05T07:14:09.088Z] > git symbolic-ref --short HEAD [2ms]
[2022-08-05T07:14:09.099Z] > git for-each-ref --format=%(refname)%00%(upstream:short)%00%(objectname)%00%(upstream:track)%00%(upstream:remotename)%00%(upstream:remoteref) refs/heads/main refs/remotes/main [3ms]
[2022-08-05T07:14:09.115Z] > git for-each-ref --sort -committerdate --format %(refname) %(objectname) %(*objectname) [9ms]
[2022-08-05T07:14:09.115Z] > git remote --verbose [2ms]
[2022-08-05T07:14:09.136Z] > git config --get commit.template [8ms]
[2022-08-05T07:14:14.509Z] > git status -z -uall [348ms]
[2022-08-05T07:14:14.517Z] > git symbolic-ref --short HEAD [1ms]
[2022-08-05T07:14:14.525Z] > git for-each-ref --format=%(refname)%00%(upstream:short)%00%(objectname)%00%(upstream:track)%00%(upstream:remotename)%00%(upstream:remoteref) refs/heads/main refs/remotes/main [2ms]
[2022-08-05T07:14:14.537Z] > git for-each-ref --sort -committerdate --format %(refname) %(objectname) %(*objectname) [6ms]
[2022-08-05T07:14:14.537Z] > git remote --verbose [1ms]
[2022-08-05T07:14:14.549Z] > git config --get commit.template [2ms]
[2022-08-05T07:14:20.038Z] > git status -z -uall [462ms]
[2022-08-05T07:14:20.046Z] > git symbolic-ref --short HEAD [2ms]
[2022-08-05T07:14:20.053Z] > git for-each-ref --format=%(refname)%00%(upstream:short)%00%(objectname)%00%(upstream:track)%00%(upstream:remotename)%00%(upstream:remoteref) refs/heads/main refs/remotes/main [2ms]
[2022-08-05T07:14:20.066Z] > git for-each-ref --sort -committerdate --format %(refname) %(objectname) %(*objectname) [7ms]
[2022-08-05T07:14:20.066Z] > git remote --verbose [1ms]
[2022-08-05T07:14:20.080Z] > git config --get commit.template [2ms]
[2022-08-05T07:15:35.553Z] > git status -z -uall [567ms]
[2022-08-05T07:15:35.561Z] > git symbolic-ref --short HEAD [2ms]
[2022-08-05T07:15:35.570Z] > git for-each-ref --format=%(refname)%00%(upstream:short)%00%(objectname)%00%(upstream:track)%00%(upstream:remotename)%00%(upstream:remoteref) refs/heads/main refs/remotes/main [3ms]
[2022-08-05T07:15:35.583Z] > git for-each-ref --sort -committerdate --format %(refname) %(objectname) %(*objectname) [7ms]
[2022-08-05T07:15:35.584Z] > git remote --verbose [2ms]
[2022-08-05T07:15:35.596Z] > git config --get commit.template [2ms]
[2022-08-05T07:15:40.926Z] > git status -z -uall [313ms]
[2022-08-05T07:15:40.937Z] > git symbolic-ref --short HEAD [4ms]
[2022-08-05T07:15:40.948Z] > git for-each-ref --format=%(refname)%00%(upstream:short)%00%(objectname)%00%(upstream:track)%00%(upstream:remotename)%00%(upstream:remoteref) refs/heads/main refs/remotes/main [3ms]
[2022-08-05T07:15:40.966Z] > git for-each-ref --sort -committerdate --format %(refname) %(objectname) %(*objectname) [7ms]
[2022-08-05T07:15:40.969Z] > git remote --verbose [4ms]
[2022-08-05T07:15:40.981Z] > git config --get commit.template [3ms]
[2022-08-05T07:15:46.317Z] > git status -z -uall [318ms]
[2022-08-05T07:15:46.330Z] > git symbolic-ref --short HEAD [3ms]
[2022-08-05T07:15:46.343Z] > git for-each-ref --format=%(refname)%00%(upstream:short)%00%(objectname)%00%(upstream:track)%00%(upstream:remotename)%00%(upstream:remoteref) refs/heads/main refs/remotes/main [4ms]
[2022-08-05T07:15:46.360Z] > git for-each-ref --sort -committerdate --format %(refname) %(objectname) %(*objectname) [10ms]
[2022-08-05T07:15:46.366Z] > git remote --verbose [8ms]
[2022-08-05T07:15:46.376Z] > git config --get commit.template [1ms]
[2022-08-05T07:15:51.757Z] > git status -z -uall [367ms]
[2022-08-05T07:15:51.775Z] > git symbolic-ref --short HEAD [7ms]
[2022-08-05T07:15:51.788Z] > git for-each-ref --format=%(refname)%00%(upstream:short)%00%(objectname)%00%(upstream:track)%00%(upstream:remotename)%00%(upstream:remoteref) refs/heads/main refs/remotes/main [2ms]
[2022-08-05T07:15:51.803Z] > git for-each-ref --sort -committerdate --format %(refname) %(objectname) %(*objectname) [7ms]
[2022-08-05T07:15:51.803Z] > git remote --verbose [2ms]
[2022-08-05T07:15:51.818Z] > git config --get commit.template [3ms]
[2022-08-05T07:15:57.156Z] > git status -z -uall [303ms]
[2022-08-05T07:15:57.172Z] > git symbolic-ref --short HEAD [9ms]
[2022-08-05T07:15:57.183Z] > git for-each-ref --format=%(refname)%00%(upstream:short)%00%(objectname)%00%(upstream:track)%00%(upstream:remotename)%00%(upstream:remoteref) refs/heads/main refs/remotes/main [2ms]
[2022-08-05T07:15:57.195Z] > git for-each-ref --sort -committerdate --format %(refname) %(objectname) %(*objectname) [6ms]
[2022-08-05T07:15:57.196Z] > git remote --verbose [2ms]
[2022-08-05T07:15:57.207Z] > git config --get commit.template [1ms]
[2022-08-05T07:16:02.694Z] > git status -z -uall [478ms]
[2022-08-05T07:16:02.704Z] > git symbolic-ref --short HEAD [2ms]
[2022-08-05T07:16:02.711Z] > git for-each-ref --format=%(refname)%00%(upstream:short)%00%(objectname)%00%(upstream:track)%00%(upstream:remotename)%00%(upstream:remoteref) refs/heads/main refs/remotes/main [2ms]
[2022-08-05T07:16:02.723Z] > git for-each-ref --sort -committerdate --format %(refname) %(objectname) %(*objectname) [6ms]
[2022-08-05T07:16:02.724Z] > git remote --verbose [2ms]
[2022-08-05T07:16:02.734Z] > git config --get commit.template [2ms]
[2022-08-05T07:16:04.446Z] > git check-ignore -v -z --stdin [40ms]
[2022-08-05T07:16:08.242Z] > git status -z -uall [481ms]
[2022-08-05T07:16:08.257Z] > git symbolic-ref --short HEAD [6ms]
[2022-08-05T07:16:08.269Z] > git for-each-ref --format=%(refname)%00%(upstream:short)%00%(objectname)%00%(upstream:track)%00%(upstream:remotename)%00%(upstream:remoteref) refs/heads/main refs/remotes/main [4ms]
[2022-08-05T07:16:08.299Z] > git for-each-ref --sort -committerdate --format %(refname) %(objectname) %(*objectname) [17ms]
[2022-08-05T07:16:08.299Z] > git remote --verbose [3ms]
[2022-08-05T07:16:08.331Z] > git config --get commit.template [13ms]
[2022-08-05T07:16:13.836Z] > git status -z -uall [474ms]
[2022-08-05T07:16:13.847Z] > git symbolic-ref --short HEAD [2ms]
[2022-08-05T07:16:13.863Z] > git for-each-ref --format=%(refname)%00%(upstream:short)%00%(objectname)%00%(upstream:track)%00%(upstream:remotename)%00%(upstream:remoteref) refs/heads/main refs/remotes/main [5ms]
[2022-08-05T07:16:13.882Z] > git for-each-ref --sort -committerdate --format %(refname) %(objectname) %(*objectname) [8ms]
[2022-08-05T07:16:13.886Z] > git remote --verbose [4ms]
[2022-08-05T07:16:13.906Z] > git config --get commit.template [2ms]
[2022-08-05T07:16:15.453Z] > git for-each-ref --format %(refname:short)%00%(upstream:short) refs/heads [10ms]
[2022-08-05T07:16:15.724Z] > git checkout -q main [251ms]
[2022-08-05T07:16:16.310Z] > git status -z -uall [574ms]
[2022-08-05T07:16:16.331Z] > git symbolic-ref --short HEAD [7ms]
[2022-08-05T07:16:16.349Z] > git for-each-ref --format=%(refname)%00%(upstream:short)%00%(objectname)%00%(upstream:track)%00%(upstream:remotename)%00%(upstream:remoteref) refs/heads/main refs/remotes/main [3ms]
[2022-08-05T07:16:16.372Z] > git remote --verbose [4ms]
[2022-08-05T07:16:16.373Z] > git for-each-ref --sort -committerdate --format %(refname) %(objectname) %(*objectname) [13ms]
[2022-08-05T07:16:16.406Z] > git config --get commit.template [3ms]
[2022-08-05T07:16:17.098Z] > git ls-files --stage -- /home/thebuffylow/js-assignment-6-orbit-report-buffylow/js-assignment-6-orbit-report-buffylow/src/app/app.component.ts [11ms]
[2022-08-05T07:16:17.138Z] > git show --textconv :js-assignment-6-orbit-report-buffylow/js-assignment-6-orbit-report-buffylow/src/app/app.component.ts [12ms]
[2022-08-05T07:16:19.431Z] > git status -z -uall [501ms]
[2022-08-05T07:16:19.443Z] > git symbolic-ref --short HEAD [4ms]
[2022-08-05T07:16:19.457Z] > git for-each-ref --format=%(refname)%00%(upstream:short)%00%(objectname)%00%(upstream:track)%00%(upstream:remotename)%00%(upstream:remoteref) refs/heads/main refs/remotes/main [3ms]
[2022-08-05T07:16:19.487Z] > git remote --verbose [6ms]
[2022-08-05T07:16:19.487Z] > git for-each-ref --sort -committerdate --format %(refname) %(objectname) %(*objectname) [18ms]
[2022-08-05T07:16:19.515Z] > git config --get commit.template [9ms]
[2022-08-05T07:16:24.975Z] > git status -z -uall [450ms]
[2022-08-05T07:16:24.992Z] > git symbolic-ref --short HEAD [4ms]
[2022-08-05T07:16:25.002Z] > git for-each-ref --format=%(refname)%00%(upstream:short)%00%(objectname)%00%(upstream:track)%00%(upstream:remotename)%00%(upstream:remoteref) refs/heads/main refs/remotes/main [3ms]
[2022-08-05T07:16:25.016Z] > git for-each-ref --sort -committerdate --format %(refname) %(objectname) %(*objectname) [8ms]
[2022-08-05T07:16:25.019Z] > git remote --verbose [4ms]
[2022-08-05T07:16:25.029Z] > git config --get commit.template [2ms]
[2022-08-05T07:16:30.617Z] > git status -z -uall [564ms]
[2022-08-05T07:16:30.630Z] > git symbolic-ref --short HEAD [2ms]
[2022-08-05T07:16:30.645Z] > git for-each-ref --format=%(refname)%00%(upstream:short)%00%(objectname)%00%(upstream:track)%00%(upstream:remotename)%00%(upstream:remoteref) refs/heads/main refs/remotes/main [6ms]
[2022-08-05T07:16:30.666Z] > git for-each-ref --sort -committerdate --format %(refname) %(objectname) %(*objectname) [14ms]
[2022-08-05T07:16:30.667Z] > git remote --verbose [2ms]
[2022-08-05T07:16:30.698Z] > git config --get commit.template [5ms]
[2022-08-05T07:16:31.768Z] > git -c user.useConfigOnly=true commit --quiet --allow-empty-message --file - [257ms]
[2022-08-05T07:16:32.456Z] > git status -z -uall [664ms]
[2022-08-05T07:16:32.472Z] > git symbolic-ref --short HEAD [4ms]
[2022-08-05T07:16:32.487Z] > git for-each-ref --format=%(refname)%00%(upstream:short)%00%(objectname)%00%(upstream:track)%00%(upstream:remotename)%00%(upstream:remoteref) refs/heads/main refs/remotes/main [7ms]
[2022-08-05T07:16:32.513Z] > git for-each-ref --sort -committerdate --format %(refname) %(objectname) %(*objectname) [15ms]
[2022-08-05T07:16:32.514Z] > git remote --verbose [2ms]
[2022-08-05T07:16:32.532Z] > git config --get commit.template [3ms]
[2022-08-05T07:16:32.557Z] > git config --get commit.template [8ms]
[2022-08-05T07:16:33.268Z] > git ls-files --stage -- /home/thebuffylow/js-assignment-6-orbit-report-buffylow/js-assignment-6-orbit-report-buffylow/src/app/app.component.ts [22ms]
[2022-08-05T07:16:33.315Z] > git show --textconv :js-assignment-6-orbit-report-buffylow/js-assignment-6-orbit-report-buffylow/src/app/app.component.ts [18ms]
[2022-08-05T07:16:33.787Z] > git check-ignore -v -z --stdin [31ms]
[2022-08-05T07:16:36.173Z] > git status -z -uall [451ms]
[2022-08-05T07:16:36.185Z] > git symbolic-ref --short HEAD [5ms]
[2022-08-05T07:16:36.202Z] > git for-each-ref --format=%(refname)%00%(upstream:short)%00%(objectname)%00%(upstream:track)%00%(upstream:remotename)%00%(upstream:remoteref) refs/heads/main refs/remotes/main [7ms]
[2022-08-05T07:16:36.223Z] > git for-each-ref --sort -committerdate --format %(refname) %(objectname) %(*objectname) [13ms]
[2022-08-05T07:16:36.224Z] > git remote --verbose [3ms]
[2022-08-05T07:16:36.243Z] > git config --get commit.template [3ms]
[2022-08-05T07:16:41.731Z] > git status -z -uall [469ms]
[2022-08-05T07:16:41.741Z] > git symbolic-ref --short HEAD [1ms]
[2022-08-05T07:16:41.758Z] > git for-each-ref --format=%(refname)%00%(upstream:short)%00%(objectname)%00%(upstream:track)%00%(upstream:remotename)%00%(upstream:remoteref) refs/heads/main refs/remotes/main [4ms]
[2022-08-05T07:16:41.781Z] > git for-each-ref --sort -committerdate --format %(refname) %(objectname) %(*objectname) [11ms]
[2022-08-05T07:16:41.784Z] > git remote --verbose [6ms]
[2022-08-05T07:16:41.810Z] > git config --get commit.template [8ms]
[2022-08-05T07:16:49.431Z] > git status -z -uall [1563ms]
[2022-08-05T07:16:49.466Z] > git symbolic-ref --short HEAD [11ms]
[2022-08-05T07:16:49.498Z] > git for-each-ref --format=%(refname)%00%(upstream:short)%00%(objectname)%00%(upstream:track)%00%(upstream:remotename)%00%(upstream:remoteref) refs/heads/main refs/remotes/main [6ms]
[2022-08-05T07:16:49.550Z] > git for-each-ref --sort -committerdate --format %(refname) %(objectname) %(*objectname) [32ms]
[2022-08-05T07:16:49.564Z] > git remote --verbose [21ms]
[2022-08-05T07:16:49.587Z] > git config --get commit.template [2ms]
