[2022-08-04T23:34:18.328Z] Log level: Info
[2022-08-04T23:34:18.338Z] [info] Validating found git in: git
[2022-08-04T23:34:18.419Z] [info] Using git 2.30.2 from git
[2022-08-04T23:34:18.450Z] > git rev-parse --show-toplevel [16ms]
[2022-08-04T23:34:18.483Z] > git rev-parse --git-dir --git-common-dir [3ms]
[2022-08-04T23:34:18.487Z] [info] Open repository: /home/thebuffylow/angular-lc101-projects
[2022-08-04T23:34:19.024Z] > git status -z -uall [518ms]
[2022-08-04T23:34:19.071Z] > git symbolic-ref --short HEAD [41ms]
[2022-08-04T23:34:19.080Z] > git for-each-ref --format=%(refname)%00%(upstream:short)%00%(objectname)%00%(upstream:track)%00%(upstream:remotename)%00%(upstream:remoteref) refs/heads/master refs/remotes/master [4ms]
[2022-08-04T23:34:19.138Z] > git remote --verbose [46ms]
[2022-08-04T23:34:19.138Z] > git for-each-ref --sort -committerdate --format %(refname) %(objectname) %(*objectname) [52ms]
[2022-08-04T23:34:19.148Z] > git config --get commit.template [2ms]
[2022-08-04T23:34:19.188Z] > git status -z -uall [23ms]
[2022-08-04T23:34:19.195Z] > git symbolic-ref --short HEAD [2ms]
[2022-08-04T23:34:19.202Z] > git for-each-ref --format=%(refname)%00%(upstream:short)%00%(objectname)%00%(upstream:track)%00%(upstream:remotename)%00%(upstream:remoteref) refs/heads/master refs/remotes/master [2ms]
[2022-08-04T23:34:19.213Z] > git for-each-ref --sort -committerdate --format %(refname) %(objectname) %(*objectname) [6ms]
[2022-08-04T23:34:19.214Z] > git remote --verbose [2ms]
[2022-08-04T23:34:19.224Z] > git config --get commit.template [2ms]
[2022-08-04T23:34:19.534Z] > git check-ignore -v -z --stdin [4ms]
[2022-08-04T23:36:25.984Z] > git status -z -uall [35ms]
[2022-08-04T23:36:25.996Z] > git symbolic-ref --short HEAD [3ms]
[2022-08-04T23:36:26.006Z] > git for-each-ref --format=%(refname)%00%(upstream:short)%00%(objectname)%00%(upstream:track)%00%(upstream:remotename)%00%(upstream:remoteref) refs/heads/master refs/remotes/master [4ms]
[2022-08-04T23:36:26.022Z] > git remote --verbose [4ms]
[2022-08-04T23:36:26.104Z] > git for-each-ref --sort -committerdate --format %(refname) %(objectname) %(*objectname) [93ms]
[2022-08-04T23:36:26.147Z] > git config --get commit.template [16ms]
[2022-08-04T23:36:56.921Z] > git status -z -uall [156ms]
[2022-08-04T23:36:56.937Z] > git symbolic-ref --short HEAD [5ms]
[2022-08-04T23:36:56.954Z] > git for-each-ref --format=%(refname)%00%(upstream:short)%00%(objectname)%00%(upstream:track)%00%(upstream:remotename)%00%(upstream:remoteref) refs/heads/master refs/remotes/master [6ms]
[2022-08-04T23:36:56.981Z] > git for-each-ref --sort -committerdate --format %(refname) %(objectname) %(*objectname) [15ms]
[2022-08-04T23:36:56.983Z] > git remote --verbose [3ms]
[2022-08-04T23:36:57.011Z] > git config --get commit.template [3ms]
[2022-08-04T23:41:18.299Z] > git status -z -uall [94ms]
[2022-08-04T23:41:18.314Z] > git symbolic-ref --short HEAD [3ms]
[2022-08-04T23:41:18.325Z] > git for-each-ref --format=%(refname)%00%(upstream:short)%00%(objectname)%00%(upstream:track)%00%(upstream:remotename)%00%(upstream:remoteref) refs/heads/master refs/remotes/master [6ms]
[2022-08-04T23:41:18.348Z] > git for-each-ref --sort -committerdate --format %(refname) %(objectname) %(*objectname) [15ms]
[2022-08-04T23:41:18.353Z] > git remote --verbose [7ms]
[2022-08-04T23:41:18.386Z] > git config --get commit.template [3ms]
[2022-08-04T23:43:17.705Z] > git status -z -uall [47ms]
[2022-08-04T23:43:17.715Z] > git symbolic-ref --short HEAD [1ms]
[2022-08-04T23:43:17.732Z] > git for-each-ref --format=%(refname)%00%(upstream:short)%00%(objectname)%00%(upstream:track)%00%(upstream:remotename)%00%(upstream:remoteref) refs/heads/master refs/remotes/master [11ms]
[2022-08-04T23:43:17.743Z] > git for-each-ref --sort -committerdate --format %(refname) %(objectname) %(*objectname) [5ms]
[2022-08-04T23:43:17.748Z] > git remote --verbose [6ms]
[2022-08-04T23:43:17.761Z] > git config --get commit.template [0ms]
[2022-08-04T23:45:49.969Z] > git check-ignore -v -z --stdin [5ms]
[2022-08-04T23:45:52.077Z] > git check-ignore -v -z --stdin [3ms]
[2022-08-04T23:45:53.929Z] > git check-ignore -v -z --stdin [8ms]
[2022-08-04T23:45:59.604Z] > git check-ignore -v -z --stdin [7ms]
[2022-08-04T23:46:01.057Z] > git check-ignore -v -z --stdin [3ms]
[2022-08-04T23:46:07.069Z] > git show --textconv :lesson2/exercises/package-lock.json [29ms]
[2022-08-04T23:46:07.069Z] > git ls-files --stage -- /home/thebuffylow/angular-lc101-projects/lesson2/exercises/package-lock.json [19ms]
[2022-08-04T23:46:07.246Z] > git cat-file -s 343845978901501f722b67ef6d1864718f60e189 [169ms]
[2022-08-04T23:51:01.662Z] > git status -z -uall [113ms]
[2022-08-04T23:51:01.699Z] > git symbolic-ref --short HEAD [5ms]
[2022-08-04T23:51:01.722Z] > git for-each-ref --format=%(refname)%00%(upstream:short)%00%(objectname)%00%(upstream:track)%00%(upstream:remotename)%00%(upstream:remoteref) refs/heads/master refs/remotes/master [14ms]
[2022-08-04T23:51:01.766Z] > git for-each-ref --sort -committerdate --format %(refname) %(objectname) %(*objectname) [22ms]
[2022-08-04T23:51:01.770Z] > git remote --verbose [9ms]
[2022-08-04T23:51:01.793Z] > git config --get commit.template [4ms]
[2022-08-04T23:53:02.919Z] > git status -z -uall [94ms]
[2022-08-04T23:53:02.937Z] > git symbolic-ref --short HEAD [5ms]
[2022-08-04T23:53:02.947Z] > git for-each-ref --format=%(refname)%00%(upstream:short)%00%(objectname)%00%(upstream:track)%00%(upstream:remotename)%00%(upstream:remoteref) refs/heads/master refs/remotes/master [3ms]
[2022-08-04T23:53:02.965Z] > git for-each-ref --sort -committerdate --format %(refname) %(objectname) %(*objectname) [8ms]
[2022-08-04T23:53:02.968Z] > git remote --verbose [4ms]
[2022-08-04T23:53:03.011Z] > git config --get commit.template [10ms]
[2022-08-04T23:54:01.416Z] > git status -z -uall [129ms]
[2022-08-04T23:54:01.479Z] > git symbolic-ref --short HEAD [40ms]
[2022-08-04T23:54:01.511Z] > git for-each-ref --format=%(refname)%00%(upstream:short)%00%(objectname)%00%(upstream:track)%00%(upstream:remotename)%00%(upstream:remoteref) refs/heads/master refs/remotes/master [21ms]
[2022-08-04T23:54:01.542Z] > git for-each-ref --sort -committerdate --format %(refname) %(objectname) %(*objectname) [19ms]
[2022-08-04T23:54:01.544Z] > git remote --verbose [9ms]
[2022-08-04T23:54:01.577Z] > git config --get commit.template [7ms]
