[2022-07-21T19:25:42.626Z] Log level: Info
[2022-07-21T19:25:42.627Z] [info] Validating found git in: git
[2022-07-21T19:25:42.747Z] [info] Using git 2.30.2 from git
[2022-07-21T19:25:42.790Z] > git rev-parse --show-toplevel [6ms]
[2022-07-21T19:25:42.815Z] > git rev-parse --git-dir --git-common-dir [16ms]
[2022-07-21T19:25:42.819Z] [info] Open repository: /home/thebuffylow/LC101/js-assignment-4-html-me-something-buffylow
[2022-07-21T19:25:42.988Z] > git status -z -uall [130ms]
[2022-07-21T19:25:43.016Z] > git symbolic-ref --short HEAD [3ms]
[2022-07-21T19:25:43.037Z] > git for-each-ref --format=%(refname)%00%(upstream:short)%00%(objectname)%00%(upstream:track)%00%(upstream:remotename)%00%(upstream:remoteref) refs/heads/main refs/remotes/main [9ms]
[2022-07-21T19:25:43.072Z] > git for-each-ref --sort -committerdate --format %(refname) %(objectname) %(*objectname) [20ms]
[2022-07-21T19:25:43.078Z] > git remote --verbose [8ms]
[2022-07-21T19:25:43.220Z] > git config --get commit.template [130ms]
[2022-07-21T19:25:43.311Z] > git status -z -uall [66ms]
[2022-07-21T19:25:43.363Z] > git symbolic-ref --short HEAD [31ms]
[2022-07-21T19:25:43.396Z] > git for-each-ref --format=%(refname)%00%(upstream:short)%00%(objectname)%00%(upstream:track)%00%(upstream:remotename)%00%(upstream:remoteref) refs/heads/main refs/remotes/main [7ms]
[2022-07-21T19:25:43.427Z] > git for-each-ref --sort -committerdate --format %(refname) %(objectname) %(*objectname) [16ms]
[2022-07-21T19:25:43.432Z] > git remote --verbose [7ms]
[2022-07-21T19:25:43.454Z] > git config --get commit.template [5ms]
[2022-07-21T19:25:44.571Z] > git check-ignore -v -z --stdin [18ms]
[2022-07-21T19:25:44.747Z] > git show --textconv :styles.css [106ms]
[2022-07-21T19:25:44.747Z] > git ls-files --stage -- /home/thebuffylow/LC101/js-assignment-4-html-me-something-buffylow/styles.css [95ms]
[2022-07-21T19:25:44.759Z] > git cat-file -s b3033c3860eb38189a37e10b6dd1e75fc210f4ed [5ms]
[2022-07-21T19:25:52.642Z] > git show --textconv :index.html [22ms]
[2022-07-21T19:25:52.657Z] > git ls-files --stage -- /home/thebuffylow/LC101/js-assignment-4-html-me-something-buffylow/index.html [17ms]
[2022-07-21T19:25:52.671Z] > git cat-file -s 3f369882bd4af7d5bc2152961aa21e189ba304ce [4ms]
