[2022-08-09T00:01:06.515Z] Log level: Info
[2022-08-09T00:01:06.534Z] [info] Validating found git in: git
[2022-08-09T00:01:06.650Z] [info] Using git 2.30.2 from git
[2022-08-09T00:01:06.698Z] > git rev-parse --show-toplevel [5ms]
[2022-08-09T00:01:06.740Z] > git rev-parse --git-dir --git-common-dir [20ms]
[2022-08-09T00:01:06.748Z] [info] Open repository: /home/thebuffylow
[2022-08-09T00:01:09.926Z] > git check-ignore -v -z --stdin [142ms]
[2022-08-09T00:01:10.653Z] > git status -z -uall [3877ms]
[2022-08-09T00:01:10.904Z] > git symbolic-ref --short HEAD [221ms]
[2022-08-09T00:01:11.212Z] > git for-each-ref --format=%(refname)%00%(upstream:short)%00%(objectname)%00%(upstream:track)%00%(upstream:remotename)%00%(upstream:remoteref) refs/heads/main refs/remotes/main [221ms]
[2022-08-09T00:01:11.408Z] > git remote --verbose [181ms]
[2022-08-09T00:01:11.686Z] > git for-each-ref --sort -committerdate --format %(refname) %(objectname) %(*objectname) [466ms]
[2022-08-09T00:01:11.768Z] > git config --get commit.template [10ms]
[2022-08-09T00:01:13.025Z] > git check-ignore -v -z --stdin [54ms]
[2022-08-09T00:01:13.711Z] > git check-ignore -v -z --stdin [35ms]
[2022-08-09T00:01:14.101Z] > git status -z -uall [2325ms]
[2022-08-09T00:01:14.124Z] > git symbolic-ref --short HEAD [17ms]
[2022-08-09T00:01:14.162Z] > git for-each-ref --format=%(refname)%00%(upstream:short)%00%(objectname)%00%(upstream:track)%00%(upstream:remotename)%00%(upstream:remoteref) refs/heads/main refs/remotes/main [18ms]
[2022-08-09T00:01:14.212Z] > git remote --verbose [4ms]
[2022-08-09T00:01:14.221Z] > git for-each-ref --sort -committerdate --format %(refname) %(objectname) %(*objectname) [31ms]
[2022-08-09T00:01:14.274Z] > git config --get commit.template [6ms]
[2022-08-09T00:01:18.600Z] > git check-ignore -v -z --stdin [204ms]
[2022-08-09T00:01:19.764Z] > git check-ignore -v -z --stdin [40ms]
[2022-08-09T00:01:20.920Z] > git check-ignore -v -z --stdin [50ms]
[2022-08-09T00:01:28.844Z] > git ls-files --stage -- /home/thebuffylow/js-assignment-6-orbit-report-buffylow/js-assignment-6-orbit-report-buffylow/src/app/app.component.html [22ms]
[2022-08-09T00:01:28.874Z] > git show --textconv :js-assignment-6-orbit-report-buffylow/js-assignment-6-orbit-report-buffylow/src/app/app.component.html [135ms]
[2022-08-09T00:02:07.119Z] > git ls-files --stage -- /home/thebuffylow/js-assignment-6-orbit-report-buffylow/js-assignment-6-orbit-report-buffylow-1/src/app/orbit-counts/orbit-counts.component.html [115ms]
[2022-08-09T00:02:07.184Z] > git show --textconv :js-assignment-6-orbit-report-buffylow/js-assignment-6-orbit-report-buffylow-1/src/app/orbit-counts/orbit-counts.component.html [203ms]
[2022-08-09T00:02:07.520Z] > git check-ignore -v -z --stdin [68ms]
