[2022-08-05 01:03:10.791] [renderer1] [error] Error: File not found
    at g.handleSetInputError (vscode-file://vscode-app/usr/share/code/resources/app/out/vs/workbench/workbench.desktop.main.js:2716:96747)
    at async g.setInput (vscode-file://vscode-app/usr/share/code/resources/app/out/vs/workbench/workbench.desktop.main.js:2716:95987)
    at async l.doSetInput (vscode-file://vscode-app/usr/share/code/resources/app/out/vs/workbench/workbench.desktop.main.js:2714:6429)
    at async l.doOpenEditor (vscode-file://vscode-app/usr/share/code/resources/app/out/vs/workbench/workbench.desktop.main.js:2714:4791)
    at async l.openEditor (vscode-file://vscode-app/usr/share/code/resources/app/out/vs/workbench/workbench.desktop.main.js:2714:3783)
    at async vscode-file://vscode-app/usr/share/code/resources/app/out/vs/workbench/workbench.desktop.main.js:2916:16970
[2022-08-05 01:03:26.257] [renderer1] [info] UNRESPONSIVE extension host: received responsive event and cancelling profiling session
[2022-08-05 01:03:27.024] [renderer1] [info] UNRESPONSIVE extension host: starting to profile NOW
[2022-08-05 01:03:31.041] [renderer1] [info] UNRESPONSIVE extension host: starting to profile NOW
[2022-08-05 01:03:36.109] [renderer1] [info] UNRESPONSIVE extension host: received responsive event and cancelling profiling session
[2022-08-05 01:03:36.847] [renderer1] [warning] UNRESPONSIVE extension host: 'vscode.git' took 62% of 5389.916ms, saved PROFILE here: 'file:///tmp/exthost-563429.cpuprofile' [{"id":"gc","total":207693,"percentage":4},{"id":"program","total":3583,"percentage":0},{"id":"self","total":1835276,"percentage":34},{"id":"vscode.git","total":3343161,"percentage":62}]
[2022-08-05 01:12:19.366] [renderer1] [error] [File Watcher (universal)] restarting watcher after error: terminated by itself with code undefined, signal: SIGSEGV
[2022-08-05 01:25:25.388] [renderer1] [error] Git error
[2022-08-05 01:50:18.248] [renderer1] [error] Git error
[2022-08-05 01:50:43.454] [renderer1] [info] UNRESPONSIVE extension host: received responsive event and cancelling profiling session
[2022-08-05 01:50:48.586] [renderer1] [info] UNRESPONSIVE extension host: starting to profile NOW
[2022-08-05 01:52:23.436] [renderer1] [info] UNRESPONSIVE extension host: received responsive event and cancelling profiling session
[2022-08-05 01:52:24.270] [renderer1] [info] UNRESPONSIVE extension host: starting to profile NOW
[2022-08-05 02:00:06.593] [renderer1] [error] Error: Unable to read file '/home/thebuffylow/js-assignment-6-orbit-report-buffylow/js-assignment-6-orbit-report-buffylow' (Error: Unable to read file '/home/thebuffylow/js-assignment-6-orbit-report-buffylow/js-assignment-6-orbit-report-buffylow' that is actually a directory)
    at h.doReadFileStream (vscode-file://vscode-app/usr/share/code/resources/app/out/vs/workbench/workbench.desktop.main.js:602:20089)
    at async p.doRead (vscode-file://vscode-app/usr/share/code/resources/app/out/vs/workbench/workbench.desktop.main.js:2752:42357)
    at async p.readStream (vscode-file://vscode-app/usr/share/code/resources/app/out/vs/workbench/workbench.desktop.main.js:2752:42032)
    at async Ir.resolveFromFile (vscode-file://vscode-app/usr/share/code/resources/app/out/vs/workbench/workbench.desktop.main.js:2741:66789)
    at async a.doResolve (vscode-file://vscode-app/usr/share/code/resources/app/out/vs/workbench/workbench.desktop.main.js:2752:36892)
    at async bl.doResolveAsText (vscode-file://vscode-app/usr/share/code/resources/app/out/vs/workbench/workbench.desktop.main.js:2131:90242)
    at async Promise.all (index 1)
    at async Ss.createModel (vscode-file://vscode-app/usr/share/code/resources/app/out/vs/workbench/workbench.desktop.main.js:1721:19146)
    at async Ss.resolve (vscode-file://vscode-app/usr/share/code/resources/app/out/vs/workbench/workbench.desktop.main.js:1721:18861)
    at async Ul.setInput (vscode-file://vscode-app/usr/share/code/resources/app/out/vs/workbench/workbench.desktop.main.js:2716:11061)
    at async l.doSetInput (vscode-file://vscode-app/usr/share/code/resources/app/out/vs/workbench/workbench.desktop.main.js:2714:6429)
    at async l.doOpenEditor (vscode-file://vscode-app/usr/share/code/resources/app/out/vs/workbench/workbench.desktop.main.js:2714:4791)
    at async l.openEditor (vscode-file://vscode-app/usr/share/code/resources/app/out/vs/workbench/workbench.desktop.main.js:2714:3783)
    at async vscode-file://vscode-app/usr/share/code/resources/app/out/vs/workbench/workbench.desktop.main.js:2916:16970
    at async vscode-file://vscode-app/usr/share/code/resources/app/out/vs/workbench/workbench.desktop.main.js:2716:27045
    at async Pt.open (vscode-file://vscode-app/usr/share/code/resources/app/out/vs/workbench/workbench.desktop.main.js:2724:49808)
[2022-08-05 02:00:09.735] [renderer1] [error] Error: Unable to read file '/home/thebuffylow/js-assignment-6-orbit-report-buffylow/js-assignment-6-orbit-report-buffylow' (Error: Unable to read file '/home/thebuffylow/js-assignment-6-orbit-report-buffylow/js-assignment-6-orbit-report-buffylow' that is actually a directory)
    at h.doReadFileStream (vscode-file://vscode-app/usr/share/code/resources/app/out/vs/workbench/workbench.desktop.main.js:602:20089)
    at async p.doRead (vscode-file://vscode-app/usr/share/code/resources/app/out/vs/workbench/workbench.desktop.main.js:2752:42357)
    at async p.readStream (vscode-file://vscode-app/usr/share/code/resources/app/out/vs/workbench/workbench.desktop.main.js:2752:42032)
    at async Ir.resolveFromFile (vscode-file://vscode-app/usr/share/code/resources/app/out/vs/workbench/workbench.desktop.main.js:2741:66789)
    at async a.doResolve (vscode-file://vscode-app/usr/share/code/resources/app/out/vs/workbench/workbench.desktop.main.js:2752:36892)
    at async bl.doResolveAsText (vscode-file://vscode-app/usr/share/code/resources/app/out/vs/workbench/workbench.desktop.main.js:2131:90242)
    at async Promise.all (index 1)
    at async Ss.createModel (vscode-file://vscode-app/usr/share/code/resources/app/out/vs/workbench/workbench.desktop.main.js:1721:19146)
    at async Ss.resolve (vscode-file://vscode-app/usr/share/code/resources/app/out/vs/workbench/workbench.desktop.main.js:1721:18861)
    at async Ul.setInput (vscode-file://vscode-app/usr/share/code/resources/app/out/vs/workbench/workbench.desktop.main.js:2716:11061)
    at async l.doSetInput (vscode-file://vscode-app/usr/share/code/resources/app/out/vs/workbench/workbench.desktop.main.js:2714:6429)
    at async l.doOpenEditor (vscode-file://vscode-app/usr/share/code/resources/app/out/vs/workbench/workbench.desktop.main.js:2714:4791)
    at async l.openEditor (vscode-file://vscode-app/usr/share/code/resources/app/out/vs/workbench/workbench.desktop.main.js:2714:3783)
    at async vscode-file://vscode-app/usr/share/code/resources/app/out/vs/workbench/workbench.desktop.main.js:2916:16970
