[2022-07-26 15:03:36.531] [exthost] [info] Extension host with pid 1592 started
[2022-07-26 15:03:36.705] [exthost] [info] ExtensionService#_doActivateExtension vscode.microsoft-authentication, startup: false, activationEvent: 'onAuthenticationRequest:microsoft'
[2022-07-26 15:03:36.782] [exthost] [info] ExtensionService#_doActivateExtension vscode.debug-auto-launch, startup: true, activationEvent: '*'
[2022-07-26 15:03:36.794] [exthost] [info] ExtensionService#_doActivateExtension vscode.git-base, startup: true, activationEvent: '*', root cause: vscode.git
[2022-07-26 15:03:36.798] [exthost] [info] ExtensionService#_doActivateExtension vscode.ipynb, startup: true, activationEvent: '*'
[2022-07-26 15:03:36.850] [exthost] [info] ExtensionService#_doActivateExtension vscode.git, startup: true, activationEvent: '*'
[2022-07-26 15:03:36.941] [exthost] [info] ExtensionService#_doActivateExtension vscode.github, startup: true, activationEvent: '*'
[2022-07-26 15:03:37.270] [exthost] [info] Eager extensions activated
[2022-07-26 15:03:37.271] [exthost] [info] ExtensionService#_doActivateExtension vscode.github-authentication, startup: false, activationEvent: 'onAuthenticationRequest:github'
[2022-07-26 15:03:37.335] [exthost] [info] ExtensionService#_doActivateExtension vscode.emmet, startup: false, activationEvent: 'onStartupFinished'
[2022-07-26 15:03:37.342] [exthost] [info] ExtensionService#_doActivateExtension vscode.merge-conflict, startup: false, activationEvent: 'onStartupFinished'
[2022-07-26 15:03:37.366] [exthost] [info] ExtensionService#_doActivateExtension ritwickdey.LiveServer, startup: false, activationEvent: 'onStartupFinished'
[2022-07-26 15:03:43.129] [exthost] [info] Extension host terminating: received terminate message from renderer
[2022-07-26 15:03:43.150] [exthost] [info] Extension host with pid 1592 exiting with code 0
[2022-07-26 15:03:46.387] [exthost] [info] Extension host with pid 1657 started
[2022-07-26 15:03:46.387] [exthost] [info] Skipping acquiring lock for /home/thebuffylow/.config/Code/User/workspaceStorage/2ceef57b124690c1fc4a02901bafdee4.
[2022-07-26 15:03:46.792] [exthost] [info] ExtensionService#_doActivateExtension vscode.html-language-features, startup: false, activationEvent: 'onLanguage:html'
[2022-07-26 15:03:46.842] [exthost] [info] ExtensionService#_doActivateExtension vscode.microsoft-authentication, startup: false, activationEvent: 'onAuthenticationRequest:microsoft'
[2022-07-26 15:03:46.912] [exthost] [info] ExtensionService#_doActivateExtension vscode.debug-auto-launch, startup: true, activationEvent: '*'
[2022-07-26 15:03:46.920] [exthost] [info] ExtensionService#_doActivateExtension vscode.git-base, startup: true, activationEvent: '*', root cause: vscode.git
[2022-07-26 15:03:46.927] [exthost] [info] ExtensionService#_doActivateExtension vscode.ipynb, startup: true, activationEvent: '*'
[2022-07-26 15:03:46.931] [exthost] [info] ExtensionService#_doActivateExtension vscode.npm, startup: true, activationEvent: 'workspaceContains:package.json'
[2022-07-26 15:03:47.268] [exthost] [info] ExtensionService#_doActivateExtension vscode.git, startup: true, activationEvent: '*'
[2022-07-26 15:03:47.359] [exthost] [info] ExtensionService#_doActivateExtension vscode.github, startup: true, activationEvent: '*'
[2022-07-26 15:03:47.717] [exthost] [info] Eager extensions activated
[2022-07-26 15:03:47.879] [exthost] [info] ExtensionService#_doActivateExtension vscode.emmet, startup: false, activationEvent: 'onStartupFinished'
[2022-07-26 15:03:47.896] [exthost] [info] ExtensionService#_doActivateExtension vscode.merge-conflict, startup: false, activationEvent: 'onStartupFinished'
[2022-07-26 15:03:47.910] [exthost] [info] ExtensionService#_doActivateExtension ritwickdey.LiveServer, startup: false, activationEvent: 'onStartupFinished'
[2022-07-26 15:03:48.384] [exthost] [info] ExtensionService#_doActivateExtension vscode.github-authentication, startup: false, activationEvent: 'onAuthenticationRequest:github'
[2022-07-26 15:03:48.852] [exthost] [warning] [Decorations] CAPPING events from decorations provider vscode.git 543
[2022-07-26 15:03:49.929] [exthost] [warning] [Decorations] CAPPING events from decorations provider vscode.git 544
[2022-07-26 15:03:53.950] [exthost] [warning] [Decorations] CAPPING events from decorations provider vscode.git 544
[2022-07-26 15:03:59.167] [exthost] [warning] [Decorations] CAPPING events from decorations provider vscode.git 544
[2022-07-26 15:04:08.760] [exthost] [warning] [Decorations] CAPPING events from decorations provider vscode.git 551
[2022-07-26 15:04:14.162] [exthost] [warning] [Decorations] CAPPING events from decorations provider vscode.git 551
[2022-07-26 15:04:19.353] [exthost] [warning] [Decorations] CAPPING events from decorations provider vscode.git 551
[2022-07-26 15:04:24.550] [exthost] [warning] [Decorations] CAPPING events from decorations provider vscode.git 551
[2022-07-26 15:04:32.275] [exthost] [warning] [Decorations] CAPPING events from decorations provider vscode.git 552
[2022-07-26 15:05:11.445] [exthost] [info] Extension host terminating: received terminate message from renderer
[2022-07-26 15:05:11.579] [exthost] [info] Extension host with pid 1657 exiting with code 0
[2022-07-26 15:05:15.374] [exthost] [info] Extension host with pid 2418 started
[2022-07-26 15:05:15.374] [exthost] [info] Skipping acquiring lock for /home/thebuffylow/.config/Code/User/workspaceStorage/7444660bd0ab79b585a23ee63f8f6fb6.
[2022-07-26 15:05:15.473] [exthost] [info] ExtensionService#_doActivateExtension vscode.microsoft-authentication, startup: false, activationEvent: 'onAuthenticationRequest:microsoft'
[2022-07-26 15:05:15.515] [exthost] [info] ExtensionService#_doActivateExtension vscode.debug-auto-launch, startup: true, activationEvent: '*'
[2022-07-26 15:05:15.519] [exthost] [info] ExtensionService#_doActivateExtension vscode.git-base, startup: true, activationEvent: '*', root cause: vscode.git
[2022-07-26 15:05:15.521] [exthost] [info] ExtensionService#_doActivateExtension vscode.ipynb, startup: true, activationEvent: '*'
[2022-07-26 15:05:15.528] [exthost] [info] ExtensionService#_doActivateExtension vscode.npm, startup: true, activationEvent: 'workspaceContains:package.json'
[2022-07-26 15:05:15.590] [exthost] [info] ExtensionService#_doActivateExtension vscode.git, startup: true, activationEvent: '*'
[2022-07-26 15:05:15.618] [exthost] [info] ExtensionService#_doActivateExtension vscode.github, startup: true, activationEvent: '*'
[2022-07-26 15:05:15.782] [exthost] [info] ExtensionService#_doActivateExtension vscode.github-authentication, startup: false, activationEvent: 'onAuthenticationRequest:github'
[2022-07-26 15:05:15.827] [exthost] [info] Eager extensions activated
[2022-07-26 15:05:15.845] [exthost] [info] ExtensionService#_doActivateExtension vscode.emmet, startup: false, activationEvent: 'onStartupFinished'
[2022-07-26 15:05:15.865] [exthost] [info] ExtensionService#_doActivateExtension vscode.merge-conflict, startup: false, activationEvent: 'onStartupFinished'
[2022-07-26 15:05:15.868] [exthost] [info] ExtensionService#_doActivateExtension ritwickdey.LiveServer, startup: false, activationEvent: 'onStartupFinished'
[2022-07-26 15:08:47.782] [exthost] [info] ExtensionService#_doActivateExtension vscode.html-language-features, startup: false, activationEvent: 'onLanguage:html'
[2022-07-26 15:41:13.385] [exthost] [info] ExtensionService#_doActivateExtension vscode.typescript-language-features, startup: false, activationEvent: 'onLanguage:javascript'
[2022-07-26 19:04:45.566] [exthost] [info] Extension host terminating: received terminate message from renderer
[2022-07-26 19:04:45.723] [exthost] [info] Extension host with pid 2418 exiting with code 0
