[2022-08-01T16:05:07.073Z] Log level: Info
[2022-08-01T16:05:07.088Z] [info] Validating found git in: git
[2022-08-01T16:05:07.224Z] [info] Using git 2.30.2 from git
[2022-08-01T16:05:07.285Z] > git rev-parse --show-toplevel [10ms]
[2022-08-01T16:05:07.318Z] > git rev-parse --git-dir --git-common-dir [1ms]
[2022-08-01T16:05:07.322Z] [info] Open repository: /home/thebuffylow/LC101/angular-lc101-projects
[2022-08-01T16:05:08.300Z] > git status -z -uall [961ms]
[2022-08-01T16:05:08.324Z] > git symbolic-ref --short HEAD [5ms]
[2022-08-01T16:05:08.341Z] > git for-each-ref --format=%(refname)%00%(upstream:short)%00%(objectname)%00%(upstream:track)%00%(upstream:remotename)%00%(upstream:remoteref) refs/heads/master refs/remotes/master [4ms]
[2022-08-01T16:05:08.363Z] > git for-each-ref --sort -committerdate --format %(refname) %(objectname) %(*objectname) [12ms]
[2022-08-01T16:05:08.366Z] > git remote --verbose [5ms]
[2022-08-01T16:05:08.396Z] > git config --get commit.template [3ms]
[2022-08-01T16:05:08.603Z] > git status -z -uall [190ms]
[2022-08-01T16:05:08.672Z] > git symbolic-ref --short HEAD [48ms]
[2022-08-01T16:05:08.693Z] > git for-each-ref --format=%(refname)%00%(upstream:short)%00%(objectname)%00%(upstream:track)%00%(upstream:remotename)%00%(upstream:remoteref) refs/heads/master refs/remotes/master [16ms]
[2022-08-01T16:05:08.729Z] > git for-each-ref --sort -committerdate --format %(refname) %(objectname) %(*objectname) [20ms]
[2022-08-01T16:05:08.732Z] > git remote --verbose [8ms]
[2022-08-01T16:05:08.745Z] > git config --get commit.template [3ms]
[2022-08-01T16:05:08.807Z] > git check-ignore -v -z --stdin [4ms]
[2022-08-01T16:11:46.807Z] > git check-ignore -v -z --stdin [5ms]
[2022-08-01T16:11:46.984Z] > git status -z -uall [63ms]
[2022-08-01T16:11:46.991Z] > git symbolic-ref --short HEAD [2ms]
[2022-08-01T16:11:46.998Z] > git for-each-ref --format=%(refname)%00%(upstream:short)%00%(objectname)%00%(upstream:track)%00%(upstream:remotename)%00%(upstream:remoteref) refs/heads/master refs/remotes/master [2ms]
[2022-08-01T16:11:47.008Z] > git for-each-ref --sort -committerdate --format %(refname) %(objectname) %(*objectname) [5ms]
[2022-08-01T16:11:47.012Z] > git remote --verbose [5ms]
[2022-08-01T16:11:47.033Z] > git config --get commit.template [4ms]
[2022-08-01T16:12:39.203Z] > git status -z -uall [34ms]
[2022-08-01T16:12:39.212Z] > git symbolic-ref --short HEAD [4ms]
[2022-08-01T16:12:39.219Z] > git for-each-ref --format=%(refname)%00%(upstream:short)%00%(objectname)%00%(upstream:track)%00%(upstream:remotename)%00%(upstream:remoteref) refs/heads/master refs/remotes/master [3ms]
[2022-08-01T16:12:39.243Z] > git for-each-ref --sort -committerdate --format %(refname) %(objectname) %(*objectname) [19ms]
[2022-08-01T16:12:39.250Z] > git remote --verbose [8ms]
[2022-08-01T16:12:39.279Z] > git config --get commit.template [6ms]
[2022-08-01T16:13:15.501Z] > git status -z -uall [147ms]
[2022-08-01T16:13:15.515Z] > git symbolic-ref --short HEAD [4ms]
[2022-08-01T16:13:15.530Z] > git for-each-ref --format=%(refname)%00%(upstream:short)%00%(objectname)%00%(upstream:track)%00%(upstream:remotename)%00%(upstream:remoteref) refs/heads/master refs/remotes/master [6ms]
[2022-08-01T16:13:15.574Z] > git remote --verbose [8ms]
[2022-08-01T16:13:15.574Z] > git for-each-ref --sort -committerdate --format %(refname) %(objectname) %(*objectname) [28ms]
[2022-08-01T16:13:15.588Z] > git config --get commit.template [3ms]
[2022-08-01T16:14:35.589Z] > git check-ignore -v -z --stdin [9ms]
[2022-08-01T16:14:48.185Z] > git status -z -uall [39ms]
[2022-08-01T16:14:48.191Z] > git symbolic-ref --short HEAD [1ms]
[2022-08-01T16:14:48.197Z] > git for-each-ref --format=%(refname)%00%(upstream:short)%00%(objectname)%00%(upstream:track)%00%(upstream:remotename)%00%(upstream:remoteref) refs/heads/master refs/remotes/master [2ms]
[2022-08-01T16:14:48.209Z] > git for-each-ref --sort -committerdate --format %(refname) %(objectname) %(*objectname) [6ms]
[2022-08-01T16:14:48.210Z] > git remote --verbose [2ms]
[2022-08-01T16:14:48.218Z] > git config --get commit.template [2ms]
[2022-08-01T16:14:51.297Z] > git check-ignore -v -z --stdin [3ms]
[2022-08-01T16:14:57.514Z] > git status -z -uall [69ms]
[2022-08-01T16:14:57.523Z] > git symbolic-ref --short HEAD [3ms]
[2022-08-01T16:14:57.531Z] > git for-each-ref --format=%(refname)%00%(upstream:short)%00%(objectname)%00%(upstream:track)%00%(upstream:remotename)%00%(upstream:remoteref) refs/heads/master refs/remotes/master [3ms]
[2022-08-01T16:14:57.541Z] > git for-each-ref --sort -committerdate --format %(refname) %(objectname) %(*objectname) [5ms]
[2022-08-01T16:14:57.542Z] > git remote --verbose [2ms]
[2022-08-01T16:14:57.552Z] > git config --get commit.template [2ms]
