[2022-07-26T19:57:55.947Z] Log level: Info
[2022-07-26T19:57:55.948Z] [info] Validating found git in: git
[2022-07-26T19:57:56.170Z] [info] Using git 2.30.2 from git
[2022-07-26T19:57:56.238Z] > git rev-parse --show-toplevel [19ms]
[2022-07-26T19:57:56.273Z] > git rev-parse --git-dir --git-common-dir [5ms]
[2022-07-26T19:57:56.282Z] [info] Open repository: /home/thebuffylow/typescript-lc101-projects
[2022-07-26T19:57:56.331Z] > git status -z -uall [14ms]
[2022-07-26T19:57:56.402Z] > git symbolic-ref --short HEAD [15ms]
[2022-07-26T19:57:56.430Z] > git for-each-ref --format=%(refname)%00%(upstream:short)%00%(objectname)%00%(upstream:track)%00%(upstream:remotename)%00%(upstream:remoteref) refs/heads/master refs/remotes/master [6ms]
[2022-07-26T19:57:56.459Z] > git for-each-ref --sort -committerdate --format %(refname) %(objectname) %(*objectname) [19ms]
[2022-07-26T19:57:56.465Z] > git remote --verbose [11ms]
[2022-07-26T19:57:58.355Z] > git config --get commit.template [1813ms]
[2022-07-26T19:57:58.509Z] > git status -z -uall [32ms]
[2022-07-26T19:57:58.586Z] > git symbolic-ref --short HEAD [34ms]
[2022-07-26T19:57:58.632Z] > git for-each-ref --format=%(refname)%00%(upstream:short)%00%(objectname)%00%(upstream:track)%00%(upstream:remotename)%00%(upstream:remoteref) refs/heads/master refs/remotes/master [5ms]
[2022-07-26T19:57:58.688Z] > git for-each-ref --sort -committerdate --format %(refname) %(objectname) %(*objectname) [30ms]
[2022-07-26T19:57:58.690Z] > git remote --verbose [3ms]
[2022-07-26T19:57:58.751Z] > git config --get commit.template [22ms]
[2022-07-26T19:57:58.762Z] > git check-ignore -v -z --stdin [13ms]
[2022-07-26T19:59:23.424Z] > git add -A -- . [9ms]
[2022-07-26T19:59:23.448Z] > git -c user.useConfigOnly=true commit --quiet --allow-empty-message --file - [16ms]
[2022-07-26T19:59:23.462Z] > git status -z -uall [9ms]
[2022-07-26T19:59:23.472Z] > git symbolic-ref --short HEAD [2ms]
[2022-07-26T19:59:23.486Z] > git for-each-ref --format=%(refname)%00%(upstream:short)%00%(objectname)%00%(upstream:track)%00%(upstream:remotename)%00%(upstream:remoteref) refs/heads/master refs/remotes/master [3ms]
[2022-07-26T19:59:23.536Z] > git for-each-ref --sort -committerdate --format %(refname) %(objectname) %(*objectname) [35ms]
[2022-07-26T19:59:23.538Z] > git remote --verbose [6ms]
[2022-07-26T19:59:23.556Z] > git config --get commit.template [2ms]
[2022-07-26T19:59:23.570Z] > git config --get commit.template [2ms]
[2022-07-26T19:59:24.715Z] > git status -z -uall [19ms]
[2022-07-26T19:59:24.742Z] > git symbolic-ref --short HEAD [8ms]
[2022-07-26T19:59:24.756Z] > git for-each-ref --format=%(refname)%00%(upstream:short)%00%(objectname)%00%(upstream:track)%00%(upstream:remotename)%00%(upstream:remoteref) refs/heads/master refs/remotes/master [5ms]
[2022-07-26T19:59:24.773Z] > git for-each-ref --sort -committerdate --format %(refname) %(objectname) %(*objectname) [7ms]
[2022-07-26T19:59:24.774Z] > git remote --verbose [2ms]
[2022-07-26T19:59:24.788Z] > git config --get commit.template [3ms]
