[2022-07-21 14:26:05.902] [exthost] [info] Extension host with pid 7997 started
[2022-07-21 14:26:05.968] [exthost] [info] ExtensionService#_doActivateExtension vscode.microsoft-authentication, startup: false, activationEvent: 'onAuthenticationRequest:microsoft'
[2022-07-21 14:26:06.020] [exthost] [info] ExtensionService#_doActivateExtension vscode.debug-auto-launch, startup: true, activationEvent: '*'
[2022-07-21 14:26:06.023] [exthost] [info] ExtensionService#_doActivateExtension vscode.git-base, startup: true, activationEvent: '*', root cause: vscode.git
[2022-07-21 14:26:06.038] [exthost] [info] ExtensionService#_doActivateExtension vscode.ipynb, startup: true, activationEvent: '*'
[2022-07-21 14:26:06.230] [exthost] [info] ExtensionService#_doActivateExtension vscode.git, startup: true, activationEvent: '*'
[2022-07-21 14:26:06.304] [exthost] [info] ExtensionService#_doActivateExtension vscode.github, startup: true, activationEvent: '*'
[2022-07-21 14:26:06.494] [exthost] [info] Eager extensions activated
[2022-07-21 14:26:06.496] [exthost] [info] ExtensionService#_doActivateExtension vscode.github-authentication, startup: false, activationEvent: 'onAuthenticationRequest:github'
[2022-07-21 14:26:06.525] [exthost] [info] ExtensionService#_doActivateExtension vscode.emmet, startup: false, activationEvent: 'onStartupFinished'
[2022-07-21 14:26:06.531] [exthost] [info] ExtensionService#_doActivateExtension vscode.merge-conflict, startup: false, activationEvent: 'onStartupFinished'
[2022-07-21 14:26:06.537] [exthost] [info] ExtensionService#_doActivateExtension ritwickdey.LiveServer, startup: false, activationEvent: 'onStartupFinished'
[2022-07-21 14:28:31.669] [exthost] [info] ExtensionService#_doActivateExtension vscode.html-language-features, startup: false, activationEvent: 'onLanguage:html'
[2022-07-21 14:28:32.457] [exthost] [warning] [Decorations] CAPPING events from decorations provider vscode.git 2475
[2022-07-21 14:28:34.133] [exthost] [warning] [Decorations] CAPPING events from decorations provider vscode.git 2475
[2022-07-21 14:28:42.519] [exthost] [warning] [Decorations] CAPPING events from decorations provider vscode.git 2475
[2022-07-21 14:28:47.663] [exthost] [warning] [Decorations] CAPPING events from decorations provider vscode.git 2475
[2022-07-21 14:28:52.787] [exthost] [warning] [Decorations] CAPPING events from decorations provider vscode.git 2475
[2022-07-21 14:28:57.968] [exthost] [warning] [Decorations] CAPPING events from decorations provider vscode.git 2475
[2022-07-21 14:29:03.083] [exthost] [warning] [Decorations] CAPPING events from decorations provider vscode.git 2476
[2022-07-21 14:29:08.220] [exthost] [warning] [Decorations] CAPPING events from decorations provider vscode.git 2476
[2022-07-21 14:29:13.329] [exthost] [warning] [Decorations] CAPPING events from decorations provider vscode.git 2475
[2022-07-21 14:29:18.504] [exthost] [warning] [Decorations] CAPPING events from decorations provider vscode.git 2476
[2022-07-21 14:29:23.705] [exthost] [warning] [Decorations] CAPPING events from decorations provider vscode.git 2476
[2022-07-21 14:29:28.886] [exthost] [warning] [Decorations] CAPPING events from decorations provider vscode.git 2476
[2022-07-21 14:29:34.097] [exthost] [warning] [Decorations] CAPPING events from decorations provider vscode.git 2476
[2022-07-21 14:29:39.299] [exthost] [warning] [Decorations] CAPPING events from decorations provider vscode.git 2476
[2022-07-21 14:29:44.459] [exthost] [warning] [Decorations] CAPPING events from decorations provider vscode.git 2476
[2022-07-21 14:29:49.897] [exthost] [warning] [Decorations] CAPPING events from decorations provider vscode.git 2476
[2022-07-21 14:29:56.750] [exthost] [warning] [Decorations] CAPPING events from decorations provider vscode.git 2476
[2022-07-21 14:30:09.452] [exthost] [warning] [Decorations] CAPPING events from decorations provider vscode.git 2476
[2022-07-21 14:30:10.945] [exthost] [warning] [Decorations] CAPPING events from decorations provider vscode.git 2477
[2022-07-21 14:30:35.439] [exthost] [warning] [Decorations] CAPPING events from decorations provider vscode.git 2476
[2022-07-21 14:30:39.173] [exthost] [warning] [Decorations] CAPPING events from decorations provider vscode.git 2476
[2022-07-21 14:30:40.710] [exthost] [warning] [Decorations] CAPPING events from decorations provider vscode.git 2475
[2022-07-21 14:30:45.855] [exthost] [warning] [Decorations] CAPPING events from decorations provider vscode.git 2475
[2022-07-21 14:30:51.009] [exthost] [warning] [Decorations] CAPPING events from decorations provider vscode.git 2475
[2022-07-21 14:30:56.178] [exthost] [warning] [Decorations] CAPPING events from decorations provider vscode.git 2475
[2022-07-21 14:31:01.404] [exthost] [warning] [Decorations] CAPPING events from decorations provider vscode.git 2475
[2022-07-21 14:31:06.656] [exthost] [warning] [Decorations] CAPPING events from decorations provider vscode.git 2475
[2022-07-21 14:31:11.785] [exthost] [warning] [Decorations] CAPPING events from decorations provider vscode.git 2475
[2022-07-21 14:31:16.957] [exthost] [warning] [Decorations] CAPPING events from decorations provider vscode.git 2475
[2022-07-21 14:31:22.124] [exthost] [warning] [Decorations] CAPPING events from decorations provider vscode.git 2475
[2022-07-21 14:31:27.290] [exthost] [warning] [Decorations] CAPPING events from decorations provider vscode.git 2475
[2022-07-21 14:31:32.454] [exthost] [warning] [Decorations] CAPPING events from decorations provider vscode.git 2475
[2022-07-21 14:31:37.709] [exthost] [warning] [Decorations] CAPPING events from decorations provider vscode.git 2475
[2022-07-21 14:31:50.498] [exthost] [warning] [Decorations] CAPPING events from decorations provider vscode.git 2480
[2022-07-21 14:43:16.774] [exthost] [info] Extension host terminating: received terminate message from renderer
[2022-07-21 14:43:16.868] [exthost] [error] Canceled: Canceled
	at Object.L [as canceled] (/usr/share/code/resources/app/out/vs/workbench/api/node/extensionHostProcess.js:7:1204)
	at /usr/share/code/resources/app/out/vs/workbench/api/node/extensionHostProcess.js:95:9099
	at Array.forEach (<anonymous>)
	at s.dispose (/usr/share/code/resources/app/out/vs/workbench/api/node/extensionHostProcess.js:95:9047)
	at w.terminate (/usr/share/code/resources/app/out/vs/workbench/api/node/extensionHostProcess.js:97:10990)
	at w.terminate (/usr/share/code/resources/app/out/vs/workbench/api/node/extensionHostProcess.js:101:620)
	at m (/usr/share/code/resources/app/out/vs/workbench/api/node/extensionHostProcess.js:111:36671)
	at /usr/share/code/resources/app/out/vs/workbench/api/node/extensionHostProcess.js:111:34616
	at w.invoke (/usr/share/code/resources/app/out/vs/workbench/api/node/extensionHostProcess.js:61:145)
	at v.deliver (/usr/share/code/resources/app/out/vs/workbench/api/node/extensionHostProcess.js:61:2266)
	at p.fire (/usr/share/code/resources/app/out/vs/workbench/api/node/extensionHostProcess.js:61:1844)
	at a.fire (/usr/share/code/resources/app/out/vs/workbench/api/node/extensionHostProcess.js:69:18976)
	at r._receiveMessage (/usr/share/code/resources/app/out/vs/workbench/api/node/extensionHostProcess.js:69:23563)
	at /usr/share/code/resources/app/out/vs/workbench/api/node/extensionHostProcess.js:69:21097
	at w.invoke (/usr/share/code/resources/app/out/vs/workbench/api/node/extensionHostProcess.js:61:145)
	at v.deliver (/usr/share/code/resources/app/out/vs/workbench/api/node/extensionHostProcess.js:61:2266)
	at p.fire (/usr/share/code/resources/app/out/vs/workbench/api/node/extensionHostProcess.js:61:1844)
	at p.acceptChunk (/usr/share/code/resources/app/out/vs/workbench/api/node/extensionHostProcess.js:69:15807)
	at /usr/share/code/resources/app/out/vs/workbench/api/node/extensionHostProcess.js:69:14937
	at Socket.R (/usr/share/code/resources/app/out/vs/workbench/api/node/extensionHostProcess.js:111:13763)
	at Socket.emit (node:events:390:28)
	at addChunk (node:internal/streams/readable:315:12)
	at readableAddChunk (node:internal/streams/readable:289:9)
	at Socket.Readable.push (node:internal/streams/readable:228:10)
	at Pipe.onStreamRead (node:internal/stream_base_commons:199:23) git.commit {"value":"vscode.git","_lower":"vscode.git"}
[2022-07-21 14:43:16.870] [exthost] [error] Canceled: Canceled
	at Object.L [as canceled] (/usr/share/code/resources/app/out/vs/workbench/api/node/extensionHostProcess.js:7:1204)
	at /usr/share/code/resources/app/out/vs/workbench/api/node/extensionHostProcess.js:95:9099
	at Array.forEach (<anonymous>)
	at s.dispose (/usr/share/code/resources/app/out/vs/workbench/api/node/extensionHostProcess.js:95:9047)
	at w.terminate (/usr/share/code/resources/app/out/vs/workbench/api/node/extensionHostProcess.js:97:10990)
	at w.terminate (/usr/share/code/resources/app/out/vs/workbench/api/node/extensionHostProcess.js:101:620)
	at m (/usr/share/code/resources/app/out/vs/workbench/api/node/extensionHostProcess.js:111:36671)
	at /usr/share/code/resources/app/out/vs/workbench/api/node/extensionHostProcess.js:111:34616
	at w.invoke (/usr/share/code/resources/app/out/vs/workbench/api/node/extensionHostProcess.js:61:145)
	at v.deliver (/usr/share/code/resources/app/out/vs/workbench/api/node/extensionHostProcess.js:61:2266)
	at p.fire (/usr/share/code/resources/app/out/vs/workbench/api/node/extensionHostProcess.js:61:1844)
	at a.fire (/usr/share/code/resources/app/out/vs/workbench/api/node/extensionHostProcess.js:69:18976)
	at r._receiveMessage (/usr/share/code/resources/app/out/vs/workbench/api/node/extensionHostProcess.js:69:23563)
	at /usr/share/code/resources/app/out/vs/workbench/api/node/extensionHostProcess.js:69:21097
	at w.invoke (/usr/share/code/resources/app/out/vs/workbench/api/node/extensionHostProcess.js:61:145)
	at v.deliver (/usr/share/code/resources/app/out/vs/workbench/api/node/extensionHostProcess.js:61:2266)
	at p.fire (/usr/share/code/resources/app/out/vs/workbench/api/node/extensionHostProcess.js:61:1844)
	at p.acceptChunk (/usr/share/code/resources/app/out/vs/workbench/api/node/extensionHostProcess.js:69:15807)
	at /usr/share/code/resources/app/out/vs/workbench/api/node/extensionHostProcess.js:69:14937
	at Socket.R (/usr/share/code/resources/app/out/vs/workbench/api/node/extensionHostProcess.js:111:13763)
	at Socket.emit (node:events:390:28)
	at addChunk (node:internal/streams/readable:315:12)
	at readableAddChunk (node:internal/streams/readable:289:9)
	at Socket.Readable.push (node:internal/streams/readable:228:10)
	at Pipe.onStreamRead (node:internal/stream_base_commons:199:23) _vscode_delegate_cmd_l5vfc1s6 undefined
[2022-07-21 14:43:16.873] [exthost] [error] Error: read ECONNRESET
	at Pipe.onStreamRead (node:internal/stream_base_commons:220:20)
[2022-07-21 14:43:16.883] [exthost] [info] Extension host with pid 7997 exiting with code 0
[2022-07-21 14:43:19.990] [exthost] [info] Extension host with pid 10850 started
[2022-07-21 14:43:19.990] [exthost] [info] Skipping acquiring lock for /home/thebuffylow/.config/Code/User/workspaceStorage/e9541e8896d1b7cc8d74432f3a96f1d2.
[2022-07-21 14:43:20.136] [exthost] [info] ExtensionService#_doActivateExtension vscode.microsoft-authentication, startup: false, activationEvent: 'onAuthenticationRequest:microsoft'
[2022-07-21 14:43:20.182] [exthost] [info] ExtensionService#_doActivateExtension vscode.debug-auto-launch, startup: true, activationEvent: '*'
[2022-07-21 14:43:20.193] [exthost] [info] ExtensionService#_doActivateExtension vscode.git-base, startup: true, activationEvent: '*', root cause: vscode.git
[2022-07-21 14:43:20.195] [exthost] [info] ExtensionService#_doActivateExtension vscode.ipynb, startup: true, activationEvent: '*'
[2022-07-21 14:43:20.327] [exthost] [info] ExtensionService#_doActivateExtension vscode.git, startup: true, activationEvent: '*'
[2022-07-21 14:43:20.385] [exthost] [info] ExtensionService#_doActivateExtension vscode.github, startup: true, activationEvent: '*'
[2022-07-21 14:43:20.545] [exthost] [info] Eager extensions activated
[2022-07-21 14:43:20.635] [exthost] [info] ExtensionService#_doActivateExtension vscode.emmet, startup: false, activationEvent: 'onStartupFinished'
[2022-07-21 14:43:20.646] [exthost] [info] ExtensionService#_doActivateExtension vscode.merge-conflict, startup: false, activationEvent: 'onStartupFinished'
[2022-07-21 14:43:20.654] [exthost] [info] ExtensionService#_doActivateExtension ritwickdey.LiveServer, startup: false, activationEvent: 'onStartupFinished'
[2022-07-21 14:43:20.996] [exthost] [info] ExtensionService#_doActivateExtension vscode.github-authentication, startup: false, activationEvent: 'onAuthenticationRequest:github'
[2022-07-21 14:43:31.678] [exthost] [info] ExtensionService#_doActivateExtension vscode.html-language-features, startup: false, activationEvent: 'onLanguage:html'
