[2022-07-26 19:05:55.881] [main] [info] update#setState idle
[2022-07-26 19:05:58.970] [main] [info] Starting extension host with pid 6960 (fork() took 17 ms).
[2022-07-26 19:06:25.893] [main] [info] update#setState checking for updates
[2022-07-26 19:06:25.991] [main] [info] update#setState idle
[2022-07-26 20:06:26.210] [main] [info] update#setState checking for updates
[2022-07-26 20:06:26.498] [main] [info] update#setState idle
[2022-07-26 21:06:25.944] [main] [info] update#setState checking for updates
[2022-07-26 21:06:26.222] [main] [info] update#setState idle
[2022-07-26 22:06:26.047] [main] [info] update#setState checking for updates
[2022-07-26 22:06:26.322] [main] [info] update#setState idle
[2022-07-27 08:04:38.607] [main] [info] update#setState checking for updates
[2022-07-27 08:04:39.211] [main] [error] Error: net::ERR_NAME_NOT_RESOLVED
    at SimpleURLLoaderWrapper.<anonymous> (node:electron/js2c/browser_init:105:7047)
    at SimpleURLLoaderWrapper.emit (node:events:390:28)
[2022-07-27 08:04:39.211] [main] [info] update#setState idle
[2022-07-27 09:04:38.701] [main] [info] update#setState checking for updates
[2022-07-27 09:04:39.098] [main] [info] update#setState idle
[2022-07-27 13:11:52.217] [main] [info] update#setState checking for updates
[2022-07-27 13:11:52.139] [main] [error] Error: net::ERR_NAME_NOT_RESOLVED
    at SimpleURLLoaderWrapper.<anonymous> (node:electron/js2c/browser_init:105:7047)
    at SimpleURLLoaderWrapper.emit (node:events:390:28)
[2022-07-27 13:11:52.139] [main] [info] update#setState idle
[2022-07-27 14:11:51.692] [main] [info] update#setState checking for updates
[2022-07-27 14:11:51.980] [main] [info] update#setState idle
[2022-07-27 15:11:51.808] [main] [info] update#setState checking for updates
[2022-07-27 15:11:52.308] [main] [info] update#setState idle
[2022-07-27 16:11:51.959] [main] [info] update#setState checking for updates
[2022-07-27 16:11:52.429] [main] [info] update#setState idle
[2022-07-27 17:11:52.228] [main] [info] update#setState checking for updates
[2022-07-27 17:11:52.526] [main] [info] update#setState idle
[2022-07-27 18:11:52.333] [main] [info] update#setState checking for updates
[2022-07-27 18:11:52.710] [main] [info] update#setState idle
[2022-07-27 19:11:52.212] [main] [info] update#setState checking for updates
[2022-07-27 19:11:52.524] [main] [info] update#setState idle
