[2022-07-15T07:42:50.834Z] Log level: Info
[2022-07-15T07:42:50.842Z] [info] Validating found git in: git
[2022-07-15T07:42:50.963Z] [info] Using git 2.30.2 from git
[2022-07-15T07:42:51.006Z] > git rev-parse --show-toplevel [12ms]
[2022-07-15T07:42:51.029Z] > git rev-parse --git-dir --git-common-dir [2ms]
[2022-07-15T07:42:51.037Z] [info] Open repository: /home/thebuffylow/LC101/js-assignment-4-html-me-something-buffylow
[2022-07-15T07:42:51.862Z] > git status -z -uall [797ms]
[2022-07-15T07:42:51.883Z] > git check-ignore -v -z --stdin [30ms]
[2022-07-15T07:42:51.888Z] > git symbolic-ref --short HEAD [5ms]
[2022-07-15T07:42:51.908Z] > git for-each-ref --format=%(refname)%00%(upstream:short)%00%(objectname)%00%(upstream:track)%00%(upstream:remotename)%00%(upstream:remoteref) refs/heads/main refs/remotes/main [9ms]
[2022-07-15T07:42:51.945Z] > git for-each-ref --sort -committerdate --format %(refname) %(objectname) %(*objectname) [21ms]
[2022-07-15T07:42:51.952Z] > git remote --verbose [11ms]
[2022-07-15T07:42:51.997Z] > git config --get commit.template [13ms]
[2022-07-15T07:42:52.066Z] > git status -z -uall [47ms]
[2022-07-15T07:42:52.089Z] > git symbolic-ref --short HEAD [3ms]
[2022-07-15T07:42:52.111Z] > git for-each-ref --format=%(refname)%00%(upstream:short)%00%(objectname)%00%(upstream:track)%00%(upstream:remotename)%00%(upstream:remoteref) refs/heads/main refs/remotes/main [6ms]
[2022-07-15T07:42:52.134Z] > git for-each-ref --sort -committerdate --format %(refname) %(objectname) %(*objectname) [15ms]
[2022-07-15T07:42:52.139Z] > git remote --verbose [6ms]
[2022-07-15T07:42:52.175Z] > git config --get commit.template [5ms]
[2022-07-15T07:42:52.500Z] > git check-ignore -v -z --stdin [17ms]
[2022-07-15T07:46:44.003Z] > git check-ignore -v -z --stdin [7ms]
[2022-07-15T07:46:44.535Z] > git status -z -uall [54ms]
[2022-07-15T07:46:44.547Z] > git symbolic-ref --short HEAD [2ms]
[2022-07-15T07:46:44.557Z] > git for-each-ref --format=%(refname)%00%(upstream:short)%00%(objectname)%00%(upstream:track)%00%(upstream:remotename)%00%(upstream:remoteref) refs/heads/main refs/remotes/main [3ms]
[2022-07-15T07:46:44.570Z] > git for-each-ref --sort -committerdate --format %(refname) %(objectname) %(*objectname) [7ms]
[2022-07-15T07:46:44.571Z] > git remote --verbose [3ms]
[2022-07-15T07:46:44.589Z] > git config --get commit.template [10ms]
[2022-07-15T07:46:53.103Z] > git show --textconv :index.html [18ms]
[2022-07-15T07:46:53.125Z] > git ls-files --stage -- /home/thebuffylow/LC101/js-assignment-4-html-me-something-buffylow/index.html [24ms]
[2022-07-15T07:46:53.164Z] > git cat-file -s d7175024310b438876a841cb6b9a6fac1ddeb536 [5ms]
[2022-07-15T07:47:31.259Z] > git status -z -uall [29ms]
[2022-07-15T07:47:31.266Z] > git symbolic-ref --short HEAD [2ms]
[2022-07-15T07:47:31.273Z] > git for-each-ref --format=%(refname)%00%(upstream:short)%00%(objectname)%00%(upstream:track)%00%(upstream:remotename)%00%(upstream:remoteref) refs/heads/main refs/remotes/main [2ms]
[2022-07-15T07:47:31.285Z] > git for-each-ref --sort -committerdate --format %(refname) %(objectname) %(*objectname) [6ms]
[2022-07-15T07:47:31.286Z] > git remote --verbose [2ms]
[2022-07-15T07:47:31.296Z] > git config --get commit.template [2ms]
[2022-07-15T07:47:31.334Z] > git ls-files --stage -- /home/thebuffylow/LC101/js-assignment-4-html-me-something-buffylow/index.html [3ms]
[2022-07-15T07:47:31.342Z] > git cat-file -s d7175024310b438876a841cb6b9a6fac1ddeb536 [2ms]
[2022-07-15T07:47:31.355Z] > git show --textconv :index.html [3ms]
[2022-07-15T07:50:38.804Z] > git status -z -uall [26ms]
[2022-07-15T07:50:38.812Z] > git symbolic-ref --short HEAD [1ms]
[2022-07-15T07:50:38.820Z] > git for-each-ref --format=%(refname)%00%(upstream:short)%00%(objectname)%00%(upstream:track)%00%(upstream:remotename)%00%(upstream:remoteref) refs/heads/main refs/remotes/main [2ms]
[2022-07-15T07:50:38.831Z] > git for-each-ref --sort -committerdate --format %(refname) %(objectname) %(*objectname) [6ms]
[2022-07-15T07:50:38.832Z] > git remote --verbose [2ms]
[2022-07-15T07:50:38.843Z] > git config --get commit.template [3ms]
[2022-07-15T07:50:38.861Z] > git ls-files --stage -- /home/thebuffylow/LC101/js-assignment-4-html-me-something-buffylow/index.html [3ms]
[2022-07-15T07:50:38.868Z] > git cat-file -s d7175024310b438876a841cb6b9a6fac1ddeb536 [2ms]
[2022-07-15T07:50:38.881Z] > git show --textconv :index.html [3ms]
[2022-07-15T07:51:00.910Z] > git status -z -uall [29ms]
[2022-07-15T07:51:00.917Z] > git symbolic-ref --short HEAD [1ms]
[2022-07-15T07:51:00.924Z] > git for-each-ref --format=%(refname)%00%(upstream:short)%00%(objectname)%00%(upstream:track)%00%(upstream:remotename)%00%(upstream:remoteref) refs/heads/main refs/remotes/main [2ms]
[2022-07-15T07:51:00.937Z] > git for-each-ref --sort -committerdate --format %(refname) %(objectname) %(*objectname) [8ms]
[2022-07-15T07:51:00.938Z] > git remote --verbose [2ms]
[2022-07-15T07:51:00.947Z] > git config --get commit.template [2ms]
[2022-07-15T07:51:00.975Z] > git ls-files --stage -- /home/thebuffylow/LC101/js-assignment-4-html-me-something-buffylow/index.html [3ms]
[2022-07-15T07:51:00.982Z] > git cat-file -s 3e116c458fa876da685eb94cca95dbac638c91c1 [2ms]
[2022-07-15T07:51:00.995Z] > git show --textconv :index.html [4ms]
[2022-07-15T07:51:11.838Z] > git status -z -uall [24ms]
[2022-07-15T07:51:11.845Z] > git symbolic-ref --short HEAD [2ms]
[2022-07-15T07:51:11.852Z] > git for-each-ref --format=%(refname)%00%(upstream:short)%00%(objectname)%00%(upstream:track)%00%(upstream:remotename)%00%(upstream:remoteref) refs/heads/main refs/remotes/main [2ms]
[2022-07-15T07:51:11.864Z] > git for-each-ref --sort -committerdate --format %(refname) %(objectname) %(*objectname) [7ms]
[2022-07-15T07:51:11.864Z] > git remote --verbose [1ms]
[2022-07-15T07:51:11.874Z] > git config --get commit.template [2ms]
[2022-07-15T07:51:11.910Z] > git ls-files --stage -- /home/thebuffylow/LC101/js-assignment-4-html-me-something-buffylow/index.html [3ms]
[2022-07-15T07:51:11.917Z] > git cat-file -s 3e116c458fa876da685eb94cca95dbac638c91c1 [2ms]
[2022-07-15T07:51:11.928Z] > git show --textconv :index.html [2ms]
[2022-07-15T07:53:23.591Z] > git check-ignore -v -z --stdin [3ms]
[2022-07-15T07:53:50.615Z] > git add -A -- /home/thebuffylow/LC101/js-assignment-4-html-me-something-buffylow/index.html [27ms]
[2022-07-15T07:53:50.677Z] > git status -z -uall [49ms]
[2022-07-15T07:53:50.686Z] > git symbolic-ref --short HEAD [2ms]
[2022-07-15T07:53:50.702Z] > git for-each-ref --format=%(refname)%00%(upstream:short)%00%(objectname)%00%(upstream:track)%00%(upstream:remotename)%00%(upstream:remoteref) refs/heads/main refs/remotes/main [4ms]
[2022-07-15T07:53:50.728Z] > git remote --verbose [4ms]
[2022-07-15T07:53:50.732Z] > git for-each-ref --sort -committerdate --format %(refname) %(objectname) %(*objectname) [20ms]
[2022-07-15T07:53:50.760Z] > git config --get commit.template [8ms]
[2022-07-15T07:53:50.876Z] > git -c user.useConfigOnly=true commit --quiet --allow-empty-message --file - [98ms]
[2022-07-15T07:53:50.973Z] > git status -z -uall [72ms]
[2022-07-15T07:53:50.991Z] > git symbolic-ref --short HEAD [8ms]
[2022-07-15T07:53:51.012Z] > git for-each-ref --format=%(refname)%00%(upstream:short)%00%(objectname)%00%(upstream:track)%00%(upstream:remotename)%00%(upstream:remoteref) refs/heads/main refs/remotes/main [12ms]
[2022-07-15T07:53:51.048Z] > git for-each-ref --sort -committerdate --format %(refname) %(objectname) %(*objectname) [24ms]
[2022-07-15T07:53:51.055Z] > git remote --verbose [9ms]
[2022-07-15T07:53:51.082Z] > git config --get commit.template [5ms]
[2022-07-15T07:53:51.111Z] > git config --get commit.template [9ms]
[2022-07-15T07:53:52.663Z] > git status -z -uall [138ms]
[2022-07-15T07:53:52.679Z] > git ls-files --stage -- /home/thebuffylow/LC101/js-assignment-4-html-me-something-buffylow/index.html [22ms]
[2022-07-15T07:53:52.692Z] > git symbolic-ref --short HEAD [16ms]
[2022-07-15T07:53:52.707Z] > git cat-file -s 91f85be0fa0130e6031829f2eb224af39a85dce5 [16ms]
[2022-07-15T07:53:52.716Z] > git for-each-ref --format=%(refname)%00%(upstream:short)%00%(objectname)%00%(upstream:track)%00%(upstream:remotename)%00%(upstream:remoteref) refs/heads/main refs/remotes/main [9ms]
[2022-07-15T07:53:52.742Z] > git for-each-ref --sort -committerdate --format %(refname) %(objectname) %(*objectname) [11ms]
[2022-07-15T07:53:52.759Z] > git show --textconv :index.html [3ms]
[2022-07-15T07:53:52.760Z] > git remote --verbose [20ms]
[2022-07-15T07:53:52.794Z] > git config --get commit.template [17ms]
[2022-07-15T07:53:56.925Z] > git ls-tree -l HEAD -- /home/thebuffylow/LC101/js-assignment-4-html-me-something-buffylow/Images/AOL.JPG [16ms]
[2022-07-15T07:53:56.928Z] > git ls-tree -l HEAD -- /home/thebuffylow/LC101/js-assignment-4-html-me-something-buffylow/Images/AOL.JPG [26ms]
[2022-07-15T07:54:05.967Z] > git add -A -- . [57ms]
[2022-07-15T07:54:07.041Z] > git show --textconv :.git/COMMIT_EDITMSG [24ms]
[2022-07-15T07:54:07.043Z] > git ls-files --stage -- /home/thebuffylow/LC101/js-assignment-4-html-me-something-buffylow/.git/COMMIT_EDITMSG [4ms]
[2022-07-15T07:54:07.225Z] > git check-ignore -v -z --stdin [7ms]
[2022-07-15T07:54:07.255Z] > git ls-files --stage -- /home/thebuffylow/LC101/js-assignment-4-html-me-something-buffylow/.git/COMMIT_EDITMSG [6ms]
[2022-07-15T07:54:07.465Z] > git show --textconv :.git/COMMIT_EDITMSG [70ms]
[2022-07-15T07:54:17.429Z] > git -c user.useConfigOnly=true commit --quiet [11457ms]
[2022-07-15T07:54:17.429Z] Aborting commit due to empty commit message.
[2022-07-15T07:54:17.787Z] > git show --textconv :index.html [35ms]
[2022-07-15T07:54:17.819Z] > git ls-files --stage -- /home/thebuffylow/LC101/js-assignment-4-html-me-something-buffylow/index.html [42ms]
[2022-07-15T07:54:17.854Z] > git cat-file -s 91f85be0fa0130e6031829f2eb224af39a85dce5 [12ms]
[2022-07-15T07:54:25.419Z] > git add -A -- . [29ms]
[2022-07-15T07:54:25.490Z] > git -c user.useConfigOnly=true commit --quiet --allow-empty-message --file - [52ms]
[2022-07-15T07:54:25.573Z] > git status -z -uall [56ms]
[2022-07-15T07:54:25.591Z] > git symbolic-ref --short HEAD [5ms]
[2022-07-15T07:54:25.630Z] > git for-each-ref --format=%(refname)%00%(upstream:short)%00%(objectname)%00%(upstream:track)%00%(upstream:remotename)%00%(upstream:remoteref) refs/heads/main refs/remotes/main [22ms]
[2022-07-15T07:54:25.693Z] > git for-each-ref --sort -committerdate --format %(refname) %(objectname) %(*objectname) [44ms]
[2022-07-15T07:54:25.699Z] > git remote --verbose [14ms]
[2022-07-15T07:54:25.719Z] > git config --get commit.template [3ms]
[2022-07-15T07:54:25.737Z] > git config --get commit.template [4ms]
[2022-07-15T07:54:26.700Z] > git ls-files --stage -- /home/thebuffylow/LC101/js-assignment-4-html-me-something-buffylow/index.html [9ms]
[2022-07-15T07:54:26.726Z] > git cat-file -s 91f85be0fa0130e6031829f2eb224af39a85dce5 [8ms]
[2022-07-15T07:54:26.766Z] > git show --textconv :index.html [12ms]
[2022-07-15T07:55:08.493Z] > git status -z -uall [82ms]
[2022-07-15T07:55:08.514Z] > git symbolic-ref --short HEAD [4ms]
[2022-07-15T07:55:08.524Z] > git for-each-ref --format=%(refname)%00%(upstream:short)%00%(objectname)%00%(upstream:track)%00%(upstream:remotename)%00%(upstream:remoteref) refs/heads/main refs/remotes/main [4ms]
[2022-07-15T07:55:08.553Z] > git for-each-ref --sort -committerdate --format %(refname) %(objectname) %(*objectname) [15ms]
[2022-07-15T07:55:08.561Z] > git remote --verbose [13ms]
[2022-07-15T07:55:08.583Z] > git config --get commit.template [3ms]
[2022-07-15T07:57:13.517Z] > git status -z -uall [18ms]
[2022-07-15T07:57:13.525Z] > git symbolic-ref --short HEAD [1ms]
[2022-07-15T07:57:13.532Z] > git for-each-ref --format=%(refname)%00%(upstream:short)%00%(objectname)%00%(upstream:track)%00%(upstream:remotename)%00%(upstream:remoteref) refs/heads/main refs/remotes/main [2ms]
[2022-07-15T07:57:13.544Z] > git for-each-ref --sort -committerdate --format %(refname) %(objectname) %(*objectname) [6ms]
[2022-07-15T07:57:13.544Z] > git remote --verbose [1ms]
[2022-07-15T07:57:13.554Z] > git config --get commit.template [2ms]
[2022-07-15T07:57:13.596Z] > git ls-files --stage -- /home/thebuffylow/LC101/js-assignment-4-html-me-something-buffylow/index.html [2ms]
[2022-07-15T07:57:13.602Z] > git cat-file -s 91f85be0fa0130e6031829f2eb224af39a85dce5 [1ms]
[2022-07-15T07:57:13.618Z] > git show --textconv :index.html [3ms]
[2022-07-15T08:06:55.006Z] > git add -A -- /home/thebuffylow/LC101/js-assignment-4-html-me-something-buffylow/index.html [38ms]
[2022-07-15T08:06:55.057Z] > git status -z -uall [38ms]
[2022-07-15T08:06:55.074Z] > git symbolic-ref --short HEAD [9ms]
[2022-07-15T08:06:55.087Z] > git for-each-ref --format=%(refname)%00%(upstream:short)%00%(objectname)%00%(upstream:track)%00%(upstream:remotename)%00%(upstream:remoteref) refs/heads/main refs/remotes/main [6ms]
[2022-07-15T08:06:55.112Z] > git remote --verbose [6ms]
[2022-07-15T08:06:55.112Z] > git for-each-ref --sort -committerdate --format %(refname) %(objectname) %(*objectname) [13ms]
[2022-07-15T08:06:55.130Z] > git config --get commit.template [3ms]
[2022-07-15T08:06:55.194Z] > git -c user.useConfigOnly=true commit --quiet --allow-empty-message --file - [55ms]
[2022-07-15T08:06:55.256Z] > git status -z -uall [50ms]
[2022-07-15T08:06:55.268Z] > git symbolic-ref --short HEAD [3ms]
[2022-07-15T08:06:55.284Z] > git for-each-ref --format=%(refname)%00%(upstream:short)%00%(objectname)%00%(upstream:track)%00%(upstream:remotename)%00%(upstream:remoteref) refs/heads/main refs/remotes/main [8ms]
[2022-07-15T08:06:55.332Z] > git for-each-ref --sort -committerdate --format %(refname) %(objectname) %(*objectname) [38ms]
[2022-07-15T08:06:55.343Z] > git remote --verbose [14ms]
[2022-07-15T08:06:55.381Z] > git config --get commit.template [5ms]
[2022-07-15T08:06:55.412Z] > git config --get commit.template [15ms]
[2022-07-15T08:06:56.583Z] > git status -z -uall [58ms]
[2022-07-15T08:06:56.609Z] > git symbolic-ref --short HEAD [9ms]
[2022-07-15T08:06:56.664Z] > git for-each-ref --format=%(refname)%00%(upstream:short)%00%(objectname)%00%(upstream:track)%00%(upstream:remotename)%00%(upstream:remoteref) refs/heads/main refs/remotes/main [27ms]
[2022-07-15T08:06:56.718Z] > git for-each-ref --sort -committerdate --format %(refname) %(objectname) %(*objectname) [24ms]
[2022-07-15T08:06:56.718Z] > git ls-files --stage -- /home/thebuffylow/LC101/js-assignment-4-html-me-something-buffylow/index.html [56ms]
[2022-07-15T08:06:56.739Z] > git remote --verbose [24ms]
[2022-07-15T08:06:56.764Z] > git cat-file -s 3c1af0bda5b612e718444d8e89911f9c37d5aa52 [27ms]
[2022-07-15T08:06:56.765Z] > git config --get commit.template [2ms]
[2022-07-15T08:06:56.812Z] > git show --textconv :index.html [9ms]
[2022-07-15T08:07:04.760Z] > git status -z -uall [46ms]
[2022-07-15T08:07:04.773Z] > git symbolic-ref --short HEAD [5ms]
[2022-07-15T08:07:04.792Z] > git for-each-ref --format=%(refname)%00%(upstream:short)%00%(objectname)%00%(upstream:track)%00%(upstream:remotename)%00%(upstream:remoteref) refs/heads/main refs/remotes/main [5ms]
[2022-07-15T08:07:04.833Z] > git for-each-ref --sort -committerdate --format %(refname) %(objectname) %(*objectname) [26ms]
[2022-07-15T08:07:04.837Z] > git remote --verbose [7ms]
[2022-07-15T08:07:04.890Z] > git ls-files --stage -- /home/thebuffylow/LC101/js-assignment-4-html-me-something-buffylow/index.html [20ms]
[2022-07-15T08:07:04.908Z] > git cat-file -s 3c1af0bda5b612e718444d8e89911f9c37d5aa52 [1ms]
[2022-07-15T08:07:04.910Z] > git config --get commit.template [24ms]
[2022-07-15T08:07:04.929Z] > git show --textconv :index.html [4ms]
[2022-07-15T08:13:10.847Z] > git show --textconv :styles.css [14ms]
[2022-07-15T08:13:10.862Z] > git ls-files --stage -- /home/thebuffylow/LC101/js-assignment-4-html-me-something-buffylow/styles.css [17ms]
[2022-07-15T08:13:10.896Z] > git cat-file -s 501c5c147254c76526862d67c08eaa7fcee9d8d9 [10ms]
[2022-07-15T08:13:58.922Z] > git status -z -uall [57ms]
[2022-07-15T08:13:58.942Z] > git symbolic-ref --short HEAD [9ms]
[2022-07-15T08:13:58.965Z] > git for-each-ref --format=%(refname)%00%(upstream:short)%00%(objectname)%00%(upstream:track)%00%(upstream:remotename)%00%(upstream:remoteref) refs/heads/main refs/remotes/main [6ms]
[2022-07-15T08:13:58.992Z] > git for-each-ref --sort -committerdate --format %(refname) %(objectname) %(*objectname) [17ms]
[2022-07-15T08:13:58.995Z] > git remote --verbose [4ms]
[2022-07-15T08:13:59.027Z] > git config --get commit.template [7ms]
[2022-07-15T08:14:35.387Z] > git show --textconv :index.html [11ms]
[2022-07-15T08:14:35.392Z] > git ls-files --stage -- /home/thebuffylow/LC101/js-assignment-4-html-me-something-buffylow/index.html [6ms]
[2022-07-15T08:14:35.401Z] > git cat-file -s 3c1af0bda5b612e718444d8e89911f9c37d5aa52 [3ms]
[2022-07-15T08:15:13.132Z] > git show --textconv :styles.css [15ms]
[2022-07-15T08:15:13.133Z] > git ls-files --stage -- /home/thebuffylow/LC101/js-assignment-4-html-me-something-buffylow/styles.css [3ms]
[2022-07-15T08:15:13.141Z] > git cat-file -s 501c5c147254c76526862d67c08eaa7fcee9d8d9 [1ms]
[2022-07-15T08:15:15.874Z] > git ls-files --stage -- /home/thebuffylow/LC101/js-assignment-4-html-me-something-buffylow/index.html [11ms]
[2022-07-15T08:15:15.895Z] > git cat-file -s 3c1af0bda5b612e718444d8e89911f9c37d5aa52 [5ms]
[2022-07-15T08:15:15.898Z] > git show --textconv :index.html [54ms]
[2022-07-15T08:17:59.583Z] > git show --textconv :styles.css [13ms]
[2022-07-15T08:17:59.589Z] > git ls-files --stage -- /home/thebuffylow/LC101/js-assignment-4-html-me-something-buffylow/styles.css [8ms]
[2022-07-15T08:17:59.599Z] > git cat-file -s 501c5c147254c76526862d67c08eaa7fcee9d8d9 [3ms]
[2022-07-15T08:18:41.633Z] > git status -z -uall [29ms]
[2022-07-15T08:18:41.668Z] > git symbolic-ref --short HEAD [13ms]
[2022-07-15T08:18:41.685Z] > git for-each-ref --format=%(refname)%00%(upstream:short)%00%(objectname)%00%(upstream:track)%00%(upstream:remotename)%00%(upstream:remoteref) refs/heads/main refs/remotes/main [3ms]
[2022-07-15T08:18:41.705Z] > git for-each-ref --sort -committerdate --format %(refname) %(objectname) %(*objectname) [8ms]
[2022-07-15T08:18:41.710Z] > git remote --verbose [6ms]
[2022-07-15T08:18:41.734Z] > git config --get commit.template [4ms]
[2022-07-15T08:22:00.397Z] > git status -z -uall [63ms]
[2022-07-15T08:22:00.428Z] > git symbolic-ref --short HEAD [4ms]
[2022-07-15T08:22:00.448Z] > git for-each-ref --format=%(refname)%00%(upstream:short)%00%(objectname)%00%(upstream:track)%00%(upstream:remotename)%00%(upstream:remoteref) refs/heads/main refs/remotes/main [6ms]
[2022-07-15T08:22:00.472Z] > git for-each-ref --sort -committerdate --format %(refname) %(objectname) %(*objectname) [14ms]
[2022-07-15T08:22:00.475Z] > git remote --verbose [4ms]
[2022-07-15T08:22:00.494Z] > git config --get commit.template [3ms]
[2022-07-15T08:22:51.665Z] > git add -A -- . [54ms]
[2022-07-15T08:22:51.723Z] > git -c user.useConfigOnly=true commit --quiet --allow-empty-message --file - [46ms]
[2022-07-15T08:22:51.762Z] > git status -z -uall [28ms]
[2022-07-15T08:22:51.779Z] > git symbolic-ref --short HEAD [10ms]
[2022-07-15T08:22:51.795Z] > git for-each-ref --format=%(refname)%00%(upstream:short)%00%(objectname)%00%(upstream:track)%00%(upstream:remotename)%00%(upstream:remoteref) refs/heads/main refs/remotes/main [9ms]
[2022-07-15T08:22:51.810Z] > git for-each-ref --sort -committerdate --format %(refname) %(objectname) %(*objectname) [9ms]
[2022-07-15T08:22:51.814Z] > git remote --verbose [5ms]
[2022-07-15T08:22:51.831Z] > git config --get commit.template [3ms]
[2022-07-15T08:22:51.865Z] > git config --get commit.template [2ms]
[2022-07-15T08:22:52.918Z] > git ls-files --stage -- /home/thebuffylow/LC101/js-assignment-4-html-me-something-buffylow/styles.css [4ms]
[2022-07-15T08:22:52.933Z] > git cat-file -s 022a5c539b3d5f4f93df29e0238c954bd1b8f289 [3ms]
[2022-07-15T08:22:52.949Z] > git show --textconv :styles.css [4ms]
[2022-07-15T08:23:02.435Z] > git status -z -uall [25ms]
[2022-07-15T08:23:02.454Z] > git symbolic-ref --short HEAD [3ms]
[2022-07-15T08:23:02.470Z] > git for-each-ref --format=%(refname)%00%(upstream:short)%00%(objectname)%00%(upstream:track)%00%(upstream:remotename)%00%(upstream:remoteref) refs/heads/main refs/remotes/main [3ms]
[2022-07-15T08:23:02.491Z] > git for-each-ref --sort -committerdate --format %(refname) %(objectname) %(*objectname) [7ms]
[2022-07-15T08:23:02.492Z] > git remote --verbose [2ms]
[2022-07-15T08:23:02.524Z] > git config --get commit.template [2ms]
[2022-07-15T08:23:02.572Z] > git ls-files --stage -- /home/thebuffylow/LC101/js-assignment-4-html-me-something-buffylow/styles.css [10ms]
[2022-07-15T08:23:02.585Z] > git cat-file -s 022a5c539b3d5f4f93df29e0238c954bd1b8f289 [4ms]
[2022-07-15T08:23:02.622Z] > git show --textconv :styles.css [18ms]
[2022-07-15T08:33:41.683Z] > git show --textconv :index.html [13ms]
[2022-07-15T08:33:41.685Z] > git ls-files --stage -- /home/thebuffylow/LC101/js-assignment-4-html-me-something-buffylow/index.html [3ms]
[2022-07-15T08:33:41.695Z] > git cat-file -s f94e0bde63ff2673a24cefa1b979d119386cb7e9 [3ms]
[2022-07-15T08:34:18.973Z] > git status -z -uall [107ms]
[2022-07-15T08:34:18.993Z] > git symbolic-ref --short HEAD [7ms]
[2022-07-15T08:34:19.014Z] > git for-each-ref --format=%(refname)%00%(upstream:short)%00%(objectname)%00%(upstream:track)%00%(upstream:remotename)%00%(upstream:remoteref) refs/heads/main refs/remotes/main [6ms]
[2022-07-15T08:34:19.044Z] > git for-each-ref --sort -committerdate --format %(refname) %(objectname) %(*objectname) [21ms]
[2022-07-15T08:34:19.053Z] > git remote --verbose [11ms]
[2022-07-15T08:34:19.103Z] > git config --get commit.template [6ms]
[2022-07-15T08:34:36.263Z] > git show --textconv :styles.css [27ms]
[2022-07-15T08:34:36.273Z] > git ls-files --stage -- /home/thebuffylow/LC101/js-assignment-4-html-me-something-buffylow/styles.css [21ms]
[2022-07-15T08:34:36.301Z] > git cat-file -s 022a5c539b3d5f4f93df29e0238c954bd1b8f289 [8ms]
[2022-07-15T08:35:02.212Z] > git status -z -uall [81ms]
[2022-07-15T08:35:02.269Z] > git symbolic-ref --short HEAD [26ms]
[2022-07-15T08:35:02.297Z] > git for-each-ref --format=%(refname)%00%(upstream:short)%00%(objectname)%00%(upstream:track)%00%(upstream:remotename)%00%(upstream:remoteref) refs/heads/main refs/remotes/main [4ms]
[2022-07-15T08:35:02.339Z] > git for-each-ref --sort -committerdate --format %(refname) %(objectname) %(*objectname) [28ms]
[2022-07-15T08:35:02.344Z] > git remote --verbose [9ms]
[2022-07-15T08:35:02.392Z] > git config --get commit.template [8ms]
[2022-07-15T08:38:05.149Z] > git status -z -uall [40ms]
[2022-07-15T08:38:05.167Z] > git symbolic-ref --short HEAD [6ms]
[2022-07-15T08:38:05.229Z] > git for-each-ref --format=%(refname)%00%(upstream:short)%00%(objectname)%00%(upstream:track)%00%(upstream:remotename)%00%(upstream:remoteref) refs/heads/main refs/remotes/main [23ms]
[2022-07-15T08:38:05.294Z] > git for-each-ref --sort -committerdate --format %(refname) %(objectname) %(*objectname) [54ms]
[2022-07-15T08:38:05.302Z] > git remote --verbose [14ms]
[2022-07-15T08:38:05.333Z] > git config --get commit.template [6ms]
[2022-07-15T08:38:27.454Z] > git show --textconv :index.html [15ms]
[2022-07-15T08:38:27.459Z] > git ls-files --stage -- /home/thebuffylow/LC101/js-assignment-4-html-me-something-buffylow/index.html [6ms]
[2022-07-15T08:38:27.473Z] > git cat-file -s f94e0bde63ff2673a24cefa1b979d119386cb7e9 [6ms]
[2022-07-15T08:39:02.047Z] > git status -z -uall [41ms]
[2022-07-15T08:39:02.067Z] > git symbolic-ref --short HEAD [3ms]
[2022-07-15T08:39:02.086Z] > git for-each-ref --format=%(refname)%00%(upstream:short)%00%(objectname)%00%(upstream:track)%00%(upstream:remotename)%00%(upstream:remoteref) refs/heads/main refs/remotes/main [6ms]
[2022-07-15T08:39:02.128Z] > git for-each-ref --sort -committerdate --format %(refname) %(objectname) %(*objectname) [35ms]
[2022-07-15T08:39:02.133Z] > git remote --verbose [7ms]
[2022-07-15T08:39:02.216Z] > git config --get commit.template [8ms]
[2022-07-15T08:40:02.322Z] > git add -A -- . [51ms]
[2022-07-15T08:40:02.431Z] > git -c user.useConfigOnly=true commit --quiet --allow-empty-message --file - [83ms]
[2022-07-15T08:40:02.501Z] > git status -z -uall [56ms]
[2022-07-15T08:40:02.519Z] > git symbolic-ref --short HEAD [7ms]
[2022-07-15T08:40:02.534Z] > git for-each-ref --format=%(refname)%00%(upstream:short)%00%(objectname)%00%(upstream:track)%00%(upstream:remotename)%00%(upstream:remoteref) refs/heads/main refs/remotes/main [8ms]
[2022-07-15T08:40:02.555Z] > git for-each-ref --sort -committerdate --format %(refname) %(objectname) %(*objectname) [14ms]
[2022-07-15T08:40:02.556Z] > git remote --verbose [3ms]
[2022-07-15T08:40:02.572Z] > git config --get commit.template [1ms]
[2022-07-15T08:40:02.591Z] > git config --get commit.template [2ms]
[2022-07-15T08:40:03.628Z] > git ls-files --stage -- /home/thebuffylow/LC101/js-assignment-4-html-me-something-buffylow/index.html [17ms]
[2022-07-15T08:40:03.641Z] > git cat-file -s 8304f44d82d834dfb61bd91c54f92371d111c494 [2ms]
[2022-07-15T08:40:03.672Z] > git show --textconv :index.html [5ms]
[2022-07-15T08:40:09.804Z] > git status -z -uall [33ms]
[2022-07-15T08:40:09.815Z] > git symbolic-ref --short HEAD [2ms]
[2022-07-15T08:40:09.828Z] > git for-each-ref --format=%(refname)%00%(upstream:short)%00%(objectname)%00%(upstream:track)%00%(upstream:remotename)%00%(upstream:remoteref) refs/heads/main refs/remotes/main [2ms]
[2022-07-15T08:40:09.849Z] > git remote --verbose [2ms]
[2022-07-15T08:40:09.849Z] > git for-each-ref --sort -committerdate --format %(refname) %(objectname) %(*objectname) [15ms]
[2022-07-15T08:40:09.863Z] > git config --get commit.template [3ms]
[2022-07-15T08:40:09.907Z] > git ls-files --stage -- /home/thebuffylow/LC101/js-assignment-4-html-me-something-buffylow/index.html [6ms]
[2022-07-15T08:40:09.917Z] > git cat-file -s 8304f44d82d834dfb61bd91c54f92371d111c494 [2ms]
[2022-07-15T08:40:09.938Z] > git show --textconv :index.html [5ms]
[2022-07-15T08:42:39.896Z] > git show --textconv :styles.css [9ms]
[2022-07-15T08:42:39.904Z] > git ls-files --stage -- /home/thebuffylow/LC101/js-assignment-4-html-me-something-buffylow/styles.css [9ms]
[2022-07-15T08:42:39.917Z] > git cat-file -s dcfee9000d2d4935c403dff94ba667d64b030558 [6ms]
[2022-07-15T08:43:36.585Z] > git log --oneline --cherry main...main@{upstream} -- [11ms]
[2022-07-15T08:43:37.208Z] > git pull --tags origin main [585ms]
[2022-07-15T08:43:37.208Z] hint: Pulling without specifying how to reconcile divergent branches is
hint: discouraged. You can squelch this message by running one of the following
hint: commands sometime before your next pull:
hint: 
hint:   git config pull.rebase false  # merge (the default strategy)
hint:   git config pull.rebase true   # rebase
hint:   git config pull.ff only       # fast-forward only
hint: 
hint: You can replace "git config" with "git config --global" to set a default
hint: preference for all repositories. You can also pass --rebase, --no-rebase,
hint: or --ff-only on the command line to override the configured default per
hint: invocation.
From https://github.com/Stl-LC101-MAY-2022/js-assignment-4-html-me-something-buffylow
 * branch            main       -> FETCH_HEAD
[2022-07-15T08:43:37.274Z] > git status -z -uall [50ms]
[2022-07-15T08:43:37.292Z] > git symbolic-ref --short HEAD [7ms]
[2022-07-15T08:43:37.315Z] > git for-each-ref --format=%(refname)%00%(upstream:short)%00%(objectname)%00%(upstream:track)%00%(upstream:remotename)%00%(upstream:remoteref) refs/heads/main refs/remotes/main [6ms]
[2022-07-15T08:43:37.345Z] > git for-each-ref --sort -committerdate --format %(refname) %(objectname) %(*objectname) [21ms]
[2022-07-15T08:43:37.348Z] > git remote --verbose [10ms]
[2022-07-15T08:43:37.374Z] > git config --get commit.template [4ms]
[2022-07-15T08:43:38.425Z] > git ls-files --stage -- /home/thebuffylow/LC101/js-assignment-4-html-me-something-buffylow/styles.css [12ms]
[2022-07-15T08:43:38.438Z] > git cat-file -s dcfee9000d2d4935c403dff94ba667d64b030558 [1ms]
[2022-07-15T08:43:38.452Z] > git show --textconv :styles.css [3ms]
