[2022-08-01T16:38:12.052Z] Log level: Info
[2022-08-01T16:38:12.059Z] [info] Validating found git in: git
[2022-08-01T16:38:12.128Z] [info] Using git 2.30.2 from git
[2022-08-01T16:38:12.320Z] > git rev-parse --show-toplevel [12ms]
[2022-08-01T16:38:12.365Z] > git rev-parse --git-dir --git-common-dir [9ms]
[2022-08-01T16:38:12.369Z] [info] Open repository: /home/thebuffylow
[2022-08-01T16:38:13.607Z] > git check-ignore -v -z --stdin [39ms]
[2022-08-01T16:38:14.130Z] > git check-ignore -v -z --stdin [30ms]
[2022-08-01T16:38:14.447Z] > git status -z -uall [2063ms]
[2022-08-01T16:38:14.457Z] > git symbolic-ref --short HEAD [3ms]
[2022-08-01T16:38:14.471Z] > git for-each-ref --format=%(refname)%00%(upstream:short)%00%(objectname)%00%(upstream:track)%00%(upstream:remotename)%00%(upstream:remoteref) refs/heads/main refs/remotes/main [4ms]
[2022-08-01T16:38:14.493Z] > git for-each-ref --sort -committerdate --format %(refname) %(objectname) %(*objectname) [16ms]
[2022-08-01T16:38:14.498Z] > git remote --verbose [7ms]
[2022-08-01T16:38:16.870Z] > git config --get commit.template [31ms]
[2022-08-01T16:38:17.614Z] > git status -z -uall [704ms]
[2022-08-01T16:38:17.708Z] > git symbolic-ref --short HEAD [53ms]
[2022-08-01T16:38:17.738Z] > git for-each-ref --format=%(refname)%00%(upstream:short)%00%(objectname)%00%(upstream:track)%00%(upstream:remotename)%00%(upstream:remoteref) refs/heads/main refs/remotes/main [10ms]
[2022-08-01T16:38:17.761Z] > git for-each-ref --sort -committerdate --format %(refname) %(objectname) %(*objectname) [14ms]
[2022-08-01T16:38:17.773Z] > git remote --verbose [14ms]
[2022-08-01T16:38:22.290Z] > git config --get commit.template [40ms]
[2022-08-01T16:38:23.744Z] > git status -z -uall [281ms]
[2022-08-01T16:38:23.754Z] > git symbolic-ref --short HEAD [3ms]
[2022-08-01T16:38:23.763Z] > git for-each-ref --format=%(refname)%00%(upstream:short)%00%(objectname)%00%(upstream:track)%00%(upstream:remotename)%00%(upstream:remoteref) refs/heads/main refs/remotes/main [2ms]
[2022-08-01T16:38:23.787Z] > git for-each-ref --sort -committerdate --format %(refname) %(objectname) %(*objectname) [12ms]
[2022-08-01T16:38:23.790Z] > git remote --verbose [5ms]
[2022-08-01T16:38:23.872Z] > git config --get commit.template [4ms]
[2022-08-01T16:38:29.115Z] > git status -z -uall [215ms]
[2022-08-01T16:38:29.124Z] > git symbolic-ref --short HEAD [1ms]
[2022-08-01T16:38:29.133Z] > git for-each-ref --format=%(refname)%00%(upstream:short)%00%(objectname)%00%(upstream:track)%00%(upstream:remotename)%00%(upstream:remoteref) refs/heads/main refs/remotes/main [2ms]
[2022-08-01T16:38:29.147Z] > git for-each-ref --sort -committerdate --format %(refname) %(objectname) %(*objectname) [7ms]
[2022-08-01T16:38:29.149Z] > git remote --verbose [3ms]
[2022-08-01T16:38:29.236Z] > git config --get commit.template [9ms]
[2022-08-01T16:38:34.456Z] > git status -z -uall [194ms]
[2022-08-01T16:38:34.465Z] > git symbolic-ref --short HEAD [2ms]
[2022-08-01T16:38:34.474Z] > git for-each-ref --format=%(refname)%00%(upstream:short)%00%(objectname)%00%(upstream:track)%00%(upstream:remotename)%00%(upstream:remoteref) refs/heads/main refs/remotes/main [3ms]
[2022-08-01T16:38:34.488Z] > git for-each-ref --sort -committerdate --format %(refname) %(objectname) %(*objectname) [8ms]
[2022-08-01T16:38:34.489Z] > git remote --verbose [2ms]
[2022-08-01T16:38:34.564Z] > git config --get commit.template [3ms]
[2022-08-01T16:38:39.907Z] > git status -z -uall [317ms]
[2022-08-01T16:38:39.930Z] > git symbolic-ref --short HEAD [3ms]
[2022-08-01T16:38:39.943Z] > git for-each-ref --format=%(refname)%00%(upstream:short)%00%(objectname)%00%(upstream:track)%00%(upstream:remotename)%00%(upstream:remoteref) refs/heads/main refs/remotes/main [4ms]
[2022-08-01T16:38:39.968Z] > git for-each-ref --sort -committerdate --format %(refname) %(objectname) %(*objectname) [14ms]
[2022-08-01T16:38:39.971Z] > git remote --verbose [4ms]
[2022-08-01T16:38:40.081Z] > git config --get commit.template [6ms]
[2022-08-01T16:38:45.314Z] > git status -z -uall [200ms]
[2022-08-01T16:38:45.324Z] > git symbolic-ref --short HEAD [2ms]
[2022-08-01T16:38:45.332Z] > git for-each-ref --format=%(refname)%00%(upstream:short)%00%(objectname)%00%(upstream:track)%00%(upstream:remotename)%00%(upstream:remoteref) refs/heads/main refs/remotes/main [2ms]
[2022-08-01T16:38:45.346Z] > git for-each-ref --sort -committerdate --format %(refname) %(objectname) %(*objectname) [7ms]
[2022-08-01T16:38:45.347Z] > git remote --verbose [2ms]
[2022-08-01T16:38:45.410Z] > git config --get commit.template [3ms]
[2022-08-01T16:38:50.902Z] > git status -z -uall [466ms]
[2022-08-01T16:38:50.919Z] > git symbolic-ref --short HEAD [4ms]
[2022-08-01T16:38:50.938Z] > git for-each-ref --format=%(refname)%00%(upstream:short)%00%(objectname)%00%(upstream:track)%00%(upstream:remotename)%00%(upstream:remoteref) refs/heads/main refs/remotes/main [4ms]
[2022-08-01T16:38:50.965Z] > git for-each-ref --sort -committerdate --format %(refname) %(objectname) %(*objectname) [14ms]
[2022-08-01T16:38:50.986Z] > git remote --verbose [24ms]
[2022-08-01T16:38:51.102Z] > git config --get commit.template [5ms]
[2022-08-01T16:38:56.367Z] > git status -z -uall [242ms]
[2022-08-01T16:38:56.376Z] > git symbolic-ref --short HEAD [2ms]
[2022-08-01T16:38:56.385Z] > git for-each-ref --format=%(refname)%00%(upstream:short)%00%(objectname)%00%(upstream:track)%00%(upstream:remotename)%00%(upstream:remoteref) refs/heads/main refs/remotes/main [3ms]
[2022-08-01T16:38:56.403Z] > git remote --verbose [4ms]
[2022-08-01T16:38:56.403Z] > git for-each-ref --sort -committerdate --format %(refname) %(objectname) %(*objectname) [10ms]
[2022-08-01T16:38:56.485Z] > git config --get commit.template [6ms]
[2022-08-01T16:41:07.375Z] > git status -z -uall [527ms]
[2022-08-01T16:41:07.396Z] > git symbolic-ref --short HEAD [6ms]
[2022-08-01T16:41:07.410Z] > git for-each-ref --format=%(refname)%00%(upstream:short)%00%(objectname)%00%(upstream:track)%00%(upstream:remotename)%00%(upstream:remoteref) refs/heads/main refs/remotes/main [3ms]
[2022-08-01T16:41:07.441Z] > git for-each-ref --sort -committerdate --format %(refname) %(objectname) %(*objectname) [16ms]
[2022-08-01T16:41:07.446Z] > git remote --verbose [9ms]
[2022-08-01T16:41:10.274Z] > git config --get commit.template [2677ms]
[2022-08-01T16:41:15.556Z] > git status -z -uall [249ms]
[2022-08-01T16:41:15.568Z] > git symbolic-ref --short HEAD [4ms]
[2022-08-01T16:41:15.596Z] > git for-each-ref --format=%(refname)%00%(upstream:short)%00%(objectname)%00%(upstream:track)%00%(upstream:remotename)%00%(upstream:remoteref) refs/heads/main refs/remotes/main [7ms]
[2022-08-01T16:41:15.677Z] > git for-each-ref --sort -committerdate --format %(refname) %(objectname) %(*objectname) [52ms]
[2022-08-01T16:41:15.681Z] > git remote --verbose [24ms]
[2022-08-01T16:41:18.304Z] > git config --get commit.template [33ms]
[2022-08-01T16:41:26.466Z] > git status -z -uall [275ms]
[2022-08-01T16:41:26.478Z] > git symbolic-ref --short HEAD [2ms]
[2022-08-01T16:41:26.488Z] > git for-each-ref --format=%(refname)%00%(upstream:short)%00%(objectname)%00%(upstream:track)%00%(upstream:remotename)%00%(upstream:remoteref) refs/heads/main refs/remotes/main [2ms]
[2022-08-01T16:41:26.509Z] > git for-each-ref --sort -committerdate --format %(refname) %(objectname) %(*objectname) [10ms]
[2022-08-01T16:41:26.514Z] > git remote --verbose [7ms]
[2022-08-01T16:41:26.585Z] > git config --get commit.template [3ms]
[2022-08-01T16:41:31.880Z] > git status -z -uall [250ms]
[2022-08-01T16:41:31.891Z] > git symbolic-ref --short HEAD [1ms]
[2022-08-01T16:41:31.900Z] > git for-each-ref --format=%(refname)%00%(upstream:short)%00%(objectname)%00%(upstream:track)%00%(upstream:remotename)%00%(upstream:remoteref) refs/heads/main refs/remotes/main [2ms]
[2022-08-01T16:41:31.917Z] > git for-each-ref --sort -committerdate --format %(refname) %(objectname) %(*objectname) [9ms]
[2022-08-01T16:41:31.918Z] > git remote --verbose [2ms]
[2022-08-01T16:41:32.009Z] > git config --get commit.template [3ms]
[2022-08-01T16:41:37.235Z] > git status -z -uall [191ms]
[2022-08-01T16:41:37.244Z] > git symbolic-ref --short HEAD [1ms]
[2022-08-01T16:41:37.254Z] > git for-each-ref --format=%(refname)%00%(upstream:short)%00%(objectname)%00%(upstream:track)%00%(upstream:remotename)%00%(upstream:remoteref) refs/heads/main refs/remotes/main [2ms]
[2022-08-01T16:41:37.270Z] > git for-each-ref --sort -committerdate --format %(refname) %(objectname) %(*objectname) [8ms]
[2022-08-01T16:41:37.272Z] > git remote --verbose [3ms]
[2022-08-01T16:41:37.335Z] > git config --get commit.template [2ms]
[2022-08-01T16:41:42.552Z] > git status -z -uall [197ms]
[2022-08-01T16:41:42.561Z] > git symbolic-ref --short HEAD [1ms]
[2022-08-01T16:41:42.570Z] > git for-each-ref --format=%(refname)%00%(upstream:short)%00%(objectname)%00%(upstream:track)%00%(upstream:remotename)%00%(upstream:remoteref) refs/heads/main refs/remotes/main [2ms]
[2022-08-01T16:41:42.583Z] > git for-each-ref --sort -committerdate --format %(refname) %(objectname) %(*objectname) [7ms]
[2022-08-01T16:41:42.584Z] > git remote --verbose [2ms]
[2022-08-01T16:41:42.646Z] > git config --get commit.template [2ms]
[2022-08-01T16:41:47.859Z] > git status -z -uall [192ms]
[2022-08-01T16:41:47.868Z] > git symbolic-ref --short HEAD [1ms]
[2022-08-01T16:41:47.877Z] > git for-each-ref --format=%(refname)%00%(upstream:short)%00%(objectname)%00%(upstream:track)%00%(upstream:remotename)%00%(upstream:remoteref) refs/heads/main refs/remotes/main [2ms]
[2022-08-01T16:41:47.890Z] > git for-each-ref --sort -committerdate --format %(refname) %(objectname) %(*objectname) [7ms]
[2022-08-01T16:41:47.891Z] > git remote --verbose [2ms]
[2022-08-01T16:41:47.963Z] > git config --get commit.template [8ms]
[2022-08-01T16:41:53.387Z] > git status -z -uall [398ms]
[2022-08-01T16:41:53.406Z] > git symbolic-ref --short HEAD [8ms]
[2022-08-01T16:41:53.425Z] > git for-each-ref --format=%(refname)%00%(upstream:short)%00%(objectname)%00%(upstream:track)%00%(upstream:remotename)%00%(upstream:remoteref) refs/heads/main refs/remotes/main [4ms]
[2022-08-01T16:41:53.473Z] > git for-each-ref --sort -committerdate --format %(refname) %(objectname) %(*objectname) [32ms]
[2022-08-01T16:41:53.486Z] > git remote --verbose [19ms]
[2022-08-01T16:41:55.835Z] > git config --get commit.template [2212ms]
[2022-08-01T16:42:06.429Z] > git status -z -uall [247ms]
[2022-08-01T16:42:06.443Z] > git symbolic-ref --short HEAD [7ms]
[2022-08-01T16:42:06.459Z] > git for-each-ref --format=%(refname)%00%(upstream:short)%00%(objectname)%00%(upstream:track)%00%(upstream:remotename)%00%(upstream:remoteref) refs/heads/main refs/remotes/main [9ms]
[2022-08-01T16:42:06.482Z] > git for-each-ref --sort -committerdate --format %(refname) %(objectname) %(*objectname) [9ms]
[2022-08-01T16:42:06.483Z] > git remote --verbose [2ms]
[2022-08-01T16:42:06.568Z] > git config --get commit.template [8ms]
[2022-08-01T16:42:11.777Z] > git status -z -uall [194ms]
[2022-08-01T16:42:11.787Z] > git symbolic-ref --short HEAD [1ms]
[2022-08-01T16:42:11.798Z] > git for-each-ref --format=%(refname)%00%(upstream:short)%00%(objectname)%00%(upstream:track)%00%(upstream:remotename)%00%(upstream:remoteref) refs/heads/main refs/remotes/main [2ms]
[2022-08-01T16:42:11.816Z] > git for-each-ref --sort -committerdate --format %(refname) %(objectname) %(*objectname) [10ms]
[2022-08-01T16:42:11.817Z] > git remote --verbose [2ms]
[2022-08-01T16:42:11.881Z] > git config --get commit.template [2ms]
[2022-08-01T16:42:17.109Z] > git status -z -uall [213ms]
[2022-08-01T16:42:17.120Z] > git symbolic-ref --short HEAD [1ms]
[2022-08-01T16:42:17.134Z] > git for-each-ref --format=%(refname)%00%(upstream:short)%00%(objectname)%00%(upstream:track)%00%(upstream:remotename)%00%(upstream:remoteref) refs/heads/main refs/remotes/main [5ms]
[2022-08-01T16:42:17.153Z] > git for-each-ref --sort -committerdate --format %(refname) %(objectname) %(*objectname) [10ms]
[2022-08-01T16:42:17.153Z] > git remote --verbose [1ms]
[2022-08-01T16:42:17.224Z] > git config --get commit.template [3ms]
[2022-08-01T16:43:50.677Z] > git status -z -uall [584ms]
[2022-08-01T16:43:50.685Z] > git symbolic-ref --short HEAD [2ms]
[2022-08-01T16:43:50.695Z] > git for-each-ref --format=%(refname)%00%(upstream:short)%00%(objectname)%00%(upstream:track)%00%(upstream:remotename)%00%(upstream:remoteref) refs/heads/main refs/remotes/main [2ms]
[2022-08-01T16:43:50.710Z] > git for-each-ref --sort -committerdate --format %(refname) %(objectname) %(*objectname) [9ms]
[2022-08-01T16:43:50.711Z] > git remote --verbose [2ms]
[2022-08-01T16:43:50.803Z] > git config --get commit.template [6ms]
[2022-08-01T16:43:56.091Z] > git status -z -uall [255ms]
[2022-08-01T16:43:56.099Z] > git symbolic-ref --short HEAD [2ms]
[2022-08-01T16:43:56.108Z] > git for-each-ref --format=%(refname)%00%(upstream:short)%00%(objectname)%00%(upstream:track)%00%(upstream:remotename)%00%(upstream:remoteref) refs/heads/main refs/remotes/main [2ms]
[2022-08-01T16:43:56.120Z] > git for-each-ref --sort -committerdate --format %(refname) %(objectname) %(*objectname) [7ms]
[2022-08-01T16:43:56.122Z] > git remote --verbose [3ms]
[2022-08-01T16:43:56.209Z] > git config --get commit.template [4ms]
[2022-08-01T16:44:01.458Z] > git status -z -uall [218ms]
[2022-08-01T16:44:01.470Z] > git symbolic-ref --short HEAD [3ms]
[2022-08-01T16:44:01.481Z] > git for-each-ref --format=%(refname)%00%(upstream:short)%00%(objectname)%00%(upstream:track)%00%(upstream:remotename)%00%(upstream:remoteref) refs/heads/main refs/remotes/main [4ms]
[2022-08-01T16:44:01.509Z] > git for-each-ref --sort -committerdate --format %(refname) %(objectname) %(*objectname) [16ms]
[2022-08-01T16:44:01.511Z] > git remote --verbose [3ms]
[2022-08-01T16:44:04.263Z] > git config --get commit.template [57ms]
[2022-08-01T16:44:09.505Z] > git status -z -uall [228ms]
[2022-08-01T16:44:09.515Z] > git symbolic-ref --short HEAD [3ms]
[2022-08-01T16:44:09.524Z] > git for-each-ref --format=%(refname)%00%(upstream:short)%00%(objectname)%00%(upstream:track)%00%(upstream:remotename)%00%(upstream:remoteref) refs/heads/main refs/remotes/main [2ms]
[2022-08-01T16:44:09.539Z] > git for-each-ref --sort -committerdate --format %(refname) %(objectname) %(*objectname) [8ms]
[2022-08-01T16:44:09.540Z] > git remote --verbose [2ms]
[2022-08-01T16:44:09.617Z] > git config --get commit.template [3ms]
[2022-08-01T16:44:14.900Z] > git status -z -uall [254ms]
[2022-08-01T16:44:14.910Z] > git symbolic-ref --short HEAD [2ms]
[2022-08-01T16:44:14.919Z] > git for-each-ref --format=%(refname)%00%(upstream:short)%00%(objectname)%00%(upstream:track)%00%(upstream:remotename)%00%(upstream:remoteref) refs/heads/main refs/remotes/main [2ms]
[2022-08-01T16:44:14.934Z] > git for-each-ref --sort -committerdate --format %(refname) %(objectname) %(*objectname) [8ms]
[2022-08-01T16:44:14.935Z] > git remote --verbose [2ms]
[2022-08-01T16:44:15.019Z] > git config --get commit.template [4ms]
[2022-08-01T16:44:20.245Z] > git status -z -uall [212ms]
[2022-08-01T16:44:20.254Z] > git symbolic-ref --short HEAD [2ms]
[2022-08-01T16:44:20.262Z] > git for-each-ref --format=%(refname)%00%(upstream:short)%00%(objectname)%00%(upstream:track)%00%(upstream:remotename)%00%(upstream:remoteref) refs/heads/main refs/remotes/main [2ms]
[2022-08-01T16:44:20.277Z] > git for-each-ref --sort -committerdate --format %(refname) %(objectname) %(*objectname) [8ms]
[2022-08-01T16:44:20.277Z] > git remote --verbose [1ms]
[2022-08-01T16:44:20.339Z] > git config --get commit.template [4ms]
[2022-08-01T16:44:25.602Z] > git status -z -uall [224ms]
[2022-08-01T16:44:25.612Z] > git symbolic-ref --short HEAD [2ms]
[2022-08-01T16:44:25.621Z] > git for-each-ref --format=%(refname)%00%(upstream:short)%00%(objectname)%00%(upstream:track)%00%(upstream:remotename)%00%(upstream:remoteref) refs/heads/main refs/remotes/main [3ms]
[2022-08-01T16:44:25.639Z] > git for-each-ref --sort -committerdate --format %(refname) %(objectname) %(*objectname) [9ms]
[2022-08-01T16:44:25.639Z] > git remote --verbose [1ms]
[2022-08-01T16:44:25.718Z] > git config --get commit.template [4ms]
[2022-08-01T16:44:30.979Z] > git status -z -uall [250ms]
[2022-08-01T16:44:30.987Z] > git symbolic-ref --short HEAD [2ms]
[2022-08-01T16:44:30.996Z] > git for-each-ref --format=%(refname)%00%(upstream:short)%00%(objectname)%00%(upstream:track)%00%(upstream:remotename)%00%(upstream:remoteref) refs/heads/main refs/remotes/main [2ms]
[2022-08-01T16:44:31.010Z] > git for-each-ref --sort -committerdate --format %(refname) %(objectname) %(*objectname) [8ms]
[2022-08-01T16:44:31.010Z] > git remote --verbose [1ms]
[2022-08-01T16:44:31.083Z] > git config --get commit.template [3ms]
[2022-08-01T16:44:36.413Z] > git status -z -uall [304ms]
[2022-08-01T16:44:36.425Z] > git symbolic-ref --short HEAD [2ms]
[2022-08-01T16:44:36.440Z] > git for-each-ref --format=%(refname)%00%(upstream:short)%00%(objectname)%00%(upstream:track)%00%(upstream:remotename)%00%(upstream:remoteref) refs/heads/main refs/remotes/main [5ms]
[2022-08-01T16:44:36.466Z] > git for-each-ref --sort -committerdate --format %(refname) %(objectname) %(*objectname) [15ms]
[2022-08-01T16:44:36.466Z] > git remote --verbose [3ms]
[2022-08-01T16:44:38.868Z] > git config --get commit.template [2261ms]
[2022-08-01T16:44:44.207Z] > git status -z -uall [324ms]
[2022-08-01T16:44:44.236Z] > git symbolic-ref --short HEAD [4ms]
[2022-08-01T16:44:44.252Z] > git for-each-ref --format=%(refname)%00%(upstream:short)%00%(objectname)%00%(upstream:track)%00%(upstream:remotename)%00%(upstream:remoteref) refs/heads/main refs/remotes/main [4ms]
[2022-08-01T16:44:44.272Z] > git for-each-ref --sort -committerdate --format %(refname) %(objectname) %(*objectname) [11ms]
[2022-08-01T16:44:44.272Z] > git remote --verbose [2ms]
[2022-08-01T16:44:44.357Z] > git config --get commit.template [9ms]
[2022-08-01T16:44:49.587Z] > git status -z -uall [201ms]
[2022-08-01T16:44:49.596Z] > git symbolic-ref --short HEAD [1ms]
[2022-08-01T16:44:49.605Z] > git for-each-ref --format=%(refname)%00%(upstream:short)%00%(objectname)%00%(upstream:track)%00%(upstream:remotename)%00%(upstream:remoteref) refs/heads/main refs/remotes/main [2ms]
[2022-08-01T16:44:49.621Z] > git for-each-ref --sort -committerdate --format %(refname) %(objectname) %(*objectname) [8ms]
[2022-08-01T16:44:49.621Z] > git remote --verbose [1ms]
[2022-08-01T16:44:49.684Z] > git config --get commit.template [3ms]
[2022-08-01T16:45:30.346Z] > git status -z -uall [324ms]
[2022-08-01T16:45:30.360Z] > git symbolic-ref --short HEAD [4ms]
[2022-08-01T16:45:30.369Z] > git for-each-ref --format=%(refname)%00%(upstream:short)%00%(objectname)%00%(upstream:track)%00%(upstream:remotename)%00%(upstream:remoteref) refs/heads/main refs/remotes/main [2ms]
[2022-08-01T16:45:30.392Z] > git remote --verbose [10ms]
[2022-08-01T16:45:30.393Z] > git for-each-ref --sort -committerdate --format %(refname) %(objectname) %(*objectname) [17ms]
[2022-08-01T16:45:30.501Z] > git config --get commit.template [6ms]
[2022-08-01T16:45:36.130Z] > git status -z -uall [598ms]
[2022-08-01T16:45:36.148Z] > git symbolic-ref --short HEAD [3ms]
[2022-08-01T16:45:36.171Z] > git for-each-ref --format=%(refname)%00%(upstream:short)%00%(objectname)%00%(upstream:track)%00%(upstream:remotename)%00%(upstream:remoteref) refs/heads/main refs/remotes/main [11ms]
[2022-08-01T16:45:36.198Z] > git for-each-ref --sort -committerdate --format %(refname) %(objectname) %(*objectname) [14ms]
[2022-08-01T16:45:36.200Z] > git remote --verbose [4ms]
[2022-08-01T16:45:36.323Z] > git config --get commit.template [7ms]
[2022-08-01T16:45:41.554Z] > git status -z -uall [212ms]
[2022-08-01T16:45:41.563Z] > git symbolic-ref --short HEAD [2ms]
[2022-08-01T16:45:41.573Z] > git for-each-ref --format=%(refname)%00%(upstream:short)%00%(objectname)%00%(upstream:track)%00%(upstream:remotename)%00%(upstream:remoteref) refs/heads/main refs/remotes/main [1ms]
[2022-08-01T16:45:41.591Z] > git for-each-ref --sort -committerdate --format %(refname) %(objectname) %(*objectname) [9ms]
[2022-08-01T16:45:41.591Z] > git remote --verbose [1ms]
[2022-08-01T16:45:41.672Z] > git config --get commit.template [4ms]
[2022-08-01T16:45:46.912Z] > git status -z -uall [216ms]
[2022-08-01T16:45:46.923Z] > git symbolic-ref --short HEAD [1ms]
[2022-08-01T16:45:46.932Z] > git for-each-ref --format=%(refname)%00%(upstream:short)%00%(objectname)%00%(upstream:track)%00%(upstream:remotename)%00%(upstream:remoteref) refs/heads/main refs/remotes/main [2ms]
[2022-08-01T16:45:46.947Z] > git for-each-ref --sort -committerdate --format %(refname) %(objectname) %(*objectname) [8ms]
[2022-08-01T16:45:46.947Z] > git remote --verbose [1ms]
[2022-08-01T16:45:47.042Z] > git config --get commit.template [12ms]
[2022-08-01T16:45:52.276Z] > git status -z -uall [197ms]
[2022-08-01T16:45:52.285Z] > git symbolic-ref --short HEAD [1ms]
[2022-08-01T16:45:52.294Z] > git for-each-ref --format=%(refname)%00%(upstream:short)%00%(objectname)%00%(upstream:track)%00%(upstream:remotename)%00%(upstream:remoteref) refs/heads/main refs/remotes/main [2ms]
[2022-08-01T16:45:52.311Z] > git for-each-ref --sort -committerdate --format %(refname) %(objectname) %(*objectname) [10ms]
[2022-08-01T16:45:52.312Z] > git remote --verbose [3ms]
[2022-08-01T16:45:52.396Z] > git config --get commit.template [7ms]
[2022-08-01T16:45:57.865Z] > git status -z -uall [434ms]
[2022-08-01T16:45:57.893Z] > git symbolic-ref --short HEAD [20ms]
[2022-08-01T16:45:57.922Z] > git for-each-ref --format=%(refname)%00%(upstream:short)%00%(objectname)%00%(upstream:track)%00%(upstream:remotename)%00%(upstream:remoteref) refs/heads/main refs/remotes/main [5ms]
[2022-08-01T16:45:57.958Z] > git for-each-ref --sort -committerdate --format %(refname) %(objectname) %(*objectname) [23ms]
[2022-08-01T16:45:57.962Z] > git remote --verbose [7ms]
[2022-08-01T16:46:00.218Z] > git config --get commit.template [2104ms]
[2022-08-01T16:46:05.482Z] > git status -z -uall [234ms]
[2022-08-01T16:46:05.491Z] > git symbolic-ref --short HEAD [2ms]
[2022-08-01T16:46:05.500Z] > git for-each-ref --format=%(refname)%00%(upstream:short)%00%(objectname)%00%(upstream:track)%00%(upstream:remotename)%00%(upstream:remoteref) refs/heads/main refs/remotes/main [2ms]
[2022-08-01T16:46:05.515Z] > git for-each-ref --sort -committerdate --format %(refname) %(objectname) %(*objectname) [8ms]
[2022-08-01T16:46:05.516Z] > git remote --verbose [2ms]
[2022-08-01T16:46:05.588Z] > git config --get commit.template [3ms]
[2022-08-01T16:46:10.879Z] > git status -z -uall [262ms]
[2022-08-01T16:46:10.890Z] > git symbolic-ref --short HEAD [1ms]
[2022-08-01T16:46:10.900Z] > git for-each-ref --format=%(refname)%00%(upstream:short)%00%(objectname)%00%(upstream:track)%00%(upstream:remotename)%00%(upstream:remoteref) refs/heads/main refs/remotes/main [2ms]
[2022-08-01T16:46:10.916Z] > git for-each-ref --sort -committerdate --format %(refname) %(objectname) %(*objectname) [9ms]
[2022-08-01T16:46:10.916Z] > git remote --verbose [1ms]
[2022-08-01T16:46:11.002Z] > git config --get commit.template [4ms]
[2022-08-01T16:46:16.280Z] > git status -z -uall [242ms]
[2022-08-01T16:46:16.293Z] > git symbolic-ref --short HEAD [1ms]
[2022-08-01T16:46:16.307Z] > git for-each-ref --format=%(refname)%00%(upstream:short)%00%(objectname)%00%(upstream:track)%00%(upstream:remotename)%00%(upstream:remoteref) refs/heads/main refs/remotes/main [5ms]
[2022-08-01T16:46:16.333Z] > git for-each-ref --sort -committerdate --format %(refname) %(objectname) %(*objectname) [17ms]
[2022-08-01T16:46:16.333Z] > git remote --verbose [2ms]
[2022-08-01T16:46:16.428Z] > git config --get commit.template [10ms]
[2022-08-01T16:46:21.679Z] > git status -z -uall [220ms]
[2022-08-01T16:46:21.691Z] > git symbolic-ref --short HEAD [2ms]
[2022-08-01T16:46:21.702Z] > git for-each-ref --format=%(refname)%00%(upstream:short)%00%(objectname)%00%(upstream:track)%00%(upstream:remotename)%00%(upstream:remoteref) refs/heads/main refs/remotes/main [2ms]
[2022-08-01T16:46:21.723Z] > git for-each-ref --sort -committerdate --format %(refname) %(objectname) %(*objectname) [11ms]
[2022-08-01T16:46:21.724Z] > git remote --verbose [2ms]
[2022-08-01T16:46:21.797Z] > git config --get commit.template [2ms]
[2022-08-01T16:46:27.024Z] > git status -z -uall [194ms]
[2022-08-01T16:46:27.033Z] > git symbolic-ref --short HEAD [1ms]
[2022-08-01T16:46:27.043Z] > git for-each-ref --format=%(refname)%00%(upstream:short)%00%(objectname)%00%(upstream:track)%00%(upstream:remotename)%00%(upstream:remoteref) refs/heads/main refs/remotes/main [2ms]
[2022-08-01T16:46:27.059Z] > git for-each-ref --sort -committerdate --format %(refname) %(objectname) %(*objectname) [9ms]
[2022-08-01T16:46:27.059Z] > git remote --verbose [1ms]
[2022-08-01T16:46:27.125Z] > git config --get commit.template [3ms]
[2022-08-01T16:46:32.342Z] > git status -z -uall [198ms]
[2022-08-01T16:46:32.352Z] > git symbolic-ref --short HEAD [2ms]
[2022-08-01T16:46:32.361Z] > git for-each-ref --format=%(refname)%00%(upstream:short)%00%(objectname)%00%(upstream:track)%00%(upstream:remotename)%00%(upstream:remoteref) refs/heads/main refs/remotes/main [2ms]
[2022-08-01T16:46:32.382Z] > git remote --verbose [1ms]
[2022-08-01T16:46:32.382Z] > git for-each-ref --sort -committerdate --format %(refname) %(objectname) %(*objectname) [12ms]
[2022-08-01T16:46:32.445Z] > git config --get commit.template [4ms]
[2022-08-01T16:46:37.663Z] > git status -z -uall [196ms]
[2022-08-01T16:46:37.672Z] > git symbolic-ref --short HEAD [2ms]
[2022-08-01T16:46:37.681Z] > git for-each-ref --format=%(refname)%00%(upstream:short)%00%(objectname)%00%(upstream:track)%00%(upstream:remotename)%00%(upstream:remoteref) refs/heads/main refs/remotes/main [2ms]
[2022-08-01T16:46:37.696Z] > git for-each-ref --sort -committerdate --format %(refname) %(objectname) %(*objectname) [8ms]
[2022-08-01T16:46:37.697Z] > git remote --verbose [2ms]
[2022-08-01T16:46:37.762Z] > git config --get commit.template [5ms]
[2022-08-01T16:46:42.984Z] > git status -z -uall [200ms]
[2022-08-01T16:46:42.993Z] > git symbolic-ref --short HEAD [1ms]
[2022-08-01T16:46:43.003Z] > git for-each-ref --format=%(refname)%00%(upstream:short)%00%(objectname)%00%(upstream:track)%00%(upstream:remotename)%00%(upstream:remoteref) refs/heads/main refs/remotes/main [3ms]
[2022-08-01T16:46:43.025Z] > git remote --verbose [2ms]
[2022-08-01T16:46:43.026Z] > git for-each-ref --sort -committerdate --format %(refname) %(objectname) %(*objectname) [10ms]
[2022-08-01T16:46:43.109Z] > git config --get commit.template [10ms]
[2022-08-01T16:46:48.358Z] > git status -z -uall [221ms]
[2022-08-01T16:46:48.373Z] > git symbolic-ref --short HEAD [1ms]
[2022-08-01T16:46:48.386Z] > git for-each-ref --format=%(refname)%00%(upstream:short)%00%(objectname)%00%(upstream:track)%00%(upstream:remotename)%00%(upstream:remoteref) refs/heads/main refs/remotes/main [2ms]
[2022-08-01T16:46:48.413Z] > git for-each-ref --sort -committerdate --format %(refname) %(objectname) %(*objectname) [17ms]
[2022-08-01T16:46:48.415Z] > git remote --verbose [3ms]
[2022-08-01T16:46:48.498Z] > git config --get commit.template [4ms]
[2022-08-01T16:46:53.771Z] > git status -z -uall [249ms]
[2022-08-01T16:46:53.781Z] > git symbolic-ref --short HEAD [1ms]
[2022-08-01T16:46:53.791Z] > git for-each-ref --format=%(refname)%00%(upstream:short)%00%(objectname)%00%(upstream:track)%00%(upstream:remotename)%00%(upstream:remoteref) refs/heads/main refs/remotes/main [3ms]
[2022-08-01T16:46:53.806Z] > git for-each-ref --sort -committerdate --format %(refname) %(objectname) %(*objectname) [8ms]
[2022-08-01T16:46:53.806Z] > git remote --verbose [1ms]
[2022-08-01T16:46:53.882Z] > git config --get commit.template [7ms]
[2022-08-01T16:46:59.304Z] > git status -z -uall [389ms]
[2022-08-01T16:46:59.314Z] > git symbolic-ref --short HEAD [2ms]
[2022-08-01T16:46:59.324Z] > git for-each-ref --format=%(refname)%00%(upstream:short)%00%(objectname)%00%(upstream:track)%00%(upstream:remotename)%00%(upstream:remoteref) refs/heads/main refs/remotes/main [2ms]
[2022-08-01T16:46:59.340Z] > git for-each-ref --sort -committerdate --format %(refname) %(objectname) %(*objectname) [9ms]
[2022-08-01T16:46:59.341Z] > git remote --verbose [2ms]
[2022-08-01T16:46:59.409Z] > git config --get commit.template [3ms]
[2022-08-01T16:47:04.643Z] > git status -z -uall [195ms]
[2022-08-01T16:47:04.652Z] > git symbolic-ref --short HEAD [1ms]
[2022-08-01T16:47:04.661Z] > git for-each-ref --format=%(refname)%00%(upstream:short)%00%(objectname)%00%(upstream:track)%00%(upstream:remotename)%00%(upstream:remoteref) refs/heads/main refs/remotes/main [2ms]
[2022-08-01T16:47:04.676Z] > git for-each-ref --sort -committerdate --format %(refname) %(objectname) %(*objectname) [8ms]
[2022-08-01T16:47:04.676Z] > git remote --verbose [1ms]
[2022-08-01T16:47:04.739Z] > git config --get commit.template [3ms]
[2022-08-01T16:47:09.962Z] > git status -z -uall [209ms]
[2022-08-01T16:47:09.971Z] > git symbolic-ref --short HEAD [1ms]
[2022-08-01T16:47:09.981Z] > git for-each-ref --format=%(refname)%00%(upstream:short)%00%(objectname)%00%(upstream:track)%00%(upstream:remotename)%00%(upstream:remoteref) refs/heads/main refs/remotes/main [2ms]
[2022-08-01T16:47:09.996Z] > git for-each-ref --sort -committerdate --format %(refname) %(objectname) %(*objectname) [8ms]
[2022-08-01T16:47:09.996Z] > git remote --verbose [1ms]
[2022-08-01T16:47:10.077Z] > git config --get commit.template [3ms]
[2022-08-01T16:47:15.303Z] > git status -z -uall [205ms]
[2022-08-01T16:47:15.313Z] > git symbolic-ref --short HEAD [2ms]
[2022-08-01T16:47:15.322Z] > git for-each-ref --format=%(refname)%00%(upstream:short)%00%(objectname)%00%(upstream:track)%00%(upstream:remotename)%00%(upstream:remoteref) refs/heads/main refs/remotes/main [3ms]
[2022-08-01T16:47:15.339Z] > git for-each-ref --sort -committerdate --format %(refname) %(objectname) %(*objectname) [8ms]
[2022-08-01T16:47:15.340Z] > git remote --verbose [2ms]
[2022-08-01T16:47:15.406Z] > git config --get commit.template [3ms]
[2022-08-01T16:47:20.651Z] > git status -z -uall [217ms]
[2022-08-01T16:47:20.660Z] > git symbolic-ref --short HEAD [1ms]
[2022-08-01T16:47:20.669Z] > git for-each-ref --format=%(refname)%00%(upstream:short)%00%(objectname)%00%(upstream:track)%00%(upstream:remotename)%00%(upstream:remoteref) refs/heads/main refs/remotes/main [2ms]
[2022-08-01T16:47:20.684Z] > git for-each-ref --sort -committerdate --format %(refname) %(objectname) %(*objectname) [8ms]
[2022-08-01T16:47:20.685Z] > git remote --verbose [2ms]
[2022-08-01T16:47:20.751Z] > git config --get commit.template [5ms]
[2022-08-01T16:47:25.964Z] > git status -z -uall [194ms]
[2022-08-01T16:47:25.973Z] > git symbolic-ref --short HEAD [1ms]
[2022-08-01T16:47:25.982Z] > git for-each-ref --format=%(refname)%00%(upstream:short)%00%(objectname)%00%(upstream:track)%00%(upstream:remotename)%00%(upstream:remoteref) refs/heads/main refs/remotes/main [2ms]
[2022-08-01T16:47:25.997Z] > git for-each-ref --sort -committerdate --format %(refname) %(objectname) %(*objectname) [8ms]
[2022-08-01T16:47:25.997Z] > git remote --verbose [1ms]
[2022-08-01T16:47:26.059Z] > git config --get commit.template [2ms]
[2022-08-01T16:47:31.283Z] > git status -z -uall [210ms]
[2022-08-01T16:47:31.293Z] > git symbolic-ref --short HEAD [2ms]
[2022-08-01T16:47:31.303Z] > git for-each-ref --format=%(refname)%00%(upstream:short)%00%(objectname)%00%(upstream:track)%00%(upstream:remotename)%00%(upstream:remoteref) refs/heads/main refs/remotes/main [2ms]
[2022-08-01T16:47:31.321Z] > git for-each-ref --sort -committerdate --format %(refname) %(objectname) %(*objectname) [9ms]
[2022-08-01T16:47:31.322Z] > git remote --verbose [2ms]
[2022-08-01T16:47:31.392Z] > git config --get commit.template [3ms]
[2022-08-01T16:47:36.613Z] > git status -z -uall [207ms]
[2022-08-01T16:47:36.623Z] > git symbolic-ref --short HEAD [2ms]
[2022-08-01T16:47:36.632Z] > git for-each-ref --format=%(refname)%00%(upstream:short)%00%(objectname)%00%(upstream:track)%00%(upstream:remotename)%00%(upstream:remoteref) refs/heads/main refs/remotes/main [2ms]
[2022-08-01T16:47:36.647Z] > git for-each-ref --sort -committerdate --format %(refname) %(objectname) %(*objectname) [8ms]
[2022-08-01T16:47:36.647Z] > git remote --verbose [1ms]
[2022-08-01T16:47:36.709Z] > git config --get commit.template [2ms]
[2022-08-01T16:47:41.940Z] > git status -z -uall [208ms]
[2022-08-01T16:47:41.949Z] > git symbolic-ref --short HEAD [1ms]
[2022-08-01T16:47:41.958Z] > git for-each-ref --format=%(refname)%00%(upstream:short)%00%(objectname)%00%(upstream:track)%00%(upstream:remotename)%00%(upstream:remoteref) refs/heads/main refs/remotes/main [2ms]
[2022-08-01T16:47:41.973Z] > git for-each-ref --sort -committerdate --format %(refname) %(objectname) %(*objectname) [8ms]
[2022-08-01T16:47:41.974Z] > git remote --verbose [1ms]
[2022-08-01T16:47:42.036Z] > git config --get commit.template [2ms]
[2022-08-01T16:47:47.268Z] > git status -z -uall [198ms]
[2022-08-01T16:47:47.277Z] > git symbolic-ref --short HEAD [1ms]
[2022-08-01T16:47:47.287Z] > git for-each-ref --format=%(refname)%00%(upstream:short)%00%(objectname)%00%(upstream:track)%00%(upstream:remotename)%00%(upstream:remoteref) refs/heads/main refs/remotes/main [3ms]
[2022-08-01T16:47:47.302Z] > git for-each-ref --sort -committerdate --format %(refname) %(objectname) %(*objectname) [8ms]
[2022-08-01T16:47:47.302Z] > git remote --verbose [1ms]
[2022-08-01T16:47:47.363Z] > git config --get commit.template [2ms]
[2022-08-01T16:47:52.620Z] > git status -z -uall [226ms]
[2022-08-01T16:47:52.630Z] > git symbolic-ref --short HEAD [2ms]
[2022-08-01T16:47:52.640Z] > git for-each-ref --format=%(refname)%00%(upstream:short)%00%(objectname)%00%(upstream:track)%00%(upstream:remotename)%00%(upstream:remoteref) refs/heads/main refs/remotes/main [2ms]
[2022-08-01T16:47:52.659Z] > git for-each-ref --sort -committerdate --format %(refname) %(objectname) %(*objectname) [10ms]
[2022-08-01T16:47:52.659Z] > git remote --verbose [1ms]
[2022-08-01T16:47:52.732Z] > git config --get commit.template [3ms]
[2022-08-01T16:47:57.971Z] > git status -z -uall [213ms]
[2022-08-01T16:47:57.981Z] > git symbolic-ref --short HEAD [1ms]
[2022-08-01T16:47:57.991Z] > git for-each-ref --format=%(refname)%00%(upstream:short)%00%(objectname)%00%(upstream:track)%00%(upstream:remotename)%00%(upstream:remoteref) refs/heads/main refs/remotes/main [2ms]
[2022-08-01T16:47:58.006Z] > git for-each-ref --sort -committerdate --format %(refname) %(objectname) %(*objectname) [8ms]
[2022-08-01T16:47:58.007Z] > git remote --verbose [2ms]
[2022-08-01T16:47:58.095Z] > git config --get commit.template [3ms]
[2022-08-01T16:48:03.325Z] > git status -z -uall [198ms]
[2022-08-01T16:48:03.335Z] > git symbolic-ref --short HEAD [2ms]
[2022-08-01T16:48:03.344Z] > git for-each-ref --format=%(refname)%00%(upstream:short)%00%(objectname)%00%(upstream:track)%00%(upstream:remotename)%00%(upstream:remoteref) refs/heads/main refs/remotes/main [2ms]
[2022-08-01T16:48:03.359Z] > git for-each-ref --sort -committerdate --format %(refname) %(objectname) %(*objectname) [8ms]
[2022-08-01T16:48:03.359Z] > git remote --verbose [1ms]
[2022-08-01T16:48:03.421Z] > git config --get commit.template [2ms]
[2022-08-01T16:48:08.695Z] > git status -z -uall [238ms]
[2022-08-01T16:48:08.705Z] > git symbolic-ref --short HEAD [1ms]
[2022-08-01T16:48:08.715Z] > git for-each-ref --format=%(refname)%00%(upstream:short)%00%(objectname)%00%(upstream:track)%00%(upstream:remotename)%00%(upstream:remoteref) refs/heads/main refs/remotes/main [2ms]
[2022-08-01T16:48:08.738Z] > git for-each-ref --sort -committerdate --format %(refname) %(objectname) %(*objectname) [12ms]
[2022-08-01T16:48:08.738Z] > git remote --verbose [2ms]
[2022-08-01T16:48:08.814Z] > git config --get commit.template [3ms]
[2022-08-01T16:48:14.044Z] > git status -z -uall [208ms]
[2022-08-01T16:48:14.054Z] > git symbolic-ref --short HEAD [2ms]
[2022-08-01T16:48:14.063Z] > git for-each-ref --format=%(refname)%00%(upstream:short)%00%(objectname)%00%(upstream:track)%00%(upstream:remotename)%00%(upstream:remoteref) refs/heads/main refs/remotes/main [2ms]
[2022-08-01T16:48:14.078Z] > git for-each-ref --sort -committerdate --format %(refname) %(objectname) %(*objectname) [8ms]
[2022-08-01T16:48:14.078Z] > git remote --verbose [1ms]
[2022-08-01T16:48:14.142Z] > git config --get commit.template [3ms]
[2022-08-01T16:48:19.404Z] > git status -z -uall [236ms]
[2022-08-01T16:48:19.415Z] > git symbolic-ref --short HEAD [2ms]
[2022-08-01T16:48:19.425Z] > git for-each-ref --format=%(refname)%00%(upstream:short)%00%(objectname)%00%(upstream:track)%00%(upstream:remotename)%00%(upstream:remoteref) refs/heads/main refs/remotes/main [3ms]
[2022-08-01T16:48:19.441Z] > git for-each-ref --sort -committerdate --format %(refname) %(objectname) %(*objectname) [9ms]
[2022-08-01T16:48:19.441Z] > git remote --verbose [2ms]
[2022-08-01T16:48:19.525Z] > git config --get commit.template [5ms]
[2022-08-01T16:48:24.763Z] > git status -z -uall [227ms]
[2022-08-01T16:48:24.772Z] > git symbolic-ref --short HEAD [1ms]
[2022-08-01T16:48:24.782Z] > git for-each-ref --format=%(refname)%00%(upstream:short)%00%(objectname)%00%(upstream:track)%00%(upstream:remotename)%00%(upstream:remoteref) refs/heads/main refs/remotes/main [2ms]
[2022-08-01T16:48:24.800Z] > git for-each-ref --sort -committerdate --format %(refname) %(objectname) %(*objectname) [10ms]
[2022-08-01T16:48:24.801Z] > git remote --verbose [2ms]
[2022-08-01T16:48:24.878Z] > git config --get commit.template [5ms]
[2022-08-01T16:48:30.126Z] > git status -z -uall [234ms]
[2022-08-01T16:48:30.137Z] > git symbolic-ref --short HEAD [3ms]
[2022-08-01T16:48:30.147Z] > git for-each-ref --format=%(refname)%00%(upstream:short)%00%(objectname)%00%(upstream:track)%00%(upstream:remotename)%00%(upstream:remoteref) refs/heads/main refs/remotes/main [3ms]
[2022-08-01T16:48:30.162Z] > git for-each-ref --sort -committerdate --format %(refname) %(objectname) %(*objectname) [8ms]
[2022-08-01T16:48:30.163Z] > git remote --verbose [2ms]
[2022-08-01T16:48:30.237Z] > git config --get commit.template [3ms]
[2022-08-01T16:48:35.478Z] > git status -z -uall [227ms]
[2022-08-01T16:48:35.487Z] > git symbolic-ref --short HEAD [1ms]
[2022-08-01T16:48:35.496Z] > git for-each-ref --format=%(refname)%00%(upstream:short)%00%(objectname)%00%(upstream:track)%00%(upstream:remotename)%00%(upstream:remoteref) refs/heads/main refs/remotes/main [2ms]
[2022-08-01T16:48:35.511Z] > git for-each-ref --sort -committerdate --format %(refname) %(objectname) %(*objectname) [8ms]
[2022-08-01T16:48:35.511Z] > git remote --verbose [1ms]
[2022-08-01T16:48:35.594Z] > git config --get commit.template [4ms]
[2022-08-01T16:48:40.866Z] > git status -z -uall [241ms]
[2022-08-01T16:48:40.875Z] > git symbolic-ref --short HEAD [1ms]
[2022-08-01T16:48:40.885Z] > git for-each-ref --format=%(refname)%00%(upstream:short)%00%(objectname)%00%(upstream:track)%00%(upstream:remotename)%00%(upstream:remoteref) refs/heads/main refs/remotes/main [3ms]
[2022-08-01T16:48:40.900Z] > git for-each-ref --sort -committerdate --format %(refname) %(objectname) %(*objectname) [8ms]
[2022-08-01T16:48:40.901Z] > git remote --verbose [2ms]
[2022-08-01T16:48:40.974Z] > git config --get commit.template [2ms]
[2022-08-01T16:48:46.213Z] > git status -z -uall [203ms]
[2022-08-01T16:48:46.222Z] > git symbolic-ref --short HEAD [1ms]
[2022-08-01T16:48:46.231Z] > git for-each-ref --format=%(refname)%00%(upstream:short)%00%(objectname)%00%(upstream:track)%00%(upstream:remotename)%00%(upstream:remoteref) refs/heads/main refs/remotes/main [2ms]
[2022-08-01T16:48:46.247Z] > git for-each-ref --sort -committerdate --format %(refname) %(objectname) %(*objectname) [8ms]
[2022-08-01T16:48:46.248Z] > git remote --verbose [2ms]
[2022-08-01T16:48:46.310Z] > git config --get commit.template [2ms]
[2022-08-01T16:48:51.722Z] > git status -z -uall [317ms]
[2022-08-01T16:48:51.736Z] > git symbolic-ref --short HEAD [4ms]
[2022-08-01T16:48:51.751Z] > git for-each-ref --format=%(refname)%00%(upstream:short)%00%(objectname)%00%(upstream:track)%00%(upstream:remotename)%00%(upstream:remoteref) refs/heads/main refs/remotes/main [2ms]
[2022-08-01T16:48:51.770Z] > git for-each-ref --sort -committerdate --format %(refname) %(objectname) %(*objectname) [11ms]
[2022-08-01T16:48:51.771Z] > git remote --verbose [2ms]
[2022-08-01T16:48:51.863Z] > git config --get commit.template [3ms]
[2022-08-01T16:48:57.093Z] > git status -z -uall [215ms]
[2022-08-01T16:48:57.102Z] > git symbolic-ref --short HEAD [1ms]
[2022-08-01T16:48:57.113Z] > git for-each-ref --format=%(refname)%00%(upstream:short)%00%(objectname)%00%(upstream:track)%00%(upstream:remotename)%00%(upstream:remoteref) refs/heads/main refs/remotes/main [3ms]
[2022-08-01T16:48:57.128Z] > git for-each-ref --sort -committerdate --format %(refname) %(objectname) %(*objectname) [8ms]
[2022-08-01T16:48:57.129Z] > git remote --verbose [2ms]
[2022-08-01T16:48:57.195Z] > git config --get commit.template [3ms]
[2022-08-01T16:49:02.484Z] > git status -z -uall [274ms]
[2022-08-01T16:49:02.497Z] > git symbolic-ref --short HEAD [2ms]
[2022-08-01T16:49:02.512Z] > git for-each-ref --format=%(refname)%00%(upstream:short)%00%(objectname)%00%(upstream:track)%00%(upstream:remotename)%00%(upstream:remoteref) refs/heads/main refs/remotes/main [7ms]
[2022-08-01T16:49:02.539Z] > git for-each-ref --sort -committerdate --format %(refname) %(objectname) %(*objectname) [17ms]
[2022-08-01T16:49:02.543Z] > git remote --verbose [6ms]
[2022-08-01T16:49:02.645Z] > git config --get commit.template [6ms]
[2022-08-01T16:49:07.880Z] > git status -z -uall [196ms]
[2022-08-01T16:49:07.890Z] > git symbolic-ref --short HEAD [2ms]
[2022-08-01T16:49:07.899Z] > git for-each-ref --format=%(refname)%00%(upstream:short)%00%(objectname)%00%(upstream:track)%00%(upstream:remotename)%00%(upstream:remoteref) refs/heads/main refs/remotes/main [2ms]
[2022-08-01T16:49:07.916Z] > git for-each-ref --sort -committerdate --format %(refname) %(objectname) %(*objectname) [10ms]
[2022-08-01T16:49:07.916Z] > git remote --verbose [2ms]
[2022-08-01T16:49:07.980Z] > git config --get commit.template [2ms]
[2022-08-01T16:49:13.259Z] > git status -z -uall [244ms]
[2022-08-01T16:49:13.269Z] > git symbolic-ref --short HEAD [2ms]
[2022-08-01T16:49:13.278Z] > git for-each-ref --format=%(refname)%00%(upstream:short)%00%(objectname)%00%(upstream:track)%00%(upstream:remotename)%00%(upstream:remoteref) refs/heads/main refs/remotes/main [2ms]
[2022-08-01T16:49:13.294Z] > git for-each-ref --sort -committerdate --format %(refname) %(objectname) %(*objectname) [9ms]
[2022-08-01T16:49:13.295Z] > git remote --verbose [2ms]
[2022-08-01T16:49:13.363Z] > git config --get commit.template [2ms]
[2022-08-01T16:49:18.613Z] > git status -z -uall [225ms]
[2022-08-01T16:49:18.623Z] > git symbolic-ref --short HEAD [0ms]
[2022-08-01T16:49:18.633Z] > git for-each-ref --format=%(refname)%00%(upstream:short)%00%(objectname)%00%(upstream:track)%00%(upstream:remotename)%00%(upstream:remoteref) refs/heads/main refs/remotes/main [2ms]
[2022-08-01T16:49:18.648Z] > git for-each-ref --sort -committerdate --format %(refname) %(objectname) %(*objectname) [8ms]
[2022-08-01T16:49:18.649Z] > git remote --verbose [2ms]
[2022-08-01T16:49:18.716Z] > git config --get commit.template [3ms]
[2022-08-01T16:49:23.948Z] > git status -z -uall [200ms]
[2022-08-01T16:49:23.958Z] > git symbolic-ref --short HEAD [1ms]
[2022-08-01T16:49:23.967Z] > git for-each-ref --format=%(refname)%00%(upstream:short)%00%(objectname)%00%(upstream:track)%00%(upstream:remotename)%00%(upstream:remoteref) refs/heads/main refs/remotes/main [2ms]
[2022-08-01T16:49:23.983Z] > git for-each-ref --sort -committerdate --format %(refname) %(objectname) %(*objectname) [9ms]
[2022-08-01T16:49:23.983Z] > git remote --verbose [1ms]
[2022-08-01T16:49:24.045Z] > git config --get commit.template [2ms]
[2022-08-01T16:49:29.332Z] > git status -z -uall [248ms]
[2022-08-01T16:49:29.342Z] > git symbolic-ref --short HEAD [2ms]
[2022-08-01T16:49:29.354Z] > git for-each-ref --format=%(refname)%00%(upstream:short)%00%(objectname)%00%(upstream:track)%00%(upstream:remotename)%00%(upstream:remoteref) refs/heads/main refs/remotes/main [3ms]
[2022-08-01T16:49:29.383Z] > git for-each-ref --sort -committerdate --format %(refname) %(objectname) %(*objectname) [16ms]
[2022-08-01T16:49:29.388Z] > git remote --verbose [6ms]
[2022-08-01T16:49:29.470Z] > git config --get commit.template [3ms]
[2022-08-01T16:49:52.808Z] > git status -z -uall [260ms]
[2022-08-01T16:49:52.815Z] > git symbolic-ref --short HEAD [1ms]
[2022-08-01T16:49:52.824Z] > git for-each-ref --format=%(refname)%00%(upstream:short)%00%(objectname)%00%(upstream:track)%00%(upstream:remotename)%00%(upstream:remoteref) refs/heads/main refs/remotes/main [2ms]
[2022-08-01T16:49:52.836Z] > git for-each-ref --sort -committerdate --format %(refname) %(objectname) %(*objectname) [7ms]
[2022-08-01T16:49:52.837Z] > git remote --verbose [2ms]
[2022-08-01T16:49:52.943Z] > git config --get commit.template [3ms]
[2022-08-01T16:49:58.181Z] > git status -z -uall [195ms]
[2022-08-01T16:49:58.190Z] > git symbolic-ref --short HEAD [2ms]
[2022-08-01T16:49:58.199Z] > git for-each-ref --format=%(refname)%00%(upstream:short)%00%(objectname)%00%(upstream:track)%00%(upstream:remotename)%00%(upstream:remoteref) refs/heads/main refs/remotes/main [2ms]
[2022-08-01T16:49:58.214Z] > git for-each-ref --sort -committerdate --format %(refname) %(objectname) %(*objectname) [8ms]
[2022-08-01T16:49:58.214Z] > git remote --verbose [2ms]
[2022-08-01T16:49:58.280Z] > git config --get commit.template [8ms]
[2022-08-01T16:50:03.496Z] > git status -z -uall [207ms]
[2022-08-01T16:50:03.516Z] > git symbolic-ref --short HEAD [3ms]
[2022-08-01T16:50:03.526Z] > git for-each-ref --format=%(refname)%00%(upstream:short)%00%(objectname)%00%(upstream:track)%00%(upstream:remotename)%00%(upstream:remoteref) refs/heads/main refs/remotes/main [3ms]
[2022-08-01T16:50:03.543Z] > git for-each-ref --sort -committerdate --format %(refname) %(objectname) %(*objectname) [9ms]
[2022-08-01T16:50:03.543Z] > git remote --verbose [1ms]
[2022-08-01T16:50:03.616Z] > git config --get commit.template [4ms]
[2022-08-01T16:50:08.940Z] > git status -z -uall [287ms]
[2022-08-01T16:50:08.949Z] > git symbolic-ref --short HEAD [2ms]
[2022-08-01T16:50:08.960Z] > git for-each-ref --format=%(refname)%00%(upstream:short)%00%(objectname)%00%(upstream:track)%00%(upstream:remotename)%00%(upstream:remoteref) refs/heads/main refs/remotes/main [3ms]
[2022-08-01T16:50:08.978Z] > git for-each-ref --sort -committerdate --format %(refname) %(objectname) %(*objectname) [11ms]
[2022-08-01T16:50:08.979Z] > git remote --verbose [3ms]
[2022-08-01T16:50:09.063Z] > git config --get commit.template [3ms]
[2022-08-01T16:50:14.323Z] > git status -z -uall [241ms]
[2022-08-01T16:50:14.339Z] > git symbolic-ref --short HEAD [1ms]
[2022-08-01T16:50:14.349Z] > git for-each-ref --format=%(refname)%00%(upstream:short)%00%(objectname)%00%(upstream:track)%00%(upstream:remotename)%00%(upstream:remoteref) refs/heads/main refs/remotes/main [3ms]
[2022-08-01T16:50:14.365Z] > git for-each-ref --sort -committerdate --format %(refname) %(objectname) %(*objectname) [9ms]
[2022-08-01T16:50:14.365Z] > git remote --verbose [2ms]
[2022-08-01T16:50:14.435Z] > git config --get commit.template [3ms]
[2022-08-01T16:50:19.657Z] > git status -z -uall [204ms]
[2022-08-01T16:50:19.667Z] > git symbolic-ref --short HEAD [2ms]
[2022-08-01T16:50:19.675Z] > git for-each-ref --format=%(refname)%00%(upstream:short)%00%(objectname)%00%(upstream:track)%00%(upstream:remotename)%00%(upstream:remoteref) refs/heads/main refs/remotes/main [2ms]
[2022-08-01T16:50:19.692Z] > git for-each-ref --sort -committerdate --format %(refname) %(objectname) %(*objectname) [10ms]
[2022-08-01T16:50:19.693Z] > git remote --verbose [4ms]
[2022-08-01T16:50:19.761Z] > git config --get commit.template [10ms]
[2022-08-01T16:50:24.989Z] > git status -z -uall [201ms]
[2022-08-01T16:50:24.998Z] > git symbolic-ref --short HEAD [2ms]
[2022-08-01T16:50:25.007Z] > git for-each-ref --format=%(refname)%00%(upstream:short)%00%(objectname)%00%(upstream:track)%00%(upstream:remotename)%00%(upstream:remoteref) refs/heads/main refs/remotes/main [2ms]
[2022-08-01T16:50:25.023Z] > git for-each-ref --sort -committerdate --format %(refname) %(objectname) %(*objectname) [9ms]
[2022-08-01T16:50:25.023Z] > git remote --verbose [1ms]
[2022-08-01T16:50:25.088Z] > git config --get commit.template [6ms]
[2022-08-01T16:50:30.346Z] > git status -z -uall [220ms]
[2022-08-01T16:50:30.355Z] > git symbolic-ref --short HEAD [2ms]
[2022-08-01T16:50:30.364Z] > git for-each-ref --format=%(refname)%00%(upstream:short)%00%(objectname)%00%(upstream:track)%00%(upstream:remotename)%00%(upstream:remoteref) refs/heads/main refs/remotes/main [2ms]
[2022-08-01T16:50:30.379Z] > git for-each-ref --sort -committerdate --format %(refname) %(objectname) %(*objectname) [8ms]
[2022-08-01T16:50:30.379Z] > git remote --verbose [1ms]
[2022-08-01T16:50:30.453Z] > git config --get commit.template [3ms]
[2022-08-01T16:50:35.707Z] > git status -z -uall [243ms]
[2022-08-01T16:50:35.720Z] > git symbolic-ref --short HEAD [3ms]
[2022-08-01T16:50:35.730Z] > git for-each-ref --format=%(refname)%00%(upstream:short)%00%(objectname)%00%(upstream:track)%00%(upstream:remotename)%00%(upstream:remoteref) refs/heads/main refs/remotes/main [2ms]
[2022-08-01T16:50:35.747Z] > git for-each-ref --sort -committerdate --format %(refname) %(objectname) %(*objectname) [10ms]
[2022-08-01T16:50:35.747Z] > git remote --verbose [2ms]
[2022-08-01T16:50:35.841Z] > git config --get commit.template [3ms]
[2022-08-01T16:50:41.078Z] > git status -z -uall [215ms]
[2022-08-01T16:50:41.087Z] > git symbolic-ref --short HEAD [2ms]
[2022-08-01T16:50:41.096Z] > git for-each-ref --format=%(refname)%00%(upstream:short)%00%(objectname)%00%(upstream:track)%00%(upstream:remotename)%00%(upstream:remoteref) refs/heads/main refs/remotes/main [2ms]
[2022-08-01T16:50:41.111Z] > git for-each-ref --sort -committerdate --format %(refname) %(objectname) %(*objectname) [7ms]
[2022-08-01T16:50:41.111Z] > git remote --verbose [1ms]
[2022-08-01T16:50:41.173Z] > git config --get commit.template [2ms]
[2022-08-01T16:50:46.390Z] > git status -z -uall [200ms]
[2022-08-01T16:50:46.400Z] > git symbolic-ref --short HEAD [1ms]
[2022-08-01T16:50:46.409Z] > git for-each-ref --format=%(refname)%00%(upstream:short)%00%(objectname)%00%(upstream:track)%00%(upstream:remotename)%00%(upstream:remoteref) refs/heads/main refs/remotes/main [2ms]
[2022-08-01T16:50:46.423Z] > git for-each-ref --sort -committerdate --format %(refname) %(objectname) %(*objectname) [8ms]
[2022-08-01T16:50:46.423Z] > git remote --verbose [1ms]
[2022-08-01T16:50:46.485Z] > git config --get commit.template [3ms]
[2022-08-01T16:50:51.831Z] > git status -z -uall [317ms]
[2022-08-01T16:50:51.848Z] > git symbolic-ref --short HEAD [2ms]
[2022-08-01T16:50:51.858Z] > git for-each-ref --format=%(refname)%00%(upstream:short)%00%(objectname)%00%(upstream:track)%00%(upstream:remotename)%00%(upstream:remoteref) refs/heads/main refs/remotes/main [1ms]
[2022-08-01T16:50:51.875Z] > git for-each-ref --sort -committerdate --format %(refname) %(objectname) %(*objectname) [9ms]
[2022-08-01T16:50:51.875Z] > git remote --verbose [1ms]
[2022-08-01T16:50:51.952Z] > git config --get commit.template [3ms]
[2022-08-01T16:50:57.315Z] > git status -z -uall [339ms]
[2022-08-01T16:50:57.331Z] > git symbolic-ref --short HEAD [2ms]
[2022-08-01T16:50:57.346Z] > git for-each-ref --format=%(refname)%00%(upstream:short)%00%(objectname)%00%(upstream:track)%00%(upstream:remotename)%00%(upstream:remoteref) refs/heads/main refs/remotes/main [2ms]
[2022-08-01T16:50:57.376Z] > git for-each-ref --sort -committerdate --format %(refname) %(objectname) %(*objectname) [15ms]
[2022-08-01T16:50:57.377Z] > git remote --verbose [3ms]
[2022-08-01T16:51:00.948Z] > git config --get commit.template [3446ms]
[2022-08-01T16:51:06.373Z] > git status -z -uall [344ms]
[2022-08-01T16:51:06.402Z] > git symbolic-ref --short HEAD [4ms]
[2022-08-01T16:51:06.429Z] > git for-each-ref --format=%(refname)%00%(upstream:short)%00%(objectname)%00%(upstream:track)%00%(upstream:remotename)%00%(upstream:remoteref) refs/heads/main refs/remotes/main [16ms]
[2022-08-01T16:51:06.446Z] > git for-each-ref --sort -committerdate --format %(refname) %(objectname) %(*objectname) [9ms]
[2022-08-01T16:51:06.447Z] > git remote --verbose [2ms]
[2022-08-01T16:51:06.522Z] > git config --get commit.template [4ms]
[2022-08-01T16:51:11.760Z] > git status -z -uall [215ms]
[2022-08-01T16:51:11.773Z] > git symbolic-ref --short HEAD [3ms]
[2022-08-01T16:51:11.784Z] > git for-each-ref --format=%(refname)%00%(upstream:short)%00%(objectname)%00%(upstream:track)%00%(upstream:remotename)%00%(upstream:remoteref) refs/heads/main refs/remotes/main [2ms]
[2022-08-01T16:51:11.805Z] > git for-each-ref --sort -committerdate --format %(refname) %(objectname) %(*objectname) [11ms]
[2022-08-01T16:51:11.806Z] > git remote --verbose [2ms]
[2022-08-01T16:51:11.886Z] > git config --get commit.template [4ms]
[2022-08-01T16:51:17.182Z] > git status -z -uall [266ms]
[2022-08-01T16:51:17.192Z] > git symbolic-ref --short HEAD [0ms]
[2022-08-01T16:51:17.205Z] > git for-each-ref --format=%(refname)%00%(upstream:short)%00%(objectname)%00%(upstream:track)%00%(upstream:remotename)%00%(upstream:remoteref) refs/heads/main refs/remotes/main [5ms]
[2022-08-01T16:51:17.226Z] > git for-each-ref --sort -committerdate --format %(refname) %(objectname) %(*objectname) [11ms]
[2022-08-01T16:51:17.234Z] > git remote --verbose [9ms]
[2022-08-01T16:51:17.307Z] > git config --get commit.template [3ms]
[2022-08-01T16:51:22.514Z] > git status -z -uall [198ms]
[2022-08-01T16:51:22.525Z] > git symbolic-ref --short HEAD [2ms]
[2022-08-01T16:51:22.536Z] > git for-each-ref --format=%(refname)%00%(upstream:short)%00%(objectname)%00%(upstream:track)%00%(upstream:remotename)%00%(upstream:remoteref) refs/heads/main refs/remotes/main [3ms]
[2022-08-01T16:51:22.555Z] > git for-each-ref --sort -committerdate --format %(refname) %(objectname) %(*objectname) [9ms]
[2022-08-01T16:51:22.556Z] > git remote --verbose [2ms]
[2022-08-01T16:51:22.622Z] > git config --get commit.template [5ms]
[2022-08-01T16:51:27.873Z] > git status -z -uall [226ms]
[2022-08-01T16:51:27.883Z] > git symbolic-ref --short HEAD [1ms]
[2022-08-01T16:51:27.893Z] > git for-each-ref --format=%(refname)%00%(upstream:short)%00%(objectname)%00%(upstream:track)%00%(upstream:remotename)%00%(upstream:remoteref) refs/heads/main refs/remotes/main [3ms]
[2022-08-01T16:51:27.908Z] > git for-each-ref --sort -committerdate --format %(refname) %(objectname) %(*objectname) [8ms]
[2022-08-01T16:51:27.908Z] > git remote --verbose [1ms]
[2022-08-01T16:51:27.978Z] > git config --get commit.template [2ms]
[2022-08-01T16:51:33.330Z] > git status -z -uall [322ms]
[2022-08-01T16:51:33.341Z] > git symbolic-ref --short HEAD [1ms]
[2022-08-01T16:51:33.352Z] > git for-each-ref --format=%(refname)%00%(upstream:short)%00%(objectname)%00%(upstream:track)%00%(upstream:remotename)%00%(upstream:remoteref) refs/heads/main refs/remotes/main [4ms]
[2022-08-01T16:51:33.369Z] > git for-each-ref --sort -committerdate --format %(refname) %(objectname) %(*objectname) [9ms]
[2022-08-01T16:51:33.370Z] > git remote --verbose [2ms]
[2022-08-01T16:51:33.441Z] > git config --get commit.template [3ms]
[2022-08-01T16:51:38.721Z] > git status -z -uall [267ms]
[2022-08-01T16:51:38.731Z] > git symbolic-ref --short HEAD [2ms]
[2022-08-01T16:51:38.741Z] > git for-each-ref --format=%(refname)%00%(upstream:short)%00%(objectname)%00%(upstream:track)%00%(upstream:remotename)%00%(upstream:remoteref) refs/heads/main refs/remotes/main [2ms]
[2022-08-01T16:51:38.759Z] > git for-each-ref --sort -committerdate --format %(refname) %(objectname) %(*objectname) [10ms]
[2022-08-01T16:51:38.760Z] > git remote --verbose [2ms]
[2022-08-01T16:51:38.867Z] > git config --get commit.template [6ms]
[2022-08-01T16:51:44.092Z] > git status -z -uall [197ms]
[2022-08-01T16:51:44.101Z] > git symbolic-ref --short HEAD [1ms]
[2022-08-01T16:51:44.111Z] > git for-each-ref --format=%(refname)%00%(upstream:short)%00%(objectname)%00%(upstream:track)%00%(upstream:remotename)%00%(upstream:remoteref) refs/heads/main refs/remotes/main [3ms]
[2022-08-01T16:51:44.127Z] > git for-each-ref --sort -committerdate --format %(refname) %(objectname) %(*objectname) [9ms]
[2022-08-01T16:51:44.127Z] > git remote --verbose [2ms]
[2022-08-01T16:51:44.190Z] > git config --get commit.template [2ms]
[2022-08-01T16:51:49.527Z] > git status -z -uall [315ms]
[2022-08-01T16:51:49.540Z] > git symbolic-ref --short HEAD [2ms]
[2022-08-01T16:51:49.549Z] > git for-each-ref --format=%(refname)%00%(upstream:short)%00%(objectname)%00%(upstream:track)%00%(upstream:remotename)%00%(upstream:remoteref) refs/heads/main refs/remotes/main [2ms]
[2022-08-01T16:51:49.565Z] > git for-each-ref --sort -committerdate --format %(refname) %(objectname) %(*objectname) [8ms]
[2022-08-01T16:51:49.566Z] > git remote --verbose [2ms]
[2022-08-01T16:51:49.629Z] > git config --get commit.template [2ms]
[2022-08-01T16:51:54.874Z] > git status -z -uall [227ms]
[2022-08-01T16:51:54.884Z] > git symbolic-ref --short HEAD [2ms]
[2022-08-01T16:51:54.897Z] > git for-each-ref --format=%(refname)%00%(upstream:short)%00%(objectname)%00%(upstream:track)%00%(upstream:remotename)%00%(upstream:remoteref) refs/heads/main refs/remotes/main [4ms]
[2022-08-01T16:51:54.915Z] > git for-each-ref --sort -committerdate --format %(refname) %(objectname) %(*objectname) [8ms]
[2022-08-01T16:51:54.916Z] > git remote --verbose [2ms]
[2022-08-01T16:51:55.001Z] > git config --get commit.template [3ms]
[2022-08-01T16:52:42.471Z] > git status -z -uall [308ms]
[2022-08-01T16:52:42.484Z] > git symbolic-ref --short HEAD [7ms]
[2022-08-01T16:52:42.506Z] > git for-each-ref --format=%(refname)%00%(upstream:short)%00%(objectname)%00%(upstream:track)%00%(upstream:remotename)%00%(upstream:remoteref) refs/heads/main refs/remotes/main [1ms]
[2022-08-01T16:52:42.532Z] > git for-each-ref --sort -committerdate --format %(refname) %(objectname) %(*objectname) [18ms]
[2022-08-01T16:52:42.534Z] > git remote --verbose [4ms]
[2022-08-01T16:52:42.621Z] > git config --get commit.template [8ms]
[2022-08-01T16:53:09.430Z] > git status -z -uall [303ms]
[2022-08-01T16:53:09.458Z] > git symbolic-ref --short HEAD [4ms]
[2022-08-01T16:53:09.477Z] > git for-each-ref --format=%(refname)%00%(upstream:short)%00%(objectname)%00%(upstream:track)%00%(upstream:remotename)%00%(upstream:remoteref) refs/heads/main refs/remotes/main [6ms]
[2022-08-01T16:53:09.501Z] > git for-each-ref --sort -committerdate --format %(refname) %(objectname) %(*objectname) [13ms]
[2022-08-01T16:53:09.506Z] > git remote --verbose [6ms]
[2022-08-01T16:53:09.636Z] > git config --get commit.template [5ms]
