[2022-08-08T13:29:08.144Z] Log level: Info
[2022-08-08T13:29:08.155Z] [info] Validating found git in: git
[2022-08-08T13:29:08.241Z] [info] Using git 2.30.2 from git
[2022-08-08T13:29:08.288Z] > git rev-parse --show-toplevel [11ms]
[2022-08-08T13:29:08.306Z] > git rev-parse --git-dir --git-common-dir [1ms]
[2022-08-08T13:29:08.317Z] [info] Open repository: /home/thebuffylow/angular-lc101-projects
[2022-08-08T13:29:08.398Z] > git status -z -uall [37ms]
[2022-08-08T13:29:08.422Z] > git symbolic-ref --short HEAD [4ms]
[2022-08-08T13:29:08.435Z] > git for-each-ref --format=%(refname)%00%(upstream:short)%00%(objectname)%00%(upstream:track)%00%(upstream:remotename)%00%(upstream:remoteref) refs/heads/master refs/remotes/master [5ms]
[2022-08-08T13:29:08.467Z] > git for-each-ref --sort -committerdate --format %(refname) %(objectname) %(*objectname) [24ms]
[2022-08-08T13:29:08.477Z] > git remote --verbose [12ms]
[2022-08-08T13:29:08.493Z] > git config --get commit.template [4ms]
[2022-08-08T13:29:08.507Z] > git status -z -uall [5ms]
[2022-08-08T13:29:08.534Z] > git symbolic-ref --short HEAD [4ms]
[2022-08-08T13:29:08.548Z] > git for-each-ref --format=%(refname)%00%(upstream:short)%00%(objectname)%00%(upstream:track)%00%(upstream:remotename)%00%(upstream:remoteref) refs/heads/master refs/remotes/master [6ms]
[2022-08-08T13:29:08.569Z] > git for-each-ref --sort -committerdate --format %(refname) %(objectname) %(*objectname) [8ms]
[2022-08-08T13:29:08.572Z] > git remote --verbose [5ms]
[2022-08-08T13:29:08.585Z] > git config --get commit.template [6ms]
[2022-08-08T13:29:09.751Z] > git check-ignore -v -z --stdin [5ms]
[2022-08-08T13:29:11.308Z] > git check-ignore -v -z --stdin [3ms]
[2022-08-08T13:29:12.746Z] > git check-ignore -v -z --stdin [1ms]
[2022-08-08T13:35:47.458Z] > git status -z -uall [59ms]
[2022-08-08T13:35:47.467Z] > git symbolic-ref --short HEAD [2ms]
[2022-08-08T13:35:47.482Z] > git for-each-ref --format=%(refname)%00%(upstream:short)%00%(objectname)%00%(upstream:track)%00%(upstream:remotename)%00%(upstream:remoteref) refs/heads/master refs/remotes/master [6ms]
[2022-08-08T13:35:47.499Z] > git for-each-ref --sort -committerdate --format %(refname) %(objectname) %(*objectname) [10ms]
[2022-08-08T13:35:47.501Z] > git remote --verbose [3ms]
[2022-08-08T13:35:47.522Z] > git config --get commit.template [7ms]
[2022-08-08T13:35:51.923Z] > git check-ignore -v -z --stdin [8ms]
[2022-08-08T13:35:52.539Z] > git status -z -uall [7ms]
[2022-08-08T13:35:52.546Z] > git symbolic-ref --short HEAD [1ms]
[2022-08-08T13:35:52.555Z] > git for-each-ref --format=%(refname)%00%(upstream:short)%00%(objectname)%00%(upstream:track)%00%(upstream:remotename)%00%(upstream:remoteref) refs/heads/master refs/remotes/master [4ms]
[2022-08-08T13:35:52.565Z] > git for-each-ref --sort -committerdate --format %(refname) %(objectname) %(*objectname) [5ms]
[2022-08-08T13:35:52.566Z] > git remote --verbose [2ms]
[2022-08-08T13:35:52.577Z] > git config --get commit.template [1ms]
[2022-08-08T13:36:08.209Z] > git check-ignore -v -z --stdin [5ms]
[2022-08-08T13:36:10.271Z] > git check-ignore -v -z --stdin [4ms]
[2022-08-08T13:36:59.242Z] > git check-ignore -v -z --stdin [9ms]
[2022-08-08T13:37:42.854Z] > git show --textconv :lesson3/examples/src/app/skill-set/skill-set.component.html [222ms]
[2022-08-08T13:37:42.855Z] > git ls-files --stage -- /home/thebuffylow/angular-lc101-projects/lesson3/examples/src/app/skill-set/skill-set.component.html [203ms]
[2022-08-08T13:37:42.878Z] > git cat-file -s d95092ac02982d387d5d50c8dee3970e6c9ec409 [11ms]
[2022-08-08T13:37:53.007Z] > git show --textconv :lesson3/examples/src/app/skill-set/skill-set.component.spec.ts [156ms]
[2022-08-08T13:37:53.007Z] > git ls-files --stage -- /home/thebuffylow/angular-lc101-projects/lesson3/examples/src/app/skill-set/skill-set.component.spec.ts [88ms]
[2022-08-08T13:37:53.072Z] > git cat-file -s 171db74d752b2e8cc448ee9c41e678295f0d8c69 [18ms]
[2022-08-08T13:37:53.457Z] > git show --textconv :lesson3/examples/src/app/skill-set/skill-set.component.ts [25ms]
[2022-08-08T13:37:53.468Z] > git ls-files --stage -- /home/thebuffylow/angular-lc101-projects/lesson3/examples/src/app/skill-set/skill-set.component.ts [11ms]
[2022-08-08T13:37:53.502Z] > git cat-file -s a6939115e2498915d071715405acfb77ad1e176b [4ms]
[2022-08-08T13:37:57.156Z] > git show --textconv :lesson3/examples/src/app/app.component.css [135ms]
[2022-08-08T13:37:57.156Z] > git ls-files --stage -- /home/thebuffylow/angular-lc101-projects/lesson3/examples/src/app/app.component.css [49ms]
[2022-08-08T13:37:57.219Z] > git cat-file -s 62d365239d0b2e26047fe6e5efa2f7f206ccb75b [12ms]
[2022-08-08T13:37:59.675Z] > git show --textconv :lesson3/examples/src/app/skill-set/skill-set.component.css [38ms]
[2022-08-08T13:37:59.690Z] > git ls-files --stage -- /home/thebuffylow/angular-lc101-projects/lesson3/examples/src/app/skill-set/skill-set.component.css [16ms]
[2022-08-08T13:37:59.750Z] > git cat-file -s 9d857bd537e9399ac88ca47d47180c51cf5bb1ce [29ms]
[2022-08-08T13:38:03.726Z] > git show --textconv :lesson3/examples/src/app/skill-set/skill-set.component.html [112ms]
[2022-08-08T13:38:03.727Z] > git ls-files --stage -- /home/thebuffylow/angular-lc101-projects/lesson3/examples/src/app/skill-set/skill-set.component.html [34ms]
[2022-08-08T13:38:03.769Z] > git cat-file -s d95092ac02982d387d5d50c8dee3970e6c9ec409 [20ms]
[2022-08-08T13:38:07.736Z] > git show --textconv :lesson3/examples/src/app/skill-set/skill-set.component.css [68ms]
[2022-08-08T13:38:07.737Z] > git ls-files --stage -- /home/thebuffylow/angular-lc101-projects/lesson3/examples/src/app/skill-set/skill-set.component.css [2ms]
[2022-08-08T13:38:07.796Z] > git cat-file -s 9d857bd537e9399ac88ca47d47180c51cf5bb1ce [36ms]
[2022-08-08T13:38:09.981Z] > git show --textconv :lesson3/examples/src/app/skill-set/skill-set.component.html [36ms]
[2022-08-08T13:38:09.986Z] > git ls-files --stage -- /home/thebuffylow/angular-lc101-projects/lesson3/examples/src/app/skill-set/skill-set.component.html [31ms]
[2022-08-08T13:38:10.006Z] > git cat-file -s d95092ac02982d387d5d50c8dee3970e6c9ec409 [2ms]
[2022-08-08T13:39:02.445Z] > git status -z -uall [88ms]
[2022-08-08T13:39:02.506Z] > git symbolic-ref --short HEAD [19ms]
[2022-08-08T13:39:02.674Z] > git for-each-ref --format=%(refname)%00%(upstream:short)%00%(objectname)%00%(upstream:track)%00%(upstream:remotename)%00%(upstream:remoteref) refs/heads/master refs/remotes/master [26ms]
[2022-08-08T13:39:02.803Z] > git remote --verbose [15ms]
[2022-08-08T13:39:02.803Z] > git for-each-ref --sort -committerdate --format %(refname) %(objectname) %(*objectname) [87ms]
[2022-08-08T13:39:02.887Z] > git config --get commit.template [1ms]
[2022-08-08T13:39:07.974Z] > git status -z -uall [36ms]
[2022-08-08T13:39:08.035Z] > git symbolic-ref --short HEAD [18ms]
[2022-08-08T13:39:08.053Z] > git for-each-ref --format=%(refname)%00%(upstream:short)%00%(objectname)%00%(upstream:track)%00%(upstream:remotename)%00%(upstream:remoteref) refs/heads/master refs/remotes/master [6ms]
[2022-08-08T13:39:08.139Z] > git for-each-ref --sort -committerdate --format %(refname) %(objectname) %(*objectname) [37ms]
[2022-08-08T13:39:08.155Z] > git remote --verbose [18ms]
[2022-08-08T13:39:08.201Z] > git config --get commit.template [10ms]
[2022-08-08T13:39:15.988Z] > git ls-files --stage -- /home/thebuffylow/angular-lc101-projects/lesson3/examples/src/app/skill-set/skill-set.component.ts [11ms]
[2022-08-08T13:39:16.020Z] > git show --textconv :lesson3/examples/src/app/skill-set/skill-set.component.ts [67ms]
[2022-08-08T13:39:16.027Z] > git cat-file -s a6939115e2498915d071715405acfb77ad1e176b [7ms]
[2022-08-08T13:39:44.326Z] > git status -z -uall [39ms]
[2022-08-08T13:39:44.382Z] > git symbolic-ref --short HEAD [10ms]
[2022-08-08T13:39:44.418Z] > git for-each-ref --format=%(refname)%00%(upstream:short)%00%(objectname)%00%(upstream:track)%00%(upstream:remotename)%00%(upstream:remoteref) refs/heads/master refs/remotes/master [12ms]
[2022-08-08T13:39:44.487Z] > git for-each-ref --sort -committerdate --format %(refname) %(objectname) %(*objectname) [31ms]
[2022-08-08T13:39:44.494Z] > git remote --verbose [8ms]
[2022-08-08T13:39:44.559Z] > git config --get commit.template [4ms]
[2022-08-08T13:40:27.132Z] > git show --textconv :lesson3/examples/src/app/skill-set/skill-set.component.html [30ms]
[2022-08-08T13:40:27.143Z] > git ls-files --stage -- /home/thebuffylow/angular-lc101-projects/lesson3/examples/src/app/skill-set/skill-set.component.html [13ms]
[2022-08-08T13:40:27.155Z] > git cat-file -s d95092ac02982d387d5d50c8dee3970e6c9ec409 [4ms]
[2022-08-08T13:40:56.399Z] > git show --textconv :lesson3/examples/src/app/skill-set/skill-set.component.spec.ts [9ms]
[2022-08-08T13:40:56.402Z] > git ls-files --stage -- /home/thebuffylow/angular-lc101-projects/lesson3/examples/src/app/skill-set/skill-set.component.spec.ts [3ms]
[2022-08-08T13:40:56.411Z] > git cat-file -s 171db74d752b2e8cc448ee9c41e678295f0d8c69 [2ms]
[2022-08-08T13:41:00.740Z] > git show --textconv :lesson3/examples/src/app/skill-set/skill-set.component.ts [9ms]
[2022-08-08T13:41:00.742Z] > git ls-files --stage -- /home/thebuffylow/angular-lc101-projects/lesson3/examples/src/app/skill-set/skill-set.component.ts [3ms]
[2022-08-08T13:41:00.751Z] > git cat-file -s a6939115e2498915d071715405acfb77ad1e176b [2ms]
[2022-08-08T13:41:07.283Z] > git show --textconv :lesson3/examples/src/app/skill-set/skill-set.component.css [31ms]
[2022-08-08T13:41:07.288Z] > git ls-files --stage -- /home/thebuffylow/angular-lc101-projects/lesson3/examples/src/app/skill-set/skill-set.component.css [7ms]
[2022-08-08T13:41:07.302Z] > git cat-file -s 9d857bd537e9399ac88ca47d47180c51cf5bb1ce [3ms]
[2022-08-08T13:41:09.517Z] > git show --textconv :lesson3/examples/src/app/skill-set/skill-set.component.html [23ms]
[2022-08-08T13:41:09.522Z] > git ls-files --stage -- /home/thebuffylow/angular-lc101-projects/lesson3/examples/src/app/skill-set/skill-set.component.html [6ms]
[2022-08-08T13:41:09.558Z] > git cat-file -s d95092ac02982d387d5d50c8dee3970e6c9ec409 [3ms]
[2022-08-08T13:42:17.357Z] > git show --textconv :lesson3/examples/src/app/skill-set/skill-set.component.spec.ts [8ms]
[2022-08-08T13:42:17.360Z] > git ls-files --stage -- /home/thebuffylow/angular-lc101-projects/lesson3/examples/src/app/skill-set/skill-set.component.spec.ts [3ms]
[2022-08-08T13:42:17.370Z] > git cat-file -s 171db74d752b2e8cc448ee9c41e678295f0d8c69 [2ms]
[2022-08-08T13:42:19.532Z] > git show --textconv :lesson3/examples/src/app/skill-set/skill-set.component.ts [9ms]
[2022-08-08T13:42:19.534Z] > git ls-files --stage -- /home/thebuffylow/angular-lc101-projects/lesson3/examples/src/app/skill-set/skill-set.component.ts [3ms]
[2022-08-08T13:42:19.556Z] > git cat-file -s a6939115e2498915d071715405acfb77ad1e176b [12ms]
[2022-08-08T13:42:26.498Z] > git show --textconv :lesson3/examples/src/app/skill-set/skill-set.component.spec.ts [23ms]
[2022-08-08T13:42:26.498Z] > git ls-files --stage -- /home/thebuffylow/angular-lc101-projects/lesson3/examples/src/app/skill-set/skill-set.component.spec.ts [7ms]
[2022-08-08T13:42:26.519Z] > git cat-file -s 171db74d752b2e8cc448ee9c41e678295f0d8c69 [13ms]
[2022-08-08T13:42:28.744Z] > git show --textconv :lesson3/examples/src/app/skill-set/skill-set.component.html [8ms]
[2022-08-08T13:42:28.746Z] > git ls-files --stage -- /home/thebuffylow/angular-lc101-projects/lesson3/examples/src/app/skill-set/skill-set.component.html [2ms]
[2022-08-08T13:42:28.756Z] > git cat-file -s d95092ac02982d387d5d50c8dee3970e6c9ec409 [2ms]
[2022-08-08T13:43:11.962Z] > git status -z -uall [37ms]
[2022-08-08T13:43:12.004Z] > git symbolic-ref --short HEAD [14ms]
[2022-08-08T13:43:12.035Z] > git for-each-ref --format=%(refname)%00%(upstream:short)%00%(objectname)%00%(upstream:track)%00%(upstream:remotename)%00%(upstream:remoteref) refs/heads/master refs/remotes/master [13ms]
[2022-08-08T13:43:12.108Z] > git for-each-ref --sort -committerdate --format %(refname) %(objectname) %(*objectname) [32ms]
[2022-08-08T13:43:12.111Z] > git remote --verbose [4ms]
[2022-08-08T13:43:12.121Z] > git config --get commit.template [2ms]
[2022-08-08T13:44:02.490Z] > git status -z -uall [14ms]
[2022-08-08T13:44:02.532Z] > git symbolic-ref --short HEAD [24ms]
[2022-08-08T13:44:02.554Z] > git for-each-ref --format=%(refname)%00%(upstream:short)%00%(objectname)%00%(upstream:track)%00%(upstream:remotename)%00%(upstream:remoteref) refs/heads/master refs/remotes/master [4ms]
[2022-08-08T13:44:02.578Z] > git for-each-ref --sort -committerdate --format %(refname) %(objectname) %(*objectname) [15ms]
[2022-08-08T13:44:02.586Z] > git remote --verbose [9ms]
[2022-08-08T13:44:02.625Z] > git config --get commit.template [8ms]
[2022-08-08T13:44:07.718Z] > git status -z -uall [38ms]
[2022-08-08T13:44:07.760Z] > git symbolic-ref --short HEAD [16ms]
[2022-08-08T13:44:07.788Z] > git for-each-ref --format=%(refname)%00%(upstream:short)%00%(objectname)%00%(upstream:track)%00%(upstream:remotename)%00%(upstream:remoteref) refs/heads/master refs/remotes/master [10ms]
[2022-08-08T13:44:07.886Z] > git for-each-ref --sort -committerdate --format %(refname) %(objectname) %(*objectname) [65ms]
[2022-08-08T13:44:07.887Z] > git remote --verbose [3ms]
[2022-08-08T13:44:07.964Z] > git config --get commit.template [14ms]
[2022-08-08T13:44:35.533Z] > git show --textconv :lesson3/examples/src/app/skill-set/skill-set.component.css [24ms]
[2022-08-08T13:44:35.533Z] > git ls-files --stage -- /home/thebuffylow/angular-lc101-projects/lesson3/examples/src/app/skill-set/skill-set.component.css [1ms]
[2022-08-08T13:44:35.554Z] > git cat-file -s 9d857bd537e9399ac88ca47d47180c51cf5bb1ce [10ms]
[2022-08-08T13:45:04.894Z] > git status -z -uall [11ms]
[2022-08-08T13:45:04.945Z] > git symbolic-ref --short HEAD [11ms]
[2022-08-08T13:45:05.005Z] > git for-each-ref --format=%(refname)%00%(upstream:short)%00%(objectname)%00%(upstream:track)%00%(upstream:remotename)%00%(upstream:remoteref) refs/heads/master refs/remotes/master [21ms]
[2022-08-08T13:45:05.033Z] > git for-each-ref --sort -committerdate --format %(refname) %(objectname) %(*objectname) [14ms]
[2022-08-08T13:45:05.036Z] > git remote --verbose [6ms]
[2022-08-08T13:45:05.049Z] > git config --get commit.template [2ms]
[2022-08-08T13:45:09.066Z] > git show --textconv :lesson3/examples/src/app/skill-set/skill-set.component.html [31ms]
[2022-08-08T13:45:09.070Z] > git ls-files --stage -- /home/thebuffylow/angular-lc101-projects/lesson3/examples/src/app/skill-set/skill-set.component.html [5ms]
[2022-08-08T13:45:09.099Z] > git cat-file -s d95092ac02982d387d5d50c8dee3970e6c9ec409 [6ms]
[2022-08-08T13:45:10.068Z] > git status -z -uall [7ms]
[2022-08-08T13:45:10.085Z] > git symbolic-ref --short HEAD [6ms]
[2022-08-08T13:45:10.100Z] > git for-each-ref --format=%(refname)%00%(upstream:short)%00%(objectname)%00%(upstream:track)%00%(upstream:remotename)%00%(upstream:remoteref) refs/heads/master refs/remotes/master [4ms]
[2022-08-08T13:45:10.129Z] > git for-each-ref --sort -committerdate --format %(refname) %(objectname) %(*objectname) [16ms]
[2022-08-08T13:45:10.130Z] > git remote --verbose [2ms]
[2022-08-08T13:45:10.146Z] > git config --get commit.template [4ms]
[2022-08-08T13:45:23.387Z] > git status -z -uall [26ms]
[2022-08-08T13:45:23.415Z] > git symbolic-ref --short HEAD [9ms]
[2022-08-08T13:45:23.458Z] > git for-each-ref --format=%(refname)%00%(upstream:short)%00%(objectname)%00%(upstream:track)%00%(upstream:remotename)%00%(upstream:remoteref) refs/heads/master refs/remotes/master [25ms]
[2022-08-08T13:45:23.516Z] > git for-each-ref --sort -committerdate --format %(refname) %(objectname) %(*objectname) [31ms]
[2022-08-08T13:45:23.519Z] > git remote --verbose [4ms]
[2022-08-08T13:45:23.535Z] > git config --get commit.template [3ms]
[2022-08-08T13:45:29.612Z] > git status -z -uall [80ms]
[2022-08-08T13:45:29.659Z] > git symbolic-ref --short HEAD [14ms]
[2022-08-08T13:45:29.706Z] > git for-each-ref --format=%(refname)%00%(upstream:short)%00%(objectname)%00%(upstream:track)%00%(upstream:remotename)%00%(upstream:remoteref) refs/heads/master refs/remotes/master [16ms]
[2022-08-08T13:45:29.758Z] > git for-each-ref --sort -committerdate --format %(refname) %(objectname) %(*objectname) [33ms]
[2022-08-08T13:45:29.773Z] > git remote --verbose [17ms]
[2022-08-08T13:45:29.812Z] > git config --get commit.template [6ms]
[2022-08-08T13:45:34.851Z] > git status -z -uall [19ms]
[2022-08-08T13:45:34.874Z] > git symbolic-ref --short HEAD [6ms]
[2022-08-08T13:45:34.898Z] > git for-each-ref --format=%(refname)%00%(upstream:short)%00%(objectname)%00%(upstream:track)%00%(upstream:remotename)%00%(upstream:remoteref) refs/heads/master refs/remotes/master [6ms]
[2022-08-08T13:45:34.936Z] > git for-each-ref --sort -committerdate --format %(refname) %(objectname) %(*objectname) [20ms]
[2022-08-08T13:45:34.951Z] > git remote --verbose [18ms]
[2022-08-08T13:45:34.993Z] > git config --get commit.template [4ms]
[2022-08-08T13:45:43.455Z] > git status -z -uall [8ms]
[2022-08-08T13:45:43.481Z] > git symbolic-ref --short HEAD [7ms]
[2022-08-08T13:45:43.496Z] > git for-each-ref --format=%(refname)%00%(upstream:short)%00%(objectname)%00%(upstream:track)%00%(upstream:remotename)%00%(upstream:remoteref) refs/heads/master refs/remotes/master [10ms]
[2022-08-08T13:45:43.532Z] > git for-each-ref --sort -committerdate --format %(refname) %(objectname) %(*objectname) [15ms]
[2022-08-08T13:45:43.541Z] > git remote --verbose [10ms]
[2022-08-08T13:45:43.560Z] > git config --get commit.template [3ms]
[2022-08-08T13:45:48.619Z] > git status -z -uall [41ms]
[2022-08-08T13:45:48.648Z] > git symbolic-ref --short HEAD [12ms]
[2022-08-08T13:45:48.663Z] > git for-each-ref --format=%(refname)%00%(upstream:short)%00%(objectname)%00%(upstream:track)%00%(upstream:remotename)%00%(upstream:remoteref) refs/heads/master refs/remotes/master [3ms]
[2022-08-08T13:45:48.681Z] > git for-each-ref --sort -committerdate --format %(refname) %(objectname) %(*objectname) [9ms]
[2022-08-08T13:45:48.682Z] > git remote --verbose [2ms]
[2022-08-08T13:45:48.697Z] > git config --get commit.template [2ms]
[2022-08-08T13:46:11.318Z] > git status -z -uall [17ms]
[2022-08-08T13:46:11.356Z] > git symbolic-ref --short HEAD [17ms]
[2022-08-08T13:46:11.386Z] > git for-each-ref --format=%(refname)%00%(upstream:short)%00%(objectname)%00%(upstream:track)%00%(upstream:remotename)%00%(upstream:remoteref) refs/heads/master refs/remotes/master [11ms]
[2022-08-08T13:46:11.412Z] > git for-each-ref --sort -committerdate --format %(refname) %(objectname) %(*objectname) [19ms]
[2022-08-08T13:46:11.421Z] > git remote --verbose [12ms]
[2022-08-08T13:46:11.454Z] > git config --get commit.template [17ms]
[2022-08-08T13:46:16.477Z] > git status -z -uall [12ms]
[2022-08-08T13:46:16.493Z] > git symbolic-ref --short HEAD [9ms]
[2022-08-08T13:46:16.502Z] > git for-each-ref --format=%(refname)%00%(upstream:short)%00%(objectname)%00%(upstream:track)%00%(upstream:remotename)%00%(upstream:remoteref) refs/heads/master refs/remotes/master [3ms]
[2022-08-08T13:46:16.515Z] > git for-each-ref --sort -committerdate --format %(refname) %(objectname) %(*objectname) [6ms]
[2022-08-08T13:46:16.516Z] > git remote --verbose [2ms]
[2022-08-08T13:46:16.526Z] > git config --get commit.template [2ms]
[2022-08-08T13:47:04.386Z] > git status -z -uall [44ms]
[2022-08-08T13:47:04.433Z] > git symbolic-ref --short HEAD [15ms]
[2022-08-08T13:47:04.482Z] > git for-each-ref --format=%(refname)%00%(upstream:short)%00%(objectname)%00%(upstream:track)%00%(upstream:remotename)%00%(upstream:remoteref) refs/heads/master refs/remotes/master [26ms]
[2022-08-08T13:47:04.597Z] > git remote --verbose [12ms]
[2022-08-08T13:47:04.600Z] > git for-each-ref --sort -committerdate --format %(refname) %(objectname) %(*objectname) [63ms]
[2022-08-08T13:47:04.674Z] > git config --get commit.template [27ms]
[2022-08-08T13:47:09.702Z] > git status -z -uall [10ms]
[2022-08-08T13:47:09.716Z] > git symbolic-ref --short HEAD [2ms]
[2022-08-08T13:47:09.724Z] > git for-each-ref --format=%(refname)%00%(upstream:short)%00%(objectname)%00%(upstream:track)%00%(upstream:remotename)%00%(upstream:remoteref) refs/heads/master refs/remotes/master [2ms]
[2022-08-08T13:47:09.740Z] > git for-each-ref --sort -committerdate --format %(refname) %(objectname) %(*objectname) [10ms]
[2022-08-08T13:47:09.740Z] > git remote --verbose [4ms]
[2022-08-08T13:47:09.749Z] > git config --get commit.template [2ms]
[2022-08-08T13:47:14.762Z] > git status -z -uall [6ms]
[2022-08-08T13:47:14.769Z] > git symbolic-ref --short HEAD [1ms]
[2022-08-08T13:47:14.777Z] > git for-each-ref --format=%(refname)%00%(upstream:short)%00%(objectname)%00%(upstream:track)%00%(upstream:remotename)%00%(upstream:remoteref) refs/heads/master refs/remotes/master [2ms]
[2022-08-08T13:47:14.789Z] > git for-each-ref --sort -committerdate --format %(refname) %(objectname) %(*objectname) [7ms]
[2022-08-08T13:47:14.789Z] > git remote --verbose [1ms]
[2022-08-08T13:47:14.798Z] > git config --get commit.template [1ms]
[2022-08-08T13:47:19.812Z] > git status -z -uall [6ms]
[2022-08-08T13:47:19.819Z] > git symbolic-ref --short HEAD [1ms]
[2022-08-08T13:47:19.828Z] > git for-each-ref --format=%(refname)%00%(upstream:short)%00%(objectname)%00%(upstream:track)%00%(upstream:remotename)%00%(upstream:remoteref) refs/heads/master refs/remotes/master [2ms]
[2022-08-08T13:47:19.840Z] > git for-each-ref --sort -committerdate --format %(refname) %(objectname) %(*objectname) [6ms]
[2022-08-08T13:47:19.841Z] > git remote --verbose [2ms]
[2022-08-08T13:47:19.850Z] > git config --get commit.template [2ms]
[2022-08-08T13:47:28.627Z] > git status -z -uall [12ms]
[2022-08-08T13:47:28.638Z] > git symbolic-ref --short HEAD [3ms]
[2022-08-08T13:47:28.651Z] > git for-each-ref --format=%(refname)%00%(upstream:short)%00%(objectname)%00%(upstream:track)%00%(upstream:remotename)%00%(upstream:remoteref) refs/heads/master refs/remotes/master [5ms]
[2022-08-08T13:47:28.677Z] > git for-each-ref --sort -committerdate --format %(refname) %(objectname) %(*objectname) [17ms]
[2022-08-08T13:47:28.689Z] > git remote --verbose [13ms]
[2022-08-08T13:47:28.718Z] > git config --get commit.template [6ms]
[2022-08-08T13:48:35.363Z] > git show --textconv :lesson3/examples/src/app/skill-set/skill-set.component.css [9ms]
[2022-08-08T13:48:35.365Z] > git ls-files --stage -- /home/thebuffylow/angular-lc101-projects/lesson3/examples/src/app/skill-set/skill-set.component.css [3ms]
[2022-08-08T13:48:35.374Z] > git cat-file -s 9d857bd537e9399ac88ca47d47180c51cf5bb1ce [2ms]
[2022-08-08T13:48:37.952Z] > git show --textconv :lesson3/examples/src/app/skill-set/skill-set.component.ts [15ms]
[2022-08-08T13:48:37.978Z] > git ls-files --stage -- /home/thebuffylow/angular-lc101-projects/lesson3/examples/src/app/skill-set/skill-set.component.ts [29ms]
[2022-08-08T13:48:38.004Z] > git cat-file -s a6939115e2498915d071715405acfb77ad1e176b [12ms]
[2022-08-08T13:49:37.946Z] > git status -z -uall [12ms]
[2022-08-08T13:49:38.032Z] > git symbolic-ref --short HEAD [71ms]
[2022-08-08T13:49:38.063Z] > git for-each-ref --format=%(refname)%00%(upstream:short)%00%(objectname)%00%(upstream:track)%00%(upstream:remotename)%00%(upstream:remoteref) refs/heads/master refs/remotes/master [4ms]
[2022-08-08T13:49:38.078Z] > git for-each-ref --sort -committerdate --format %(refname) %(objectname) %(*objectname) [8ms]
[2022-08-08T13:49:38.081Z] > git remote --verbose [4ms]
[2022-08-08T13:49:38.104Z] > git config --get commit.template [6ms]
[2022-08-08T13:49:43.139Z] > git status -z -uall [20ms]
[2022-08-08T13:49:43.154Z] > git symbolic-ref --short HEAD [7ms]
[2022-08-08T13:49:43.170Z] > git for-each-ref --format=%(refname)%00%(upstream:short)%00%(objectname)%00%(upstream:track)%00%(upstream:remotename)%00%(upstream:remoteref) refs/heads/master refs/remotes/master [7ms]
[2022-08-08T13:49:43.198Z] > git for-each-ref --sort -committerdate --format %(refname) %(objectname) %(*objectname) [18ms]
[2022-08-08T13:49:43.202Z] > git remote --verbose [5ms]
[2022-08-08T13:49:43.220Z] > git config --get commit.template [2ms]
[2022-08-08T13:49:48.273Z] > git status -z -uall [23ms]
[2022-08-08T13:49:48.283Z] > git symbolic-ref --short HEAD [3ms]
[2022-08-08T13:49:48.294Z] > git for-each-ref --format=%(refname)%00%(upstream:short)%00%(objectname)%00%(upstream:track)%00%(upstream:remotename)%00%(upstream:remoteref) refs/heads/master refs/remotes/master [4ms]
[2022-08-08T13:49:48.312Z] > git for-each-ref --sort -committerdate --format %(refname) %(objectname) %(*objectname) [11ms]
[2022-08-08T13:49:48.314Z] > git remote --verbose [3ms]
[2022-08-08T13:49:48.325Z] > git config --get commit.template [2ms]
[2022-08-08T13:49:48.842Z] > git show --textconv :lesson3/examples/src/app/skill-set/skill-set.component.css [7ms]
[2022-08-08T13:49:48.844Z] > git ls-files --stage -- /home/thebuffylow/angular-lc101-projects/lesson3/examples/src/app/skill-set/skill-set.component.css [3ms]
[2022-08-08T13:49:48.851Z] > git cat-file -s 9d857bd537e9399ac88ca47d47180c51cf5bb1ce [1ms]
[2022-08-08T13:49:54.372Z] > git status -z -uall [25ms]
[2022-08-08T13:49:54.399Z] > git symbolic-ref --short HEAD [3ms]
[2022-08-08T13:49:54.444Z] > git for-each-ref --format=%(refname)%00%(upstream:short)%00%(objectname)%00%(upstream:track)%00%(upstream:remotename)%00%(upstream:remoteref) refs/heads/master refs/remotes/master [27ms]
[2022-08-08T13:49:54.484Z] > git for-each-ref --sort -committerdate --format %(refname) %(objectname) %(*objectname) [14ms]
[2022-08-08T13:49:54.493Z] > git remote --verbose [11ms]
[2022-08-08T13:49:54.504Z] > git config --get commit.template [1ms]
[2022-08-08T13:50:00.186Z] > git status -z -uall [41ms]
[2022-08-08T13:50:00.215Z] > git symbolic-ref --short HEAD [12ms]
[2022-08-08T13:50:00.245Z] > git for-each-ref --format=%(refname)%00%(upstream:short)%00%(objectname)%00%(upstream:track)%00%(upstream:remotename)%00%(upstream:remoteref) refs/heads/master refs/remotes/master [17ms]
[2022-08-08T13:50:00.272Z] > git for-each-ref --sort -committerdate --format %(refname) %(objectname) %(*objectname) [12ms]
[2022-08-08T13:50:00.279Z] > git remote --verbose [8ms]
[2022-08-08T13:50:00.300Z] > git config --get commit.template [3ms]
[2022-08-08T13:50:05.319Z] > git status -z -uall [10ms]
[2022-08-08T13:50:05.334Z] > git symbolic-ref --short HEAD [4ms]
[2022-08-08T13:50:05.368Z] > git for-each-ref --format=%(refname)%00%(upstream:short)%00%(objectname)%00%(upstream:track)%00%(upstream:remotename)%00%(upstream:remoteref) refs/heads/master refs/remotes/master [25ms]
[2022-08-08T13:50:05.404Z] > git for-each-ref --sort -committerdate --format %(refname) %(objectname) %(*objectname) [25ms]
[2022-08-08T13:50:05.407Z] > git remote --verbose [3ms]
[2022-08-08T13:50:05.419Z] > git config --get commit.template [2ms]
[2022-08-08T13:50:26.743Z] > git show --textconv :lesson3/examples/src/app/skill-set/skill-set.component.html [33ms]
[2022-08-08T13:50:26.759Z] > git ls-files --stage -- /home/thebuffylow/angular-lc101-projects/lesson3/examples/src/app/skill-set/skill-set.component.html [20ms]
[2022-08-08T13:50:26.794Z] > git cat-file -s d95092ac02982d387d5d50c8dee3970e6c9ec409 [4ms]
[2022-08-08T13:50:57.460Z] > git show --textconv :lesson3/examples/src/app/skill-set/skill-set.component.css [8ms]
[2022-08-08T13:50:57.462Z] > git ls-files --stage -- /home/thebuffylow/angular-lc101-projects/lesson3/examples/src/app/skill-set/skill-set.component.css [3ms]
[2022-08-08T13:50:57.471Z] > git cat-file -s 9d857bd537e9399ac88ca47d47180c51cf5bb1ce [2ms]
[2022-08-08T13:51:24.075Z] > git show --textconv :lesson3/examples/src/app/skill-set/skill-set.component.html [9ms]
[2022-08-08T13:51:24.077Z] > git ls-files --stage -- /home/thebuffylow/angular-lc101-projects/lesson3/examples/src/app/skill-set/skill-set.component.html [3ms]
[2022-08-08T13:51:24.087Z] > git cat-file -s d95092ac02982d387d5d50c8dee3970e6c9ec409 [2ms]
[2022-08-08T13:51:36.666Z] > git show --textconv :lesson3/examples/src/app/skill-set/skill-set.component.ts [13ms]
[2022-08-08T13:51:36.666Z] > git ls-files --stage -- /home/thebuffylow/angular-lc101-projects/lesson3/examples/src/app/skill-set/skill-set.component.ts [2ms]
[2022-08-08T13:51:36.677Z] > git cat-file -s a6939115e2498915d071715405acfb77ad1e176b [4ms]
[2022-08-08T13:53:23.487Z] > git status -z -uall [55ms]
[2022-08-08T13:53:23.501Z] > git symbolic-ref --short HEAD [3ms]
[2022-08-08T13:53:23.517Z] > git for-each-ref --format=%(refname)%00%(upstream:short)%00%(objectname)%00%(upstream:track)%00%(upstream:remotename)%00%(upstream:remoteref) refs/heads/master refs/remotes/master [6ms]
[2022-08-08T13:53:23.542Z] > git for-each-ref --sort -committerdate --format %(refname) %(objectname) %(*objectname) [13ms]
[2022-08-08T13:53:23.545Z] > git remote --verbose [5ms]
[2022-08-08T13:53:23.569Z] > git config --get commit.template [5ms]
[2022-08-08T13:53:26.698Z] > git show --textconv :lesson3/examples/src/app/skill-set/skill-set.component.css [26ms]
[2022-08-08T13:53:26.701Z] > git ls-files --stage -- /home/thebuffylow/angular-lc101-projects/lesson3/examples/src/app/skill-set/skill-set.component.css [14ms]
[2022-08-08T13:53:26.714Z] > git cat-file -s 9d857bd537e9399ac88ca47d47180c51cf5bb1ce [5ms]
[2022-08-08T13:53:28.593Z] > git status -z -uall [11ms]
[2022-08-08T13:53:28.601Z] > git symbolic-ref --short HEAD [1ms]
[2022-08-08T13:53:28.611Z] > git for-each-ref --format=%(refname)%00%(upstream:short)%00%(objectname)%00%(upstream:track)%00%(upstream:remotename)%00%(upstream:remoteref) refs/heads/master refs/remotes/master [3ms]
[2022-08-08T13:53:28.626Z] > git for-each-ref --sort -committerdate --format %(refname) %(objectname) %(*objectname) [8ms]
[2022-08-08T13:53:28.626Z] > git remote --verbose [2ms]
[2022-08-08T13:53:28.639Z] > git config --get commit.template [3ms]
[2022-08-08T13:53:33.658Z] > git status -z -uall [6ms]
[2022-08-08T13:53:33.672Z] > git symbolic-ref --short HEAD [5ms]
[2022-08-08T13:53:33.687Z] > git for-each-ref --format=%(refname)%00%(upstream:short)%00%(objectname)%00%(upstream:track)%00%(upstream:remotename)%00%(upstream:remoteref) refs/heads/master refs/remotes/master [5ms]
[2022-08-08T13:53:33.705Z] > git for-each-ref --sort -committerdate --format %(refname) %(objectname) %(*objectname) [10ms]
[2022-08-08T13:53:33.708Z] > git remote --verbose [4ms]
[2022-08-08T13:53:33.723Z] > git config --get commit.template [4ms]
[2022-08-08T13:53:38.754Z] > git status -z -uall [11ms]
[2022-08-08T13:53:38.764Z] > git symbolic-ref --short HEAD [3ms]
[2022-08-08T13:53:38.776Z] > git for-each-ref --format=%(refname)%00%(upstream:short)%00%(objectname)%00%(upstream:track)%00%(upstream:remotename)%00%(upstream:remoteref) refs/heads/master refs/remotes/master [4ms]
[2022-08-08T13:53:38.795Z] > git remote --verbose [3ms]
[2022-08-08T13:53:38.795Z] > git for-each-ref --sort -committerdate --format %(refname) %(objectname) %(*objectname) [12ms]
[2022-08-08T13:53:38.814Z] > git config --get commit.template [5ms]
[2022-08-08T13:53:43.861Z] > git status -z -uall [17ms]
[2022-08-08T13:53:43.904Z] > git symbolic-ref --short HEAD [10ms]
[2022-08-08T13:53:43.919Z] > git for-each-ref --format=%(refname)%00%(upstream:short)%00%(objectname)%00%(upstream:track)%00%(upstream:remotename)%00%(upstream:remoteref) refs/heads/master refs/remotes/master [3ms]
[2022-08-08T13:53:43.943Z] > git for-each-ref --sort -committerdate --format %(refname) %(objectname) %(*objectname) [11ms]
[2022-08-08T13:53:43.943Z] > git remote --verbose [1ms]
[2022-08-08T13:53:43.957Z] > git config --get commit.template [3ms]
[2022-08-08T13:53:56.251Z] > git status -z -uall [42ms]
[2022-08-08T13:53:56.300Z] > git symbolic-ref --short HEAD [6ms]
[2022-08-08T13:53:56.323Z] > git for-each-ref --format=%(refname)%00%(upstream:short)%00%(objectname)%00%(upstream:track)%00%(upstream:remotename)%00%(upstream:remoteref) refs/heads/master refs/remotes/master [2ms]
[2022-08-08T13:53:56.348Z] > git for-each-ref --sort -committerdate --format %(refname) %(objectname) %(*objectname) [10ms]
[2022-08-08T13:53:56.350Z] > git remote --verbose [3ms]
[2022-08-08T13:53:56.364Z] > git config --get commit.template [4ms]
[2022-08-08T13:54:09.955Z] > git status -z -uall [41ms]
[2022-08-08T13:54:09.990Z] > git symbolic-ref --short HEAD [8ms]
[2022-08-08T13:54:10.015Z] > git for-each-ref --format=%(refname)%00%(upstream:short)%00%(objectname)%00%(upstream:track)%00%(upstream:remotename)%00%(upstream:remoteref) refs/heads/master refs/remotes/master [12ms]
[2022-08-08T13:54:10.083Z] > git for-each-ref --sort -committerdate --format %(refname) %(objectname) %(*objectname) [46ms]
[2022-08-08T13:54:10.089Z] > git remote --verbose [8ms]
[2022-08-08T13:54:10.124Z] > git config --get commit.template [3ms]
[2022-08-08T13:54:15.141Z] > git status -z -uall [8ms]
[2022-08-08T13:54:15.154Z] > git symbolic-ref --short HEAD [4ms]
[2022-08-08T13:54:15.164Z] > git for-each-ref --format=%(refname)%00%(upstream:short)%00%(objectname)%00%(upstream:track)%00%(upstream:remotename)%00%(upstream:remoteref) refs/heads/master refs/remotes/master [4ms]
[2022-08-08T13:54:15.181Z] > git for-each-ref --sort -committerdate --format %(refname) %(objectname) %(*objectname) [11ms]
[2022-08-08T13:54:15.183Z] > git remote --verbose [3ms]
[2022-08-08T13:54:15.207Z] > git config --get commit.template [13ms]
[2022-08-08T13:54:20.269Z] > git status -z -uall [33ms]
[2022-08-08T13:54:20.334Z] > git symbolic-ref --short HEAD [14ms]
[2022-08-08T13:54:20.384Z] > git for-each-ref --format=%(refname)%00%(upstream:short)%00%(objectname)%00%(upstream:track)%00%(upstream:remotename)%00%(upstream:remoteref) refs/heads/master refs/remotes/master [9ms]
[2022-08-08T13:54:20.447Z] > git remote --verbose [9ms]
[2022-08-08T13:54:20.448Z] > git for-each-ref --sort -committerdate --format %(refname) %(objectname) %(*objectname) [39ms]
[2022-08-08T13:54:20.465Z] > git config --get commit.template [3ms]
[2022-08-08T13:54:25.488Z] > git status -z -uall [8ms]
[2022-08-08T13:54:25.504Z] > git symbolic-ref --short HEAD [1ms]
[2022-08-08T13:54:25.521Z] > git for-each-ref --format=%(refname)%00%(upstream:short)%00%(objectname)%00%(upstream:track)%00%(upstream:remotename)%00%(upstream:remoteref) refs/heads/master refs/remotes/master [6ms]
[2022-08-08T13:54:25.554Z] > git remote --verbose [5ms]
[2022-08-08T13:54:25.554Z] > git for-each-ref --sort -committerdate --format %(refname) %(objectname) %(*objectname) [19ms]
[2022-08-08T13:54:25.584Z] > git config --get commit.template [5ms]
[2022-08-08T13:54:31.816Z] > git show --textconv :lesson3/examples/src/app/skill-set/skill-set.component.html [12ms]
[2022-08-08T13:54:31.816Z] > git ls-files --stage -- /home/thebuffylow/angular-lc101-projects/lesson3/examples/src/app/skill-set/skill-set.component.html [2ms]
[2022-08-08T13:54:31.833Z] > git cat-file -s d95092ac02982d387d5d50c8dee3970e6c9ec409 [5ms]
[2022-08-08T13:54:47.277Z] > git status -z -uall [76ms]
[2022-08-08T13:54:47.310Z] > git symbolic-ref --short HEAD [3ms]
[2022-08-08T13:54:47.367Z] > git for-each-ref --format=%(refname)%00%(upstream:short)%00%(objectname)%00%(upstream:track)%00%(upstream:remotename)%00%(upstream:remoteref) refs/heads/master refs/remotes/master [15ms]
[2022-08-08T13:54:47.411Z] > git for-each-ref --sort -committerdate --format %(refname) %(objectname) %(*objectname) [27ms]
[2022-08-08T13:54:47.415Z] > git remote --verbose [5ms]
[2022-08-08T13:54:47.442Z] > git config --get commit.template [12ms]
[2022-08-08T13:54:54.137Z] > git status -z -uall [50ms]
[2022-08-08T13:54:54.162Z] > git symbolic-ref --short HEAD [4ms]
[2022-08-08T13:54:54.182Z] > git for-each-ref --format=%(refname)%00%(upstream:short)%00%(objectname)%00%(upstream:track)%00%(upstream:remotename)%00%(upstream:remoteref) refs/heads/master refs/remotes/master [4ms]
[2022-08-08T13:54:54.235Z] > git remote --verbose [2ms]
[2022-08-08T13:54:54.235Z] > git for-each-ref --sort -committerdate --format %(refname) %(objectname) %(*objectname) [27ms]
[2022-08-08T13:54:54.255Z] > git config --get commit.template [4ms]
[2022-08-08T13:54:59.981Z] > git status -z -uall [8ms]
[2022-08-08T13:55:00.002Z] > git symbolic-ref --short HEAD [3ms]
[2022-08-08T13:55:00.025Z] > git for-each-ref --format=%(refname)%00%(upstream:short)%00%(objectname)%00%(upstream:track)%00%(upstream:remotename)%00%(upstream:remoteref) refs/heads/master refs/remotes/master [6ms]
[2022-08-08T13:55:00.046Z] > git for-each-ref --sort -committerdate --format %(refname) %(objectname) %(*objectname) [11ms]
[2022-08-08T13:55:00.049Z] > git remote --verbose [4ms]
[2022-08-08T13:55:00.097Z] > git config --get commit.template [28ms]
[2022-08-08T13:55:05.116Z] > git status -z -uall [7ms]
[2022-08-08T13:55:05.124Z] > git symbolic-ref --short HEAD [2ms]
[2022-08-08T13:55:05.134Z] > git for-each-ref --format=%(refname)%00%(upstream:short)%00%(objectname)%00%(upstream:track)%00%(upstream:remotename)%00%(upstream:remoteref) refs/heads/master refs/remotes/master [3ms]
[2022-08-08T13:55:05.150Z] > git for-each-ref --sort -committerdate --format %(refname) %(objectname) %(*objectname) [9ms]
[2022-08-08T13:55:05.153Z] > git remote --verbose [3ms]
[2022-08-08T13:55:05.163Z] > git config --get commit.template [3ms]
[2022-08-08T13:55:10.191Z] > git status -z -uall [11ms]
[2022-08-08T13:55:10.225Z] > git symbolic-ref --short HEAD [9ms]
[2022-08-08T13:55:10.253Z] > git for-each-ref --format=%(refname)%00%(upstream:short)%00%(objectname)%00%(upstream:track)%00%(upstream:remotename)%00%(upstream:remoteref) refs/heads/master refs/remotes/master [13ms]
[2022-08-08T13:55:10.297Z] > git for-each-ref --sort -committerdate --format %(refname) %(objectname) %(*objectname) [14ms]
[2022-08-08T13:55:10.320Z] > git remote --verbose [24ms]
[2022-08-08T13:55:10.364Z] > git config --get commit.template [4ms]
[2022-08-08T13:55:15.406Z] > git status -z -uall [12ms]
[2022-08-08T13:55:15.418Z] > git symbolic-ref --short HEAD [3ms]
[2022-08-08T13:55:15.440Z] > git for-each-ref --format=%(refname)%00%(upstream:short)%00%(objectname)%00%(upstream:track)%00%(upstream:remotename)%00%(upstream:remoteref) refs/heads/master refs/remotes/master [12ms]
[2022-08-08T13:55:15.457Z] > git for-each-ref --sort -committerdate --format %(refname) %(objectname) %(*objectname) [10ms]
[2022-08-08T13:55:15.458Z] > git remote --verbose [2ms]
[2022-08-08T13:55:15.469Z] > git config --get commit.template [2ms]
[2022-08-08T13:55:20.513Z] > git status -z -uall [18ms]
[2022-08-08T13:55:20.536Z] > git symbolic-ref --short HEAD [3ms]
[2022-08-08T13:55:20.548Z] > git for-each-ref --format=%(refname)%00%(upstream:short)%00%(objectname)%00%(upstream:track)%00%(upstream:remotename)%00%(upstream:remoteref) refs/heads/master refs/remotes/master [3ms]
[2022-08-08T13:55:20.567Z] > git for-each-ref --sort -committerdate --format %(refname) %(objectname) %(*objectname) [9ms]
[2022-08-08T13:55:20.569Z] > git remote --verbose [4ms]
[2022-08-08T13:55:20.583Z] > git config --get commit.template [5ms]
[2022-08-08T13:55:25.598Z] > git status -z -uall [6ms]
[2022-08-08T13:55:25.607Z] > git symbolic-ref --short HEAD [3ms]
[2022-08-08T13:55:25.621Z] > git for-each-ref --format=%(refname)%00%(upstream:short)%00%(objectname)%00%(upstream:track)%00%(upstream:remotename)%00%(upstream:remoteref) refs/heads/master refs/remotes/master [8ms]
[2022-08-08T13:55:25.646Z] > git remote --verbose [3ms]
[2022-08-08T13:55:25.647Z] > git for-each-ref --sort -committerdate --format %(refname) %(objectname) %(*objectname) [14ms]
[2022-08-08T13:55:25.663Z] > git config --get commit.template [3ms]
[2022-08-08T13:58:13.951Z] > git status -z -uall [112ms]
[2022-08-08T13:58:14.019Z] > git symbolic-ref --short HEAD [23ms]
[2022-08-08T13:58:14.125Z] > git for-each-ref --format=%(refname)%00%(upstream:short)%00%(objectname)%00%(upstream:track)%00%(upstream:remotename)%00%(upstream:remoteref) refs/heads/master refs/remotes/master [40ms]
[2022-08-08T13:58:14.221Z] > git for-each-ref --sort -committerdate --format %(refname) %(objectname) %(*objectname) [48ms]
[2022-08-08T13:58:14.224Z] > git remote --verbose [10ms]
[2022-08-08T13:58:14.344Z] > git config --get commit.template [17ms]
[2022-08-08T13:58:19.379Z] > git status -z -uall [13ms]
[2022-08-08T13:58:19.394Z] > git symbolic-ref --short HEAD [3ms]
[2022-08-08T13:58:19.415Z] > git for-each-ref --format=%(refname)%00%(upstream:short)%00%(objectname)%00%(upstream:track)%00%(upstream:remotename)%00%(upstream:remoteref) refs/heads/master refs/remotes/master [9ms]
[2022-08-08T13:58:19.448Z] > git for-each-ref --sort -committerdate --format %(refname) %(objectname) %(*objectname) [19ms]
[2022-08-08T13:58:19.449Z] > git remote --verbose [3ms]
[2022-08-08T13:58:19.477Z] > git config --get commit.template [9ms]
[2022-08-08T14:00:13.755Z] > git status -z -uall [47ms]
[2022-08-08T14:00:13.804Z] > git symbolic-ref --short HEAD [7ms]
[2022-08-08T14:00:13.849Z] > git for-each-ref --format=%(refname)%00%(upstream:short)%00%(objectname)%00%(upstream:track)%00%(upstream:remotename)%00%(upstream:remoteref) refs/heads/master refs/remotes/master [20ms]
[2022-08-08T14:00:13.899Z] > git for-each-ref --sort -committerdate --format %(refname) %(objectname) %(*objectname) [19ms]
[2022-08-08T14:00:13.908Z] > git remote --verbose [10ms]
[2022-08-08T14:00:13.924Z] > git config --get commit.template [2ms]
[2022-08-08T14:00:50.108Z] > git status -z -uall [79ms]
[2022-08-08T14:00:50.166Z] > git symbolic-ref --short HEAD [34ms]
[2022-08-08T14:00:50.211Z] > git for-each-ref --format=%(refname)%00%(upstream:short)%00%(objectname)%00%(upstream:track)%00%(upstream:remotename)%00%(upstream:remoteref) refs/heads/master refs/remotes/master [6ms]
[2022-08-08T14:00:50.259Z] > git for-each-ref --sort -committerdate --format %(refname) %(objectname) %(*objectname) [23ms]
[2022-08-08T14:00:50.264Z] > git remote --verbose [7ms]
[2022-08-08T14:00:50.287Z] > git config --get commit.template [2ms]
[2022-08-08T14:00:56.789Z] > git status -z -uall [27ms]
[2022-08-08T14:00:56.827Z] > git symbolic-ref --short HEAD [8ms]
[2022-08-08T14:00:56.882Z] > git for-each-ref --format=%(refname)%00%(upstream:short)%00%(objectname)%00%(upstream:track)%00%(upstream:remotename)%00%(upstream:remoteref) refs/heads/master refs/remotes/master [23ms]
[2022-08-08T14:00:56.921Z] > git for-each-ref --sort -committerdate --format %(refname) %(objectname) %(*objectname) [19ms]
[2022-08-08T14:00:56.930Z] > git remote --verbose [11ms]
[2022-08-08T14:00:56.965Z] > git config --get commit.template [19ms]
[2022-08-08T14:01:19.757Z] > git status -z -uall [16ms]
[2022-08-08T14:01:19.788Z] > git symbolic-ref --short HEAD [3ms]
[2022-08-08T14:01:19.874Z] > git for-each-ref --format=%(refname)%00%(upstream:short)%00%(objectname)%00%(upstream:track)%00%(upstream:remotename)%00%(upstream:remoteref) refs/heads/master refs/remotes/master [12ms]
[2022-08-08T14:01:19.996Z] > git for-each-ref --sort -committerdate --format %(refname) %(objectname) %(*objectname) [75ms]
[2022-08-08T14:01:20.007Z] > git remote --verbose [13ms]
[2022-08-08T14:01:20.032Z] > git config --get commit.template [2ms]
[2022-08-08T14:02:01.910Z] > git status -z -uall [64ms]
[2022-08-08T14:02:01.950Z] > git symbolic-ref --short HEAD [12ms]
[2022-08-08T14:02:02.055Z] > git for-each-ref --format=%(refname)%00%(upstream:short)%00%(objectname)%00%(upstream:track)%00%(upstream:remotename)%00%(upstream:remoteref) refs/heads/master refs/remotes/master [37ms]
[2022-08-08T14:02:02.149Z] > git for-each-ref --sort -committerdate --format %(refname) %(objectname) %(*objectname) [51ms]
[2022-08-08T14:02:02.155Z] > git remote --verbose [7ms]
[2022-08-08T14:02:02.188Z] > git config --get commit.template [10ms]
[2022-08-08T14:11:47.642Z] > git check-ignore -v -z --stdin [5ms]
[2022-08-08T14:11:50.852Z] > git show --textconv :lesson3/examples/src/app/buttons/buttons.component.html [27ms]
[2022-08-08T14:11:50.854Z] > git ls-files --stage -- /home/thebuffylow/angular-lc101-projects/lesson3/examples/src/app/buttons/buttons.component.html [3ms]
[2022-08-08T14:11:50.862Z] > git cat-file -s b3247d1361605b1c38477b513313039b728b8c48 [2ms]
[2022-08-08T14:13:04.077Z] > git status -z -uall [29ms]
[2022-08-08T14:13:04.105Z] > git symbolic-ref --short HEAD [15ms]
[2022-08-08T14:13:04.252Z] > git for-each-ref --format=%(refname)%00%(upstream:short)%00%(objectname)%00%(upstream:track)%00%(upstream:remotename)%00%(upstream:remoteref) refs/heads/master refs/remotes/master [24ms]
[2022-08-08T14:13:04.316Z] > git for-each-ref --sort -committerdate --format %(refname) %(objectname) %(*objectname) [29ms]
[2022-08-08T14:13:04.322Z] > git remote --verbose [12ms]
[2022-08-08T14:13:04.417Z] > git config --get commit.template [3ms]
[2022-08-08T14:13:09.475Z] > git status -z -uall [27ms]
[2022-08-08T14:13:09.541Z] > git symbolic-ref --short HEAD [11ms]
[2022-08-08T14:13:09.554Z] > git for-each-ref --format=%(refname)%00%(upstream:short)%00%(objectname)%00%(upstream:track)%00%(upstream:remotename)%00%(upstream:remoteref) refs/heads/master refs/remotes/master [2ms]
[2022-08-08T14:13:09.572Z] > git for-each-ref --sort -committerdate --format %(refname) %(objectname) %(*objectname) [8ms]
[2022-08-08T14:13:09.572Z] > git remote --verbose [2ms]
[2022-08-08T14:13:09.584Z] > git config --get commit.template [1ms]
[2022-08-08T14:14:11.526Z] > git status -z -uall [29ms]
[2022-08-08T14:14:11.577Z] > git symbolic-ref --short HEAD [5ms]
[2022-08-08T14:14:11.620Z] > git for-each-ref --format=%(refname)%00%(upstream:short)%00%(objectname)%00%(upstream:track)%00%(upstream:remotename)%00%(upstream:remoteref) refs/heads/master refs/remotes/master [8ms]
[2022-08-08T14:14:11.681Z] > git remote --verbose [21ms]
[2022-08-08T14:14:11.682Z] > git for-each-ref --sort -committerdate --format %(refname) %(objectname) %(*objectname) [37ms]
[2022-08-08T14:14:11.707Z] > git config --get commit.template [4ms]
[2022-08-08T14:14:17.267Z] > git status -z -uall [36ms]
[2022-08-08T14:14:17.287Z] > git symbolic-ref --short HEAD [8ms]
[2022-08-08T14:14:17.303Z] > git for-each-ref --format=%(refname)%00%(upstream:short)%00%(objectname)%00%(upstream:track)%00%(upstream:remotename)%00%(upstream:remoteref) refs/heads/master refs/remotes/master [5ms]
[2022-08-08T14:14:17.336Z] > git remote --verbose [4ms]
[2022-08-08T14:14:17.338Z] > git for-each-ref --sort -committerdate --format %(refname) %(objectname) %(*objectname) [25ms]
[2022-08-08T14:14:17.364Z] > git config --get commit.template [3ms]
[2022-08-08T14:15:25.667Z] > git status -z -uall [21ms]
[2022-08-08T14:15:25.682Z] > git symbolic-ref --short HEAD [5ms]
[2022-08-08T14:15:25.704Z] > git for-each-ref --format=%(refname)%00%(upstream:short)%00%(objectname)%00%(upstream:track)%00%(upstream:remotename)%00%(upstream:remoteref) refs/heads/master refs/remotes/master [4ms]
[2022-08-08T14:15:25.748Z] > git for-each-ref --sort -committerdate --format %(refname) %(objectname) %(*objectname) [29ms]
[2022-08-08T14:15:25.766Z] > git remote --verbose [20ms]
[2022-08-08T14:15:25.795Z] > git config --get commit.template [7ms]
[2022-08-08T14:15:30.809Z] > git status -z -uall [6ms]
[2022-08-08T14:15:30.818Z] > git symbolic-ref --short HEAD [3ms]
[2022-08-08T14:15:30.827Z] > git for-each-ref --format=%(refname)%00%(upstream:short)%00%(objectname)%00%(upstream:track)%00%(upstream:remotename)%00%(upstream:remoteref) refs/heads/master refs/remotes/master [3ms]
[2022-08-08T14:15:30.844Z] > git for-each-ref --sort -committerdate --format %(refname) %(objectname) %(*objectname) [11ms]
[2022-08-08T14:15:30.846Z] > git remote --verbose [3ms]
[2022-08-08T14:15:30.864Z] > git config --get commit.template [3ms]
[2022-08-08T14:15:35.879Z] > git status -z -uall [5ms]
[2022-08-08T14:15:35.886Z] > git symbolic-ref --short HEAD [1ms]
[2022-08-08T14:15:35.894Z] > git for-each-ref --format=%(refname)%00%(upstream:short)%00%(objectname)%00%(upstream:track)%00%(upstream:remotename)%00%(upstream:remoteref) refs/heads/master refs/remotes/master [2ms]
[2022-08-08T14:15:35.906Z] > git for-each-ref --sort -committerdate --format %(refname) %(objectname) %(*objectname) [7ms]
[2022-08-08T14:15:35.906Z] > git remote --verbose [1ms]
[2022-08-08T14:15:35.915Z] > git config --get commit.template [1ms]
[2022-08-08T14:15:40.982Z] > git status -z -uall [18ms]
[2022-08-08T14:15:41.014Z] > git symbolic-ref --short HEAD [5ms]
[2022-08-08T14:15:41.071Z] > git for-each-ref --format=%(refname)%00%(upstream:short)%00%(objectname)%00%(upstream:track)%00%(upstream:remotename)%00%(upstream:remoteref) refs/heads/master refs/remotes/master [19ms]
[2022-08-08T14:15:41.123Z] > git for-each-ref --sort -committerdate --format %(refname) %(objectname) %(*objectname) [22ms]
[2022-08-08T14:15:41.126Z] > git remote --verbose [5ms]
[2022-08-08T14:15:41.165Z] > git config --get commit.template [13ms]
[2022-08-08T14:15:58.769Z] > git status -z -uall [162ms]
[2022-08-08T14:15:58.919Z] > git symbolic-ref --short HEAD [57ms]
[2022-08-08T14:15:58.963Z] > git for-each-ref --format=%(refname)%00%(upstream:short)%00%(objectname)%00%(upstream:track)%00%(upstream:remotename)%00%(upstream:remoteref) refs/heads/master refs/remotes/master [24ms]
[2022-08-08T14:15:59.032Z] > git for-each-ref --sort -committerdate --format %(refname) %(objectname) %(*objectname) [56ms]
[2022-08-08T14:15:59.044Z] > git remote --verbose [16ms]
[2022-08-08T14:15:59.076Z] > git config --get commit.template [14ms]
[2022-08-08T14:16:04.126Z] > git status -z -uall [22ms]
[2022-08-08T14:16:04.147Z] > git symbolic-ref --short HEAD [3ms]
[2022-08-08T14:16:04.157Z] > git for-each-ref --format=%(refname)%00%(upstream:short)%00%(objectname)%00%(upstream:track)%00%(upstream:remotename)%00%(upstream:remoteref) refs/heads/master refs/remotes/master [4ms]
[2022-08-08T14:16:04.184Z] > git for-each-ref --sort -committerdate --format %(refname) %(objectname) %(*objectname) [19ms]
[2022-08-08T14:16:04.185Z] > git remote --verbose [2ms]
[2022-08-08T14:16:04.214Z] > git config --get commit.template [3ms]
[2022-08-08T14:16:09.237Z] > git status -z -uall [8ms]
[2022-08-08T14:16:09.253Z] > git symbolic-ref --short HEAD [2ms]
[2022-08-08T14:16:09.262Z] > git for-each-ref --format=%(refname)%00%(upstream:short)%00%(objectname)%00%(upstream:track)%00%(upstream:remotename)%00%(upstream:remoteref) refs/heads/master refs/remotes/master [2ms]
[2022-08-08T14:16:09.282Z] > git for-each-ref --sort -committerdate --format %(refname) %(objectname) %(*objectname) [13ms]
[2022-08-08T14:16:09.284Z] > git remote --verbose [3ms]
[2022-08-08T14:16:09.297Z] > git config --get commit.template [4ms]
[2022-08-08T14:16:15.310Z] > git status -z -uall [26ms]
[2022-08-08T14:16:15.328Z] > git symbolic-ref --short HEAD [7ms]
[2022-08-08T14:16:15.356Z] > git for-each-ref --format=%(refname)%00%(upstream:short)%00%(objectname)%00%(upstream:track)%00%(upstream:remotename)%00%(upstream:remoteref) refs/heads/master refs/remotes/master [7ms]
[2022-08-08T14:16:15.399Z] > git for-each-ref --sort -committerdate --format %(refname) %(objectname) %(*objectname) [32ms]
[2022-08-08T14:16:15.402Z] > git remote --verbose [4ms]
[2022-08-08T14:16:15.439Z] > git config --get commit.template [2ms]
[2022-08-08T14:16:20.484Z] > git status -z -uall [15ms]
[2022-08-08T14:16:20.511Z] > git symbolic-ref --short HEAD [4ms]
[2022-08-08T14:16:20.528Z] > git for-each-ref --format=%(refname)%00%(upstream:short)%00%(objectname)%00%(upstream:track)%00%(upstream:remotename)%00%(upstream:remoteref) refs/heads/master refs/remotes/master [4ms]
[2022-08-08T14:16:20.546Z] > git for-each-ref --sort -committerdate --format %(refname) %(objectname) %(*objectname) [10ms]
[2022-08-08T14:16:20.548Z] > git remote --verbose [3ms]
[2022-08-08T14:16:20.560Z] > git config --get commit.template [3ms]
[2022-08-08T14:16:25.592Z] > git status -z -uall [11ms]
[2022-08-08T14:16:25.605Z] > git symbolic-ref --short HEAD [5ms]
[2022-08-08T14:16:25.622Z] > git for-each-ref --format=%(refname)%00%(upstream:short)%00%(objectname)%00%(upstream:track)%00%(upstream:remotename)%00%(upstream:remoteref) refs/heads/master refs/remotes/master [9ms]
[2022-08-08T14:16:25.650Z] > git for-each-ref --sort -committerdate --format %(refname) %(objectname) %(*objectname) [17ms]
[2022-08-08T14:16:25.668Z] > git remote --verbose [24ms]
[2022-08-08T14:16:25.688Z] > git config --get commit.template [4ms]
[2022-08-08T14:17:24.492Z] > git ls-files --stage -- /home/thebuffylow/angular-lc101-projects/lesson3/examples/src/app/buttons/buttons.component.css [2ms]
[2022-08-08T14:17:24.892Z] > git cat-file -s 24fceb7732abf06704f46d22b39dd46949b938db [393ms]
[2022-08-08T14:17:24.903Z] > git show --textconv :lesson3/examples/src/app/buttons/buttons.component.css [420ms]
[2022-08-08T14:17:26.385Z] > git show --textconv :lesson3/examples/src/app/buttons/buttons.component.ts [41ms]
[2022-08-08T14:17:26.387Z] > git ls-files --stage -- /home/thebuffylow/angular-lc101-projects/lesson3/examples/src/app/buttons/buttons.component.ts [2ms]
[2022-08-08T14:17:26.426Z] > git cat-file -s 2b10b2691919db420d270d114855412d8f116a7e [16ms]
[2022-08-08T14:17:39.484Z] > git status -z -uall [23ms]
[2022-08-08T14:17:39.514Z] > git symbolic-ref --short HEAD [3ms]
[2022-08-08T14:17:39.545Z] > git for-each-ref --format=%(refname)%00%(upstream:short)%00%(objectname)%00%(upstream:track)%00%(upstream:remotename)%00%(upstream:remoteref) refs/heads/master refs/remotes/master [8ms]
[2022-08-08T14:17:39.616Z] > git remote --verbose [1ms]
[2022-08-08T14:17:39.617Z] > git for-each-ref --sort -committerdate --format %(refname) %(objectname) %(*objectname) [32ms]
[2022-08-08T14:17:39.667Z] > git config --get commit.template [3ms]
[2022-08-08T14:18:00.033Z] > git status -z -uall [8ms]
[2022-08-08T14:18:00.053Z] > git symbolic-ref --short HEAD [4ms]
[2022-08-08T14:18:00.065Z] > git for-each-ref --format=%(refname)%00%(upstream:short)%00%(objectname)%00%(upstream:track)%00%(upstream:remotename)%00%(upstream:remoteref) refs/heads/master refs/remotes/master [4ms]
[2022-08-08T14:18:00.101Z] > git for-each-ref --sort -committerdate --format %(refname) %(objectname) %(*objectname) [10ms]
[2022-08-08T14:18:00.105Z] > git remote --verbose [5ms]
[2022-08-08T14:18:00.131Z] > git config --get commit.template [9ms]
[2022-08-08T14:18:05.216Z] > git status -z -uall [34ms]
[2022-08-08T14:18:05.268Z] > git symbolic-ref --short HEAD [11ms]
[2022-08-08T14:18:05.322Z] > git for-each-ref --format=%(refname)%00%(upstream:short)%00%(objectname)%00%(upstream:track)%00%(upstream:remotename)%00%(upstream:remoteref) refs/heads/master refs/remotes/master [26ms]
[2022-08-08T14:18:05.446Z] > git for-each-ref --sort -committerdate --format %(refname) %(objectname) %(*objectname) [35ms]
[2022-08-08T14:18:05.463Z] > git remote --verbose [19ms]
[2022-08-08T14:18:05.489Z] > git config --get commit.template [6ms]
[2022-08-08T14:18:10.535Z] > git status -z -uall [14ms]
[2022-08-08T14:18:10.556Z] > git symbolic-ref --short HEAD [3ms]
[2022-08-08T14:18:10.631Z] > git for-each-ref --format=%(refname)%00%(upstream:short)%00%(objectname)%00%(upstream:track)%00%(upstream:remotename)%00%(upstream:remoteref) refs/heads/master refs/remotes/master [57ms]
[2022-08-08T14:18:10.705Z] > git for-each-ref --sort -committerdate --format %(refname) %(objectname) %(*objectname) [45ms]
[2022-08-08T14:18:10.707Z] > git remote --verbose [13ms]
[2022-08-08T14:18:10.755Z] > git config --get commit.template [7ms]
[2022-08-08T14:18:15.811Z] > git status -z -uall [26ms]
[2022-08-08T14:18:15.830Z] > git symbolic-ref --short HEAD [4ms]
[2022-08-08T14:18:15.848Z] > git for-each-ref --format=%(refname)%00%(upstream:short)%00%(objectname)%00%(upstream:track)%00%(upstream:remotename)%00%(upstream:remoteref) refs/heads/master refs/remotes/master [11ms]
[2022-08-08T14:18:15.866Z] > git for-each-ref --sort -committerdate --format %(refname) %(objectname) %(*objectname) [11ms]
[2022-08-08T14:18:15.868Z] > git remote --verbose [3ms]
[2022-08-08T14:18:15.882Z] > git config --get commit.template [3ms]
[2022-08-08T14:18:20.917Z] > git status -z -uall [14ms]
[2022-08-08T14:18:20.933Z] > git symbolic-ref --short HEAD [5ms]
[2022-08-08T14:18:20.951Z] > git for-each-ref --format=%(refname)%00%(upstream:short)%00%(objectname)%00%(upstream:track)%00%(upstream:remotename)%00%(upstream:remoteref) refs/heads/master refs/remotes/master [5ms]
[2022-08-08T14:18:20.970Z] > git for-each-ref --sort -committerdate --format %(refname) %(objectname) %(*objectname) [11ms]
[2022-08-08T14:18:20.972Z] > git remote --verbose [4ms]
[2022-08-08T14:18:20.993Z] > git config --get commit.template [4ms]
[2022-08-08T14:18:26.056Z] > git status -z -uall [32ms]
[2022-08-08T14:18:26.119Z] > git symbolic-ref --short HEAD [34ms]
[2022-08-08T14:18:26.173Z] > git for-each-ref --format=%(refname)%00%(upstream:short)%00%(objectname)%00%(upstream:track)%00%(upstream:remotename)%00%(upstream:remoteref) refs/heads/master refs/remotes/master [25ms]
[2022-08-08T14:18:26.273Z] > git for-each-ref --sort -committerdate --format %(refname) %(objectname) %(*objectname) [64ms]
[2022-08-08T14:18:26.298Z] > git remote --verbose [27ms]
[2022-08-08T14:18:26.344Z] > git config --get commit.template [13ms]
[2022-08-08T14:18:31.401Z] > git status -z -uall [26ms]
[2022-08-08T14:18:31.428Z] > git symbolic-ref --short HEAD [2ms]
[2022-08-08T14:18:31.472Z] > git for-each-ref --format=%(refname)%00%(upstream:short)%00%(objectname)%00%(upstream:track)%00%(upstream:remotename)%00%(upstream:remoteref) refs/heads/master refs/remotes/master [9ms]
[2022-08-08T14:18:31.524Z] > git for-each-ref --sort -committerdate --format %(refname) %(objectname) %(*objectname) [34ms]
[2022-08-08T14:18:31.540Z] > git remote --verbose [17ms]
[2022-08-08T14:18:31.579Z] > git config --get commit.template [17ms]
[2022-08-08T14:18:33.829Z] > git show --textconv :lesson3/examples/src/app/buttons/buttons.component.html [21ms]
[2022-08-08T14:18:33.833Z] > git ls-files --stage -- /home/thebuffylow/angular-lc101-projects/lesson3/examples/src/app/buttons/buttons.component.html [5ms]
[2022-08-08T14:18:33.850Z] > git cat-file -s b3247d1361605b1c38477b513313039b728b8c48 [3ms]
[2022-08-08T14:18:36.611Z] > git status -z -uall [9ms]
[2022-08-08T14:18:36.624Z] > git symbolic-ref --short HEAD [3ms]
[2022-08-08T14:18:36.634Z] > git for-each-ref --format=%(refname)%00%(upstream:short)%00%(objectname)%00%(upstream:track)%00%(upstream:remotename)%00%(upstream:remoteref) refs/heads/master refs/remotes/master [3ms]
[2022-08-08T14:18:36.661Z] > git for-each-ref --sort -committerdate --format %(refname) %(objectname) %(*objectname) [14ms]
[2022-08-08T14:18:36.666Z] > git remote --verbose [6ms]
[2022-08-08T14:18:36.680Z] > git config --get commit.template [2ms]
[2022-08-08T14:18:50.632Z] > git status -z -uall [19ms]
[2022-08-08T14:18:50.666Z] > git symbolic-ref --short HEAD [16ms]
[2022-08-08T14:18:50.693Z] > git for-each-ref --format=%(refname)%00%(upstream:short)%00%(objectname)%00%(upstream:track)%00%(upstream:remotename)%00%(upstream:remoteref) refs/heads/master refs/remotes/master [5ms]
[2022-08-08T14:18:50.725Z] > git for-each-ref --sort -committerdate --format %(refname) %(objectname) %(*objectname) [17ms]
[2022-08-08T14:18:50.728Z] > git remote --verbose [4ms]
[2022-08-08T14:18:50.754Z] > git config --get commit.template [3ms]
[2022-08-08T14:18:58.551Z] > git status -z -uall [22ms]
[2022-08-08T14:18:58.580Z] > git symbolic-ref --short HEAD [4ms]
[2022-08-08T14:18:58.636Z] > git for-each-ref --format=%(refname)%00%(upstream:short)%00%(objectname)%00%(upstream:track)%00%(upstream:remotename)%00%(upstream:remoteref) refs/heads/master refs/remotes/master [45ms]
[2022-08-08T14:18:58.694Z] > git for-each-ref --sort -committerdate --format %(refname) %(objectname) %(*objectname) [30ms]
[2022-08-08T14:18:58.694Z] > git remote --verbose [2ms]
[2022-08-08T14:18:58.731Z] > git config --get commit.template [10ms]
[2022-08-08T14:19:09.163Z] > git status -z -uall [11ms]
[2022-08-08T14:19:09.191Z] > git symbolic-ref --short HEAD [3ms]
[2022-08-08T14:19:09.220Z] > git for-each-ref --format=%(refname)%00%(upstream:short)%00%(objectname)%00%(upstream:track)%00%(upstream:remotename)%00%(upstream:remoteref) refs/heads/master refs/remotes/master [3ms]
[2022-08-08T14:19:09.243Z] > git for-each-ref --sort -committerdate --format %(refname) %(objectname) %(*objectname) [10ms]
[2022-08-08T14:19:09.260Z] > git remote --verbose [18ms]
[2022-08-08T14:19:09.281Z] > git config --get commit.template [6ms]
[2022-08-08T14:19:14.318Z] > git status -z -uall [19ms]
[2022-08-08T14:19:14.344Z] > git symbolic-ref --short HEAD [9ms]
[2022-08-08T14:19:14.360Z] > git for-each-ref --format=%(refname)%00%(upstream:short)%00%(objectname)%00%(upstream:track)%00%(upstream:remotename)%00%(upstream:remoteref) refs/heads/master refs/remotes/master [5ms]
[2022-08-08T14:19:14.390Z] > git remote --verbose [5ms]
[2022-08-08T14:19:14.390Z] > git for-each-ref --sort -committerdate --format %(refname) %(objectname) %(*objectname) [18ms]
[2022-08-08T14:19:14.421Z] > git config --get commit.template [3ms]
[2022-08-08T14:19:19.461Z] > git status -z -uall [12ms]
[2022-08-08T14:19:19.471Z] > git symbolic-ref --short HEAD [2ms]
[2022-08-08T14:19:19.482Z] > git for-each-ref --format=%(refname)%00%(upstream:short)%00%(objectname)%00%(upstream:track)%00%(upstream:remotename)%00%(upstream:remoteref) refs/heads/master refs/remotes/master [3ms]
[2022-08-08T14:19:19.499Z] > git for-each-ref --sort -committerdate --format %(refname) %(objectname) %(*objectname) [9ms]
[2022-08-08T14:19:19.500Z] > git remote --verbose [2ms]
[2022-08-08T14:19:19.512Z] > git config --get commit.template [2ms]
[2022-08-08T14:19:26.509Z] > git status -z -uall [12ms]
[2022-08-08T14:19:26.525Z] > git symbolic-ref --short HEAD [3ms]
[2022-08-08T14:19:26.553Z] > git for-each-ref --format=%(refname)%00%(upstream:short)%00%(objectname)%00%(upstream:track)%00%(upstream:remotename)%00%(upstream:remoteref) refs/heads/master refs/remotes/master [13ms]
[2022-08-08T14:19:26.600Z] > git for-each-ref --sort -committerdate --format %(refname) %(objectname) %(*objectname) [36ms]
[2022-08-08T14:19:26.604Z] > git remote --verbose [5ms]
[2022-08-08T14:19:26.634Z] > git config --get commit.template [6ms]
[2022-08-08T14:19:35.700Z] > git status -z -uall [38ms]
[2022-08-08T14:19:35.731Z] > git symbolic-ref --short HEAD [9ms]
[2022-08-08T14:19:35.761Z] > git for-each-ref --format=%(refname)%00%(upstream:short)%00%(objectname)%00%(upstream:track)%00%(upstream:remotename)%00%(upstream:remoteref) refs/heads/master refs/remotes/master [12ms]
[2022-08-08T14:19:35.856Z] > git for-each-ref --sort -committerdate --format %(refname) %(objectname) %(*objectname) [50ms]
[2022-08-08T14:19:35.876Z] > git remote --verbose [29ms]
[2022-08-08T14:19:35.964Z] > git config --get commit.template [15ms]
[2022-08-08T14:20:41.293Z] > git status -z -uall [495ms]
[2022-08-08T14:20:41.395Z] > git symbolic-ref --short HEAD [46ms]
[2022-08-08T14:20:41.591Z] > git for-each-ref --format=%(refname)%00%(upstream:short)%00%(objectname)%00%(upstream:track)%00%(upstream:remotename)%00%(upstream:remoteref) refs/heads/master refs/remotes/master [159ms]
[2022-08-08T14:20:41.884Z] > git remote --verbose [142ms]
[2022-08-08T14:20:41.885Z] > git for-each-ref --sort -committerdate --format %(refname) %(objectname) %(*objectname) [248ms]
[2022-08-08T14:20:41.980Z] > git config --get commit.template [29ms]
[2022-08-08T14:20:57.047Z] > git status -z -uall [82ms]
[2022-08-08T14:20:57.098Z] > git symbolic-ref --short HEAD [8ms]
[2022-08-08T14:20:57.121Z] > git for-each-ref --format=%(refname)%00%(upstream:short)%00%(objectname)%00%(upstream:track)%00%(upstream:remotename)%00%(upstream:remoteref) refs/heads/master refs/remotes/master [3ms]
[2022-08-08T14:20:57.168Z] > git for-each-ref --sort -committerdate --format %(refname) %(objectname) %(*objectname) [30ms]
[2022-08-08T14:20:57.171Z] > git remote --verbose [4ms]
[2022-08-08T14:20:57.205Z] > git config --get commit.template [3ms]
[2022-08-08T14:21:02.287Z] > git status -z -uall [32ms]
[2022-08-08T14:21:02.322Z] > git symbolic-ref --short HEAD [17ms]
[2022-08-08T14:21:02.350Z] > git for-each-ref --format=%(refname)%00%(upstream:short)%00%(objectname)%00%(upstream:track)%00%(upstream:remotename)%00%(upstream:remoteref) refs/heads/master refs/remotes/master [9ms]
[2022-08-08T14:21:02.590Z] > git for-each-ref --sort -committerdate --format %(refname) %(objectname) %(*objectname) [228ms]
[2022-08-08T14:21:02.595Z] > git remote --verbose [204ms]
[2022-08-08T14:21:03.043Z] > git config --get commit.template [383ms]
[2022-08-08T14:22:11.306Z] > git ls-files --stage -- /home/thebuffylow/angular-lc101-projects/lesson3/examples/src/app/buttons/buttons.component.ts [10ms]
[2022-08-08T14:22:11.326Z] > git show --textconv :lesson3/examples/src/app/buttons/buttons.component.ts [54ms]
[2022-08-08T14:22:11.329Z] > git cat-file -s 2b10b2691919db420d270d114855412d8f116a7e [6ms]
[2022-08-08T14:22:24.490Z] > git show --textconv :lesson3/examples/src/app/buttons/buttons.component.html [14ms]
[2022-08-08T14:22:24.499Z] > git ls-files --stage -- /home/thebuffylow/angular-lc101-projects/lesson3/examples/src/app/buttons/buttons.component.html [12ms]
[2022-08-08T14:22:24.513Z] > git cat-file -s b3247d1361605b1c38477b513313039b728b8c48 [6ms]
[2022-08-08T14:22:30.442Z] > git status -z -uall [17ms]
[2022-08-08T14:22:30.465Z] > git symbolic-ref --short HEAD [9ms]
[2022-08-08T14:22:30.510Z] > git for-each-ref --format=%(refname)%00%(upstream:short)%00%(objectname)%00%(upstream:track)%00%(upstream:remotename)%00%(upstream:remoteref) refs/heads/master refs/remotes/master [9ms]
[2022-08-08T14:22:30.543Z] > git for-each-ref --sort -committerdate --format %(refname) %(objectname) %(*objectname) [11ms]
[2022-08-08T14:22:30.544Z] > git remote --verbose [2ms]
[2022-08-08T14:22:30.556Z] > git config --get commit.template [3ms]
[2022-08-08T14:22:47.249Z] > git show --textconv :lesson3/examples/src/app/buttons/buttons.component.spec.ts [32ms]
[2022-08-08T14:22:47.250Z] > git ls-files --stage -- /home/thebuffylow/angular-lc101-projects/lesson3/examples/src/app/buttons/buttons.component.spec.ts [5ms]
[2022-08-08T14:22:47.264Z] > git cat-file -s 4f0b4bd375b68b606df857813554b9074e138da4 [5ms]
[2022-08-08T14:22:50.086Z] > git show --textconv :lesson3/examples/src/app/buttons/buttons.component.ts [29ms]
[2022-08-08T14:22:50.097Z] > git ls-files --stage -- /home/thebuffylow/angular-lc101-projects/lesson3/examples/src/app/buttons/buttons.component.ts [19ms]
[2022-08-08T14:22:50.137Z] > git cat-file -s 2b10b2691919db420d270d114855412d8f116a7e [12ms]
[2022-08-08T14:22:57.706Z] > git show --textconv :lesson3/examples/src/app/buttons/buttons.component.html [10ms]
[2022-08-08T14:22:57.708Z] > git ls-files --stage -- /home/thebuffylow/angular-lc101-projects/lesson3/examples/src/app/buttons/buttons.component.html [3ms]
[2022-08-08T14:22:57.718Z] > git cat-file -s b3247d1361605b1c38477b513313039b728b8c48 [2ms]
[2022-08-08T14:23:15.209Z] > git status -z -uall [10ms]
[2022-08-08T14:23:15.224Z] > git symbolic-ref --short HEAD [5ms]
[2022-08-08T14:23:15.243Z] > git for-each-ref --format=%(refname)%00%(upstream:short)%00%(objectname)%00%(upstream:track)%00%(upstream:remotename)%00%(upstream:remoteref) refs/heads/master refs/remotes/master [10ms]
[2022-08-08T14:23:15.291Z] > git for-each-ref --sort -committerdate --format %(refname) %(objectname) %(*objectname) [23ms]
[2022-08-08T14:23:15.296Z] > git remote --verbose [7ms]
[2022-08-08T14:23:15.324Z] > git config --get commit.template [6ms]
[2022-08-08T14:29:17.715Z] > git show --textconv :lesson3/examples/src/app/buttons/buttons.component.spec.ts [15ms]
[2022-08-08T14:29:17.720Z] > git ls-files --stage -- /home/thebuffylow/angular-lc101-projects/lesson3/examples/src/app/buttons/buttons.component.spec.ts [7ms]
[2022-08-08T14:29:17.746Z] > git cat-file -s 4f0b4bd375b68b606df857813554b9074e138da4 [4ms]
[2022-08-08T14:29:19.260Z] > git show --textconv :lesson3/examples/src/app/buttons/buttons.component.html [13ms]
[2022-08-08T14:29:19.272Z] > git ls-files --stage -- /home/thebuffylow/angular-lc101-projects/lesson3/examples/src/app/buttons/buttons.component.html [14ms]
[2022-08-08T14:29:19.285Z] > git cat-file -s b3247d1361605b1c38477b513313039b728b8c48 [2ms]
[2022-08-08T14:29:20.996Z] > git show --textconv :lesson3/examples/src/app/buttons/buttons.component.css [18ms]
[2022-08-08T14:29:21.005Z] > git ls-files --stage -- /home/thebuffylow/angular-lc101-projects/lesson3/examples/src/app/buttons/buttons.component.css [11ms]
[2022-08-08T14:29:21.015Z] > git cat-file -s 24fceb7732abf06704f46d22b39dd46949b938db [2ms]
[2022-08-08T14:29:22.870Z] > git show --textconv :lesson3/examples/src/app/buttons/buttons.component.ts [11ms]
[2022-08-08T14:29:22.875Z] > git ls-files --stage -- /home/thebuffylow/angular-lc101-projects/lesson3/examples/src/app/buttons/buttons.component.ts [5ms]
[2022-08-08T14:29:22.885Z] > git cat-file -s 2b10b2691919db420d270d114855412d8f116a7e [3ms]
[2022-08-08T14:29:24.549Z] > git show --textconv :lesson3/examples/src/app/buttons/buttons.component.spec.ts [9ms]
[2022-08-08T14:29:24.550Z] > git ls-files --stage -- /home/thebuffylow/angular-lc101-projects/lesson3/examples/src/app/buttons/buttons.component.spec.ts [2ms]
[2022-08-08T14:29:24.562Z] > git cat-file -s 4f0b4bd375b68b606df857813554b9074e138da4 [3ms]
[2022-08-08T14:29:25.350Z] > git show --textconv :lesson3/examples/src/app/buttons/buttons.component.html [9ms]
[2022-08-08T14:29:25.354Z] > git ls-files --stage -- /home/thebuffylow/angular-lc101-projects/lesson3/examples/src/app/buttons/buttons.component.html [5ms]
[2022-08-08T14:29:25.367Z] > git cat-file -s b3247d1361605b1c38477b513313039b728b8c48 [5ms]
[2022-08-08T14:29:30.763Z] > git show --textconv :lesson3/examples/src/app/buttons/buttons.component.ts [16ms]
[2022-08-08T14:29:30.763Z] > git ls-files --stage -- /home/thebuffylow/angular-lc101-projects/lesson3/examples/src/app/buttons/buttons.component.ts [6ms]
[2022-08-08T14:29:30.773Z] > git cat-file -s 2b10b2691919db420d270d114855412d8f116a7e [3ms]
[2022-08-08T14:29:57.039Z] > git show --textconv :lesson3/examples/src/app/skill-set/skill-set.component.html [43ms]
[2022-08-08T14:29:57.051Z] > git ls-files --stage -- /home/thebuffylow/angular-lc101-projects/lesson3/examples/src/app/skill-set/skill-set.component.html [13ms]
[2022-08-08T14:29:57.070Z] > git cat-file -s d95092ac02982d387d5d50c8dee3970e6c9ec409 [7ms]
[2022-08-08T14:29:58.653Z] > git show --textconv :lesson3/examples/src/app/buttons/buttons.component.ts [23ms]
[2022-08-08T14:29:58.654Z] > git ls-files --stage -- /home/thebuffylow/angular-lc101-projects/lesson3/examples/src/app/buttons/buttons.component.ts [8ms]
[2022-08-08T14:29:58.677Z] > git cat-file -s 2b10b2691919db420d270d114855412d8f116a7e [8ms]
[2022-08-08T14:30:07.640Z] > git show --textconv :lesson3/examples/src/app/buttons/buttons.component.html [12ms]
[2022-08-08T14:30:07.641Z] > git ls-files --stage -- /home/thebuffylow/angular-lc101-projects/lesson3/examples/src/app/buttons/buttons.component.html [3ms]
[2022-08-08T14:30:07.651Z] > git cat-file -s b3247d1361605b1c38477b513313039b728b8c48 [2ms]
[2022-08-08T14:30:33.742Z] > git show --textconv :lesson3/examples/src/app/buttons/buttons.component.ts [28ms]
[2022-08-08T14:30:33.745Z] > git ls-files --stage -- /home/thebuffylow/angular-lc101-projects/lesson3/examples/src/app/buttons/buttons.component.ts [19ms]
[2022-08-08T14:30:33.774Z] > git cat-file -s 2b10b2691919db420d270d114855412d8f116a7e [13ms]
[2022-08-08T14:30:45.664Z] > git show --textconv :lesson3/examples/src/app/buttons/buttons.component.html [10ms]
[2022-08-08T14:30:45.670Z] > git ls-files --stage -- /home/thebuffylow/angular-lc101-projects/lesson3/examples/src/app/buttons/buttons.component.html [7ms]
[2022-08-08T14:30:45.684Z] > git cat-file -s b3247d1361605b1c38477b513313039b728b8c48 [5ms]
[2022-08-08T14:33:35.194Z] > git show --textconv :lesson3/examples/src/app/buttons/buttons.component.ts [26ms]
[2022-08-08T14:33:35.198Z] > git ls-files --stage -- /home/thebuffylow/angular-lc101-projects/lesson3/examples/src/app/buttons/buttons.component.ts [14ms]
[2022-08-08T14:33:35.211Z] > git cat-file -s 2b10b2691919db420d270d114855412d8f116a7e [3ms]
[2022-08-08T14:34:53.611Z] > git show --textconv :lesson3/examples/src/app/buttons/buttons.component.css [16ms]
[2022-08-08T14:34:53.612Z] > git ls-files --stage -- /home/thebuffylow/angular-lc101-projects/lesson3/examples/src/app/buttons/buttons.component.css [3ms]
[2022-08-08T14:34:53.627Z] > git cat-file -s 24fceb7732abf06704f46d22b39dd46949b938db [4ms]
[2022-08-08T14:34:55.717Z] > git show --textconv :lesson3/examples/src/app/buttons/buttons.component.html [12ms]
[2022-08-08T14:34:55.719Z] > git ls-files --stage -- /home/thebuffylow/angular-lc101-projects/lesson3/examples/src/app/buttons/buttons.component.html [3ms]
[2022-08-08T14:34:55.739Z] > git cat-file -s b3247d1361605b1c38477b513313039b728b8c48 [3ms]
[2022-08-08T14:35:08.253Z] > git show --textconv :lesson3/examples/src/app/buttons/buttons.component.ts [11ms]
[2022-08-08T14:35:08.256Z] > git ls-files --stage -- /home/thebuffylow/angular-lc101-projects/lesson3/examples/src/app/buttons/buttons.component.ts [4ms]
[2022-08-08T14:35:08.265Z] > git cat-file -s 2b10b2691919db420d270d114855412d8f116a7e [3ms]
[2022-08-08T14:49:34.373Z] > git status -z -uall [104ms]
[2022-08-08T14:49:34.389Z] > git symbolic-ref --short HEAD [4ms]
[2022-08-08T14:49:34.419Z] > git for-each-ref --format=%(refname)%00%(upstream:short)%00%(objectname)%00%(upstream:track)%00%(upstream:remotename)%00%(upstream:remoteref) refs/heads/master refs/remotes/master [10ms]
[2022-08-08T14:49:34.492Z] > git for-each-ref --sort -committerdate --format %(refname) %(objectname) %(*objectname) [56ms]
[2022-08-08T14:49:34.498Z] > git remote --verbose [8ms]
[2022-08-08T14:49:34.531Z] > git config --get commit.template [3ms]
[2022-08-08T14:50:11.587Z] > git status -z -uall [76ms]
[2022-08-08T14:50:11.641Z] > git symbolic-ref --short HEAD [13ms]
[2022-08-08T14:50:11.739Z] > git for-each-ref --format=%(refname)%00%(upstream:short)%00%(objectname)%00%(upstream:track)%00%(upstream:remotename)%00%(upstream:remoteref) refs/heads/master refs/remotes/master [52ms]
[2022-08-08T14:50:12.048Z] > git remote --verbose [274ms]
[2022-08-08T14:50:12.119Z] > git for-each-ref --sort -committerdate --format %(refname) %(objectname) %(*objectname) [364ms]
[2022-08-08T14:50:12.254Z] > git config --get commit.template [54ms]
[2022-08-09T00:00:05.862Z] > git check-ignore -v -z --stdin [7ms]
[2022-08-09T00:00:23.029Z] > git add -A -- /home/thebuffylow/angular-lc101-projects/lesson3/examples/src/app/buttons/buttons.component.html /home/thebuffylow/angular-lc101-projects/lesson3/examples/src/app/buttons/buttons.component.ts [39ms]
[2022-08-09T00:00:23.105Z] > git status -z -uall [44ms]
[2022-08-09T00:00:23.136Z] > git symbolic-ref --short HEAD [6ms]
[2022-08-09T00:00:23.159Z] > git for-each-ref --format=%(refname)%00%(upstream:short)%00%(objectname)%00%(upstream:track)%00%(upstream:remotename)%00%(upstream:remoteref) refs/heads/master refs/remotes/master [5ms]
[2022-08-09T00:00:23.199Z] > git remote --verbose [6ms]
[2022-08-09T00:00:23.200Z] > git for-each-ref --sort -committerdate --format %(refname) %(objectname) %(*objectname) [25ms]
[2022-08-09T00:00:23.238Z] > git config --get commit.template [7ms]
[2022-08-09T00:00:23.400Z] > git -c user.useConfigOnly=true commit --quiet --allow-empty-message --file - [137ms]
[2022-08-09T00:00:23.463Z] > git status -z -uall [34ms]
[2022-08-09T00:00:23.479Z] > git symbolic-ref --short HEAD [4ms]
[2022-08-09T00:00:23.505Z] > git for-each-ref --format=%(refname)%00%(upstream:short)%00%(objectname)%00%(upstream:track)%00%(upstream:remotename)%00%(upstream:remoteref) refs/heads/master refs/remotes/master [8ms]
[2022-08-09T00:00:23.548Z] > git for-each-ref --sort -committerdate --format %(refname) %(objectname) %(*objectname) [15ms]
[2022-08-09T00:00:23.553Z] > git remote --verbose [9ms]
[2022-08-09T00:00:23.579Z] > git config --get commit.template [3ms]
[2022-08-09T00:00:23.602Z] > git config --get commit.template [3ms]
[2022-08-09T00:00:24.741Z] > git status -z -uall [26ms]
[2022-08-09T00:00:24.819Z] > git symbolic-ref --short HEAD [39ms]
[2022-08-09T00:00:24.870Z] > git for-each-ref --format=%(refname)%00%(upstream:short)%00%(objectname)%00%(upstream:track)%00%(upstream:remotename)%00%(upstream:remoteref) refs/heads/master refs/remotes/master [34ms]
[2022-08-09T00:00:24.903Z] > git for-each-ref --sort -committerdate --format %(refname) %(objectname) %(*objectname) [17ms]
[2022-08-09T00:00:24.904Z] > git ls-files --stage -- /home/thebuffylow/angular-lc101-projects/lesson3/examples/src/app/buttons/buttons.component.ts [37ms]
[2022-08-09T00:00:24.923Z] > git remote --verbose [23ms]
[2022-08-09T00:00:24.949Z] > git cat-file -s e205a3f9e0f1f7d22f3b0835d9fc25bb2e2b7d25 [27ms]
[2022-08-09T00:00:24.953Z] > git config --get commit.template [3ms]
[2022-08-09T00:00:24.978Z] > git show --textconv :lesson3/examples/src/app/buttons/buttons.component.ts [7ms]
[2022-08-09T00:00:34.562Z] > git add -A -- . [98ms]
[2022-08-09T00:00:34.612Z] > git -c user.useConfigOnly=true commit --quiet --allow-empty-message --file - [35ms]
[2022-08-09T00:00:34.641Z] > git status -z -uall [12ms]
[2022-08-09T00:00:34.662Z] > git symbolic-ref --short HEAD [4ms]
[2022-08-09T00:00:34.693Z] > git for-each-ref --format=%(refname)%00%(upstream:short)%00%(objectname)%00%(upstream:track)%00%(upstream:remotename)%00%(upstream:remoteref) refs/heads/master refs/remotes/master [16ms]
[2022-08-09T00:00:34.728Z] > git for-each-ref --sort -committerdate --format %(refname) %(objectname) %(*objectname) [17ms]
[2022-08-09T00:00:34.729Z] > git remote --verbose [5ms]
[2022-08-09T00:00:34.758Z] > git config --get commit.template [3ms]
[2022-08-09T00:00:34.805Z] > git config --get commit.template [4ms]
[2022-08-09T00:00:35.896Z] > git ls-files --stage -- /home/thebuffylow/angular-lc101-projects/lesson3/examples/src/app/buttons/buttons.component.ts [9ms]
[2022-08-09T00:00:35.944Z] > git cat-file -s e205a3f9e0f1f7d22f3b0835d9fc25bb2e2b7d25 [5ms]
[2022-08-09T00:00:35.967Z] > git show --textconv :lesson3/examples/src/app/buttons/buttons.component.ts [6ms]
[2022-08-09T00:00:39.948Z] > git show --textconv :lesson3/examples/src/app/buttons/buttons.component.css [9ms]
[2022-08-09T00:00:39.951Z] > git ls-files --stage -- /home/thebuffylow/angular-lc101-projects/lesson3/examples/src/app/buttons/buttons.component.css [4ms]
[2022-08-09T00:00:39.966Z] > git cat-file -s 24fceb7732abf06704f46d22b39dd46949b938db [5ms]
