[Info  - 8:37:44 AM] Angular language server process ID: 3197
[Info  - 8:37:44 AM] Using typescript/lib/tsserverlibrary v4.7.4 from /home/thebuffylow/.vscode/extensions/angular.ng-template-14.1.0/node_modules/typescript/lib/tsserverlibrary.js
[Info  - 8:37:44 AM] Using @angular/language-service v14.1.0 from /home/thebuffylow/.vscode/extensions/angular.ng-template-14.1.0/node_modules/@angular/language-service/index.js
[Info  - 8:37:44 AM] Logging is turned off. To enable, run command 'Open Angular server log'.
[Error - 8:37:48 AM] No config file for /home/thebuffylow/angular-lc101-projects/lesson3/examples/src/app/skill-set/skill-set.component.html
(node:3197) Warning: Accessing non-existent property 'cat' of module exports inside circular dependency
(Use `code --trace-warnings ...` to show where the warning was created)
(node:3197) Warning: Accessing non-existent property 'cd' of module exports inside circular dependency
(node:3197) Warning: Accessing non-existent property 'chmod' of module exports inside circular dependency
(node:3197) Warning: Accessing non-existent property 'cp' of module exports inside circular dependency
(node:3197) Warning: Accessing non-existent property 'dirs' of module exports inside circular dependency
(node:3197) Warning: Accessing non-existent property 'pushd' of module exports inside circular dependency
(node:3197) Warning: Accessing non-existent property 'popd' of module exports inside circular dependency
(node:3197) Warning: Accessing non-existent property 'echo' of module exports inside circular dependency
(node:3197) Warning: Accessing non-existent property 'tempdir' of module exports inside circular dependency
(node:3197) Warning: Accessing non-existent property 'pwd' of module exports inside circular dependency
(node:3197) Warning: Accessing non-existent property 'exec' of module exports inside circular dependency
(node:3197) Warning: Accessing non-existent property 'ls' of module exports inside circular dependency
(node:3197) Warning: Accessing non-existent property 'find' of module exports inside circular dependency
(node:3197) Warning: Accessing non-existent property 'grep' of module exports inside circular dependency
(node:3197) Warning: Accessing non-existent property 'head' of module exports inside circular dependency
(node:3197) Warning: Accessing non-existent property 'ln' of module exports inside circular dependency
(node:3197) Warning: Accessing non-existent property 'mkdir' of module exports inside circular dependency
(node:3197) Warning: Accessing non-existent property 'rm' of module exports inside circular dependency
(node:3197) Warning: Accessing non-existent property 'mv' of module exports inside circular dependency
(node:3197) Warning: Accessing non-existent property 'sed' of module exports inside circular dependency
(node:3197) Warning: Accessing non-existent property 'set' of module exports inside circular dependency
(node:3197) Warning: Accessing non-existent property 'sort' of module exports inside circular dependency
(node:3197) Warning: Accessing non-existent property 'tail' of module exports inside circular dependency
(node:3197) Warning: Accessing non-existent property 'test' of module exports inside circular dependency
(node:3197) Warning: Accessing non-existent property 'to' of module exports inside circular dependency
(node:3197) Warning: Accessing non-existent property 'toEnd' of module exports inside circular dependency
(node:3197) Warning: Accessing non-existent property 'touch' of module exports inside circular dependency
(node:3197) Warning: Accessing non-existent property 'uniq' of module exports inside circular dependency
(node:3197) Warning: Accessing non-existent property 'which' of module exports inside circular dependency
[Error - 8:38:04 AM] No config file for /home/thebuffylow/angular-lc101-projects/lesson3/examples/src/app/skill-set/skill-set.component.html
[Error - 8:38:04 AM] No config file for /home/thebuffylow/angular-lc101-projects/lesson3/examples/src/app/skill-set/skill-set.component.html
[Error - 8:38:06 AM] No config file for /home/thebuffylow/angular-lc101-projects/lesson3/examples/src/app/skill-set/skill-set.component.html
[Error - 8:38:10 AM] No config file for /home/thebuffylow/angular-lc101-projects/lesson3/examples/src/app/skill-set/skill-set.component.html
[Error - 8:38:15 AM] No config file for /home/thebuffylow/angular-lc101-projects/lesson3/examples/src/app/skill-set/skill-set.component.html
[Error - 8:38:16 AM] No config file for /home/thebuffylow/angular-lc101-projects/lesson3/examples/src/app/skill-set/skill-set.component.html
[Error - 8:38:19 AM] No config file for /home/thebuffylow/angular-lc101-projects/lesson3/examples/src/app/skill-set/skill-set.component.html
[Error - 8:38:21 AM] No config file for /home/thebuffylow/angular-lc101-projects/lesson3/examples/src/app/skill-set/skill-set.component.html
[Error - 8:38:39 AM] No config file for /home/thebuffylow/angular-lc101-projects/lesson3/examples/src/app/skill-set/skill-set.component.html
[Error - 8:38:42 AM] No config file for /home/thebuffylow/angular-lc101-projects/lesson3/examples/src/app/skill-set/skill-set.component.html
[Error - 8:38:43 AM] No config file for /home/thebuffylow/angular-lc101-projects/lesson3/examples/src/app/skill-set/skill-set.component.html
[Error - 8:38:45 AM] No config file for /home/thebuffylow/angular-lc101-projects/lesson3/examples/src/app/skill-set/skill-set.component.html
[Error - 8:38:46 AM] No config file for /home/thebuffylow/angular-lc101-projects/lesson3/examples/src/app/skill-set/skill-set.component.html
[Error - 8:38:48 AM] No config file for /home/thebuffylow/angular-lc101-projects/lesson3/examples/src/app/skill-set/skill-set.component.html
[Error - 8:38:48 AM] No config file for /home/thebuffylow/angular-lc101-projects/lesson3/examples/src/app/skill-set/skill-set.component.html
[Error - 8:38:54 AM] No config file for /home/thebuffylow/angular-lc101-projects/lesson3/examples/src/app/skill-set/skill-set.component.html
[Error - 8:38:55 AM] No config file for /home/thebuffylow/angular-lc101-projects/lesson3/examples/src/app/skill-set/skill-set.component.html
[Error - 8:39:00 AM] No config file for /home/thebuffylow/angular-lc101-projects/lesson3/examples/src/app/skill-set/skill-set.component.html
[Error - 8:39:00 AM] No config file for /home/thebuffylow/angular-lc101-projects/lesson3/examples/src/app/skill-set/skill-set.component.html
[Error - 8:39:01 AM] No config file for /home/thebuffylow/angular-lc101-projects/lesson3/examples/src/app/skill-set/skill-set.component.html
[Error - 8:39:05 AM] No config file for /home/thebuffylow/angular-lc101-projects/lesson3/examples/src/app/skill-set/skill-set.component.html
[Error - 8:39:05 AM] No config file for /home/thebuffylow/angular-lc101-projects/lesson3/examples/src/app/skill-set/skill-set.component.html
[Error - 8:39:05 AM] No config file for /home/thebuffylow/angular-lc101-projects/lesson3/examples/src/app/skill-set/skill-set.component.html
[Error - 8:39:05 AM] No config file for /home/thebuffylow/angular-lc101-projects/lesson3/examples/src/app/skill-set/skill-set.component.html
[Error - 8:39:07 AM] No config file for /home/thebuffylow/angular-lc101-projects/lesson3/examples/src/app/skill-set/skill-set.component.html
[Error - 8:39:21 AM] No config file for /home/thebuffylow/angular-lc101-projects/lesson3/examples/src/app/skill-set/skill-set.component.html
[Error - 8:39:29 AM] No config file for /home/thebuffylow/angular-lc101-projects/lesson3/examples/src/app/skill-set/skill-set.component.html
[Error - 8:39:38 AM] No config file for /home/thebuffylow/angular-lc101-projects/lesson3/examples/src/app/skill-set/skill-set.component.html
[Error - 8:39:49 AM] No config file for /home/thebuffylow/angular-lc101-projects/lesson3/examples/src/app/skill-set/skill-set.component.html
[Error - 8:39:58 AM] No config file for /home/thebuffylow/angular-lc101-projects/lesson3/examples/src/app/skill-set/skill-set.component.html
[Error - 8:40:03 AM] No config file for /home/thebuffylow/angular-lc101-projects/lesson3/examples/src/app/skill-set/skill-set.component.html
[Error - 8:40:08 AM] No config file for /home/thebuffylow/angular-lc101-projects/lesson3/examples/src/app/skill-set/skill-set.component.html
[Info  - 8:40:11 AM] Enabling Ivy language service for /home/thebuffylow/angular-lc101-projects/lesson3/examples/tsconfig.json.
[Info  - 8:52:27 AM] Connection to server got closed. Server will restart.
[Info  - 8:52:31 AM] Angular language server process ID: 4921
[Info  - 8:52:31 AM] Using typescript/lib/tsserverlibrary v4.7.4 from /home/thebuffylow/.vscode/extensions/angular.ng-template-14.1.0/node_modules/typescript/lib/tsserverlibrary.js
[Info  - 8:52:31 AM] Using @angular/language-service v14.1.0 from /home/thebuffylow/.vscode/extensions/angular.ng-template-14.1.0/node_modules/@angular/language-service/index.js
[Info  - 8:52:31 AM] Logging is turned off. To enable, run command 'Open Angular server log'.
(node:4921) Warning: Accessing non-existent property 'cat' of module exports inside circular dependency
(Use `code --trace-warnings ...` to show where the warning was created)
(node:4921) Warning: Accessing non-existent property 'cd' of module exports inside circular dependency
(node:4921) Warning: Accessing non-existent property 'chmod' of module exports inside circular dependency
(node:4921) Warning: Accessing non-existent property 'cp' of module exports inside circular dependency
(node:4921) Warning: Accessing non-existent property 'dirs' of module exports inside circular dependency
(node:4921) Warning: Accessing non-existent property 'pushd' of module exports inside circular dependency
(node:4921) Warning: Accessing non-existent property 'popd' of module exports inside circular dependency
(node:4921) Warning: Accessing non-existent property 'echo' of module exports inside circular dependency
(node:4921) Warning: Accessing non-existent property 'tempdir' of module exports inside circular dependency
(node:4921) Warning: Accessing non-existent property 'pwd' of module exports inside circular dependency
(node:4921) Warning: Accessing non-existent property 'exec' of module exports inside circular dependency
(node:4921) Warning: Accessing non-existent property 'ls' of module exports inside circular dependency
(node:4921) Warning: Accessing non-existent property 'find' of module exports inside circular dependency
(node:4921) Warning: Accessing non-existent property 'grep' of module exports inside circular dependency
(node:4921) Warning: Accessing non-existent property 'head' of module exports inside circular dependency
(node:4921) Warning: Accessing non-existent property 'ln' of module exports inside circular dependency
(node:4921) Warning: Accessing non-existent property 'mkdir' of module exports inside circular dependency
(node:4921) Warning: Accessing non-existent property 'rm' of module exports inside circular dependency
(node:4921) Warning: Accessing non-existent property 'mv' of module exports inside circular dependency
(node:4921) Warning: Accessing non-existent property 'sed' of module exports inside circular dependency
(node:4921) Warning: Accessing non-existent property 'set' of module exports inside circular dependency
(node:4921) Warning: Accessing non-existent property 'sort' of module exports inside circular dependency
(node:4921) Warning: Accessing non-existent property 'tail' of module exports inside circular dependency
(node:4921) Warning: Accessing non-existent property 'test' of module exports inside circular dependency
(node:4921) Warning: Accessing non-existent property 'to' of module exports inside circular dependency
(node:4921) Warning: Accessing non-existent property 'toEnd' of module exports inside circular dependency
(node:4921) Warning: Accessing non-existent property 'touch' of module exports inside circular dependency
(node:4921) Warning: Accessing non-existent property 'uniq' of module exports inside circular dependency
(node:4921) Warning: Accessing non-existent property 'which' of module exports inside circular dependency
[Error - 8:52:43 AM] No config file for /home/thebuffylow/angular-lc101-projects/lesson3/examples/src/app/skill-set/skill-set.component.html
[Info  - 8:52:45 AM] Enabling Ivy language service for /home/thebuffylow/angular-lc101-projects/lesson3/examples/tsconfig.json.
[Info  - 9:15:50 AM] Connection to server got closed. Server will restart.
[Info  - 9:15:52 AM] Angular language server process ID: 6257
[Info  - 9:15:52 AM] Using typescript/lib/tsserverlibrary v4.7.4 from /home/thebuffylow/.vscode/extensions/angular.ng-template-14.1.0/node_modules/typescript/lib/tsserverlibrary.js
[Info  - 9:15:52 AM] Using @angular/language-service v14.1.0 from /home/thebuffylow/.vscode/extensions/angular.ng-template-14.1.0/node_modules/@angular/language-service/index.js
[Info  - 9:15:52 AM] Logging is turned off. To enable, run command 'Open Angular server log'.
[Error - 9:16:04 AM] No config file for /home/thebuffylow/angular-lc101-projects/lesson3/examples/src/app/buttons/buttons.component.html
[Error - 9:16:04 AM] No config file for /home/thebuffylow/angular-lc101-projects/lesson3/examples/src/app/buttons/buttons.component.html
[Error - 9:16:04 AM] No config file for /home/thebuffylow/angular-lc101-projects/lesson3/examples/src/app/buttons/buttons.component.html
[Error - 9:16:04 AM] No config file for /home/thebuffylow/angular-lc101-projects/lesson3/examples/src/app/buttons/buttons.component.html
[Error - 9:16:04 AM] No config file for /home/thebuffylow/angular-lc101-projects/lesson3/examples/src/app/buttons/buttons.component.html
[Error - 9:16:04 AM] No config file for /home/thebuffylow/angular-lc101-projects/lesson3/examples/src/app/buttons/buttons.component.html
[Error - 9:16:04 AM] No config file for /home/thebuffylow/angular-lc101-projects/lesson3/examples/src/app/buttons/buttons.component.html
[Error - 9:16:04 AM] No config file for /home/thebuffylow/angular-lc101-projects/lesson3/examples/src/app/buttons/buttons.component.html
[Error - 9:16:04 AM] No config file for /home/thebuffylow/angular-lc101-projects/lesson3/examples/src/app/buttons/buttons.component.html
(node:6257) Warning: Accessing non-existent property 'cat' of module exports inside circular dependency
(Use `code --trace-warnings ...` to show where the warning was created)
(node:6257) Warning: Accessing non-existent property 'cd' of module exports inside circular dependency
(node:6257) Warning: Accessing non-existent property 'chmod' of module exports inside circular dependency
(node:6257) Warning: Accessing non-existent property 'cp' of module exports inside circular dependency
(node:6257) Warning: Accessing non-existent property 'dirs' of module exports inside circular dependency
(node:6257) Warning: Accessing non-existent property 'pushd' of module exports inside circular dependency
(node:6257) Warning: Accessing non-existent property 'popd' of module exports inside circular dependency
(node:6257) Warning: Accessing non-existent property 'echo' of module exports inside circular dependency
(node:6257) Warning: Accessing non-existent property 'tempdir' of module exports inside circular dependency
(node:6257) Warning: Accessing non-existent property 'pwd' of module exports inside circular dependency
(node:6257) Warning: Accessing non-existent property 'exec' of module exports inside circular dependency
(node:6257) Warning: Accessing non-existent property 'ls' of module exports inside circular dependency
(node:6257) Warning: Accessing non-existent property 'find' of module exports inside circular dependency
(node:6257) Warning: Accessing non-existent property 'grep' of module exports inside circular dependency
(node:6257) Warning: Accessing non-existent property 'head' of module exports inside circular dependency
(node:6257) Warning: Accessing non-existent property 'ln' of module exports inside circular dependency
(node:6257) Warning: Accessing non-existent property 'mkdir' of module exports inside circular dependency
(node:6257) Warning: Accessing non-existent property 'rm' of module exports inside circular dependency
(node:6257) Warning: Accessing non-existent property 'mv' of module exports inside circular dependency
(node:6257) Warning: Accessing non-existent property 'sed' of module exports inside circular dependency
(node:6257) Warning: Accessing non-existent property 'set' of module exports inside circular dependency
(node:6257) Warning: Accessing non-existent property 'sort' of module exports inside circular dependency
(node:6257) Warning: Accessing non-existent property 'tail' of module exports inside circular dependency
(node:6257) Warning: Accessing non-existent property 'test' of module exports inside circular dependency
(node:6257) Warning: Accessing non-existent property 'to' of module exports inside circular dependency
(node:6257) Warning: Accessing non-existent property 'toEnd' of module exports inside circular dependency
(node:6257) Warning: Accessing non-existent property 'touch' of module exports inside circular dependency
(node:6257) Warning: Accessing non-existent property 'uniq' of module exports inside circular dependency
(node:6257) Warning: Accessing non-existent property 'which' of module exports inside circular dependency
[Error - 9:16:06 AM] No config file for /home/thebuffylow/angular-lc101-projects/lesson3/examples/src/app/buttons/buttons.component.html
[Error - 9:16:06 AM] No config file for /home/thebuffylow/angular-lc101-projects/lesson3/examples/src/app/buttons/buttons.component.html
[Error - 9:16:06 AM] No config file for /home/thebuffylow/angular-lc101-projects/lesson3/examples/src/app/buttons/buttons.component.html
[Error - 9:16:07 AM] No config file for /home/thebuffylow/angular-lc101-projects/lesson3/examples/src/app/buttons/buttons.component.html
[Error - 9:16:08 AM] No config file for /home/thebuffylow/angular-lc101-projects/lesson3/examples/src/app/buttons/buttons.component.html
[Error - 9:16:08 AM] No config file for /home/thebuffylow/angular-lc101-projects/lesson3/examples/src/app/buttons/buttons.component.html
[Error - 9:16:08 AM] No config file for /home/thebuffylow/angular-lc101-projects/lesson3/examples/src/app/buttons/buttons.component.html
[Error - 9:16:09 AM] No config file for /home/thebuffylow/angular-lc101-projects/lesson3/examples/src/app/buttons/buttons.component.html
[Error - 9:16:09 AM] No config file for /home/thebuffylow/angular-lc101-projects/lesson3/examples/src/app/buttons/buttons.component.html
[Error - 9:16:10 AM] No config file for /home/thebuffylow/angular-lc101-projects/lesson3/examples/src/app/buttons/buttons.component.html
[Error - 9:16:10 AM] No config file for /home/thebuffylow/angular-lc101-projects/lesson3/examples/src/app/buttons/buttons.component.html
[Error - 9:16:10 AM] No config file for /home/thebuffylow/angular-lc101-projects/lesson3/examples/src/app/buttons/buttons.component.html
[Error - 9:16:11 AM] No config file for /home/thebuffylow/angular-lc101-projects/lesson3/examples/src/app/buttons/buttons.component.html
[Error - 9:16:11 AM] No config file for /home/thebuffylow/angular-lc101-projects/lesson3/examples/src/app/buttons/buttons.component.html
[Error - 9:16:11 AM] No config file for /home/thebuffylow/angular-lc101-projects/lesson3/examples/src/app/buttons/buttons.component.html
[Error - 9:16:11 AM] No config file for /home/thebuffylow/angular-lc101-projects/lesson3/examples/src/app/buttons/buttons.component.html
[Error - 9:16:12 AM] No config file for /home/thebuffylow/angular-lc101-projects/lesson3/examples/src/app/buttons/buttons.component.html
[Error - 9:16:12 AM] No config file for /home/thebuffylow/angular-lc101-projects/lesson3/examples/src/app/buttons/buttons.component.html
[Info  - 9:16:12 AM] Enabling Ivy language service for /home/thebuffylow/angular-lc101-projects/lesson3/examples/tsconfig.json.
[Info  - 9:20:40 AM] Connection to server got closed. Server will restart.
[Info  - 9:20:43 AM] Angular language server process ID: 7069
[Info  - 9:20:43 AM] Using typescript/lib/tsserverlibrary v4.7.4 from /home/thebuffylow/.vscode/extensions/angular.ng-template-14.1.0/node_modules/typescript/lib/tsserverlibrary.js
[Info  - 9:20:43 AM] Using @angular/language-service v14.1.0 from /home/thebuffylow/.vscode/extensions/angular.ng-template-14.1.0/node_modules/@angular/language-service/index.js
[Info  - 9:20:43 AM] Logging is turned off. To enable, run command 'Open Angular server log'.
[Error - 9:20:50 AM] No config file for /home/thebuffylow/angular-lc101-projects/lesson3/examples/src/app/buttons/buttons.component.html
[Error - 9:20:51 AM] No config file for /home/thebuffylow/angular-lc101-projects/lesson3/examples/src/app/buttons/buttons.component.html
(node:7069) Warning: Accessing non-existent property 'cat' of module exports inside circular dependency
(Use `code --trace-warnings ...` to show where the warning was created)
(node:7069) Warning: Accessing non-existent property 'cd' of module exports inside circular dependency
(node:7069) Warning: Accessing non-existent property 'chmod' of module exports inside circular dependency
(node:7069) Warning: Accessing non-existent property 'cp' of module exports inside circular dependency
(node:7069) Warning: Accessing non-existent property 'dirs' of module exports inside circular dependency
(node:7069) Warning: Accessing non-existent property 'pushd' of module exports inside circular dependency
(node:7069) Warning: Accessing non-existent property 'popd' of module exports inside circular dependency
(node:7069) Warning: Accessing non-existent property 'echo' of module exports inside circular dependency
(node:7069) Warning: Accessing non-existent property 'tempdir' of module exports inside circular dependency
(node:7069) Warning: Accessing non-existent property 'pwd' of module exports inside circular dependency
(node:7069) Warning: Accessing non-existent property 'exec' of module exports inside circular dependency
(node:7069) Warning: Accessing non-existent property 'ls' of module exports inside circular dependency
(node:7069) Warning: Accessing non-existent property 'find' of module exports inside circular dependency
(node:7069) Warning: Accessing non-existent property 'grep' of module exports inside circular dependency
(node:7069) Warning: Accessing non-existent property 'head' of module exports inside circular dependency
(node:7069) Warning: Accessing non-existent property 'ln' of module exports inside circular dependency
(node:7069) Warning: Accessing non-existent property 'mkdir' of module exports inside circular dependency
(node:7069) Warning: Accessing non-existent property 'rm' of module exports inside circular dependency
(node:7069) Warning: Accessing non-existent property 'mv' of module exports inside circular dependency
(node:7069) Warning: Accessing non-existent property 'sed' of module exports inside circular dependency
(node:7069) Warning: Accessing non-existent property 'set' of module exports inside circular dependency
(node:7069) Warning: Accessing non-existent property 'sort' of module exports inside circular dependency
(node:7069) Warning: Accessing non-existent property 'tail' of module exports inside circular dependency
(node:7069) Warning: Accessing non-existent property 'test' of module exports inside circular dependency
(node:7069) Warning: Accessing non-existent property 'to' of module exports inside circular dependency
(node:7069) Warning: Accessing non-existent property 'toEnd' of module exports inside circular dependency
(node:7069) Warning: Accessing non-existent property 'touch' of module exports inside circular dependency
(node:7069) Warning: Accessing non-existent property 'uniq' of module exports inside circular dependency
(node:7069) Warning: Accessing non-existent property 'which' of module exports inside circular dependency
[Error - 9:20:52 AM] No config file for /home/thebuffylow/angular-lc101-projects/lesson3/examples/src/app/buttons/buttons.component.html
[Error - 9:20:53 AM] No config file for /home/thebuffylow/angular-lc101-projects/lesson3/examples/src/app/buttons/buttons.component.html
[Error - 9:20:53 AM] No config file for /home/thebuffylow/angular-lc101-projects/lesson3/examples/src/app/buttons/buttons.component.html
[Error - 9:20:53 AM] No config file for /home/thebuffylow/angular-lc101-projects/lesson3/examples/src/app/buttons/buttons.component.html
[Error - 9:20:53 AM] No config file for /home/thebuffylow/angular-lc101-projects/lesson3/examples/src/app/buttons/buttons.component.html
[Error - 9:20:53 AM] No config file for /home/thebuffylow/angular-lc101-projects/lesson3/examples/src/app/buttons/buttons.component.html
[Error - 9:20:53 AM] No config file for /home/thebuffylow/angular-lc101-projects/lesson3/examples/src/app/buttons/buttons.component.html
[Error - 9:20:54 AM] No config file for /home/thebuffylow/angular-lc101-projects/lesson3/examples/src/app/buttons/buttons.component.html
[Error - 9:20:54 AM] No config file for /home/thebuffylow/angular-lc101-projects/lesson3/examples/src/app/buttons/buttons.component.html
[Error - 9:20:56 AM] No config file for /home/thebuffylow/angular-lc101-projects/lesson3/examples/src/app/buttons/buttons.component.html
[Error - 9:20:56 AM] No config file for /home/thebuffylow/angular-lc101-projects/lesson3/examples/src/app/buttons/buttons.component.html
[Error - 9:20:56 AM] No config file for /home/thebuffylow/angular-lc101-projects/lesson3/examples/src/app/buttons/buttons.component.html
[Error - 9:20:57 AM] No config file for /home/thebuffylow/angular-lc101-projects/lesson3/examples/src/app/buttons/buttons.component.html
[Error - 9:20:57 AM] No config file for /home/thebuffylow/angular-lc101-projects/lesson3/examples/src/app/buttons/buttons.component.html
[Info  - 9:20:58 AM] Enabling Ivy language service for /home/thebuffylow/angular-lc101-projects/lesson3/examples/tsconfig.json.
[Info  - 9:35:43 AM] Connection to server got closed. Server will restart.
[Info  - 9:35:44 AM] Angular language server process ID: 7403
[Info  - 9:35:44 AM] Using typescript/lib/tsserverlibrary v4.7.4 from /home/thebuffylow/.vscode/extensions/angular.ng-template-14.1.0/node_modules/typescript/lib/tsserverlibrary.js
[Info  - 9:35:44 AM] Using @angular/language-service v14.1.0 from /home/thebuffylow/.vscode/extensions/angular.ng-template-14.1.0/node_modules/@angular/language-service/index.js
[Info  - 9:35:44 AM] Logging is turned off. To enable, run command 'Open Angular server log'.
(node:7403) Warning: Accessing non-existent property 'cat' of module exports inside circular dependency
(Use `code --trace-warnings ...` to show where the warning was created)
(node:7403) Warning: Accessing non-existent property 'cd' of module exports inside circular dependency
(node:7403) Warning: Accessing non-existent property 'chmod' of module exports inside circular dependency
(node:7403) Warning: Accessing non-existent property 'cp' of module exports inside circular dependency
(node:7403) Warning: Accessing non-existent property 'dirs' of module exports inside circular dependency
(node:7403) Warning: Accessing non-existent property 'pushd' of module exports inside circular dependency
(node:7403) Warning: Accessing non-existent property 'popd' of module exports inside circular dependency
(node:7403) Warning: Accessing non-existent property 'echo' of module exports inside circular dependency
(node:7403) Warning: Accessing non-existent property 'tempdir' of module exports inside circular dependency
(node:7403) Warning: Accessing non-existent property 'pwd' of module exports inside circular dependency
(node:7403) Warning: Accessing non-existent property 'exec' of module exports inside circular dependency
(node:7403) Warning: Accessing non-existent property 'ls' of module exports inside circular dependency
(node:7403) Warning: Accessing non-existent property 'find' of module exports inside circular dependency
(node:7403) Warning: Accessing non-existent property 'grep' of module exports inside circular dependency
(node:7403) Warning: Accessing non-existent property 'head' of module exports inside circular dependency
(node:7403) Warning: Accessing non-existent property 'ln' of module exports inside circular dependency
(node:7403) Warning: Accessing non-existent property 'mkdir' of module exports inside circular dependency
(node:7403) Warning: Accessing non-existent property 'rm' of module exports inside circular dependency
(node:7403) Warning: Accessing non-existent property 'mv' of module exports inside circular dependency
(node:7403) Warning: Accessing non-existent property 'sed' of module exports inside circular dependency
(node:7403) Warning: Accessing non-existent property 'set' of module exports inside circular dependency
(node:7403) Warning: Accessing non-existent property 'sort' of module exports inside circular dependency
(node:7403) Warning: Accessing non-existent property 'tail' of module exports inside circular dependency
(node:7403) Warning: Accessing non-existent property 'test' of module exports inside circular dependency
(node:7403) Warning: Accessing non-existent property 'to' of module exports inside circular dependency
(node:7403) Warning: Accessing non-existent property 'toEnd' of module exports inside circular dependency
(node:7403) Warning: Accessing non-existent property 'touch' of module exports inside circular dependency
(node:7403) Warning: Accessing non-existent property 'uniq' of module exports inside circular dependency
(node:7403) Warning: Accessing non-existent property 'which' of module exports inside circular dependency
[Info  - 9:35:55 AM] Enabling Ivy language service for /home/thebuffylow/angular-lc101-projects/lesson3/examples/tsconfig.json.
