[2022-08-01T23:11:14.142Z] Log level: Info
[2022-08-01T23:11:14.157Z] [info] Validating found git in: git
[2022-08-01T23:11:14.228Z] [info] Using git 2.30.2 from git
[2022-08-01T23:11:14.260Z] > git rev-parse --show-toplevel [17ms]
[2022-08-01T23:11:14.278Z] > git rev-parse --git-dir --git-common-dir [4ms]
[2022-08-01T23:11:14.294Z] [info] Open repository: /home/thebuffylow/LC101/angular-lc101-projects
[2022-08-01T23:11:14.474Z] > git status -z -uall [173ms]
[2022-08-01T23:11:14.496Z] > git symbolic-ref --short HEAD [5ms]
[2022-08-01T23:11:14.525Z] > git for-each-ref --format=%(refname)%00%(upstream:short)%00%(objectname)%00%(upstream:track)%00%(upstream:remotename)%00%(upstream:remoteref) refs/heads/master refs/remotes/master [14ms]
[2022-08-01T23:11:14.554Z] > git for-each-ref --sort -committerdate --format %(refname) %(objectname) %(*objectname) [14ms]
[2022-08-01T23:11:14.561Z] > git remote --verbose [11ms]
[2022-08-01T23:11:14.576Z] > git config --get commit.template [5ms]
[2022-08-01T23:11:16.292Z] > git status -z -uall [1703ms]
[2022-08-01T23:11:16.310Z] > git symbolic-ref --short HEAD [4ms]
[2022-08-01T23:11:16.332Z] > git for-each-ref --format=%(refname)%00%(upstream:short)%00%(objectname)%00%(upstream:track)%00%(upstream:remotename)%00%(upstream:remoteref) refs/heads/master refs/remotes/master [5ms]
[2022-08-01T23:11:16.386Z] > git for-each-ref --sort -committerdate --format %(refname) %(objectname) %(*objectname) [25ms]
[2022-08-01T23:11:16.393Z] > git remote --verbose [8ms]
[2022-08-01T23:11:16.505Z] > git config --get commit.template [88ms]
[2022-08-01T23:11:16.713Z] > git check-ignore -v -z --stdin [6ms]
[2022-08-01T23:20:26.148Z] > git check-ignore -v -z --stdin [13ms]
[2022-08-01T23:20:42.084Z] > git add -A -- . [200ms]
[2022-08-01T23:20:42.174Z] > git -c user.useConfigOnly=true commit --quiet --allow-empty-message --file - [80ms]
[2022-08-01T23:20:42.203Z] > git status -z -uall [19ms]
[2022-08-01T23:20:42.221Z] > git symbolic-ref --short HEAD [7ms]
[2022-08-01T23:20:42.237Z] > git for-each-ref --format=%(refname)%00%(upstream:short)%00%(objectname)%00%(upstream:track)%00%(upstream:remotename)%00%(upstream:remoteref) refs/heads/master refs/remotes/master [5ms]
[2022-08-01T23:20:42.268Z] > git remote --verbose [4ms]
[2022-08-01T23:20:42.269Z] > git for-each-ref --sort -committerdate --format %(refname) %(objectname) %(*objectname) [20ms]
[2022-08-01T23:20:42.307Z] > git config --get commit.template [18ms]
[2022-08-01T23:20:42.345Z] > git config --get commit.template [7ms]
[2022-08-01T23:21:52.432Z] > git rev-parse --show-toplevel [1084ms]
[2022-08-01T23:21:52.479Z] > git rev-parse --git-dir --git-common-dir [10ms]
[2022-08-01T23:21:52.486Z] [info] Open repository: /home/thebuffylow
[2022-08-01T23:21:53.724Z] > git show --textconv :angular-studio-part1/src/test.ts [117ms]
[2022-08-01T23:21:53.724Z] > git ls-files --stage -- /home/thebuffylow/angular-studio-part1/src/test.ts [98ms]
[2022-08-01T23:21:55.149Z] > git check-ignore -v -z --stdin [12ms]
[2022-08-01T23:21:55.194Z] > git check-ignore -v -z --stdin [128ms]
[2022-08-01T23:21:58.242Z] > git status -z -uall [5745ms]
[2022-08-01T23:21:58.578Z] > git symbolic-ref --short HEAD [263ms]
[2022-08-01T23:21:58.720Z] > git for-each-ref --format=%(refname)%00%(upstream:short)%00%(objectname)%00%(upstream:track)%00%(upstream:remotename)%00%(upstream:remoteref) refs/heads/main refs/remotes/main [19ms]
[2022-08-01T23:21:58.891Z] > git for-each-ref --sort -committerdate --format %(refname) %(objectname) %(*objectname) [76ms]
[2022-08-01T23:21:58.913Z] > git remote --verbose [26ms]
[2022-08-01T23:22:11.825Z] > git config --get commit.template [155ms]
