[2022-08-01 10:31:20.462] [exthost] [info] Extension host with pid 390 started
[2022-08-01 10:31:20.462] [exthost] [info] Skipping acquiring lock for /home/thebuffylow/.config/Code/User/workspaceStorage/646a66038adc22634b6c689a43cc3fa3.
[2022-08-01 10:31:21.002] [exthost] [info] ExtensionService#_doActivateExtension vscode.html-language-features, startup: false, activationEvent: 'onLanguage:html'
[2022-08-01 10:31:21.118] [exthost] [info] ExtensionService#_doActivateExtension vscode.microsoft-authentication, startup: false, activationEvent: 'onAuthenticationRequest:microsoft'
[2022-08-01 10:31:21.192] [exthost] [info] ExtensionService#_doActivateExtension vscode.debug-auto-launch, startup: true, activationEvent: '*'
[2022-08-01 10:31:21.210] [exthost] [info] ExtensionService#_doActivateExtension vscode.git-base, startup: true, activationEvent: '*', root cause: vscode.git
[2022-08-01 10:31:21.221] [exthost] [info] ExtensionService#_doActivateExtension vscode.ipynb, startup: true, activationEvent: '*'
[2022-08-01 10:31:21.608] [exthost] [info] ExtensionService#_doActivateExtension vscode.git, startup: true, activationEvent: '*'
[2022-08-01 10:31:21.709] [exthost] [info] ExtensionService#_doActivateExtension vscode.github, startup: true, activationEvent: '*'
[2022-08-01 10:31:22.104] [exthost] [info] Eager extensions activated
[2022-08-01 10:31:22.286] [exthost] [info] ExtensionService#_doActivateExtension vscode.emmet, startup: false, activationEvent: 'onStartupFinished'
[2022-08-01 10:31:22.315] [exthost] [info] ExtensionService#_doActivateExtension vscode.merge-conflict, startup: false, activationEvent: 'onStartupFinished'
[2022-08-01 10:31:22.328] [exthost] [info] ExtensionService#_doActivateExtension ritwickdey.LiveServer, startup: false, activationEvent: 'onStartupFinished'
[2022-08-01 10:31:23.524] [exthost] [info] ExtensionService#_doActivateExtension vscode.github-authentication, startup: false, activationEvent: 'onAuthenticationRequest:github'
[2022-08-01 10:54:40.220] [exthost] [warning] [Decorations] CAPPING events from decorations provider vscode.git 1732
[2022-08-01 10:55:13.834] [exthost] [warning] [Decorations] CAPPING events from decorations provider vscode.git 1732
[2022-08-01 10:55:19.071] [exthost] [warning] [Decorations] CAPPING events from decorations provider vscode.git 1732
[2022-08-01 10:55:24.319] [exthost] [warning] [Decorations] CAPPING events from decorations provider vscode.git 1732
[2022-08-01 10:55:29.556] [exthost] [warning] [Decorations] CAPPING events from decorations provider vscode.git 1732
[2022-08-01 10:55:34.786] [exthost] [warning] [Decorations] CAPPING events from decorations provider vscode.git 1732
[2022-08-01 10:55:40.042] [exthost] [warning] [Decorations] CAPPING events from decorations provider vscode.git 1732
[2022-08-01 10:55:45.294] [exthost] [warning] [Decorations] CAPPING events from decorations provider vscode.git 1732
[2022-08-01 10:55:50.484] [exthost] [warning] [Decorations] CAPPING events from decorations provider vscode.git 1732
[2022-08-01 10:55:55.752] [exthost] [warning] [Decorations] CAPPING events from decorations provider vscode.git 1732
[2022-08-01 10:56:00.946] [exthost] [warning] [Decorations] CAPPING events from decorations provider vscode.git 1732
[2022-08-01 10:56:06.154] [exthost] [warning] [Decorations] CAPPING events from decorations provider vscode.git 1732
[2022-08-01 10:56:11.396] [exthost] [warning] [Decorations] CAPPING events from decorations provider vscode.git 1732
[2022-08-01 10:56:16.602] [exthost] [warning] [Decorations] CAPPING events from decorations provider vscode.git 1732
[2022-08-01 10:56:21.813] [exthost] [warning] [Decorations] CAPPING events from decorations provider vscode.git 1732
[2022-08-01 10:56:27.048] [exthost] [warning] [Decorations] CAPPING events from decorations provider vscode.git 1732
[2022-08-01 10:56:32.253] [exthost] [warning] [Decorations] CAPPING events from decorations provider vscode.git 1732
[2022-08-01 10:56:37.459] [exthost] [warning] [Decorations] CAPPING events from decorations provider vscode.git 1732
[2022-08-01 10:56:42.660] [exthost] [warning] [Decorations] CAPPING events from decorations provider vscode.git 1732
[2022-08-01 10:56:47.887] [exthost] [warning] [Decorations] CAPPING events from decorations provider vscode.git 1732
[2022-08-01 10:56:53.105] [exthost] [warning] [Decorations] CAPPING events from decorations provider vscode.git 1732
[2022-08-01 10:56:58.335] [exthost] [warning] [Decorations] CAPPING events from decorations provider vscode.git 1732
[2022-08-01 10:57:03.535] [exthost] [warning] [Decorations] CAPPING events from decorations provider vscode.git 1732
[2022-08-01 10:57:08.729] [exthost] [warning] [Decorations] CAPPING events from decorations provider vscode.git 1732
[2022-08-01 10:57:14.018] [exthost] [warning] [Decorations] CAPPING events from decorations provider vscode.git 1732
[2022-08-01 10:57:19.221] [exthost] [warning] [Decorations] CAPPING events from decorations provider vscode.git 1732
[2022-08-01 10:57:24.447] [exthost] [warning] [Decorations] CAPPING events from decorations provider vscode.git 1732
[2022-08-01 10:57:29.725] [exthost] [warning] [Decorations] CAPPING events from decorations provider vscode.git 1732
[2022-08-01 10:57:34.980] [exthost] [warning] [Decorations] CAPPING events from decorations provider vscode.git 1732
[2022-08-01 10:57:40.196] [exthost] [warning] [Decorations] CAPPING events from decorations provider vscode.git 1732
[2022-08-01 10:57:45.430] [exthost] [warning] [Decorations] CAPPING events from decorations provider vscode.git 1732
[2022-08-01 10:57:50.652] [exthost] [warning] [Decorations] CAPPING events from decorations provider vscode.git 1732
[2022-08-01 10:57:55.931] [exthost] [warning] [Decorations] CAPPING events from decorations provider vscode.git 1732
[2022-08-01 10:58:01.253] [exthost] [warning] [Decorations] CAPPING events from decorations provider vscode.git 1732
[2022-08-01 10:58:06.481] [exthost] [warning] [Decorations] CAPPING events from decorations provider vscode.git 1733
[2022-08-01 10:58:11.728] [exthost] [warning] [Decorations] CAPPING events from decorations provider vscode.git 1733
[2022-08-01 10:58:16.923] [exthost] [warning] [Decorations] CAPPING events from decorations provider vscode.git 1733
[2022-08-01 10:58:22.180] [exthost] [warning] [Decorations] CAPPING events from decorations provider vscode.git 1733
[2022-08-01 10:58:27.412] [exthost] [warning] [Decorations] CAPPING events from decorations provider vscode.git 1763
[2022-08-01 10:58:32.656] [exthost] [warning] [Decorations] CAPPING events from decorations provider vscode.git 1761
[2022-08-01 10:59:14.850] [exthost] [warning] [Decorations] CAPPING events from decorations provider vscode.git 1761
[2022-08-01 10:59:20.113] [exthost] [warning] [Decorations] CAPPING events from decorations provider vscode.git 1761
[2022-08-01 10:59:25.367] [exthost] [warning] [Decorations] CAPPING events from decorations provider vscode.git 1762
[2022-08-01 10:59:30.610] [exthost] [warning] [Decorations] CAPPING events from decorations provider vscode.git 1762
[2022-08-01 10:59:35.866] [exthost] [warning] [Decorations] CAPPING events from decorations provider vscode.git 1763
[2022-08-01 10:59:41.351] [exthost] [warning] [Decorations] CAPPING events from decorations provider vscode.git 1763
[2022-08-01 10:59:46.773] [exthost] [warning] [Decorations] CAPPING events from decorations provider vscode.git 1794
[2022-08-01 10:59:52.128] [exthost] [warning] [Decorations] CAPPING events from decorations provider vscode.git 1791
[2022-08-01 10:59:57.404] [exthost] [warning] [Decorations] CAPPING events from decorations provider vscode.git 1791
[2022-08-01 11:00:02.676] [exthost] [warning] [Decorations] CAPPING events from decorations provider vscode.git 1791
[2022-08-01 11:00:07.996] [exthost] [warning] [Decorations] CAPPING events from decorations provider vscode.git 1791
[2022-08-01 11:00:13.429] [exthost] [warning] [Decorations] CAPPING events from decorations provider vscode.git 1791
[2022-08-01 11:00:18.842] [exthost] [warning] [Decorations] CAPPING events from decorations provider vscode.git 1791
[2022-08-01 11:00:24.093] [exthost] [warning] [Decorations] CAPPING events from decorations provider vscode.git 1791
[2022-08-01 11:00:29.351] [exthost] [warning] [Decorations] CAPPING events from decorations provider vscode.git 1791
[2022-08-01 11:00:34.610] [exthost] [warning] [Decorations] CAPPING events from decorations provider vscode.git 1791
[2022-08-01 11:00:39.919] [exthost] [warning] [Decorations] CAPPING events from decorations provider vscode.git 1791
[2022-08-01 11:00:45.223] [exthost] [warning] [Decorations] CAPPING events from decorations provider vscode.git 1791
[2022-08-01 11:00:50.442] [exthost] [warning] [Decorations] CAPPING events from decorations provider vscode.git 1791
[2022-08-01 11:00:55.679] [exthost] [warning] [Decorations] CAPPING events from decorations provider vscode.git 1791
[2022-08-01 11:01:00.937] [exthost] [warning] [Decorations] CAPPING events from decorations provider vscode.git 1791
[2022-08-01 11:01:06.230] [exthost] [warning] [Decorations] CAPPING events from decorations provider vscode.git 1791
[2022-08-01 11:01:11.468] [exthost] [warning] [Decorations] CAPPING events from decorations provider vscode.git 1791
[2022-08-01 11:01:16.787] [exthost] [warning] [Decorations] CAPPING events from decorations provider vscode.git 1791
[2022-08-01 11:01:22.073] [exthost] [warning] [Decorations] CAPPING events from decorations provider vscode.git 1791
[2022-08-01 11:01:27.332] [exthost] [warning] [Decorations] CAPPING events from decorations provider vscode.git 1791
[2022-08-01 11:01:32.580] [exthost] [warning] [Decorations] CAPPING events from decorations provider vscode.git 1791
[2022-08-01 11:01:37.829] [exthost] [warning] [Decorations] CAPPING events from decorations provider vscode.git 1791
[2022-08-01 11:01:43.165] [exthost] [warning] [Decorations] CAPPING events from decorations provider vscode.git 1791
[2022-08-01 11:01:48.724] [exthost] [warning] [Decorations] CAPPING events from decorations provider vscode.git 1791
[2022-08-01 11:01:55.150] [exthost] [warning] [Decorations] CAPPING events from decorations provider vscode.git 1791
[2022-08-01 11:02:00.414] [exthost] [warning] [Decorations] CAPPING events from decorations provider vscode.git 1791
[2022-08-01 11:02:05.773] [exthost] [warning] [Decorations] CAPPING events from decorations provider vscode.git 1792
[2022-08-01 11:02:11.049] [exthost] [warning] [Decorations] CAPPING events from decorations provider vscode.git 1793
[2022-08-01 11:02:16.293] [exthost] [warning] [Decorations] CAPPING events from decorations provider vscode.git 1791
[2022-08-01 11:02:21.522] [exthost] [warning] [Decorations] CAPPING events from decorations provider vscode.git 1791
[2022-08-01 11:02:26.770] [exthost] [warning] [Decorations] CAPPING events from decorations provider vscode.git 1791
[2022-08-01 11:02:31.420] [exthost] [info] ExtensionService#_doActivateExtension vscode.typescript-language-features, startup: false, activationEvent: 'onLanguage:javascript'
[2022-08-01 11:02:32.277] [exthost] [warning] [Decorations] CAPPING events from decorations provider vscode.git 1792
[2022-08-01 11:02:43.450] [exthost] [warning] [Decorations] CAPPING events from decorations provider vscode.git 2016
[2022-08-01 11:03:42.442] [exthost] [warning] [Decorations] CAPPING events from decorations provider vscode.git 2016
[2022-08-01 11:03:47.663] [exthost] [warning] [Decorations] CAPPING events from decorations provider vscode.git 2016
[2022-08-01 11:03:52.917] [exthost] [warning] [Decorations] CAPPING events from decorations provider vscode.git 2016
[2022-08-01 11:03:58.152] [exthost] [warning] [Decorations] CAPPING events from decorations provider vscode.git 2016
[2022-08-01 11:04:03.379] [exthost] [warning] [Decorations] CAPPING events from decorations provider vscode.git 2016
[2022-08-01 11:04:08.848] [exthost] [warning] [Decorations] CAPPING events from decorations provider vscode.git 2016
[2022-08-01 11:04:14.239] [exthost] [warning] [Decorations] CAPPING events from decorations provider vscode.git 2016
[2022-08-01 11:04:19.567] [exthost] [warning] [Decorations] CAPPING events from decorations provider vscode.git 2016
[2022-08-01 11:04:25.064] [exthost] [warning] [Decorations] CAPPING events from decorations provider vscode.git 2016
[2022-08-01 11:04:30.619] [exthost] [warning] [Decorations] CAPPING events from decorations provider vscode.git 2016
[2022-08-01 11:04:36.163] [exthost] [warning] [Decorations] CAPPING events from decorations provider vscode.git 2016
[2022-08-01 11:04:41.387] [exthost] [warning] [Decorations] CAPPING events from decorations provider vscode.git 2016
[2022-08-01 11:04:46.604] [exthost] [warning] [Decorations] CAPPING events from decorations provider vscode.git 2016
[2022-08-01 11:04:51.813] [exthost] [warning] [Decorations] CAPPING events from decorations provider vscode.git 2016
[2022-08-01 11:04:57.026] [exthost] [warning] [Decorations] CAPPING events from decorations provider vscode.git 2016
[2022-08-01 11:04:58.766] [exthost] [info] Extension host terminating: received terminate message from renderer
[2022-08-01 11:04:58.836] [exthost] [info] Extension host with pid 390 exiting with code 0
