[2022-07-26T20:05:15.723Z] Log level: Info
[2022-07-26T20:05:15.724Z] [info] Validating found git in: git
[2022-07-26T20:05:15.765Z] [info] Using git 2.30.2 from git
[2022-07-26T20:05:15.832Z] > git rev-parse --show-toplevel [54ms]
[2022-07-26T20:05:16.197Z] > git rev-parse --git-dir --git-common-dir [354ms]
[2022-07-26T20:05:16.201Z] [info] Open repository: /home/thebuffylow/LC101/js-assignment-5-launch-checklist-buffylow
[2022-07-26T20:05:16.323Z] > git status -z -uall [111ms]
[2022-07-26T20:05:16.341Z] > git symbolic-ref --short HEAD [3ms]
[2022-07-26T20:05:16.357Z] > git for-each-ref --format=%(refname)%00%(upstream:short)%00%(objectname)%00%(upstream:track)%00%(upstream:remotename)%00%(upstream:remoteref) refs/heads/main refs/remotes/main [7ms]
[2022-07-26T20:05:16.370Z] > git remote --verbose [2ms]
[2022-07-26T20:05:16.370Z] > git for-each-ref --sort -committerdate --format %(refname) %(objectname) %(*objectname) [7ms]
[2022-07-26T20:05:16.391Z] > git config --get commit.template [11ms]
[2022-07-26T20:05:16.443Z] > git status -z -uall [43ms]
[2022-07-26T20:05:16.451Z] > git symbolic-ref --short HEAD [2ms]
[2022-07-26T20:05:16.463Z] > git for-each-ref --format=%(refname)%00%(upstream:short)%00%(objectname)%00%(upstream:track)%00%(upstream:remotename)%00%(upstream:remoteref) refs/heads/main refs/remotes/main [2ms]
[2022-07-26T20:05:16.476Z] > git for-each-ref --sort -committerdate --format %(refname) %(objectname) %(*objectname) [7ms]
[2022-07-26T20:05:16.476Z] > git remote --verbose [2ms]
[2022-07-26T20:05:16.488Z] > git config --get commit.template [2ms]
[2022-07-26T20:05:16.822Z] > git check-ignore -v -z --stdin [8ms]
[2022-07-26T20:08:48.475Z] > git show --textconv :index.html [270ms]
[2022-07-26T20:08:48.475Z] > git ls-files --stage -- /home/thebuffylow/LC101/js-assignment-5-launch-checklist-buffylow/index.html [242ms]
[2022-07-26T20:08:48.498Z] > git cat-file -s 8d93c57d2aebd6a51872c584d041a3b1c9e2fa8c [13ms]
[2022-07-26T20:41:14.436Z] > git show --textconv :scriptHelper.js [72ms]
[2022-07-26T20:41:14.437Z] > git ls-files --stage -- /home/thebuffylow/LC101/js-assignment-5-launch-checklist-buffylow/scriptHelper.js [36ms]
[2022-07-26T20:41:14.483Z] > git cat-file -s 132331f2a0f469ebdd8862e5a08665eae88bd92c [9ms]
[2022-07-26T21:03:13.902Z] > git show --textconv :script.js [33ms]
[2022-07-26T21:03:13.930Z] > git ls-files --stage -- /home/thebuffylow/LC101/js-assignment-5-launch-checklist-buffylow/script.js [29ms]
[2022-07-26T21:03:13.957Z] > git cat-file -s 80569e37e8d54a53dada8c5ff19c2f3fb6929adc [10ms]
[2022-07-26T21:11:47.125Z] > git show --textconv :scriptHelper.js [31ms]
[2022-07-26T21:11:47.131Z] > git ls-files --stage -- /home/thebuffylow/LC101/js-assignment-5-launch-checklist-buffylow/scriptHelper.js [20ms]
[2022-07-26T21:11:47.152Z] > git cat-file -s 132331f2a0f469ebdd8862e5a08665eae88bd92c [7ms]
[2022-07-26T21:18:14.309Z] > git status -z -uall [187ms]
[2022-07-26T21:18:14.318Z] > git symbolic-ref --short HEAD [3ms]
[2022-07-26T21:18:14.328Z] > git for-each-ref --format=%(refname)%00%(upstream:short)%00%(objectname)%00%(upstream:track)%00%(upstream:remotename)%00%(upstream:remoteref) refs/heads/main refs/remotes/main [2ms]
[2022-07-26T21:18:14.341Z] > git for-each-ref --sort -committerdate --format %(refname) %(objectname) %(*objectname) [7ms]
[2022-07-26T21:18:14.342Z] > git remote --verbose [2ms]
[2022-07-26T21:18:14.355Z] > git config --get commit.template [2ms]
[2022-07-26T21:21:27.221Z] > git show --textconv :index.html [22ms]
[2022-07-26T21:21:27.223Z] > git ls-files --stage -- /home/thebuffylow/LC101/js-assignment-5-launch-checklist-buffylow/index.html [17ms]
[2022-07-26T21:21:27.269Z] > git cat-file -s 8d93c57d2aebd6a51872c584d041a3b1c9e2fa8c [18ms]
[2022-07-26T21:21:41.052Z] > git show --textconv :grading.js [22ms]
[2022-07-26T21:21:41.064Z] > git ls-files --stage -- /home/thebuffylow/LC101/js-assignment-5-launch-checklist-buffylow/grading.js [13ms]
[2022-07-26T21:21:41.087Z] > git cat-file -s ef0bac055b0ea0d5718b4938e8d2ee147fbf5efc [7ms]
[2022-07-26T21:21:43.957Z] > git check-ignore -v -z --stdin [10ms]
[2022-07-26T21:21:45.989Z] > git show --textconv :spec/grading-dom.spec.js [45ms]
[2022-07-26T21:21:45.992Z] > git ls-files --stage -- /home/thebuffylow/LC101/js-assignment-5-launch-checklist-buffylow/spec/grading-dom.spec.js [28ms]
[2022-07-26T21:21:46.031Z] > git cat-file -s 3edd783c812babdab1948239a32527ea28723823 [11ms]
[2022-07-26T21:23:03.767Z] > git check-ignore -v -z --stdin [13ms]
[2022-07-26T21:23:09.864Z] > git check-ignore -v -z --stdin [20ms]
[2022-07-26T21:23:13.279Z] > git show --textconv :scriptHelper.js [36ms]
[2022-07-26T21:23:13.314Z] > git ls-files --stage -- /home/thebuffylow/LC101/js-assignment-5-launch-checklist-buffylow/scriptHelper.js [48ms]
[2022-07-26T21:23:13.385Z] > git cat-file -s 132331f2a0f469ebdd8862e5a08665eae88bd92c [23ms]
[2022-07-26T21:30:52.771Z] > git show --textconv :spec/grading-dom.spec.js [60ms]
[2022-07-26T21:30:52.772Z] > git ls-files --stage -- /home/thebuffylow/LC101/js-assignment-5-launch-checklist-buffylow/spec/grading-dom.spec.js [23ms]
[2022-07-26T21:30:52.821Z] > git cat-file -s 3edd783c812babdab1948239a32527ea28723823 [5ms]
[2022-07-26T21:31:29.533Z] > git show --textconv :scriptHelper.js [17ms]
[2022-07-26T21:31:29.535Z] > git ls-files --stage -- /home/thebuffylow/LC101/js-assignment-5-launch-checklist-buffylow/scriptHelper.js [6ms]
[2022-07-26T21:31:29.549Z] > git cat-file -s 132331f2a0f469ebdd8862e5a08665eae88bd92c [7ms]
[2022-07-26T21:33:11.745Z] > git status -z -uall [81ms]
[2022-07-26T21:33:11.759Z] > git symbolic-ref --short HEAD [3ms]
[2022-07-26T21:33:11.768Z] > git for-each-ref --format=%(refname)%00%(upstream:short)%00%(objectname)%00%(upstream:track)%00%(upstream:remotename)%00%(upstream:remoteref) refs/heads/main refs/remotes/main [2ms]
[2022-07-26T21:33:11.784Z] > git remote --verbose [2ms]
[2022-07-26T21:33:11.785Z] > git for-each-ref --sort -committerdate --format %(refname) %(objectname) %(*objectname) [9ms]
[2022-07-26T21:33:11.802Z] > git config --get commit.template [2ms]
[2022-07-26T21:35:09.500Z] > git show --textconv :script.js [7ms]
[2022-07-26T21:35:09.503Z] > git ls-files --stage -- /home/thebuffylow/LC101/js-assignment-5-launch-checklist-buffylow/script.js [4ms]
[2022-07-26T21:35:09.513Z] > git cat-file -s 80569e37e8d54a53dada8c5ff19c2f3fb6929adc [3ms]
[2022-07-26T21:52:57.725Z] > git show --textconv :scriptHelper.js [14ms]
[2022-07-26T21:52:57.732Z] > git ls-files --stage -- /home/thebuffylow/LC101/js-assignment-5-launch-checklist-buffylow/scriptHelper.js [8ms]
[2022-07-26T21:52:57.742Z] > git cat-file -s 132331f2a0f469ebdd8862e5a08665eae88bd92c [3ms]
[2022-07-26T21:54:35.233Z] > git ls-files --stage -- /home/thebuffylow/LC101/js-assignment-5-launch-checklist-buffylow/script.js [11ms]
[2022-07-26T21:54:35.245Z] > git show --textconv :script.js [40ms]
[2022-07-26T21:54:35.246Z] > git cat-file -s 80569e37e8d54a53dada8c5ff19c2f3fb6929adc [6ms]
[2022-07-26T21:56:27.403Z] > git status -z -uall [156ms]
[2022-07-26T21:56:27.412Z] > git symbolic-ref --short HEAD [2ms]
[2022-07-26T21:56:27.421Z] > git for-each-ref --format=%(refname)%00%(upstream:short)%00%(objectname)%00%(upstream:track)%00%(upstream:remotename)%00%(upstream:remoteref) refs/heads/main refs/remotes/main [2ms]
[2022-07-26T21:56:27.439Z] > git for-each-ref --sort -committerdate --format %(refname) %(objectname) %(*objectname) [11ms]
[2022-07-26T21:56:27.441Z] > git remote --verbose [4ms]
[2022-07-26T21:56:27.455Z] > git config --get commit.template [2ms]
[2022-07-26T22:01:38.321Z] > git status -z -uall [101ms]
[2022-07-26T22:01:38.332Z] > git symbolic-ref --short HEAD [3ms]
[2022-07-26T22:01:38.341Z] > git for-each-ref --format=%(refname)%00%(upstream:short)%00%(objectname)%00%(upstream:track)%00%(upstream:remotename)%00%(upstream:remoteref) refs/heads/main refs/remotes/main [3ms]
[2022-07-26T22:01:38.355Z] > git for-each-ref --sort -committerdate --format %(refname) %(objectname) %(*objectname) [8ms]
[2022-07-26T22:01:38.357Z] > git remote --verbose [3ms]
[2022-07-26T22:01:38.371Z] > git config --get commit.template [3ms]
[2022-07-26T22:17:02.462Z] > git show --textconv :scriptHelper.js [11ms]
[2022-07-26T22:17:02.466Z] > git ls-files --stage -- /home/thebuffylow/LC101/js-assignment-5-launch-checklist-buffylow/scriptHelper.js [8ms]
[2022-07-26T22:17:02.474Z] > git cat-file -s 132331f2a0f469ebdd8862e5a08665eae88bd92c [1ms]
[2022-07-26T22:18:56.383Z] > git status -z -uall [75ms]
[2022-07-26T22:18:56.392Z] > git symbolic-ref --short HEAD [3ms]
[2022-07-26T22:18:56.400Z] > git for-each-ref --format=%(refname)%00%(upstream:short)%00%(objectname)%00%(upstream:track)%00%(upstream:remotename)%00%(upstream:remoteref) refs/heads/main refs/remotes/main [2ms]
[2022-07-26T22:18:56.412Z] > git for-each-ref --sort -committerdate --format %(refname) %(objectname) %(*objectname) [6ms]
[2022-07-26T22:18:56.413Z] > git remote --verbose [1ms]
[2022-07-26T22:18:56.429Z] > git config --get commit.template [4ms]
[2022-07-26T22:25:23.610Z] > git show --textconv :script.js [11ms]
[2022-07-26T22:25:23.614Z] > git ls-files --stage -- /home/thebuffylow/LC101/js-assignment-5-launch-checklist-buffylow/script.js [5ms]
[2022-07-26T22:25:23.624Z] > git cat-file -s 80569e37e8d54a53dada8c5ff19c2f3fb6929adc [1ms]
[2022-07-26T22:32:40.334Z] > git status -z -uall [42ms]
[2022-07-26T22:32:40.345Z] > git symbolic-ref --short HEAD [3ms]
[2022-07-26T22:32:40.355Z] > git for-each-ref --format=%(refname)%00%(upstream:short)%00%(objectname)%00%(upstream:track)%00%(upstream:remotename)%00%(upstream:remoteref) refs/heads/main refs/remotes/main [5ms]
[2022-07-26T22:32:40.367Z] > git for-each-ref --sort -committerdate --format %(refname) %(objectname) %(*objectname) [7ms]
[2022-07-26T22:32:40.368Z] > git remote --verbose [2ms]
[2022-07-26T22:32:40.380Z] > git config --get commit.template [2ms]
[2022-07-26T22:35:34.130Z] > git show --textconv :scriptHelper.js [7ms]
[2022-07-26T22:35:34.133Z] > git ls-files --stage -- /home/thebuffylow/LC101/js-assignment-5-launch-checklist-buffylow/scriptHelper.js [4ms]
[2022-07-26T22:35:34.143Z] > git cat-file -s 132331f2a0f469ebdd8862e5a08665eae88bd92c [1ms]
[2022-07-26T22:36:07.848Z] > git show --textconv :script.js [52ms]
[2022-07-26T22:36:07.857Z] > git ls-files --stage -- /home/thebuffylow/LC101/js-assignment-5-launch-checklist-buffylow/script.js [21ms]
[2022-07-26T22:36:07.872Z] > git cat-file -s 80569e37e8d54a53dada8c5ff19c2f3fb6929adc [5ms]
[2022-07-26T22:36:46.502Z] > git add -A -- /home/thebuffylow/LC101/js-assignment-5-launch-checklist-buffylow/scriptHelper.js [44ms]
[2022-07-26T22:36:46.597Z] > git status -z -uall [81ms]
[2022-07-26T22:36:46.617Z] > git symbolic-ref --short HEAD [3ms]
[2022-07-26T22:36:46.642Z] > git for-each-ref --format=%(refname)%00%(upstream:short)%00%(objectname)%00%(upstream:track)%00%(upstream:remotename)%00%(upstream:remoteref) refs/heads/main refs/remotes/main [4ms]
[2022-07-26T22:36:46.681Z] > git remote --verbose [2ms]
[2022-07-26T22:36:46.685Z] > git for-each-ref --sort -committerdate --format %(refname) %(objectname) %(*objectname) [27ms]
[2022-07-26T22:36:46.755Z] > git config --get commit.template [18ms]
[2022-07-26T22:36:47.026Z] > git -c user.useConfigOnly=true commit --quiet --allow-empty-message --file - [247ms]
[2022-07-26T22:36:47.189Z] > git status -z -uall [128ms]
[2022-07-26T22:36:47.213Z] > git symbolic-ref --short HEAD [10ms]
[2022-07-26T22:36:47.235Z] > git for-each-ref --format=%(refname)%00%(upstream:short)%00%(objectname)%00%(upstream:track)%00%(upstream:remotename)%00%(upstream:remoteref) refs/heads/main refs/remotes/main [6ms]
[2022-07-26T22:36:47.262Z] > git for-each-ref --sort -committerdate --format %(refname) %(objectname) %(*objectname) [16ms]
[2022-07-26T22:36:47.266Z] > git remote --verbose [6ms]
[2022-07-26T22:36:47.281Z] > git config --get commit.template [4ms]
[2022-07-26T22:36:47.306Z] > git config --get commit.template [2ms]
[2022-07-26T22:36:48.209Z] > git ls-files --stage -- /home/thebuffylow/LC101/js-assignment-5-launch-checklist-buffylow/script.js [11ms]
[2022-07-26T22:36:48.234Z] > git cat-file -s 80569e37e8d54a53dada8c5ff19c2f3fb6929adc [6ms]
[2022-07-26T22:36:48.272Z] > git show --textconv :script.js [11ms]
[2022-07-26T22:39:45.010Z] > git ls-files --stage -- /home/thebuffylow/LC101/js-assignment-5-launch-checklist-buffylow/scriptHelper.js [6ms]
[2022-07-26T22:39:45.018Z] > git show --textconv :scriptHelper.js [25ms]
[2022-07-26T22:39:45.024Z] > git cat-file -s 798e5627d5240d66bc1da0ebfb1d492d27f3af09 [6ms]
[2022-07-26T22:40:09.640Z] > git show --textconv :script.js [18ms]
[2022-07-26T22:40:09.644Z] > git ls-files --stage -- /home/thebuffylow/LC101/js-assignment-5-launch-checklist-buffylow/script.js [5ms]
[2022-07-26T22:40:09.653Z] > git cat-file -s 80569e37e8d54a53dada8c5ff19c2f3fb6929adc [2ms]
[2022-07-26T22:40:22.449Z] > git show --textconv :scriptHelper.js [8ms]
[2022-07-26T22:40:22.452Z] > git ls-files --stage -- /home/thebuffylow/LC101/js-assignment-5-launch-checklist-buffylow/scriptHelper.js [3ms]
[2022-07-26T22:40:22.460Z] > git cat-file -s 798e5627d5240d66bc1da0ebfb1d492d27f3af09 [2ms]
[2022-07-26T22:40:27.427Z] > git show --textconv :script.js [8ms]
[2022-07-26T22:40:27.430Z] > git ls-files --stage -- /home/thebuffylow/LC101/js-assignment-5-launch-checklist-buffylow/script.js [4ms]
[2022-07-26T22:40:27.440Z] > git cat-file -s 80569e37e8d54a53dada8c5ff19c2f3fb6929adc [2ms]
[2022-07-26T22:41:31.845Z] > git show --textconv :scriptHelper.js [10ms]
[2022-07-26T22:41:31.849Z] > git ls-files --stage -- /home/thebuffylow/LC101/js-assignment-5-launch-checklist-buffylow/scriptHelper.js [5ms]
[2022-07-26T22:41:31.859Z] > git cat-file -s 798e5627d5240d66bc1da0ebfb1d492d27f3af09 [1ms]
[2022-07-26T22:41:44.238Z] > git show --textconv :script.js [11ms]
[2022-07-26T22:41:44.241Z] > git ls-files --stage -- /home/thebuffylow/LC101/js-assignment-5-launch-checklist-buffylow/script.js [6ms]
[2022-07-26T22:41:44.250Z] > git cat-file -s 80569e37e8d54a53dada8c5ff19c2f3fb6929adc [4ms]
[2022-07-26T22:42:41.428Z] > git add -A -- /home/thebuffylow/LC101/js-assignment-5-launch-checklist-buffylow/scriptHelper.js /home/thebuffylow/LC101/js-assignment-5-launch-checklist-buffylow/script.js [46ms]
[2022-07-26T22:42:41.539Z] > git status -z -uall [84ms]
[2022-07-26T22:42:41.555Z] > git symbolic-ref --short HEAD [4ms]
[2022-07-26T22:42:41.605Z] > git for-each-ref --format=%(refname)%00%(upstream:short)%00%(objectname)%00%(upstream:track)%00%(upstream:remotename)%00%(upstream:remoteref) refs/heads/main refs/remotes/main [12ms]
[2022-07-26T22:42:41.638Z] > git remote --verbose [6ms]
[2022-07-26T22:42:41.638Z] > git for-each-ref --sort -committerdate --format %(refname) %(objectname) %(*objectname) [23ms]
[2022-07-26T22:42:41.691Z] > git config --get commit.template [18ms]
[2022-07-26T22:42:41.788Z] > git -c user.useConfigOnly=true commit --quiet --allow-empty-message --file - [81ms]
[2022-07-26T22:42:41.948Z] > git status -z -uall [152ms]
[2022-07-26T22:42:41.986Z] > git symbolic-ref --short HEAD [14ms]
[2022-07-26T22:42:42.005Z] > git for-each-ref --format=%(refname)%00%(upstream:short)%00%(objectname)%00%(upstream:track)%00%(upstream:remotename)%00%(upstream:remoteref) refs/heads/main refs/remotes/main [5ms]
[2022-07-26T22:42:42.025Z] > git for-each-ref --sort -committerdate --format %(refname) %(objectname) %(*objectname) [9ms]
[2022-07-26T22:42:42.031Z] > git remote --verbose [8ms]
[2022-07-26T22:42:42.052Z] > git config --get commit.template [2ms]
[2022-07-26T22:42:42.087Z] > git config --get commit.template [14ms]
[2022-07-26T22:42:42.437Z] > git status -z -uall [51ms]
[2022-07-26T22:42:42.448Z] > git symbolic-ref --short HEAD [3ms]
[2022-07-26T22:42:42.457Z] > git for-each-ref --format=%(refname)%00%(upstream:short)%00%(objectname)%00%(upstream:track)%00%(upstream:remotename)%00%(upstream:remoteref) refs/heads/main refs/remotes/main [2ms]
[2022-07-26T22:42:42.480Z] > git for-each-ref --sort -committerdate --format %(refname) %(objectname) %(*objectname) [13ms]
[2022-07-26T22:42:42.483Z] > git remote --verbose [10ms]
[2022-07-26T22:42:42.496Z] > git config --get commit.template [4ms]
[2022-07-26T22:42:43.117Z] > git ls-files --stage -- /home/thebuffylow/LC101/js-assignment-5-launch-checklist-buffylow/script.js [6ms]
[2022-07-26T22:42:43.131Z] > git cat-file -s e69de29bb2d1d6434b8b29ae775ad8c2e48c5391 [5ms]
[2022-07-26T22:42:43.150Z] > git show --textconv :script.js [5ms]
[2022-07-26T22:42:56.932Z] > git status -z -uall [156ms]
[2022-07-26T22:42:56.946Z] > git symbolic-ref --short HEAD [3ms]
[2022-07-26T22:42:56.962Z] > git for-each-ref --format=%(refname)%00%(upstream:short)%00%(objectname)%00%(upstream:track)%00%(upstream:remotename)%00%(upstream:remoteref) refs/heads/main refs/remotes/main [4ms]
[2022-07-26T22:42:56.987Z] > git for-each-ref --sort -committerdate --format %(refname) %(objectname) %(*objectname) [14ms]
[2022-07-26T22:42:56.989Z] > git remote --verbose [6ms]
[2022-07-26T22:42:57.015Z] > git config --get commit.template [5ms]
[2022-07-26T22:43:46.238Z] > git add -A -- . [82ms]
[2022-07-26T22:43:46.301Z] > git -c user.useConfigOnly=true commit --quiet --allow-empty-message --file - [53ms]
[2022-07-26T22:43:46.352Z] > git status -z -uall [41ms]
[2022-07-26T22:43:46.361Z] > git symbolic-ref --short HEAD [1ms]
[2022-07-26T22:43:46.372Z] > git for-each-ref --format=%(refname)%00%(upstream:short)%00%(objectname)%00%(upstream:track)%00%(upstream:remotename)%00%(upstream:remoteref) refs/heads/main refs/remotes/main [3ms]
[2022-07-26T22:43:46.395Z] > git remote --verbose [5ms]
[2022-07-26T22:43:46.396Z] > git for-each-ref --sort -committerdate --format %(refname) %(objectname) %(*objectname) [12ms]
[2022-07-26T22:43:46.418Z] > git config --get commit.template [3ms]
[2022-07-26T22:43:46.434Z] > git config --get commit.template [4ms]
[2022-07-26T22:43:47.505Z] > git ls-files --stage -- /home/thebuffylow/LC101/js-assignment-5-launch-checklist-buffylow/script.js [13ms]
[2022-07-26T22:43:47.524Z] > git cat-file -s 8afc92e33ae2507083390a6091888e3d0f2fa8d6 [4ms]
[2022-07-26T22:43:47.546Z] > git show --textconv :script.js [6ms]
[2022-07-26T22:48:13.947Z] > git show --textconv :spec/grading-fetch.spec.js [24ms]
[2022-07-26T22:48:13.962Z] > git ls-files --stage -- /home/thebuffylow/LC101/js-assignment-5-launch-checklist-buffylow/spec/grading-fetch.spec.js [15ms]
[2022-07-26T22:48:13.985Z] > git cat-file -s 599a529c93dd78e1ceb4a462b3f0697969391d8f [6ms]
[2022-07-26T22:52:32.653Z] > git show --textconv :scriptHelper.js [21ms]
[2022-07-26T22:52:32.665Z] > git ls-files --stage -- /home/thebuffylow/LC101/js-assignment-5-launch-checklist-buffylow/scriptHelper.js [14ms]
[2022-07-26T22:52:32.717Z] > git cat-file -s 48c40b73a2c23dd9d96e66e07ae8cf5c35bcee84 [35ms]
[2022-07-26T22:52:42.728Z] > git show --textconv :script.js [8ms]
[2022-07-26T22:52:42.732Z] > git ls-files --stage -- /home/thebuffylow/LC101/js-assignment-5-launch-checklist-buffylow/script.js [5ms]
[2022-07-26T22:52:42.742Z] > git cat-file -s 8afc92e33ae2507083390a6091888e3d0f2fa8d6 [2ms]
[2022-07-26T22:55:07.351Z] > git show --textconv :scriptHelper.js [33ms]
[2022-07-26T22:55:07.358Z] > git ls-files --stage -- /home/thebuffylow/LC101/js-assignment-5-launch-checklist-buffylow/scriptHelper.js [8ms]
[2022-07-26T22:55:07.370Z] > git cat-file -s 48c40b73a2c23dd9d96e66e07ae8cf5c35bcee84 [4ms]
[2022-07-26T22:55:07.982Z] > git show --textconv :spec/grading-fetch.spec.js [8ms]
[2022-07-26T22:55:07.987Z] > git ls-files --stage -- /home/thebuffylow/LC101/js-assignment-5-launch-checklist-buffylow/spec/grading-fetch.spec.js [5ms]
[2022-07-26T22:55:07.996Z] > git cat-file -s 599a529c93dd78e1ceb4a462b3f0697969391d8f [3ms]
[2022-07-26T22:55:10.265Z] > git show --textconv :scriptHelper.js [11ms]
[2022-07-26T22:55:10.267Z] > git ls-files --stage -- /home/thebuffylow/LC101/js-assignment-5-launch-checklist-buffylow/scriptHelper.js [6ms]
[2022-07-26T22:55:10.277Z] > git cat-file -s 48c40b73a2c23dd9d96e66e07ae8cf5c35bcee84 [3ms]
[2022-07-26T22:55:13.518Z] > git show --textconv :script.js [8ms]
[2022-07-26T22:55:13.521Z] > git ls-files --stage -- /home/thebuffylow/LC101/js-assignment-5-launch-checklist-buffylow/script.js [4ms]
[2022-07-26T22:55:13.538Z] > git cat-file -s 8afc92e33ae2507083390a6091888e3d0f2fa8d6 [2ms]
[2022-07-26T22:55:22.715Z] > git status -z -uall [60ms]
[2022-07-26T22:55:22.728Z] > git symbolic-ref --short HEAD [3ms]
[2022-07-26T22:55:22.738Z] > git for-each-ref --format=%(refname)%00%(upstream:short)%00%(objectname)%00%(upstream:track)%00%(upstream:remotename)%00%(upstream:remoteref) refs/heads/main refs/remotes/main [3ms]
[2022-07-26T22:55:22.752Z] > git for-each-ref --sort -committerdate --format %(refname) %(objectname) %(*objectname) [7ms]
[2022-07-26T22:55:22.755Z] > git remote --verbose [4ms]
[2022-07-26T22:55:22.778Z] > git config --get commit.template [2ms]
[2022-07-26T22:56:05.849Z] > git add -A -- . [119ms]
[2022-07-26T22:56:06.025Z] > git -c user.useConfigOnly=true commit --quiet --allow-empty-message --file - [157ms]
[2022-07-26T22:56:06.177Z] > git status -z -uall [131ms]
[2022-07-26T22:56:06.221Z] > git symbolic-ref --short HEAD [21ms]
[2022-07-26T22:56:06.260Z] > git for-each-ref --format=%(refname)%00%(upstream:short)%00%(objectname)%00%(upstream:track)%00%(upstream:remotename)%00%(upstream:remoteref) refs/heads/main refs/remotes/main [8ms]
[2022-07-26T22:56:06.316Z] > git for-each-ref --sort -committerdate --format %(refname) %(objectname) %(*objectname) [29ms]
[2022-07-26T22:56:06.322Z] > git remote --verbose [10ms]
[2022-07-26T22:56:06.347Z] > git config --get commit.template [5ms]
[2022-07-26T22:56:06.363Z] > git config --get commit.template [3ms]
[2022-07-26T22:56:07.351Z] > git ls-files --stage -- /home/thebuffylow/LC101/js-assignment-5-launch-checklist-buffylow/script.js [7ms]
[2022-07-26T22:56:07.366Z] > git cat-file -s a598f58c4576c66f944e8b6433f917f357f9bcba [4ms]
[2022-07-26T22:56:07.384Z] > git show --textconv :script.js [6ms]
[2022-07-26T23:00:42.477Z] > git show --textconv :scriptHelper.js [15ms]
[2022-07-26T23:00:42.482Z] > git ls-files --stage -- /home/thebuffylow/LC101/js-assignment-5-launch-checklist-buffylow/scriptHelper.js [9ms]
[2022-07-26T23:00:42.498Z] > git cat-file -s 029e28368b9caecbaee2726d391d31f3160bc840 [6ms]
[2022-07-26T23:01:24.718Z] > git show --textconv :script.js [12ms]
[2022-07-26T23:01:24.722Z] > git ls-files --stage -- /home/thebuffylow/LC101/js-assignment-5-launch-checklist-buffylow/script.js [8ms]
[2022-07-26T23:01:24.732Z] > git cat-file -s a598f58c4576c66f944e8b6433f917f357f9bcba [4ms]
[2022-07-26T23:01:25.614Z] > git show --textconv :scriptHelper.js [13ms]
[2022-07-26T23:01:25.616Z] > git ls-files --stage -- /home/thebuffylow/LC101/js-assignment-5-launch-checklist-buffylow/scriptHelper.js [5ms]
[2022-07-26T23:01:25.626Z] > git cat-file -s 029e28368b9caecbaee2726d391d31f3160bc840 [2ms]
[2022-07-26T23:01:41.595Z] > git show --textconv :index.html [11ms]
[2022-07-26T23:01:41.599Z] > git ls-files --stage -- /home/thebuffylow/LC101/js-assignment-5-launch-checklist-buffylow/index.html [6ms]
[2022-07-26T23:01:41.609Z] > git cat-file -s 8d93c57d2aebd6a51872c584d041a3b1c9e2fa8c [3ms]
[2022-07-26T23:02:09.126Z] > git add -A -- /home/thebuffylow/LC101/js-assignment-5-launch-checklist-buffylow/scriptHelper.js /home/thebuffylow/LC101/js-assignment-5-launch-checklist-buffylow/script.js [32ms]
[2022-07-26T23:02:09.193Z] > git status -z -uall [57ms]
[2022-07-26T23:02:09.221Z] > git symbolic-ref --short HEAD [5ms]
[2022-07-26T23:02:09.244Z] > git for-each-ref --format=%(refname)%00%(upstream:short)%00%(objectname)%00%(upstream:track)%00%(upstream:remotename)%00%(upstream:remoteref) refs/heads/main refs/remotes/main [13ms]
[2022-07-26T23:02:09.275Z] > git for-each-ref --sort -committerdate --format %(refname) %(objectname) %(*objectname) [16ms]
[2022-07-26T23:02:09.277Z] > git remote --verbose [7ms]
[2022-07-26T23:02:09.304Z] > git config --get commit.template [1ms]
[2022-07-26T23:02:09.440Z] > git -c user.useConfigOnly=true commit --quiet --allow-empty-message --file - [120ms]
[2022-07-26T23:02:09.541Z] > git status -z -uall [87ms]
[2022-07-26T23:02:09.558Z] > git symbolic-ref --short HEAD [4ms]
[2022-07-26T23:02:09.567Z] > git for-each-ref --format=%(refname)%00%(upstream:short)%00%(objectname)%00%(upstream:track)%00%(upstream:remotename)%00%(upstream:remoteref) refs/heads/main refs/remotes/main [1ms]
[2022-07-26T23:02:09.594Z] > git remote --verbose [3ms]
[2022-07-26T23:02:09.594Z] > git for-each-ref --sort -committerdate --format %(refname) %(objectname) %(*objectname) [17ms]
[2022-07-26T23:02:09.635Z] > git config --get commit.template [2ms]
[2022-07-26T23:02:09.663Z] > git config --get commit.template [4ms]
[2022-07-26T23:02:10.676Z] > git ls-files --stage -- /home/thebuffylow/LC101/js-assignment-5-launch-checklist-buffylow/index.html [3ms]
[2022-07-26T23:02:10.684Z] > git cat-file -s 8d93c57d2aebd6a51872c584d041a3b1c9e2fa8c [2ms]
[2022-07-26T23:02:10.701Z] > git show --textconv :index.html [4ms]
[2022-07-26T23:04:00.271Z] > git log --oneline --cherry main...main@{upstream} -- [12ms]
[2022-07-26T23:04:01.142Z] > git pull --tags origin main [856ms]
[2022-07-26T23:04:01.142Z] hint: Pulling without specifying how to reconcile divergent branches is
hint: discouraged. You can squelch this message by running one of the following
hint: commands sometime before your next pull:
hint: 
hint:   git config pull.rebase false  # merge (the default strategy)
hint:   git config pull.rebase true   # rebase
hint:   git config pull.ff only       # fast-forward only
hint: 
hint: You can replace "git config" with "git config --global" to set a default
hint: preference for all repositories. You can also pass --rebase, --no-rebase,
hint: or --ff-only on the command line to override the configured default per
hint: invocation.
From https://github.com/Stl-LC101-MAY-2022/js-assignment-5-launch-checklist-buffylow
 * branch            main       -> FETCH_HEAD
[2022-07-26T23:04:02.370Z] > git ls-files --stage -- /home/thebuffylow/LC101/js-assignment-5-launch-checklist-buffylow/index.html [16ms]
[2022-07-26T23:04:02.384Z] > git cat-file -s 8d93c57d2aebd6a51872c584d041a3b1c9e2fa8c [1ms]
[2022-07-26T23:04:02.429Z] > git show --textconv :index.html [14ms]
[2022-07-26T23:04:02.986Z] > git push origin main:main [1767ms]
[2022-07-26T23:04:02.986Z] To https://github.com/Stl-LC101-MAY-2022/js-assignment-5-launch-checklist-buffylow.git
   8295f9e..8e2586c  main -> main
[2022-07-26T23:04:03.080Z] > git status -z -uall [78ms]
[2022-07-26T23:04:03.094Z] > git symbolic-ref --short HEAD [6ms]
[2022-07-26T23:04:03.107Z] > git for-each-ref --format=%(refname)%00%(upstream:short)%00%(objectname)%00%(upstream:track)%00%(upstream:remotename)%00%(upstream:remoteref) refs/heads/main refs/remotes/main [3ms]
[2022-07-26T23:04:03.137Z] > git for-each-ref --sort -committerdate --format %(refname) %(objectname) %(*objectname) [15ms]
[2022-07-26T23:04:03.146Z] > git remote --verbose [12ms]
[2022-07-26T23:04:03.181Z] > git config --get commit.template [11ms]
[2022-07-26T23:04:04.204Z] > git ls-files --stage -- /home/thebuffylow/LC101/js-assignment-5-launch-checklist-buffylow/index.html [14ms]
[2022-07-26T23:04:04.231Z] > git cat-file -s 8d93c57d2aebd6a51872c584d041a3b1c9e2fa8c [7ms]
[2022-07-26T23:04:04.266Z] > git show --textconv :index.html [10ms]
[2022-07-26T23:06:39.839Z] > git show --textconv :scriptHelper.js [14ms]
[2022-07-26T23:06:39.843Z] > git ls-files --stage -- /home/thebuffylow/LC101/js-assignment-5-launch-checklist-buffylow/scriptHelper.js [4ms]
[2022-07-26T23:06:39.869Z] > git cat-file -s 11a051c50d0fc8e8aa37da523a826cbccde23009 [10ms]
[2022-07-26T23:14:53.261Z] > git show --textconv :script.js [9ms]
[2022-07-26T23:14:53.264Z] > git ls-files --stage -- /home/thebuffylow/LC101/js-assignment-5-launch-checklist-buffylow/script.js [4ms]
[2022-07-26T23:14:53.272Z] > git cat-file -s 4dc17964ecf52adf6ec4022a60e8a51f8e3e7738 [2ms]
[2022-07-26T23:15:22.228Z] > git show --textconv :scriptHelper.js [16ms]
[2022-07-26T23:15:22.231Z] > git ls-files --stage -- /home/thebuffylow/LC101/js-assignment-5-launch-checklist-buffylow/scriptHelper.js [9ms]
[2022-07-26T23:15:22.240Z] > git cat-file -s 11a051c50d0fc8e8aa37da523a826cbccde23009 [3ms]
[2022-07-26T23:17:27.827Z] > git status -z -uall [120ms]
[2022-07-26T23:17:27.841Z] > git symbolic-ref --short HEAD [3ms]
[2022-07-26T23:17:27.856Z] > git for-each-ref --format=%(refname)%00%(upstream:short)%00%(objectname)%00%(upstream:track)%00%(upstream:remotename)%00%(upstream:remoteref) refs/heads/main refs/remotes/main [6ms]
[2022-07-26T23:17:27.875Z] > git for-each-ref --sort -committerdate --format %(refname) %(objectname) %(*objectname) [12ms]
[2022-07-26T23:17:27.878Z] > git remote --verbose [5ms]
[2022-07-26T23:17:27.900Z] > git config --get commit.template [4ms]
[2022-07-26T23:20:04.211Z] > git show --textconv :script.js [10ms]
[2022-07-26T23:20:04.213Z] > git ls-files --stage -- /home/thebuffylow/LC101/js-assignment-5-launch-checklist-buffylow/script.js [4ms]
[2022-07-26T23:20:04.221Z] > git cat-file -s 4dc17964ecf52adf6ec4022a60e8a51f8e3e7738 [2ms]
[2022-07-26T23:21:26.539Z] > git add -A -- /home/thebuffylow/LC101/js-assignment-5-launch-checklist-buffylow/scriptHelper.js /home/thebuffylow/LC101/js-assignment-5-launch-checklist-buffylow/script.js [25ms]
[2022-07-26T23:21:26.631Z] > git status -z -uall [81ms]
[2022-07-26T23:21:26.642Z] > git symbolic-ref --short HEAD [2ms]
[2022-07-26T23:21:26.656Z] > git for-each-ref --format=%(refname)%00%(upstream:short)%00%(objectname)%00%(upstream:track)%00%(upstream:remotename)%00%(upstream:remoteref) refs/heads/main refs/remotes/main [3ms]
[2022-07-26T23:21:26.670Z] > git for-each-ref --sort -committerdate --format %(refname) %(objectname) %(*objectname) [7ms]
[2022-07-26T23:21:26.673Z] > git remote --verbose [4ms]
[2022-07-26T23:21:26.692Z] > git config --get commit.template [3ms]
[2022-07-26T23:21:26.850Z] > git -c user.useConfigOnly=true commit --quiet --allow-empty-message --file - [135ms]
[2022-07-26T23:21:27.117Z] > git status -z -uall [184ms]
[2022-07-26T23:21:27.139Z] > git symbolic-ref --short HEAD [4ms]
[2022-07-26T23:21:27.205Z] > git for-each-ref --format=%(refname)%00%(upstream:short)%00%(objectname)%00%(upstream:track)%00%(upstream:remotename)%00%(upstream:remoteref) refs/heads/main refs/remotes/main [35ms]
[2022-07-26T23:21:27.314Z] > git remote --verbose [8ms]
[2022-07-26T23:21:27.315Z] > git for-each-ref --sort -committerdate --format %(refname) %(objectname) %(*objectname) [40ms]
[2022-07-26T23:21:27.345Z] > git config --get commit.template [8ms]
[2022-07-26T23:21:27.364Z] > git config --get commit.template [3ms]
[2022-07-26T23:21:28.280Z] > git ls-files --stage -- /home/thebuffylow/LC101/js-assignment-5-launch-checklist-buffylow/script.js [5ms]
[2022-07-26T23:21:28.288Z] > git cat-file -s 9538dd92f1ed0383204755263c9c907784989241 [1ms]
[2022-07-26T23:21:28.301Z] > git show --textconv :script.js [3ms]
[2022-07-26T23:21:30.765Z] > git log --oneline --cherry main...main@{upstream} -- [15ms]
[2022-07-26T23:21:31.241Z] > git pull --tags origin main [458ms]
[2022-07-26T23:21:31.241Z] hint: Pulling without specifying how to reconcile divergent branches is
hint: discouraged. You can squelch this message by running one of the following
hint: commands sometime before your next pull:
hint: 
hint:   git config pull.rebase false  # merge (the default strategy)
hint:   git config pull.rebase true   # rebase
hint:   git config pull.ff only       # fast-forward only
hint: 
hint: You can replace "git config" with "git config --global" to set a default
hint: preference for all repositories. You can also pass --rebase, --no-rebase,
hint: or --ff-only on the command line to override the configured default per
hint: invocation.
From https://github.com/Stl-LC101-MAY-2022/js-assignment-5-launch-checklist-buffylow
 * branch            main       -> FETCH_HEAD
[2022-07-26T23:21:32.427Z] > git ls-files --stage -- /home/thebuffylow/LC101/js-assignment-5-launch-checklist-buffylow/script.js [14ms]
[2022-07-26T23:21:32.441Z] > git cat-file -s 9538dd92f1ed0383204755263c9c907784989241 [1ms]
[2022-07-26T23:21:32.476Z] > git show --textconv :script.js [12ms]
[2022-07-26T23:21:32.592Z] > git push origin main:main [1335ms]
[2022-07-26T23:21:32.592Z] To https://github.com/Stl-LC101-MAY-2022/js-assignment-5-launch-checklist-buffylow.git
   8e2586c..826888e  main -> main
[2022-07-26T23:21:32.688Z] > git status -z -uall [88ms]
[2022-07-26T23:21:32.733Z] > git symbolic-ref --short HEAD [16ms]
[2022-07-26T23:21:32.745Z] > git for-each-ref --format=%(refname)%00%(upstream:short)%00%(objectname)%00%(upstream:track)%00%(upstream:remotename)%00%(upstream:remoteref) refs/heads/main refs/remotes/main [2ms]
[2022-07-26T23:21:32.777Z] > git for-each-ref --sort -committerdate --format %(refname) %(objectname) %(*objectname) [24ms]
[2022-07-26T23:21:32.778Z] > git remote --verbose [4ms]
[2022-07-26T23:21:32.795Z] > git config --get commit.template [3ms]
[2022-07-26T23:21:33.803Z] > git ls-files --stage -- /home/thebuffylow/LC101/js-assignment-5-launch-checklist-buffylow/script.js [12ms]
[2022-07-26T23:21:33.816Z] > git cat-file -s 9538dd92f1ed0383204755263c9c907784989241 [2ms]
[2022-07-26T23:21:33.840Z] > git show --textconv :script.js [7ms]
[2022-07-26T23:22:30.491Z] > git add -A -- /home/thebuffylow/LC101/js-assignment-5-launch-checklist-buffylow/script.js [55ms]
[2022-07-26T23:22:30.581Z] > git status -z -uall [70ms]
[2022-07-26T23:22:30.596Z] > git symbolic-ref --short HEAD [1ms]
[2022-07-26T23:22:30.614Z] > git for-each-ref --format=%(refname)%00%(upstream:short)%00%(objectname)%00%(upstream:track)%00%(upstream:remotename)%00%(upstream:remoteref) refs/heads/main refs/remotes/main [2ms]
[2022-07-26T23:22:30.645Z] > git for-each-ref --sort -committerdate --format %(refname) %(objectname) %(*objectname) [18ms]
[2022-07-26T23:22:30.649Z] > git remote --verbose [7ms]
[2022-07-26T23:22:30.681Z] > git config --get commit.template [7ms]
[2022-07-26T23:22:30.854Z] > git -c user.useConfigOnly=true commit --quiet --allow-empty-message --file - [150ms]
[2022-07-26T23:22:30.978Z] > git status -z -uall [100ms]
[2022-07-26T23:22:30.998Z] > git symbolic-ref --short HEAD [8ms]
[2022-07-26T23:22:31.030Z] > git for-each-ref --format=%(refname)%00%(upstream:short)%00%(objectname)%00%(upstream:track)%00%(upstream:remotename)%00%(upstream:remoteref) refs/heads/main refs/remotes/main [21ms]
[2022-07-26T23:22:31.127Z] > git for-each-ref --sort -committerdate --format %(refname) %(objectname) %(*objectname) [38ms]
[2022-07-26T23:22:31.145Z] > git remote --verbose [24ms]
[2022-07-26T23:22:31.184Z] > git config --get commit.template [5ms]
[2022-07-26T23:22:31.211Z] > git config --get commit.template [6ms]
[2022-07-26T23:22:32.138Z] > git ls-files --stage -- /home/thebuffylow/LC101/js-assignment-5-launch-checklist-buffylow/script.js [6ms]
[2022-07-26T23:22:32.151Z] > git cat-file -s b710e57f22712dec02a7c8e0fd393c53ff82e999 [3ms]
[2022-07-26T23:22:32.172Z] > git show --textconv :script.js [6ms]
[2022-07-26T23:22:33.782Z] > git log --oneline --cherry main...main@{upstream} -- [7ms]
[2022-07-26T23:22:34.423Z] > git pull --tags origin main [620ms]
[2022-07-26T23:22:34.423Z] hint: Pulling without specifying how to reconcile divergent branches is
hint: discouraged. You can squelch this message by running one of the following
hint: commands sometime before your next pull:
hint: 
hint:   git config pull.rebase false  # merge (the default strategy)
hint:   git config pull.rebase true   # rebase
hint:   git config pull.ff only       # fast-forward only
hint: 
hint: You can replace "git config" with "git config --global" to set a default
hint: preference for all repositories. You can also pass --rebase, --no-rebase,
hint: or --ff-only on the command line to override the configured default per
hint: invocation.
From https://github.com/Stl-LC101-MAY-2022/js-assignment-5-launch-checklist-buffylow
 * branch            main       -> FETCH_HEAD
[2022-07-26T23:22:35.595Z] > git ls-files --stage -- /home/thebuffylow/LC101/js-assignment-5-launch-checklist-buffylow/script.js [6ms]
[2022-07-26T23:22:35.611Z] > git cat-file -s b710e57f22712dec02a7c8e0fd393c53ff82e999 [9ms]
[2022-07-26T23:22:35.634Z] > git show --textconv :script.js [5ms]
[2022-07-26T23:22:36.095Z] > git push origin main:main [1661ms]
[2022-07-26T23:22:36.095Z] To https://github.com/Stl-LC101-MAY-2022/js-assignment-5-launch-checklist-buffylow.git
   826888e..b133a98  main -> main
[2022-07-26T23:22:36.215Z] > git status -z -uall [74ms]
[2022-07-26T23:22:36.226Z] > git symbolic-ref --short HEAD [3ms]
[2022-07-26T23:22:36.242Z] > git for-each-ref --format=%(refname)%00%(upstream:short)%00%(objectname)%00%(upstream:track)%00%(upstream:remotename)%00%(upstream:remoteref) refs/heads/main refs/remotes/main [4ms]
[2022-07-26T23:22:36.264Z] > git for-each-ref --sort -committerdate --format %(refname) %(objectname) %(*objectname) [12ms]
[2022-07-26T23:22:36.266Z] > git remote --verbose [4ms]
[2022-07-26T23:22:36.298Z] > git config --get commit.template [2ms]
[2022-07-26T23:22:37.265Z] > git ls-files --stage -- /home/thebuffylow/LC101/js-assignment-5-launch-checklist-buffylow/script.js [8ms]
[2022-07-26T23:22:37.283Z] > git cat-file -s b710e57f22712dec02a7c8e0fd393c53ff82e999 [10ms]
[2022-07-26T23:22:37.328Z] > git show --textconv :script.js [13ms]
[2022-07-26T23:25:52.461Z] > git show --textconv :scriptHelper.js [12ms]
[2022-07-26T23:25:52.466Z] > git ls-files --stage -- /home/thebuffylow/LC101/js-assignment-5-launch-checklist-buffylow/scriptHelper.js [6ms]
[2022-07-26T23:25:52.535Z] > git cat-file -s 8651c3d8118760b4d9d556f6e3021dd220f46eee [29ms]
[2022-07-26T23:27:35.893Z] > git status -z -uall [63ms]
[2022-07-26T23:27:35.908Z] > git symbolic-ref --short HEAD [7ms]
[2022-07-26T23:27:35.924Z] > git for-each-ref --format=%(refname)%00%(upstream:short)%00%(objectname)%00%(upstream:track)%00%(upstream:remotename)%00%(upstream:remoteref) refs/heads/main refs/remotes/main [9ms]
[2022-07-26T23:27:35.948Z] > git for-each-ref --sort -committerdate --format %(refname) %(objectname) %(*objectname) [13ms]
[2022-07-26T23:27:35.953Z] > git remote --verbose [8ms]
[2022-07-26T23:27:35.981Z] > git config --get commit.template [8ms]
[2022-07-27T00:02:14.288Z] > git ls-files --stage -- /home/thebuffylow/LC101/js-assignment-5-launch-checklist-buffylow/script.js [24ms]
[2022-07-27T00:02:14.313Z] > git show --textconv :script.js [89ms]
[2022-07-27T00:02:14.318Z] > git cat-file -s b710e57f22712dec02a7c8e0fd393c53ff82e999 [7ms]
[2022-07-27T00:02:15.376Z] > git show --textconv :index.html [37ms]
[2022-07-27T00:02:15.387Z] > git ls-files --stage -- /home/thebuffylow/LC101/js-assignment-5-launch-checklist-buffylow/index.html [23ms]
[2022-07-27T00:02:15.403Z] > git cat-file -s 8d93c57d2aebd6a51872c584d041a3b1c9e2fa8c [5ms]
[2022-07-27T00:02:27.996Z] > git add -A -- . [187ms]
[2022-07-27T00:02:28.093Z] > git -c user.useConfigOnly=true commit --quiet --allow-empty-message --file - [86ms]
[2022-07-27T00:02:28.163Z] > git status -z -uall [59ms]
[2022-07-27T00:02:28.175Z] > git symbolic-ref --short HEAD [0ms]
[2022-07-27T00:02:28.195Z] > git for-each-ref --format=%(refname)%00%(upstream:short)%00%(objectname)%00%(upstream:track)%00%(upstream:remotename)%00%(upstream:remoteref) refs/heads/main refs/remotes/main [5ms]
[2022-07-27T00:02:28.227Z] > git remote --verbose [11ms]
[2022-07-27T00:02:28.227Z] > git for-each-ref --sort -committerdate --format %(refname) %(objectname) %(*objectname) [25ms]
[2022-07-27T00:02:28.244Z] > git config --get commit.template [3ms]
[2022-07-27T00:02:28.265Z] > git config --get commit.template [3ms]
[2022-07-27T00:02:30.959Z] > git log --oneline --cherry main...main@{upstream} -- [4ms]
[2022-07-27T00:02:31.464Z] > git pull --tags origin main [494ms]
[2022-07-27T00:02:31.465Z] hint: Pulling without specifying how to reconcile divergent branches is
hint: discouraged. You can squelch this message by running one of the following
hint: commands sometime before your next pull:
hint: 
hint:   git config pull.rebase false  # merge (the default strategy)
hint:   git config pull.rebase true   # rebase
hint:   git config pull.ff only       # fast-forward only
hint: 
hint: You can replace "git config" with "git config --global" to set a default
hint: preference for all repositories. You can also pass --rebase, --no-rebase,
hint: or --ff-only on the command line to override the configured default per
hint: invocation.
From https://github.com/Stl-LC101-MAY-2022/js-assignment-5-launch-checklist-buffylow
 * branch            main       -> FETCH_HEAD
[2022-07-27T00:02:33.143Z] > git push origin main:main [1665ms]
[2022-07-27T00:02:33.143Z] To https://github.com/Stl-LC101-MAY-2022/js-assignment-5-launch-checklist-buffylow.git
   b133a98..8a90d36  main -> main
[2022-07-27T00:02:33.206Z] > git status -z -uall [50ms]
[2022-07-27T00:02:33.216Z] > git symbolic-ref --short HEAD [2ms]
[2022-07-27T00:02:33.229Z] > git for-each-ref --format=%(refname)%00%(upstream:short)%00%(objectname)%00%(upstream:track)%00%(upstream:remotename)%00%(upstream:remoteref) refs/heads/main refs/remotes/main [2ms]
[2022-07-27T00:02:33.248Z] > git for-each-ref --sort -committerdate --format %(refname) %(objectname) %(*objectname) [8ms]
[2022-07-27T00:02:33.257Z] > git remote --verbose [10ms]
[2022-07-27T00:02:33.281Z] > git config --get commit.template [14ms]
