[2022-07-17T23:12:48.172Z] Log level: Info
[2022-07-17T23:12:48.173Z] [info] Validating found git in: git
[2022-07-17T23:12:48.331Z] [info] Using git 2.30.2 from git
[2022-07-17T23:12:48.407Z] > git rev-parse --show-toplevel [4ms]
[2022-07-17T23:12:48.457Z] > git rev-parse --git-dir --git-common-dir [7ms]
[2022-07-17T23:12:48.480Z] [info] Open repository: /home/thebuffylow/LC101/js-assignment-4-html-me-something-buffylow
[2022-07-17T23:12:48.666Z] > git status -z -uall [157ms]
[2022-07-17T23:12:48.695Z] > git symbolic-ref --short HEAD [8ms]
[2022-07-17T23:12:48.720Z] > git for-each-ref --format=%(refname)%00%(upstream:short)%00%(objectname)%00%(upstream:track)%00%(upstream:remotename)%00%(upstream:remoteref) refs/heads/main refs/remotes/main [9ms]
[2022-07-17T23:12:48.760Z] > git for-each-ref --sort -committerdate --format %(refname) %(objectname) %(*objectname) [17ms]
[2022-07-17T23:12:48.762Z] > git remote --verbose [7ms]
[2022-07-17T23:12:48.798Z] > git config --get commit.template [5ms]
[2022-07-17T23:12:48.875Z] > git status -z -uall [66ms]
[2022-07-17T23:12:48.900Z] > git symbolic-ref --short HEAD [11ms]
[2022-07-17T23:12:48.943Z] > git for-each-ref --format=%(refname)%00%(upstream:short)%00%(objectname)%00%(upstream:track)%00%(upstream:remotename)%00%(upstream:remoteref) refs/heads/main refs/remotes/main [29ms]
[2022-07-17T23:12:48.988Z] > git for-each-ref --sort -committerdate --format %(refname) %(objectname) %(*objectname) [27ms]
[2022-07-17T23:12:48.989Z] > git remote --verbose [11ms]
[2022-07-17T23:12:49.360Z] > git config --get commit.template [327ms]
[2022-07-17T23:12:49.630Z] > git check-ignore -v -z --stdin [4ms]
[2022-07-17T23:12:51.663Z] > git show --textconv :styles.css [1878ms]
[2022-07-17T23:12:51.663Z] > git ls-files --stage -- /home/thebuffylow/LC101/js-assignment-4-html-me-something-buffylow/styles.css [1840ms]
[2022-07-17T23:12:51.693Z] > git cat-file -s dcfee9000d2d4935c403dff94ba667d64b030558 [14ms]
[2022-07-17T23:12:52.847Z] > git show --textconv :index.html [89ms]
[2022-07-17T23:12:52.849Z] > git ls-files --stage -- /home/thebuffylow/LC101/js-assignment-4-html-me-something-buffylow/index.html [73ms]
[2022-07-17T23:12:52.886Z] > git cat-file -s 8304f44d82d834dfb61bd91c54f92371d111c494 [10ms]
[2022-07-17T23:14:10.681Z] > git show --textconv :styles.css [29ms]
[2022-07-17T23:14:10.707Z] > git ls-files --stage -- /home/thebuffylow/LC101/js-assignment-4-html-me-something-buffylow/styles.css [29ms]
[2022-07-17T23:14:10.758Z] > git cat-file -s dcfee9000d2d4935c403dff94ba667d64b030558 [10ms]
[2022-07-17T23:14:23.358Z] > git show --textconv :index.html [10ms]
[2022-07-17T23:14:23.362Z] > git ls-files --stage -- /home/thebuffylow/LC101/js-assignment-4-html-me-something-buffylow/index.html [5ms]
[2022-07-17T23:14:23.371Z] > git cat-file -s 8304f44d82d834dfb61bd91c54f92371d111c494 [3ms]
[2022-07-17T23:14:38.796Z] > git status -z -uall [30ms]
[2022-07-17T23:14:38.806Z] > git symbolic-ref --short HEAD [1ms]
[2022-07-17T23:14:38.814Z] > git for-each-ref --format=%(refname)%00%(upstream:short)%00%(objectname)%00%(upstream:track)%00%(upstream:remotename)%00%(upstream:remoteref) refs/heads/main refs/remotes/main [3ms]
[2022-07-17T23:14:38.828Z] > git for-each-ref --sort -committerdate --format %(refname) %(objectname) %(*objectname) [8ms]
[2022-07-17T23:14:38.829Z] > git remote --verbose [2ms]
[2022-07-17T23:14:38.841Z] > git config --get commit.template [1ms]
[2022-07-17T23:15:53.769Z] > git status -z -uall [25ms]
[2022-07-17T23:15:53.792Z] > git symbolic-ref --short HEAD [8ms]
[2022-07-17T23:15:53.826Z] > git for-each-ref --format=%(refname)%00%(upstream:short)%00%(objectname)%00%(upstream:track)%00%(upstream:remotename)%00%(upstream:remoteref) refs/heads/main refs/remotes/main [12ms]
[2022-07-17T23:15:53.856Z] > git for-each-ref --sort -committerdate --format %(refname) %(objectname) %(*objectname) [21ms]
[2022-07-17T23:15:53.873Z] > git remote --verbose [18ms]
[2022-07-17T23:15:53.922Z] > git config --get commit.template [7ms]
