[2022-07-27T00:06:03.029Z] Log level: Info
[2022-07-27T00:06:03.040Z] [info] Validating found git in: git
[2022-07-27T00:06:03.086Z] [info] Using git 2.30.2 from git
[2022-07-27T00:06:03.113Z] > git rev-parse --show-toplevel [8ms]
[2022-07-27T00:06:04.293Z] > git rev-parse --git-dir --git-common-dir [1159ms]
[2022-07-27T00:06:04.301Z] [info] Open repository: /home/thebuffylow/LC101/angular-lc101-projects
[2022-07-27T00:06:04.341Z] > git status -z -uall [31ms]
[2022-07-27T00:06:04.353Z] > git symbolic-ref --short HEAD [4ms]
[2022-07-27T00:06:04.366Z] > git for-each-ref --format=%(refname)%00%(upstream:short)%00%(objectname)%00%(upstream:track)%00%(upstream:remotename)%00%(upstream:remoteref) refs/heads/master refs/remotes/master [7ms]
[2022-07-27T00:06:04.411Z] > git for-each-ref --sort -committerdate --format %(refname) %(objectname) %(*objectname) [35ms]
[2022-07-27T00:06:04.418Z] > git remote --verbose [30ms]
[2022-07-27T00:06:04.458Z] > git config --get commit.template [27ms]
[2022-07-27T00:06:04.497Z] > git status -z -uall [26ms]
[2022-07-27T00:06:04.506Z] > git symbolic-ref --short HEAD [2ms]
[2022-07-27T00:06:04.514Z] > git for-each-ref --format=%(refname)%00%(upstream:short)%00%(objectname)%00%(upstream:track)%00%(upstream:remotename)%00%(upstream:remoteref) refs/heads/master refs/remotes/master [3ms]
[2022-07-27T00:06:04.534Z] > git remote --verbose [2ms]
[2022-07-27T00:06:04.535Z] > git for-each-ref --sort -committerdate --format %(refname) %(objectname) %(*objectname) [11ms]
[2022-07-27T00:06:04.555Z] > git config --get commit.template [1ms]
[2022-07-27T00:06:04.942Z] > git check-ignore -v -z --stdin [7ms]
[2022-07-27T00:10:30.125Z] > git check-ignore -v -z --stdin [18ms]
[2022-07-27T00:10:32.096Z] > git check-ignore -v -z --stdin [8ms]
[2022-07-27T00:10:33.339Z] > git check-ignore -v -z --stdin [4ms]
[2022-07-27T00:10:37.659Z] > git show --textconv :lesson1/examples/noTemplate/index.html [112ms]
[2022-07-27T00:10:37.659Z] > git ls-files --stage -- /home/thebuffylow/LC101/angular-lc101-projects/lesson1/examples/noTemplate/index.html [100ms]
[2022-07-27T00:10:37.688Z] > git cat-file -s 496b2a32ce9fe14f70552ab2abc1ee2753d0af00 [7ms]
