[2022-07-21 18:08:32.983] [exthost] [info] Extension host with pid 374 started
[2022-07-21 18:08:32.983] [exthost] [info] Skipping acquiring lock for /home/thebuffylow/.config/Code/User/workspaceStorage/e9541e8896d1b7cc8d74432f3a96f1d2.
[2022-07-21 18:08:34.466] [exthost] [info] ExtensionService#_doActivateExtension vscode.html-language-features, startup: false, activationEvent: 'onLanguage:html'
[2022-07-21 18:08:34.593] [exthost] [info] ExtensionService#_doActivateExtension vscode.microsoft-authentication, startup: false, activationEvent: 'onAuthenticationRequest:microsoft'
[2022-07-21 18:08:34.750] [exthost] [info] ExtensionService#_doActivateExtension vscode.debug-auto-launch, startup: true, activationEvent: '*'
[2022-07-21 18:08:34.763] [exthost] [info] ExtensionService#_doActivateExtension vscode.git-base, startup: true, activationEvent: '*', root cause: vscode.git
[2022-07-21 18:08:34.815] [exthost] [info] ExtensionService#_doActivateExtension vscode.ipynb, startup: true, activationEvent: '*'
[2022-07-21 18:08:35.419] [exthost] [info] ExtensionService#_doActivateExtension vscode.git, startup: true, activationEvent: '*'
[2022-07-21 18:08:35.655] [exthost] [info] ExtensionService#_doActivateExtension vscode.github, startup: true, activationEvent: '*'
[2022-07-21 18:08:36.938] [exthost] [info] Eager extensions activated
[2022-07-21 18:08:37.406] [exthost] [info] ExtensionService#_doActivateExtension vscode.emmet, startup: false, activationEvent: 'onStartupFinished'
[2022-07-21 18:08:37.453] [exthost] [info] ExtensionService#_doActivateExtension vscode.merge-conflict, startup: false, activationEvent: 'onStartupFinished'
[2022-07-21 18:08:37.474] [exthost] [info] ExtensionService#_doActivateExtension ritwickdey.LiveServer, startup: false, activationEvent: 'onStartupFinished'
[2022-07-21 18:08:39.111] [exthost] [info] ExtensionService#_doActivateExtension vscode.github-authentication, startup: false, activationEvent: 'onAuthenticationRequest:github'
[2022-07-21 18:11:02.531] [exthost] [info] Extension host terminating: received terminate message from renderer
[2022-07-21 18:11:02.601] [exthost] [info] Extension host with pid 374 exiting with code 0
[2022-07-21 18:11:06.339] [exthost] [info] Extension host with pid 1095 started
[2022-07-21 18:11:06.339] [exthost] [info] Skipping acquiring lock for /home/thebuffylow/.config/Code/User/workspaceStorage/2ceef57b124690c1fc4a02901bafdee4.
[2022-07-21 18:11:06.817] [exthost] [info] ExtensionService#_doActivateExtension vscode.microsoft-authentication, startup: false, activationEvent: 'onAuthenticationRequest:microsoft'
[2022-07-21 18:11:06.903] [exthost] [info] ExtensionService#_doActivateExtension vscode.debug-auto-launch, startup: true, activationEvent: '*'
[2022-07-21 18:11:06.907] [exthost] [info] ExtensionService#_doActivateExtension vscode.git-base, startup: true, activationEvent: '*', root cause: vscode.git
[2022-07-21 18:11:06.928] [exthost] [info] ExtensionService#_doActivateExtension vscode.ipynb, startup: true, activationEvent: '*'
[2022-07-21 18:11:07.104] [exthost] [info] ExtensionService#_doActivateExtension vscode.git, startup: true, activationEvent: '*'
[2022-07-21 18:11:07.206] [exthost] [info] ExtensionService#_doActivateExtension vscode.github, startup: true, activationEvent: '*'
[2022-07-21 18:11:07.432] [exthost] [info] Eager extensions activated
[2022-07-21 18:11:07.450] [exthost] [info] ExtensionService#_doActivateExtension vscode.github-authentication, startup: false, activationEvent: 'onAuthenticationRequest:github'
[2022-07-21 18:11:07.529] [exthost] [info] ExtensionService#_doActivateExtension vscode.emmet, startup: false, activationEvent: 'onStartupFinished'
[2022-07-21 18:11:07.537] [exthost] [info] ExtensionService#_doActivateExtension vscode.merge-conflict, startup: false, activationEvent: 'onStartupFinished'
[2022-07-21 18:11:07.541] [exthost] [info] ExtensionService#_doActivateExtension ritwickdey.LiveServer, startup: false, activationEvent: 'onStartupFinished'
[2022-07-21 18:11:43.579] [exthost] [info] ExtensionService#_doActivateExtension vscode.html-language-features, startup: false, activationEvent: 'onLanguage:html'
[2022-07-21 18:38:32.433] [exthost] [info] Extension host terminating: received terminate message from renderer
[2022-07-21 18:38:32.524] [exthost] [info] Extension host with pid 1095 exiting with code 0
[2022-07-21 18:38:35.579] [exthost] [info] Extension host with pid 2146 started
[2022-07-21 18:38:35.590] [exthost] [info] Skipping acquiring lock for /home/thebuffylow/.config/Code/User/workspaceStorage/e9541e8896d1b7cc8d74432f3a96f1d2.
[2022-07-21 18:38:36.036] [exthost] [info] ExtensionService#_doActivateExtension vscode.html-language-features, startup: false, activationEvent: 'onLanguage:html'
[2022-07-21 18:38:36.102] [exthost] [info] ExtensionService#_doActivateExtension vscode.microsoft-authentication, startup: false, activationEvent: 'onAuthenticationRequest:microsoft'
[2022-07-21 18:38:36.126] [exthost] [info] ExtensionService#_doActivateExtension vscode.debug-auto-launch, startup: true, activationEvent: '*'
[2022-07-21 18:38:36.128] [exthost] [info] ExtensionService#_doActivateExtension vscode.git-base, startup: true, activationEvent: '*', root cause: vscode.git
[2022-07-21 18:38:36.132] [exthost] [info] ExtensionService#_doActivateExtension vscode.ipynb, startup: true, activationEvent: '*'
[2022-07-21 18:38:36.247] [exthost] [info] ExtensionService#_doActivateExtension vscode.git, startup: true, activationEvent: '*'
[2022-07-21 18:38:36.387] [exthost] [info] ExtensionService#_doActivateExtension vscode.github, startup: true, activationEvent: '*'
[2022-07-21 18:38:36.821] [exthost] [info] Eager extensions activated
[2022-07-21 18:38:37.077] [exthost] [info] ExtensionService#_doActivateExtension vscode.emmet, startup: false, activationEvent: 'onStartupFinished'
[2022-07-21 18:38:37.109] [exthost] [info] ExtensionService#_doActivateExtension vscode.merge-conflict, startup: false, activationEvent: 'onStartupFinished'
[2022-07-21 18:38:37.128] [exthost] [info] ExtensionService#_doActivateExtension ritwickdey.LiveServer, startup: false, activationEvent: 'onStartupFinished'
[2022-07-21 18:38:37.747] [exthost] [info] ExtensionService#_doActivateExtension vscode.github-authentication, startup: false, activationEvent: 'onAuthenticationRequest:github'
[2022-07-21 18:38:58.453] [exthost] [info] Extension host terminating: received terminate message from renderer
[2022-07-21 18:38:58.485] [exthost] [info] Extension host with pid 2146 exiting with code 0
[2022-07-21 18:39:01.306] [exthost] [info] Extension host with pid 2304 started
[2022-07-21 18:39:01.306] [exthost] [info] Skipping acquiring lock for /home/thebuffylow/.config/Code/User/workspaceStorage/165cee20553faadaf7a6662a43cf1512.
[2022-07-21 18:39:01.610] [exthost] [info] ExtensionService#_doActivateExtension vscode.microsoft-authentication, startup: false, activationEvent: 'onAuthenticationRequest:microsoft'
[2022-07-21 18:39:01.648] [exthost] [info] ExtensionService#_doActivateExtension vscode.debug-auto-launch, startup: true, activationEvent: '*'
[2022-07-21 18:39:01.651] [exthost] [info] ExtensionService#_doActivateExtension vscode.git-base, startup: true, activationEvent: '*', root cause: vscode.git
[2022-07-21 18:39:01.653] [exthost] [info] ExtensionService#_doActivateExtension vscode.ipynb, startup: true, activationEvent: '*'
[2022-07-21 18:39:01.712] [exthost] [info] ExtensionService#_doActivateExtension vscode.git, startup: true, activationEvent: '*'
[2022-07-21 18:39:01.739] [exthost] [info] ExtensionService#_doActivateExtension vscode.github, startup: true, activationEvent: '*'
[2022-07-21 18:39:01.852] [exthost] [info] Eager extensions activated
[2022-07-21 18:39:01.853] [exthost] [info] ExtensionService#_doActivateExtension vscode.github-authentication, startup: false, activationEvent: 'onAuthenticationRequest:github'
[2022-07-21 18:39:01.910] [exthost] [info] ExtensionService#_doActivateExtension vscode.emmet, startup: false, activationEvent: 'onStartupFinished'
[2022-07-21 18:39:01.923] [exthost] [info] ExtensionService#_doActivateExtension vscode.merge-conflict, startup: false, activationEvent: 'onStartupFinished'
[2022-07-21 18:39:01.928] [exthost] [info] ExtensionService#_doActivateExtension ritwickdey.LiveServer, startup: false, activationEvent: 'onStartupFinished'
[2022-07-21 18:39:03.410] [exthost] [info] ExtensionService#_doActivateExtension vscode.html-language-features, startup: false, activationEvent: 'onLanguage:html'
[2022-07-21 18:39:18.671] [exthost] [info] ExtensionService#_doActivateExtension vscode.typescript-language-features, startup: false, activationEvent: 'onLanguage:javascript'
[2022-07-21 18:39:22.326] [exthost] [info] ExtensionService#_doActivateExtension vscode.css-language-features, startup: false, activationEvent: 'onLanguage:css'
[2022-07-22 15:31:19.226] [exthost] [info] Extension host terminating: received terminate message from renderer
[2022-07-22 15:31:19.393] [exthost] [info] Extension host with pid 2304 exiting with code 0
