[2022-07-25T23:06:32.469Z] Log level: Info
[2022-07-25T23:06:32.481Z] [info] Validating found git in: git
[2022-07-25T23:06:32.568Z] [info] Using git 2.30.2 from git
[2022-07-25T23:06:32.598Z] > git rev-parse --show-toplevel [10ms]
[2022-07-25T23:06:32.607Z] > git rev-parse --git-dir --git-common-dir [3ms]
[2022-07-25T23:06:32.611Z] [info] Open repository: /home/thebuffylow/typescript-lc101-projects
[2022-07-25T23:06:32.628Z] > git status -z -uall [5ms]
[2022-07-25T23:06:33.321Z] > git symbolic-ref --short HEAD [683ms]
[2022-07-25T23:06:33.329Z] > git for-each-ref --format=%(refname)%00%(upstream:short)%00%(objectname)%00%(upstream:track)%00%(upstream:remotename)%00%(upstream:remoteref) refs/heads/master refs/remotes/master [3ms]
[2022-07-25T23:06:33.354Z] > git remote --verbose [5ms]
[2022-07-25T23:06:33.355Z] > git for-each-ref --sort -committerdate --format %(refname) %(objectname) %(*objectname) [19ms]
[2022-07-25T23:06:33.380Z] > git config --get commit.template [6ms]
[2022-07-25T23:06:33.399Z] > git status -z -uall [8ms]
[2022-07-25T23:06:33.415Z] > git symbolic-ref --short HEAD [11ms]
[2022-07-25T23:06:33.437Z] > git for-each-ref --format=%(refname)%00%(upstream:short)%00%(objectname)%00%(upstream:track)%00%(upstream:remotename)%00%(upstream:remoteref) refs/heads/master refs/remotes/master [10ms]
[2022-07-25T23:06:33.465Z] > git remote --verbose [5ms]
[2022-07-25T23:06:33.465Z] > git for-each-ref --sort -committerdate --format %(refname) %(objectname) %(*objectname) [18ms]
[2022-07-25T23:06:33.485Z] > git config --get commit.template [4ms]
[2022-07-25T23:07:14.908Z] > git checkout -q master [20ms]
[2022-07-25T23:07:14.921Z] > git status -z -uall [3ms]
[2022-07-25T23:07:14.930Z] > git symbolic-ref --short HEAD [3ms]
[2022-07-25T23:07:14.937Z] > git for-each-ref --format=%(refname)%00%(upstream:short)%00%(objectname)%00%(upstream:track)%00%(upstream:remotename)%00%(upstream:remoteref) refs/heads/master refs/remotes/master [2ms]
[2022-07-25T23:07:14.949Z] > git for-each-ref --sort -committerdate --format %(refname) %(objectname) %(*objectname) [6ms]
[2022-07-25T23:07:14.952Z] > git remote --verbose [4ms]
[2022-07-25T23:07:14.967Z] > git config --get commit.template [3ms]
[2022-07-25T23:07:16.086Z] > git status -z -uall [8ms]
[2022-07-25T23:07:16.108Z] > git symbolic-ref --short HEAD [5ms]
[2022-07-25T23:07:16.130Z] > git for-each-ref --format=%(refname)%00%(upstream:short)%00%(objectname)%00%(upstream:track)%00%(upstream:remotename)%00%(upstream:remoteref) refs/heads/master refs/remotes/master [6ms]
[2022-07-25T23:07:16.172Z] > git for-each-ref --sort -committerdate --format %(refname) %(objectname) %(*objectname) [22ms]
[2022-07-25T23:07:16.186Z] > git remote --verbose [20ms]
[2022-07-25T23:07:16.206Z] > git config --get commit.template [3ms]
