0 verbose cli /usr/local/bin/node /usr/local/bin/npm
1 info using npm@8.15.1
2 info using node@v18.6.0
3 timing npm:load:whichnode Completed in 1ms
4 timing config:load:defaults Completed in 3ms
5 timing config:load:file:/usr/local/lib/node_modules/npm/npmrc Completed in 22ms
6 timing config:load:builtin Completed in 22ms
7 timing config:load:cli Completed in 3ms
8 timing config:load:env Completed in 1ms
9 timing config:load:project Completed in 18ms
10 timing config:load:file:/home/thebuffylow/.npmrc Completed in 0ms
11 timing config:load:user Completed in 0ms
12 timing config:load:file:/usr/local/etc/npmrc Completed in 0ms
13 timing config:load:global Completed in 1ms
14 timing config:load:validate Completed in 0ms
15 timing config:load:credentials Completed in 2ms
16 timing config:load:setEnvs Completed in 1ms
17 timing config:load Completed in 51ms
18 timing npm:load:configload Completed in 51ms
19 timing npm:load:mkdirpcache Completed in 4ms
20 timing npm:load:mkdirplogs Completed in 0ms
21 verbose title npm install core-js@^3
22 verbose argv "install" "--save" "core-js@^3"
23 timing npm:load:setTitle Completed in 1ms
24 timing config:load:flatten Completed in 5ms
25 timing npm:load:display Completed in 8ms
26 verbose logfile logs-max:10 dir:/home/thebuffylow/.npm/_logs
27 verbose logfile /home/thebuffylow/.npm/_logs/2022-08-04T23_47_06_492Z-debug-0.log
28 timing npm:load:logFile Completed in 18ms
29 timing npm:load:timers Completed in 0ms
30 timing npm:load:configScope Completed in 0ms
31 timing npm:load Completed in 84ms
32 timing arborist:ctor Completed in 1ms
33 silly logfile start cleaning logs, removing 1 files
34 silly logfile done cleaning log files
35 timing idealTree:init Completed in 60ms
36 timing idealTree:userRequests Completed in 4ms
37 silly idealTree buildDeps
38 silly fetch manifest core-js@^3
39 timing arborist:ctor Completed in 0ms
40 http fetch GET 200 https://registry.npmjs.org/core-js 478ms (cache revalidated)
41 silly placeDep ROOT core-js@3.24.1 OK for:  want: ^3
42 timing idealTree:#root Completed in 511ms
43 timing idealTree:node_modules/core-js Completed in 0ms
44 timing idealTree:buildDeps Completed in 512ms
45 timing idealTree:fixDepFlags Completed in 0ms
46 timing idealTree Completed in 581ms
47 timing reify:loadTrees Completed in 588ms
48 timing reify:diffTrees Completed in 2ms
49 silly reify moves {}
50 timing reify:retireShallow Completed in 2ms
51 timing reify:createSparse Completed in 39ms
52 timing reify:loadBundles Completed in 0ms
53 silly audit bulk request { typescript: [ '4.7.4' ], 'core-js': [ '3.24.1' ] }
54 silly tarball no local data for core-js@https://registry.npmjs.org/core-js/-/core-js-3.24.1.tgz. Extracting by manifest.
55 http fetch POST 200 https://registry.npmjs.org/-/npm/v1/security/advisories/bulk 170ms
56 timing auditReport:getReport Completed in 181ms
57 silly audit report {}
58 timing auditReport:init Completed in 0ms
59 timing reify:audit Completed in 182ms
60 http fetch GET 200 https://registry.npmjs.org/core-js/-/core-js-3.24.1.tgz 6150ms (cache miss)
61 timing reifyNode:node_modules/core-js Completed in 6183ms
62 timing reify:unpack Completed in 6183ms
63 timing reify:unretire Completed in 0ms
64 timing build:queue Completed in 10ms
65 info run core-js@3.24.1 postinstall node_modules/core-js node -e "try{require('./postinstall')}catch(e){}"
66 info run core-js@3.24.1 postinstall { code: 0, signal: null }
67 timing build:run:postinstall:node_modules/core-js Completed in 176ms
68 timing build:run:postinstall Completed in 177ms
69 timing build:deps Completed in 189ms
70 timing build Completed in 189ms
71 timing reify:build Completed in 189ms
72 timing reify:trash Completed in 0ms
73 timing reify:save Completed in 29ms
74 timing reify Completed in 7074ms
75 silly ADD node_modules/core-js
76 timing command:install Completed in 7086ms
77 verbose exit 0
78 timing npm Completed in 7324ms
79 info ok
