0 verbose cli /usr/local/bin/node /usr/local/bin/npm
1 info using npm@8.15.1
2 info using node@v18.6.0
3 timing npm:load:whichnode Completed in 0ms
4 timing config:load:defaults Completed in 7ms
5 timing config:load:file:/usr/local/lib/node_modules/npm/npmrc Completed in 17ms
6 timing config:load:builtin Completed in 18ms
7 timing config:load:cli Completed in 27ms
8 timing config:load:env Completed in 3ms
9 timing config:load:file:/home/thebuffylow/.cache/typescript/4.7/.npmrc Completed in 3ms
10 timing config:load:project Completed in 36ms
11 timing config:load:file:/home/thebuffylow/.npmrc Completed in 3ms
12 timing config:load:user Completed in 3ms
13 timing config:load:file:/usr/local/etc/npmrc Completed in 0ms
14 timing config:load:global Completed in 0ms
15 timing config:load:validate Completed in 1ms
16 timing config:load:credentials Completed in 1ms
17 timing config:load:setEnvs Completed in 16ms
18 timing config:load Completed in 121ms
19 timing npm:load:configload Completed in 121ms
20 timing npm:load:mkdirpcache Completed in 2ms
21 timing npm:load:mkdirplogs Completed in 0ms
22 verbose title npm install types-registry@latest
23 verbose argv "install" "--ignore-scripts" "types-registry@latest"
24 timing npm:load:setTitle Completed in 26ms
25 timing config:load:flatten Completed in 5ms
26 timing npm:load:display Completed in 6ms
27 verbose logfile logs-max:10 dir:/home/thebuffylow/.npm/_logs
28 verbose logfile /home/thebuffylow/.npm/_logs/2022-08-01T16_02_36_764Z-debug-0.log
29 timing npm:load:logFile Completed in 55ms
30 timing npm:load:timers Completed in 0ms
31 timing npm:load:configScope Completed in 0ms
32 timing npm:load Completed in 212ms
33 timing arborist:ctor Completed in 1ms
34 silly logfile start cleaning logs, removing 1 files
35 silly logfile done cleaning log files
36 timing idealTree:init Completed in 110ms
37 timing arborist:ctor Completed in 0ms
38 http fetch GET 200 https://registry.npmjs.org/types-registry 706ms (cache updated)
39 timing idealTree:userRequests Completed in 755ms
40 silly idealTree buildDeps
41 silly fetch manifest types-registry@0.1.603
42 silly placeDep ROOT types-registry@0.1.603 REPLACE for:  want: 0.1.603
43 timing idealTree:#root Completed in 12ms
44 timing idealTree:node_modules/types-registry Completed in 0ms
45 timing idealTree:buildDeps Completed in 15ms
46 timing idealTree:fixDepFlags Completed in 2ms
47 timing idealTree Completed in 889ms
48 timing reify:loadTrees Completed in 890ms
49 timing reify:diffTrees Completed in 6ms
50 silly reify mark retired [
50 silly reify   '/home/thebuffylow/.cache/typescript/4.7/node_modules/types-registry'
50 silly reify ]
51 silly reify moves {
51 silly reify   '/home/thebuffylow/.cache/typescript/4.7/node_modules/types-registry': '/home/thebuffylow/.cache/typescript/4.7/node_modules/.types-registry-o8PwWAno'
51 silly reify }
52 timing reify:retireShallow Completed in 7ms
53 timing reify:createSparse Completed in 1ms
54 timing reify:loadBundles Completed in 0ms
55 silly audit bulk request {
55 silly audit   '@types/browserify': [ '12.0.37' ],
55 silly audit   '@types/insert-module-globals': [ '7.0.2' ],
55 silly audit   '@types/isomorphic-fetch': [ '0.0.36' ],
55 silly audit   '@types/jasmine': [ '4.0.3' ],
55 silly audit   '@types/jsdom': [ '20.0.0' ],
55 silly audit   '@types/node': [ '18.6.1' ],
55 silly audit   '@types/node-fetch': [ '2.6.2' ],
55 silly audit   '@types/testing-library__jasmine-dom': [ '1.0.3' ],
55 silly audit   '@types/tough-cookie': [ '4.0.2' ],
55 silly audit   asynckit: [ '0.4.0' ],
55 silly audit   'combined-stream': [ '1.0.8' ],
55 silly audit   'delayed-stream': [ '1.0.0' ],
55 silly audit   entities: [ '4.3.1' ],
55 silly audit   'form-data': [ '3.0.1' ],
55 silly audit   'mime-db': [ '1.52.0' ],
55 silly audit   'mime-types': [ '2.1.35' ],
55 silly audit   parse5: [ '7.0.0' ],
55 silly audit   'types-registry': [ '0.1.603' ]
55 silly audit }
56 silly tarball no local data for types-registry@https://registry.npmjs.org/types-registry/-/types-registry-0.1.603.tgz. Extracting by manifest.
57 http fetch POST 200 https://registry.npmjs.org/-/npm/v1/security/advisories/bulk 145ms
58 timing auditReport:getReport Completed in 148ms
59 silly audit report {}
60 timing auditReport:init Completed in 0ms
61 timing reify:audit Completed in 150ms
62 http fetch GET 200 https://registry.npmjs.org/types-registry/-/types-registry-0.1.603.tgz 505ms (cache miss)
63 timing reifyNode:node_modules/types-registry Completed in 518ms
64 timing reify:unpack Completed in 518ms
65 timing reify:unretire Completed in 0ms
66 timing build:queue Completed in 1ms
67 timing build:deps Completed in 1ms
68 timing build Completed in 1ms
69 timing reify:build Completed in 1ms
70 timing reify:trash Completed in 9ms
71 timing reify:save Completed in 13ms
72 timing reify Completed in 1491ms
73 silly CHANGE node_modules/types-registry
74 timing command:install Completed in 1508ms
75 verbose exit 0
76 timing npm Completed in 1972ms
77 info ok
