0 verbose cli /usr/local/bin/node /usr/local/bin/npm
1 info using npm@8.15.1
2 info using node@v18.6.0
3 timing npm:load:whichnode Completed in 0ms
4 timing config:load:defaults Completed in 3ms
5 timing config:load:file:/usr/local/lib/node_modules/npm/npmrc Completed in 2ms
6 timing config:load:builtin Completed in 2ms
7 timing config:load:cli Completed in 9ms
8 timing config:load:env Completed in 0ms
9 timing config:load:file:/home/thebuffylow/guys/.npmrc Completed in 0ms
10 timing config:load:project Completed in 12ms
11 timing config:load:file:/home/thebuffylow/.npmrc Completed in 0ms
12 timing config:load:user Completed in 0ms
13 timing config:load:file:/usr/local/etc/npmrc Completed in 0ms
14 timing config:load:global Completed in 0ms
15 timing config:load:validate Completed in 0ms
16 timing config:load:credentials Completed in 1ms
17 timing config:load:setEnvs Completed in 1ms
18 timing config:load Completed in 28ms
19 timing npm:load:configload Completed in 29ms
20 timing npm:load:mkdirpcache Completed in 1ms
21 timing npm:load:mkdirplogs Completed in 0ms
22 verbose title npm install
23 verbose argv "install" "--loglevel" "warn"
24 timing npm:load:setTitle Completed in 1ms
25 timing config:load:flatten Completed in 3ms
26 timing npm:load:display Completed in 6ms
27 verbose logfile logs-max:10 dir:/home/thebuffylow/.npm/_logs
28 verbose logfile /home/thebuffylow/.npm/_logs/2022-08-01T15_59_41_643Z-debug-0.log
29 timing npm:load:logFile Completed in 8ms
30 timing npm:load:timers Completed in 0ms
31 timing npm:load:configScope Completed in 0ms
32 timing npm:load Completed in 46ms
33 timing arborist:ctor Completed in 2ms
34 silly logfile start cleaning logs, removing 3 files
35 silly logfile done cleaning log files
36 timing arborist:ctor Completed in 0ms
37 timing idealTree:init Completed in 31ms
38 timing idealTree:userRequests Completed in 0ms
39 silly idealTree buildDeps
40 silly fetch manifest @angular/animations@~8.2.0
41 http fetch GET 200 https://registry.npmjs.org/@angular%2fanimations 468ms (cache revalidated)
42 silly fetch manifest @angular/core@~8.2.0
43 http fetch GET 200 https://registry.npmjs.org/@angular%2fcore 145ms (cache revalidated)
44 silly fetch manifest rxjs@~6.4.0
45 http fetch GET 200 https://registry.npmjs.org/rxjs 79ms (cache revalidated)
46 silly fetch manifest zone.js@~0.9.1
47 http fetch GET 200 https://registry.npmjs.org/zone.js 56ms (cache revalidated)
48 silly fetch manifest @angular/common@~8.2.0
49 http fetch GET 200 https://registry.npmjs.org/@angular%2fcommon 82ms (cache revalidated)
50 silly fetch manifest @angular/compiler@~8.2.0
51 http fetch GET 200 https://registry.npmjs.org/@angular%2fcompiler 103ms (cache revalidated)
52 silly fetch manifest @angular/forms@~8.2.0
53 http fetch GET 200 https://registry.npmjs.org/@angular%2fforms 98ms (cache revalidated)
54 silly fetch manifest @angular/platform-browser@~8.2.0
55 http fetch GET 200 https://registry.npmjs.org/@angular%2fplatform-browser 90ms (cache revalidated)
56 silly fetch manifest @angular/platform-browser-dynamic@~8.2.0
57 http fetch GET 200 https://registry.npmjs.org/@angular%2fplatform-browser-dynamic 85ms (cache revalidated)
58 silly fetch manifest @angular/router@~8.2.0
59 http fetch GET 200 https://registry.npmjs.org/@angular%2frouter 93ms (cache revalidated)
60 silly fetch manifest tslib@^1.10.0
61 http fetch GET 200 https://registry.npmjs.org/tslib 64ms (cache revalidated)
62 silly fetch manifest @angular-devkit/build-angular@~0.802.2
63 http fetch GET 200 https://registry.npmjs.org/@angular-devkit%2fbuild-angular 188ms (cache revalidated)
64 silly fetch manifest @angular/compiler-cli@~8.2.0
65 http fetch GET 200 https://registry.npmjs.org/@angular%2fcompiler-cli 89ms (cache revalidated)
66 silly fetch manifest typescript@~3.5.3
67 http fetch GET 200 https://registry.npmjs.org/typescript 160ms (cache revalidated)
68 silly fetch manifest @angular/cli@~8.2.2
69 http fetch GET 200 https://registry.npmjs.org/@angular%2fcli 79ms (cache revalidated)
70 silly fetch manifest @angular/language-service@~8.2.0
71 http fetch GET 200 https://registry.npmjs.org/@angular%2flanguage-service 98ms (cache revalidated)
72 silly fetch manifest @types/node@~8.9.4
73 http fetch GET 200 https://registry.npmjs.org/@types%2fnode 89ms (cache revalidated)
74 silly fetch manifest @types/jasmine@~3.3.8
75 http fetch GET 200 https://registry.npmjs.org/@types%2fjasmine 109ms (cache revalidated)
76 silly fetch manifest @types/jasminewd2@~2.0.3
77 http fetch GET 200 https://registry.npmjs.org/@types%2fjasminewd2 68ms (cache revalidated)
78 silly fetch manifest codelyzer@^5.0.0
79 http fetch GET 200 https://registry.npmjs.org/codelyzer 64ms (cache revalidated)
80 silly fetch manifest tslint@~5.15.0
81 http fetch GET 200 https://registry.npmjs.org/tslint 70ms (cache revalidated)
82 silly fetch manifest jasmine-core@~3.4.0
83 http fetch GET 200 https://registry.npmjs.org/jasmine-core 58ms (cache revalidated)
84 silly fetch manifest jasmine-spec-reporter@~4.2.1
85 http fetch GET 200 https://registry.npmjs.org/jasmine-spec-reporter 79ms (cache revalidated)
86 silly fetch manifest karma@~4.1.0
87 http fetch GET 200 https://registry.npmjs.org/karma 120ms (cache revalidated)
88 silly fetch manifest karma-chrome-launcher@~2.2.0
89 http fetch GET 200 https://registry.npmjs.org/karma-chrome-launcher 125ms (cache revalidated)
90 silly fetch manifest karma-coverage-istanbul-reporter@~2.0.1
91 http fetch GET 200 https://registry.npmjs.org/karma-coverage-istanbul-reporter 56ms (cache revalidated)
92 silly fetch manifest karma-jasmine@~2.0.1
93 http fetch GET 200 https://registry.npmjs.org/karma-jasmine 69ms (cache revalidated)
94 silly fetch manifest karma-jasmine-html-reporter@^1.4.0
95 http fetch GET 200 https://registry.npmjs.org/karma-jasmine-html-reporter 90ms (cache revalidated)
96 silly fetch manifest jasmine-core@>=3.8
97 timing idealTree Completed in 3647ms
98 timing command:install Completed in 3670ms
99 verbose stack Error: unable to resolve dependency tree
99 verbose stack     at [failPeerConflict] (/usr/local/lib/node_modules/npm/node_modules/@npmcli/arborist/lib/arborist/build-ideal-tree.js:1428:25)
99 verbose stack     at [loadPeerSet] (/usr/local/lib/node_modules/npm/node_modules/@npmcli/arborist/lib/arborist/build-ideal-tree.js:1394:34)
99 verbose stack     at async [buildDepStep] (/usr/local/lib/node_modules/npm/node_modules/@npmcli/arborist/lib/arborist/build-ideal-tree.js:976:11)
99 verbose stack     at async Arborist.buildIdealTree (/usr/local/lib/node_modules/npm/node_modules/@npmcli/arborist/lib/arborist/build-ideal-tree.js:218:7)
99 verbose stack     at async Promise.all (index 1)
99 verbose stack     at async Arborist.reify (/usr/local/lib/node_modules/npm/node_modules/@npmcli/arborist/lib/arborist/reify.js:154:5)
99 verbose stack     at async Install.exec (/usr/local/lib/node_modules/npm/lib/commands/install.js:145:5)
99 verbose stack     at async module.exports (/usr/local/lib/node_modules/npm/lib/cli.js:78:5)
100 verbose cwd /home/thebuffylow/guys
101 verbose Linux 5.10.114-16025-ge75506b9d98e
102 verbose node v18.6.0
103 verbose npm  v8.15.1
104 error code ERESOLVE
105 error ERESOLVE unable to resolve dependency tree
106 error
107 error While resolving: [1mguys[22m@[1m0.0.0[22m
107 error Found: [1mjasmine-core[22m@[1m3.4.0[22m[2m[22m
107 error [2mnode_modules/jasmine-core[22m
107 error   [33mdev[39m [1mjasmine-core[22m@"[1m~3.4.0[22m" from the root project
107 error
107 error Could not resolve dependency:
107 error [35mpeer[39m [1mjasmine-core[22m@"[1m>=3.8[22m" from [1mkarma-jasmine-html-reporter[22m@[1m1.7.0[22m[2m[22m
107 error [2mnode_modules/karma-jasmine-html-reporter[22m
107 error   [33mdev[39m [1mkarma-jasmine-html-reporter[22m@"[1m^1.4.0[22m" from the root project
107 error
107 error Fix the upstream dependency conflict, or retry
107 error this command with --force, or --legacy-peer-deps
107 error to accept an incorrect (and potentially broken) dependency resolution.
107 error
107 error See /home/thebuffylow/.npm/eresolve-report.txt for a full report.
108 verbose exit 1
109 timing npm Completed in 3837ms
110 verbose unfinished npm timer reify 1659369581777
111 verbose unfinished npm timer reify:loadTrees 1659369581790
112 verbose unfinished npm timer idealTree:buildDeps 1659369581829
113 verbose unfinished npm timer idealTree:#root 1659369581830
114 verbose code 1
115 error A complete log of this run can be found in:
115 error     /home/thebuffylow/.npm/_logs/2022-08-01T15_59_41_643Z-debug-0.log
