0 verbose cli /home/thebuffylow/.config/nvm/versions/node/v16.16.0/bin/node /home/thebuffylow/.config/nvm/versions/node/v16.16.0/bin/npm
1 info using npm@8.11.0
2 info using node@v16.16.0
3 timing npm:load:whichnode Completed in 0ms
4 timing config:load:defaults Completed in 3ms
5 timing config:load:file:/home/thebuffylow/.config/nvm/versions/node/v16.16.0/lib/node_modules/npm/npmrc Completed in 6ms
6 timing config:load:builtin Completed in 6ms
7 timing config:load:cli Completed in 4ms
8 timing config:load:env Completed in 2ms
9 timing config:load:file:/home/thebuffylow/.cache/typescript/4.7/.npmrc Completed in 0ms
10 timing config:load:project Completed in 43ms
11 timing config:load:file:/home/thebuffylow/.npmrc Completed in 0ms
12 timing config:load:user Completed in 0ms
13 timing config:load:file:/home/thebuffylow/.config/nvm/versions/node/v16.16.0/etc/npmrc Completed in 0ms
14 timing config:load:global Completed in 1ms
15 timing config:load:validate Completed in 0ms
16 timing config:load:credentials Completed in 23ms
17 timing config:load:setEnvs Completed in 1ms
18 timing config:load Completed in 84ms
19 timing npm:load:configload Completed in 84ms
20 timing npm:load:mkdirpcache Completed in 28ms
21 timing npm:load:mkdirplogs Completed in 1ms
22 verbose title npm install types-registry@latest
23 verbose argv "install" "--ignore-scripts" "types-registry@latest"
24 timing npm:load:setTitle Completed in 12ms
25 timing config:load:flatten Completed in 9ms
26 timing npm:load:display Completed in 10ms
27 verbose logfile logs-max:10 dir:/home/thebuffylow/.npm/_logs
28 verbose logfile /home/thebuffylow/.npm/_logs/2022-08-05T07_13_32_451Z-debug-0.log
29 timing npm:load:logFile Completed in 50ms
30 timing npm:load:timers Completed in 0ms
31 timing npm:load:configScope Completed in 0ms
32 timing npm:load Completed in 186ms
33 timing arborist:ctor Completed in 6ms
34 silly logfile start cleaning logs, removing 1 files
35 silly logfile done cleaning log files
36 timing idealTree:init Completed in 313ms
37 timing arborist:ctor Completed in 1ms
38 http fetch GET 200 https://registry.npmjs.org/types-registry 547ms (cache revalidated)
39 timing idealTree:userRequests Completed in 574ms
40 silly idealTree buildDeps
41 silly fetch manifest types-registry@0.1.603
42 silly placeDep ROOT types-registry@0.1.603 REPLACE for:  want: 0.1.603
43 timing idealTree:#root Completed in 14ms
44 timing idealTree:node_modules/types-registry Completed in 0ms
45 timing idealTree:buildDeps Completed in 17ms
46 timing idealTree:fixDepFlags Completed in 5ms
47 timing idealTree Completed in 916ms
48 timing reify:loadTrees Completed in 918ms
49 timing reify:diffTrees Completed in 13ms
50 silly reify moves {}
51 timing reify:retireShallow Completed in 11ms
52 timing reify:createSparse Completed in 0ms
53 timing reify:loadBundles Completed in 0ms
54 silly audit bulk request {
54 silly audit   '@types/browserify': [ '12.0.37' ],
54 silly audit   '@types/insert-module-globals': [ '7.0.2' ],
54 silly audit   '@types/isomorphic-fetch': [ '0.0.36' ],
54 silly audit   '@types/jasmine': [ '4.0.3' ],
54 silly audit   '@types/jsdom': [ '20.0.0' ],
54 silly audit   '@types/karma': [ '6.3.3' ],
54 silly audit   '@types/karma-chrome-launcher': [ '3.1.1' ],
54 silly audit   '@types/karma-coverage-istanbul-reporter': [ '2.1.1' ],
54 silly audit   '@types/karma-jasmine': [ '4.0.2' ],
54 silly audit   '@types/karma-jasmine-html-reporter': [ '1.7.0' ],
54 silly audit   '@types/node': [ '18.6.1' ],
54 silly audit   '@types/node-fetch': [ '2.6.2' ],
54 silly audit   '@types/testing-library__jasmine-dom': [ '1.0.3' ],
54 silly audit   '@types/tough-cookie': [ '4.0.2' ],
54 silly audit   asynckit: [ '0.4.0' ],
54 silly audit   'combined-stream': [ '1.0.8' ],
54 silly audit   'date-format': [ '4.0.13' ],
54 silly audit   debug: [ '4.3.4' ],
54 silly audit   'delayed-stream': [ '1.0.0' ],
54 silly audit   entities: [ '4.3.1' ],
54 silly audit   flatted: [ '3.2.6' ],
54 silly audit   'form-data': [ '3.0.1' ],
54 silly audit   'fs-extra': [ '8.1.0' ],
54 silly audit   'graceful-fs': [ '4.2.10' ],
54 silly audit   jsonfile: [ '4.0.0' ],
54 silly audit   log4js: [ '6.6.1' ],
54 silly audit   'mime-db': [ '1.52.0' ],
54 silly audit   'mime-types': [ '2.1.35' ],
54 silly audit   ms: [ '2.1.2' ],
54 silly audit   parse5: [ '7.0.0' ],
54 silly audit   rfdc: [ '1.3.0' ],
54 silly audit   streamroller: [ '3.1.2' ],
54 silly audit   universalify: [ '0.1.2' ],
54 silly audit   'types-registry': [ '0.1.603' ]
54 silly audit }
55 timing reify:unpack Completed in 1ms
56 timing reify:unretire Completed in 0ms
57 timing build:queue Completed in 0ms
58 timing build:deps Completed in 1ms
59 timing build Completed in 1ms
60 timing reify:build Completed in 1ms
61 timing reify:trash Completed in 6ms
62 timing reify:save Completed in 87ms
63 http fetch POST 200 https://registry.npmjs.org/-/npm/v1/security/advisories/bulk 239ms
64 timing auditReport:getReport Completed in 272ms
65 silly audit report {}
66 timing auditReport:init Completed in 0ms
67 timing reify:audit Completed in 274ms
68 timing reify Completed in 1279ms
69 timing command:install Completed in 1312ms
70 verbose exit 0
71 timing npm Completed in 1904ms
72 info ok
