0 verbose cli /usr/local/bin/node /usr/local/bin/npm
1 info using npm@8.15.1
2 info using node@v18.6.0
3 timing npm:load:whichnode Completed in 0ms
4 timing config:load:defaults Completed in 2ms
5 timing config:load:file:/usr/local/lib/node_modules/npm/npmrc Completed in 33ms
6 timing config:load:builtin Completed in 34ms
7 timing config:load:cli Completed in 3ms
8 timing config:load:env Completed in 2ms
9 timing config:load:file:/home/thebuffylow/angular-lc101-projects/lesson2/exercises/.npmrc Completed in 1ms
10 timing config:load:project Completed in 21ms
11 timing config:load:file:/home/thebuffylow/.npmrc Completed in 0ms
12 timing config:load:user Completed in 1ms
13 timing config:load:file:/usr/local/etc/npmrc Completed in 0ms
14 timing config:load:global Completed in 0ms
15 timing config:load:validate Completed in 0ms
16 timing config:load:credentials Completed in 2ms
17 timing config:load:setEnvs Completed in 4ms
18 timing config:load Completed in 69ms
19 timing npm:load:configload Completed in 69ms
20 timing npm:load:mkdirpcache Completed in 3ms
21 timing npm:load:mkdirplogs Completed in 1ms
22 verbose title npm audit fix
23 verbose argv "audit" "fix"
24 timing npm:load:setTitle Completed in 2ms
25 timing config:load:flatten Completed in 3ms
26 timing npm:load:display Completed in 5ms
27 verbose logfile logs-max:10 dir:/home/thebuffylow/.npm/_logs
28 verbose logfile /home/thebuffylow/.npm/_logs/2022-08-04T23_45_28_080Z-debug-0.log
29 timing npm:load:logFile Completed in 17ms
30 timing npm:load:timers Completed in 0ms
31 timing npm:load:configScope Completed in 0ms
32 timing npm:load Completed in 99ms
33 timing arborist:ctor Completed in 1ms
34 silly logfile start cleaning logs, removing 1 files
35 silly logfile done cleaning log files
36 silly audit bulk request {
36 silly audit   '@ampproject/remapping': [ '2.2.0' ],
36 silly audit   '@angular-devkit/architect': [ '0.1401.1' ],
36 silly audit   rxjs: [ '6.6.7', '7.5.6', '6.4.0' ],
36 silly audit   '@angular-devkit/build-angular': [ '14.1.1' ],
36 silly audit   '@ngtools/webpack': [ '14.1.1' ],
36 silly audit   'agent-base': [ '6.0.2', '4.3.0' ],
36 silly audit   'brace-expansion': [ '2.0.1', '1.1.11' ],
36 silly audit   debug: [ '4.3.4', '4.1.1', '2.6.9', '3.2.6', '3.2.7' ],
36 silly audit   glob: [ '8.0.3', '7.2.3' ],
36 silly audit   'https-proxy-agent': [ '5.0.1', '2.2.4' ],
36 silly audit   'lru-cache': [ '6.0.0', '7.13.2' ],
36 silly audit   minimatch: [ '5.1.0', '3.1.2', '3.0.4' ],
36 silly audit   ms: [ '2.1.2', '2.0.0', '2.1.3' ],
36 silly audit   tslib: [ '1.14.1', '2.4.0', '1.10.0' ],
36 silly audit   semver: [ '7.3.7', '6.3.0', '7.0.0', '5.7.0', '5.7.1', '6.0.0' ],
36 silly audit   '@angular-devkit/build-webpack': [ '0.1401.1' ],
36 silly audit   '@angular-devkit/core': [ '14.1.1' ],
36 silly audit   ajv: [ '8.11.0', '6.12.6' ],
36 silly audit   'json-schema-traverse': [ '1.0.0', '0.4.1' ],
36 silly audit   '@angular-devkit/schematics': [ '14.1.1' ],
36 silly audit   '@angular/animations': [ '14.1.1' ],
36 silly audit   '@angular/cli': [ '14.1.1' ],
36 silly audit   ini: [ '3.0.0', '1.3.8' ],
36 silly audit   uuid: [ '8.3.2', '3.3.2' ],
36 silly audit   '@angular/common': [ '14.1.1' ],
36 silly audit   '@angular/compiler': [ '8.0.3' ],
36 silly audit   '@angular/compiler-cli': [ '14.1.1' ],
36 silly audit   '@angular/core': [ '14.1.1' ],
36 silly audit   '@angular/forms': [ '14.1.1' ],
36 silly audit   '@angular/language-service': [ '8.0.3' ],
36 silly audit   '@angular/platform-browser': [ '14.1.1' ],
36 silly audit   '@angular/platform-browser-dynamic': [ '14.1.1' ],
36 silly audit   '@angular/router': [ '14.1.1' ],
36 silly audit   '@assemblyscript/loader': [ '0.10.1' ],
36 silly audit   '@babel/code-frame': [ '7.18.6' ],
36 silly audit   '@babel/compat-data': [ '7.18.8' ],
36 silly audit   '@babel/core': [ '7.18.6' ],
36 silly audit   '@babel/generator': [ '7.18.7', '7.18.10' ],
36 silly audit   '@jridgewell/gen-mapping': [ '0.3.2', '0.1.1' ],
36 silly audit   jsesc: [ '2.5.2', '0.5.0' ],
36 silly audit   '@babel/helper-annotate-as-pure': [ '7.18.6' ],
36 silly audit   '@babel/helper-builder-binary-assignment-operator-visitor': [ '7.18.9' ],
36 silly audit   '@babel/helper-compilation-targets': [ '7.18.9' ],
36 silly audit   '@babel/helper-create-class-features-plugin': [ '7.18.9' ],
36 silly audit   '@babel/helper-create-regexp-features-plugin': [ '7.18.6' ],
36 silly audit   '@babel/helper-define-polyfill-provider': [ '0.3.2' ],
36 silly audit   '@babel/helper-environment-visitor': [ '7.18.9' ],
36 silly audit   '@babel/helper-explode-assignable-expression': [ '7.18.6' ],
36 silly audit   '@babel/helper-function-name': [ '7.18.9' ],
36 silly audit   '@babel/helper-hoist-variables': [ '7.18.6' ],
36 silly audit   '@babel/helper-member-expression-to-functions': [ '7.18.9' ],
36 silly audit   '@babel/helper-module-imports': [ '7.18.6' ],
36 silly audit   '@babel/helper-module-transforms': [ '7.18.9' ],
36 silly audit   '@babel/helper-optimise-call-expression': [ '7.18.6' ],
36 silly audit   '@babel/helper-plugin-utils': [ '7.18.9' ],
36 silly audit   '@babel/helper-remap-async-to-generator': [ '7.18.9' ],
36 silly audit   '@babel/helper-replace-supers': [ '7.18.9' ],
36 silly audit   '@babel/helper-simple-access': [ '7.18.6' ],
36 silly audit   '@babel/helper-skip-transparent-expression-wrappers': [ '7.18.9' ],
36 silly audit   '@babel/helper-split-export-declaration': [ '7.18.6' ],
36 silly audit   '@babel/helper-string-parser': [ '7.18.10' ],
36 silly audit   '@babel/helper-validator-identifier': [ '7.18.6' ],
36 silly audit   '@babel/helper-validator-option': [ '7.18.6' ],
36 silly audit   '@babel/helper-wrap-function': [ '7.18.11' ],
36 silly audit   '@babel/template': [ '7.18.10', '7.18.6' ],
36 silly audit   '@babel/helpers': [ '7.18.9' ],
36 silly audit   '@babel/highlight': [ '7.18.6' ],
36 silly audit   'js-tokens': [ '4.0.0', '3.0.2' ],
36 silly audit   '@babel/parser': [ '7.18.11' ],
36 silly audit   '@babel/plugin-bugfix-safari-id-destructuring-collision-in-function-expression': [ '7.18.6' ],
36 silly audit   '@babel/plugin-bugfix-v8-spread-parameters-in-optional-chaining': [ '7.18.9' ],
36 silly audit   '@babel/plugin-proposal-async-generator-functions': [ '7.18.6' ],
36 silly audit   '@babel/plugin-proposal-class-properties': [ '7.18.6' ],
36 silly audit   '@babel/plugin-proposal-class-static-block': [ '7.18.6' ],
36 silly audit   '@babel/plugin-proposal-dynamic-import': [ '7.18.6' ],
36 silly audit   '@babel/plugin-proposal-export-namespace-from': [ '7.18.9' ],
36 silly audit   '@babel/plugin-proposal-json-strings': [ '7.18.6' ],
36 silly audit   '@babel/plugin-proposal-logical-assignment-operators': [ '7.18.9' ],
36 silly audit   '@babel/plugin-proposal-nullish-coalescing-operator': [ '7.18.6' ],
36 silly audit   '@babel/plugin-proposal-numeric-separator': [ '7.18.6' ],
36 silly audit   '@babel/plugin-proposal-object-rest-spread': [ '7.18.9' ],
36 silly audit   '@babel/plugin-proposal-optional-catch-binding': [ '7.18.6' ],
36 silly audit   '@babel/plugin-proposal-optional-chaining': [ '7.18.9' ],
36 silly audit   '@babel/plugin-proposal-private-methods': [ '7.18.6' ],
36 silly audit   '@babel/plugin-proposal-private-property-in-object': [ '7.18.6' ],
36 silly audit   '@babel/plugin-proposal-unicode-property-regex': [ '7.18.6' ],
36 silly audit   '@babel/plugin-syntax-async-generators': [ '7.8.4' ],
36 silly audit   '@babel/plugin-syntax-class-properties': [ '7.12.13' ],
36 silly audit   '@babel/plugin-syntax-class-static-block': [ '7.14.5' ],
36 silly audit   '@babel/plugin-syntax-dynamic-import': [ '7.8.3' ],
36 silly audit   '@babel/plugin-syntax-export-namespace-from': [ '7.8.3' ],
36 silly audit   '@babel/plugin-syntax-import-assertions': [ '7.18.6' ],
36 silly audit   '@babel/plugin-syntax-json-strings': [ '7.8.3' ],
36 silly audit   '@babel/plugin-syntax-logical-assignment-operators': [ '7.10.4' ],
36 silly audit   '@babel/plugin-syntax-nullish-coalescing-operator': [ '7.8.3' ],
36 silly audit   '@babel/plugin-syntax-numeric-separator': [ '7.10.4' ],
36 silly audit   '@babel/plugin-syntax-object-rest-spread': [ '7.8.3' ],
36 silly audit   '@babel/plugin-syntax-optional-catch-binding': [ '7.8.3' ],
36 silly audit   '@babel/plugin-syntax-optional-chaining': [ '7.8.3' ],
36 silly audit   '@babel/plugin-syntax-private-property-in-object': [ '7.14.5' ],
36 silly audit   '@babel/plugin-syntax-top-level-await': [ '7.14.5' ],
36 silly audit   '@babel/plugin-transform-arrow-functions': [ '7.18.6' ],
36 silly audit   '@babel/plugin-transform-async-to-generator': [ '7.18.6' ],
36 silly audit   '@babel/plugin-transform-block-scoped-functions': [ '7.18.6' ],
36 silly audit   '@babel/plugin-transform-block-scoping': [ '7.18.9' ],
36 silly audit   '@babel/plugin-transform-classes': [ '7.18.9' ],
36 silly audit   '@babel/plugin-transform-computed-properties': [ '7.18.9' ],
36 silly audit   '@babel/plugin-transform-destructuring': [ '7.18.9' ],
36 silly audit   '@babel/plugin-transform-dotall-regex': [ '7.18.6' ],
36 silly audit   '@babel/plugin-transform-duplicate-keys': [ '7.18.9' ],
36 silly audit   '@babel/plugin-transform-exponentiation-operator': [ '7.18.6' ],
36 silly audit   '@babel/plugin-transform-for-of': [ '7.18.8' ],
36 silly audit   '@babel/plugin-transform-function-name': [ '7.18.9' ],
36 silly audit   '@babel/plugin-transform-literals': [ '7.18.9' ],
36 silly audit   '@babel/plugin-transform-member-expression-literals': [ '7.18.6' ],
36 silly audit   '@babel/plugin-transform-modules-amd': [ '7.18.6' ],
36 silly audit   '@babel/plugin-transform-modules-commonjs': [ '7.18.6' ],
36 silly audit   '@babel/plugin-transform-modules-systemjs': [ '7.18.9' ],
36 silly audit   '@babel/plugin-transform-modules-umd': [ '7.18.6' ],
36 silly audit   '@babel/plugin-transform-named-capturing-groups-regex': [ '7.18.6' ],
36 silly audit   '@babel/plugin-transform-new-target': [ '7.18.6' ],
36 silly audit   '@babel/plugin-transform-object-super': [ '7.18.6' ],
36 silly audit   '@babel/plugin-transform-parameters': [ '7.18.8' ],
36 silly audit   '@babel/plugin-transform-property-literals': [ '7.18.6' ],
36 silly audit   '@babel/plugin-transform-regenerator': [ '7.18.6' ],
36 silly audit   '@babel/plugin-transform-reserved-words': [ '7.18.6' ],
36 silly audit   '@babel/plugin-transform-runtime': [ '7.18.6' ],
36 silly audit   '@babel/plugin-transform-shorthand-properties': [ '7.18.6' ],
36 silly audit   '@babel/plugin-transform-spread': [ '7.18.9' ],
36 silly audit   '@babel/plugin-transform-sticky-regex': [ '7.18.6' ],
36 silly audit   '@babel/plugin-transform-template-literals': [ '7.18.9' ],
36 silly audit   '@babel/plugin-transform-typeof-symbol': [ '7.18.9' ],
36 silly audit   '@babel/plugin-transform-unicode-escapes': [ '7.18.10' ],
36 silly audit   '@babel/plugin-transform-unicode-regex': [ '7.18.6' ],
36 silly audit   '@babel/preset-env': [ '7.18.6' ],
36 silly audit   '@babel/preset-modules': [ '0.1.5' ],
36 silly audit   '@babel/runtime': [ '7.18.6' ],
36 silly audit   '@babel/traverse': [ '7.18.11' ],
36 silly audit   '@babel/types': [ '7.18.10' ],
36 silly audit   'to-fast-properties': [ '2.0.0' ],
36 silly audit   '@colors/colors': [ '1.5.0' ],
36 silly audit   '@csstools/postcss-cascade-layers': [ '1.0.5' ],
36 silly audit   '@csstools/postcss-color-function': [ '1.1.1' ],
36 silly audit   '@csstools/postcss-font-format-keywords': [ '1.0.1' ],
36 silly audit   '@csstools/postcss-hwb-function': [ '1.0.2' ],
36 silly audit   '@csstools/postcss-ic-unit': [ '1.0.1' ],
36 silly audit   '@csstools/postcss-is-pseudo-class': [ '2.0.7' ],
36 silly audit   '@csstools/postcss-normalize-display-values': [ '1.0.1' ],
36 silly audit   '@csstools/postcss-oklab-function': [ '1.1.1' ],
36 silly audit   '@csstools/postcss-progressive-custom-properties': [ '1.3.0' ],
36 silly audit   '@csstools/postcss-stepped-value-functions': [ '1.0.1' ],
36 silly audit   '@csstools/postcss-trigonometric-functions': [ '1.0.2' ],
36 silly audit   '@csstools/postcss-unset-value': [ '1.0.2' ],
36 silly audit   '@csstools/selector-specificity': [ '2.0.2' ],
36 silly audit   '@discoveryjs/json-ext': [ '0.5.7' ],
36 silly audit   '@gar/promisify': [ '1.1.3' ],
36 silly audit   '@istanbuljs/load-nyc-config': [ '1.1.0' ],
36 silly audit   '@istanbuljs/schema': [ '0.1.3' ],
36 silly audit   '@jridgewell/resolve-uri': [ '3.1.0' ],
36 silly audit   '@jridgewell/set-array': [ '1.1.2' ],
36 silly audit   '@jridgewell/source-map': [ '0.3.2' ],
36 silly audit   '@jridgewell/sourcemap-codec': [ '1.4.14' ],
36 silly audit   '@jridgewell/trace-mapping': [ '0.3.14' ],
36 silly audit   '@leichtgewicht/ip-codec': [ '2.0.4' ],
36 silly audit   '@nodelib/fs.scandir': [ '2.1.5' ],
36 silly audit   '@nodelib/fs.stat': [ '2.0.5' ],
36 silly audit   '@nodelib/fs.walk': [ '1.2.8' ],
36 silly audit   '@npmcli/fs': [ '2.1.1' ],
36 silly audit   '@npmcli/git': [ '3.0.1' ],
36 silly audit   mkdirp: [ '1.0.4', '0.5.6' ],
36 silly audit   which: [ '2.0.2', '1.3.1' ],
36 silly audit   '@npmcli/installed-package-contents': [ '1.0.7' ],
36 silly audit   '@npmcli/move-file': [ '2.0.0' ],
36 silly audit   rimraf: [ '3.0.2', '2.6.3' ],
36 silly audit   '@npmcli/node-gyp': [ '2.0.0' ],
36 silly audit   '@npmcli/promise-spawn': [ '3.0.0' ],
36 silly audit   '@npmcli/run-script': [ '4.2.0' ],
36 silly audit   '@schematics/angular': [ '14.1.1' ],
36 silly audit   '@tootallnate/once': [ '2.0.0' ],
36 silly audit   '@types/body-parser': [ '1.19.2' ],
36 silly audit   '@types/bonjour': [ '3.5.10' ],
36 silly audit   '@types/component-emitter': [ '1.2.11' ],
36 silly audit   '@types/connect': [ '3.4.35' ],
36 silly audit   '@types/connect-history-api-fallback': [ '1.3.5' ],
36 silly audit   '@types/cookie': [ '0.4.1' ],
36 silly audit   '@types/cors': [ '2.8.12' ],
36 silly audit   '@types/eslint': [ '8.4.5' ],
36 silly audit   '@types/eslint-scope': [ '3.7.4' ],
36 silly audit   '@types/estree': [ '0.0.51' ],
36 silly audit   '@types/express': [ '4.17.13' ],
36 silly audit   '@types/express-serve-static-core': [ '4.17.30' ],
36 silly audit   '@types/http-proxy': [ '1.17.9' ],
36 silly audit   '@types/jasmine': [ '3.3.16' ],
36 silly audit   '@types/jasminewd2': [ '2.0.6' ],
36 silly audit   '@types/json-schema': [ '7.0.11' ],
36 silly audit   '@types/mime': [ '3.0.1' ],
36 silly audit   '@types/node': [ '8.9.5', '18.6.4' ],
36 silly audit   '@types/parse-json': [ '4.0.0' ],
36 silly audit   '@types/q': [ '0.0.32' ],
36 silly audit   '@types/qs': [ '6.9.7' ],
36 silly audit   '@types/range-parser': [ '1.2.4' ],
36 silly audit   '@types/retry': [ '0.12.0' ],
36 silly audit   '@types/selenium-webdriver': [ '3.0.16' ],
36 silly audit   '@types/serve-index': [ '1.9.1' ],
36 silly audit   '@types/serve-static': [ '1.15.0' ],
36 silly audit   '@types/sockjs': [ '0.3.33' ],
36 silly audit   '@types/ws': [ '8.5.3' ],
36 silly audit   '@webassemblyjs/ast': [ '1.11.1' ],
36 silly audit   '@webassemblyjs/floating-point-hex-parser': [ '1.11.1' ],
36 silly audit   '@webassemblyjs/helper-api-error': [ '1.11.1' ],
36 silly audit   '@webassemblyjs/helper-buffer': [ '1.11.1' ],
36 silly audit   '@webassemblyjs/helper-numbers': [ '1.11.1' ],
36 silly audit   '@webassemblyjs/helper-wasm-bytecode': [ '1.11.1' ],
36 silly audit   '@webassemblyjs/helper-wasm-section': [ '1.11.1' ],
36 silly audit   '@webassemblyjs/ieee754': [ '1.11.1' ],
36 silly audit   '@webassemblyjs/leb128': [ '1.11.1' ],
36 silly audit   '@webassemblyjs/utf8': [ '1.11.1' ],
36 silly audit   '@webassemblyjs/wasm-edit': [ '1.11.1' ],
36 silly audit   '@webassemblyjs/wasm-gen': [ '1.11.1' ],
36 silly audit   '@webassemblyjs/wasm-opt': [ '1.11.1' ],
36 silly audit   '@webassemblyjs/wasm-parser': [ '1.11.1' ],
36 silly audit   '@webassemblyjs/wast-printer': [ '1.11.1' ],
36 silly audit   '@xtuc/ieee754': [ '1.2.0' ],
36 silly audit   '@xtuc/long': [ '4.2.2' ],
36 silly audit   '@yarnpkg/lockfile': [ '1.1.0' ],
36 silly audit   abab: [ '2.0.6' ],
36 silly audit   abbrev: [ '1.1.1' ],
36 silly audit   accepts: [ '1.3.8' ],
36 silly audit   acorn: [ '8.8.0' ],
36 silly audit   'acorn-import-assertions': [ '1.8.0' ],
36 silly audit   'adjust-sourcemap-loader': [ '4.0.0' ],
36 silly audit   'loader-utils': [ '2.0.2', '3.2.0' ],
36 silly audit   'adm-zip': [ '0.4.13' ],
36 silly audit   agentkeepalive: [ '4.2.1' ],
36 silly audit   'aggregate-error': [ '3.1.0' ],
36 silly audit   'ajv-formats': [ '2.1.1' ],
36 silly audit   'ajv-keywords': [ '3.5.2', '5.1.0' ],
36 silly audit   'ansi-colors': [ '4.1.3' ],
36 silly audit   'ansi-escapes': [ '4.3.2' ],
36 silly audit   'ansi-html-community': [ '0.0.8' ],
36 silly audit   'ansi-regex': [ '2.1.1', '5.0.1', '3.0.1' ],
36 silly audit   'ansi-styles': [ '3.2.1', '2.2.1', '4.3.0' ],
36 silly audit   anymatch: [ '3.1.2' ],
36 silly audit   'append-transform': [ '1.0.0' ],
36 silly audit   aproba: [ '2.0.0' ],
36 silly audit   'are-we-there-yet': [ '3.0.1' ],
36 silly audit   'readable-stream': [ '3.6.0', '2.3.6' ],
36 silly audit   argparse: [ '1.0.10' ],
36 silly audit   'array-flatten': [ '2.1.2', '1.1.1' ],
36 silly audit   'array-union': [ '1.0.2' ],
36 silly audit   'array-uniq': [ '1.0.3' ],
36 silly audit   arrify: [ '1.0.1' ],
36 silly audit   asn1: [ '0.2.4' ],
36 silly audit   'assert-plus': [ '1.0.0' ],
36 silly audit   async: [ '2.6.4' ],
36 silly audit   asynckit: [ '0.4.0' ],
36 silly audit   atob: [ '2.1.2' ],
36 silly audit   autoprefixer: [ '10.4.8' ],
36 silly audit   'aws-sign2': [ '0.7.0' ],
36 silly audit   aws4: [ '1.8.0' ],
36 silly audit   'babel-code-frame': [ '6.26.0' ],
36 silly audit   chalk: [ '1.1.3', '2.4.2', '4.1.2' ],
36 silly audit   'supports-color': [ '2.0.0', '5.5.0', '7.2.0', '8.1.1', '6.1.0' ],
36 silly audit   'babel-loader': [ '8.2.5' ],
36 silly audit   'make-dir': [ '3.1.0', '2.1.0' ],
36 silly audit   'babel-plugin-dynamic-import-node': [ '2.3.3' ],
36 silly audit   'babel-plugin-istanbul': [ '6.1.1' ],
36 silly audit   'babel-plugin-polyfill-corejs2': [ '0.3.2' ],
36 silly audit   'babel-plugin-polyfill-corejs3': [ '0.5.3' ],
36 silly audit   'babel-plugin-polyfill-regenerator': [ '0.3.1' ],
36 silly audit   'balanced-match': [ '1.0.0' ],
36 silly audit   'base64-js': [ '1.5.1' ],
36 silly audit   base64id: [ '2.0.0' ],
36 silly audit   batch: [ '0.6.1' ],
36 silly audit   'bcrypt-pbkdf': [ '1.0.2' ],
36 silly audit   'big.js': [ '5.2.2' ],
36 silly audit   'binary-extensions': [ '2.2.0' ],
36 silly audit   bl: [ '4.1.0' ],
36 silly audit   'blocking-proxy': [ '1.0.1' ],
36 silly audit   'body-parser': [ '1.20.0' ],
36 silly audit   bytes: [ '3.1.2', '3.0.0' ],
36 silly audit   depd: [ '2.0.0', '1.1.2' ],
36 silly audit   'on-finished': [ '2.4.1', '2.3.0' ],
36 silly audit   qs: [ '6.10.3', '6.5.2' ],
36 silly audit   'bonjour-service': [ '1.0.13' ],
36 silly audit   boolbase: [ '1.0.0' ],
36 silly audit   braces: [ '3.0.2' ],
36 silly audit   browserslist: [ '4.21.3' ],
36 silly audit   browserstack: [ '1.5.2' ],
36 silly audit   buffer: [ '5.7.1' ],
36 silly audit   'buffer-from': [ '1.1.1' ],
36 silly audit   'builtin-modules': [ '1.1.1' ],
36 silly audit   builtins: [ '5.0.1' ],
36 silly audit   cacache: [ '16.1.1' ],
36 silly audit   'call-bind': [ '1.0.2' ],
36 silly audit   callsites: [ '3.1.0' ],
36 silly audit   camelcase: [ '5.3.1' ],
36 silly audit   'caniuse-lite': [ '1.0.30001374' ],
36 silly audit   caseless: [ '0.12.0' ],
36 silly audit   chardet: [ '0.7.0' ],
36 silly audit   chokidar: [ '3.5.3' ],
36 silly audit   chownr: [ '2.0.0' ],
36 silly audit   'chrome-trace-event': [ '1.0.3' ],
36 silly audit   'clean-stack': [ '2.2.0' ],
36 silly audit   'cli-cursor': [ '3.1.0' ],
36 silly audit   'cli-spinners': [ '2.7.0' ],
36 silly audit   'cli-width': [ '3.0.0' ],
36 silly audit   cliui: [ '7.0.4', '4.1.0' ],
36 silly audit   'strip-ansi': [ '6.0.1', '4.0.0', '3.0.1' ],
36 silly audit   clone: [ '1.0.4' ],
36 silly audit   'clone-deep': [ '4.0.1' ],
36 silly audit   'code-point-at': [ '1.1.0' ],
36 silly audit   codelyzer: [ '0.0.28' ],
36 silly audit   'sprintf-js': [ '1.1.2', '1.0.3' ],
36 silly audit   'color-convert': [ '1.9.3', '2.0.1' ],
36 silly audit   'color-name': [ '1.1.3', '1.1.4' ],
36 silly audit   'color-support': [ '1.1.3' ],
36 silly audit   colorette: [ '2.0.19' ],
36 silly audit   colors: [ '1.1.2' ],
36 silly audit   'combined-stream': [ '1.0.8' ],
36 silly audit   commander: [ '2.20.0' ],
36 silly audit   commondir: [ '1.0.1' ],
36 silly audit   'compare-versions': [ '3.5.1' ],
36 silly audit   'component-emitter': [ '1.3.0' ],
36 silly audit   compressible: [ '2.0.18' ],
36 silly audit   compression: [ '1.7.4' ],
36 silly audit   'concat-map': [ '0.0.1' ],
36 silly audit   connect: [ '3.7.0' ],
36 silly audit   'connect-history-api-fallback': [ '2.0.0' ],
36 silly audit   'console-control-strings': [ '1.1.0' ],
36 silly audit   'content-disposition': [ '0.5.4' ],
36 silly audit   'safe-buffer': [ '5.2.1', '5.1.2' ],
36 silly audit   'content-type': [ '1.0.4' ],
36 silly audit   'convert-source-map': [ '1.8.0' ],
36 silly audit   cookie: [ '0.4.2', '0.5.0' ],
36 silly audit   'cookie-signature': [ '1.0.6' ],
36 silly audit   'copy-anything': [ '2.0.6' ],
36 silly audit   'copy-webpack-plugin': [ '11.0.0' ],
36 silly audit   'glob-parent': [ '6.0.2', '5.1.2' ],
36 silly audit   'schema-utils': [ '4.0.0', '2.7.1', '3.1.1' ],
36 silly audit   'core-js-compat': [ '3.24.1' ],
36 silly audit   'core-util-is': [ '1.0.2' ],
36 silly audit   cors: [ '2.8.5' ],
36 silly audit   cosmiconfig: [ '7.0.1' ],
36 silly audit   critters: [ '0.0.16' ],
36 silly audit   'has-flag': [ '4.0.0', '3.0.0' ],
36 silly audit   'cross-spawn': [ '7.0.3', '6.0.5' ],
36 silly audit   css: [ '3.0.0' ],
36 silly audit   'css-blank-pseudo': [ '3.0.3' ],
36 silly audit   'css-has-pseudo': [ '3.0.4' ],
36 silly audit   'css-loader': [ '6.7.1' ],
36 silly audit   'css-prefers-color-scheme': [ '6.0.3' ],
36 silly audit   'css-select': [ '4.3.0' ],
36 silly audit   'css-what': [ '6.1.0' ],
36 silly audit   'source-map': [ '0.6.1', '0.5.7', '0.7.4' ],
36 silly audit   cssdb: [ '6.6.3' ],
36 silly audit   cssesc: [ '3.0.0' ],
36 silly audit   'custom-event': [ '1.0.1' ],
36 silly audit   dashdash: [ '1.14.1' ],
36 silly audit   'date-format': [ '4.0.13' ],
36 silly audit   decamelize: [ '1.2.0' ],
36 silly audit   'decode-uri-component': [ '0.2.0' ],
36 silly audit   'default-gateway': [ '6.0.3' ],
36 silly audit   'default-require-extensions': [ '2.0.0' ],
36 silly audit   defaults: [ '1.0.3' ],
36 silly audit   'define-lazy-prop': [ '2.0.0' ],
36 silly audit   'define-properties': [ '1.1.4' ],
36 silly audit   'delayed-stream': [ '1.0.0' ],
36 silly audit   delegates: [ '1.0.0' ],
36 silly audit   'dependency-graph': [ '0.11.0' ],
36 silly audit   destroy: [ '1.2.0' ],
36 silly audit   'detect-node': [ '2.1.0' ],
36 silly audit   di: [ '0.0.1' ],
36 silly audit   diff: [ '3.5.0' ],
36 silly audit   'dir-glob': [ '3.0.1' ],
36 silly audit   'dns-equal': [ '1.0.0' ],
36 silly audit   'dns-packet': [ '5.4.0' ],
36 silly audit   'dom-serialize': [ '2.2.1' ],
36 silly audit   'dom-serializer': [ '1.4.1' ],
36 silly audit   domelementtype: [ '2.3.0' ],
36 silly audit   domhandler: [ '4.3.1' ],
36 silly audit   domutils: [ '2.8.0' ],
36 silly audit   'ecc-jsbn': [ '0.1.2' ],
36 silly audit   'ee-first': [ '1.1.1' ],
36 silly audit   'electron-to-chromium': [ '1.4.211' ],
36 silly audit   'emoji-regex': [ '8.0.0' ],
36 silly audit   'emojis-list': [ '3.0.0' ],
36 silly audit   encodeurl: [ '1.0.2' ],
36 silly audit   encoding: [ '0.1.13' ],
36 silly audit   'iconv-lite': [ '0.6.3', '0.4.24' ],
36 silly audit   'end-of-stream': [ '1.4.4' ],
36 silly audit   'engine.io': [ '6.2.0' ],
36 silly audit   'engine.io-parser': [ '5.0.4' ],
36 silly audit   'enhanced-resolve': [ '5.10.0' ],
36 silly audit   ent: [ '2.2.0' ],
36 silly audit   entities: [ '2.2.0' ],
36 silly audit   'env-paths': [ '2.2.1' ],
36 silly audit   'err-code': [ '2.0.3' ],
36 silly audit   errno: [ '0.1.8' ],
36 silly audit   'error-ex': [ '1.3.2' ],
36 silly audit   'es-module-lexer': [ '0.9.3' ],
36 silly audit   'es6-promise': [ '4.2.8' ],
36 silly audit   'es6-promisify': [ '5.0.0' ],
36 silly audit   esbuild: [ '0.14.49' ],
36 silly audit   'esbuild-android-64': [ '0.14.49' ],
36 silly audit   'esbuild-android-arm64': [ '0.14.49' ],
36 silly audit   'esbuild-darwin-64': [ '0.14.49' ],
36 silly audit   'esbuild-darwin-arm64': [ '0.14.49' ],
36 silly audit   'esbuild-freebsd-64': [ '0.14.49' ],
36 silly audit   'esbuild-freebsd-arm64': [ '0.14.49' ],
36 silly audit   'esbuild-linux-32': [ '0.14.49' ],
36 silly audit   'esbuild-linux-64': [ '0.14.49' ],
36 silly audit   'esbuild-linux-arm': [ '0.14.49' ],
36 silly audit   'esbuild-linux-arm64': [ '0.14.49' ],
36 silly audit   'esbuild-linux-mips64le': [ '0.14.49' ],
36 silly audit   'esbuild-linux-ppc64le': [ '0.14.49' ],
36 silly audit   'esbuild-linux-riscv64': [ '0.14.49' ],
36 silly audit   'esbuild-linux-s390x': [ '0.14.49' ],
36 silly audit   'esbuild-netbsd-64': [ '0.14.49' ],
36 silly audit   'esbuild-openbsd-64': [ '0.14.49' ],
36 silly audit   'esbuild-sunos-64': [ '0.14.49' ],
36 silly audit   'esbuild-wasm': [ '0.14.49' ],
36 silly audit   'esbuild-windows-32': [ '0.14.49' ],
36 silly audit   'esbuild-windows-64': [ '0.14.49' ],
36 silly audit   'esbuild-windows-arm64': [ '0.14.49' ],
36 silly audit   escalade: [ '3.1.1' ],
36 silly audit   'escape-html': [ '1.0.3' ],
36 silly audit   'escape-string-regexp': [ '1.0.5' ],
36 silly audit   'eslint-scope': [ '5.1.1' ],
36 silly audit   esprima: [ '4.0.1' ],
36 silly audit   esrecurse: [ '4.3.0' ],
36 silly audit   estraverse: [ '5.3.0', '4.3.0' ],
36 silly audit   esutils: [ '2.0.3' ],
36 silly audit   etag: [ '1.8.1' ],
36 silly audit   'eventemitter-asyncresource': [ '1.0.0' ],
36 silly audit   eventemitter3: [ '4.0.7' ],
36 silly audit   events: [ '3.3.0' ],
36 silly audit   execa: [ '5.1.1', '1.0.0' ],
36 silly audit   exit: [ '0.1.2' ],
36 silly audit   express: [ '4.18.1' ],
36 silly audit   finalhandler: [ '1.2.0', '1.1.2' ],
36 silly audit   statuses: [ '2.0.1', '1.5.0' ],
36 silly audit   extend: [ '3.0.2' ],
36 silly audit   'external-editor': [ '3.1.0' ],
36 silly audit   extsprintf: [ '1.3.0' ],
36 silly audit   'fast-deep-equal': [ '3.1.3' ],
36 silly audit   'fast-glob': [ '3.2.11' ],
36 silly audit   'fast-json-stable-stringify': [ '2.0.0' ],
36 silly audit   fastq: [ '1.13.0' ],
36 silly audit   'faye-websocket': [ '0.11.4' ],
36 silly audit   figures: [ '3.2.0' ],
36 silly audit   fileset: [ '2.0.3' ],
36 silly audit   'fill-range': [ '7.0.1' ],
36 silly audit   'find-cache-dir': [ '3.3.2' ],
36 silly audit   'find-up': [ '4.1.0', '3.0.0' ],
36 silly audit   flatted: [ '3.2.6' ],
36 silly audit   'follow-redirects': [ '1.15.1' ],
36 silly audit   'forever-agent': [ '0.6.1' ],
36 silly audit   'form-data': [ '2.3.3' ],
36 silly audit   forwarded: [ '0.2.0' ],
36 silly audit   'fraction.js': [ '4.2.0' ],
36 silly audit   fresh: [ '0.5.2' ],
36 silly audit   'fs-access': [ '1.0.1' ],
36 silly audit   'fs-extra': [ '8.1.0' ],
36 silly audit   'fs-minipass': [ '2.1.0' ],
36 silly audit   'fs-monkey': [ '1.0.3' ],
36 silly audit   'fs.realpath': [ '1.0.0' ],
36 silly audit   fsevents: [ '2.3.2' ],
36 silly audit   'function-bind': [ '1.1.1' ],
36 silly audit   gauge: [ '4.0.4' ],
36 silly audit   gensync: [ '1.0.0-beta.2' ],
36 silly audit   'get-caller-file': [ '2.0.5', '1.0.3' ],
36 silly audit   'get-intrinsic': [ '1.1.2' ],
36 silly audit   'get-package-type': [ '0.1.0' ],
36 silly audit   'get-stream': [ '6.0.1', '4.1.0' ],
36 silly audit   getpass: [ '0.1.7' ],
36 silly audit   'glob-to-regexp': [ '0.4.1' ],
36 silly audit   globals: [ '11.12.0' ],
36 silly audit   globby: [ '13.1.2', '5.0.0' ],
36 silly audit   'graceful-fs': [ '4.2.10' ],
36 silly audit   'handle-thing': [ '2.0.1' ],
36 silly audit   handlebars: [ '4.7.7' ],
36 silly audit   wordwrap: [ '1.0.0' ],
36 silly audit   'har-schema': [ '2.0.0' ],
36 silly audit   'har-validator': [ '5.1.3' ],
36 silly audit   has: [ '1.0.3' ],
36 silly audit   'has-ansi': [ '2.0.0' ],
36 silly audit   'has-property-descriptors': [ '1.0.0' ],
36 silly audit   'has-symbols': [ '1.0.3' ],
36 silly audit   'has-unicode': [ '2.0.1' ],
36 silly audit   'hdr-histogram-js': [ '2.0.3' ],
36 silly audit   'hdr-histogram-percentiles-obj': [ '3.0.0' ],
36 silly audit   'hosted-git-info': [ '5.0.0' ],
36 silly audit   'hpack.js': [ '2.1.6' ],
36 silly audit   'html-entities': [ '2.3.3' ],
36 silly audit   'http-cache-semantics': [ '4.1.0' ],
36 silly audit   'http-deceiver': [ '1.2.7' ],
36 silly audit   'http-errors': [ '2.0.0', '1.6.3' ],
36 silly audit   'http-parser-js': [ '0.5.8' ],
36 silly audit   'http-proxy': [ '1.18.1' ],
36 silly audit   'http-proxy-agent': [ '5.0.0' ],
36 silly audit   'http-proxy-middleware': [ '2.0.6' ],
36 silly audit   'http-signature': [ '1.2.0' ],
36 silly audit   'human-signals': [ '2.1.0' ],
36 silly audit   'humanize-ms': [ '1.2.1' ],
36 silly audit   'icss-utils': [ '5.1.0' ],
36 silly audit   ieee754: [ '1.2.1' ],
36 silly audit   ignore: [ '5.2.0' ],
36 silly audit   'ignore-walk': [ '5.0.1' ],
36 silly audit   'image-size': [ '0.5.5' ],
36 silly audit   immediate: [ '3.0.6' ],
36 silly audit   immutable: [ '4.1.0' ],
36 silly audit   'import-fresh': [ '3.3.0' ],
36 silly audit   'resolve-from': [ '4.0.0', '5.0.0' ],
36 silly audit   imurmurhash: [ '0.1.4' ],
36 silly audit   'indent-string': [ '4.0.0' ],
36 silly audit   'infer-owner': [ '1.0.4' ],
36 silly audit   inflight: [ '1.0.6' ],
36 silly audit   inherits: [ '2.0.4', '2.0.3' ],
36 silly audit   inquirer: [ '8.2.4' ],
36 silly audit   'invert-kv': [ '2.0.0' ],
36 silly audit   ip: [ '2.0.0' ],
36 silly audit   'ipaddr.js': [ '2.0.1', '1.9.1' ],
36 silly audit   'is-arrayish': [ '0.2.1' ],
36 silly audit   'is-binary-path': [ '2.1.0' ],
36 silly audit   'is-core-module': [ '2.10.0' ],
36 silly audit   'is-docker': [ '2.2.1' ],
36 silly audit   'is-extglob': [ '2.1.1' ],
36 silly audit   'is-fullwidth-code-point': [ '3.0.0', '2.0.0', '1.0.0' ],
36 silly audit   'is-glob': [ '4.0.3' ],
36 silly audit   'is-interactive': [ '1.0.0' ],
36 silly audit   'is-lambda': [ '1.0.1' ],
36 silly audit   'is-number': [ '7.0.0' ],
36 silly audit   'is-plain-obj': [ '3.0.0' ],
36 silly audit   'is-plain-object': [ '2.0.4' ],
36 silly audit   'is-stream': [ '2.0.1', '1.1.0' ],
36 silly audit   'is-typedarray': [ '1.0.0' ],
36 silly audit   'is-unicode-supported': [ '0.1.0' ],
36 silly audit   'is-what': [ '3.14.1' ],
36 silly audit   'is-wsl': [ '2.2.0' ],
36 silly audit   isarray: [ '1.0.0' ],
36 silly audit   isbinaryfile: [ '4.0.10' ],
36 silly audit   isexe: [ '2.0.0' ],
36 silly audit   isobject: [ '3.0.1' ],
36 silly audit   isstream: [ '0.1.2' ],
36 silly audit   'istanbul-api': [ '2.1.6' ],
36 silly audit   'istanbul-lib-coverage': [ '2.0.5', '3.2.0' ],
36 silly audit   'istanbul-lib-instrument': [ '3.3.0', '5.2.0' ],
36 silly audit   'istanbul-lib-hook': [ '2.0.7' ],
36 silly audit   'istanbul-lib-report': [ '2.0.8' ],
36 silly audit   'istanbul-lib-source-maps': [ '3.0.6' ],
36 silly audit   'istanbul-reports': [ '2.2.6' ],
36 silly audit   jasmine: [ '2.8.0' ],
36 silly audit   'jasmine-core': [ '3.4.0', '2.8.0' ],
36 silly audit   'jasmine-spec-reporter': [ '4.2.1' ],
36 silly audit   jasminewd2: [ '2.2.0' ],
36 silly audit   'jest-worker': [ '27.5.1' ],
36 silly audit   'js-yaml': [ '3.13.1' ],
36 silly audit   jsbn: [ '0.1.1' ],
36 silly audit   'json-parse-even-better-errors': [ '2.3.1' ],
36 silly audit   'json-schema': [ '0.4.0' ],
36 silly audit   'json-stringify-safe': [ '5.0.1' ],
36 silly audit   json5: [ '2.2.1' ],
36 silly audit   'jsonc-parser': [ '3.1.0' ],
36 silly audit   jsonfile: [ '4.0.0' ],
36 silly audit   jsonparse: [ '1.3.1' ],
36 silly audit   jsprim: [ '1.4.2' ],
36 silly audit   jszip: [ '3.10.1' ],
36 silly audit   karma: [ '6.4.0' ],
36 silly audit   'karma-chrome-launcher': [ '2.2.0' ],
36 silly audit   'karma-coverage-istanbul-reporter': [ '2.0.6' ],
36 silly audit   'karma-jasmine': [ '2.0.1' ],
36 silly audit   'karma-jasmine-html-reporter': [ '1.4.2' ],
36 silly audit   'karma-source-map-support': [ '1.4.0' ],
36 silly audit   tmp: [ '0.2.1', '0.0.30', '0.0.33' ],
36 silly audit   yargs: [ '16.2.0', '12.0.5', '17.5.1' ],
36 silly audit   'yargs-parser': [ '20.2.9', '11.1.1', '21.1.1' ],
36 silly audit   'kind-of': [ '6.0.3' ],
36 silly audit   klona: [ '2.0.5' ],
36 silly audit   lcid: [ '2.0.0' ],
36 silly audit   less: [ '4.1.3' ],
36 silly audit   'less-loader': [ '11.0.0' ],
36 silly audit   mime: [ '1.6.0', '2.6.0' ],
36 silly audit   'license-webpack-plugin': [ '4.0.2' ],
36 silly audit   lie: [ '3.3.0' ],
36 silly audit   'lines-and-columns': [ '1.2.4' ],
36 silly audit   'loader-runner': [ '4.3.0' ],
36 silly audit   'locate-path': [ '5.0.0', '3.0.0' ],
36 silly audit   lodash: [ '4.17.21' ],
36 silly audit   'lodash.debounce': [ '4.0.8' ],
36 silly audit   'log-symbols': [ '4.1.0' ],
36 silly audit   log4js: [ '6.6.1' ],
36 silly audit   'magic-string': [ '0.26.2' ],
36 silly audit   'make-error': [ '1.3.5' ],
36 silly audit   'make-fetch-happen': [ '10.2.0' ],
36 silly audit   'map-age-cleaner': [ '0.1.3' ],
36 silly audit   'media-typer': [ '0.3.0' ],
36 silly audit   mem: [ '4.3.0' ],
36 silly audit   memfs: [ '3.4.7' ],
36 silly audit   'merge-descriptors': [ '1.0.1' ],
36 silly audit   'merge-stream': [ '2.0.0' ],
36 silly audit   merge2: [ '1.4.1' ],
36 silly audit   methods: [ '1.1.2' ],
36 silly audit   micromatch: [ '4.0.5' ],
36 silly audit   'mime-db': [ '1.52.0' ],
36 silly audit   'mime-types': [ '2.1.35' ],
36 silly audit   'mimic-fn': [ '2.1.0' ],
36 silly audit   'mini-css-extract-plugin': [ '2.6.1' ],
36 silly audit   'minimalistic-assert': [ '1.0.1' ],
36 silly audit   minimist: [ '1.2.6' ],
36 silly audit   minipass: [ '3.3.4' ],
36 silly audit   'minipass-collect': [ '1.0.2' ],
36 silly audit   'minipass-fetch': [ '2.1.0' ],
36 silly audit   'minipass-flush': [ '1.0.5' ],
36 silly audit   'minipass-json-stream': [ '1.0.1' ],
36 silly audit   'minipass-pipeline': [ '1.2.4' ],
36 silly audit   'minipass-sized': [ '1.0.3' ],
36 silly audit   minizlib: [ '2.1.2' ],
36 silly audit   'multicast-dns': [ '7.2.5' ],
36 silly audit   'mute-stream': [ '0.0.8' ],
36 silly audit   nanoid: [ '3.3.4' ],
36 silly audit   needle: [ '3.1.0' ],
36 silly audit   negotiator: [ '0.6.3' ],
36 silly audit   'neo-async': [ '2.6.2' ],
36 silly audit   'nice-napi': [ '1.0.2' ],
36 silly audit   'nice-try': [ '1.0.5' ],
36 silly audit   'node-addon-api': [ '3.2.1' ],
36 silly audit   'node-forge': [ '1.3.1' ],
36 silly audit   'node-gyp': [ '9.1.0' ],
36 silly audit   'node-gyp-build': [ '4.5.0' ],
36 silly audit   'node-releases': [ '2.0.6' ],
36 silly audit   nopt: [ '5.0.0' ],
36 silly audit   'normalize-package-data': [ '4.0.0' ],
36 silly audit   'normalize-path': [ '3.0.0' ],
36 silly audit   'normalize-range': [ '0.1.2' ],
36 silly audit   'npm-bundled': [ '1.1.2' ],
36 silly audit   'npm-install-checks': [ '5.0.0' ],
36 silly audit   'npm-normalize-package-bin': [ '1.0.1' ],
36 silly audit   'npm-package-arg': [ '9.1.0' ],
36 silly audit   'npm-packlist': [ '5.1.1' ],
36 silly audit   'npm-pick-manifest': [ '7.0.1' ],
36 silly audit   'npm-registry-fetch': [ '13.3.0' ],
36 silly audit   'npm-run-path': [ '4.0.1', '2.0.2' ],
36 silly audit   npmlog: [ '6.0.2' ],
36 silly audit   'nth-check': [ '2.1.1' ],
36 silly audit   'null-check': [ '1.0.0' ],
36 silly audit   'number-is-nan': [ '1.0.1' ],
36 silly audit   'oauth-sign': [ '0.9.0' ],
36 silly audit   'object-assign': [ '4.1.1' ],
36 silly audit   'object-inspect': [ '1.12.2' ],
36 silly audit   'object-keys': [ '1.1.1' ],
36 silly audit   'object.assign': [ '4.1.2' ],
36 silly audit   obuf: [ '1.1.2' ],
36 silly audit   'on-headers': [ '1.0.2' ],
36 silly audit   once: [ '1.4.0' ],
36 silly audit   onetime: [ '5.1.2' ],
36 silly audit   open: [ '8.4.0' ],
36 silly audit   ora: [ '5.4.1' ],
36 silly audit   'os-locale': [ '3.1.0' ],
36 silly audit   'path-key': [ '2.0.1', '3.1.1' ],
36 silly audit   'shebang-command': [ '1.2.0', '2.0.0' ],
36 silly audit   'shebang-regex': [ '1.0.0', '3.0.0' ],
36 silly audit   'os-tmpdir': [ '1.0.2' ],
36 silly audit   'p-defer': [ '1.0.0' ],
36 silly audit   'p-finally': [ '1.0.0' ],
36 silly audit   'p-is-promise': [ '2.1.0' ],
36 silly audit   'p-limit': [ '2.3.0' ],
36 silly audit   'p-locate': [ '4.1.0', '3.0.0' ],
36 silly audit   'p-map': [ '4.0.0' ],
36 silly audit   'p-retry': [ '4.6.2' ],
36 silly audit   retry: [ '0.13.1', '0.12.0' ],
36 silly audit   'p-try': [ '2.2.0' ],
36 silly audit   pacote: [ '13.6.1' ],
36 silly audit   pako: [ '1.0.10' ],
36 silly audit   'parent-module': [ '1.0.1' ],
36 silly audit   'parse-json': [ '5.2.0' ],
36 silly audit   'parse-node-version': [ '1.0.1' ],
36 silly audit   parse5: [ '6.0.1' ],
36 silly audit   'parse5-html-rewriting-stream': [ '6.0.1' ],
36 silly audit   'parse5-htmlparser2-tree-adapter': [ '6.0.1' ],
36 silly audit   'parse5-sax-parser': [ '6.0.1' ],
36 silly audit   parseurl: [ '1.3.3' ],
36 silly audit   'path-exists': [ '4.0.0', '3.0.0' ],
36 silly audit   'path-is-absolute': [ '1.0.1' ],
36 silly audit   'path-is-inside': [ '1.0.2' ],
36 silly audit   'path-parse': [ '1.0.7' ],
36 silly audit   'path-to-regexp': [ '0.1.7' ],
36 silly audit   'path-type': [ '4.0.0' ],
36 silly audit   'performance-now': [ '2.1.0' ],
36 silly audit   picocolors: [ '1.0.0' ],
36 silly audit   picomatch: [ '2.3.1' ],
36 silly audit   pify: [ '4.0.1', '2.3.0' ],
36 silly audit   pinkie: [ '2.0.4' ],
36 silly audit   'pinkie-promise': [ '2.0.1' ],
36 silly audit   piscina: [ '3.2.0' ],
36 silly audit   'pkg-dir': [ '4.2.0' ],
36 silly audit   postcss: [ '8.4.14' ],
36 silly audit   'postcss-attribute-case-insensitive': [ '5.0.2' ],
36 silly audit   'postcss-clamp': [ '4.1.0' ],
36 silly audit   'postcss-color-functional-notation': [ '4.2.4' ],
36 silly audit   'postcss-color-hex-alpha': [ '8.0.4' ],
36 silly audit   'postcss-color-rebeccapurple': [ '7.1.1' ],
36 silly audit   'postcss-custom-media': [ '8.0.2' ],
36 silly audit   'postcss-custom-properties': [ '12.1.8' ],
36 silly audit   'postcss-custom-selectors': [ '6.0.3' ],
36 silly audit   'postcss-dir-pseudo-class': [ '6.0.5' ],
36 silly audit   'postcss-double-position-gradients': [ '3.1.2' ],
36 silly audit   'postcss-env-function': [ '4.0.6' ],
36 silly audit   'postcss-focus-visible': [ '6.0.4' ],
36 silly audit   'postcss-focus-within': [ '5.0.4' ],
36 silly audit   'postcss-font-variant': [ '5.0.0' ],
36 silly audit   'postcss-gap-properties': [ '3.0.5' ],
36 silly audit   'postcss-image-set-function': [ '4.0.7' ],
36 silly audit   'postcss-import': [ '14.1.0' ],
36 silly audit   'postcss-initial': [ '4.0.1' ],
36 silly audit   'postcss-lab-function': [ '4.2.1' ],
36 silly audit   'postcss-loader': [ '7.0.1' ],
36 silly audit   'postcss-logical': [ '5.0.4' ],
36 silly audit   'postcss-media-minmax': [ '5.0.0' ],
36 silly audit   'postcss-modules-extract-imports': [ '3.0.0' ],
36 silly audit   'postcss-modules-local-by-default': [ '4.0.0' ],
36 silly audit   'postcss-modules-scope': [ '3.0.0' ],
36 silly audit   'postcss-modules-values': [ '4.0.0' ],
36 silly audit   'postcss-nesting': [ '10.1.10' ],
36 silly audit   'postcss-opacity-percentage': [ '1.1.2' ],
36 silly audit   'postcss-overflow-shorthand': [ '3.0.4' ],
36 silly audit   'postcss-page-break': [ '3.0.4' ],
36 silly audit   'postcss-place': [ '7.0.5' ],
36 silly audit   'postcss-preset-env': [ '7.7.2' ],
36 silly audit   'postcss-pseudo-class-any-link': [ '7.1.6' ],
36 silly audit   'postcss-replace-overflow-wrap': [ '4.0.0' ],
36 silly audit   'postcss-selector-not': [ '6.0.1' ],
36 silly audit   'postcss-selector-parser': [ '6.0.10' ],
36 silly audit   'postcss-value-parser': [ '4.2.0' ],
36 silly audit   'pretty-bytes': [ '5.6.0' ],
36 silly audit   'proc-log': [ '2.0.1' ],
36 silly audit   'process-nextick-args': [ '2.0.1' ],
36 silly audit   'promise-inflight': [ '1.0.1' ],
36 silly audit   'promise-retry': [ '2.0.1' ],
36 silly audit   protractor: [ '5.4.4' ],
36 silly audit   del: [ '2.2.2' ],
36 silly audit   'is-path-cwd': [ '1.0.0' ],
36 silly audit   'is-path-in-cwd': [ '1.0.1' ],
36 silly audit   'is-path-inside': [ '1.0.1' ],
36 silly audit   'source-map-support': [ '0.4.18', '0.5.21' ],
36 silly audit   'string-width': [ '2.1.1', '1.0.2', '4.2.3' ],
36 silly audit   'webdriver-manager': [ '12.1.6' ],
36 silly audit   'wrap-ansi': [ '2.1.0', '7.0.0' ],
36 silly audit   y18n: [ '4.0.3', '5.0.8' ],
36 silly audit   'proxy-addr': [ '2.0.7' ],
36 silly audit   prr: [ '1.0.1' ],
36 silly audit   psl: [ '1.3.0' ],
36 silly audit   pump: [ '3.0.0' ],
36 silly audit   punycode: [ '2.1.1', '1.4.1' ],
36 silly audit   q: [ '1.4.1' ],
36 silly audit   qjobs: [ '1.2.0' ],
36 silly audit   'queue-microtask': [ '1.2.3' ],
36 silly audit   randombytes: [ '2.1.0' ],
36 silly audit   'range-parser': [ '1.2.1' ],
36 silly audit   'raw-body': [ '2.5.1' ],
36 silly audit   'read-cache': [ '1.0.0' ],
36 silly audit   'read-package-json': [ '5.0.1' ],
36 silly audit   'read-package-json-fast': [ '2.0.3' ],
36 silly audit   readdirp: [ '3.6.0' ],
36 silly audit   'reflect-metadata': [ '0.1.13' ],
36 silly audit   regenerate: [ '1.4.2' ],
36 silly audit   'regenerate-unicode-properties': [ '10.0.1' ],
36 silly audit   'regenerator-runtime': [ '0.13.9' ],
36 silly audit   'regenerator-transform': [ '0.15.0' ],
36 silly audit   'regex-parser': [ '2.2.11' ],
36 silly audit   'regexpu-core': [ '5.1.0' ],
36 silly audit   regjsgen: [ '0.6.0' ],
36 silly audit   regjsparser: [ '0.8.4' ],
36 silly audit   request: [ '2.88.0' ],
36 silly audit   'require-directory': [ '2.1.1' ],
36 silly audit   'require-from-string': [ '2.0.2' ],
36 silly audit   'require-main-filename': [ '1.0.1' ],
36 silly audit   'requires-port': [ '1.0.0' ],
36 silly audit   resolve: [ '1.22.1' ],
36 silly audit   'resolve-url-loader': [ '5.0.0' ],
36 silly audit   'restore-cursor': [ '3.1.0' ],
36 silly audit   reusify: [ '1.0.4' ],
36 silly audit   rfdc: [ '1.3.0' ],
36 silly audit   'run-async': [ '2.4.1' ],
36 silly audit   'run-parallel': [ '1.2.0' ],
36 silly audit   'safer-buffer': [ '2.1.2' ],
36 silly audit   sass: [ '1.53.0' ],
36 silly audit   'sass-loader': [ '13.0.2' ],
36 silly audit   saucelabs: [ '1.5.0' ],
36 silly audit   sax: [ '1.2.4' ],
36 silly audit   'select-hose': [ '2.0.0' ],
36 silly audit   'selenium-webdriver': [ '3.6.0' ],
36 silly audit   selfsigned: [ '2.0.1' ],
36 silly audit   send: [ '0.18.0' ],
36 silly audit   'serialize-javascript': [ '6.0.0' ],
36 silly audit   'serve-index': [ '1.9.1' ],
36 silly audit   setprototypeof: [ '1.1.0', '1.2.0' ],
36 silly audit   'serve-static': [ '1.15.0' ],
36 silly audit   'set-blocking': [ '2.0.0' ],
36 silly audit   setimmediate: [ '1.0.5' ],
36 silly audit   'shallow-clone': [ '3.0.1' ],
36 silly audit   'side-channel': [ '1.0.4' ],
36 silly audit   'signal-exit': [ '3.0.7' ],
36 silly audit   slash: [ '4.0.0' ],
36 silly audit   'smart-buffer': [ '4.2.0' ],
36 silly audit   'socket.io': [ '4.5.1' ],
36 silly audit   'socket.io-adapter': [ '2.4.0' ],
36 silly audit   'socket.io-parser': [ '4.0.5' ],
36 silly audit   sockjs: [ '0.3.24' ],
36 silly audit   socks: [ '2.7.0' ],
36 silly audit   'socks-proxy-agent': [ '7.0.0' ],
36 silly audit   'source-map-js': [ '1.0.2' ],
36 silly audit   'source-map-loader': [ '4.0.0' ],
36 silly audit   'source-map-resolve': [ '0.6.0' ],
36 silly audit   'sourcemap-codec': [ '1.4.8' ],
36 silly audit   'spdx-correct': [ '3.1.1' ],
36 silly audit   'spdx-exceptions': [ '2.3.0' ],
36 silly audit   'spdx-expression-parse': [ '3.0.1' ],
36 silly audit   'spdx-license-ids': [ '3.0.11' ],
36 silly audit   spdy: [ '4.0.2' ],
36 silly audit   'spdy-transport': [ '3.0.0' ],
36 silly audit   sshpk: [ '1.16.1' ],
36 silly audit   ssri: [ '9.0.1' ],
36 silly audit   streamroller: [ '3.1.2' ],
36 silly audit   string_decoder: [ '1.1.1' ],
36 silly audit   'strip-bom': [ '3.0.0' ],
36 silly audit   'strip-eof': [ '1.0.0' ],
36 silly audit   'strip-final-newline': [ '2.0.0' ],
36 silly audit   stylus: [ '0.58.1' ],
36 silly audit   'stylus-loader': [ '7.0.0' ],
36 silly audit   'supports-preserve-symlinks-flag': [ '1.0.0' ],
36 silly audit   'symbol-observable': [ '4.0.0' ],
36 silly audit   tapable: [ '2.2.1' ],
36 silly audit   tar: [ '6.1.11' ],
36 silly audit   terser: [ '5.14.2' ],
36 silly audit   'terser-webpack-plugin': [ '5.3.3' ],
36 silly audit   'test-exclude': [ '6.0.0' ],
36 silly audit   'text-table': [ '0.2.0' ],
36 silly audit   through: [ '2.3.8' ],
36 silly audit   thunky: [ '1.1.0' ],
36 silly audit   'to-regex-range': [ '5.0.1' ],
36 silly audit   toidentifier: [ '1.0.1' ],
36 silly audit   'tough-cookie': [ '2.4.3' ],
36 silly audit   'tree-kill': [ '1.2.2' ],
36 silly audit   'ts-node': [ '7.0.1' ],
36 silly audit   tslint: [ '5.15.0' ],
36 silly audit   tsutils: [ '2.29.0' ],
36 silly audit   'tunnel-agent': [ '0.6.0' ],
36 silly audit   tweetnacl: [ '0.14.5' ],
36 silly audit   'type-fest': [ '0.21.3' ],
36 silly audit   'type-is': [ '1.6.18' ],
36 silly audit   'typed-assert': [ '1.0.9' ],
36 silly audit   typescript: [ '3.4.5' ],
36 silly audit   'ua-parser-js': [ '0.7.31' ],
36 silly audit   'uglify-js': [ '3.6.0' ],
36 silly audit   'unicode-canonical-property-names-ecmascript': [ '2.0.0' ],
36 silly audit   'unicode-match-property-ecmascript': [ '2.0.0' ],
36 silly audit   'unicode-match-property-value-ecmascript': [ '2.0.0' ],
36 silly audit   'unicode-property-aliases-ecmascript': [ '2.0.0' ],
36 silly audit   'unique-filename': [ '1.1.1' ],
36 silly audit   'unique-slug': [ '2.0.2' ],
36 silly audit   universalify: [ '0.1.2' ],
36 silly audit   unpipe: [ '1.0.0' ],
36 silly audit   'update-browserslist-db': [ '1.0.5' ],
36 silly audit   'uri-js': [ '4.2.2' ],
36 silly audit   'util-deprecate': [ '1.0.2' ],
36 silly audit   'utils-merge': [ '1.0.1' ],
36 silly audit   'validate-npm-package-license': [ '3.0.4' ],
36 silly audit   'validate-npm-package-name': [ '4.0.0' ],
36 silly audit   vary: [ '1.1.2' ],
36 silly audit   verror: [ '1.10.0' ],
36 silly audit   'void-elements': [ '2.0.1' ],
36 silly audit   watchpack: [ '2.4.0' ],
36 silly audit   wbuf: [ '1.7.3' ],
36 silly audit   wcwidth: [ '1.0.1' ],
36 silly audit   'webdriver-js-extender': [ '2.1.0' ],
36 silly audit   webpack: [ '5.73.0' ],
36 silly audit   'webpack-dev-middleware': [ '5.3.3' ],
36 silly audit   'webpack-dev-server': [ '4.9.3' ],
36 silly audit   ws: [ '8.8.1', '8.2.3' ],
36 silly audit   'webpack-merge': [ '5.8.0' ],
36 silly audit   'webpack-sources': [ '3.2.3' ],
36 silly audit   'webpack-subresource-integrity': [ '5.1.0' ],
36 silly audit   'websocket-driver': [ '0.7.4' ],
36 silly audit   'websocket-extensions': [ '0.1.4' ],
36 silly audit   'which-module': [ '2.0.0' ],
36 silly audit   'wide-align': [ '1.1.5' ],
36 silly audit   wildcard: [ '2.0.0' ],
36 silly audit   wrappy: [ '1.0.2' ],
36 silly audit   xml2js: [ '0.4.19' ],
36 silly audit   xmlbuilder: [ '9.0.7' ],
36 silly audit   yallist: [ '4.0.0' ],
36 silly audit   yaml: [ '1.10.2' ],
36 silly audit   yn: [ '2.0.0' ],
36 silly audit   'zone.js': [ '0.9.1' ]
36 silly audit }
37 http fetch POST 200 https://registry.npmjs.org/-/npm/v1/security/advisories/bulk 384ms
38 timing auditReport:getReport Completed in 419ms
39 silly audit report {
39 silly audit report   'yargs-parser': [
39 silly audit report     {
39 silly audit report       id: 1081885,
39 silly audit report       url: 'https://github.com/advisories/GHSA-p9pc-299p-vxgp',
39 silly audit report       title: 'yargs-parser Vulnerable to Prototype Pollution',
39 silly audit report       severity: 'moderate',
39 silly audit report       vulnerable_versions: '>=6.0.0 <13.1.2',
39 silly audit report       cwe: [Array],
39 silly audit report       cvss: [Object]
39 silly audit report     }
39 silly audit report   ]
39 silly audit report }
40 timing metavuln:cache:get:security-advisory:yargs-parser:CFH8poVixmdGxLDaM6TVdXeshg0wTkgtDdma2XLSW9f266UKeZ6PlpWq7zXNpQ0UkWoaGirRVgTpppSNdAF70w== Completed in 17ms
41 http fetch GET 200 https://registry.npmjs.org/yargs-parser 54ms (cache hit)
42 timing metavuln:packument:yargs-parser Completed in 62ms
43 timing metavuln:load:security-advisory:yargs-parser:1081885 Completed in 6ms
44 timing metavuln:calculate:security-advisory:yargs-parser:1081885 Completed in 70ms
45 timing metavuln:cache:get:security-advisory:yargs:ikyQDbCEqRvHFcLrujyhUbeG9wUmD+Qym07h/KIEKXU/dy4SLEc9VhNU7D7KHj2sm76IpTV8ksBrcgATQilbOw== Completed in 13ms
46 http fetch GET 200 https://registry.npmjs.org/yargs 33ms (cache hit)
47 timing metavuln:packument:yargs Completed in 39ms
48 timing metavuln:load:security-advisory:yargs:CFH8poVixmdGxLDaM6TVdXeshg0wTkgtDdma2XLSW9f266UKeZ6PlpWq7zXNpQ0UkWoaGirRVgTpppSNdAF70w== Completed in 2ms
49 timing metavuln:calculate:security-advisory:yargs:CFH8poVixmdGxLDaM6TVdXeshg0wTkgtDdma2XLSW9f266UKeZ6PlpWq7zXNpQ0UkWoaGirRVgTpppSNdAF70w== Completed in 41ms
50 timing metavuln:cache:get:security-advisory:protractor:W5yoxf1uothrGDVdC+q5pidfySC5DgvMrqK+m7eJXIRDsuz5UPURu78D4rZ+tLBRrwoz2kY3HFZWRWuz+ii3YQ== Completed in 31ms
51 http fetch GET 200 https://registry.npmjs.org/protractor 39ms (cache hit)
52 timing metavuln:packument:protractor Completed in 42ms
53 timing metavuln:load:security-advisory:protractor:ikyQDbCEqRvHFcLrujyhUbeG9wUmD+Qym07h/KIEKXU/dy4SLEc9VhNU7D7KHj2sm76IpTV8ksBrcgATQilbOw== Completed in 0ms
54 timing metavuln:calculate:security-advisory:protractor:ikyQDbCEqRvHFcLrujyhUbeG9wUmD+Qym07h/KIEKXU/dy4SLEc9VhNU7D7KHj2sm76IpTV8ksBrcgATQilbOw== Completed in 53ms
55 timing metavuln:cache:get:security-advisory:@angular-devkit/build-angular:SQcZsi9zqTtQ7fNtpOoGl6RzWgYPKN0CYkQJ3zpfq0AoKAMh6HTSS3+GQeRPZkivfUuLH/M1wwttkNceVgKwsA== Completed in 1ms
56 http fetch GET 200 https://registry.npmjs.org/@angular-devkit%2fbuild-angular 32ms (cache hit)
57 timing metavuln:packument:@angular-devkit/build-angular Completed in 83ms
58 timing metavuln:load:security-advisory:@angular-devkit/build-angular:W5yoxf1uothrGDVdC+q5pidfySC5DgvMrqK+m7eJXIRDsuz5UPURu78D4rZ+tLBRrwoz2kY3HFZWRWuz+ii3YQ== Completed in 77ms
59 timing metavuln:cache:put:security-advisory:@angular-devkit/build-angular:SQcZsi9zqTtQ7fNtpOoGl6RzWgYPKN0CYkQJ3zpfq0AoKAMh6HTSS3+GQeRPZkivfUuLH/M1wwttkNceVgKwsA== Completed in 16ms
60 timing metavuln:calculate:security-advisory:@angular-devkit/build-angular:W5yoxf1uothrGDVdC+q5pidfySC5DgvMrqK+m7eJXIRDsuz5UPURu78D4rZ+tLBRrwoz2kY3HFZWRWuz+ii3YQ== Completed in 176ms
61 timing auditReport:init Completed in 350ms
62 timing audit Completed in 2143ms
63 timing idealTree:init Completed in 23ms
64 timing idealTree:userRequests Completed in 1ms
65 silly idealTree buildDeps
66 silly fetch manifest protractor@~5.4.0
67 silly placeDep ROOT protractor@5.4.3 KEEP for: exercises@0.0.0 want: ~5.4.0
68 timing idealTree:#root Completed in 88ms
69 silly fetch manifest typescript@>=4.6.2 <4.8
70 timing arborist:ctor Completed in 0ms
71 http fetch GET 200 https://registry.npmjs.org/typescript 1344ms (cache hit)
72 silly fetch manifest protractor@^7.0.0
73 timing idealTree Completed in 1532ms
74 timing command:audit Completed in 3689ms
75 verbose stack Error: could not resolve
75 verbose stack     at PlaceDep.failPeerConflict (/usr/local/lib/node_modules/npm/node_modules/@npmcli/arborist/lib/place-dep.js:549:25)
75 verbose stack     at PlaceDep.place (/usr/local/lib/node_modules/npm/node_modules/@npmcli/arborist/lib/place-dep.js:199:21)
75 verbose stack     at new PlaceDep (/usr/local/lib/node_modules/npm/node_modules/@npmcli/arborist/lib/place-dep.js:73:10)
75 verbose stack     at /usr/local/lib/node_modules/npm/node_modules/@npmcli/arborist/lib/arborist/build-ideal-tree.js:990:31
75 verbose stack     at Array.map (<anonymous>)
75 verbose stack     at [buildDepStep] (/usr/local/lib/node_modules/npm/node_modules/@npmcli/arborist/lib/arborist/build-ideal-tree.js:990:8)
75 verbose stack     at async Arborist.buildIdealTree (/usr/local/lib/node_modules/npm/node_modules/@npmcli/arborist/lib/arborist/build-ideal-tree.js:218:7)
75 verbose stack     at async Promise.all (index 1)
75 verbose stack     at async Arborist.reify (/usr/local/lib/node_modules/npm/node_modules/@npmcli/arborist/lib/arborist/reify.js:154:5)
75 verbose stack     at async Audit.auditAdvisories (/usr/local/lib/node_modules/npm/lib/commands/audit.js:389:5)
76 verbose cwd /home/thebuffylow/angular-lc101-projects/lesson2/exercises/src/app
77 verbose Linux 5.10.114-16025-ge75506b9d98e
78 verbose node v18.6.0
79 verbose npm  v8.15.1
80 error code ERESOLVE
81 error ERESOLVE could not resolve
82 error
83 error While resolving: [1m@angular-devkit/build-angular[22m@[1m14.1.1[22m
83 error Found: [1mprotractor[22m@[1m5.4.4[22m[2m[22m
83 error [2mnode_modules/protractor[22m
83 error   [33mdev[39m [1mprotractor[22m@"[1m~5.4.0[22m" from the root project
83 error
83 error Could not resolve dependency:
83 error peerOptional [1mprotractor[22m@"[1m^7.0.0[22m" from [1m@angular-devkit/build-angular[22m@[1m14.1.1[22m[2m[22m
83 error [2mnode_modules/@angular-devkit/build-angular[22m
83 error   [33mdev[39m [1m@angular-devkit/build-angular[22m@"[1m^14.1.1[22m" from the root project
83 error
83 error Conflicting peer dependency: [1mprotractor[22m@[1m7.0.0[22m[2m[22m
83 error [2mnode_modules/protractor[22m
83 error   peerOptional [1mprotractor[22m@"[1m^7.0.0[22m" from [1m@angular-devkit/build-angular[22m@[1m14.1.1[22m[2m[22m
83 error   [2mnode_modules/@angular-devkit/build-angular[22m
83 error     [33mdev[39m [1m@angular-devkit/build-angular[22m@"[1m^14.1.1[22m" from the root project
83 error
83 error Fix the upstream dependency conflict, or retry
83 error this command with --force, or --legacy-peer-deps
83 error to accept an incorrect (and potentially broken) dependency resolution.
83 error
83 error See /home/thebuffylow/.npm/eresolve-report.txt for a full report.
84 verbose exit 1
85 timing npm Completed in 3914ms
86 verbose unfinished npm timer reify 1659656730444
87 verbose unfinished npm timer reify:loadTrees 1659656730448
88 verbose unfinished npm timer idealTree:buildDeps 1659656730475
89 verbose unfinished npm timer idealTree:node_modules/@angular-devkit/build-angular 1659656730563
90 verbose code 1
91 error A complete log of this run can be found in:
91 error     /home/thebuffylow/.npm/_logs/2022-08-04T23_45_28_080Z-debug-0.log
