0 verbose cli /usr/local/bin/node /usr/local/bin/npm
1 info using npm@8.15.0
2 info using node@v18.6.0
3 timing npm:load:whichnode Completed in 0ms
4 timing config:load:defaults Completed in 8ms
5 timing config:load:file:/usr/local/lib/node_modules/npm/npmrc Completed in 27ms
6 timing config:load:builtin Completed in 29ms
7 timing config:load:cli Completed in 5ms
8 timing config:load:env Completed in 3ms
9 timing config:load:file:/home/thebuffylow/.cache/typescript/4.7/.npmrc Completed in 0ms
10 timing config:load:project Completed in 32ms
11 timing config:load:file:/home/thebuffylow/.npmrc Completed in 0ms
12 timing config:load:user Completed in 0ms
13 timing config:load:file:/usr/local/etc/npmrc Completed in 0ms
14 timing config:load:global Completed in 0ms
15 timing config:load:validate Completed in 0ms
16 timing config:load:credentials Completed in 6ms
17 timing config:load:setEnvs Completed in 1ms
18 timing config:load Completed in 86ms
19 timing npm:load:configload Completed in 86ms
20 timing npm:load:mkdirpcache Completed in 5ms
21 timing npm:load:mkdirplogs Completed in 2ms
22 verbose title npm install types-registry@latest
23 verbose argv "install" "--ignore-scripts" "types-registry@latest"
24 timing npm:load:setTitle Completed in 1ms
25 timing config:load:flatten Completed in 7ms
26 timing npm:load:display Completed in 10ms
27 verbose logfile logs-max:10 dir:/home/thebuffylow/.npm/_logs
28 verbose logfile /home/thebuffylow/.npm/_logs/2022-07-25T23_21_29_386Z-debug-0.log
29 timing npm:load:logFile Completed in 8ms
30 timing npm:load:timers Completed in 1ms
31 timing npm:load:configScope Completed in 0ms
32 timing npm:load Completed in 123ms
33 timing arborist:ctor Completed in 7ms
34 silly logfile done cleaning log files
35 timing idealTree:init Completed in 18ms
36 timing arborist:ctor Completed in 0ms
37 http fetch GET 200 https://registry.npmjs.org/types-registry 370ms (cache revalidated)
38 timing idealTree:userRequests Completed in 383ms
39 silly idealTree buildDeps
40 silly fetch manifest types-registry@0.1.602
41 silly placeDep ROOT types-registry@0.1.602 REPLACE for:  want: 0.1.602
42 timing idealTree:#root Completed in 11ms
43 timing idealTree:node_modules/types-registry Completed in 0ms
44 timing idealTree:buildDeps Completed in 13ms
45 timing idealTree:fixDepFlags Completed in 0ms
46 timing idealTree Completed in 416ms
47 timing reify:loadTrees Completed in 418ms
48 timing reify:diffTrees Completed in 1ms
49 silly reify moves {}
50 timing reify:retireShallow Completed in 1ms
51 timing reify:createSparse Completed in 0ms
52 timing reify:loadBundles Completed in 0ms
53 silly audit bulk request { 'types-registry': [ '0.1.602' ] }
54 timing reify:unpack Completed in 2ms
55 timing reify:unretire Completed in 0ms
56 timing build:queue Completed in 0ms
57 timing build:deps Completed in 0ms
58 timing build Completed in 0ms
59 timing reify:build Completed in 1ms
60 timing reify:trash Completed in 0ms
61 timing reify:save Completed in 13ms
62 http fetch POST 200 https://registry.npmjs.org/-/npm/v1/security/advisories/bulk 163ms
63 timing auditReport:getReport Completed in 165ms
64 silly audit report {}
65 timing auditReport:init Completed in 0ms
66 timing reify:audit Completed in 168ms
67 timing reify Completed in 597ms
68 timing command:install Completed in 617ms
69 verbose exit 0
70 timing npm Completed in 927ms
71 info ok
