0 verbose cli /usr/local/bin/node /usr/local/bin/npm
1 info using npm@8.13.2
2 info using node@v18.6.0
3 timing npm:load:whichnode Completed in 0ms
4 timing config:load:defaults Completed in 9ms
5 timing config:load:file:/usr/local/lib/node_modules/npm/npmrc Completed in 13ms
6 timing config:load:builtin Completed in 15ms
7 timing config:load:cli Completed in 11ms
8 timing config:load:env Completed in 2ms
9 timing config:load:file:/home/thebuffylow/.cache/typescript/4.7/.npmrc Completed in 1ms
10 timing config:load:project Completed in 30ms
11 timing config:load:file:/home/thebuffylow/.npmrc Completed in 0ms
12 timing config:load:user Completed in 0ms
13 timing config:load:file:/usr/local/etc/npmrc Completed in 3ms
14 timing config:load:global Completed in 3ms
15 timing config:load:validate Completed in 0ms
16 timing config:load:credentials Completed in 6ms
17 timing config:load:setEnvs Completed in 2ms
18 timing config:load Completed in 82ms
19 timing npm:load:configload Completed in 82ms
20 timing npm:load:mkdirpcache Completed in 3ms
21 timing npm:load:mkdirplogs Completed in 3ms
22 verbose title npm install types-registry@latest
23 verbose argv "install" "--ignore-scripts" "types-registry@latest"
24 timing npm:load:setTitle Completed in 3ms
25 timing config:load:flatten Completed in 20ms
26 timing npm:load:display Completed in 22ms
27 verbose logfile logs-max:10 dir:/home/thebuffylow/.npm/_logs
28 verbose logfile /home/thebuffylow/.npm/_logs/2022-07-25T22_30_27_840Z-debug-0.log
29 timing npm:load:logFile Completed in 10ms
30 timing npm:load:timers Completed in 0ms
31 timing npm:load:configScope Completed in 0ms
32 timing npm:load Completed in 127ms
33 timing arborist:ctor Completed in 2ms
34 silly logfile done cleaning log files
35 timing arborist:ctor Completed in 1ms
36 timing idealTree:init Completed in 23ms
37 http fetch GET 200 https://registry.npmjs.org/types-registry 370ms (cache miss)
38 timing idealTree:userRequests Completed in 421ms
39 silly idealTree buildDeps
40 silly fetch manifest types-registry@0.1.602
41 silly placeDep ROOT types-registry@0.1.602 OK for:  want: 0.1.602
42 timing idealTree:#root Completed in 22ms
43 timing idealTree:node_modules/types-registry Completed in 0ms
44 timing idealTree:buildDeps Completed in 24ms
45 timing idealTree:fixDepFlags Completed in 1ms
46 timing idealTree Completed in 471ms
47 timing reify:loadTrees Completed in 471ms
48 timing reify:diffTrees Completed in 1ms
49 silly reify moves {}
50 timing reify:retireShallow Completed in 2ms
51 timing reify:createSparse Completed in 6ms
52 timing reify:loadBundles Completed in 0ms
53 silly audit bulk request { 'types-registry': [ '0.1.602' ] }
54 silly tarball no local data for types-registry@https://registry.npmjs.org/types-registry/-/types-registry-0.1.602.tgz. Extracting by manifest.
55 http fetch GET 200 https://registry.npmjs.org/npm 760ms (cache miss)
56 http fetch POST 200 https://registry.npmjs.org/-/npm/v1/security/advisories/bulk 174ms
57 timing auditReport:getReport Completed in 177ms
58 silly audit report {}
59 timing auditReport:init Completed in 0ms
60 timing reify:audit Completed in 177ms
61 http fetch GET 200 https://registry.npmjs.org/types-registry/-/types-registry-0.1.602.tgz 422ms (cache miss)
62 timing reifyNode:node_modules/types-registry Completed in 433ms
63 timing reify:unpack Completed in 433ms
64 timing reify:unretire Completed in 0ms
65 timing build:queue Completed in 0ms
66 timing build:deps Completed in 1ms
67 timing build Completed in 1ms
68 timing reify:build Completed in 2ms
69 timing reify:trash Completed in 0ms
70 timing reify:save Completed in 13ms
71 timing reify Completed in 1095ms
72 silly ADD node_modules/types-registry
73 timing command:install Completed in 1105ms
74 notice
74 notice New minor version of npm available! 8.13.2 -> 8.15.0
74 notice Changelog: <https://github.com/npm/cli/releases/tag/v8.15.0>
74 notice Run `npm install -g npm@8.15.0` to update!
74 notice
75 verbose exit 0
76 timing npm Completed in 1450ms
77 info ok
