0 verbose cli /usr/local/bin/node /usr/local/bin/npm
1 info using npm@8.13.2
2 info using node@v18.6.0
3 timing npm:load:whichnode Completed in 0ms
4 timing config:load:defaults Completed in 1ms
5 timing config:load:file:/usr/local/lib/node_modules/npm/npmrc Completed in 1ms
6 timing config:load:builtin Completed in 1ms
7 timing config:load:cli Completed in 2ms
8 timing config:load:env Completed in 1ms
9 timing config:load:project Completed in 1ms
10 timing config:load:file:/home/thebuffylow/.npmrc Completed in 11ms
11 timing config:load:user Completed in 11ms
12 timing config:load:file:/usr/local/etc/npmrc Completed in 0ms
13 timing config:load:global Completed in 0ms
14 timing config:load:validate Completed in 1ms
15 timing config:load:credentials Completed in 1ms
16 timing config:load:setEnvs Completed in 1ms
17 timing config:load Completed in 21ms
18 timing npm:load:configload Completed in 22ms
19 timing npm:load:mkdirpcache Completed in 1ms
20 timing npm:load:mkdirplogs Completed in 0ms
21 verbose title npm install npm@8.15.0
22 verbose argv "install" "--global" "npm@8.15.0"
23 timing npm:load:setTitle Completed in 1ms
24 timing config:load:flatten Completed in 4ms
25 timing npm:load:display Completed in 7ms
26 verbose logfile logs-max:10 dir:/home/thebuffylow/.npm/_logs
27 verbose logfile /home/thebuffylow/.npm/_logs/2022-07-25T23_20_30_371Z-debug-0.log
28 timing npm:load:logFile Completed in 6ms
29 timing npm:load:timers Completed in 0ms
30 timing npm:load:configScope Completed in 0ms
31 timing npm:load Completed in 38ms
32 silly logfile done cleaning log files
33 http fetch GET 200 https://registry.npmjs.org/npm 339ms (cache revalidated)
34 timing arborist:ctor Completed in 1ms
35 timing idealTree:init Completed in 14ms
36 timing idealTree:userRequests Completed in 3ms
37 silly idealTree buildDeps
38 silly fetch manifest npm@8.15.0
39 http fetch GET 200 https://registry.npmjs.org/npm 42ms (cache hit)
40 silly placeDep ROOT npm@8.15.0 OK for:  want: 8.15.0
41 timing idealTree:#root Completed in 91ms
42 timing idealTree:node_modules/npm Completed in 0ms
43 timing idealTree:buildDeps Completed in 93ms
44 timing idealTree:fixDepFlags Completed in 1ms
45 timing idealTree Completed in 114ms
46 timing reify:loadTrees Completed in 412ms
47 timing reify:diffTrees Completed in 5ms
48 silly reify mark retired [
48 silly reify   '/usr/local/lib/node_modules/npm',
48 silly reify   '/usr/local/bin/npm',
48 silly reify   '/usr/local/bin/npx'
48 silly reify ]
49 silly reify moves {
49 silly reify   '/usr/local/lib/node_modules/npm': '/usr/local/lib/node_modules/.npm-i9nnxROI',
49 silly reify   '/usr/local/bin/npm': '/usr/local/bin/.npm-uJtxIR1m',
49 silly reify   '/usr/local/bin/npx': '/usr/local/bin/.npx-xXo12k2C'
49 silly reify }
50 timing reify:rollback:retireShallow Completed in 10ms
51 timing command:install Completed in 854ms
52 verbose stack Error: EACCES: permission denied, rename '/usr/local/lib/node_modules/npm' -> '/usr/local/lib/node_modules/.npm-i9nnxROI'
53 verbose cwd /home/thebuffylow
54 verbose Linux 5.10.114-16024-gbdf1547bd4f4
55 verbose node v18.6.0
56 verbose npm  v8.13.2
57 error code EACCES
58 error syscall rename
59 error path /usr/local/lib/node_modules/npm
60 error dest /usr/local/lib/node_modules/.npm-i9nnxROI
61 error errno -13
62 error [Error: EACCES: permission denied, rename '/usr/local/lib/node_modules/npm' -> '/usr/local/lib/node_modules/.npm-i9nnxROI'] {
62 error   errno: -13,
62 error   code: 'EACCES',
62 error   syscall: 'rename',
62 error   path: '/usr/local/lib/node_modules/npm',
62 error   dest: '/usr/local/lib/node_modules/.npm-i9nnxROI'
62 error }
63 error
63 error The operation was rejected by your operating system.
63 error It is likely you do not have the permissions to access this file as the current user
63 error
63 error If you believe this might be a permissions issue, please double-check the
63 error permissions of the file and its containing directories, or try running
63 error the command again as root/Administrator.
64 verbose exit -13
65 timing npm Completed in 991ms
66 verbose unfinished npm timer reify 1658791230869
67 verbose unfinished npm timer reify:retireShallow 1658791231319
68 verbose code -13
69 error A complete log of this run can be found in:
69 error     /home/thebuffylow/.npm/_logs/2022-07-25T23_20_30_371Z-debug-0.log
