0 verbose cli /home/thebuffylow/.config/nvm/versions/node/v16.16.0/bin/node /home/thebuffylow/.config/nvm/versions/node/v16.16.0/bin/npm
1 info using npm@8.11.0
2 info using node@v16.16.0
3 timing npm:load:whichnode Completed in 0ms
4 timing config:load:defaults Completed in 2ms
5 timing config:load:file:/home/thebuffylow/.config/nvm/versions/node/v16.16.0/lib/node_modules/npm/npmrc Completed in 4ms
6 timing config:load:builtin Completed in 4ms
7 timing config:load:cli Completed in 2ms
8 timing config:load:env Completed in 0ms
9 timing config:load:file:/home/thebuffylow/LC101/js-assignment-6-orbit-report-buffylow/.npmrc Completed in 0ms
10 timing config:load:project Completed in 11ms
11 timing config:load:file:/home/thebuffylow/.npmrc Completed in 0ms
12 timing config:load:user Completed in 0ms
13 timing config:load:file:/home/thebuffylow/.config/nvm/versions/node/v16.16.0/etc/npmrc Completed in 1ms
14 timing config:load:global Completed in 1ms
15 timing config:load:validate Completed in 0ms
16 timing config:load:credentials Completed in 16ms
17 timing config:load:setEnvs Completed in 4ms
18 timing config:load Completed in 41ms
19 timing npm:load:configload Completed in 41ms
20 timing npm:load:mkdirpcache Completed in 1ms
21 timing npm:load:mkdirplogs Completed in 0ms
22 verbose title npm install
23 verbose argv "install"
24 timing npm:load:setTitle Completed in 1ms
25 timing config:load:flatten Completed in 6ms
26 timing npm:load:display Completed in 13ms
27 verbose logfile logs-max:10 dir:/home/thebuffylow/.npm/_logs
28 verbose logfile /home/thebuffylow/.npm/_logs/2022-08-09T00_32_19_892Z-debug-0.log
29 timing npm:load:logFile Completed in 6ms
30 timing npm:load:timers Completed in 0ms
31 timing npm:load:configScope Completed in 0ms
32 timing npm:load Completed in 63ms
33 timing arborist:ctor Completed in 1ms
34 silly logfile start cleaning logs, removing 1 files
35 silly logfile done cleaning log files
36 timing idealTree:init Completed in 18ms
37 timing idealTree:userRequests Completed in 0ms
38 silly idealTree buildDeps
39 timing idealTree:#root Completed in 0ms
40 timing idealTree:buildDeps Completed in 3ms
41 timing idealTree:fixDepFlags Completed in 0ms
42 timing idealTree Completed in 24ms
43 timing arborist:ctor Completed in 0ms
44 timing reify:loadTrees Completed in 34ms
45 timing reify:diffTrees Completed in 1ms
46 silly reify moves {}
47 timing reify:retireShallow Completed in 2ms
48 timing reify:createSparse Completed in 0ms
49 timing reify:loadBundles Completed in 0ms
50 silly audit report null
51 timing reify:audit Completed in 1ms
52 timing reify:unpack Completed in 0ms
53 timing reify:unretire Completed in 1ms
54 timing build:queue Completed in 0ms
55 timing build:deps Completed in 1ms
56 timing build Completed in 1ms
57 timing reify:build Completed in 1ms
58 timing reify:trash Completed in 0ms
59 timing reify:save Completed in 2ms
60 timing reify Completed in 73ms
61 timing command:install Completed in 77ms
62 verbose stack Error: ENOENT: no such file or directory, open '/home/thebuffylow/LC101/js-assignment-6-orbit-report-buffylow/package.json'
63 verbose cwd /home/thebuffylow/LC101/js-assignment-6-orbit-report-buffylow
64 verbose Linux 5.10.114-16025-ge75506b9d98e
65 verbose node v16.16.0
66 verbose npm  v8.11.0
67 error code ENOENT
68 error syscall open
69 error path /home/thebuffylow/LC101/js-assignment-6-orbit-report-buffylow/package.json
70 error errno -2
71 error enoent ENOENT: no such file or directory, open '/home/thebuffylow/LC101/js-assignment-6-orbit-report-buffylow/package.json'
72 error enoent This is related to npm not being able to find a file.
72 error enoent
73 verbose exit -2
74 timing npm Completed in 320ms
75 verbose code -2
76 error A complete log of this run can be found in:
76 error     /home/thebuffylow/.npm/_logs/2022-08-09T00_32_19_892Z-debug-0.log
