0 verbose cli /home/thebuffylow/.config/nvm/versions/node/v16.16.0/bin/node /home/thebuffylow/.config/nvm/versions/node/v16.16.0/bin/npm
1 info using npm@8.11.0
2 info using node@v16.16.0
3 timing npm:load:whichnode Completed in 0ms
4 timing config:load:defaults Completed in 2ms
5 timing config:load:file:/home/thebuffylow/.config/nvm/versions/node/v16.16.0/lib/node_modules/npm/npmrc Completed in 63ms
6 timing config:load:builtin Completed in 63ms
7 timing config:load:cli Completed in 16ms
8 timing config:load:env Completed in 1ms
9 timing config:load:file:/home/thebuffylow/.cache/typescript/4.7/.npmrc Completed in 1ms
10 timing config:load:project Completed in 33ms
11 timing config:load:file:/home/thebuffylow/.npmrc Completed in 0ms
12 timing config:load:user Completed in 2ms
13 timing config:load:file:/home/thebuffylow/.config/nvm/versions/node/v16.16.0/etc/npmrc Completed in 0ms
14 timing config:load:global Completed in 0ms
15 timing config:load:validate Completed in 0ms
16 timing config:load:credentials Completed in 4ms
17 timing config:load:setEnvs Completed in 7ms
18 timing config:load Completed in 130ms
19 timing npm:load:configload Completed in 130ms
20 timing npm:load:mkdirpcache Completed in 5ms
21 timing npm:load:mkdirplogs Completed in 1ms
22 verbose title npm install types-registry@latest
23 verbose argv "install" "--ignore-scripts" "types-registry@latest"
24 timing npm:load:setTitle Completed in 5ms
25 timing config:load:flatten Completed in 4ms
26 timing npm:load:display Completed in 5ms
27 verbose logfile logs-max:10 dir:/home/thebuffylow/.npm/_logs
28 verbose logfile /home/thebuffylow/.npm/_logs/2022-08-08T13_37_59_973Z-debug-0.log
29 timing npm:load:logFile Completed in 43ms
30 timing npm:load:timers Completed in 0ms
31 timing npm:load:configScope Completed in 0ms
32 timing npm:load Completed in 190ms
33 timing arborist:ctor Completed in 4ms
34 silly logfile start cleaning logs, removing 1 files
35 silly logfile done cleaning log files
36 timing idealTree:init Completed in 290ms
37 timing arborist:ctor Completed in 0ms
38 http fetch GET 200 https://registry.npmjs.org/types-registry 728ms (cache updated)
39 timing idealTree:userRequests Completed in 777ms
40 silly idealTree buildDeps
41 silly fetch manifest types-registry@0.1.604
42 silly placeDep ROOT types-registry@0.1.604 REPLACE for:  want: 0.1.604
43 timing idealTree:#root Completed in 35ms
44 timing idealTree:node_modules/types-registry Completed in 0ms
45 timing idealTree:buildDeps Completed in 37ms
46 timing idealTree:fixDepFlags Completed in 11ms
47 timing idealTree Completed in 1118ms
48 timing reify:loadTrees Completed in 1119ms
49 timing reify:diffTrees Completed in 14ms
50 silly reify mark retired [
50 silly reify   '/home/thebuffylow/.cache/typescript/4.7/node_modules/types-registry'
50 silly reify ]
51 silly reify moves {
51 silly reify   '/home/thebuffylow/.cache/typescript/4.7/node_modules/types-registry': '/home/thebuffylow/.cache/typescript/4.7/node_modules/.types-registry-o8PwWAno'
51 silly reify }
52 timing reify:retireShallow Completed in 17ms
53 timing reify:createSparse Completed in 37ms
54 timing reify:loadBundles Completed in 0ms
55 silly audit bulk request {
55 silly audit   '@types/browserify': [ '12.0.37' ],
55 silly audit   '@types/insert-module-globals': [ '7.0.2' ],
55 silly audit   '@types/isomorphic-fetch': [ '0.0.36' ],
55 silly audit   '@types/jasmine': [ '4.0.3' ],
55 silly audit   '@types/jsdom': [ '20.0.0' ],
55 silly audit   '@types/karma': [ '6.3.3' ],
55 silly audit   '@types/karma-chrome-launcher': [ '3.1.1' ],
55 silly audit   '@types/karma-coverage-istanbul-reporter': [ '2.1.1' ],
55 silly audit   '@types/karma-jasmine': [ '4.0.2' ],
55 silly audit   '@types/karma-jasmine-html-reporter': [ '1.7.0' ],
55 silly audit   '@types/node': [ '18.6.1' ],
55 silly audit   '@types/node-fetch': [ '2.6.2' ],
55 silly audit   '@types/testing-library__jasmine-dom': [ '1.0.3' ],
55 silly audit   '@types/tough-cookie': [ '4.0.2' ],
55 silly audit   asynckit: [ '0.4.0' ],
55 silly audit   'combined-stream': [ '1.0.8' ],
55 silly audit   'date-format': [ '4.0.13' ],
55 silly audit   debug: [ '4.3.4' ],
55 silly audit   'delayed-stream': [ '1.0.0' ],
55 silly audit   entities: [ '4.3.1' ],
55 silly audit   flatted: [ '3.2.6' ],
55 silly audit   'form-data': [ '3.0.1' ],
55 silly audit   'fs-extra': [ '8.1.0' ],
55 silly audit   'graceful-fs': [ '4.2.10' ],
55 silly audit   jsonfile: [ '4.0.0' ],
55 silly audit   log4js: [ '6.6.1' ],
55 silly audit   'mime-db': [ '1.52.0' ],
55 silly audit   'mime-types': [ '2.1.35' ],
55 silly audit   ms: [ '2.1.2' ],
55 silly audit   parse5: [ '7.0.0' ],
55 silly audit   rfdc: [ '1.3.0' ],
55 silly audit   streamroller: [ '3.1.2' ],
55 silly audit   universalify: [ '0.1.2' ],
55 silly audit   'types-registry': [ '0.1.604' ]
55 silly audit }
56 silly tarball no local data for types-registry@https://registry.npmjs.org/types-registry/-/types-registry-0.1.604.tgz. Extracting by manifest.
57 http fetch POST 200 https://registry.npmjs.org/-/npm/v1/security/advisories/bulk 192ms
58 timing auditReport:getReport Completed in 204ms
59 silly audit report {}
60 timing auditReport:init Completed in 0ms
61 timing reify:audit Completed in 205ms
62 http fetch GET 200 https://registry.npmjs.org/types-registry/-/types-registry-0.1.604.tgz 578ms (cache miss)
63 timing reifyNode:node_modules/types-registry Completed in 684ms
64 timing reify:unpack Completed in 684ms
65 timing reify:unretire Completed in 0ms
66 timing build:queue Completed in 9ms
67 timing build:deps Completed in 10ms
68 timing build Completed in 10ms
69 timing reify:build Completed in 36ms
70 timing reify:trash Completed in 29ms
71 timing reify:save Completed in 162ms
72 timing reify Completed in 2200ms
73 silly CHANGE node_modules/types-registry
74 timing command:install Completed in 2234ms
75 verbose exit 0
76 timing npm Completed in 2893ms
77 info ok
