0 verbose cli /usr/local/bin/node /usr/local/bin/npm
1 info using npm@8.15.1
2 info using node@v18.6.0
3 timing npm:load:whichnode Completed in 0ms
4 timing config:load:defaults Completed in 2ms
5 timing config:load:file:/usr/local/lib/node_modules/npm/npmrc Completed in 31ms
6 timing config:load:builtin Completed in 32ms
7 timing config:load:cli Completed in 3ms
8 timing config:load:env Completed in 1ms
9 timing config:load:file:/home/thebuffylow/.cache/typescript/4.7/.npmrc Completed in 0ms
10 timing config:load:project Completed in 32ms
11 timing config:load:file:/home/thebuffylow/.npmrc Completed in 0ms
12 timing config:load:user Completed in 0ms
13 timing config:load:file:/usr/local/etc/npmrc Completed in 0ms
14 timing config:load:global Completed in 0ms
15 timing config:load:validate Completed in 1ms
16 timing config:load:credentials Completed in 1ms
17 timing config:load:setEnvs Completed in 1ms
18 timing config:load Completed in 74ms
19 timing npm:load:configload Completed in 74ms
20 timing npm:load:mkdirpcache Completed in 4ms
21 timing npm:load:mkdirplogs Completed in 1ms
22 verbose title npm install @types/karma@ts4.7 @types/karma-chrome-launcher@ts4.7 @types/karma-coverage-istanbul-reporter@ts4.7 @types/karma-jasmine@ts4.7 @types/karma-jasmine-html-reporter@ts4.7
23 verbose argv "install" "--ignore-scripts" "@types/karma@ts4.7" "@types/karma-chrome-launcher@ts4.7" "@types/karma-coverage-istanbul-reporter@ts4.7" "@types/karma-jasmine@ts4.7" "@types/karma-jasmine-html-reporter@ts4.7" "--save-dev" "--user-agent" "typesInstaller/4.7.3"
24 timing npm:load:setTitle Completed in 2ms
25 timing config:load:flatten Completed in 37ms
26 timing npm:load:display Completed in 38ms
27 verbose logfile logs-max:10 dir:/home/thebuffylow/.npm/_logs
28 verbose logfile /home/thebuffylow/.npm/_logs/2022-08-01T16_02_39_817Z-debug-0.log
29 timing npm:load:logFile Completed in 38ms
30 timing npm:load:timers Completed in 0ms
31 timing npm:load:configScope Completed in 0ms
32 timing npm:load Completed in 162ms
33 timing arborist:ctor Completed in 2ms
34 silly logfile start cleaning logs, removing 1 files
35 silly logfile done cleaning log files
36 timing idealTree:init Completed in 41ms
37 timing arborist:ctor Completed in 1ms
38 http fetch GET 200 https://registry.npmjs.org/@types%2fkarma-chrome-launcher 366ms (cache miss)
39 http fetch GET 200 https://registry.npmjs.org/@types%2fkarma 375ms (cache miss)
40 http fetch GET 200 https://registry.npmjs.org/@types%2fkarma-jasmine-html-reporter 419ms (cache miss)
41 http fetch GET 200 https://registry.npmjs.org/@types%2fkarma-jasmine 429ms (cache miss)
42 http fetch GET 200 https://registry.npmjs.org/@types%2fkarma-coverage-istanbul-reporter 435ms (cache miss)
43 timing idealTree:userRequests Completed in 443ms
44 silly idealTree buildDeps
45 silly fetch manifest @types/karma@6.3.3
46 silly fetch manifest @types/karma-chrome-launcher@3.1.1
47 silly fetch manifest @types/karma-coverage-istanbul-reporter@2.1.1
48 silly fetch manifest @types/karma-jasmine@4.0.2
49 silly fetch manifest @types/karma-jasmine-html-reporter@1.7.0
50 silly placeDep ROOT @types/karma@6.3.3 OK for:  want: 6.3.3
51 silly placeDep ROOT @types/karma-chrome-launcher@3.1.1 OK for:  want: 3.1.1
52 silly placeDep ROOT @types/karma-coverage-istanbul-reporter@2.1.1 OK for:  want: 2.1.1
53 silly placeDep ROOT @types/karma-jasmine@4.0.2 OK for:  want: 4.0.2
54 silly placeDep ROOT @types/karma-jasmine-html-reporter@1.7.0 OK for:  want: 1.7.0
55 silly fetch manifest log4js@^6.4.1
56 http fetch GET 200 https://registry.npmjs.org/log4js 117ms (cache miss)
57 timing idealTree:#root Completed in 148ms
58 silly placeDep ROOT log4js@6.6.1 OK for: @types/karma@6.3.3 want: ^6.4.1
59 silly fetch manifest date-format@^4.0.13
60 silly fetch manifest debug@^4.3.4
61 silly fetch manifest flatted@^3.2.6
62 silly fetch manifest rfdc@^1.3.0
63 silly fetch manifest streamroller@^3.1.2
64 http fetch GET 200 https://registry.npmjs.org/debug 111ms (cache revalidated)
65 http fetch GET 200 https://registry.npmjs.org/date-format 143ms (cache miss)
66 http fetch GET 200 https://registry.npmjs.org/rfdc 155ms (cache miss)
67 http fetch GET 200 https://registry.npmjs.org/flatted 156ms (cache miss)
68 http fetch GET 200 https://registry.npmjs.org/streamroller 158ms (cache miss)
69 timing idealTree:node_modules/@types/karma Completed in 165ms
70 timing idealTree:node_modules/@types/karma-chrome-launcher Completed in 0ms
71 timing idealTree:node_modules/@types/karma-coverage-istanbul-reporter Completed in 0ms
72 timing idealTree:node_modules/@types/karma-jasmine Completed in 0ms
73 timing idealTree:node_modules/@types/karma-jasmine-html-reporter Completed in 0ms
74 silly placeDep ROOT date-format@4.0.13 OK for: log4js@6.6.1 want: ^4.0.13
75 silly placeDep ROOT debug@4.3.4 OK for: log4js@6.6.1 want: ^4.3.4
76 silly placeDep ROOT flatted@3.2.6 OK for: log4js@6.6.1 want: ^3.2.6
77 silly placeDep ROOT rfdc@1.3.0 OK for: log4js@6.6.1 want: ^1.3.0
78 silly placeDep ROOT streamroller@3.1.2 OK for: log4js@6.6.1 want: ^3.1.2
79 silly fetch manifest ms@2.1.2
80 silly fetch manifest fs-extra@^8.1.0
81 http fetch GET 200 https://registry.npmjs.org/ms 142ms (cache revalidated)
82 http fetch GET 200 https://registry.npmjs.org/fs-extra 154ms (cache miss)
83 timing idealTree:node_modules/log4js Completed in 186ms
84 timing idealTree:node_modules/date-format Completed in 0ms
85 silly placeDep ROOT ms@2.1.2 OK for: debug@4.3.4 want: 2.1.2
86 timing idealTree:node_modules/debug Completed in 8ms
87 timing idealTree:node_modules/flatted Completed in 1ms
88 timing idealTree:node_modules/ms Completed in 0ms
89 timing idealTree:node_modules/rfdc Completed in 0ms
90 silly placeDep ROOT fs-extra@8.1.0 OK for: streamroller@3.1.2 want: ^8.1.0
91 silly fetch manifest graceful-fs@^4.2.0
92 silly fetch manifest jsonfile@^4.0.0
93 silly fetch manifest universalify@^0.1.0
94 http fetch GET 200 https://registry.npmjs.org/universalify 91ms (cache miss)
95 http fetch GET 200 https://registry.npmjs.org/jsonfile 137ms (cache miss)
96 http fetch GET 200 https://registry.npmjs.org/graceful-fs 152ms (cache revalidated)
97 timing idealTree:node_modules/streamroller Completed in 163ms
98 silly placeDep ROOT graceful-fs@4.2.10 OK for: fs-extra@8.1.0 want: ^4.2.0
99 silly placeDep ROOT jsonfile@4.0.0 OK for: fs-extra@8.1.0 want: ^4.0.0
100 silly placeDep ROOT universalify@0.1.2 OK for: fs-extra@8.1.0 want: ^0.1.0
101 timing idealTree:node_modules/fs-extra Completed in 9ms
102 timing idealTree:node_modules/graceful-fs Completed in 0ms
103 timing idealTree:node_modules/jsonfile Completed in 0ms
104 timing idealTree:node_modules/universalify Completed in 0ms
105 timing idealTree:buildDeps Completed in 687ms
106 timing idealTree:fixDepFlags Completed in 1ms
107 timing idealTree Completed in 1176ms
108 timing reify:loadTrees Completed in 1177ms
109 timing reify:diffTrees Completed in 5ms
110 silly reify moves {}
111 timing reify:retireShallow Completed in 2ms
112 timing reify:createSparse Completed in 9ms
113 timing reify:loadBundles Completed in 0ms
114 silly audit bulk request {
114 silly audit   '@types/browserify': [ '12.0.37' ],
114 silly audit   '@types/insert-module-globals': [ '7.0.2' ],
114 silly audit   '@types/isomorphic-fetch': [ '0.0.36' ],
114 silly audit   '@types/jasmine': [ '4.0.3' ],
114 silly audit   '@types/jsdom': [ '20.0.0' ],
114 silly audit   '@types/node': [ '18.6.1' ],
114 silly audit   '@types/node-fetch': [ '2.6.2' ],
114 silly audit   '@types/testing-library__jasmine-dom': [ '1.0.3' ],
114 silly audit   '@types/tough-cookie': [ '4.0.2' ],
114 silly audit   asynckit: [ '0.4.0' ],
114 silly audit   'combined-stream': [ '1.0.8' ],
114 silly audit   'delayed-stream': [ '1.0.0' ],
114 silly audit   entities: [ '4.3.1' ],
114 silly audit   'form-data': [ '3.0.1' ],
114 silly audit   'mime-db': [ '1.52.0' ],
114 silly audit   'mime-types': [ '2.1.35' ],
114 silly audit   parse5: [ '7.0.0' ],
114 silly audit   'types-registry': [ '0.1.603' ],
114 silly audit   '@types/karma': [ '6.3.3' ],
114 silly audit   '@types/karma-chrome-launcher': [ '3.1.1' ],
114 silly audit   '@types/karma-coverage-istanbul-reporter': [ '2.1.1' ],
114 silly audit   '@types/karma-jasmine': [ '4.0.2' ],
114 silly audit   '@types/karma-jasmine-html-reporter': [ '1.7.0' ],
114 silly audit   log4js: [ '6.6.1' ],
114 silly audit   'date-format': [ '4.0.13' ],
114 silly audit   debug: [ '4.3.4' ],
114 silly audit   flatted: [ '3.2.6' ],
114 silly audit   rfdc: [ '1.3.0' ],
114 silly audit   streamroller: [ '3.1.2' ],
114 silly audit   ms: [ '2.1.2' ],
114 silly audit   'fs-extra': [ '8.1.0' ],
114 silly audit   'graceful-fs': [ '4.2.10' ],
114 silly audit   jsonfile: [ '4.0.0' ],
114 silly audit   universalify: [ '0.1.2' ]
114 silly audit }
115 silly tarball no local data for universalify@https://registry.npmjs.org/universalify/-/universalify-0.1.2.tgz. Extracting by manifest.
116 silly tarball no local data for jsonfile@https://registry.npmjs.org/jsonfile/-/jsonfile-4.0.0.tgz. Extracting by manifest.
117 silly tarball no local data for graceful-fs@https://registry.npmjs.org/graceful-fs/-/graceful-fs-4.2.10.tgz. Extracting by manifest.
118 silly tarball no local data for fs-extra@https://registry.npmjs.org/fs-extra/-/fs-extra-8.1.0.tgz. Extracting by manifest.
119 silly tarball no local data for ms@https://registry.npmjs.org/ms/-/ms-2.1.2.tgz. Extracting by manifest.
120 silly tarball no local data for streamroller@https://registry.npmjs.org/streamroller/-/streamroller-3.1.2.tgz. Extracting by manifest.
121 silly tarball no local data for rfdc@https://registry.npmjs.org/rfdc/-/rfdc-1.3.0.tgz. Extracting by manifest.
122 silly tarball no local data for flatted@https://registry.npmjs.org/flatted/-/flatted-3.2.6.tgz. Extracting by manifest.
123 silly tarball no local data for debug@https://registry.npmjs.org/debug/-/debug-4.3.4.tgz. Extracting by manifest.
124 silly tarball no local data for date-format@https://registry.npmjs.org/date-format/-/date-format-4.0.13.tgz. Extracting by manifest.
125 silly tarball no local data for log4js@https://registry.npmjs.org/log4js/-/log4js-6.6.1.tgz. Extracting by manifest.
126 silly tarball no local data for @types/karma-jasmine-html-reporter@https://registry.npmjs.org/@types/karma-jasmine-html-reporter/-/karma-jasmine-html-reporter-1.7.0.tgz. Extracting by manifest.
127 silly tarball no local data for @types/karma-jasmine@https://registry.npmjs.org/@types/karma-jasmine/-/karma-jasmine-4.0.2.tgz. Extracting by manifest.
128 silly tarball no local data for @types/karma-coverage-istanbul-reporter@https://registry.npmjs.org/@types/karma-coverage-istanbul-reporter/-/karma-coverage-istanbul-reporter-2.1.1.tgz. Extracting by manifest.
129 silly tarball no local data for @types/karma-chrome-launcher@https://registry.npmjs.org/@types/karma-chrome-launcher/-/karma-chrome-launcher-3.1.1.tgz. Extracting by manifest.
130 silly tarball no local data for @types/karma@https://registry.npmjs.org/@types/karma/-/karma-6.3.3.tgz. Extracting by manifest.
131 http fetch GET 200 https://registry.npmjs.org/graceful-fs/-/graceful-fs-4.2.10.tgz 189ms (cache miss)
132 timing reifyNode:node_modules/graceful-fs Completed in 262ms
133 http fetch GET 200 https://registry.npmjs.org/universalify/-/universalify-0.1.2.tgz 198ms (cache miss)
134 timing reifyNode:node_modules/universalify Completed in 265ms
135 http fetch GET 200 https://registry.npmjs.org/jsonfile/-/jsonfile-4.0.0.tgz 196ms (cache miss)
136 timing reifyNode:node_modules/jsonfile Completed in 268ms
137 http fetch GET 200 https://registry.npmjs.org/fs-extra/-/fs-extra-8.1.0.tgz 275ms (cache miss)
138 timing reifyNode:node_modules/fs-extra Completed in 348ms
139 http fetch GET 200 https://registry.npmjs.org/ms/-/ms-2.1.2.tgz 293ms (cache miss)
140 timing reifyNode:node_modules/ms Completed in 369ms
141 http fetch GET 200 https://registry.npmjs.org/@types/karma-chrome-launcher/-/karma-chrome-launcher-3.1.1.tgz 279ms (cache miss)
142 timing reifyNode:node_modules/@types/karma-chrome-launcher Completed in 373ms
143 http fetch GET 200 https://registry.npmjs.org/streamroller/-/streamroller-3.1.2.tgz 355ms (cache miss)
144 timing reifyNode:node_modules/streamroller Completed in 434ms
145 http fetch GET 200 https://registry.npmjs.org/date-format/-/date-format-4.0.13.tgz 364ms (cache miss)
146 timing reifyNode:node_modules/date-format Completed in 451ms
147 http fetch GET 200 https://registry.npmjs.org/@types/karma-coverage-istanbul-reporter/-/karma-coverage-istanbul-reporter-2.1.1.tgz 361ms (cache miss)
148 timing reifyNode:node_modules/@types/karma-coverage-istanbul-reporter Completed in 454ms
149 http fetch GET 200 https://registry.npmjs.org/debug/-/debug-4.3.4.tgz 385ms (cache miss)
150 timing reifyNode:node_modules/debug Completed in 469ms
151 http fetch GET 200 https://registry.npmjs.org/rfdc/-/rfdc-1.3.0.tgz 390ms (cache miss)
152 timing reifyNode:node_modules/rfdc Completed in 472ms
153 http fetch GET 200 https://registry.npmjs.org/flatted/-/flatted-3.2.6.tgz 393ms (cache miss)
154 http fetch GET 200 https://registry.npmjs.org/@types/karma/-/karma-6.3.3.tgz 379ms (cache miss)
155 timing reifyNode:node_modules/@types/karma Completed in 476ms
156 timing reifyNode:node_modules/flatted Completed in 477ms
157 http fetch GET 200 https://registry.npmjs.org/log4js/-/log4js-6.6.1.tgz 391ms (cache miss)
158 timing reifyNode:node_modules/log4js Completed in 480ms
159 http fetch GET 200 https://registry.npmjs.org/@types/karma-jasmine-html-reporter/-/karma-jasmine-html-reporter-1.7.0.tgz 441ms (cache miss)
160 timing reifyNode:node_modules/@types/karma-jasmine-html-reporter Completed in 532ms
161 http fetch POST 200 https://registry.npmjs.org/-/npm/v1/security/advisories/bulk 587ms
162 timing auditReport:getReport Completed in 594ms
163 silly audit report {}
164 timing auditReport:init Completed in 0ms
165 timing reify:audit Completed in 595ms
166 http fetch GET 200 https://registry.npmjs.org/@types/karma-jasmine/-/karma-jasmine-4.0.2.tgz 614ms (cache miss)
167 timing reifyNode:node_modules/@types/karma-jasmine Completed in 706ms
168 timing reify:unpack Completed in 707ms
169 timing reify:unretire Completed in 1ms
170 timing build:queue Completed in 9ms
171 timing build:deps Completed in 11ms
172 timing build Completed in 12ms
173 timing reify:build Completed in 13ms
174 timing reify:trash Completed in 1ms
175 timing reify:save Completed in 55ms
176 timing reify Completed in 2020ms
177 silly ADD node_modules/universalify
178 silly ADD node_modules/jsonfile
179 silly ADD node_modules/graceful-fs
180 silly ADD node_modules/fs-extra
181 silly ADD node_modules/ms
182 silly ADD node_modules/streamroller
183 silly ADD node_modules/rfdc
184 silly ADD node_modules/flatted
185 silly ADD node_modules/debug
186 silly ADD node_modules/date-format
187 silly ADD node_modules/log4js
188 silly ADD node_modules/@types/karma-jasmine-html-reporter
189 silly ADD node_modules/@types/karma-jasmine
190 silly ADD node_modules/@types/karma-coverage-istanbul-reporter
191 silly ADD node_modules/@types/karma-chrome-launcher
192 silly ADD node_modules/@types/karma
193 timing command:install Completed in 2034ms
194 verbose exit 0
195 timing npm Completed in 2430ms
196 info ok
