0 verbose cli /usr/local/bin/node /usr/local/bin/npm
1 info using npm@8.13.2
2 info using node@v18.6.0
3 timing npm:load:whichnode Completed in 0ms
4 timing config:load:defaults Completed in 1ms
5 timing config:load:file:/usr/local/lib/node_modules/npm/npmrc Completed in 2ms
6 timing config:load:builtin Completed in 2ms
7 timing config:load:cli Completed in 3ms
8 timing config:load:env Completed in 1ms
9 timing config:load:project Completed in 10ms
10 timing config:load:file:/home/thebuffylow/.npmrc Completed in 2ms
11 timing config:load:user Completed in 2ms
12 timing config:load:file:/usr/local/etc/npmrc Completed in 1ms
13 timing config:load:global Completed in 1ms
14 timing config:load:validate Completed in 0ms
15 timing config:load:credentials Completed in 1ms
16 timing config:load:setEnvs Completed in 1ms
17 timing config:load Completed in 22ms
18 timing npm:load:configload Completed in 23ms
19 timing npm:load:mkdirpcache Completed in 3ms
20 timing npm:load:mkdirplogs Completed in 1ms
21 verbose title npm install typescript
22 verbose argv "install" "typescript" "--global"
23 timing npm:load:setTitle Completed in 1ms
24 timing config:load:flatten Completed in 3ms
25 timing npm:load:display Completed in 5ms
26 verbose logfile logs-max:10 dir:/home/thebuffylow/.npm/_logs
27 verbose logfile /home/thebuffylow/.npm/_logs/2022-07-25T23_06_49_091Z-debug-0.log
28 timing npm:load:logFile Completed in 8ms
29 timing npm:load:timers Completed in 0ms
30 timing npm:load:configScope Completed in 0ms
31 timing npm:load Completed in 41ms
32 timing arborist:ctor Completed in 1ms
33 silly logfile done cleaning log files
34 timing idealTree:init Completed in 28ms
35 timing idealTree:userRequests Completed in 7ms
36 silly idealTree buildDeps
37 silly fetch manifest typescript@*
38 http fetch GET 200 https://registry.npmjs.org/typescript 105ms (cache hit)
39 silly placeDep ROOT typescript@4.7.4 OK for:  want: *
40 timing idealTree:#root Completed in 249ms
41 timing idealTree:node_modules/typescript Completed in 0ms
42 timing idealTree:buildDeps Completed in 252ms
43 timing idealTree:fixDepFlags Completed in 1ms
44 timing idealTree Completed in 295ms
45 timing reify:loadTrees Completed in 305ms
46 timing reify:diffTrees Completed in 1ms
47 silly reify moves {}
48 timing reify:retireShallow Completed in 4ms
49 timing reify:rollback:createSparse Completed in 0ms
50 timing reify:rollback:retireShallow Completed in 0ms
51 timing command:install Completed in 348ms
52 verbose stack Error: EACCES: permission denied, mkdir '/usr/local/lib/node_modules/typescript'
53 verbose cwd /home/thebuffylow
54 verbose Linux 5.10.114-16024-gbdf1547bd4f4
55 verbose node v18.6.0
56 verbose npm  v8.13.2
57 error code EACCES
58 error syscall mkdir
59 error path /usr/local/lib/node_modules/typescript
60 error errno -13
61 error [Error: EACCES: permission denied, mkdir '/usr/local/lib/node_modules/typescript'] {
61 error   errno: -13,
61 error   code: 'EACCES',
61 error   syscall: 'mkdir',
61 error   path: '/usr/local/lib/node_modules/typescript'
61 error }
62 error
62 error The operation was rejected by your operating system.
62 error It is likely you do not have the permissions to access this file as the current user
62 error
62 error If you believe this might be a permissions issue, please double-check the
62 error permissions of the file and its containing directories, or try running
62 error the command again as root/Administrator.
63 verbose exit -13
64 timing npm Completed in 476ms
65 verbose unfinished npm timer reify 1658790409214
66 verbose unfinished npm timer reify:createSparse 1658790409550
67 verbose code -13
68 error A complete log of this run can be found in:
68 error     /home/thebuffylow/.npm/_logs/2022-07-25T23_06_49_091Z-debug-0.log
