0 verbose cli /usr/local/bin/node /usr/local/bin/npm
1 info using npm@8.15.1
2 info using node@v18.6.0
3 timing npm:load:whichnode Completed in 0ms
4 timing config:load:defaults Completed in 1ms
5 timing config:load:file:/usr/local/lib/node_modules/npm/npmrc Completed in 2ms
6 timing config:load:builtin Completed in 2ms
7 timing config:load:cli Completed in 4ms
8 timing config:load:env Completed in 1ms
9 timing config:load:project Completed in 2ms
10 timing config:load:file:/home/thebuffylow/.npmrc Completed in 6ms
11 timing config:load:user Completed in 7ms
12 timing config:load:file:/usr/local/etc/npmrc Completed in 5ms
13 timing config:load:global Completed in 5ms
14 timing config:load:validate Completed in 0ms
15 timing config:load:credentials Completed in 1ms
16 timing config:load:setEnvs Completed in 1ms
17 timing config:load Completed in 25ms
18 timing npm:load:configload Completed in 27ms
19 timing npm:load:mkdirpcache Completed in 2ms
20 timing npm:load:mkdirplogs Completed in 0ms
21 verbose title npm install node@14.15.1
22 verbose argv "install" "--global" "node@14.15.1"
23 timing npm:load:setTitle Completed in 1ms
24 timing config:load:flatten Completed in 4ms
25 timing npm:load:display Completed in 6ms
26 verbose logfile logs-max:10 dir:/home/thebuffylow/.npm/_logs
27 verbose logfile /home/thebuffylow/.npm/_logs/2022-08-05T00_14_35_750Z-debug-0.log
28 timing npm:load:logFile Completed in 6ms
29 timing npm:load:timers Completed in 0ms
30 timing npm:load:configScope Completed in 0ms
31 timing npm:load Completed in 45ms
32 timing arborist:ctor Completed in 1ms
33 silly logfile start cleaning logs, removing 1 files
34 silly logfile done cleaning log files
35 timing idealTree:init Completed in 19ms
36 timing idealTree:userRequests Completed in 8ms
37 silly idealTree buildDeps
38 silly fetch manifest node@14.15.1
39 http fetch GET 200 https://registry.npmjs.org/node 757ms (cache miss)
40 silly placeDep ROOT node@14.15.1 OK for:  want: 14.15.1
41 silly fetch manifest node-bin-setup@^1.0.0
42 http fetch GET 200 https://registry.npmjs.org/node-bin-setup 184ms (cache miss)
43 timing idealTree:#root Completed in 978ms
44 silly placeDep node_modules/node node-bin-setup@1.1.0 OK for: node@14.15.1 want: ^1.0.0
45 timing idealTree:node_modules/node Completed in 4ms
46 timing idealTree:node_modules/node/node_modules/node-bin-setup Completed in 0ms
47 timing idealTree:buildDeps Completed in 989ms
48 timing idealTree:fixDepFlags Completed in 1ms
49 timing idealTree Completed in 1022ms
50 timing reify:loadTrees Completed in 1029ms
51 timing reify:diffTrees Completed in 2ms
52 silly reify moves {}
53 timing reify:retireShallow Completed in 1ms
54 timing reify:rollback:createSparse Completed in 0ms
55 timing reify:rollback:retireShallow Completed in 0ms
56 timing command:install Completed in 1065ms
57 verbose stack Error: EACCES: permission denied, mkdir '/usr/local/lib/node_modules/node'
58 verbose cwd /home/thebuffylow
59 verbose Linux 5.10.114-16025-ge75506b9d98e
60 verbose node v18.6.0
61 verbose npm  v8.15.1
62 error code EACCES
63 error syscall mkdir
64 error path /usr/local/lib/node_modules/node
65 error errno -13
66 error [Error: EACCES: permission denied, mkdir '/usr/local/lib/node_modules/node'] {
66 error   errno: -13,
66 error   code: 'EACCES',
66 error   syscall: 'mkdir',
66 error   path: '/usr/local/lib/node_modules/node'
66 error }
67 error
67 error The operation was rejected by your operating system.
67 error It is likely you do not have the permissions to access this file as the current user
67 error
67 error If you believe this might be a permissions issue, please double-check the
67 error permissions of the file and its containing directories, or try running
67 error the command again as root/Administrator.
68 verbose exit -13
69 timing npm Completed in 1213ms
70 verbose unfinished npm timer reify 1659658475893
71 verbose unfinished npm timer reify:createSparse 1659658476946
72 verbose code -13
73 error A complete log of this run can be found in:
73 error     /home/thebuffylow/.npm/_logs/2022-08-05T00_14_35_750Z-debug-0.log
