[2022-08-01T19:00:48.159Z] Log level: Info
[2022-08-01T19:00:48.171Z] [info] Validating found git in: git
[2022-08-01T19:00:48.219Z] [info] Using git 2.30.2 from git
[2022-08-01T19:00:48.260Z] > git rev-parse --show-toplevel [24ms]
[2022-08-01T19:00:48.274Z] > git rev-parse --git-dir --git-common-dir [3ms]
[2022-08-01T19:00:48.281Z] [info] Open repository: /home/thebuffylow/LC101/angular-lc101-projects
[2022-08-01T19:00:48.938Z] > git status -z -uall [639ms]
[2022-08-01T19:00:48.946Z] > git check-ignore -v -z --stdin [11ms]
[2022-08-01T19:00:48.949Z] > git symbolic-ref --short HEAD [4ms]
[2022-08-01T19:00:48.957Z] > git for-each-ref --format=%(refname)%00%(upstream:short)%00%(objectname)%00%(upstream:track)%00%(upstream:remotename)%00%(upstream:remoteref) refs/heads/master refs/remotes/master [3ms]
[2022-08-01T19:00:48.992Z] > git for-each-ref --sort -committerdate --format %(refname) %(objectname) %(*objectname) [29ms]
[2022-08-01T19:00:48.995Z] > git remote --verbose [8ms]
[2022-08-01T19:00:49.019Z] > git config --get commit.template [2ms]
[2022-08-01T19:00:49.049Z] > git status -z -uall [22ms]
[2022-08-01T19:00:49.057Z] > git symbolic-ref --short HEAD [3ms]
[2022-08-01T19:00:49.151Z] > git for-each-ref --format=%(refname)%00%(upstream:short)%00%(objectname)%00%(upstream:track)%00%(upstream:remotename)%00%(upstream:remoteref) refs/heads/master refs/remotes/master [73ms]
[2022-08-01T19:00:49.182Z] > git for-each-ref --sort -committerdate --format %(refname) %(objectname) %(*objectname) [24ms]
[2022-08-01T19:00:49.184Z] > git remote --verbose [3ms]
[2022-08-01T19:00:49.200Z] > git config --get commit.template [4ms]
[2022-08-01T19:00:49.468Z] > git check-ignore -v -z --stdin [10ms]
[2022-08-01T19:01:04.913Z] > git check-ignore -v -z --stdin [3ms]
[2022-08-01T19:01:06.495Z] > git check-ignore -v -z --stdin [9ms]
[2022-08-01T19:01:12.205Z] > git check-ignore -v -z --stdin [3ms]
[2022-08-01T19:01:16.284Z] > git check-ignore -v -z --stdin [6ms]
[2022-08-01T19:01:18.353Z] > git show --textconv :lesson1/exercises/src/app/app.component.css [13ms]
[2022-08-01T19:01:18.357Z] > git ls-files --stage -- /home/thebuffylow/LC101/angular-lc101-projects/lesson1/exercises/src/app/app.component.css [5ms]
[2022-08-01T19:01:18.386Z] > git cat-file -s e69de29bb2d1d6434b8b29ae775ad8c2e48c5391 [3ms]
[2022-08-01T19:01:21.074Z] > git show --textconv :lesson1/exercises/src/app/app.component.html [16ms]
[2022-08-01T19:01:21.081Z] > git ls-files --stage -- /home/thebuffylow/LC101/angular-lc101-projects/lesson1/exercises/src/app/app.component.html [8ms]
[2022-08-01T19:01:21.110Z] > git cat-file -s b164326b7943342b7cc53f79c88da33faea67ea5 [4ms]
[2022-08-01T19:08:58.919Z] > git status -z -uall [74ms]
[2022-08-01T19:08:58.936Z] > git symbolic-ref --short HEAD [3ms]
[2022-08-01T19:08:58.947Z] > git for-each-ref --format=%(refname)%00%(upstream:short)%00%(objectname)%00%(upstream:track)%00%(upstream:remotename)%00%(upstream:remoteref) refs/heads/master refs/remotes/master [3ms]
[2022-08-01T19:08:58.966Z] > git for-each-ref --sort -committerdate --format %(refname) %(objectname) %(*objectname) [11ms]
[2022-08-01T19:08:58.969Z] > git remote --verbose [5ms]
[2022-08-01T19:08:58.999Z] > git config --get commit.template [3ms]
[2022-08-01T19:09:57.621Z] > git status -z -uall [101ms]
[2022-08-01T19:09:57.639Z] > git symbolic-ref --short HEAD [7ms]
[2022-08-01T19:09:57.648Z] > git for-each-ref --format=%(refname)%00%(upstream:short)%00%(objectname)%00%(upstream:track)%00%(upstream:remotename)%00%(upstream:remoteref) refs/heads/master refs/remotes/master [3ms]
[2022-08-01T19:09:57.662Z] > git for-each-ref --sort -committerdate --format %(refname) %(objectname) %(*objectname) [8ms]
[2022-08-01T19:09:57.662Z] > git remote --verbose [2ms]
[2022-08-01T19:09:57.680Z] > git config --get commit.template [1ms]
