[2022-07-21T23:39:01.782Z] Log level: Info
[2022-07-21T23:39:01.784Z] [info] Validating found git in: git
[2022-07-21T23:39:01.835Z] [info] Using git 2.30.2 from git
[2022-07-21T23:39:01.895Z] > git rev-parse --show-toplevel [46ms]
[2022-07-21T23:39:02.340Z] > git rev-parse --git-dir --git-common-dir [434ms]
[2022-07-21T23:39:02.344Z] [info] Open repository: /home/thebuffylow/LC101/Fetch-and-JSON-Studio
[2022-07-21T23:39:02.380Z] > git status -z -uall [28ms]
[2022-07-21T23:39:02.423Z] > git symbolic-ref --short HEAD [21ms]
[2022-07-21T23:39:02.444Z] > git for-each-ref --format=%(refname)%00%(upstream:short)%00%(objectname)%00%(upstream:track)%00%(upstream:remotename)%00%(upstream:remoteref) refs/heads/main refs/remotes/main [11ms]
[2022-07-21T23:39:02.460Z] > git remote --verbose [4ms]
[2022-07-21T23:39:02.461Z] > git for-each-ref --sort -committerdate --format %(refname) %(objectname) %(*objectname) [10ms]
[2022-07-21T23:39:02.487Z] > git config --get commit.template [15ms]
[2022-07-21T23:39:02.507Z] > git status -z -uall [3ms]
[2022-07-21T23:39:02.515Z] > git symbolic-ref --short HEAD [2ms]
[2022-07-21T23:39:02.522Z] > git for-each-ref --format=%(refname)%00%(upstream:short)%00%(objectname)%00%(upstream:track)%00%(upstream:remotename)%00%(upstream:remoteref) refs/heads/main refs/remotes/main [2ms]
[2022-07-21T23:39:02.534Z] > git for-each-ref --sort -committerdate --format %(refname) %(objectname) %(*objectname) [6ms]
[2022-07-21T23:39:02.535Z] > git remote --verbose [2ms]
[2022-07-21T23:39:02.547Z] > git config --get commit.template [2ms]
[2022-07-21T23:39:02.950Z] > git check-ignore -v -z --stdin [6ms]
[2022-07-21T23:39:03.769Z] > git show --textconv :index.html [93ms]
[2022-07-21T23:39:03.770Z] > git ls-files --stage -- /home/thebuffylow/LC101/Fetch-and-JSON-Studio/index.html [70ms]
[2022-07-21T23:39:03.805Z] > git cat-file -s c69204f4de7a96d75699a536b08475e52be3b8e1 [6ms]
[2022-07-21T23:39:19.280Z] > git show --textconv :script.js [42ms]
[2022-07-21T23:39:19.290Z] > git ls-files --stage -- /home/thebuffylow/LC101/Fetch-and-JSON-Studio/script.js [27ms]
[2022-07-21T23:39:19.307Z] > git cat-file -s 94170305e21156ae5490c1d6f851b21dc9df47da [6ms]
[2022-07-21T23:39:23.149Z] > git show --textconv :index.html [17ms]
[2022-07-21T23:39:23.162Z] > git ls-files --stage -- /home/thebuffylow/LC101/Fetch-and-JSON-Studio/index.html [13ms]
[2022-07-21T23:39:23.183Z] > git cat-file -s c69204f4de7a96d75699a536b08475e52be3b8e1 [3ms]
[2022-07-21T23:39:28.048Z] > git show --textconv :style.css [11ms]
[2022-07-21T23:39:28.051Z] > git ls-files --stage -- /home/thebuffylow/LC101/Fetch-and-JSON-Studio/style.css [4ms]
[2022-07-21T23:39:28.062Z] > git cat-file -s 0536760b67baa51f2ad85b5d756caa7d497e767d [3ms]
[2022-07-21T23:39:28.952Z] > git show --textconv :script.js [8ms]
[2022-07-21T23:39:28.959Z] > git ls-files --stage -- /home/thebuffylow/LC101/Fetch-and-JSON-Studio/script.js [8ms]
[2022-07-21T23:39:28.982Z] > git cat-file -s 94170305e21156ae5490c1d6f851b21dc9df47da [6ms]
[2022-07-22T00:02:09.007Z] > git status -z -uall [37ms]
[2022-07-22T00:02:09.018Z] > git symbolic-ref --short HEAD [4ms]
[2022-07-22T00:02:09.029Z] > git for-each-ref --format=%(refname)%00%(upstream:short)%00%(objectname)%00%(upstream:track)%00%(upstream:remotename)%00%(upstream:remoteref) refs/heads/main refs/remotes/main [2ms]
[2022-07-22T00:02:09.056Z] > git for-each-ref --sort -committerdate --format %(refname) %(objectname) %(*objectname) [13ms]
[2022-07-22T00:02:09.058Z] > git remote --verbose [4ms]
[2022-07-22T00:02:09.080Z] > git config --get commit.template [3ms]
[2022-07-22T00:02:45.582Z] > git show --textconv :index.html [12ms]
[2022-07-22T00:02:45.591Z] > git ls-files --stage -- /home/thebuffylow/LC101/Fetch-and-JSON-Studio/index.html [10ms]
[2022-07-22T00:02:45.608Z] > git cat-file -s c69204f4de7a96d75699a536b08475e52be3b8e1 [9ms]
[2022-07-22T00:02:56.445Z] > git show --textconv :script.js [14ms]
[2022-07-22T00:02:56.449Z] > git ls-files --stage -- /home/thebuffylow/LC101/Fetch-and-JSON-Studio/script.js [8ms]
[2022-07-22T00:02:56.494Z] > git cat-file -s 94170305e21156ae5490c1d6f851b21dc9df47da [3ms]
[2022-07-22T00:04:16.819Z] > git show --textconv :index.html [11ms]
[2022-07-22T00:04:16.822Z] > git ls-files --stage -- /home/thebuffylow/LC101/Fetch-and-JSON-Studio/index.html [2ms]
[2022-07-22T00:04:16.838Z] > git cat-file -s c69204f4de7a96d75699a536b08475e52be3b8e1 [3ms]
[2022-07-22T00:04:25.611Z] > git show --textconv :script.js [40ms]
[2022-07-22T00:04:25.621Z] > git ls-files --stage -- /home/thebuffylow/LC101/Fetch-and-JSON-Studio/script.js [12ms]
[2022-07-22T00:04:25.633Z] > git cat-file -s 94170305e21156ae5490c1d6f851b21dc9df47da [3ms]
[2022-07-22T00:06:53.772Z] > git show --textconv :index.html [13ms]
[2022-07-22T00:06:53.778Z] > git ls-files --stage -- /home/thebuffylow/LC101/Fetch-and-JSON-Studio/index.html [7ms]
[2022-07-22T00:06:53.811Z] > git cat-file -s c69204f4de7a96d75699a536b08475e52be3b8e1 [5ms]
[2022-07-22T00:07:10.035Z] > git show --textconv :style.css [14ms]
[2022-07-22T00:07:10.041Z] > git ls-files --stage -- /home/thebuffylow/LC101/Fetch-and-JSON-Studio/style.css [6ms]
[2022-07-22T00:07:10.079Z] > git cat-file -s 0536760b67baa51f2ad85b5d756caa7d497e767d [18ms]
[2022-07-22T00:07:11.435Z] > git show --textconv :script.js [25ms]
[2022-07-22T00:07:11.477Z] > git ls-files --stage -- /home/thebuffylow/LC101/Fetch-and-JSON-Studio/script.js [49ms]
[2022-07-22T00:07:11.495Z] > git cat-file -s 94170305e21156ae5490c1d6f851b21dc9df47da [5ms]
[2022-07-22T00:12:16.853Z] > git show --textconv :index.html [21ms]
[2022-07-22T00:12:16.855Z] > git ls-files --stage -- /home/thebuffylow/LC101/Fetch-and-JSON-Studio/index.html [9ms]
[2022-07-22T00:12:16.874Z] > git cat-file -s c69204f4de7a96d75699a536b08475e52be3b8e1 [5ms]
[2022-07-22T00:13:15.922Z] > git show --textconv :script.js [21ms]
[2022-07-22T00:13:15.932Z] > git ls-files --stage -- /home/thebuffylow/LC101/Fetch-and-JSON-Studio/script.js [12ms]
[2022-07-22T00:13:15.951Z] > git cat-file -s 94170305e21156ae5490c1d6f851b21dc9df47da [5ms]
[2022-07-22T00:15:11.161Z] > git show --textconv :index.html [12ms]
[2022-07-22T00:15:11.165Z] > git ls-files --stage -- /home/thebuffylow/LC101/Fetch-and-JSON-Studio/index.html [5ms]
[2022-07-22T00:15:11.176Z] > git cat-file -s c69204f4de7a96d75699a536b08475e52be3b8e1 [2ms]
[2022-07-22T00:15:25.937Z] > git show --textconv :script.js [26ms]
[2022-07-22T00:15:25.950Z] > git ls-files --stage -- /home/thebuffylow/LC101/Fetch-and-JSON-Studio/script.js [20ms]
[2022-07-22T00:15:25.981Z] > git cat-file -s 94170305e21156ae5490c1d6f851b21dc9df47da [8ms]
[2022-07-22T00:15:58.849Z] > git status -z -uall [6ms]
[2022-07-22T00:15:58.863Z] > git symbolic-ref --short HEAD [4ms]
[2022-07-22T00:15:58.894Z] > git for-each-ref --format=%(refname)%00%(upstream:short)%00%(objectname)%00%(upstream:track)%00%(upstream:remotename)%00%(upstream:remoteref) refs/heads/main refs/remotes/main [9ms]
[2022-07-22T00:15:58.929Z] > git remote --verbose [9ms]
[2022-07-22T00:15:58.929Z] > git for-each-ref --sort -committerdate --format %(refname) %(objectname) %(*objectname) [23ms]
[2022-07-22T00:15:58.982Z] > git config --get commit.template [13ms]
[2022-07-22T00:26:08.059Z] > git status -z -uall [7ms]
[2022-07-22T00:26:08.069Z] > git symbolic-ref --short HEAD [2ms]
[2022-07-22T00:26:08.077Z] > git for-each-ref --format=%(refname)%00%(upstream:short)%00%(objectname)%00%(upstream:track)%00%(upstream:remotename)%00%(upstream:remoteref) refs/heads/main refs/remotes/main [2ms]
[2022-07-22T00:26:08.090Z] > git for-each-ref --sort -committerdate --format %(refname) %(objectname) %(*objectname) [6ms]
[2022-07-22T00:26:08.096Z] > git remote --verbose [7ms]
[2022-07-22T00:26:08.108Z] > git config --get commit.template [1ms]
