[2022-08-05 00:57:54.176] [exthost] [info] Extension host with pid 15150 started
[2022-08-05 00:57:54.176] [exthost] [info] Skipping acquiring lock for /home/thebuffylow/.config/Code/User/workspaceStorage/e48da2f78bbe6b2088b17f87851218ea.
[2022-08-05 00:57:54.566] [exthost] [info] ExtensionService#_doActivateExtension vscode.microsoft-authentication, startup: false, activationEvent: 'onAuthenticationRequest:microsoft'
[2022-08-05 00:57:54.637] [exthost] [info] ExtensionService#_doActivateExtension vscode.debug-auto-launch, startup: true, activationEvent: '*'
[2022-08-05 00:57:54.649] [exthost] [info] ExtensionService#_doActivateExtension vscode.git-base, startup: true, activationEvent: '*', root cause: vscode.git
[2022-08-05 00:57:54.673] [exthost] [info] ExtensionService#_doActivateExtension vscode.ipynb, startup: true, activationEvent: '*'
[2022-08-05 00:57:55.289] [exthost] [info] ExtensionService#_doActivateExtension vscode.git, startup: true, activationEvent: '*'
[2022-08-05 00:57:55.384] [exthost] [info] ExtensionService#_doActivateExtension vscode.github, startup: true, activationEvent: '*'
[2022-08-05 00:57:55.988] [exthost] [info] Eager extensions activated
[2022-08-05 00:57:56.175] [exthost] [info] ExtensionService#_doActivateExtension vscode.emmet, startup: false, activationEvent: 'onStartupFinished'
[2022-08-05 00:57:56.214] [exthost] [info] ExtensionService#_doActivateExtension vscode.merge-conflict, startup: false, activationEvent: 'onStartupFinished'
[2022-08-05 00:57:56.243] [exthost] [info] ExtensionService#_doActivateExtension ritwickdey.LiveServer, startup: false, activationEvent: 'onStartupFinished'
[2022-08-05 00:57:57.545] [exthost] [info] ExtensionService#_doActivateExtension vscode.github-authentication, startup: false, activationEvent: 'onAuthenticationRequest:github'
[2022-08-05 01:03:09.215] [exthost] [info] Extension host terminating: received terminate message from renderer
[2022-08-05 01:03:09.232] [exthost] [info] Extension host with pid 15150 exiting with code 0
[2022-08-05 01:03:12.395] [exthost] [info] Extension host with pid 16070 started
[2022-08-05 01:03:12.395] [exthost] [info] Skipping acquiring lock for /home/thebuffylow/.config/Code/User/workspaceStorage/2761d588cdfb7545aeb8df10b4d8d918.
[2022-08-05 01:03:12.546] [exthost] [info] ExtensionService#_doActivateExtension vscode.microsoft-authentication, startup: false, activationEvent: 'onAuthenticationRequest:microsoft'
[2022-08-05 01:03:12.600] [exthost] [info] ExtensionService#_doActivateExtension vscode.debug-auto-launch, startup: true, activationEvent: '*'
[2022-08-05 01:03:12.603] [exthost] [info] ExtensionService#_doActivateExtension vscode.git-base, startup: true, activationEvent: '*', root cause: vscode.git
[2022-08-05 01:03:12.612] [exthost] [info] ExtensionService#_doActivateExtension vscode.ipynb, startup: true, activationEvent: '*'
[2022-08-05 01:03:12.770] [exthost] [info] ExtensionService#_doActivateExtension vscode.git, startup: true, activationEvent: '*'
[2022-08-05 01:03:12.856] [exthost] [info] ExtensionService#_doActivateExtension vscode.github, startup: true, activationEvent: '*'
[2022-08-05 01:03:13.037] [exthost] [info] Eager extensions activated
[2022-08-05 01:03:13.451] [exthost] [info] ExtensionService#_doActivateExtension vscode.emmet, startup: false, activationEvent: 'onStartupFinished'
[2022-08-05 01:03:13.554] [exthost] [info] ExtensionService#_doActivateExtension vscode.merge-conflict, startup: false, activationEvent: 'onStartupFinished'
[2022-08-05 01:03:13.576] [exthost] [info] ExtensionService#_doActivateExtension ritwickdey.LiveServer, startup: false, activationEvent: 'onStartupFinished'
[2022-08-05 01:03:14.064] [exthost] [info] ExtensionService#_doActivateExtension vscode.github-authentication, startup: false, activationEvent: 'onAuthenticationRequest:github'
[2022-08-05 01:03:22.603] [exthost] [warning] [Decorations] CAPPING events from decorations provider vscode.git 10000
[2022-08-05 01:03:27.488] [exthost] [warning] [Decorations] CAPPING events from decorations provider vscode.git 10001
