[2022-07-21T19:26:06.350Z] Log level: Info
[2022-07-21T19:26:06.351Z] [info] Validating found git in: git
[2022-07-21T19:26:06.486Z] [info] Using git 2.30.2 from git
[2022-07-21T19:28:31.561Z] > git rev-parse --show-toplevel [22ms]
[2022-07-21T19:28:31.602Z] > git rev-parse --git-dir --git-common-dir [3ms]
[2022-07-21T19:28:31.631Z] [info] Open repository: /home/thebuffylow
[2022-07-21T19:28:31.808Z] > git status -z -uall [143ms]
[2022-07-21T19:28:31.850Z] > git symbolic-ref --short HEAD [14ms]
[2022-07-21T19:28:32.085Z] > git for-each-ref --format=%(refname)%00%(upstream:short)%00%(objectname)%00%(upstream:track)%00%(upstream:remotename)%00%(upstream:remoteref) refs/heads/main refs/remotes/main [225ms]
[2022-07-21T19:28:32.175Z] > git for-each-ref --sort -committerdate --format %(refname) %(objectname) %(*objectname) [51ms]
[2022-07-21T19:28:32.180Z] > git remote --verbose [22ms]
[2022-07-21T19:28:33.990Z] > git check-ignore -v -z --stdin [116ms]
[2022-07-21T19:28:33.991Z] > git show --textconv :fetch_planets.html [70ms]
[2022-07-21T19:28:33.993Z] > git ls-files --stage -- /home/thebuffylow/fetch_planets.html [46ms]
[2022-07-21T19:28:33.995Z] > git config --get commit.template [112ms]
[2022-07-21T19:28:34.032Z] > git status -z -uall [30ms]
[2022-07-21T19:28:34.045Z] > git symbolic-ref --short HEAD [6ms]
[2022-07-21T19:28:34.067Z] > git for-each-ref --format=%(refname)%00%(upstream:short)%00%(objectname)%00%(upstream:track)%00%(upstream:remotename)%00%(upstream:remoteref) refs/heads/main refs/remotes/main [3ms]
[2022-07-21T19:28:34.094Z] > git for-each-ref --sort -committerdate --format %(refname) %(objectname) %(*objectname) [17ms]
[2022-07-21T19:28:34.098Z] > git remote --verbose [8ms]
[2022-07-21T19:28:34.163Z] > git config --get commit.template [3ms]
[2022-07-21T19:28:42.449Z] > git status -z -uall [35ms]
[2022-07-21T19:28:42.464Z] > git symbolic-ref --short HEAD [1ms]
[2022-07-21T19:28:42.475Z] > git for-each-ref --format=%(refname)%00%(upstream:short)%00%(objectname)%00%(upstream:track)%00%(upstream:remotename)%00%(upstream:remoteref) refs/heads/main refs/remotes/main [2ms]
[2022-07-21T19:28:42.498Z] > git for-each-ref --sort -committerdate --format %(refname) %(objectname) %(*objectname) [17ms]
[2022-07-21T19:28:42.499Z] > git remote --verbose [2ms]
[2022-07-21T19:28:42.543Z] > git config --get commit.template [5ms]
[2022-07-21T19:28:47.608Z] > git status -z -uall [42ms]
[2022-07-21T19:28:47.619Z] > git symbolic-ref --short HEAD [2ms]
[2022-07-21T19:28:47.627Z] > git for-each-ref --format=%(refname)%00%(upstream:short)%00%(objectname)%00%(upstream:track)%00%(upstream:remotename)%00%(upstream:remoteref) refs/heads/main refs/remotes/main [2ms]
[2022-07-21T19:28:47.640Z] > git for-each-ref --sort -committerdate --format %(refname) %(objectname) %(*objectname) [7ms]
[2022-07-21T19:28:47.642Z] > git remote --verbose [3ms]
[2022-07-21T19:28:47.677Z] > git config --get commit.template [3ms]
[2022-07-21T19:28:52.733Z] > git status -z -uall [21ms]
[2022-07-21T19:28:52.741Z] > git symbolic-ref --short HEAD [1ms]
[2022-07-21T19:28:52.750Z] > git for-each-ref --format=%(refname)%00%(upstream:short)%00%(objectname)%00%(upstream:track)%00%(upstream:remotename)%00%(upstream:remoteref) refs/heads/main refs/remotes/main [2ms]
[2022-07-21T19:28:52.765Z] > git for-each-ref --sort -committerdate --format %(refname) %(objectname) %(*objectname) [8ms]
[2022-07-21T19:28:52.766Z] > git remote --verbose [2ms]
[2022-07-21T19:28:52.802Z] > git config --get commit.template [2ms]
[2022-07-21T19:28:57.860Z] > git status -z -uall [22ms]
[2022-07-21T19:28:57.882Z] > git symbolic-ref --short HEAD [3ms]
[2022-07-21T19:28:57.906Z] > git for-each-ref --format=%(refname)%00%(upstream:short)%00%(objectname)%00%(upstream:track)%00%(upstream:remotename)%00%(upstream:remoteref) refs/heads/main refs/remotes/main [9ms]
[2022-07-21T19:28:57.936Z] > git for-each-ref --sort -committerdate --format %(refname) %(objectname) %(*objectname) [18ms]
[2022-07-21T19:28:57.937Z] > git remote --verbose [10ms]
[2022-07-21T19:28:57.984Z] > git config --get commit.template [4ms]
[2022-07-21T19:29:03.031Z] > git status -z -uall [22ms]
[2022-07-21T19:29:03.041Z] > git symbolic-ref --short HEAD [2ms]
[2022-07-21T19:29:03.049Z] > git for-each-ref --format=%(refname)%00%(upstream:short)%00%(objectname)%00%(upstream:track)%00%(upstream:remotename)%00%(upstream:remoteref) refs/heads/main refs/remotes/main [2ms]
[2022-07-21T19:29:03.062Z] > git for-each-ref --sort -committerdate --format %(refname) %(objectname) %(*objectname) [7ms]
[2022-07-21T19:29:03.063Z] > git remote --verbose [2ms]
[2022-07-21T19:29:03.102Z] > git config --get commit.template [4ms]
[2022-07-21T19:29:08.161Z] > git status -z -uall [30ms]
[2022-07-21T19:29:08.173Z] > git symbolic-ref --short HEAD [2ms]
[2022-07-21T19:29:08.182Z] > git for-each-ref --format=%(refname)%00%(upstream:short)%00%(objectname)%00%(upstream:track)%00%(upstream:remotename)%00%(upstream:remoteref) refs/heads/main refs/remotes/main [2ms]
[2022-07-21T19:29:08.199Z] > git remote --verbose [3ms]
[2022-07-21T19:29:08.199Z] > git for-each-ref --sort -committerdate --format %(refname) %(objectname) %(*objectname) [10ms]
[2022-07-21T19:29:08.233Z] > git config --get commit.template [2ms]
[2022-07-21T19:29:13.272Z] > git status -z -uall [22ms]
[2022-07-21T19:29:13.282Z] > git symbolic-ref --short HEAD [2ms]
[2022-07-21T19:29:13.291Z] > git for-each-ref --format=%(refname)%00%(upstream:short)%00%(objectname)%00%(upstream:track)%00%(upstream:remotename)%00%(upstream:remoteref) refs/heads/main refs/remotes/main [1ms]
[2022-07-21T19:29:13.308Z] > git for-each-ref --sort -committerdate --format %(refname) %(objectname) %(*objectname) [9ms]
[2022-07-21T19:29:13.309Z] > git remote --verbose [2ms]
[2022-07-21T19:29:13.343Z] > git config --get commit.template [2ms]
[2022-07-21T19:29:17.235Z] > git check-ignore -v -z --stdin [4ms]
[2022-07-21T19:29:18.416Z] > git status -z -uall [34ms]
[2022-07-21T19:29:18.428Z] > git symbolic-ref --short HEAD [5ms]
[2022-07-21T19:29:18.440Z] > git for-each-ref --format=%(refname)%00%(upstream:short)%00%(objectname)%00%(upstream:track)%00%(upstream:remotename)%00%(upstream:remoteref) refs/heads/main refs/remotes/main [3ms]
[2022-07-21T19:29:18.464Z] > git remote --verbose [4ms]
[2022-07-21T19:29:18.464Z] > git for-each-ref --sort -committerdate --format %(refname) %(objectname) %(*objectname) [13ms]
[2022-07-21T19:29:18.553Z] > git config --get commit.template [9ms]
[2022-07-21T19:29:23.616Z] > git status -z -uall [26ms]
[2022-07-21T19:29:23.629Z] > git symbolic-ref --short HEAD [4ms]
[2022-07-21T19:29:23.649Z] > git for-each-ref --format=%(refname)%00%(upstream:short)%00%(objectname)%00%(upstream:track)%00%(upstream:remotename)%00%(upstream:remoteref) refs/heads/main refs/remotes/main [7ms]
[2022-07-21T19:29:23.677Z] > git remote --verbose [3ms]
[2022-07-21T19:29:23.677Z] > git for-each-ref --sort -committerdate --format %(refname) %(objectname) %(*objectname) [15ms]
[2022-07-21T19:29:23.728Z] > git config --get commit.template [5ms]
[2022-07-21T19:29:25.934Z] > git check-ignore -v -z --stdin [4ms]
[2022-07-21T19:29:26.556Z] > git check-ignore -v -z --stdin [3ms]
[2022-07-21T19:29:27.743Z] > git check-ignore -v -z --stdin [3ms]
[2022-07-21T19:29:28.792Z] > git status -z -uall [26ms]
[2022-07-21T19:29:28.805Z] > git symbolic-ref --short HEAD [2ms]
[2022-07-21T19:29:28.819Z] > git for-each-ref --format=%(refname)%00%(upstream:short)%00%(objectname)%00%(upstream:track)%00%(upstream:remotename)%00%(upstream:remoteref) refs/heads/main refs/remotes/main [2ms]
[2022-07-21T19:29:28.841Z] > git for-each-ref --sort -committerdate --format %(refname) %(objectname) %(*objectname) [13ms]
[2022-07-21T19:29:28.841Z] > git remote --verbose [2ms]
[2022-07-21T19:29:28.913Z] > git config --get commit.template [4ms]
[2022-07-21T19:29:33.995Z] > git status -z -uall [47ms]
[2022-07-21T19:29:34.007Z] > git symbolic-ref --short HEAD [3ms]
[2022-07-21T19:29:34.019Z] > git for-each-ref --format=%(refname)%00%(upstream:short)%00%(objectname)%00%(upstream:track)%00%(upstream:remotename)%00%(upstream:remoteref) refs/heads/main refs/remotes/main [3ms]
[2022-07-21T19:29:34.056Z] > git for-each-ref --sort -committerdate --format %(refname) %(objectname) %(*objectname) [26ms]
[2022-07-21T19:29:34.058Z] > git remote --verbose [4ms]
[2022-07-21T19:29:34.114Z] > git config --get commit.template [1ms]
[2022-07-21T19:29:36.204Z] > git check-ignore -v -z --stdin [4ms]
[2022-07-21T19:29:38.594Z] > git check-ignore -v -z --stdin [4ms]
[2022-07-21T19:29:39.178Z] > git status -z -uall [40ms]
[2022-07-21T19:29:39.189Z] > git check-ignore -v -z --stdin [14ms]
[2022-07-21T19:29:39.205Z] > git symbolic-ref --short HEAD [16ms]
[2022-07-21T19:29:39.225Z] > git for-each-ref --format=%(refname)%00%(upstream:short)%00%(objectname)%00%(upstream:track)%00%(upstream:remotename)%00%(upstream:remoteref) refs/heads/main refs/remotes/main [1ms]
[2022-07-21T19:29:39.260Z] > git for-each-ref --sort -committerdate --format %(refname) %(objectname) %(*objectname) [16ms]
[2022-07-21T19:29:39.264Z] > git remote --verbose [8ms]
[2022-07-21T19:29:39.317Z] > git config --get commit.template [2ms]
[2022-07-21T19:29:40.535Z] > git check-ignore -v -z --stdin [12ms]
[2022-07-21T19:29:44.262Z] > git check-ignore -v -z --stdin [7ms]
[2022-07-21T19:29:44.371Z] > git status -z -uall [43ms]
[2022-07-21T19:29:44.392Z] > git symbolic-ref --short HEAD [12ms]
[2022-07-21T19:29:44.406Z] > git for-each-ref --format=%(refname)%00%(upstream:short)%00%(objectname)%00%(upstream:track)%00%(upstream:remotename)%00%(upstream:remoteref) refs/heads/main refs/remotes/main [5ms]
[2022-07-21T19:29:44.432Z] > git for-each-ref --sort -committerdate --format %(refname) %(objectname) %(*objectname) [15ms]
[2022-07-21T19:29:44.432Z] > git remote --verbose [1ms]
[2022-07-21T19:29:44.494Z] > git config --get commit.template [16ms]
[2022-07-21T19:29:46.981Z] > git check-ignore -v -z --stdin [3ms]
[2022-07-21T19:29:49.597Z] > git status -z -uall [44ms]
[2022-07-21T19:29:49.612Z] > git symbolic-ref --short HEAD [6ms]
[2022-07-21T19:29:49.662Z] > git for-each-ref --format=%(refname)%00%(upstream:short)%00%(objectname)%00%(upstream:track)%00%(upstream:remotename)%00%(upstream:remoteref) refs/heads/main refs/remotes/main [15ms]
[2022-07-21T19:29:49.808Z] > git remote --verbose [29ms]
[2022-07-21T19:29:49.810Z] > git for-each-ref --sort -committerdate --format %(refname) %(objectname) %(*objectname) [76ms]
[2022-07-21T19:29:49.918Z] > git check-ignore -v -z --stdin [113ms]
[2022-07-21T19:29:51.602Z] > git config --get commit.template [1658ms]
[2022-07-21T19:29:56.669Z] > git status -z -uall [37ms]
[2022-07-21T19:29:56.683Z] > git symbolic-ref --short HEAD [2ms]
[2022-07-21T19:29:56.695Z] > git for-each-ref --format=%(refname)%00%(upstream:short)%00%(objectname)%00%(upstream:track)%00%(upstream:remotename)%00%(upstream:remoteref) refs/heads/main refs/remotes/main [4ms]
[2022-07-21T19:29:56.719Z] > git for-each-ref --sort -committerdate --format %(refname) %(objectname) %(*objectname) [12ms]
[2022-07-21T19:29:56.723Z] > git remote --verbose [6ms]
[2022-07-21T19:29:56.768Z] > git config --get commit.template [2ms]
[2022-07-21T19:30:09.298Z] > git status -z -uall [52ms]
[2022-07-21T19:30:09.326Z] > git symbolic-ref --short HEAD [7ms]
[2022-07-21T19:30:09.395Z] > git for-each-ref --format=%(refname)%00%(upstream:short)%00%(objectname)%00%(upstream:track)%00%(upstream:remotename)%00%(upstream:remoteref) refs/heads/main refs/remotes/main [42ms]
[2022-07-21T19:30:09.426Z] > git remote --verbose [3ms]
[2022-07-21T19:30:09.427Z] > git for-each-ref --sort -committerdate --format %(refname) %(objectname) %(*objectname) [19ms]
[2022-07-21T19:30:09.458Z] > git add -A -- /home/thebuffylow/fetch_planets.html [67ms]
[2022-07-21T19:30:09.476Z] > git config --get commit.template [6ms]
[2022-07-21T19:30:09.522Z] > git status -z -uall [34ms]
[2022-07-21T19:30:09.539Z] > git symbolic-ref --short HEAD [8ms]
[2022-07-21T19:30:10.818Z] > git for-each-ref --format=%(refname)%00%(upstream:short)%00%(objectname)%00%(upstream:track)%00%(upstream:remotename)%00%(upstream:remoteref) refs/heads/main refs/remotes/main [1256ms]
[2022-07-21T19:30:10.892Z] > git remote --verbose [19ms]
[2022-07-21T19:30:10.893Z] > git for-each-ref --sort -committerdate --format %(refname) %(objectname) %(*objectname) [41ms]
[2022-07-21T19:30:10.964Z] > git config --get commit.template [2ms]
[2022-07-21T19:30:13.604Z] > git show --textconv :.git/COMMIT_EDITMSG [15ms]
[2022-07-21T19:30:13.616Z] > git ls-files --stage -- /home/thebuffylow/.git/COMMIT_EDITMSG [14ms]
[2022-07-21T19:30:13.875Z] > git ls-files --stage -- /home/thebuffylow/.git/COMMIT_EDITMSG [2ms]
[2022-07-21T19:30:13.892Z] > git show --textconv :.git/COMMIT_EDITMSG [1ms]
[2022-07-21T19:30:13.990Z] > git check-ignore -v -z --stdin [1ms]
[2022-07-21T19:30:32.950Z] > git -c user.useConfigOnly=true commit --quiet [21972ms]
[2022-07-21T19:30:32.950Z] Aborting commit due to empty commit message.
[2022-07-21T19:30:33.430Z] > git show --textconv :fetch_planets.html [21ms]
[2022-07-21T19:30:33.438Z] > git ls-files --stage -- /home/thebuffylow/fetch_planets.html [10ms]
[2022-07-21T19:30:33.468Z] > git cat-file -s fd4c5393768684919ba9f2adb8e663d55dc45408 [8ms]
[2022-07-21T19:30:35.349Z] > git status -z -uall [35ms]
[2022-07-21T19:30:35.365Z] > git symbolic-ref --short HEAD [5ms]
[2022-07-21T19:30:35.382Z] > git for-each-ref --format=%(refname)%00%(upstream:short)%00%(objectname)%00%(upstream:track)%00%(upstream:remotename)%00%(upstream:remoteref) refs/heads/main refs/remotes/main [6ms]
[2022-07-21T19:30:35.403Z] > git for-each-ref --sort -committerdate --format %(refname) %(objectname) %(*objectname) [9ms]
[2022-07-21T19:30:35.404Z] > git remote --verbose [2ms]
[2022-07-21T19:30:35.465Z] > git config --get commit.template [3ms]
[2022-07-21T19:30:38.890Z] > git -c user.useConfigOnly=true commit --quiet --allow-empty-message --file - [60ms]
[2022-07-21T19:30:38.958Z] > git status -z -uall [59ms]
[2022-07-21T19:30:38.981Z] > git symbolic-ref --short HEAD [11ms]
[2022-07-21T19:30:39.018Z] > git for-each-ref --format=%(refname)%00%(upstream:short)%00%(objectname)%00%(upstream:track)%00%(upstream:remotename)%00%(upstream:remoteref) refs/heads/main refs/remotes/main [15ms]
[2022-07-21T19:30:39.068Z] > git for-each-ref --sort -committerdate --format %(refname) %(objectname) %(*objectname) [28ms]
[2022-07-21T19:30:39.074Z] > git remote --verbose [8ms]
[2022-07-21T19:30:40.557Z] > git config --get commit.template [1352ms]
[2022-07-21T19:30:40.606Z] > git status -z -uall [37ms]
[2022-07-21T19:30:40.624Z] > git symbolic-ref --short HEAD [1ms]
[2022-07-21T19:30:40.636Z] > git config --get commit.template [34ms]
[2022-07-21T19:30:40.641Z] > git for-each-ref --format=%(refname)%00%(upstream:short)%00%(objectname)%00%(upstream:track)%00%(upstream:remotename)%00%(upstream:remoteref) refs/heads/main refs/remotes/main [5ms]
[2022-07-21T19:30:40.672Z] > git for-each-ref --sort -committerdate --format %(refname) %(objectname) %(*objectname) [16ms]
[2022-07-21T19:30:40.675Z] > git remote --verbose [4ms]
[2022-07-21T19:30:40.730Z] > git config --get commit.template [3ms]
[2022-07-21T19:30:42.325Z] > git ls-files --stage -- /home/thebuffylow/fetch_planets.html [20ms]
[2022-07-21T19:30:42.350Z] > git cat-file -s fd4c5393768684919ba9f2adb8e663d55dc45408 [15ms]
[2022-07-21T19:30:42.785Z] > git show --textconv :fetch_planets.html [18ms]
[2022-07-21T19:30:45.774Z] > git status -z -uall [25ms]
[2022-07-21T19:30:45.786Z] > git symbolic-ref --short HEAD [4ms]
[2022-07-21T19:30:45.803Z] > git for-each-ref --format=%(refname)%00%(upstream:short)%00%(objectname)%00%(upstream:track)%00%(upstream:remotename)%00%(upstream:remoteref) refs/heads/main refs/remotes/main [2ms]
[2022-07-21T19:30:45.826Z] > git for-each-ref --sort -committerdate --format %(refname) %(objectname) %(*objectname) [10ms]
[2022-07-21T19:30:45.829Z] > git remote --verbose [4ms]
[2022-07-21T19:30:45.881Z] > git config --get commit.template [5ms]
[2022-07-21T19:30:50.926Z] > git status -z -uall [28ms]
[2022-07-21T19:30:50.942Z] > git symbolic-ref --short HEAD [4ms]
[2022-07-21T19:30:50.956Z] > git for-each-ref --format=%(refname)%00%(upstream:short)%00%(objectname)%00%(upstream:track)%00%(upstream:remotename)%00%(upstream:remoteref) refs/heads/main refs/remotes/main [7ms]
[2022-07-21T19:30:50.973Z] > git for-each-ref --sort -committerdate --format %(refname) %(objectname) %(*objectname) [8ms]
[2022-07-21T19:30:50.974Z] > git remote --verbose [2ms]
[2022-07-21T19:30:51.046Z] > git config --get commit.template [18ms]
[2022-07-21T19:30:56.091Z] > git status -z -uall [35ms]
[2022-07-21T19:30:56.105Z] > git symbolic-ref --short HEAD [3ms]
[2022-07-21T19:30:56.118Z] > git for-each-ref --format=%(refname)%00%(upstream:short)%00%(objectname)%00%(upstream:track)%00%(upstream:remotename)%00%(upstream:remoteref) refs/heads/main refs/remotes/main [3ms]
[2022-07-21T19:30:56.140Z] > git for-each-ref --sort -committerdate --format %(refname) %(objectname) %(*objectname) [12ms]
[2022-07-21T19:30:56.144Z] > git remote --verbose [5ms]
[2022-07-21T19:30:56.235Z] > git config --get commit.template [13ms]
[2022-07-21T19:31:01.301Z] > git status -z -uall [45ms]
[2022-07-21T19:31:01.313Z] > git symbolic-ref --short HEAD [3ms]
[2022-07-21T19:31:01.331Z] > git for-each-ref --format=%(refname)%00%(upstream:short)%00%(objectname)%00%(upstream:track)%00%(upstream:remotename)%00%(upstream:remoteref) refs/heads/main refs/remotes/main [4ms]
[2022-07-21T19:31:01.357Z] > git for-each-ref --sort -committerdate --format %(refname) %(objectname) %(*objectname) [18ms]
[2022-07-21T19:31:01.363Z] > git remote --verbose [8ms]
[2022-07-21T19:31:01.430Z] > git config --get commit.template [3ms]
[2022-07-21T19:31:06.567Z] > git status -z -uall [90ms]
[2022-07-21T19:31:06.579Z] > git symbolic-ref --short HEAD [1ms]
[2022-07-21T19:31:06.596Z] > git for-each-ref --format=%(refname)%00%(upstream:short)%00%(objectname)%00%(upstream:track)%00%(upstream:remotename)%00%(upstream:remoteref) refs/heads/main refs/remotes/main [8ms]
[2022-07-21T19:31:06.619Z] > git for-each-ref --sort -committerdate --format %(refname) %(objectname) %(*objectname) [12ms]
[2022-07-21T19:31:06.623Z] > git remote --verbose [6ms]
[2022-07-21T19:31:06.670Z] > git config --get commit.template [3ms]
[2022-07-21T19:31:11.707Z] > git status -z -uall [28ms]
[2022-07-21T19:31:11.721Z] > git symbolic-ref --short HEAD [4ms]
[2022-07-21T19:31:11.730Z] > git for-each-ref --format=%(refname)%00%(upstream:short)%00%(objectname)%00%(upstream:track)%00%(upstream:remotename)%00%(upstream:remoteref) refs/heads/main refs/remotes/main [2ms]
[2022-07-21T19:31:11.751Z] > git for-each-ref --sort -committerdate --format %(refname) %(objectname) %(*objectname) [8ms]
[2022-07-21T19:31:11.752Z] > git remote --verbose [2ms]
[2022-07-21T19:31:11.798Z] > git config --get commit.template [2ms]
[2022-07-21T19:31:16.874Z] > git status -z -uall [39ms]
[2022-07-21T19:31:16.888Z] > git symbolic-ref --short HEAD [5ms]
[2022-07-21T19:31:16.903Z] > git for-each-ref --format=%(refname)%00%(upstream:short)%00%(objectname)%00%(upstream:track)%00%(upstream:remotename)%00%(upstream:remoteref) refs/heads/main refs/remotes/main [4ms]
[2022-07-21T19:31:16.926Z] > git for-each-ref --sort -committerdate --format %(refname) %(objectname) %(*objectname) [15ms]
[2022-07-21T19:31:16.927Z] > git remote --verbose [2ms]
[2022-07-21T19:31:16.977Z] > git config --get commit.template [6ms]
[2022-07-21T19:31:22.037Z] > git status -z -uall [28ms]
[2022-07-21T19:31:22.062Z] > git symbolic-ref --short HEAD [5ms]
[2022-07-21T19:31:22.073Z] > git for-each-ref --format=%(refname)%00%(upstream:short)%00%(objectname)%00%(upstream:track)%00%(upstream:remotename)%00%(upstream:remoteref) refs/heads/main refs/remotes/main [2ms]
[2022-07-21T19:31:22.097Z] > git remote --verbose [3ms]
[2022-07-21T19:31:22.098Z] > git for-each-ref --sort -committerdate --format %(refname) %(objectname) %(*objectname) [15ms]
[2022-07-21T19:31:22.146Z] > git config --get commit.template [7ms]
[2022-07-21T19:31:27.204Z] > git status -z -uall [39ms]
[2022-07-21T19:31:27.216Z] > git symbolic-ref --short HEAD [1ms]
[2022-07-21T19:31:27.231Z] > git for-each-ref --format=%(refname)%00%(upstream:short)%00%(objectname)%00%(upstream:track)%00%(upstream:remotename)%00%(upstream:remoteref) refs/heads/main refs/remotes/main [2ms]
[2022-07-21T19:31:27.254Z] > git for-each-ref --sort -committerdate --format %(refname) %(objectname) %(*objectname) [10ms]
[2022-07-21T19:31:27.254Z] > git remote --verbose [2ms]
[2022-07-21T19:31:27.308Z] > git config --get commit.template [4ms]
[2022-07-21T19:31:32.377Z] > git status -z -uall [48ms]
[2022-07-21T19:31:32.388Z] > git symbolic-ref --short HEAD [1ms]
[2022-07-21T19:31:32.403Z] > git for-each-ref --format=%(refname)%00%(upstream:short)%00%(objectname)%00%(upstream:track)%00%(upstream:remotename)%00%(upstream:remoteref) refs/heads/main refs/remotes/main [7ms]
[2022-07-21T19:31:32.426Z] > git remote --verbose [2ms]
[2022-07-21T19:31:32.426Z] > git for-each-ref --sort -committerdate --format %(refname) %(objectname) %(*objectname) [14ms]
[2022-07-21T19:31:32.475Z] > git config --get commit.template [8ms]
[2022-07-21T19:31:37.533Z] > git status -z -uall [41ms]
[2022-07-21T19:31:37.550Z] > git symbolic-ref --short HEAD [2ms]
[2022-07-21T19:31:37.594Z] > git for-each-ref --format=%(refname)%00%(upstream:short)%00%(objectname)%00%(upstream:track)%00%(upstream:remotename)%00%(upstream:remoteref) refs/heads/main refs/remotes/main [5ms]
[2022-07-21T19:31:37.628Z] > git for-each-ref --sort -committerdate --format %(refname) %(objectname) %(*objectname) [18ms]
[2022-07-21T19:31:37.648Z] > git remote --verbose [21ms]
[2022-07-21T19:31:37.735Z] > git config --get commit.template [7ms]
[2022-07-21T19:31:50.105Z] > git add -A -- . [8853ms]
[2022-07-21T19:31:50.105Z] warning: adding embedded git repository: LC101/DOM-and-Events-Studio-1
hint: You've added another git repository inside your current repository.
hint: Clones of the outer repository will not contain the contents of
hint: the embedded repository and will not know how to obtain it.
hint: If you meant to add a submodule, use:
hint: 
hint: 	git submodule add <url> LC101/DOM-and-Events-Studio-1
hint: 
hint: If you added this path by mistake, you can remove it from the
hint: index with:
hint: 
hint: 	git rm --cached LC101/DOM-and-Events-Studio-1
hint: 
hint: See "git help submodule" for more information.
warning: adding embedded git repository: LC101/DOM-and-Events-Studio
warning: adding embedded git repository: LC101/Git_Exercises
warning: adding embedded git repository: LC101/communication-log-ROLE
warning: adding embedded git repository: LC101/first/DOM-and-Events-Studio-1
warning: adding embedded git repository: LC101/js-assignment-4-html-me-something-buffylow
warning: adding embedded git repository: LC101/log-communication-control
[2022-07-21T19:31:50.299Z] > git -c user.useConfigOnly=true commit --quiet --allow-empty-message --file - [186ms]
[2022-07-21T19:31:50.446Z] > git status -z -uall [140ms]
[2022-07-21T19:31:50.456Z] > git symbolic-ref --short HEAD [2ms]
[2022-07-21T19:31:50.466Z] > git for-each-ref --format=%(refname)%00%(upstream:short)%00%(objectname)%00%(upstream:track)%00%(upstream:remotename)%00%(upstream:remoteref) refs/heads/main refs/remotes/main [3ms]
[2022-07-21T19:31:50.484Z] > git for-each-ref --sort -committerdate --format %(refname) %(objectname) %(*objectname) [6ms]
[2022-07-21T19:31:50.486Z] > git remote --verbose [3ms]
[2022-07-21T19:31:50.515Z] > git config --get commit.template [3ms]
[2022-07-21T19:31:50.550Z] > git config --get commit.template [4ms]
[2022-07-21T19:31:50.669Z] > git status -z -uall [138ms]
[2022-07-21T19:31:50.682Z] > git symbolic-ref --short HEAD [3ms]
[2022-07-21T19:31:50.693Z] > git for-each-ref --format=%(refname)%00%(upstream:short)%00%(objectname)%00%(upstream:track)%00%(upstream:remotename)%00%(upstream:remoteref) refs/heads/main refs/remotes/main [4ms]
[2022-07-21T19:31:50.716Z] > git for-each-ref --sort -committerdate --format %(refname) %(objectname) %(*objectname) [16ms]
[2022-07-21T19:31:50.724Z] > git remote --verbose [8ms]
[2022-07-21T19:31:50.750Z] > git config --get commit.template [4ms]
[2022-07-21T19:31:51.596Z] > git ls-files --stage -- /home/thebuffylow/fetch_planets.html [9ms]
[2022-07-21T19:31:51.621Z] > git cat-file -s fd4c5393768684919ba9f2adb8e663d55dc45408 [6ms]
[2022-07-21T19:31:51.659Z] > git show --textconv :fetch_planets.html [9ms]
[2022-07-21T19:31:51.771Z] > git check-ignore -v -z --stdin [9ms]
[2022-07-21T19:31:55.859Z] > git status -z -uall [95ms]
[2022-07-21T19:31:55.866Z] > git symbolic-ref --short HEAD [2ms]
[2022-07-21T19:31:55.878Z] > git for-each-ref --format=%(refname)%00%(upstream:short)%00%(objectname)%00%(upstream:track)%00%(upstream:remotename)%00%(upstream:remoteref) refs/heads/main refs/remotes/main [2ms]
[2022-07-21T19:31:55.889Z] > git for-each-ref --sort -committerdate --format %(refname) %(objectname) %(*objectname) [5ms]
[2022-07-21T19:31:55.890Z] > git remote --verbose [1ms]
[2022-07-21T19:31:55.908Z] > git config --get commit.template [4ms]
[2022-07-21T19:32:01.032Z] > git status -z -uall [88ms]
[2022-07-21T19:32:01.040Z] > git symbolic-ref --short HEAD [1ms]
[2022-07-21T19:32:01.051Z] > git for-each-ref --format=%(refname)%00%(upstream:short)%00%(objectname)%00%(upstream:track)%00%(upstream:remotename)%00%(upstream:remoteref) refs/heads/main refs/remotes/main [4ms]
[2022-07-21T19:32:01.067Z] > git for-each-ref --sort -committerdate --format %(refname) %(objectname) %(*objectname) [10ms]
[2022-07-21T19:32:01.069Z] > git remote --verbose [3ms]
[2022-07-21T19:32:01.083Z] > git config --get commit.template [7ms]
[2022-07-21T19:32:06.188Z] > git status -z -uall [83ms]
[2022-07-21T19:32:06.199Z] > git symbolic-ref --short HEAD [1ms]
[2022-07-21T19:32:06.208Z] > git for-each-ref --format=%(refname)%00%(upstream:short)%00%(objectname)%00%(upstream:track)%00%(upstream:remotename)%00%(upstream:remoteref) refs/heads/main refs/remotes/main [4ms]
[2022-07-21T19:32:06.222Z] > git for-each-ref --sort -committerdate --format %(refname) %(objectname) %(*objectname) [6ms]
[2022-07-21T19:32:06.227Z] > git remote --verbose [6ms]
[2022-07-21T19:32:06.240Z] > git config --get commit.template [3ms]
[2022-07-21T19:32:06.879Z] > git check-ignore -v -z --stdin [6ms]
[2022-07-21T19:32:11.360Z] > git status -z -uall [96ms]
[2022-07-21T19:32:11.367Z] > git symbolic-ref --short HEAD [1ms]
[2022-07-21T19:32:11.381Z] > git for-each-ref --format=%(refname)%00%(upstream:short)%00%(objectname)%00%(upstream:track)%00%(upstream:remotename)%00%(upstream:remoteref) refs/heads/main refs/remotes/main [3ms]
[2022-07-21T19:32:11.396Z] > git for-each-ref --sort -committerdate --format %(refname) %(objectname) %(*objectname) [9ms]
[2022-07-21T19:32:11.398Z] > git remote --verbose [3ms]
[2022-07-21T19:32:11.413Z] > git config --get commit.template [1ms]
[2022-07-21T19:32:16.525Z] > git status -z -uall [103ms]
[2022-07-21T19:32:16.535Z] > git symbolic-ref --short HEAD [4ms]
[2022-07-21T19:32:16.546Z] > git for-each-ref --format=%(refname)%00%(upstream:short)%00%(objectname)%00%(upstream:track)%00%(upstream:remotename)%00%(upstream:remoteref) refs/heads/main refs/remotes/main [3ms]
[2022-07-21T19:32:16.562Z] > git for-each-ref --sort -committerdate --format %(refname) %(objectname) %(*objectname) [7ms]
[2022-07-21T19:32:16.566Z] > git remote --verbose [5ms]
[2022-07-21T19:32:16.580Z] > git config --get commit.template [3ms]
[2022-07-21T19:32:21.696Z] > git status -z -uall [98ms]
[2022-07-21T19:32:21.705Z] > git symbolic-ref --short HEAD [1ms]
[2022-07-21T19:32:21.716Z] > git for-each-ref --format=%(refname)%00%(upstream:short)%00%(objectname)%00%(upstream:track)%00%(upstream:remotename)%00%(upstream:remoteref) refs/heads/main refs/remotes/main [3ms]
[2022-07-21T19:32:21.736Z] > git for-each-ref --sort -committerdate --format %(refname) %(objectname) %(*objectname) [13ms]
[2022-07-21T19:32:21.738Z] > git remote --verbose [6ms]
[2022-07-21T19:32:21.781Z] > git config --get commit.template [7ms]
[2022-07-21T19:32:22.400Z] > git check-ignore -v -z --stdin [2ms]
[2022-07-21T19:32:26.936Z] > git status -z -uall [122ms]
[2022-07-21T19:32:26.946Z] > git symbolic-ref --short HEAD [4ms]
[2022-07-21T19:32:26.975Z] > git for-each-ref --format=%(refname)%00%(upstream:short)%00%(objectname)%00%(upstream:track)%00%(upstream:remotename)%00%(upstream:remoteref) refs/heads/main refs/remotes/main [21ms]
[2022-07-21T19:32:27.030Z] > git for-each-ref --sort -committerdate --format %(refname) %(objectname) %(*objectname) [50ms]
[2022-07-21T19:32:27.034Z] > git remote --verbose [12ms]
[2022-07-21T19:32:27.054Z] > git config --get commit.template [2ms]
