[2022-07-18T22:36:16.172Z] Log level: Info
[2022-07-18T22:36:16.173Z] [info] Validating found git in: git
[2022-07-18T22:36:16.360Z] [info] Using git 2.30.2 from git
[2022-07-18T22:36:16.443Z] > git rev-parse --show-toplevel [7ms]
[2022-07-18T22:36:16.481Z] > git rev-parse --git-dir --git-common-dir [13ms]
[2022-07-18T22:36:16.485Z] [info] Open repository: /home/thebuffylow/LC101/js-assignment-4-html-me-something-buffylow
[2022-07-18T22:36:16.579Z] > git status -z -uall [73ms]
[2022-07-18T22:36:16.597Z] > git symbolic-ref --short HEAD [2ms]
[2022-07-18T22:36:16.632Z] > git for-each-ref --format=%(refname)%00%(upstream:short)%00%(objectname)%00%(upstream:track)%00%(upstream:remotename)%00%(upstream:remoteref) refs/heads/main refs/remotes/main [23ms]
[2022-07-18T22:36:16.672Z] > git for-each-ref --sort -committerdate --format %(refname) %(objectname) %(*objectname) [20ms]
[2022-07-18T22:36:16.678Z] > git remote --verbose [7ms]
[2022-07-18T22:36:16.743Z] > git config --get commit.template [5ms]
[2022-07-18T22:36:17.614Z] > git status -z -uall [811ms]
[2022-07-18T22:36:17.690Z] > git symbolic-ref --short HEAD [65ms]
[2022-07-18T22:36:17.704Z] > git for-each-ref --format=%(refname)%00%(upstream:short)%00%(objectname)%00%(upstream:track)%00%(upstream:remotename)%00%(upstream:remoteref) refs/heads/main refs/remotes/main [9ms]
[2022-07-18T22:36:17.717Z] > git for-each-ref --sort -committerdate --format %(refname) %(objectname) %(*objectname) [8ms]
[2022-07-18T22:36:17.720Z] > git remote --verbose [5ms]
[2022-07-18T22:36:17.729Z] > git config --get commit.template [2ms]
[2022-07-18T22:36:17.987Z] > git show --textconv :index.html [157ms]
[2022-07-18T22:36:17.988Z] > git ls-files --stage -- /home/thebuffylow/LC101/js-assignment-4-html-me-something-buffylow/index.html [133ms]
[2022-07-18T22:36:18.012Z] > git cat-file -s 8304f44d82d834dfb61bd91c54f92371d111c494 [18ms]
[2022-07-18T22:36:18.143Z] > git check-ignore -v -z --stdin [15ms]
[2022-07-18T22:38:51.064Z] > git show --textconv :styles.css [31ms]
[2022-07-18T22:38:51.089Z] > git ls-files --stage -- /home/thebuffylow/LC101/js-assignment-4-html-me-something-buffylow/styles.css [28ms]
[2022-07-18T22:38:51.126Z] > git cat-file -s dcfee9000d2d4935c403dff94ba667d64b030558 [9ms]
[2022-07-18T22:48:12.073Z] > git show --textconv :index.html [13ms]
[2022-07-18T22:48:12.079Z] > git ls-files --stage -- /home/thebuffylow/LC101/js-assignment-4-html-me-something-buffylow/index.html [6ms]
[2022-07-18T22:48:12.087Z] > git cat-file -s 8304f44d82d834dfb61bd91c54f92371d111c494 [2ms]
[2022-07-18T22:52:41.161Z] > git show --textconv :styles.css [16ms]
[2022-07-18T22:52:41.172Z] > git ls-files --stage -- /home/thebuffylow/LC101/js-assignment-4-html-me-something-buffylow/styles.css [12ms]
[2022-07-18T22:52:41.185Z] > git cat-file -s dcfee9000d2d4935c403dff94ba667d64b030558 [4ms]
[2022-07-18T22:53:45.602Z] > git show --textconv HEAD:index.html [23ms]
[2022-07-18T22:53:45.611Z] > git ls-tree -l HEAD -- /home/thebuffylow/LC101/js-assignment-4-html-me-something-buffylow/index.html [10ms]
[2022-07-18T22:53:55.556Z] > git status -z -uall [56ms]
[2022-07-18T22:53:55.570Z] > git symbolic-ref --short HEAD [4ms]
[2022-07-18T22:53:55.584Z] > git for-each-ref --format=%(refname)%00%(upstream:short)%00%(objectname)%00%(upstream:track)%00%(upstream:remotename)%00%(upstream:remoteref) refs/heads/main refs/remotes/main [2ms]
[2022-07-18T22:53:55.603Z] > git remote --verbose [5ms]
[2022-07-18T22:53:55.605Z] > git for-each-ref --sort -committerdate --format %(refname) %(objectname) %(*objectname) [13ms]
[2022-07-18T22:53:55.624Z] > git config --get commit.template [2ms]
[2022-07-18T22:53:59.239Z] > git status -z -uall [88ms]
[2022-07-18T22:53:59.258Z] > git symbolic-ref --short HEAD [8ms]
[2022-07-18T22:53:59.268Z] > git for-each-ref --format=%(refname)%00%(upstream:short)%00%(objectname)%00%(upstream:track)%00%(upstream:remotename)%00%(upstream:remoteref) refs/heads/main refs/remotes/main [1ms]
[2022-07-18T22:53:59.294Z] > git for-each-ref --sort -committerdate --format %(refname) %(objectname) %(*objectname) [16ms]
[2022-07-18T22:53:59.295Z] > git remote --verbose [7ms]
[2022-07-18T22:53:59.315Z] > git config --get commit.template [5ms]
[2022-07-18T22:55:39.327Z] > git ls-tree -l HEAD -- /home/thebuffylow/LC101/js-assignment-4-html-me-something-buffylow/index.html [11ms]
[2022-07-18T22:55:39.404Z] > git status -z -uall [78ms]
[2022-07-18T22:55:39.419Z] > git symbolic-ref --short HEAD [4ms]
[2022-07-18T22:55:39.454Z] > git for-each-ref --format=%(refname)%00%(upstream:short)%00%(objectname)%00%(upstream:track)%00%(upstream:remotename)%00%(upstream:remoteref) refs/heads/main refs/remotes/main [15ms]
[2022-07-18T22:55:39.548Z] > git remote --verbose [1ms]
[2022-07-18T22:55:39.549Z] > git for-each-ref --sort -committerdate --format %(refname) %(objectname) %(*objectname) [57ms]
[2022-07-18T22:55:39.601Z] > git config --get commit.template [3ms]
[2022-07-18T22:55:48.576Z] > git ls-tree -l HEAD -- /home/thebuffylow/LC101/js-assignment-4-html-me-something-buffylow/index.html [6ms]
[2022-07-18T22:56:04.444Z] > git add -A -- . [119ms]
[2022-07-18T22:56:04.594Z] > git -c user.useConfigOnly=true commit --quiet --allow-empty-message --file - [125ms]
[2022-07-18T22:56:04.651Z] > git status -z -uall [51ms]
[2022-07-18T22:56:04.666Z] > git symbolic-ref --short HEAD [2ms]
[2022-07-18T22:56:04.696Z] > git for-each-ref --format=%(refname)%00%(upstream:short)%00%(objectname)%00%(upstream:track)%00%(upstream:remotename)%00%(upstream:remoteref) refs/heads/main refs/remotes/main [12ms]
[2022-07-18T22:56:04.732Z] > git for-each-ref --sort -committerdate --format %(refname) %(objectname) %(*objectname) [28ms]
[2022-07-18T22:56:04.742Z] > git remote --verbose [21ms]
[2022-07-18T22:56:04.787Z] > git config --get commit.template [9ms]
[2022-07-18T22:56:04.825Z] > git config --get commit.template [11ms]
[2022-07-18T22:56:05.753Z] > git ls-tree -l HEAD -- /home/thebuffylow/LC101/js-assignment-4-html-me-something-buffylow/index.html [6ms]
[2022-07-18T22:56:05.782Z] > git show --textconv HEAD:index.html [12ms]
[2022-07-18T22:56:06.867Z] > git status -z -uall [106ms]
[2022-07-18T22:56:06.893Z] > git symbolic-ref --short HEAD [10ms]
[2022-07-18T22:56:06.915Z] > git for-each-ref --format=%(refname)%00%(upstream:short)%00%(objectname)%00%(upstream:track)%00%(upstream:remotename)%00%(upstream:remoteref) refs/heads/main refs/remotes/main [3ms]
[2022-07-18T22:56:06.936Z] > git for-each-ref --sort -committerdate --format %(refname) %(objectname) %(*objectname) [12ms]
[2022-07-18T22:56:06.936Z] > git remote --verbose [3ms]
[2022-07-18T22:56:06.954Z] > git config --get commit.template [1ms]
[2022-07-18T22:56:33.875Z] > git status -z -uall [120ms]
[2022-07-18T22:56:33.889Z] > git ls-tree -l HEAD -- /home/thebuffylow/LC101/js-assignment-4-html-me-something-buffylow/index.html [35ms]
[2022-07-18T22:56:33.909Z] > git symbolic-ref --short HEAD [21ms]
[2022-07-18T22:56:33.921Z] > git show --textconv HEAD:index.html [13ms]
[2022-07-18T22:56:33.922Z] > git for-each-ref --format=%(refname)%00%(upstream:short)%00%(objectname)%00%(upstream:track)%00%(upstream:remotename)%00%(upstream:remoteref) refs/heads/main refs/remotes/main [2ms]
[2022-07-18T22:56:33.953Z] > git for-each-ref --sort -committerdate --format %(refname) %(objectname) %(*objectname) [17ms]
[2022-07-18T22:56:33.957Z] > git remote --verbose [7ms]
[2022-07-18T22:56:33.977Z] > git config --get commit.template [4ms]
[2022-07-18T23:06:23.657Z] > git ls-tree -l HEAD -- /home/thebuffylow/LC101/js-assignment-4-html-me-something-buffylow/index.html [10ms]
[2022-07-18T23:06:36.940Z] > git show --textconv :styles.css [10ms]
[2022-07-18T23:06:36.940Z] > git ls-files --stage -- /home/thebuffylow/LC101/js-assignment-4-html-me-something-buffylow/styles.css [3ms]
[2022-07-18T23:06:36.950Z] > git cat-file -s f8ce7b75369089e8b5662ceb5e49a7b968a16253 [4ms]
[2022-07-18T23:07:58.780Z] > git show --textconv :index.html [15ms]
[2022-07-18T23:07:58.793Z] > git ls-files --stage -- /home/thebuffylow/LC101/js-assignment-4-html-me-something-buffylow/index.html [14ms]
[2022-07-18T23:07:58.802Z] > git cat-file -s 986affb0582f1d914ccdb214f312a3f89f95187a [3ms]
[2022-07-18T23:08:35.132Z] > git show --textconv :styles.css [13ms]
[2022-07-18T23:08:35.135Z] > git ls-files --stage -- /home/thebuffylow/LC101/js-assignment-4-html-me-something-buffylow/styles.css [4ms]
[2022-07-18T23:08:35.149Z] > git cat-file -s f8ce7b75369089e8b5662ceb5e49a7b968a16253 [5ms]
[2022-07-18T23:11:05.059Z] > git show --textconv :index.html [22ms]
[2022-07-18T23:11:05.060Z] > git ls-files --stage -- /home/thebuffylow/LC101/js-assignment-4-html-me-something-buffylow/index.html [5ms]
[2022-07-18T23:11:05.084Z] > git cat-file -s 986affb0582f1d914ccdb214f312a3f89f95187a [2ms]
[2022-07-18T23:18:57.504Z] > git status -z -uall [94ms]
[2022-07-18T23:18:57.518Z] > git symbolic-ref --short HEAD [4ms]
[2022-07-18T23:18:57.536Z] > git for-each-ref --format=%(refname)%00%(upstream:short)%00%(objectname)%00%(upstream:track)%00%(upstream:remotename)%00%(upstream:remoteref) refs/heads/main refs/remotes/main [1ms]
[2022-07-18T23:18:57.569Z] > git remote --verbose [6ms]
[2022-07-18T23:18:57.569Z] > git for-each-ref --sort -committerdate --format %(refname) %(objectname) %(*objectname) [18ms]
[2022-07-18T23:18:57.590Z] > git config --get commit.template [3ms]
[2022-07-18T23:20:19.478Z] > git show --textconv :styles.css [16ms]
[2022-07-18T23:20:19.483Z] > git ls-files --stage -- /home/thebuffylow/LC101/js-assignment-4-html-me-something-buffylow/styles.css [6ms]
[2022-07-18T23:20:19.493Z] > git cat-file -s f8ce7b75369089e8b5662ceb5e49a7b968a16253 [3ms]
[2022-07-18T23:21:03.658Z] > git status -z -uall [82ms]
[2022-07-18T23:21:03.679Z] > git symbolic-ref --short HEAD [11ms]
[2022-07-18T23:21:03.708Z] > git for-each-ref --format=%(refname)%00%(upstream:short)%00%(objectname)%00%(upstream:track)%00%(upstream:remotename)%00%(upstream:remoteref) refs/heads/main refs/remotes/main [3ms]
[2022-07-18T23:21:03.735Z] > git for-each-ref --sort -committerdate --format %(refname) %(objectname) %(*objectname) [9ms]
[2022-07-18T23:21:03.742Z] > git remote --verbose [8ms]
[2022-07-18T23:21:03.765Z] > git config --get commit.template [1ms]
[2022-07-18T23:24:08.319Z] > git status -z -uall [48ms]
[2022-07-18T23:24:08.332Z] > git symbolic-ref --short HEAD [4ms]
[2022-07-18T23:24:08.351Z] > git for-each-ref --format=%(refname)%00%(upstream:short)%00%(objectname)%00%(upstream:track)%00%(upstream:remotename)%00%(upstream:remoteref) refs/heads/main refs/remotes/main [5ms]
[2022-07-18T23:24:08.386Z] > git for-each-ref --sort -committerdate --format %(refname) %(objectname) %(*objectname) [17ms]
[2022-07-18T23:24:08.390Z] > git remote --verbose [6ms]
[2022-07-18T23:24:08.455Z] > git config --get commit.template [7ms]
[2022-07-18T23:25:12.513Z] > git status -z -uall [127ms]
[2022-07-18T23:25:12.529Z] > git symbolic-ref --short HEAD [1ms]
[2022-07-18T23:25:12.552Z] > git for-each-ref --format=%(refname)%00%(upstream:short)%00%(objectname)%00%(upstream:track)%00%(upstream:remotename)%00%(upstream:remoteref) refs/heads/main refs/remotes/main [6ms]
[2022-07-18T23:25:12.594Z] > git for-each-ref --sort -committerdate --format %(refname) %(objectname) %(*objectname) [30ms]
[2022-07-18T23:25:12.602Z] > git remote --verbose [14ms]
[2022-07-18T23:25:12.662Z] > git config --get commit.template [9ms]
[2022-07-18T23:26:52.464Z] > git status -z -uall [53ms]
[2022-07-18T23:26:52.484Z] > git symbolic-ref --short HEAD [4ms]
[2022-07-18T23:26:52.520Z] > git for-each-ref --format=%(refname)%00%(upstream:short)%00%(objectname)%00%(upstream:track)%00%(upstream:remotename)%00%(upstream:remoteref) refs/heads/main refs/remotes/main [21ms]
[2022-07-18T23:26:52.538Z] > git for-each-ref --sort -committerdate --format %(refname) %(objectname) %(*objectname) [10ms]
[2022-07-18T23:26:52.540Z] > git remote --verbose [3ms]
[2022-07-18T23:26:52.554Z] > git config --get commit.template [3ms]
[2022-07-18T23:28:43.951Z] > git status -z -uall [50ms]
[2022-07-18T23:28:43.962Z] > git symbolic-ref --short HEAD [1ms]
[2022-07-18T23:28:43.982Z] > git for-each-ref --format=%(refname)%00%(upstream:short)%00%(objectname)%00%(upstream:track)%00%(upstream:remotename)%00%(upstream:remoteref) refs/heads/main refs/remotes/main [3ms]
[2022-07-18T23:28:44.009Z] > git for-each-ref --sort -committerdate --format %(refname) %(objectname) %(*objectname) [19ms]
[2022-07-18T23:28:44.012Z] > git remote --verbose [4ms]
[2022-07-18T23:28:44.032Z] > git config --get commit.template [3ms]
[2022-07-18T23:33:58.141Z] > git status -z -uall [77ms]
[2022-07-18T23:33:58.152Z] > git symbolic-ref --short HEAD [3ms]
[2022-07-18T23:33:58.172Z] > git for-each-ref --format=%(refname)%00%(upstream:short)%00%(objectname)%00%(upstream:track)%00%(upstream:remotename)%00%(upstream:remoteref) refs/heads/main refs/remotes/main [5ms]
[2022-07-18T23:33:58.197Z] > git for-each-ref --sort -committerdate --format %(refname) %(objectname) %(*objectname) [14ms]
[2022-07-18T23:33:58.200Z] > git remote --verbose [4ms]
[2022-07-18T23:33:58.215Z] > git config --get commit.template [2ms]
[2022-07-18T23:35:37.140Z] > git status -z -uall [27ms]
[2022-07-18T23:35:37.150Z] > git symbolic-ref --short HEAD [4ms]
[2022-07-18T23:35:37.158Z] > git for-each-ref --format=%(refname)%00%(upstream:short)%00%(objectname)%00%(upstream:track)%00%(upstream:remotename)%00%(upstream:remoteref) refs/heads/main refs/remotes/main [1ms]
[2022-07-18T23:35:37.173Z] > git for-each-ref --sort -committerdate --format %(refname) %(objectname) %(*objectname) [9ms]
[2022-07-18T23:35:37.176Z] > git remote --verbose [5ms]
[2022-07-18T23:35:37.193Z] > git config --get commit.template [3ms]
[2022-07-18T23:37:08.265Z] > git status -z -uall [31ms]
[2022-07-18T23:37:08.276Z] > git symbolic-ref --short HEAD [3ms]
[2022-07-18T23:37:08.284Z] > git for-each-ref --format=%(refname)%00%(upstream:short)%00%(objectname)%00%(upstream:track)%00%(upstream:remotename)%00%(upstream:remoteref) refs/heads/main refs/remotes/main [2ms]
[2022-07-18T23:37:08.298Z] > git for-each-ref --sort -committerdate --format %(refname) %(objectname) %(*objectname) [7ms]
[2022-07-18T23:37:08.300Z] > git remote --verbose [3ms]
[2022-07-18T23:37:08.316Z] > git config --get commit.template [2ms]
[2022-07-18T23:39:20.891Z] > git show --textconv :index.html [19ms]
[2022-07-18T23:39:20.915Z] > git ls-files --stage -- /home/thebuffylow/LC101/js-assignment-4-html-me-something-buffylow/index.html [25ms]
[2022-07-18T23:39:20.956Z] > git cat-file -s 986affb0582f1d914ccdb214f312a3f89f95187a [4ms]
[2022-07-18T23:44:38.738Z] > git status -z -uall [113ms]
[2022-07-18T23:44:38.752Z] > git symbolic-ref --short HEAD [4ms]
[2022-07-18T23:44:38.762Z] > git for-each-ref --format=%(refname)%00%(upstream:short)%00%(objectname)%00%(upstream:track)%00%(upstream:remotename)%00%(upstream:remoteref) refs/heads/main refs/remotes/main [3ms]
[2022-07-18T23:44:38.780Z] > git for-each-ref --sort -committerdate --format %(refname) %(objectname) %(*objectname) [10ms]
[2022-07-18T23:44:38.782Z] > git remote --verbose [4ms]
[2022-07-18T23:44:38.799Z] > git config --get commit.template [4ms]
[2022-07-18T23:45:24.361Z] > git status -z -uall [47ms]
[2022-07-18T23:45:24.375Z] > git symbolic-ref --short HEAD [4ms]
[2022-07-18T23:45:24.390Z] > git for-each-ref --format=%(refname)%00%(upstream:short)%00%(objectname)%00%(upstream:track)%00%(upstream:remotename)%00%(upstream:remoteref) refs/heads/main refs/remotes/main [5ms]
[2022-07-18T23:45:24.416Z] > git for-each-ref --sort -committerdate --format %(refname) %(objectname) %(*objectname) [16ms]
[2022-07-18T23:45:24.417Z] > git remote --verbose [2ms]
[2022-07-18T23:45:24.440Z] > git config --get commit.template [3ms]
[2022-07-18T23:45:48.196Z] > git show --textconv HEAD:styles.css [18ms]
[2022-07-18T23:45:48.197Z] > git ls-tree -l HEAD -- /home/thebuffylow/LC101/js-assignment-4-html-me-something-buffylow/styles.css [2ms]
[2022-07-18T23:45:51.250Z] > git show --textconv HEAD:index.html [18ms]
[2022-07-18T23:45:51.251Z] > git ls-tree -l HEAD -- /home/thebuffylow/LC101/js-assignment-4-html-me-something-buffylow/index.html [5ms]
[2022-07-18T23:46:16.543Z] > git ls-tree -l HEAD -- /home/thebuffylow/LC101/js-assignment-4-html-me-something-buffylow/index.html [18ms]
[2022-07-18T23:46:16.592Z] > git add -A -- . [50ms]
[2022-07-18T23:46:16.658Z] > git -c user.useConfigOnly=true commit --quiet --allow-empty-message --file - [52ms]
[2022-07-18T23:46:16.707Z] > git status -z -uall [36ms]
[2022-07-18T23:46:16.731Z] > git symbolic-ref --short HEAD [7ms]
[2022-07-18T23:46:16.753Z] > git for-each-ref --format=%(refname)%00%(upstream:short)%00%(objectname)%00%(upstream:track)%00%(upstream:remotename)%00%(upstream:remoteref) refs/heads/main refs/remotes/main [13ms]
[2022-07-18T23:46:16.806Z] > git for-each-ref --sort -committerdate --format %(refname) %(objectname) %(*objectname) [40ms]
[2022-07-18T23:46:16.815Z] > git remote --verbose [32ms]
[2022-07-18T23:46:16.872Z] > git config --get commit.template [4ms]
[2022-07-18T23:46:16.934Z] > git config --get commit.template [10ms]
[2022-07-18T23:46:17.942Z] > git ls-tree -l HEAD -- /home/thebuffylow/LC101/js-assignment-4-html-me-something-buffylow/index.html [8ms]
[2022-07-18T23:46:17.989Z] > git show --textconv HEAD:index.html [32ms]
[2022-07-18T23:46:19.005Z] > git status -z -uall [64ms]
[2022-07-18T23:46:19.026Z] > git symbolic-ref --short HEAD [3ms]
[2022-07-18T23:46:19.048Z] > git for-each-ref --format=%(refname)%00%(upstream:short)%00%(objectname)%00%(upstream:track)%00%(upstream:remotename)%00%(upstream:remoteref) refs/heads/main refs/remotes/main [7ms]
[2022-07-18T23:46:19.074Z] > git remote --verbose [5ms]
[2022-07-18T23:46:19.076Z] > git for-each-ref --sort -committerdate --format %(refname) %(objectname) %(*objectname) [21ms]
[2022-07-18T23:46:19.107Z] > git config --get commit.template [1ms]
[2022-07-18T23:46:27.820Z] > git status -z -uall [112ms]
[2022-07-18T23:46:27.851Z] > git symbolic-ref --short HEAD [17ms]
[2022-07-18T23:46:27.867Z] > git ls-tree -l HEAD -- /home/thebuffylow/LC101/js-assignment-4-html-me-something-buffylow/index.html [17ms]
[2022-07-18T23:46:27.874Z] > git for-each-ref --format=%(refname)%00%(upstream:short)%00%(objectname)%00%(upstream:track)%00%(upstream:remotename)%00%(upstream:remoteref) refs/heads/main refs/remotes/main [11ms]
[2022-07-18T23:46:27.917Z] > git for-each-ref --sort -committerdate --format %(refname) %(objectname) %(*objectname) [28ms]
[2022-07-18T23:46:27.918Z] > git remote --verbose [16ms]
[2022-07-18T23:46:27.961Z] > git show --textconv HEAD:index.html [45ms]
[2022-07-18T23:46:27.969Z] > git config --get commit.template [25ms]
[2022-07-18T23:52:46.779Z] > git ls-tree -l HEAD -- /home/thebuffylow/LC101/js-assignment-4-html-me-something-buffylow/index.html [7ms]
[2022-07-18T23:53:04.278Z] > git show --textconv :index.html [22ms]
[2022-07-18T23:53:04.286Z] > git ls-files --stage -- /home/thebuffylow/LC101/js-assignment-4-html-me-something-buffylow/index.html [9ms]
[2022-07-18T23:53:04.308Z] > git cat-file -s cd95c88422836bdf884525b10576875ecf65f053 [10ms]
[2022-07-18T23:58:20.037Z] > git show --textconv :styles.css [14ms]
[2022-07-18T23:58:20.042Z] > git ls-files --stage -- /home/thebuffylow/LC101/js-assignment-4-html-me-something-buffylow/styles.css [9ms]
[2022-07-18T23:58:20.057Z] > git cat-file -s b8a79af33cbdffe6fb1d92db43023659874fa618 [3ms]
[2022-07-18T23:59:07.871Z] > git status -z -uall [90ms]
[2022-07-18T23:59:07.902Z] > git symbolic-ref --short HEAD [2ms]
[2022-07-18T23:59:07.915Z] > git for-each-ref --format=%(refname)%00%(upstream:short)%00%(objectname)%00%(upstream:track)%00%(upstream:remotename)%00%(upstream:remoteref) refs/heads/main refs/remotes/main [5ms]
[2022-07-18T23:59:07.931Z] > git for-each-ref --sort -committerdate --format %(refname) %(objectname) %(*objectname) [10ms]
[2022-07-18T23:59:07.933Z] > git remote --verbose [4ms]
[2022-07-18T23:59:07.968Z] > git config --get commit.template [9ms]
[2022-07-19T00:00:35.704Z] > git status -z -uall [102ms]
[2022-07-19T00:00:35.730Z] > git symbolic-ref --short HEAD [4ms]
[2022-07-19T00:00:35.756Z] > git for-each-ref --format=%(refname)%00%(upstream:short)%00%(objectname)%00%(upstream:track)%00%(upstream:remotename)%00%(upstream:remoteref) refs/heads/main refs/remotes/main [7ms]
[2022-07-19T00:00:35.806Z] > git for-each-ref --sort -committerdate --format %(refname) %(objectname) %(*objectname) [28ms]
[2022-07-19T00:00:35.810Z] > git remote --verbose [6ms]
[2022-07-19T00:00:35.831Z] > git config --get commit.template [3ms]
[2022-07-19T00:03:27.149Z] > git add -A -- . [141ms]
[2022-07-19T00:03:27.291Z] > git -c user.useConfigOnly=true commit --quiet --allow-empty-message --file - [101ms]
[2022-07-19T00:03:27.448Z] > git status -z -uall [134ms]
[2022-07-19T00:03:27.488Z] > git symbolic-ref --short HEAD [6ms]
[2022-07-19T00:03:27.525Z] > git for-each-ref --format=%(refname)%00%(upstream:short)%00%(objectname)%00%(upstream:track)%00%(upstream:remotename)%00%(upstream:remoteref) refs/heads/main refs/remotes/main [6ms]
[2022-07-19T00:03:27.664Z] > git for-each-ref --sort -committerdate --format %(refname) %(objectname) %(*objectname) [80ms]
[2022-07-19T00:03:27.667Z] > git remote --verbose [38ms]
[2022-07-19T00:03:27.724Z] > git config --get commit.template [9ms]
[2022-07-19T00:03:27.745Z] > git config --get commit.template [3ms]
[2022-07-19T00:03:28.801Z] > git ls-files --stage -- /home/thebuffylow/LC101/js-assignment-4-html-me-something-buffylow/styles.css [4ms]
[2022-07-19T00:03:28.816Z] > git cat-file -s 36cf5081ecf6263f8ca7646d54e10574096f3575 [4ms]
[2022-07-19T00:03:28.847Z] > git show --textconv :styles.css [5ms]
[2022-07-19T00:03:29.846Z] > git status -z -uall [37ms]
[2022-07-19T00:03:29.863Z] > git symbolic-ref --short HEAD [5ms]
[2022-07-19T00:03:29.885Z] > git for-each-ref --format=%(refname)%00%(upstream:short)%00%(objectname)%00%(upstream:track)%00%(upstream:remotename)%00%(upstream:remoteref) refs/heads/main refs/remotes/main [5ms]
[2022-07-19T00:03:29.910Z] > git for-each-ref --sort -committerdate --format %(refname) %(objectname) %(*objectname) [16ms]
[2022-07-19T00:03:29.913Z] > git remote --verbose [6ms]
[2022-07-19T00:03:29.933Z] > git config --get commit.template [2ms]
[2022-07-19T00:03:38.827Z] > git status -z -uall [112ms]
[2022-07-19T00:03:38.848Z] > git ls-files --stage -- /home/thebuffylow/LC101/js-assignment-4-html-me-something-buffylow/styles.css [22ms]
[2022-07-19T00:03:38.867Z] > git symbolic-ref --short HEAD [25ms]
[2022-07-19T00:03:38.886Z] > git cat-file -s 36cf5081ecf6263f8ca7646d54e10574096f3575 [22ms]
[2022-07-19T00:03:38.890Z] > git for-each-ref --format=%(refname)%00%(upstream:short)%00%(objectname)%00%(upstream:track)%00%(upstream:remotename)%00%(upstream:remoteref) refs/heads/main refs/remotes/main [7ms]
[2022-07-19T00:03:38.935Z] > git remote --verbose [23ms]
[2022-07-19T00:03:38.935Z] > git for-each-ref --sort -committerdate --format %(refname) %(objectname) %(*objectname) [32ms]
[2022-07-19T00:03:38.955Z] > git show --textconv :styles.css [23ms]
[2022-07-19T00:03:38.966Z] > git config --get commit.template [12ms]
[2022-07-19T00:07:15.040Z] > git check-ignore -v -z --stdin [5ms]
[2022-07-19T00:07:18.174Z] > git show --textconv :spec/grading.spec.js [45ms]
[2022-07-19T00:07:18.188Z] > git ls-files --stage -- /home/thebuffylow/LC101/js-assignment-4-html-me-something-buffylow/spec/grading.spec.js [19ms]
[2022-07-19T00:07:18.234Z] > git cat-file -s 7dffe99e5a59660202692f9377f83e09d3c152eb [13ms]
[2022-07-19T00:08:18.352Z] > git show --textconv :index.html [16ms]
[2022-07-19T00:08:18.363Z] > git ls-files --stage -- /home/thebuffylow/LC101/js-assignment-4-html-me-something-buffylow/index.html [12ms]
[2022-07-19T00:08:18.407Z] > git cat-file -s 5721c1dbe97e53d853cb1f1f7d62993528050eb1 [8ms]
[2022-07-19T00:11:43.182Z] > git show --textconv :styles.css [27ms]
[2022-07-19T00:11:43.206Z] > git ls-files --stage -- /home/thebuffylow/LC101/js-assignment-4-html-me-something-buffylow/styles.css [25ms]
[2022-07-19T00:11:43.235Z] > git cat-file -s 36cf5081ecf6263f8ca7646d54e10574096f3575 [10ms]
[2022-07-19T00:12:36.136Z] > git show --textconv :grading.js [38ms]
[2022-07-19T00:12:36.136Z] > git ls-files --stage -- /home/thebuffylow/LC101/js-assignment-4-html-me-something-buffylow/grading.js [25ms]
[2022-07-19T00:12:36.165Z] > git cat-file -s ef0bac055b0ea0d5718b4938e8d2ee147fbf5efc [15ms]
[2022-07-19T00:12:44.791Z] > git status -z -uall [62ms]
[2022-07-19T00:12:44.806Z] > git symbolic-ref --short HEAD [3ms]
[2022-07-19T00:12:44.828Z] > git for-each-ref --format=%(refname)%00%(upstream:short)%00%(objectname)%00%(upstream:track)%00%(upstream:remotename)%00%(upstream:remoteref) refs/heads/main refs/remotes/main [4ms]
[2022-07-19T00:12:44.859Z] > git remote --verbose [2ms]
[2022-07-19T00:12:44.859Z] > git for-each-ref --sort -committerdate --format %(refname) %(objectname) %(*objectname) [19ms]
[2022-07-19T00:12:44.889Z] > git config --get commit.template [7ms]
[2022-07-19T00:12:56.179Z] > git show --textconv :styles.css [8ms]
[2022-07-19T00:12:56.195Z] > git ls-files --stage -- /home/thebuffylow/LC101/js-assignment-4-html-me-something-buffylow/styles.css [16ms]
[2022-07-19T00:12:56.209Z] > git cat-file -s 36cf5081ecf6263f8ca7646d54e10574096f3575 [6ms]
[2022-07-19T00:13:03.587Z] > git status -z -uall [77ms]
[2022-07-19T00:13:03.602Z] > git symbolic-ref --short HEAD [3ms]
[2022-07-19T00:13:03.619Z] > git for-each-ref --format=%(refname)%00%(upstream:short)%00%(objectname)%00%(upstream:track)%00%(upstream:remotename)%00%(upstream:remoteref) refs/heads/main refs/remotes/main [4ms]
[2022-07-19T00:13:03.647Z] > git for-each-ref --sort -committerdate --format %(refname) %(objectname) %(*objectname) [18ms]
[2022-07-19T00:13:03.648Z] > git remote --verbose [3ms]
[2022-07-19T00:13:03.678Z] > git config --get commit.template [4ms]
[2022-07-19T00:13:18.979Z] > git status -z -uall [90ms]
[2022-07-19T00:13:18.993Z] > git symbolic-ref --short HEAD [1ms]
[2022-07-19T00:13:19.008Z] > git for-each-ref --format=%(refname)%00%(upstream:short)%00%(objectname)%00%(upstream:track)%00%(upstream:remotename)%00%(upstream:remoteref) refs/heads/main refs/remotes/main [4ms]
[2022-07-19T00:13:19.034Z] > git for-each-ref --sort -committerdate --format %(refname) %(objectname) %(*objectname) [10ms]
[2022-07-19T00:13:19.039Z] > git remote --verbose [7ms]
[2022-07-19T00:13:19.074Z] > git config --get commit.template [4ms]
[2022-07-19T00:13:28.964Z] > git show --textconv :index.html [9ms]
[2022-07-19T00:13:28.965Z] > git ls-files --stage -- /home/thebuffylow/LC101/js-assignment-4-html-me-something-buffylow/index.html [2ms]
[2022-07-19T00:13:28.974Z] > git cat-file -s 5721c1dbe97e53d853cb1f1f7d62993528050eb1 [2ms]
[2022-07-19T00:14:42.701Z] > git add -A -- /home/thebuffylow/LC101/js-assignment-4-html-me-something-buffylow/index.html [38ms]
[2022-07-19T00:14:42.761Z] > git status -z -uall [42ms]
[2022-07-19T00:14:42.779Z] > git symbolic-ref --short HEAD [4ms]
[2022-07-19T00:14:42.793Z] > git for-each-ref --format=%(refname)%00%(upstream:short)%00%(objectname)%00%(upstream:track)%00%(upstream:remotename)%00%(upstream:remoteref) refs/heads/main refs/remotes/main [3ms]
[2022-07-19T00:14:42.823Z] > git remote --verbose [5ms]
[2022-07-19T00:14:42.823Z] > git for-each-ref --sort -committerdate --format %(refname) %(objectname) %(*objectname) [19ms]
[2022-07-19T00:14:42.844Z] > git config --get commit.template [4ms]
[2022-07-19T00:14:42.944Z] > git -c user.useConfigOnly=true commit --quiet --allow-empty-message --file - [83ms]
[2022-07-19T00:14:43.075Z] > git status -z -uall [87ms]
[2022-07-19T00:14:43.116Z] > git symbolic-ref --short HEAD [12ms]
[2022-07-19T00:14:43.177Z] > git for-each-ref --format=%(refname)%00%(upstream:short)%00%(objectname)%00%(upstream:track)%00%(upstream:remotename)%00%(upstream:remoteref) refs/heads/main refs/remotes/main [3ms]
[2022-07-19T00:14:43.234Z] > git for-each-ref --sort -committerdate --format %(refname) %(objectname) %(*objectname) [34ms]
[2022-07-19T00:14:43.243Z] > git remote --verbose [16ms]
[2022-07-19T00:14:43.271Z] > git config --get commit.template [3ms]
[2022-07-19T00:14:43.301Z] > git config --get commit.template [8ms]
[2022-07-19T00:14:44.306Z] > git ls-files --stage -- /home/thebuffylow/LC101/js-assignment-4-html-me-something-buffylow/index.html [9ms]
[2022-07-19T00:14:44.324Z] > git cat-file -s e141794e4bfa75928c6641f926ccc36e7a822859 [1ms]
[2022-07-19T00:14:44.358Z] > git show --textconv :index.html [8ms]
[2022-07-19T00:14:45.355Z] > git status -z -uall [45ms]
[2022-07-19T00:14:45.376Z] > git symbolic-ref --short HEAD [6ms]
[2022-07-19T00:14:45.395Z] > git for-each-ref --format=%(refname)%00%(upstream:short)%00%(objectname)%00%(upstream:track)%00%(upstream:remotename)%00%(upstream:remoteref) refs/heads/main refs/remotes/main [6ms]
[2022-07-19T00:14:45.439Z] > git remote --verbose [3ms]
[2022-07-19T00:14:45.446Z] > git for-each-ref --sort -committerdate --format %(refname) %(objectname) %(*objectname) [30ms]
[2022-07-19T00:14:45.485Z] > git config --get commit.template [3ms]
[2022-07-19T00:15:05.276Z] > git ls-files --stage -- /home/thebuffylow/LC101/js-assignment-4-html-me-something-buffylow/index.html [8ms]
[2022-07-19T00:15:05.289Z] > git cat-file -s e141794e4bfa75928c6641f926ccc36e7a822859 [3ms]
[2022-07-19T00:15:05.290Z] > git status -z -uall [124ms]
[2022-07-19T00:15:05.308Z] > git symbolic-ref --short HEAD [4ms]
[2022-07-19T00:15:05.339Z] > git for-each-ref --format=%(refname)%00%(upstream:short)%00%(objectname)%00%(upstream:track)%00%(upstream:remotename)%00%(upstream:remoteref) refs/heads/main refs/remotes/main [17ms]
[2022-07-19T00:15:05.364Z] > git show --textconv :index.html [26ms]
[2022-07-19T00:15:05.366Z] > git for-each-ref --sort -committerdate --format %(refname) %(objectname) %(*objectname) [14ms]
[2022-07-19T00:15:05.370Z] > git remote --verbose [9ms]
[2022-07-19T00:15:05.387Z] > git config --get commit.template [3ms]
[2022-07-19T00:19:49.373Z] > git ls-files --stage -- /home/thebuffylow/LC101/js-assignment-4-html-me-something-buffylow/styles.css [14ms]
[2022-07-19T00:19:49.421Z] > git show --textconv :styles.css [74ms]
[2022-07-19T00:19:49.426Z] > git cat-file -s 36cf5081ecf6263f8ca7646d54e10574096f3575 [8ms]
[2022-07-19T00:22:46.507Z] > git status -z -uall [115ms]
[2022-07-19T00:22:46.523Z] > git symbolic-ref --short HEAD [5ms]
[2022-07-19T00:22:46.534Z] > git for-each-ref --format=%(refname)%00%(upstream:short)%00%(objectname)%00%(upstream:track)%00%(upstream:remotename)%00%(upstream:remoteref) refs/heads/main refs/remotes/main [3ms]
[2022-07-19T00:22:46.549Z] > git for-each-ref --sort -committerdate --format %(refname) %(objectname) %(*objectname) [9ms]
[2022-07-19T00:22:46.549Z] > git remote --verbose [2ms]
[2022-07-19T00:22:46.588Z] > git config --get commit.template [1ms]
[2022-07-19T00:23:50.312Z] > git show --textconv :index.html [24ms]
[2022-07-19T00:23:50.330Z] > git ls-files --stage -- /home/thebuffylow/LC101/js-assignment-4-html-me-something-buffylow/index.html [19ms]
[2022-07-19T00:23:50.385Z] > git cat-file -s e141794e4bfa75928c6641f926ccc36e7a822859 [21ms]
[2022-07-19T00:24:14.458Z] > git show --textconv :styles.css [27ms]
[2022-07-19T00:24:14.459Z] > git ls-files --stage -- /home/thebuffylow/LC101/js-assignment-4-html-me-something-buffylow/styles.css [5ms]
[2022-07-19T00:24:14.481Z] > git cat-file -s 36cf5081ecf6263f8ca7646d54e10574096f3575 [14ms]
[2022-07-19T00:25:32.792Z] > git show --textconv :index.html [15ms]
[2022-07-19T00:25:32.795Z] > git ls-files --stage -- /home/thebuffylow/LC101/js-assignment-4-html-me-something-buffylow/index.html [4ms]
[2022-07-19T00:25:32.816Z] > git cat-file -s e141794e4bfa75928c6641f926ccc36e7a822859 [2ms]
[2022-07-19T00:26:06.405Z] > git show --textconv :styles.css [57ms]
[2022-07-19T00:26:06.412Z] > git ls-files --stage -- /home/thebuffylow/LC101/js-assignment-4-html-me-something-buffylow/styles.css [9ms]
[2022-07-19T00:26:06.432Z] > git cat-file -s 36cf5081ecf6263f8ca7646d54e10574096f3575 [2ms]
[2022-07-19T00:28:00.224Z] > git status -z -uall [99ms]
[2022-07-19T00:28:00.242Z] > git symbolic-ref --short HEAD [5ms]
[2022-07-19T00:28:00.263Z] > git for-each-ref --format=%(refname)%00%(upstream:short)%00%(objectname)%00%(upstream:track)%00%(upstream:remotename)%00%(upstream:remoteref) refs/heads/main refs/remotes/main [11ms]
[2022-07-19T00:28:00.283Z] > git for-each-ref --sort -committerdate --format %(refname) %(objectname) %(*objectname) [9ms]
[2022-07-19T00:28:00.286Z] > git remote --verbose [4ms]
[2022-07-19T00:28:00.314Z] > git config --get commit.template [5ms]
[2022-07-19T00:30:02.143Z] > git add -A -- . [84ms]
[2022-07-19T00:30:02.356Z] > git -c user.useConfigOnly=true commit --quiet --allow-empty-message --file - [180ms]
[2022-07-19T00:30:02.453Z] > git status -z -uall [37ms]
[2022-07-19T00:30:02.487Z] > git symbolic-ref --short HEAD [1ms]
[2022-07-19T00:30:02.518Z] > git for-each-ref --format=%(refname)%00%(upstream:short)%00%(objectname)%00%(upstream:track)%00%(upstream:remotename)%00%(upstream:remoteref) refs/heads/main refs/remotes/main [14ms]
[2022-07-19T00:30:02.554Z] > git for-each-ref --sort -committerdate --format %(refname) %(objectname) %(*objectname) [11ms]
[2022-07-19T00:30:02.555Z] > git remote --verbose [3ms]
[2022-07-19T00:30:02.605Z] > git config --get commit.template [32ms]
[2022-07-19T00:30:02.682Z] > git config --get commit.template [17ms]
[2022-07-19T00:30:03.541Z] > git ls-files --stage -- /home/thebuffylow/LC101/js-assignment-4-html-me-something-buffylow/styles.css [4ms]
[2022-07-19T00:30:03.557Z] > git cat-file -s b3033c3860eb38189a37e10b6dd1e75fc210f4ed [7ms]
[2022-07-19T00:30:03.573Z] > git show --textconv :styles.css [3ms]
[2022-07-19T00:30:04.584Z] > git status -z -uall [37ms]
[2022-07-19T00:30:04.596Z] > git symbolic-ref --short HEAD [1ms]
[2022-07-19T00:30:04.608Z] > git for-each-ref --format=%(refname)%00%(upstream:short)%00%(objectname)%00%(upstream:track)%00%(upstream:remotename)%00%(upstream:remoteref) refs/heads/main refs/remotes/main [5ms]
[2022-07-19T00:30:04.649Z] > git for-each-ref --sort -committerdate --format %(refname) %(objectname) %(*objectname) [29ms]
[2022-07-19T00:30:04.650Z] > git remote --verbose [7ms]
[2022-07-19T00:30:04.672Z] > git config --get commit.template [2ms]
[2022-07-19T00:30:13.851Z] > git status -z -uall [106ms]
[2022-07-19T00:30:13.870Z] > git symbolic-ref --short HEAD [5ms]
[2022-07-19T00:30:13.885Z] > git ls-files --stage -- /home/thebuffylow/LC101/js-assignment-4-html-me-something-buffylow/styles.css [35ms]
[2022-07-19T00:30:13.897Z] > git for-each-ref --format=%(refname)%00%(upstream:short)%00%(objectname)%00%(upstream:track)%00%(upstream:remotename)%00%(upstream:remoteref) refs/heads/main refs/remotes/main [13ms]
[2022-07-19T00:30:13.929Z] > git for-each-ref --sort -committerdate --format %(refname) %(objectname) %(*objectname) [17ms]
[2022-07-19T00:30:13.929Z] > git cat-file -s b3033c3860eb38189a37e10b6dd1e75fc210f4ed [33ms]
[2022-07-19T00:30:13.931Z] > git remote --verbose [6ms]
[2022-07-19T00:30:13.983Z] > git show --textconv :styles.css [10ms]
[2022-07-19T00:30:13.986Z] > git config --get commit.template [27ms]
