[2022-07-25T13:34:59.112Z] Log level: Info
[2022-07-25T13:34:59.114Z] [info] Validating found git in: git
[2022-07-25T13:34:59.219Z] [info] Using git 2.30.2 from git
[2022-07-25T13:34:59.265Z] > git rev-parse --show-toplevel [12ms]
[2022-07-25T13:34:59.288Z] > git rev-parse --git-dir --git-common-dir [7ms]
[2022-07-25T13:34:59.292Z] [info] Open repository: /home/thebuffylow/LC101/Fetch-and-JSON-Studio
[2022-07-25T13:34:59.319Z] > git status -z -uall [15ms]
[2022-07-25T13:34:59.351Z] > git symbolic-ref --short HEAD [11ms]
[2022-07-25T13:34:59.386Z] > git for-each-ref --format=%(refname)%00%(upstream:short)%00%(objectname)%00%(upstream:track)%00%(upstream:remotename)%00%(upstream:remoteref) refs/heads/main refs/remotes/main [19ms]
[2022-07-25T13:34:59.427Z] > git for-each-ref --sort -committerdate --format %(refname) %(objectname) %(*objectname) [24ms]
[2022-07-25T13:34:59.431Z] > git remote --verbose [6ms]
[2022-07-25T13:34:59.490Z] > git config --get commit.template [7ms]
[2022-07-25T13:34:59.538Z] > git status -z -uall [11ms]
[2022-07-25T13:34:59.557Z] > git symbolic-ref --short HEAD [3ms]
[2022-07-25T13:34:59.572Z] > git for-each-ref --format=%(refname)%00%(upstream:short)%00%(objectname)%00%(upstream:track)%00%(upstream:remotename)%00%(upstream:remoteref) refs/heads/main refs/remotes/main [5ms]
[2022-07-25T13:34:59.596Z] > git for-each-ref --sort -committerdate --format %(refname) %(objectname) %(*objectname) [14ms]
[2022-07-25T13:34:59.611Z] > git remote --verbose [16ms]
[2022-07-25T13:34:59.645Z] > git config --get commit.template [4ms]
[2022-07-25T13:35:02.579Z] > git check-ignore -v -z --stdin [17ms]
[2022-07-25T13:35:03.037Z] > git show --textconv :index.html [214ms]
[2022-07-25T13:35:03.038Z] > git ls-files --stage -- /home/thebuffylow/LC101/Fetch-and-JSON-Studio/index.html [157ms]
[2022-07-25T13:35:03.075Z] > git cat-file -s c69204f4de7a96d75699a536b08475e52be3b8e1 [1ms]
