[2022-08-01T15:31:21.866Z] Log level: Info
[2022-08-01T15:31:21.901Z] [info] Validating found git in: git
[2022-08-01T15:31:22.048Z] [info] Using git 2.30.2 from git
[2022-08-01T15:31:22.117Z] > git rev-parse --show-toplevel [15ms]
[2022-08-01T15:31:22.136Z] > git rev-parse --git-dir --git-common-dir [5ms]
[2022-08-01T15:31:22.147Z] [info] Open repository: /home/thebuffylow/LC101/angular-lc101-projects
[2022-08-01T15:31:23.593Z] > git status -z -uall [1423ms]
[2022-08-01T15:31:23.658Z] > git symbolic-ref --short HEAD [52ms]
[2022-08-01T15:31:23.692Z] > git for-each-ref --format=%(refname)%00%(upstream:short)%00%(objectname)%00%(upstream:track)%00%(upstream:remotename)%00%(upstream:remoteref) refs/heads/master refs/remotes/master [11ms]
[2022-08-01T15:31:23.716Z] > git for-each-ref --sort -committerdate --format %(refname) %(objectname) %(*objectname) [15ms]
[2022-08-01T15:31:23.748Z] > git remote --verbose [34ms]
[2022-08-01T15:31:23.767Z] > git config --get commit.template [4ms]
[2022-08-01T15:31:23.814Z] > git status -z -uall [38ms]
[2022-08-01T15:31:23.822Z] > git symbolic-ref --short HEAD [4ms]
[2022-08-01T15:31:23.858Z] > git for-each-ref --format=%(refname)%00%(upstream:short)%00%(objectname)%00%(upstream:track)%00%(upstream:remotename)%00%(upstream:remoteref) refs/heads/master refs/remotes/master [3ms]
[2022-08-01T15:31:23.888Z] > git for-each-ref --sort -committerdate --format %(refname) %(objectname) %(*objectname) [15ms]
[2022-08-01T15:31:23.899Z] > git remote --verbose [12ms]
[2022-08-01T15:31:23.985Z] > git config --get commit.template [59ms]
[2022-08-01T15:31:24.114Z] > git show --textconv :lesson1/examples/noTemplate/index.html [35ms]
[2022-08-01T15:31:24.114Z] > git check-ignore -v -z --stdin [7ms]
[2022-08-01T15:31:24.119Z] > git ls-files --stage -- /home/thebuffylow/LC101/angular-lc101-projects/lesson1/examples/noTemplate/index.html [29ms]
[2022-08-01T15:31:24.131Z] > git cat-file -s 496b2a32ce9fe14f70552ab2abc1ee2753d0af00 [8ms]
[2022-08-01T15:39:37.423Z] > git status -z -uall [93ms]
[2022-08-01T15:39:37.436Z] > git symbolic-ref --short HEAD [6ms]
[2022-08-01T15:39:37.444Z] > git for-each-ref --format=%(refname)%00%(upstream:short)%00%(objectname)%00%(upstream:track)%00%(upstream:remotename)%00%(upstream:remoteref) refs/heads/master refs/remotes/master [2ms]
[2022-08-01T15:39:37.457Z] > git remote --verbose [1ms]
[2022-08-01T15:39:37.460Z] > git for-each-ref --sort -committerdate --format %(refname) %(objectname) %(*objectname) [10ms]
[2022-08-01T15:39:37.474Z] > git config --get commit.template [3ms]
[2022-08-01T15:40:14.761Z] > git check-ignore -v -z --stdin [1ms]
[2022-08-01T15:40:23.006Z] > git status -z -uall [65ms]
[2022-08-01T15:40:23.014Z] > git symbolic-ref --short HEAD [2ms]
[2022-08-01T15:40:23.024Z] > git for-each-ref --format=%(refname)%00%(upstream:short)%00%(objectname)%00%(upstream:track)%00%(upstream:remotename)%00%(upstream:remoteref) refs/heads/master refs/remotes/master [3ms]
[2022-08-01T15:40:23.036Z] > git for-each-ref --sort -committerdate --format %(refname) %(objectname) %(*objectname) [7ms]
[2022-08-01T15:40:23.036Z] > git remote --verbose [3ms]
[2022-08-01T15:40:23.046Z] > git config --get commit.template [2ms]
[2022-08-01T15:54:38.587Z] > git rev-parse --show-toplevel [7ms]
[2022-08-01T15:54:38.625Z] > git rev-parse --git-dir --git-common-dir [2ms]
[2022-08-01T15:54:38.629Z] [info] Open repository: /home/thebuffylow
[2022-08-01T15:54:39.195Z] > git show --textconv :.npm/_logs/2022-08-01T15_54_10_204Z-debug-0.log [16ms]
[2022-08-01T15:54:39.201Z] > git ls-files --stage -- /home/thebuffylow/.npm/_logs/2022-08-01T15_54_10_204Z-debug-0.log [8ms]
[2022-08-01T15:54:39.429Z] > git check-ignore -v -z --stdin [35ms]
[2022-08-01T15:54:39.453Z] > git check-ignore -v -z --stdin [28ms]
[2022-08-01T15:54:39.922Z] > git status -z -uall [1277ms]
[2022-08-01T15:54:39.956Z] > git symbolic-ref --short HEAD [24ms]
[2022-08-01T15:54:39.993Z] > git for-each-ref --format=%(refname)%00%(upstream:short)%00%(objectname)%00%(upstream:track)%00%(upstream:remotename)%00%(upstream:remoteref) refs/heads/main refs/remotes/main [13ms]
[2022-08-01T15:54:40.048Z] > git for-each-ref --sort -committerdate --format %(refname) %(objectname) %(*objectname) [28ms]
[2022-08-01T15:54:40.061Z] > git remote --verbose [23ms]
[2022-08-01T15:54:41.196Z] > git config --get commit.template [8ms]
[2022-08-01T15:55:13.721Z] > git status -z -uall [436ms]
[2022-08-01T15:55:13.738Z] > git symbolic-ref --short HEAD [5ms]
[2022-08-01T15:55:13.753Z] > git for-each-ref --format=%(refname)%00%(upstream:short)%00%(objectname)%00%(upstream:track)%00%(upstream:remotename)%00%(upstream:remoteref) refs/heads/main refs/remotes/main [5ms]
[2022-08-01T15:55:13.778Z] > git for-each-ref --sort -committerdate --format %(refname) %(objectname) %(*objectname) [15ms]
[2022-08-01T15:55:13.779Z] > git remote --verbose [7ms]
[2022-08-01T15:55:13.848Z] > git config --get commit.template [3ms]
[2022-08-01T15:55:19.032Z] > git status -z -uall [152ms]
[2022-08-01T15:55:19.039Z] > git symbolic-ref --short HEAD [1ms]
[2022-08-01T15:55:19.046Z] > git for-each-ref --format=%(refname)%00%(upstream:short)%00%(objectname)%00%(upstream:track)%00%(upstream:remotename)%00%(upstream:remoteref) refs/heads/main refs/remotes/main [2ms]
[2022-08-01T15:55:19.056Z] > git for-each-ref --sort -committerdate --format %(refname) %(objectname) %(*objectname) [5ms]
[2022-08-01T15:55:19.056Z] > git remote --verbose [1ms]
[2022-08-01T15:55:19.081Z] > git config --get commit.template [1ms]
[2022-08-01T15:55:24.243Z] > git status -z -uall [149ms]
[2022-08-01T15:55:24.254Z] > git symbolic-ref --short HEAD [5ms]
[2022-08-01T15:55:24.268Z] > git for-each-ref --format=%(refname)%00%(upstream:short)%00%(objectname)%00%(upstream:track)%00%(upstream:remotename)%00%(upstream:remoteref) refs/heads/main refs/remotes/main [8ms]
[2022-08-01T15:55:24.291Z] > git for-each-ref --sort -committerdate --format %(refname) %(objectname) %(*objectname) [7ms]
[2022-08-01T15:55:24.298Z] > git remote --verbose [9ms]
[2022-08-01T15:55:24.349Z] > git config --get commit.template [18ms]
[2022-08-01T15:55:29.516Z] > git status -z -uall [149ms]
[2022-08-01T15:55:29.522Z] > git symbolic-ref --short HEAD [1ms]
[2022-08-01T15:55:29.531Z] > git for-each-ref --format=%(refname)%00%(upstream:short)%00%(objectname)%00%(upstream:track)%00%(upstream:remotename)%00%(upstream:remoteref) refs/heads/main refs/remotes/main [3ms]
[2022-08-01T15:55:29.542Z] > git for-each-ref --sort -committerdate --format %(refname) %(objectname) %(*objectname) [7ms]
[2022-08-01T15:55:29.542Z] > git remote --verbose [2ms]
[2022-08-01T15:55:29.568Z] > git config --get commit.template [2ms]
[2022-08-01T15:55:34.743Z] > git status -z -uall [142ms]
[2022-08-01T15:55:34.751Z] > git symbolic-ref --short HEAD [2ms]
[2022-08-01T15:55:34.759Z] > git for-each-ref --format=%(refname)%00%(upstream:short)%00%(objectname)%00%(upstream:track)%00%(upstream:remotename)%00%(upstream:remoteref) refs/heads/main refs/remotes/main [2ms]
[2022-08-01T15:55:34.769Z] > git for-each-ref --sort -committerdate --format %(refname) %(objectname) %(*objectname) [5ms]
[2022-08-01T15:55:34.770Z] > git remote --verbose [2ms]
[2022-08-01T15:55:34.799Z] > git config --get commit.template [3ms]
[2022-08-01T15:55:40.003Z] > git status -z -uall [170ms]
[2022-08-01T15:55:40.012Z] > git symbolic-ref --short HEAD [4ms]
[2022-08-01T15:55:40.018Z] > git for-each-ref --format=%(refname)%00%(upstream:short)%00%(objectname)%00%(upstream:track)%00%(upstream:remotename)%00%(upstream:remoteref) refs/heads/main refs/remotes/main [2ms]
[2022-08-01T15:55:40.028Z] > git for-each-ref --sort -committerdate --format %(refname) %(objectname) %(*objectname) [5ms]
[2022-08-01T15:55:40.029Z] > git remote --verbose [1ms]
[2022-08-01T15:55:40.053Z] > git config --get commit.template [2ms]
[2022-08-01T15:55:45.212Z] > git status -z -uall [149ms]
[2022-08-01T15:55:45.232Z] > git symbolic-ref --short HEAD [2ms]
[2022-08-01T15:55:45.250Z] > git for-each-ref --format=%(refname)%00%(upstream:short)%00%(objectname)%00%(upstream:track)%00%(upstream:remotename)%00%(upstream:remoteref) refs/heads/main refs/remotes/main [2ms]
[2022-08-01T15:55:45.264Z] > git for-each-ref --sort -committerdate --format %(refname) %(objectname) %(*objectname) [8ms]
[2022-08-01T15:55:45.279Z] > git remote --verbose [17ms]
[2022-08-01T15:55:45.308Z] > git config --get commit.template [4ms]
[2022-08-01T15:55:50.444Z] > git status -z -uall [126ms]
[2022-08-01T15:55:50.451Z] > git symbolic-ref --short HEAD [2ms]
[2022-08-01T15:55:50.458Z] > git for-each-ref --format=%(refname)%00%(upstream:short)%00%(objectname)%00%(upstream:track)%00%(upstream:remotename)%00%(upstream:remoteref) refs/heads/main refs/remotes/main [2ms]
[2022-08-01T15:55:50.470Z] > git for-each-ref --sort -committerdate --format %(refname) %(objectname) %(*objectname) [6ms]
[2022-08-01T15:55:50.471Z] > git remote --verbose [2ms]
[2022-08-01T15:55:50.497Z] > git config --get commit.template [3ms]
[2022-08-01T15:55:55.636Z] > git status -z -uall [128ms]
[2022-08-01T15:55:55.661Z] > git symbolic-ref --short HEAD [10ms]
[2022-08-01T15:55:55.686Z] > git for-each-ref --format=%(refname)%00%(upstream:short)%00%(objectname)%00%(upstream:track)%00%(upstream:remotename)%00%(upstream:remoteref) refs/heads/main refs/remotes/main [7ms]
[2022-08-01T15:55:55.734Z] > git for-each-ref --sort -committerdate --format %(refname) %(objectname) %(*objectname) [10ms]
[2022-08-01T15:55:55.737Z] > git remote --verbose [4ms]
[2022-08-01T15:55:55.767Z] > git config --get commit.template [4ms]
[2022-08-01T15:56:00.906Z] > git status -z -uall [123ms]
[2022-08-01T15:56:00.913Z] > git symbolic-ref --short HEAD [1ms]
[2022-08-01T15:56:00.921Z] > git for-each-ref --format=%(refname)%00%(upstream:short)%00%(objectname)%00%(upstream:track)%00%(upstream:remotename)%00%(upstream:remoteref) refs/heads/main refs/remotes/main [2ms]
[2022-08-01T15:56:00.933Z] > git for-each-ref --sort -committerdate --format %(refname) %(objectname) %(*objectname) [7ms]
[2022-08-01T15:56:00.933Z] > git remote --verbose [1ms]
[2022-08-01T15:56:00.959Z] > git config --get commit.template [4ms]
[2022-08-01T15:56:06.111Z] > git status -z -uall [127ms]
[2022-08-01T15:56:06.119Z] > git symbolic-ref --short HEAD [2ms]
[2022-08-01T15:56:06.126Z] > git for-each-ref --format=%(refname)%00%(upstream:short)%00%(objectname)%00%(upstream:track)%00%(upstream:remotename)%00%(upstream:remoteref) refs/heads/main refs/remotes/main [2ms]
[2022-08-01T15:56:06.138Z] > git for-each-ref --sort -committerdate --format %(refname) %(objectname) %(*objectname) [6ms]
[2022-08-01T15:56:06.139Z] > git remote --verbose [2ms]
[2022-08-01T15:56:06.165Z] > git config --get commit.template [3ms]
[2022-08-01T15:56:11.316Z] > git status -z -uall [124ms]
[2022-08-01T15:56:11.341Z] > git symbolic-ref --short HEAD [12ms]
[2022-08-01T15:56:11.356Z] > git for-each-ref --format=%(refname)%00%(upstream:short)%00%(objectname)%00%(upstream:track)%00%(upstream:remotename)%00%(upstream:remoteref) refs/heads/main refs/remotes/main [9ms]
[2022-08-01T15:56:11.383Z] > git for-each-ref --sort -committerdate --format %(refname) %(objectname) %(*objectname) [21ms]
[2022-08-01T15:56:11.383Z] > git remote --verbose [15ms]
[2022-08-01T15:56:11.409Z] > git config --get commit.template [2ms]
[2022-08-01T15:56:16.560Z] > git status -z -uall [125ms]
[2022-08-01T15:56:16.567Z] > git symbolic-ref --short HEAD [1ms]
[2022-08-01T15:56:16.575Z] > git for-each-ref --format=%(refname)%00%(upstream:short)%00%(objectname)%00%(upstream:track)%00%(upstream:remotename)%00%(upstream:remoteref) refs/heads/main refs/remotes/main [2ms]
[2022-08-01T15:56:16.587Z] > git for-each-ref --sort -committerdate --format %(refname) %(objectname) %(*objectname) [5ms]
[2022-08-01T15:56:16.588Z] > git remote --verbose [2ms]
[2022-08-01T15:56:16.616Z] > git config --get commit.template [4ms]
[2022-08-01T15:56:21.773Z] > git status -z -uall [134ms]
[2022-08-01T15:56:21.781Z] > git symbolic-ref --short HEAD [1ms]
[2022-08-01T15:56:21.788Z] > git for-each-ref --format=%(refname)%00%(upstream:short)%00%(objectname)%00%(upstream:track)%00%(upstream:remotename)%00%(upstream:remoteref) refs/heads/main refs/remotes/main [2ms]
[2022-08-01T15:56:21.800Z] > git for-each-ref --sort -committerdate --format %(refname) %(objectname) %(*objectname) [6ms]
[2022-08-01T15:56:21.800Z] > git remote --verbose [1ms]
[2022-08-01T15:56:21.825Z] > git config --get commit.template [3ms]
[2022-08-01T15:56:26.969Z] > git status -z -uall [130ms]
[2022-08-01T15:56:26.987Z] > git symbolic-ref --short HEAD [12ms]
[2022-08-01T15:56:27.004Z] > git for-each-ref --format=%(refname)%00%(upstream:short)%00%(objectname)%00%(upstream:track)%00%(upstream:remotename)%00%(upstream:remoteref) refs/heads/main refs/remotes/main [10ms]
[2022-08-01T15:56:27.033Z] > git for-each-ref --sort -committerdate --format %(refname) %(objectname) %(*objectname) [22ms]
[2022-08-01T15:56:27.033Z] > git remote --verbose [14ms]
[2022-08-01T15:56:27.070Z] > git config --get commit.template [7ms]
[2022-08-01T15:56:32.211Z] > git status -z -uall [123ms]
[2022-08-01T15:56:32.219Z] > git symbolic-ref --short HEAD [2ms]
[2022-08-01T15:56:32.228Z] > git for-each-ref --format=%(refname)%00%(upstream:short)%00%(objectname)%00%(upstream:track)%00%(upstream:remotename)%00%(upstream:remoteref) refs/heads/main refs/remotes/main [3ms]
[2022-08-01T15:56:32.239Z] > git for-each-ref --sort -committerdate --format %(refname) %(objectname) %(*objectname) [6ms]
[2022-08-01T15:56:32.240Z] > git remote --verbose [2ms]
[2022-08-01T15:56:32.267Z] > git config --get commit.template [4ms]
[2022-08-01T15:56:37.412Z] > git status -z -uall [122ms]
[2022-08-01T15:56:37.420Z] > git symbolic-ref --short HEAD [2ms]
[2022-08-01T15:56:37.428Z] > git for-each-ref --format=%(refname)%00%(upstream:short)%00%(objectname)%00%(upstream:track)%00%(upstream:remotename)%00%(upstream:remoteref) refs/heads/main refs/remotes/main [2ms]
[2022-08-01T15:56:37.441Z] > git for-each-ref --sort -committerdate --format %(refname) %(objectname) %(*objectname) [7ms]
[2022-08-01T15:56:37.442Z] > git remote --verbose [2ms]
[2022-08-01T15:56:37.473Z] > git config --get commit.template [3ms]
[2022-08-01T15:56:42.620Z] > git status -z -uall [123ms]
[2022-08-01T15:56:42.629Z] > git symbolic-ref --short HEAD [2ms]
[2022-08-01T15:56:42.636Z] > git for-each-ref --format=%(refname)%00%(upstream:short)%00%(objectname)%00%(upstream:track)%00%(upstream:remotename)%00%(upstream:remoteref) refs/heads/main refs/remotes/main [2ms]
[2022-08-01T15:56:42.646Z] > git for-each-ref --sort -committerdate --format %(refname) %(objectname) %(*objectname) [5ms]
[2022-08-01T15:56:42.647Z] > git remote --verbose [2ms]
[2022-08-01T15:56:42.673Z] > git config --get commit.template [2ms]
[2022-08-01T15:56:47.844Z] > git status -z -uall [139ms]
[2022-08-01T15:56:47.852Z] > git symbolic-ref --short HEAD [2ms]
[2022-08-01T15:56:47.859Z] > git for-each-ref --format=%(refname)%00%(upstream:short)%00%(objectname)%00%(upstream:track)%00%(upstream:remotename)%00%(upstream:remoteref) refs/heads/main refs/remotes/main [2ms]
[2022-08-01T15:56:47.871Z] > git for-each-ref --sort -committerdate --format %(refname) %(objectname) %(*objectname) [7ms]
[2022-08-01T15:56:47.871Z] > git remote --verbose [1ms]
[2022-08-01T15:56:47.900Z] > git config --get commit.template [4ms]
[2022-08-01T15:56:53.063Z] > git status -z -uall [132ms]
[2022-08-01T15:56:53.071Z] > git symbolic-ref --short HEAD [2ms]
[2022-08-01T15:56:53.079Z] > git for-each-ref --format=%(refname)%00%(upstream:short)%00%(objectname)%00%(upstream:track)%00%(upstream:remotename)%00%(upstream:remoteref) refs/heads/main refs/remotes/main [2ms]
[2022-08-01T15:56:53.091Z] > git for-each-ref --sort -committerdate --format %(refname) %(objectname) %(*objectname) [6ms]
[2022-08-01T15:56:53.091Z] > git remote --verbose [2ms]
[2022-08-01T15:56:53.123Z] > git config --get commit.template [10ms]
[2022-08-01T15:56:58.261Z] > git status -z -uall [120ms]
[2022-08-01T15:56:58.284Z] > git symbolic-ref --short HEAD [13ms]
[2022-08-01T15:56:58.297Z] > git for-each-ref --format=%(refname)%00%(upstream:short)%00%(objectname)%00%(upstream:track)%00%(upstream:remotename)%00%(upstream:remoteref) refs/heads/main refs/remotes/main [1ms]
[2022-08-01T15:56:58.313Z] > git for-each-ref --sort -committerdate --format %(refname) %(objectname) %(*objectname) [10ms]
[2022-08-01T15:56:58.321Z] > git remote --verbose [13ms]
[2022-08-01T15:56:58.353Z] > git config --get commit.template [4ms]
[2022-08-01T15:57:03.493Z] > git status -z -uall [128ms]
[2022-08-01T15:57:03.500Z] > git symbolic-ref --short HEAD [1ms]
[2022-08-01T15:57:03.508Z] > git for-each-ref --format=%(refname)%00%(upstream:short)%00%(objectname)%00%(upstream:track)%00%(upstream:remotename)%00%(upstream:remoteref) refs/heads/main refs/remotes/main [2ms]
[2022-08-01T15:57:03.521Z] > git for-each-ref --sort -committerdate --format %(refname) %(objectname) %(*objectname) [7ms]
[2022-08-01T15:57:03.521Z] > git remote --verbose [1ms]
[2022-08-01T15:57:03.547Z] > git config --get commit.template [2ms]
[2022-08-01T15:57:08.690Z] > git status -z -uall [133ms]
[2022-08-01T15:57:08.697Z] > git symbolic-ref --short HEAD [2ms]
[2022-08-01T15:57:08.704Z] > git for-each-ref --format=%(refname)%00%(upstream:short)%00%(objectname)%00%(upstream:track)%00%(upstream:remotename)%00%(upstream:remoteref) refs/heads/main refs/remotes/main [2ms]
[2022-08-01T15:57:08.714Z] > git for-each-ref --sort -committerdate --format %(refname) %(objectname) %(*objectname) [6ms]
[2022-08-01T15:57:08.714Z] > git remote --verbose [1ms]
[2022-08-01T15:57:08.739Z] > git config --get commit.template [2ms]
[2022-08-01T15:57:13.919Z] > git status -z -uall [153ms]
[2022-08-01T15:57:13.952Z] > git symbolic-ref --short HEAD [13ms]
[2022-08-01T15:57:13.980Z] > git for-each-ref --format=%(refname)%00%(upstream:short)%00%(objectname)%00%(upstream:track)%00%(upstream:remotename)%00%(upstream:remoteref) refs/heads/main refs/remotes/main [15ms]
[2022-08-01T15:57:14.002Z] > git for-each-ref --sort -committerdate --format %(refname) %(objectname) %(*objectname) [6ms]
[2022-08-01T15:57:14.003Z] > git remote --verbose [2ms]
[2022-08-01T15:57:14.032Z] > git config --get commit.template [4ms]
[2022-08-01T15:57:19.178Z] > git status -z -uall [125ms]
[2022-08-01T15:57:19.185Z] > git symbolic-ref --short HEAD [2ms]
[2022-08-01T15:57:19.193Z] > git for-each-ref --format=%(refname)%00%(upstream:short)%00%(objectname)%00%(upstream:track)%00%(upstream:remotename)%00%(upstream:remoteref) refs/heads/main refs/remotes/main [3ms]
[2022-08-01T15:57:19.206Z] > git for-each-ref --sort -committerdate --format %(refname) %(objectname) %(*objectname) [7ms]
[2022-08-01T15:57:19.206Z] > git remote --verbose [1ms]
[2022-08-01T15:57:19.232Z] > git config --get commit.template [2ms]
[2022-08-01T15:57:24.374Z] > git status -z -uall [131ms]
[2022-08-01T15:57:24.388Z] > git symbolic-ref --short HEAD [8ms]
[2022-08-01T15:57:24.403Z] > git for-each-ref --format=%(refname)%00%(upstream:short)%00%(objectname)%00%(upstream:track)%00%(upstream:remotename)%00%(upstream:remoteref) refs/heads/main refs/remotes/main [10ms]
[2022-08-01T15:57:24.428Z] > git remote --verbose [13ms]
[2022-08-01T15:57:24.428Z] > git for-each-ref --sort -committerdate --format %(refname) %(objectname) %(*objectname) [19ms]
[2022-08-01T15:57:24.469Z] > git config --get commit.template [12ms]
[2022-08-01T15:57:29.682Z] > git status -z -uall [193ms]
[2022-08-01T15:57:29.689Z] > git symbolic-ref --short HEAD [2ms]
[2022-08-01T15:57:29.695Z] > git for-each-ref --format=%(refname)%00%(upstream:short)%00%(objectname)%00%(upstream:track)%00%(upstream:remotename)%00%(upstream:remoteref) refs/heads/main refs/remotes/main [2ms]
[2022-08-01T15:57:29.707Z] > git for-each-ref --sort -committerdate --format %(refname) %(objectname) %(*objectname) [6ms]
[2022-08-01T15:57:29.707Z] > git remote --verbose [1ms]
[2022-08-01T15:57:29.737Z] > git config --get commit.template [3ms]
[2022-08-01T15:57:34.901Z] > git status -z -uall [136ms]
[2022-08-01T15:57:34.938Z] > git symbolic-ref --short HEAD [23ms]
[2022-08-01T15:57:34.952Z] > git for-each-ref --format=%(refname)%00%(upstream:short)%00%(objectname)%00%(upstream:track)%00%(upstream:remotename)%00%(upstream:remoteref) refs/heads/main refs/remotes/main [9ms]
[2022-08-01T15:57:34.965Z] > git for-each-ref --sort -committerdate --format %(refname) %(objectname) %(*objectname) [7ms]
[2022-08-01T15:57:34.966Z] > git remote --verbose [4ms]
[2022-08-01T15:57:34.993Z] > git config --get commit.template [4ms]
[2022-08-01T15:57:40.149Z] > git status -z -uall [127ms]
[2022-08-01T15:57:40.156Z] > git symbolic-ref --short HEAD [1ms]
[2022-08-01T15:57:40.164Z] > git for-each-ref --format=%(refname)%00%(upstream:short)%00%(objectname)%00%(upstream:track)%00%(upstream:remotename)%00%(upstream:remoteref) refs/heads/main refs/remotes/main [2ms]
[2022-08-01T15:57:40.176Z] > git for-each-ref --sort -committerdate --format %(refname) %(objectname) %(*objectname) [7ms]
[2022-08-01T15:57:40.176Z] > git remote --verbose [1ms]
[2022-08-01T15:57:40.207Z] > git config --get commit.template [3ms]
[2022-08-01T15:57:45.348Z] > git status -z -uall [131ms]
[2022-08-01T15:57:45.370Z] > git symbolic-ref --short HEAD [14ms]
[2022-08-01T15:57:45.385Z] > git for-each-ref --format=%(refname)%00%(upstream:short)%00%(objectname)%00%(upstream:track)%00%(upstream:remotename)%00%(upstream:remoteref) refs/heads/main refs/remotes/main [9ms]
[2022-08-01T15:57:45.400Z] > git for-each-ref --sort -committerdate --format %(refname) %(objectname) %(*objectname) [8ms]
[2022-08-01T15:57:45.408Z] > git remote --verbose [9ms]
[2022-08-01T15:57:45.445Z] > git config --get commit.template [4ms]
[2022-08-01T15:57:50.613Z] > git status -z -uall [140ms]
[2022-08-01T15:57:50.621Z] > git symbolic-ref --short HEAD [2ms]
[2022-08-01T15:57:50.628Z] > git for-each-ref --format=%(refname)%00%(upstream:short)%00%(objectname)%00%(upstream:track)%00%(upstream:remotename)%00%(upstream:remoteref) refs/heads/main refs/remotes/main [2ms]
[2022-08-01T15:57:50.638Z] > git for-each-ref --sort -committerdate --format %(refname) %(objectname) %(*objectname) [6ms]
[2022-08-01T15:57:50.639Z] > git remote --verbose [2ms]
[2022-08-01T15:57:50.664Z] > git config --get commit.template [4ms]
[2022-08-01T15:57:55.844Z] > git status -z -uall [157ms]
[2022-08-01T15:57:55.868Z] > git symbolic-ref --short HEAD [6ms]
[2022-08-01T15:57:55.882Z] > git for-each-ref --format=%(refname)%00%(upstream:short)%00%(objectname)%00%(upstream:track)%00%(upstream:remotename)%00%(upstream:remoteref) refs/heads/main refs/remotes/main [9ms]
[2022-08-01T15:57:55.898Z] > git for-each-ref --sort -committerdate --format %(refname) %(objectname) %(*objectname) [10ms]
[2022-08-01T15:57:55.908Z] > git remote --verbose [11ms]
[2022-08-01T15:57:55.943Z] > git config --get commit.template [2ms]
[2022-08-01T15:58:01.210Z] > git status -z -uall [234ms]
[2022-08-01T15:58:01.222Z] > git symbolic-ref --short HEAD [6ms]
[2022-08-01T15:58:01.228Z] > git for-each-ref --format=%(refname)%00%(upstream:short)%00%(objectname)%00%(upstream:track)%00%(upstream:remotename)%00%(upstream:remoteref) refs/heads/main refs/remotes/main [2ms]
[2022-08-01T15:58:01.239Z] > git for-each-ref --sort -committerdate --format %(refname) %(objectname) %(*objectname) [5ms]
[2022-08-01T15:58:01.240Z] > git remote --verbose [2ms]
[2022-08-01T15:58:01.267Z] > git config --get commit.template [2ms]
[2022-08-01T15:58:06.440Z] > git status -z -uall [157ms]
[2022-08-01T15:58:06.447Z] > git symbolic-ref --short HEAD [2ms]
[2022-08-01T15:58:06.454Z] > git for-each-ref --format=%(refname)%00%(upstream:short)%00%(objectname)%00%(upstream:track)%00%(upstream:remotename)%00%(upstream:remoteref) refs/heads/main refs/remotes/main [2ms]
[2022-08-01T15:58:06.465Z] > git for-each-ref --sort -committerdate --format %(refname) %(objectname) %(*objectname) [6ms]
[2022-08-01T15:58:06.466Z] > git remote --verbose [2ms]
[2022-08-01T15:58:06.493Z] > git config --get commit.template [2ms]
[2022-08-01T15:58:11.650Z] > git status -z -uall [140ms]
[2022-08-01T15:58:11.666Z] > git symbolic-ref --short HEAD [10ms]
[2022-08-01T15:58:11.685Z] > git for-each-ref --format=%(refname)%00%(upstream:short)%00%(objectname)%00%(upstream:track)%00%(upstream:remotename)%00%(upstream:remoteref) refs/heads/main refs/remotes/main [13ms]
[2022-08-01T15:58:11.715Z] > git for-each-ref --sort -committerdate --format %(refname) %(objectname) %(*objectname) [21ms]
[2022-08-01T15:58:11.715Z] > git remote --verbose [16ms]
[2022-08-01T15:58:11.740Z] > git config --get commit.template [2ms]
[2022-08-01T15:58:16.881Z] > git status -z -uall [128ms]
[2022-08-01T15:58:16.888Z] > git symbolic-ref --short HEAD [1ms]
[2022-08-01T15:58:16.896Z] > git for-each-ref --format=%(refname)%00%(upstream:short)%00%(objectname)%00%(upstream:track)%00%(upstream:remotename)%00%(upstream:remoteref) refs/heads/main refs/remotes/main [2ms]
[2022-08-01T15:58:16.907Z] > git for-each-ref --sort -committerdate --format %(refname) %(objectname) %(*objectname) [6ms]
[2022-08-01T15:58:16.908Z] > git remote --verbose [1ms]
[2022-08-01T15:58:16.934Z] > git config --get commit.template [2ms]
[2022-08-01T15:58:22.140Z] > git status -z -uall [179ms]
[2022-08-01T15:58:22.147Z] > git symbolic-ref --short HEAD [1ms]
[2022-08-01T15:58:22.155Z] > git for-each-ref --format=%(refname)%00%(upstream:short)%00%(objectname)%00%(upstream:track)%00%(upstream:remotename)%00%(upstream:remoteref) refs/heads/main refs/remotes/main [2ms]
[2022-08-01T15:58:22.166Z] > git for-each-ref --sort -committerdate --format %(refname) %(objectname) %(*objectname) [6ms]
[2022-08-01T15:58:22.166Z] > git remote --verbose [1ms]
[2022-08-01T15:58:22.190Z] > git config --get commit.template [2ms]
[2022-08-01T15:58:27.335Z] > git status -z -uall [135ms]
[2022-08-01T15:58:27.353Z] > git symbolic-ref --short HEAD [9ms]
[2022-08-01T15:58:27.368Z] > git for-each-ref --format=%(refname)%00%(upstream:short)%00%(objectname)%00%(upstream:track)%00%(upstream:remotename)%00%(upstream:remoteref) refs/heads/main refs/remotes/main [9ms]
[2022-08-01T15:58:27.381Z] > git for-each-ref --sort -committerdate --format %(refname) %(objectname) %(*objectname) [7ms]
[2022-08-01T15:58:27.398Z] > git remote --verbose [18ms]
[2022-08-01T15:58:27.433Z] > git config --get commit.template [5ms]
[2022-08-01T15:58:32.575Z] > git status -z -uall [127ms]
[2022-08-01T15:58:32.592Z] > git symbolic-ref --short HEAD [8ms]
[2022-08-01T15:58:32.611Z] > git for-each-ref --format=%(refname)%00%(upstream:short)%00%(objectname)%00%(upstream:track)%00%(upstream:remotename)%00%(upstream:remoteref) refs/heads/main refs/remotes/main [13ms]
[2022-08-01T15:58:32.626Z] > git for-each-ref --sort -committerdate --format %(refname) %(objectname) %(*objectname) [9ms]
[2022-08-01T15:58:32.641Z] > git remote --verbose [16ms]
[2022-08-01T15:58:32.672Z] > git config --get commit.template [3ms]
[2022-08-01T15:59:14.719Z] > git status -z -uall [271ms]
[2022-08-01T15:59:14.746Z] > git symbolic-ref --short HEAD [2ms]
[2022-08-01T15:59:14.762Z] > git for-each-ref --format=%(refname)%00%(upstream:short)%00%(objectname)%00%(upstream:track)%00%(upstream:remotename)%00%(upstream:remoteref) refs/heads/main refs/remotes/main [9ms]
[2022-08-01T15:59:14.824Z] > git for-each-ref --sort -committerdate --format %(refname) %(objectname) %(*objectname) [41ms]
[2022-08-01T15:59:14.825Z] > git remote --verbose [3ms]
[2022-08-01T15:59:14.868Z] > git config --get commit.template [4ms]
[2022-08-01T15:59:20.065Z] > git status -z -uall [187ms]
[2022-08-01T15:59:20.074Z] > git symbolic-ref --short HEAD [3ms]
[2022-08-01T15:59:20.082Z] > git for-each-ref --format=%(refname)%00%(upstream:short)%00%(objectname)%00%(upstream:track)%00%(upstream:remotename)%00%(upstream:remoteref) refs/heads/main refs/remotes/main [2ms]
[2022-08-01T15:59:20.095Z] > git for-each-ref --sort -committerdate --format %(refname) %(objectname) %(*objectname) [7ms]
[2022-08-01T15:59:20.098Z] > git remote --verbose [4ms]
[2022-08-01T15:59:20.134Z] > git config --get commit.template [6ms]
[2022-08-01T15:59:25.271Z] > git status -z -uall [128ms]
[2022-08-01T15:59:25.300Z] > git symbolic-ref --short HEAD [4ms]
[2022-08-01T15:59:25.323Z] > git for-each-ref --format=%(refname)%00%(upstream:short)%00%(objectname)%00%(upstream:track)%00%(upstream:remotename)%00%(upstream:remoteref) refs/heads/main refs/remotes/main [11ms]
[2022-08-01T15:59:25.351Z] > git for-each-ref --sort -committerdate --format %(refname) %(objectname) %(*objectname) [22ms]
[2022-08-01T15:59:25.353Z] > git remote --verbose [3ms]
[2022-08-01T15:59:25.380Z] > git config --get commit.template [1ms]
[2022-08-01T15:59:30.530Z] > git status -z -uall [126ms]
[2022-08-01T15:59:30.553Z] > git symbolic-ref --short HEAD [9ms]
[2022-08-01T15:59:30.570Z] > git for-each-ref --format=%(refname)%00%(upstream:short)%00%(objectname)%00%(upstream:track)%00%(upstream:remotename)%00%(upstream:remoteref) refs/heads/main refs/remotes/main [12ms]
[2022-08-01T15:59:30.590Z] > git for-each-ref --sort -committerdate --format %(refname) %(objectname) %(*objectname) [14ms]
[2022-08-01T15:59:30.591Z] > git remote --verbose [9ms]
[2022-08-01T15:59:30.622Z] > git config --get commit.template [2ms]
[2022-08-01T15:59:35.788Z] > git status -z -uall [129ms]
[2022-08-01T15:59:35.805Z] > git symbolic-ref --short HEAD [10ms]
[2022-08-01T15:59:35.820Z] > git for-each-ref --format=%(refname)%00%(upstream:short)%00%(objectname)%00%(upstream:track)%00%(upstream:remotename)%00%(upstream:remoteref) refs/heads/main refs/remotes/main [9ms]
[2022-08-01T15:59:35.835Z] > git for-each-ref --sort -committerdate --format %(refname) %(objectname) %(*objectname) [9ms]
[2022-08-01T15:59:35.852Z] > git remote --verbose [20ms]
[2022-08-01T15:59:35.888Z] > git config --get commit.template [3ms]
[2022-08-01T15:59:41.142Z] > git status -z -uall [245ms]
[2022-08-01T15:59:41.188Z] > git symbolic-ref --short HEAD [2ms]
[2022-08-01T15:59:41.285Z] > git for-each-ref --format=%(refname)%00%(upstream:short)%00%(objectname)%00%(upstream:track)%00%(upstream:remotename)%00%(upstream:remoteref) refs/heads/main refs/remotes/main [61ms]
[2022-08-01T15:59:41.322Z] > git for-each-ref --sort -committerdate --format %(refname) %(objectname) %(*objectname) [14ms]
[2022-08-01T15:59:41.332Z] > git remote --verbose [11ms]
[2022-08-01T15:59:41.372Z] > git config --get commit.template [4ms]
[2022-08-01T15:59:46.728Z] > git status -z -uall [126ms]
[2022-08-01T15:59:46.735Z] > git symbolic-ref --short HEAD [1ms]
[2022-08-01T15:59:46.743Z] > git for-each-ref --format=%(refname)%00%(upstream:short)%00%(objectname)%00%(upstream:track)%00%(upstream:remotename)%00%(upstream:remoteref) refs/heads/main refs/remotes/main [2ms]
[2022-08-01T15:59:46.754Z] > git for-each-ref --sort -committerdate --format %(refname) %(objectname) %(*objectname) [6ms]
[2022-08-01T15:59:46.754Z] > git remote --verbose [1ms]
[2022-08-01T15:59:46.783Z] > git config --get commit.template [2ms]
[2022-08-01T15:59:52.044Z] > git status -z -uall [251ms]
[2022-08-01T15:59:52.055Z] > git symbolic-ref --short HEAD [2ms]
[2022-08-01T15:59:52.068Z] > git for-each-ref --format=%(refname)%00%(upstream:short)%00%(objectname)%00%(upstream:track)%00%(upstream:remotename)%00%(upstream:remoteref) refs/heads/main refs/remotes/main [8ms]
[2022-08-01T15:59:52.079Z] > git for-each-ref --sort -committerdate --format %(refname) %(objectname) %(*objectname) [6ms]
[2022-08-01T15:59:52.088Z] > git remote --verbose [10ms]
[2022-08-01T15:59:52.157Z] > git config --get commit.template [12ms]
[2022-08-01T15:59:57.320Z] > git status -z -uall [146ms]
[2022-08-01T15:59:57.335Z] > git symbolic-ref --short HEAD [7ms]
[2022-08-01T15:59:57.356Z] > git for-each-ref --format=%(refname)%00%(upstream:short)%00%(objectname)%00%(upstream:track)%00%(upstream:remotename)%00%(upstream:remoteref) refs/heads/main refs/remotes/main [12ms]
[2022-08-01T15:59:57.369Z] > git for-each-ref --sort -committerdate --format %(refname) %(objectname) %(*objectname) [8ms]
[2022-08-01T15:59:57.374Z] > git remote --verbose [6ms]
[2022-08-01T15:59:57.425Z] > git config --get commit.template [10ms]
[2022-08-01T16:00:02.635Z] > git status -z -uall [161ms]
[2022-08-01T16:00:02.642Z] > git symbolic-ref --short HEAD [1ms]
[2022-08-01T16:00:02.649Z] > git for-each-ref --format=%(refname)%00%(upstream:short)%00%(objectname)%00%(upstream:track)%00%(upstream:remotename)%00%(upstream:remoteref) refs/heads/main refs/remotes/main [2ms]
[2022-08-01T16:00:02.660Z] > git for-each-ref --sort -committerdate --format %(refname) %(objectname) %(*objectname) [6ms]
[2022-08-01T16:00:02.661Z] > git remote --verbose [2ms]
[2022-08-01T16:00:02.687Z] > git config --get commit.template [3ms]
[2022-08-01T16:00:07.954Z] > git status -z -uall [243ms]
[2022-08-01T16:00:07.961Z] > git symbolic-ref --short HEAD [1ms]
[2022-08-01T16:00:07.969Z] > git for-each-ref --format=%(refname)%00%(upstream:short)%00%(objectname)%00%(upstream:track)%00%(upstream:remotename)%00%(upstream:remoteref) refs/heads/main refs/remotes/main [2ms]
[2022-08-01T16:00:07.982Z] > git for-each-ref --sort -committerdate --format %(refname) %(objectname) %(*objectname) [8ms]
[2022-08-01T16:00:07.982Z] > git remote --verbose [2ms]
[2022-08-01T16:00:08.008Z] > git config --get commit.template [3ms]
[2022-08-01T16:00:13.317Z] > git status -z -uall [290ms]
[2022-08-01T16:00:13.346Z] > git symbolic-ref --short HEAD [2ms]
[2022-08-01T16:00:13.366Z] > git for-each-ref --format=%(refname)%00%(upstream:short)%00%(objectname)%00%(upstream:track)%00%(upstream:remotename)%00%(upstream:remoteref) refs/heads/main refs/remotes/main [2ms]
[2022-08-01T16:00:13.407Z] > git remote --verbose [1ms]
[2022-08-01T16:00:13.407Z] > git for-each-ref --sort -committerdate --format %(refname) %(objectname) %(*objectname) [13ms]
[2022-08-01T16:00:13.458Z] > git config --get commit.template [6ms]
[2022-08-01T16:00:18.686Z] > git status -z -uall [193ms]
[2022-08-01T16:00:18.712Z] > git symbolic-ref --short HEAD [4ms]
[2022-08-01T16:00:18.755Z] > git for-each-ref --format=%(refname)%00%(upstream:short)%00%(objectname)%00%(upstream:track)%00%(upstream:remotename)%00%(upstream:remoteref) refs/heads/main refs/remotes/main [18ms]
[2022-08-01T16:00:18.816Z] > git remote --verbose [4ms]
[2022-08-01T16:00:18.817Z] > git for-each-ref --sort -committerdate --format %(refname) %(objectname) %(*objectname) [29ms]
[2022-08-01T16:00:18.866Z] > git config --get commit.template [9ms]
[2022-08-01T16:00:24.051Z] > git status -z -uall [159ms]
[2022-08-01T16:00:24.058Z] > git symbolic-ref --short HEAD [1ms]
[2022-08-01T16:00:24.066Z] > git for-each-ref --format=%(refname)%00%(upstream:short)%00%(objectname)%00%(upstream:track)%00%(upstream:remotename)%00%(upstream:remoteref) refs/heads/main refs/remotes/main [3ms]
[2022-08-01T16:00:24.077Z] > git for-each-ref --sort -committerdate --format %(refname) %(objectname) %(*objectname) [6ms]
[2022-08-01T16:00:24.077Z] > git remote --verbose [1ms]
[2022-08-01T16:00:24.105Z] > git config --get commit.template [4ms]
[2022-08-01T16:00:29.311Z] > git status -z -uall [189ms]
[2022-08-01T16:00:29.318Z] > git symbolic-ref --short HEAD [2ms]
[2022-08-01T16:00:29.326Z] > git for-each-ref --format=%(refname)%00%(upstream:short)%00%(objectname)%00%(upstream:track)%00%(upstream:remotename)%00%(upstream:remoteref) refs/heads/main refs/remotes/main [3ms]
[2022-08-01T16:00:29.337Z] > git for-each-ref --sort -committerdate --format %(refname) %(objectname) %(*objectname) [6ms]
[2022-08-01T16:00:29.338Z] > git remote --verbose [2ms]
[2022-08-01T16:00:29.362Z] > git config --get commit.template [2ms]
[2022-08-01T16:00:34.505Z] > git status -z -uall [129ms]
[2022-08-01T16:00:34.519Z] > git symbolic-ref --short HEAD [2ms]
[2022-08-01T16:00:34.542Z] > git for-each-ref --format=%(refname)%00%(upstream:short)%00%(objectname)%00%(upstream:track)%00%(upstream:remotename)%00%(upstream:remoteref) refs/heads/main refs/remotes/main [10ms]
[2022-08-01T16:00:34.593Z] > git for-each-ref --sort -committerdate --format %(refname) %(objectname) %(*objectname) [21ms]
[2022-08-01T16:00:34.595Z] > git remote --verbose [18ms]
[2022-08-01T16:00:34.622Z] > git config --get commit.template [2ms]
[2022-08-01T16:00:39.842Z] > git status -z -uall [192ms]
[2022-08-01T16:00:39.859Z] > git symbolic-ref --short HEAD [8ms]
[2022-08-01T16:00:39.891Z] > git for-each-ref --format=%(refname)%00%(upstream:short)%00%(objectname)%00%(upstream:track)%00%(upstream:remotename)%00%(upstream:remoteref) refs/heads/main refs/remotes/main [20ms]
[2022-08-01T16:00:39.905Z] > git for-each-ref --sort -committerdate --format %(refname) %(objectname) %(*objectname) [9ms]
[2022-08-01T16:00:39.905Z] > git remote --verbose [1ms]
[2022-08-01T16:00:39.934Z] > git config --get commit.template [2ms]
[2022-08-01T16:00:45.125Z] > git status -z -uall [166ms]
[2022-08-01T16:00:45.149Z] > git symbolic-ref --short HEAD [6ms]
[2022-08-01T16:00:45.177Z] > git for-each-ref --format=%(refname)%00%(upstream:short)%00%(objectname)%00%(upstream:track)%00%(upstream:remotename)%00%(upstream:remoteref) refs/heads/main refs/remotes/main [11ms]
[2022-08-01T16:00:45.205Z] > git for-each-ref --sort -committerdate --format %(refname) %(objectname) %(*objectname) [20ms]
[2022-08-01T16:00:45.208Z] > git remote --verbose [18ms]
[2022-08-01T16:00:45.237Z] > git config --get commit.template [4ms]
[2022-08-01T16:00:50.401Z] > git status -z -uall [146ms]
[2022-08-01T16:00:50.408Z] > git symbolic-ref --short HEAD [1ms]
[2022-08-01T16:00:50.416Z] > git for-each-ref --format=%(refname)%00%(upstream:short)%00%(objectname)%00%(upstream:track)%00%(upstream:remotename)%00%(upstream:remoteref) refs/heads/main refs/remotes/main [3ms]
[2022-08-01T16:00:50.428Z] > git for-each-ref --sort -committerdate --format %(refname) %(objectname) %(*objectname) [7ms]
[2022-08-01T16:00:50.428Z] > git remote --verbose [1ms]
[2022-08-01T16:00:50.453Z] > git config --get commit.template [2ms]
[2022-08-01T16:00:55.594Z] > git status -z -uall [130ms]
[2022-08-01T16:00:55.617Z] > git symbolic-ref --short HEAD [2ms]
[2022-08-01T16:00:55.638Z] > git for-each-ref --format=%(refname)%00%(upstream:short)%00%(objectname)%00%(upstream:track)%00%(upstream:remotename)%00%(upstream:remoteref) refs/heads/main refs/remotes/main [9ms]
[2022-08-01T16:00:55.664Z] > git for-each-ref --sort -committerdate --format %(refname) %(objectname) %(*objectname) [20ms]
[2022-08-01T16:00:55.664Z] > git remote --verbose [15ms]
[2022-08-01T16:00:55.690Z] > git config --get commit.template [3ms]
[2022-08-01T16:01:00.850Z] > git status -z -uall [136ms]
[2022-08-01T16:01:00.884Z] > git symbolic-ref --short HEAD [12ms]
[2022-08-01T16:01:00.911Z] > git for-each-ref --format=%(refname)%00%(upstream:short)%00%(objectname)%00%(upstream:track)%00%(upstream:remotename)%00%(upstream:remoteref) refs/heads/main refs/remotes/main [17ms]
[2022-08-01T16:01:00.922Z] > git for-each-ref --sort -committerdate --format %(refname) %(objectname) %(*objectname) [5ms]
[2022-08-01T16:01:00.923Z] > git remote --verbose [2ms]
[2022-08-01T16:01:00.950Z] > git config --get commit.template [4ms]
[2022-08-01T16:01:06.132Z] > git status -z -uall [163ms]
[2022-08-01T16:01:06.152Z] > git symbolic-ref --short HEAD [2ms]
[2022-08-01T16:01:06.173Z] > git for-each-ref --format=%(refname)%00%(upstream:short)%00%(objectname)%00%(upstream:track)%00%(upstream:remotename)%00%(upstream:remoteref) refs/heads/main refs/remotes/main [5ms]
[2022-08-01T16:01:06.212Z] > git for-each-ref --sort -committerdate --format %(refname) %(objectname) %(*objectname) [25ms]
[2022-08-01T16:01:06.214Z] > git remote --verbose [20ms]
[2022-08-01T16:01:06.248Z] > git config --get commit.template [9ms]
[2022-08-01T16:01:11.392Z] > git status -z -uall [133ms]
[2022-08-01T16:01:11.410Z] > git symbolic-ref --short HEAD [9ms]
[2022-08-01T16:01:11.426Z] > git for-each-ref --format=%(refname)%00%(upstream:short)%00%(objectname)%00%(upstream:track)%00%(upstream:remotename)%00%(upstream:remoteref) refs/heads/main refs/remotes/main [10ms]
[2022-08-01T16:01:11.447Z] > git for-each-ref --sort -committerdate --format %(refname) %(objectname) %(*objectname) [13ms]
[2022-08-01T16:01:11.448Z] > git remote --verbose [8ms]
[2022-08-01T16:01:11.482Z] > git config --get commit.template [2ms]
[2022-08-01T16:01:16.708Z] > git status -z -uall [191ms]
[2022-08-01T16:01:16.722Z] > git symbolic-ref --short HEAD [7ms]
[2022-08-01T16:01:16.744Z] > git for-each-ref --format=%(refname)%00%(upstream:short)%00%(objectname)%00%(upstream:track)%00%(upstream:remotename)%00%(upstream:remoteref) refs/heads/main refs/remotes/main [16ms]
[2022-08-01T16:01:16.757Z] > git for-each-ref --sort -committerdate --format %(refname) %(objectname) %(*objectname) [6ms]
[2022-08-01T16:01:16.768Z] > git remote --verbose [12ms]
[2022-08-01T16:01:16.805Z] > git config --get commit.template [4ms]
[2022-08-01T16:01:21.990Z] > git status -z -uall [167ms]
[2022-08-01T16:01:22.012Z] > git symbolic-ref --short HEAD [1ms]
[2022-08-01T16:01:22.046Z] > git for-each-ref --format=%(refname)%00%(upstream:short)%00%(objectname)%00%(upstream:track)%00%(upstream:remotename)%00%(upstream:remoteref) refs/heads/main refs/remotes/main [21ms]
[2022-08-01T16:01:22.058Z] > git for-each-ref --sort -committerdate --format %(refname) %(objectname) %(*objectname) [7ms]
[2022-08-01T16:01:22.059Z] > git remote --verbose [2ms]
[2022-08-01T16:01:22.089Z] > git config --get commit.template [7ms]
[2022-08-01T16:01:27.242Z] > git status -z -uall [130ms]
[2022-08-01T16:01:27.257Z] > git symbolic-ref --short HEAD [6ms]
[2022-08-01T16:01:27.283Z] > git for-each-ref --format=%(refname)%00%(upstream:short)%00%(objectname)%00%(upstream:track)%00%(upstream:remotename)%00%(upstream:remoteref) refs/heads/main refs/remotes/main [12ms]
[2022-08-01T16:01:27.308Z] > git for-each-ref --sort -committerdate --format %(refname) %(objectname) %(*objectname) [15ms]
[2022-08-01T16:01:27.318Z] > git remote --verbose [19ms]
[2022-08-01T16:01:27.345Z] > git config --get commit.template [4ms]
[2022-08-01T16:01:32.485Z] > git status -z -uall [114ms]
[2022-08-01T16:01:32.513Z] > git symbolic-ref --short HEAD [11ms]
[2022-08-01T16:01:32.537Z] > git for-each-ref --format=%(refname)%00%(upstream:short)%00%(objectname)%00%(upstream:track)%00%(upstream:remotename)%00%(upstream:remoteref) refs/heads/main refs/remotes/main [9ms]
[2022-08-01T16:01:32.567Z] > git remote --verbose [15ms]
[2022-08-01T16:01:32.567Z] > git for-each-ref --sort -committerdate --format %(refname) %(objectname) %(*objectname) [22ms]
[2022-08-01T16:01:32.592Z] > git config --get commit.template [3ms]
[2022-08-01T16:01:37.789Z] > git status -z -uall [174ms]
[2022-08-01T16:01:37.796Z] > git symbolic-ref --short HEAD [2ms]
[2022-08-01T16:01:37.803Z] > git for-each-ref --format=%(refname)%00%(upstream:short)%00%(objectname)%00%(upstream:track)%00%(upstream:remotename)%00%(upstream:remoteref) refs/heads/main refs/remotes/main [2ms]
[2022-08-01T16:01:37.814Z] > git for-each-ref --sort -committerdate --format %(refname) %(objectname) %(*objectname) [6ms]
[2022-08-01T16:01:37.815Z] > git remote --verbose [2ms]
[2022-08-01T16:01:37.841Z] > git config --get commit.template [3ms]
[2022-08-01T16:01:43.122Z] > git status -z -uall [256ms]
[2022-08-01T16:01:43.129Z] > git symbolic-ref --short HEAD [1ms]
[2022-08-01T16:01:43.138Z] > git for-each-ref --format=%(refname)%00%(upstream:short)%00%(objectname)%00%(upstream:track)%00%(upstream:remotename)%00%(upstream:remoteref) refs/heads/main refs/remotes/main [3ms]
[2022-08-01T16:01:43.149Z] > git for-each-ref --sort -committerdate --format %(refname) %(objectname) %(*objectname) [6ms]
[2022-08-01T16:01:43.150Z] > git remote --verbose [2ms]
[2022-08-01T16:01:43.176Z] > git config --get commit.template [2ms]
[2022-08-01T16:01:48.544Z] > git status -z -uall [333ms]
[2022-08-01T16:01:48.571Z] > git symbolic-ref --short HEAD [3ms]
[2022-08-01T16:01:48.594Z] > git for-each-ref --format=%(refname)%00%(upstream:short)%00%(objectname)%00%(upstream:track)%00%(upstream:remotename)%00%(upstream:remoteref) refs/heads/main refs/remotes/main [5ms]
[2022-08-01T16:01:48.618Z] > git for-each-ref --sort -committerdate --format %(refname) %(objectname) %(*objectname) [15ms]
[2022-08-01T16:01:48.620Z] > git remote --verbose [7ms]
[2022-08-01T16:01:49.865Z] > git config --get commit.template [10ms]
[2022-08-01T16:01:55.102Z] > git status -z -uall [207ms]
[2022-08-01T16:01:55.111Z] > git symbolic-ref --short HEAD [3ms]
[2022-08-01T16:01:55.119Z] > git for-each-ref --format=%(refname)%00%(upstream:short)%00%(objectname)%00%(upstream:track)%00%(upstream:remotename)%00%(upstream:remoteref) refs/heads/main refs/remotes/main [3ms]
[2022-08-01T16:01:55.133Z] > git for-each-ref --sort -committerdate --format %(refname) %(objectname) %(*objectname) [8ms]
[2022-08-01T16:01:55.135Z] > git remote --verbose [3ms]
[2022-08-01T16:01:55.194Z] > git config --get commit.template [10ms]
[2022-08-01T16:02:00.329Z] > git status -z -uall [125ms]
[2022-08-01T16:02:00.344Z] > git symbolic-ref --short HEAD [8ms]
[2022-08-01T16:02:00.358Z] > git for-each-ref --format=%(refname)%00%(upstream:short)%00%(objectname)%00%(upstream:track)%00%(upstream:remotename)%00%(upstream:remoteref) refs/heads/main refs/remotes/main [8ms]
[2022-08-01T16:02:00.385Z] > git remote --verbose [10ms]
[2022-08-01T16:02:00.387Z] > git for-each-ref --sort -committerdate --format %(refname) %(objectname) %(*objectname) [20ms]
[2022-08-01T16:02:00.434Z] > git config --get commit.template [10ms]
[2022-08-01T16:02:05.650Z] > git status -z -uall [209ms]
[2022-08-01T16:02:05.711Z] > git symbolic-ref --short HEAD [21ms]
[2022-08-01T16:02:05.739Z] > git for-each-ref --format=%(refname)%00%(upstream:short)%00%(objectname)%00%(upstream:track)%00%(upstream:remotename)%00%(upstream:remoteref) refs/heads/main refs/remotes/main [6ms]
[2022-08-01T16:02:05.751Z] > git for-each-ref --sort -committerdate --format %(refname) %(objectname) %(*objectname) [7ms]
[2022-08-01T16:02:05.751Z] > git remote --verbose [1ms]
[2022-08-01T16:02:05.783Z] > git config --get commit.template [1ms]
[2022-08-01T16:02:09.843Z] > git status -z -uall [23ms]
[2022-08-01T16:02:09.855Z] > git symbolic-ref --short HEAD [3ms]
[2022-08-01T16:02:09.919Z] > git for-each-ref --format=%(refname)%00%(upstream:short)%00%(objectname)%00%(upstream:track)%00%(upstream:remotename)%00%(upstream:remoteref) refs/heads/master refs/remotes/master [59ms]
[2022-08-01T16:02:09.958Z] > git for-each-ref --sort -committerdate --format %(refname) %(objectname) %(*objectname) [9ms]
[2022-08-01T16:02:09.973Z] > git remote --verbose [17ms]
[2022-08-01T16:02:10.037Z] > git config --get commit.template [17ms]
[2022-08-01T16:02:10.042Z] > git check-ignore -v -z --stdin [7ms]
[2022-08-01T16:02:11.009Z] > git status -z -uall [208ms]
[2022-08-01T16:02:11.016Z] > git symbolic-ref --short HEAD [1ms]
[2022-08-01T16:02:11.023Z] > git for-each-ref --format=%(refname)%00%(upstream:short)%00%(objectname)%00%(upstream:track)%00%(upstream:remotename)%00%(upstream:remoteref) refs/heads/main refs/remotes/main [2ms]
[2022-08-01T16:02:11.034Z] > git for-each-ref --sort -committerdate --format %(refname) %(objectname) %(*objectname) [6ms]
[2022-08-01T16:02:11.034Z] > git remote --verbose [1ms]
[2022-08-01T16:02:11.060Z] > git config --get commit.template [2ms]
[2022-08-01T16:02:16.208Z] > git status -z -uall [137ms]
[2022-08-01T16:02:16.230Z] > git symbolic-ref --short HEAD [2ms]
[2022-08-01T16:02:16.250Z] > git for-each-ref --format=%(refname)%00%(upstream:short)%00%(objectname)%00%(upstream:track)%00%(upstream:remotename)%00%(upstream:remoteref) refs/heads/main refs/remotes/main [14ms]
[2022-08-01T16:02:16.276Z] > git for-each-ref --sort -committerdate --format %(refname) %(objectname) %(*objectname) [14ms]
[2022-08-01T16:02:16.277Z] > git remote --verbose [9ms]
[2022-08-01T16:02:16.320Z] > git config --get commit.template [1ms]
[2022-08-01T16:02:21.482Z] > git status -z -uall [132ms]
[2022-08-01T16:02:21.488Z] > git symbolic-ref --short HEAD [1ms]
[2022-08-01T16:02:21.496Z] > git for-each-ref --format=%(refname)%00%(upstream:short)%00%(objectname)%00%(upstream:track)%00%(upstream:remotename)%00%(upstream:remoteref) refs/heads/main refs/remotes/main [2ms]
[2022-08-01T16:02:21.508Z] > git for-each-ref --sort -committerdate --format %(refname) %(objectname) %(*objectname) [7ms]
[2022-08-01T16:02:21.508Z] > git remote --verbose [1ms]
[2022-08-01T16:02:21.536Z] > git config --get commit.template [2ms]
[2022-08-01T16:02:26.729Z] > git status -z -uall [170ms]
[2022-08-01T16:02:26.736Z] > git symbolic-ref --short HEAD [2ms]
[2022-08-01T16:02:26.743Z] > git for-each-ref --format=%(refname)%00%(upstream:short)%00%(objectname)%00%(upstream:track)%00%(upstream:remotename)%00%(upstream:remoteref) refs/heads/main refs/remotes/main [2ms]
[2022-08-01T16:02:26.754Z] > git for-each-ref --sort -committerdate --format %(refname) %(objectname) %(*objectname) [5ms]
[2022-08-01T16:02:26.755Z] > git remote --verbose [1ms]
[2022-08-01T16:02:26.789Z] > git config --get commit.template [9ms]
[2022-08-01T16:02:31.826Z] > git show --textconv :lesson1/exercises/karma.conf.js [10ms]
[2022-08-01T16:02:31.843Z] > git ls-files --stage -- /home/thebuffylow/LC101/angular-lc101-projects/lesson1/exercises/karma.conf.js [19ms]
[2022-08-01T16:02:31.868Z] > git cat-file -s a9749d2b978b9e31c4e0462882b529719e9a44e4 [3ms]
[2022-08-01T16:02:32.176Z] > git status -z -uall [373ms]
[2022-08-01T16:02:32.186Z] > git symbolic-ref --short HEAD [2ms]
[2022-08-01T16:02:32.197Z] > git for-each-ref --format=%(refname)%00%(upstream:short)%00%(objectname)%00%(upstream:track)%00%(upstream:remotename)%00%(upstream:remoteref) refs/heads/main refs/remotes/main [5ms]
[2022-08-01T16:02:32.245Z] > git remote --verbose [8ms]
[2022-08-01T16:02:32.250Z] > git for-each-ref --sort -committerdate --format %(refname) %(objectname) %(*objectname) [30ms]
[2022-08-01T16:02:38.191Z] > git config --get commit.template [5848ms]
[2022-08-01T16:02:43.405Z] > git status -z -uall [198ms]
[2022-08-01T16:02:43.412Z] > git symbolic-ref --short HEAD [1ms]
[2022-08-01T16:02:43.420Z] > git for-each-ref --format=%(refname)%00%(upstream:short)%00%(objectname)%00%(upstream:track)%00%(upstream:remotename)%00%(upstream:remoteref) refs/heads/main refs/remotes/main [2ms]
[2022-08-01T16:02:43.432Z] > git for-each-ref --sort -committerdate --format %(refname) %(objectname) %(*objectname) [6ms]
[2022-08-01T16:02:43.432Z] > git remote --verbose [1ms]
[2022-08-01T16:02:43.480Z] > git config --get commit.template [6ms]
[2022-08-01T16:03:42.372Z] > git status -z -uall [307ms]
[2022-08-01T16:03:42.397Z] > git symbolic-ref --short HEAD [19ms]
[2022-08-01T16:03:42.410Z] > git for-each-ref --format=%(refname)%00%(upstream:short)%00%(objectname)%00%(upstream:track)%00%(upstream:remotename)%00%(upstream:remoteref) refs/heads/main refs/remotes/main [4ms]
[2022-08-01T16:03:42.425Z] > git for-each-ref --sort -committerdate --format %(refname) %(objectname) %(*objectname) [6ms]
[2022-08-01T16:03:42.426Z] > git remote --verbose [2ms]
[2022-08-01T16:03:42.456Z] > git config --get commit.template [2ms]
[2022-08-01T16:03:47.618Z] > git status -z -uall [136ms]
[2022-08-01T16:03:47.626Z] > git symbolic-ref --short HEAD [2ms]
[2022-08-01T16:03:47.633Z] > git for-each-ref --format=%(refname)%00%(upstream:short)%00%(objectname)%00%(upstream:track)%00%(upstream:remotename)%00%(upstream:remoteref) refs/heads/main refs/remotes/main [2ms]
[2022-08-01T16:03:47.645Z] > git for-each-ref --sort -committerdate --format %(refname) %(objectname) %(*objectname) [6ms]
[2022-08-01T16:03:47.646Z] > git remote --verbose [2ms]
[2022-08-01T16:03:47.677Z] > git config --get commit.template [4ms]
[2022-08-01T16:03:52.875Z] > git status -z -uall [163ms]
[2022-08-01T16:03:52.882Z] > git symbolic-ref --short HEAD [1ms]
[2022-08-01T16:03:52.890Z] > git for-each-ref --format=%(refname)%00%(upstream:short)%00%(objectname)%00%(upstream:track)%00%(upstream:remotename)%00%(upstream:remoteref) refs/heads/main refs/remotes/main [2ms]
[2022-08-01T16:03:52.901Z] > git for-each-ref --sort -committerdate --format %(refname) %(objectname) %(*objectname) [6ms]
[2022-08-01T16:03:52.902Z] > git remote --verbose [2ms]
[2022-08-01T16:03:52.929Z] > git config --get commit.template [2ms]
[2022-08-01T16:03:58.106Z] > git status -z -uall [152ms]
[2022-08-01T16:03:58.114Z] > git symbolic-ref --short HEAD [2ms]
[2022-08-01T16:03:58.122Z] > git for-each-ref --format=%(refname)%00%(upstream:short)%00%(objectname)%00%(upstream:track)%00%(upstream:remotename)%00%(upstream:remoteref) refs/heads/main refs/remotes/main [2ms]
[2022-08-01T16:03:58.134Z] > git for-each-ref --sort -committerdate --format %(refname) %(objectname) %(*objectname) [6ms]
[2022-08-01T16:03:58.135Z] > git remote --verbose [2ms]
[2022-08-01T16:03:58.164Z] > git config --get commit.template [3ms]
[2022-08-01T16:04:03.335Z] > git status -z -uall [141ms]
[2022-08-01T16:04:03.343Z] > git symbolic-ref --short HEAD [2ms]
[2022-08-01T16:04:03.350Z] > git for-each-ref --format=%(refname)%00%(upstream:short)%00%(objectname)%00%(upstream:track)%00%(upstream:remotename)%00%(upstream:remoteref) refs/heads/main refs/remotes/main [2ms]
[2022-08-01T16:04:03.363Z] > git for-each-ref --sort -committerdate --format %(refname) %(objectname) %(*objectname) [7ms]
[2022-08-01T16:04:03.363Z] > git remote --verbose [1ms]
[2022-08-01T16:04:03.391Z] > git config --get commit.template [2ms]
[2022-08-01T16:04:08.750Z] > git status -z -uall [338ms]
[2022-08-01T16:04:08.772Z] > git symbolic-ref --short HEAD [5ms]
[2022-08-01T16:04:08.784Z] > git for-each-ref --format=%(refname)%00%(upstream:short)%00%(objectname)%00%(upstream:track)%00%(upstream:remotename)%00%(upstream:remoteref) refs/heads/main refs/remotes/main [4ms]
[2022-08-01T16:04:08.811Z] > git for-each-ref --sort -committerdate --format %(refname) %(objectname) %(*objectname) [19ms]
[2022-08-01T16:04:08.818Z] > git remote --verbose [11ms]
[2022-08-01T16:04:08.875Z] > git config --get commit.template [5ms]
[2022-08-01T16:04:14.153Z] > git status -z -uall [264ms]
[2022-08-01T16:04:14.168Z] > git symbolic-ref --short HEAD [8ms]
[2022-08-01T16:04:14.186Z] > git for-each-ref --format=%(refname)%00%(upstream:short)%00%(objectname)%00%(upstream:track)%00%(upstream:remotename)%00%(upstream:remoteref) refs/heads/main refs/remotes/main [2ms]
[2022-08-01T16:04:14.217Z] > git for-each-ref --sort -committerdate --format %(refname) %(objectname) %(*objectname) [12ms]
[2022-08-01T16:04:14.218Z] > git remote --verbose [2ms]
[2022-08-01T16:04:14.273Z] > git config --get commit.template [8ms]
[2022-08-01T16:04:19.500Z] > git status -z -uall [216ms]
[2022-08-01T16:04:19.512Z] > git symbolic-ref --short HEAD [3ms]
[2022-08-01T16:04:19.520Z] > git for-each-ref --format=%(refname)%00%(upstream:short)%00%(objectname)%00%(upstream:track)%00%(upstream:remotename)%00%(upstream:remoteref) refs/heads/main refs/remotes/main [2ms]
[2022-08-01T16:04:19.541Z] > git for-each-ref --sort -committerdate --format %(refname) %(objectname) %(*objectname) [12ms]
[2022-08-01T16:04:19.542Z] > git remote --verbose [3ms]
[2022-08-01T16:04:19.581Z] > git config --get commit.template [2ms]
[2022-08-01T16:04:24.934Z] > git status -z -uall [317ms]
[2022-08-01T16:04:24.945Z] > git symbolic-ref --short HEAD [1ms]
[2022-08-01T16:04:24.962Z] > git for-each-ref --format=%(refname)%00%(upstream:short)%00%(objectname)%00%(upstream:track)%00%(upstream:remotename)%00%(upstream:remoteref) refs/heads/main refs/remotes/main [6ms]
[2022-08-01T16:04:24.995Z] > git for-each-ref --sort -committerdate --format %(refname) %(objectname) %(*objectname) [19ms]
[2022-08-01T16:04:24.998Z] > git remote --verbose [6ms]
[2022-08-01T16:04:25.102Z] > git config --get commit.template [8ms]
[2022-08-01T16:04:30.534Z] > git status -z -uall [384ms]
[2022-08-01T16:04:30.543Z] > git symbolic-ref --short HEAD [2ms]
[2022-08-01T16:04:30.562Z] > git for-each-ref --format=%(refname)%00%(upstream:short)%00%(objectname)%00%(upstream:track)%00%(upstream:remotename)%00%(upstream:remoteref) refs/heads/main refs/remotes/main [11ms]
[2022-08-01T16:04:30.594Z] > git for-each-ref --sort -committerdate --format %(refname) %(objectname) %(*objectname) [14ms]
[2022-08-01T16:04:30.597Z] > git remote --verbose [4ms]
[2022-08-01T16:04:30.666Z] > git config --get commit.template [17ms]
[2022-08-01T16:04:36.025Z] > git status -z -uall [343ms]
[2022-08-01T16:04:36.053Z] > git symbolic-ref --short HEAD [6ms]
[2022-08-01T16:04:36.079Z] > git for-each-ref --format=%(refname)%00%(upstream:short)%00%(objectname)%00%(upstream:track)%00%(upstream:remotename)%00%(upstream:remoteref) refs/heads/main refs/remotes/main [5ms]
[2022-08-01T16:04:36.116Z] > git for-each-ref --sort -committerdate --format %(refname) %(objectname) %(*objectname) [28ms]
[2022-08-01T16:04:36.118Z] > git remote --verbose [3ms]
[2022-08-01T16:04:36.179Z] > git config --get commit.template [2ms]
[2022-08-01T16:04:41.345Z] > git status -z -uall [138ms]
[2022-08-01T16:04:41.353Z] > git symbolic-ref --short HEAD [2ms]
[2022-08-01T16:04:41.360Z] > git for-each-ref --format=%(refname)%00%(upstream:short)%00%(objectname)%00%(upstream:track)%00%(upstream:remotename)%00%(upstream:remoteref) refs/heads/main refs/remotes/main [2ms]
[2022-08-01T16:04:41.372Z] > git for-each-ref --sort -committerdate --format %(refname) %(objectname) %(*objectname) [7ms]
[2022-08-01T16:04:41.372Z] > git remote --verbose [1ms]
[2022-08-01T16:04:41.401Z] > git config --get commit.template [2ms]
[2022-08-01T16:04:46.561Z] > git status -z -uall [136ms]
[2022-08-01T16:04:46.568Z] > git symbolic-ref --short HEAD [1ms]
[2022-08-01T16:04:46.576Z] > git for-each-ref --format=%(refname)%00%(upstream:short)%00%(objectname)%00%(upstream:track)%00%(upstream:remotename)%00%(upstream:remoteref) refs/heads/main refs/remotes/main [2ms]
[2022-08-01T16:04:46.588Z] > git for-each-ref --sort -committerdate --format %(refname) %(objectname) %(*objectname) [7ms]
[2022-08-01T16:04:46.588Z] > git remote --verbose [1ms]
[2022-08-01T16:04:46.619Z] > git config --get commit.template [4ms]
[2022-08-01T16:04:51.765Z] > git status -z -uall [130ms]
[2022-08-01T16:04:51.774Z] > git symbolic-ref --short HEAD [2ms]
[2022-08-01T16:04:51.781Z] > git for-each-ref --format=%(refname)%00%(upstream:short)%00%(objectname)%00%(upstream:track)%00%(upstream:remotename)%00%(upstream:remoteref) refs/heads/main refs/remotes/main [2ms]
[2022-08-01T16:04:51.797Z] > git for-each-ref --sort -committerdate --format %(refname) %(objectname) %(*objectname) [10ms]
[2022-08-01T16:04:51.798Z] > git remote --verbose [5ms]
[2022-08-01T16:04:51.827Z] > git config --get commit.template [5ms]
[2022-08-01T16:04:56.980Z] > git status -z -uall [142ms]
[2022-08-01T16:04:56.988Z] > git symbolic-ref --short HEAD [1ms]
[2022-08-01T16:04:56.998Z] > git for-each-ref --format=%(refname)%00%(upstream:short)%00%(objectname)%00%(upstream:track)%00%(upstream:remotename)%00%(upstream:remoteref) refs/heads/main refs/remotes/main [3ms]
[2022-08-01T16:04:57.010Z] > git for-each-ref --sort -committerdate --format %(refname) %(objectname) %(*objectname) [7ms]
[2022-08-01T16:04:57.011Z] > git remote --verbose [2ms]
[2022-08-01T16:04:57.038Z] > git config --get commit.template [2ms]
