[2022-08-02T01:42:30.639Z] Log level: Info
[2022-08-02T01:42:30.664Z] [info] Validating found git in: git
[2022-08-02T01:42:30.846Z] [info] Using git 2.30.2 from git
[2022-08-02T01:42:30.913Z] > git rev-parse --show-toplevel [17ms]
[2022-08-02T01:42:30.927Z] > git rev-parse --git-dir --git-common-dir [5ms]
[2022-08-02T01:42:30.931Z] [info] Open repository: /home/thebuffylow/js-assignment-6-orbit-report-buffylow
[2022-08-02T01:42:30.952Z] > git status -z -uall [15ms]
[2022-08-02T01:42:30.998Z] > git symbolic-ref --short HEAD [2ms]
[2022-08-02T01:42:31.032Z] > git for-each-ref --format=%(refname)%00%(upstream:short)%00%(objectname)%00%(upstream:track)%00%(upstream:remotename)%00%(upstream:remoteref) refs/heads/master refs/remotes/master [9ms]
[2022-08-02T01:42:31.063Z] > git for-each-ref --sort -committerdate --format %(refname) %(objectname) %(*objectname) [19ms]
[2022-08-02T01:42:31.069Z] > git remote --verbose [8ms]
[2022-08-02T01:42:31.234Z] > git config --get commit.template [137ms]
[2022-08-02T01:42:32.287Z] > git status -z -uall [1032ms]
[2022-08-02T01:42:32.368Z] > git check-ignore -v -z --stdin [104ms]
[2022-08-02T01:42:32.381Z] > git symbolic-ref --short HEAD [65ms]
[2022-08-02T01:42:32.400Z] > git for-each-ref --format=%(refname)%00%(upstream:short)%00%(objectname)%00%(upstream:track)%00%(upstream:remotename)%00%(upstream:remoteref) refs/heads/master refs/remotes/master [9ms]
[2022-08-02T01:42:32.435Z] > git for-each-ref --sort -committerdate --format %(refname) %(objectname) %(*objectname) [16ms]
[2022-08-02T01:42:32.441Z] > git remote --verbose [11ms]
[2022-08-02T01:42:32.454Z] > git config --get commit.template [2ms]
[2022-08-02T01:42:40.206Z] > git check-ignore -v -z --stdin [2ms]
[2022-08-02T01:42:41.493Z] > git check-ignore -v -z --stdin [4ms]
[2022-08-02T01:43:58.846Z] > git show --textconv :src/app/app.component.html [169ms]
[2022-08-02T01:43:58.847Z] > git ls-files --stage -- /home/thebuffylow/js-assignment-6-orbit-report-buffylow/src/app/app.component.html [150ms]
[2022-08-02T01:43:58.901Z] > git cat-file -s 62ae26f94a0b14c609bf31370675ab1681324b43 [29ms]
[2022-08-02T01:48:54.065Z] > git add -A -- . [120ms]
[2022-08-02T01:48:54.182Z] > git -c user.useConfigOnly=true commit --quiet --allow-empty-message --file - [72ms]
[2022-08-02T01:48:54.213Z] > git status -z -uall [12ms]
[2022-08-02T01:48:54.239Z] > git symbolic-ref --short HEAD [6ms]
[2022-08-02T01:48:54.254Z] > git for-each-ref --format=%(refname)%00%(upstream:short)%00%(objectname)%00%(upstream:track)%00%(upstream:remotename)%00%(upstream:remoteref) refs/heads/master refs/remotes/master [5ms]
[2022-08-02T01:48:54.284Z] > git remote --verbose [4ms]
[2022-08-02T01:48:54.285Z] > git for-each-ref --sort -committerdate --format %(refname) %(objectname) %(*objectname) [18ms]
[2022-08-02T01:48:54.345Z] > git config --get commit.template [2ms]
[2022-08-02T01:48:54.414Z] > git config --get commit.template [7ms]
[2022-08-02T01:48:55.380Z] > git ls-files --stage -- /home/thebuffylow/js-assignment-6-orbit-report-buffylow/src/app/app.component.html [10ms]
[2022-08-02T01:48:55.396Z] > git cat-file -s 62ae26f94a0b14c609bf31370675ab1681324b43 [2ms]
[2022-08-02T01:48:55.433Z] > git show --textconv :src/app/app.component.html [24ms]
