[2022-08-02T00:19:35.891Z] Log level: Info
[2022-08-02T00:19:35.906Z] [info] Validating found git in: git
[2022-08-02T00:19:35.983Z] [info] Using git 2.30.2 from git
[2022-08-02T00:19:36.004Z] > git rev-parse --show-toplevel [8ms]
[2022-08-02T00:19:36.014Z] > git rev-parse --git-dir --git-common-dir [3ms]
[2022-08-02T00:19:36.018Z] [info] Open repository: /home/thebuffylow/Angular-Studios
[2022-08-02T00:19:36.042Z] > git status -z -uall [18ms]
[2022-08-02T00:19:36.058Z] > git symbolic-ref --short HEAD [3ms]
[2022-08-02T00:19:36.066Z] > git for-each-ref --format=%(refname)%00%(upstream:short)%00%(objectname)%00%(upstream:track)%00%(upstream:remotename)%00%(upstream:remoteref) refs/heads/master refs/remotes/master [2ms]
[2022-08-02T00:19:36.083Z] > git for-each-ref --sort -committerdate --format %(refname) %(objectname) %(*objectname) [10ms]
[2022-08-02T00:19:36.086Z] > git remote --verbose [5ms]
[2022-08-02T00:19:36.108Z] > git config --get commit.template [2ms]
[2022-08-02T00:19:36.144Z] > git status -z -uall [29ms]
[2022-08-02T00:19:36.163Z] > git symbolic-ref --short HEAD [14ms]
[2022-08-02T00:19:36.177Z] > git for-each-ref --format=%(refname)%00%(upstream:short)%00%(objectname)%00%(upstream:track)%00%(upstream:remotename)%00%(upstream:remoteref) refs/heads/master refs/remotes/master [6ms]
[2022-08-02T00:19:36.785Z] > git for-each-ref --sort -committerdate --format %(refname) %(objectname) %(*objectname) [575ms]
[2022-08-02T00:19:36.816Z] > git remote --verbose [594ms]
[2022-08-02T00:19:37.227Z] > git config --get commit.template [265ms]
[2022-08-02T00:19:37.358Z] > git check-ignore -v -z --stdin [4ms]
[2022-08-02T00:19:43.947Z] > git check-ignore -v -z --stdin [10ms]
[2022-08-02T00:19:52.184Z] > git add -A -- . [125ms]
[2022-08-02T00:19:52.184Z] warning: adding embedded git repository: angular-studio-part1/src/app
hint: You've added another git repository inside your current repository.
hint: Clones of the outer repository will not contain the contents of
hint: the embedded repository and will not know how to obtain it.
hint: If you meant to add a submodule, use:
hint: 
hint: 	git submodule add <url> angular-studio-part1/src/app
hint: 
hint: If you added this path by mistake, you can remove it from the
hint: index with:
hint: 
hint: 	git rm --cached angular-studio-part1/src/app
hint: 
hint: See "git help submodule" for more information.
[2022-08-02T00:19:52.245Z] > git -c user.useConfigOnly=true commit --quiet --allow-empty-message --file - [52ms]
[2022-08-02T00:19:52.293Z] > git status -z -uall [34ms]
[2022-08-02T00:19:52.311Z] > git symbolic-ref --short HEAD [9ms]
[2022-08-02T00:19:52.327Z] > git for-each-ref --format=%(refname)%00%(upstream:short)%00%(objectname)%00%(upstream:track)%00%(upstream:remotename)%00%(upstream:remoteref) refs/heads/master refs/remotes/master [1ms]
[2022-08-02T00:19:52.356Z] > git remote --verbose [3ms]
[2022-08-02T00:19:52.357Z] > git for-each-ref --sort -committerdate --format %(refname) %(objectname) %(*objectname) [19ms]
[2022-08-02T00:19:52.374Z] > git config --get commit.template [3ms]
[2022-08-02T00:19:52.395Z] > git config --get commit.template [3ms]
[2022-08-02T00:19:53.427Z] > git check-ignore -v -z --stdin [8ms]
[2022-08-02T00:20:06.858Z] > git log --oneline --cherry master...master@{upstream} -- [9ms]
[2022-08-02T00:20:06.858Z] fatal: no such branch: 'master...master'
[2022-08-02T00:20:07.351Z] > git pull --tags origin master [476ms]
[2022-08-02T00:20:07.351Z] hint: Pulling without specifying how to reconcile divergent branches is
hint: discouraged. You can squelch this message by running one of the following
hint: commands sometime before your next pull:
hint: 
hint:   git config pull.rebase false  # merge (the default strategy)
hint:   git config pull.rebase true   # rebase
hint:   git config pull.ff only       # fast-forward only
hint: 
hint: You can replace "git config" with "git config --global" to set a default
hint: preference for all repositories. You can also pass --rebase, --no-rebase,
hint: or --ff-only on the command line to override the configured default per
hint: invocation.
fatal: couldn't find remote ref master
[2022-08-02T00:22:12.542Z] > git status -z -uall [44ms]
[2022-08-02T00:22:12.570Z] > git symbolic-ref --short HEAD [3ms]
[2022-08-02T00:22:12.583Z] > git for-each-ref --format=%(refname)%00%(upstream:short)%00%(objectname)%00%(upstream:track)%00%(upstream:remotename)%00%(upstream:remoteref) refs/heads/main refs/remotes/main [4ms]
[2022-08-02T00:22:12.605Z] > git for-each-ref --sort -committerdate --format %(refname) %(objectname) %(*objectname) [15ms]
[2022-08-02T00:22:12.609Z] > git remote --verbose [5ms]
[2022-08-02T00:22:12.622Z] > git config --get commit.template [3ms]
[2022-08-02T00:23:56.291Z] > git status -z -uall [10ms]
[2022-08-02T00:23:56.302Z] > git symbolic-ref --short HEAD [4ms]
[2022-08-02T00:23:56.319Z] > git for-each-ref --format=%(refname)%00%(upstream:short)%00%(objectname)%00%(upstream:track)%00%(upstream:remotename)%00%(upstream:remoteref) refs/heads/main refs/remotes/main [2ms]
[2022-08-02T00:23:56.330Z] > git for-each-ref --sort -committerdate --format %(refname) %(objectname) %(*objectname) [6ms]
[2022-08-02T00:23:56.330Z] > git remote --verbose [1ms]
[2022-08-02T00:23:56.340Z] > git config --get commit.template [2ms]
[2022-08-02T00:24:21.374Z] > git status -z -uall [49ms]
[2022-08-02T00:24:21.396Z] > git symbolic-ref --short HEAD [3ms]
[2022-08-02T00:24:21.406Z] > git for-each-ref --format=%(refname)%00%(upstream:short)%00%(objectname)%00%(upstream:track)%00%(upstream:remotename)%00%(upstream:remoteref) refs/heads/main refs/remotes/main [3ms]
[2022-08-02T00:24:21.421Z] > git for-each-ref --sort -committerdate --format %(refname) %(objectname) %(*objectname) [8ms]
[2022-08-02T00:24:21.423Z] > git remote --verbose [4ms]
[2022-08-02T00:24:21.450Z] > git config --get commit.template [16ms]
[2022-08-02T00:32:21.483Z] > git status -z -uall [26ms]
[2022-08-02T00:32:21.522Z] > git symbolic-ref --short HEAD [27ms]
[2022-08-02T00:32:21.535Z] > git for-each-ref --format=%(refname)%00%(upstream:short)%00%(objectname)%00%(upstream:track)%00%(upstream:remotename)%00%(upstream:remoteref) refs/heads/main refs/remotes/main [4ms]
[2022-08-02T00:32:21.559Z] > git for-each-ref --sort -committerdate --format %(refname) %(objectname) %(*objectname) [13ms]
[2022-08-02T00:32:21.563Z] > git remote --verbose [5ms]
[2022-08-02T00:32:21.584Z] > git config --get commit.template [3ms]
[2022-08-02T00:32:26.603Z] > git status -z -uall [8ms]
[2022-08-02T00:32:26.616Z] > git symbolic-ref --short HEAD [2ms]
[2022-08-02T00:32:26.633Z] > git for-each-ref --format=%(refname)%00%(upstream:short)%00%(objectname)%00%(upstream:track)%00%(upstream:remotename)%00%(upstream:remoteref) refs/heads/main refs/remotes/main [2ms]
[2022-08-02T00:32:26.655Z] > git for-each-ref --sort -committerdate --format %(refname) %(objectname) %(*objectname) [12ms]
[2022-08-02T00:32:26.656Z] > git remote --verbose [2ms]
[2022-08-02T00:32:26.681Z] > git config --get commit.template [11ms]
[2022-08-02T00:32:31.711Z] > git status -z -uall [17ms]
[2022-08-02T00:32:31.733Z] > git symbolic-ref --short HEAD [9ms]
[2022-08-02T00:32:31.744Z] > git for-each-ref --format=%(refname)%00%(upstream:short)%00%(objectname)%00%(upstream:track)%00%(upstream:remotename)%00%(upstream:remoteref) refs/heads/main refs/remotes/main [5ms]
[2022-08-02T00:32:31.764Z] > git for-each-ref --sort -committerdate --format %(refname) %(objectname) %(*objectname) [11ms]
[2022-08-02T00:32:31.775Z] > git remote --verbose [12ms]
[2022-08-02T00:32:31.787Z] > git config --get commit.template [3ms]
[2022-08-02T00:32:37.322Z] > git status -z -uall [217ms]
[2022-08-02T00:32:37.363Z] > git symbolic-ref --short HEAD [9ms]
[2022-08-02T00:32:37.385Z] > git for-each-ref --format=%(refname)%00%(upstream:short)%00%(objectname)%00%(upstream:track)%00%(upstream:remotename)%00%(upstream:remoteref) refs/heads/main refs/remotes/main [8ms]
[2022-08-02T00:32:37.420Z] > git for-each-ref --sort -committerdate --format %(refname) %(objectname) %(*objectname) [19ms]
[2022-08-02T00:32:37.425Z] > git remote --verbose [8ms]
[2022-08-02T00:32:37.475Z] > git config --get commit.template [12ms]
