[2022-08-05T05:57:55.800Z] Log level: Info
[2022-08-05T05:57:55.816Z] [info] Validating found git in: git
[2022-08-05T05:57:55.943Z] [info] Using git 2.30.2 from git
[2022-08-05T05:57:55.995Z] > git rev-parse --show-toplevel [8ms]
[2022-08-05T05:57:56.012Z] > git rev-parse --git-dir --git-common-dir [7ms]
[2022-08-05T05:57:56.035Z] [info] Open repository: /home/thebuffylow/angular-lc101-projects
[2022-08-05T05:57:57.357Z] > git status -z -uall [1306ms]
[2022-08-05T05:57:57.377Z] > git symbolic-ref --short HEAD [1ms]
[2022-08-05T05:57:57.404Z] > git for-each-ref --format=%(refname)%00%(upstream:short)%00%(objectname)%00%(upstream:track)%00%(upstream:remotename)%00%(upstream:remoteref) refs/heads/master refs/remotes/master [8ms]
[2022-08-05T05:57:57.443Z] > git remote --verbose [2ms]
[2022-08-05T05:57:57.447Z] > git for-each-ref --sort -committerdate --format %(refname) %(objectname) %(*objectname) [19ms]
[2022-08-05T05:57:57.522Z] > git config --get commit.template [3ms]
[2022-08-05T05:57:57.709Z] > git status -z -uall [165ms]
[2022-08-05T05:57:57.718Z] > git symbolic-ref --short HEAD [3ms]
[2022-08-05T05:57:57.742Z] > git for-each-ref --format=%(refname)%00%(upstream:short)%00%(objectname)%00%(upstream:track)%00%(upstream:remotename)%00%(upstream:remoteref) refs/heads/master refs/remotes/master [4ms]
[2022-08-05T05:57:57.769Z] > git for-each-ref --sort -committerdate --format %(refname) %(objectname) %(*objectname) [11ms]
[2022-08-05T05:57:57.772Z] > git remote --verbose [5ms]
[2022-08-05T05:57:57.782Z] > git config --get commit.template [3ms]
[2022-08-05T05:57:57.929Z] > git check-ignore -v -z --stdin [20ms]
[2022-08-05T06:02:48.328Z] > git check-ignore -v -z --stdin [3ms]
[2022-08-05T06:03:00.837Z] > git add -A -- . [222ms]
[2022-08-05T06:03:00.907Z] > git -c user.useConfigOnly=true commit --quiet --allow-empty-message --file - [62ms]
[2022-08-05T06:03:00.937Z] > git status -z -uall [7ms]
[2022-08-05T06:03:00.950Z] > git symbolic-ref --short HEAD [3ms]
[2022-08-05T06:03:00.968Z] > git for-each-ref --format=%(refname)%00%(upstream:short)%00%(objectname)%00%(upstream:track)%00%(upstream:remotename)%00%(upstream:remoteref) refs/heads/master refs/remotes/master [6ms]
[2022-08-05T06:03:00.986Z] > git for-each-ref --sort -committerdate --format %(refname) %(objectname) %(*objectname) [12ms]
[2022-08-05T06:03:00.992Z] > git remote --verbose [9ms]
[2022-08-05T06:03:01.040Z] > git config --get commit.template [6ms]
[2022-08-05T06:03:01.084Z] > git config --get commit.template [11ms]
