[2022-08-04T20:01:05.275Z] Log level: Info
[2022-08-04T20:01:05.280Z] [info] Validating found git in: git
[2022-08-04T20:01:05.340Z] [info] Using git 2.30.2 from git
[2022-08-04T20:01:05.386Z] > git rev-parse --show-toplevel [23ms]
[2022-08-04T20:01:05.621Z] > git rev-parse --git-dir --git-common-dir [225ms]
[2022-08-04T20:01:05.634Z] [info] Open repository: /home/thebuffylow/LC101/angular-lc101-projects
[2022-08-04T20:01:05.670Z] > git status -z -uall [17ms]
[2022-08-04T20:01:05.702Z] > git symbolic-ref --short HEAD [26ms]
[2022-08-04T20:01:05.754Z] > git for-each-ref --format=%(refname)%00%(upstream:short)%00%(objectname)%00%(upstream:track)%00%(upstream:remotename)%00%(upstream:remoteref) refs/heads/master refs/remotes/master [32ms]
[2022-08-04T20:01:05.806Z] > git for-each-ref --sort -committerdate --format %(refname) %(objectname) %(*objectname) [26ms]
[2022-08-04T20:01:05.818Z] > git remote --verbose [20ms]
[2022-08-04T20:01:05.850Z] > git config --get commit.template [3ms]
[2022-08-04T20:01:05.884Z] > git status -z -uall [19ms]
[2022-08-04T20:01:05.908Z] > git symbolic-ref --short HEAD [15ms]
[2022-08-04T20:01:05.921Z] > git for-each-ref --format=%(refname)%00%(upstream:short)%00%(objectname)%00%(upstream:track)%00%(upstream:remotename)%00%(upstream:remoteref) refs/heads/master refs/remotes/master [5ms]
[2022-08-04T20:01:05.960Z] > git for-each-ref --sort -committerdate --format %(refname) %(objectname) %(*objectname) [29ms]
[2022-08-04T20:01:05.962Z] > git remote --verbose [16ms]
[2022-08-04T20:01:05.978Z] > git config --get commit.template [3ms]
[2022-08-04T20:01:06.333Z] > git check-ignore -v -z --stdin [8ms]
[2022-08-04T20:08:52.187Z] > git check-ignore -v -z --stdin [5ms]
[2022-08-04T20:08:56.291Z] > git check-ignore -v -z --stdin [3ms]
[2022-08-04T20:08:59.339Z] > git check-ignore -v -z --stdin [7ms]
[2022-08-04T20:09:00.975Z] > git check-ignore -v -z --stdin [4ms]
[2022-08-04T20:09:03.585Z] > git check-ignore -v -z --stdin [4ms]
[2022-08-04T20:09:07.473Z] > git show --textconv :lesson2/examples/ngfor-practice/src/app/chores/chores.component.html [31ms]
[2022-08-04T20:09:07.473Z] > git ls-files --stage -- /home/thebuffylow/LC101/angular-lc101-projects/lesson2/examples/ngfor-practice/src/app/chores/chores.component.html [22ms]
[2022-08-04T20:09:07.499Z] > git cat-file -s 6305bd468e349810148fe73292388a277d19b71a [4ms]
[2022-08-04T20:12:00.740Z] > git check-ignore -v -z --stdin [27ms]
[2022-08-04T20:13:57.044Z] > git status -z -uall [29ms]
[2022-08-04T20:13:57.056Z] > git symbolic-ref --short HEAD [3ms]
[2022-08-04T20:13:57.085Z] > git for-each-ref --format=%(refname)%00%(upstream:short)%00%(objectname)%00%(upstream:track)%00%(upstream:remotename)%00%(upstream:remoteref) refs/heads/master refs/remotes/master [22ms]
[2022-08-04T20:13:57.136Z] > git for-each-ref --sort -committerdate --format %(refname) %(objectname) %(*objectname) [24ms]
[2022-08-04T20:13:57.150Z] > git remote --verbose [20ms]
[2022-08-04T20:13:57.237Z] > git config --get commit.template [3ms]
[2022-08-04T20:14:02.259Z] > git status -z -uall [10ms]
[2022-08-04T20:14:02.282Z] > git symbolic-ref --short HEAD [10ms]
[2022-08-04T20:14:02.311Z] > git for-each-ref --format=%(refname)%00%(upstream:short)%00%(objectname)%00%(upstream:track)%00%(upstream:remotename)%00%(upstream:remoteref) refs/heads/master refs/remotes/master [9ms]
[2022-08-04T20:14:02.360Z] > git remote --verbose [10ms]
[2022-08-04T20:14:02.371Z] > git for-each-ref --sort -committerdate --format %(refname) %(objectname) %(*objectname) [39ms]
[2022-08-04T20:14:02.397Z] > git config --get commit.template [9ms]
[2022-08-04T20:16:29.332Z] > git status -z -uall [10ms]
[2022-08-04T20:16:29.375Z] > git symbolic-ref --short HEAD [22ms]
[2022-08-04T20:16:29.391Z] > git for-each-ref --format=%(refname)%00%(upstream:short)%00%(objectname)%00%(upstream:track)%00%(upstream:remotename)%00%(upstream:remoteref) refs/heads/master refs/remotes/master [3ms]
[2022-08-04T20:16:29.421Z] > git remote --verbose [8ms]
[2022-08-04T20:16:29.423Z] > git for-each-ref --sort -committerdate --format %(refname) %(objectname) %(*objectname) [22ms]
[2022-08-04T20:16:29.466Z] > git config --get commit.template [6ms]
[2022-08-04T20:22:28.927Z] > git show --textconv :lesson2/examples/ngfor-practice/angular.json [63ms]
[2022-08-04T20:22:28.934Z] > git ls-files --stage -- /home/thebuffylow/LC101/angular-lc101-projects/lesson2/examples/ngfor-practice/angular.json [46ms]
[2022-08-04T20:22:29.279Z] > git cat-file -s 0384f933702457074a0f8b23ad3a5b85ada81aec [288ms]
[2022-08-04T20:22:46.483Z] > git status -z -uall [32ms]
[2022-08-04T20:22:46.511Z] > git symbolic-ref --short HEAD [3ms]
[2022-08-04T20:22:46.527Z] > git for-each-ref --format=%(refname)%00%(upstream:short)%00%(objectname)%00%(upstream:track)%00%(upstream:remotename)%00%(upstream:remoteref) refs/heads/master refs/remotes/master [4ms]
[2022-08-04T20:22:46.554Z] > git for-each-ref --sort -committerdate --format %(refname) %(objectname) %(*objectname) [17ms]
[2022-08-04T20:22:46.558Z] > git remote --verbose [6ms]
[2022-08-04T20:22:46.588Z] > git config --get commit.template [14ms]
[2022-08-04T20:22:51.649Z] > git status -z -uall [8ms]
[2022-08-04T20:22:51.656Z] > git symbolic-ref --short HEAD [2ms]
[2022-08-04T20:22:51.665Z] > git for-each-ref --format=%(refname)%00%(upstream:short)%00%(objectname)%00%(upstream:track)%00%(upstream:remotename)%00%(upstream:remoteref) refs/heads/master refs/remotes/master [2ms]
[2022-08-04T20:22:51.680Z] > git remote --verbose [3ms]
[2022-08-04T20:22:51.680Z] > git for-each-ref --sort -committerdate --format %(refname) %(objectname) %(*objectname) [8ms]
[2022-08-04T20:22:51.695Z] > git config --get commit.template [1ms]
[2022-08-04T20:22:56.714Z] > git status -z -uall [10ms]
[2022-08-04T20:22:56.723Z] > git symbolic-ref --short HEAD [3ms]
[2022-08-04T20:22:56.733Z] > git for-each-ref --format=%(refname)%00%(upstream:short)%00%(objectname)%00%(upstream:track)%00%(upstream:remotename)%00%(upstream:remoteref) refs/heads/master refs/remotes/master [3ms]
[2022-08-04T20:22:56.750Z] > git for-each-ref --sort -committerdate --format %(refname) %(objectname) %(*objectname) [10ms]
[2022-08-04T20:22:56.751Z] > git remote --verbose [2ms]
[2022-08-04T20:22:56.765Z] > git config --get commit.template [2ms]
[2022-08-04T20:23:31.851Z] > git status -z -uall [10ms]
[2022-08-04T20:23:31.868Z] > git symbolic-ref --short HEAD [2ms]
[2022-08-04T20:23:31.884Z] > git for-each-ref --format=%(refname)%00%(upstream:short)%00%(objectname)%00%(upstream:track)%00%(upstream:remotename)%00%(upstream:remoteref) refs/heads/master refs/remotes/master [8ms]
[2022-08-04T20:23:31.901Z] > git for-each-ref --sort -committerdate --format %(refname) %(objectname) %(*objectname) [9ms]
[2022-08-04T20:23:31.901Z] > git remote --verbose [2ms]
[2022-08-04T20:23:31.924Z] > git config --get commit.template [4ms]
[2022-08-04T20:23:36.980Z] > git status -z -uall [28ms]
[2022-08-04T20:23:37.009Z] > git symbolic-ref --short HEAD [9ms]
[2022-08-04T20:23:37.028Z] > git for-each-ref --format=%(refname)%00%(upstream:short)%00%(objectname)%00%(upstream:track)%00%(upstream:remotename)%00%(upstream:remoteref) refs/heads/master refs/remotes/master [6ms]
[2022-08-04T20:23:37.065Z] > git for-each-ref --sort -committerdate --format %(refname) %(objectname) %(*objectname) [26ms]
[2022-08-04T20:23:37.070Z] > git remote --verbose [7ms]
[2022-08-04T20:23:37.086Z] > git config --get commit.template [3ms]
[2022-08-04T20:26:10.892Z] > git show --textconv :lesson2/examples/ngfor-practice/browserslist [14ms]
[2022-08-04T20:26:10.899Z] > git ls-files --stage -- /home/thebuffylow/LC101/angular-lc101-projects/lesson2/examples/ngfor-practice/browserslist [8ms]
[2022-08-04T20:26:10.933Z] > git cat-file -s 80848532e47d58cc7a4b618f600b438960f9f045 [11ms]
[2022-08-04T20:26:14.034Z] > git show --textconv :lesson2/examples/ngfor-practice/angular.json [25ms]
[2022-08-04T20:26:14.042Z] > git ls-files --stage -- /home/thebuffylow/LC101/angular-lc101-projects/lesson2/examples/ngfor-practice/angular.json [9ms]
[2022-08-04T20:26:14.053Z] > git cat-file -s 0384f933702457074a0f8b23ad3a5b85ada81aec [2ms]
[2022-08-04T20:28:03.737Z] > git status -z -uall [23ms]
[2022-08-04T20:28:03.783Z] > git symbolic-ref --short HEAD [9ms]
[2022-08-04T20:28:03.795Z] > git for-each-ref --format=%(refname)%00%(upstream:short)%00%(objectname)%00%(upstream:track)%00%(upstream:remotename)%00%(upstream:remoteref) refs/heads/master refs/remotes/master [5ms]
[2022-08-04T20:28:03.809Z] > git for-each-ref --sort -committerdate --format %(refname) %(objectname) %(*objectname) [8ms]
[2022-08-04T20:28:03.811Z] > git remote --verbose [3ms]
[2022-08-04T20:28:03.827Z] > git config --get commit.template [3ms]
[2022-08-04T20:28:08.871Z] > git status -z -uall [14ms]
[2022-08-04T20:28:08.881Z] > git symbolic-ref --short HEAD [2ms]
[2022-08-04T20:28:08.890Z] > git for-each-ref --format=%(refname)%00%(upstream:short)%00%(objectname)%00%(upstream:track)%00%(upstream:remotename)%00%(upstream:remoteref) refs/heads/master refs/remotes/master [3ms]
[2022-08-04T20:28:08.904Z] > git for-each-ref --sort -committerdate --format %(refname) %(objectname) %(*objectname) [8ms]
[2022-08-04T20:28:08.907Z] > git remote --verbose [4ms]
[2022-08-04T20:28:08.919Z] > git config --get commit.template [2ms]
[2022-08-04T20:30:42.376Z] > git status -z -uall [16ms]
[2022-08-04T20:30:42.397Z] > git symbolic-ref --short HEAD [4ms]
[2022-08-04T20:30:42.407Z] > git for-each-ref --format=%(refname)%00%(upstream:short)%00%(objectname)%00%(upstream:track)%00%(upstream:remotename)%00%(upstream:remoteref) refs/heads/master refs/remotes/master [3ms]
[2022-08-04T20:30:42.425Z] > git for-each-ref --sort -committerdate --format %(refname) %(objectname) %(*objectname) [11ms]
[2022-08-04T20:30:42.426Z] > git remote --verbose [3ms]
[2022-08-04T20:30:42.439Z] > git config --get commit.template [3ms]
[2022-08-04T20:30:47.482Z] > git status -z -uall [14ms]
[2022-08-04T20:30:47.494Z] > git symbolic-ref --short HEAD [3ms]
[2022-08-04T20:30:47.505Z] > git for-each-ref --format=%(refname)%00%(upstream:short)%00%(objectname)%00%(upstream:track)%00%(upstream:remotename)%00%(upstream:remoteref) refs/heads/master refs/remotes/master [3ms]
[2022-08-04T20:30:47.521Z] > git for-each-ref --sort -committerdate --format %(refname) %(objectname) %(*objectname) [8ms]
[2022-08-04T20:30:47.522Z] > git remote --verbose [2ms]
[2022-08-04T20:30:47.533Z] > git config --get commit.template [1ms]
[2022-08-04T20:30:57.929Z] > git status -z -uall [45ms]
[2022-08-04T20:30:57.949Z] > git symbolic-ref --short HEAD [3ms]
[2022-08-04T20:30:57.964Z] > git for-each-ref --format=%(refname)%00%(upstream:short)%00%(objectname)%00%(upstream:track)%00%(upstream:remotename)%00%(upstream:remoteref) refs/heads/master refs/remotes/master [4ms]
[2022-08-04T20:30:57.979Z] > git for-each-ref --sort -committerdate --format %(refname) %(objectname) %(*objectname) [8ms]
[2022-08-04T20:30:57.980Z] > git remote --verbose [2ms]
[2022-08-04T20:30:57.994Z] > git config --get commit.template [3ms]
[2022-08-04T20:31:20.559Z] > git status -z -uall [11ms]
[2022-08-04T20:31:20.569Z] > git symbolic-ref --short HEAD [3ms]
[2022-08-04T20:31:20.581Z] > git for-each-ref --format=%(refname)%00%(upstream:short)%00%(objectname)%00%(upstream:track)%00%(upstream:remotename)%00%(upstream:remoteref) refs/heads/master refs/remotes/master [5ms]
[2022-08-04T20:31:20.603Z] > git remote --verbose [4ms]
[2022-08-04T20:31:20.605Z] > git for-each-ref --sort -committerdate --format %(refname) %(objectname) %(*objectname) [13ms]
[2022-08-04T20:31:20.628Z] > git config --get commit.template [6ms]
[2022-08-04T20:31:31.278Z] > git status -z -uall [7ms]
[2022-08-04T20:31:31.289Z] > git symbolic-ref --short HEAD [3ms]
[2022-08-04T20:31:31.302Z] > git for-each-ref --format=%(refname)%00%(upstream:short)%00%(objectname)%00%(upstream:track)%00%(upstream:remotename)%00%(upstream:remoteref) refs/heads/master refs/remotes/master [5ms]
[2022-08-04T20:31:31.319Z] > git remote --verbose [3ms]
[2022-08-04T20:31:31.320Z] > git for-each-ref --sort -committerdate --format %(refname) %(objectname) %(*objectname) [11ms]
[2022-08-04T20:31:31.331Z] > git config --get commit.template [1ms]
[2022-08-04T20:31:54.196Z] > git status -z -uall [8ms]
[2022-08-04T20:31:54.208Z] > git symbolic-ref --short HEAD [3ms]
[2022-08-04T20:31:54.223Z] > git for-each-ref --format=%(refname)%00%(upstream:short)%00%(objectname)%00%(upstream:track)%00%(upstream:remotename)%00%(upstream:remoteref) refs/heads/master refs/remotes/master [2ms]
[2022-08-04T20:31:54.244Z] > git for-each-ref --sort -committerdate --format %(refname) %(objectname) %(*objectname) [11ms]
[2022-08-04T20:31:54.245Z] > git remote --verbose [2ms]
[2022-08-04T20:31:54.262Z] > git config --get commit.template [4ms]
[2022-08-04T20:32:13.769Z] > git status -z -uall [10ms]
[2022-08-04T20:32:13.781Z] > git symbolic-ref --short HEAD [4ms]
[2022-08-04T20:32:13.790Z] > git for-each-ref --format=%(refname)%00%(upstream:short)%00%(objectname)%00%(upstream:track)%00%(upstream:remotename)%00%(upstream:remoteref) refs/heads/master refs/remotes/master [2ms]
[2022-08-04T20:32:13.811Z] > git remote --verbose [2ms]
[2022-08-04T20:32:13.811Z] > git for-each-ref --sort -committerdate --format %(refname) %(objectname) %(*objectname) [13ms]
[2022-08-04T20:32:13.825Z] > git config --get commit.template [2ms]
[2022-08-04T20:32:18.846Z] > git status -z -uall [8ms]
[2022-08-04T20:32:18.864Z] > git symbolic-ref --short HEAD [4ms]
[2022-08-04T20:32:18.876Z] > git for-each-ref --format=%(refname)%00%(upstream:short)%00%(objectname)%00%(upstream:track)%00%(upstream:remotename)%00%(upstream:remoteref) refs/heads/master refs/remotes/master [4ms]
[2022-08-04T20:32:18.890Z] > git for-each-ref --sort -committerdate --format %(refname) %(objectname) %(*objectname) [7ms]
[2022-08-04T20:32:18.891Z] > git remote --verbose [2ms]
[2022-08-04T20:32:18.905Z] > git config --get commit.template [3ms]
[2022-08-04T20:32:23.943Z] > git status -z -uall [17ms]
[2022-08-04T20:32:23.971Z] > git symbolic-ref --short HEAD [9ms]
[2022-08-04T20:32:23.981Z] > git for-each-ref --format=%(refname)%00%(upstream:short)%00%(objectname)%00%(upstream:track)%00%(upstream:remotename)%00%(upstream:remoteref) refs/heads/master refs/remotes/master [3ms]
[2022-08-04T20:32:23.998Z] > git remote --verbose [3ms]
[2022-08-04T20:32:23.998Z] > git for-each-ref --sort -committerdate --format %(refname) %(objectname) %(*objectname) [10ms]
[2022-08-04T20:32:24.009Z] > git config --get commit.template [2ms]
[2022-08-04T20:32:29.049Z] > git status -z -uall [13ms]
[2022-08-04T20:32:29.068Z] > git symbolic-ref --short HEAD [4ms]
[2022-08-04T20:32:29.089Z] > git for-each-ref --format=%(refname)%00%(upstream:short)%00%(objectname)%00%(upstream:track)%00%(upstream:remotename)%00%(upstream:remoteref) refs/heads/master refs/remotes/master [5ms]
[2022-08-04T20:32:29.110Z] > git remote --verbose [2ms]
[2022-08-04T20:32:29.111Z] > git for-each-ref --sort -committerdate --format %(refname) %(objectname) %(*objectname) [12ms]
[2022-08-04T20:32:29.121Z] > git config --get commit.template [2ms]
[2022-08-04T20:32:37.416Z] > git status -z -uall [5ms]
[2022-08-04T20:32:37.424Z] > git symbolic-ref --short HEAD [1ms]
[2022-08-04T20:32:37.434Z] > git for-each-ref --format=%(refname)%00%(upstream:short)%00%(objectname)%00%(upstream:track)%00%(upstream:remotename)%00%(upstream:remoteref) refs/heads/master refs/remotes/master [3ms]
[2022-08-04T20:32:37.449Z] > git for-each-ref --sort -committerdate --format %(refname) %(objectname) %(*objectname) [9ms]
[2022-08-04T20:32:37.451Z] > git remote --verbose [4ms]
[2022-08-04T20:32:37.462Z] > git config --get commit.template [1ms]
[2022-08-04T20:32:42.476Z] > git status -z -uall [5ms]
[2022-08-04T20:32:42.485Z] > git symbolic-ref --short HEAD [1ms]
[2022-08-04T20:32:42.494Z] > git for-each-ref --format=%(refname)%00%(upstream:short)%00%(objectname)%00%(upstream:track)%00%(upstream:remotename)%00%(upstream:remoteref) refs/heads/master refs/remotes/master [2ms]
[2022-08-04T20:32:42.508Z] > git for-each-ref --sort -committerdate --format %(refname) %(objectname) %(*objectname) [8ms]
[2022-08-04T20:32:42.509Z] > git remote --verbose [3ms]
[2022-08-04T20:32:42.538Z] > git config --get commit.template [3ms]
[2022-08-04T20:32:47.559Z] > git status -z -uall [10ms]
[2022-08-04T20:32:47.569Z] > git symbolic-ref --short HEAD [2ms]
[2022-08-04T20:32:47.589Z] > git for-each-ref --format=%(refname)%00%(upstream:short)%00%(objectname)%00%(upstream:track)%00%(upstream:remotename)%00%(upstream:remoteref) refs/heads/master refs/remotes/master [6ms]
[2022-08-04T20:32:47.615Z] > git for-each-ref --sort -committerdate --format %(refname) %(objectname) %(*objectname) [13ms]
[2022-08-04T20:32:47.618Z] > git remote --verbose [4ms]
[2022-08-04T20:32:47.639Z] > git config --get commit.template [5ms]
[2022-08-04T20:32:52.660Z] > git status -z -uall [11ms]
[2022-08-04T20:32:52.672Z] > git symbolic-ref --short HEAD [2ms]
[2022-08-04T20:32:52.683Z] > git for-each-ref --format=%(refname)%00%(upstream:short)%00%(objectname)%00%(upstream:track)%00%(upstream:remotename)%00%(upstream:remoteref) refs/heads/master refs/remotes/master [3ms]
[2022-08-04T20:32:52.711Z] > git for-each-ref --sort -committerdate --format %(refname) %(objectname) %(*objectname) [14ms]
[2022-08-04T20:32:52.712Z] > git remote --verbose [2ms]
[2022-08-04T20:32:52.729Z] > git config --get commit.template [2ms]
[2022-08-04T20:33:17.179Z] > git status -z -uall [19ms]
[2022-08-04T20:33:17.204Z] > git symbolic-ref --short HEAD [5ms]
[2022-08-04T20:33:17.231Z] > git for-each-ref --format=%(refname)%00%(upstream:short)%00%(objectname)%00%(upstream:track)%00%(upstream:remotename)%00%(upstream:remoteref) refs/heads/master refs/remotes/master [8ms]
[2022-08-04T20:33:17.272Z] > git for-each-ref --sort -committerdate --format %(refname) %(objectname) %(*objectname) [21ms]
[2022-08-04T20:33:17.275Z] > git remote --verbose [7ms]
[2022-08-04T20:33:17.309Z] > git config --get commit.template [9ms]
[2022-08-04T20:33:22.336Z] > git status -z -uall [8ms]
[2022-08-04T20:33:22.345Z] > git symbolic-ref --short HEAD [2ms]
[2022-08-04T20:33:22.362Z] > git for-each-ref --format=%(refname)%00%(upstream:short)%00%(objectname)%00%(upstream:track)%00%(upstream:remotename)%00%(upstream:remoteref) refs/heads/master refs/remotes/master [4ms]
[2022-08-04T20:33:22.375Z] > git for-each-ref --sort -committerdate --format %(refname) %(objectname) %(*objectname) [7ms]
[2022-08-04T20:33:22.376Z] > git remote --verbose [2ms]
[2022-08-04T20:33:22.386Z] > git config --get commit.template [2ms]
[2022-08-04T20:38:37.822Z] > git status -z -uall [39ms]
[2022-08-04T20:38:37.842Z] > git symbolic-ref --short HEAD [6ms]
[2022-08-04T20:38:37.867Z] > git for-each-ref --format=%(refname)%00%(upstream:short)%00%(objectname)%00%(upstream:track)%00%(upstream:remotename)%00%(upstream:remoteref) refs/heads/master refs/remotes/master [11ms]
[2022-08-04T20:38:37.898Z] > git remote --verbose [2ms]
[2022-08-04T20:38:37.898Z] > git for-each-ref --sort -committerdate --format %(refname) %(objectname) %(*objectname) [17ms]
[2022-08-04T20:38:37.920Z] > git config --get commit.template [4ms]
[2022-08-04T20:38:42.952Z] > git status -z -uall [14ms]
[2022-08-04T20:38:42.972Z] > git symbolic-ref --short HEAD [2ms]
[2022-08-04T20:38:42.996Z] > git for-each-ref --format=%(refname)%00%(upstream:short)%00%(objectname)%00%(upstream:track)%00%(upstream:remotename)%00%(upstream:remoteref) refs/heads/master refs/remotes/master [10ms]
[2022-08-04T20:38:43.033Z] > git for-each-ref --sort -committerdate --format %(refname) %(objectname) %(*objectname) [21ms]
[2022-08-04T20:38:43.038Z] > git remote --verbose [7ms]
[2022-08-04T20:38:43.067Z] > git config --get commit.template [6ms]
[2022-08-04T20:38:49.050Z] > git status -z -uall [22ms]
[2022-08-04T20:38:49.078Z] > git symbolic-ref --short HEAD [6ms]
[2022-08-04T20:38:49.107Z] > git for-each-ref --format=%(refname)%00%(upstream:short)%00%(objectname)%00%(upstream:track)%00%(upstream:remotename)%00%(upstream:remoteref) refs/heads/master refs/remotes/master [8ms]
[2022-08-04T20:38:49.132Z] > git for-each-ref --sort -committerdate --format %(refname) %(objectname) %(*objectname) [13ms]
[2022-08-04T20:38:49.133Z] > git remote --verbose [3ms]
[2022-08-04T20:38:49.149Z] > git config --get commit.template [2ms]
[2022-08-04T20:48:38.104Z] > git check-ignore -v -z --stdin [13ms]
[2022-08-04T20:48:41.019Z] > git check-ignore -v -z --stdin [6ms]
[2022-08-04T20:53:47.666Z] > git status -z -uall [17ms]
[2022-08-04T20:53:47.676Z] > git symbolic-ref --short HEAD [2ms]
[2022-08-04T20:53:47.684Z] > git for-each-ref --format=%(refname)%00%(upstream:short)%00%(objectname)%00%(upstream:track)%00%(upstream:remotename)%00%(upstream:remoteref) refs/heads/master refs/remotes/master [2ms]
[2022-08-04T20:53:47.696Z] > git for-each-ref --sort -committerdate --format %(refname) %(objectname) %(*objectname) [6ms]
[2022-08-04T20:53:47.697Z] > git remote --verbose [2ms]
[2022-08-04T20:53:47.706Z] > git config --get commit.template [1ms]
[2022-08-04T20:53:52.731Z] > git status -z -uall [13ms]
[2022-08-04T20:53:52.745Z] > git symbolic-ref --short HEAD [3ms]
[2022-08-04T20:53:52.755Z] > git for-each-ref --format=%(refname)%00%(upstream:short)%00%(objectname)%00%(upstream:track)%00%(upstream:remotename)%00%(upstream:remoteref) refs/heads/master refs/remotes/master [3ms]
[2022-08-04T20:53:52.772Z] > git for-each-ref --sort -committerdate --format %(refname) %(objectname) %(*objectname) [9ms]
[2022-08-04T20:53:52.775Z] > git remote --verbose [4ms]
[2022-08-04T20:53:52.787Z] > git config --get commit.template [1ms]
[2022-08-04T20:54:17.614Z] > git show --textconv :lesson2/examples/ngfor-practice/package.json [30ms]
[2022-08-04T20:54:17.615Z] > git ls-files --stage -- /home/thebuffylow/LC101/angular-lc101-projects/lesson2/examples/ngfor-practice/package.json [7ms]
[2022-08-04T20:54:17.658Z] > git cat-file -s 72d6867758abbb6fccac321817e0e956070b659b [14ms]
[2022-08-04T20:54:41.173Z] > git ls-files --stage -- /home/thebuffylow/LC101/angular-lc101-projects/lesson2/examples/ngfor-practice/package-lock.json [14ms]
[2022-08-04T20:54:41.189Z] > git show --textconv :lesson2/examples/ngfor-practice/package-lock.json [49ms]
[2022-08-04T20:54:41.196Z] > git cat-file -s c883faebb7aada40b4986e615d20d86ffa20543c [9ms]
[2022-08-04T20:55:29.626Z] > git check-ignore -v -z --stdin [8ms]
[2022-08-04T20:55:34.194Z] > git check-ignore -v -z --stdin [2ms]
[2022-08-04T20:55:37.548Z] > git check-ignore -v -z --stdin [12ms]
[2022-08-04T20:55:42.153Z] > git check-ignore -v -z --stdin [3ms]
[2022-08-04T20:55:45.520Z] > git check-ignore -v -z --stdin [7ms]
[2022-08-04T20:55:54.714Z] > git show --textconv :lesson2/examples/ngfor-practice/node_modules/@schematics/angular/application/schema.js [83ms]
[2022-08-04T20:55:54.732Z] > git ls-files --stage -- /home/thebuffylow/LC101/angular-lc101-projects/lesson2/examples/ngfor-practice/node_modules/@schematics/angular/application/schema.js [26ms]
[2022-08-04T20:56:04.232Z] > git show --textconv :lesson2/examples/ngfor-practice/node_modules/@schematics/angular/application/schema.json [11ms]
[2022-08-04T20:56:04.232Z] > git ls-files --stage -- /home/thebuffylow/LC101/angular-lc101-projects/lesson2/examples/ngfor-practice/node_modules/@schematics/angular/application/schema.json [3ms]
[2022-08-04T20:56:10.356Z] > git check-ignore -v -z --stdin [6ms]
[2022-08-04T20:56:26.346Z] > git check-ignore -v -z --stdin [4ms]
[2022-08-04T20:56:35.052Z] > git show --textconv :lesson2/examples/ngfor-practice/angular.json [11ms]
[2022-08-04T20:56:35.054Z] > git ls-files --stage -- /home/thebuffylow/LC101/angular-lc101-projects/lesson2/examples/ngfor-practice/angular.json [3ms]
[2022-08-04T20:56:35.065Z] > git cat-file -s 0384f933702457074a0f8b23ad3a5b85ada81aec [3ms]
[2022-08-04T20:56:35.544Z] > git check-ignore -v -z --stdin [5ms]
[2022-08-04T20:56:41.554Z] > git check-ignore -v -z --stdin [8ms]
[2022-08-04T21:00:15.449Z] > git ls-files --stage -- /home/thebuffylow/LC101/angular-lc101-projects/lesson2/examples/ngfor-practice/src/app/app.module.ts [51ms]
[2022-08-04T21:00:15.503Z] > git show --textconv :lesson2/examples/ngfor-practice/src/app/app.module.ts [163ms]
[2022-08-04T21:00:15.539Z] > git cat-file -s 97a3d85049a75198b42e3f9a054d78f54553009d [37ms]
[2022-08-04T21:00:47.732Z] > git status -z -uall [13ms]
[2022-08-04T21:00:47.744Z] > git symbolic-ref --short HEAD [2ms]
[2022-08-04T21:00:47.755Z] > git for-each-ref --format=%(refname)%00%(upstream:short)%00%(objectname)%00%(upstream:track)%00%(upstream:remotename)%00%(upstream:remoteref) refs/heads/master refs/remotes/master [3ms]
[2022-08-04T21:00:47.775Z] > git for-each-ref --sort -committerdate --format %(refname) %(objectname) %(*objectname) [12ms]
[2022-08-04T21:00:47.777Z] > git remote --verbose [4ms]
[2022-08-04T21:00:47.797Z] > git config --get commit.template [5ms]
[2022-08-04T21:00:52.855Z] > git status -z -uall [24ms]
[2022-08-04T21:00:52.895Z] > git symbolic-ref --short HEAD [7ms]
[2022-08-04T21:00:52.936Z] > git for-each-ref --format=%(refname)%00%(upstream:short)%00%(objectname)%00%(upstream:track)%00%(upstream:remotename)%00%(upstream:remoteref) refs/heads/master refs/remotes/master [11ms]
[2022-08-04T21:00:52.987Z] > git for-each-ref --sort -committerdate --format %(refname) %(objectname) %(*objectname) [27ms]
[2022-08-04T21:00:52.997Z] > git remote --verbose [11ms]
[2022-08-04T21:00:53.012Z] > git config --get commit.template [2ms]
[2022-08-04T21:00:58.051Z] > git status -z -uall [16ms]
[2022-08-04T21:00:58.074Z] > git symbolic-ref --short HEAD [3ms]
[2022-08-04T21:00:58.088Z] > git for-each-ref --format=%(refname)%00%(upstream:short)%00%(objectname)%00%(upstream:track)%00%(upstream:remotename)%00%(upstream:remoteref) refs/heads/master refs/remotes/master [4ms]
[2022-08-04T21:00:58.106Z] > git for-each-ref --sort -committerdate --format %(refname) %(objectname) %(*objectname) [9ms]
[2022-08-04T21:00:58.109Z] > git remote --verbose [4ms]
[2022-08-04T21:00:58.120Z] > git config --get commit.template [1ms]
[2022-08-04T21:01:11.285Z] > git status -z -uall [24ms]
[2022-08-04T21:01:11.299Z] > git symbolic-ref --short HEAD [2ms]
[2022-08-04T21:01:11.308Z] > git for-each-ref --format=%(refname)%00%(upstream:short)%00%(objectname)%00%(upstream:track)%00%(upstream:remotename)%00%(upstream:remoteref) refs/heads/master refs/remotes/master [2ms]
[2022-08-04T21:01:11.324Z] > git for-each-ref --sort -committerdate --format %(refname) %(objectname) %(*objectname) [8ms]
[2022-08-04T21:01:11.325Z] > git remote --verbose [2ms]
[2022-08-04T21:01:11.336Z] > git config --get commit.template [2ms]
[2022-08-04T21:01:19.441Z] > git status -z -uall [17ms]
[2022-08-04T21:01:19.465Z] > git symbolic-ref --short HEAD [6ms]
[2022-08-04T21:01:19.488Z] > git for-each-ref --format=%(refname)%00%(upstream:short)%00%(objectname)%00%(upstream:track)%00%(upstream:remotename)%00%(upstream:remoteref) refs/heads/master refs/remotes/master [6ms]
[2022-08-04T21:01:19.530Z] > git for-each-ref --sort -committerdate --format %(refname) %(objectname) %(*objectname) [24ms]
[2022-08-04T21:01:19.536Z] > git remote --verbose [14ms]
[2022-08-04T21:01:19.553Z] > git config --get commit.template [2ms]
[2022-08-04T21:01:24.599Z] > git status -z -uall [18ms]
[2022-08-04T21:01:24.618Z] > git symbolic-ref --short HEAD [4ms]
[2022-08-04T21:01:24.633Z] > git for-each-ref --format=%(refname)%00%(upstream:short)%00%(objectname)%00%(upstream:track)%00%(upstream:remotename)%00%(upstream:remoteref) refs/heads/master refs/remotes/master [4ms]
[2022-08-04T21:01:24.651Z] > git for-each-ref --sort -committerdate --format %(refname) %(objectname) %(*objectname) [9ms]
[2022-08-04T21:01:24.653Z] > git remote --verbose [3ms]
[2022-08-04T21:01:24.665Z] > git config --get commit.template [1ms]
[2022-08-04T21:01:29.786Z] > git status -z -uall [110ms]
[2022-08-04T21:01:29.835Z] > git symbolic-ref --short HEAD [17ms]
[2022-08-04T21:01:29.872Z] > git for-each-ref --format=%(refname)%00%(upstream:short)%00%(objectname)%00%(upstream:track)%00%(upstream:remotename)%00%(upstream:remoteref) refs/heads/master refs/remotes/master [3ms]
[2022-08-04T21:01:29.912Z] > git for-each-ref --sort -committerdate --format %(refname) %(objectname) %(*objectname) [13ms]
[2022-08-04T21:01:29.920Z] > git remote --verbose [10ms]
[2022-08-04T21:01:30.002Z] > git config --get commit.template [56ms]
[2022-08-04T21:01:35.048Z] > git status -z -uall [8ms]
[2022-08-04T21:01:35.058Z] > git symbolic-ref --short HEAD [1ms]
[2022-08-04T21:01:35.072Z] > git for-each-ref --format=%(refname)%00%(upstream:short)%00%(objectname)%00%(upstream:track)%00%(upstream:remotename)%00%(upstream:remoteref) refs/heads/master refs/remotes/master [3ms]
[2022-08-04T21:01:35.091Z] > git for-each-ref --sort -committerdate --format %(refname) %(objectname) %(*objectname) [10ms]
[2022-08-04T21:01:35.092Z] > git remote --verbose [2ms]
[2022-08-04T21:01:35.103Z] > git config --get commit.template [1ms]
[2022-08-04T21:01:40.192Z] > git status -z -uall [35ms]
[2022-08-04T21:01:40.207Z] > git symbolic-ref --short HEAD [2ms]
[2022-08-04T21:01:40.219Z] > git for-each-ref --format=%(refname)%00%(upstream:short)%00%(objectname)%00%(upstream:track)%00%(upstream:remotename)%00%(upstream:remoteref) refs/heads/master refs/remotes/master [2ms]
[2022-08-04T21:01:40.237Z] > git for-each-ref --sort -committerdate --format %(refname) %(objectname) %(*objectname) [10ms]
[2022-08-04T21:01:40.239Z] > git remote --verbose [4ms]
[2022-08-04T21:01:40.256Z] > git config --get commit.template [3ms]
[2022-08-04T21:01:54.705Z] > git status -z -uall [25ms]
[2022-08-04T21:01:54.728Z] > git symbolic-ref --short HEAD [1ms]
[2022-08-04T21:01:54.751Z] > git for-each-ref --format=%(refname)%00%(upstream:short)%00%(objectname)%00%(upstream:track)%00%(upstream:remotename)%00%(upstream:remoteref) refs/heads/master refs/remotes/master [7ms]
[2022-08-04T21:01:54.805Z] > git remote --verbose [7ms]
[2022-08-04T21:01:54.806Z] > git for-each-ref --sort -committerdate --format %(refname) %(objectname) %(*objectname) [26ms]
[2022-08-04T21:01:54.834Z] > git config --get commit.template [6ms]
[2022-08-04T21:16:36.004Z] > git status -z -uall [17ms]
[2022-08-04T21:16:36.026Z] > git symbolic-ref --short HEAD [12ms]
[2022-08-04T21:16:36.051Z] > git for-each-ref --format=%(refname)%00%(upstream:short)%00%(objectname)%00%(upstream:track)%00%(upstream:remotename)%00%(upstream:remoteref) refs/heads/master refs/remotes/master [7ms]
[2022-08-04T21:16:36.083Z] > git remote --verbose [3ms]
[2022-08-04T21:16:36.084Z] > git for-each-ref --sort -committerdate --format %(refname) %(objectname) %(*objectname) [21ms]
[2022-08-04T21:16:36.110Z] > git config --get commit.template [5ms]
[2022-08-04T21:17:26.403Z] > git check-ignore -v -z --stdin [3ms]
[2022-08-04T21:18:01.957Z] > git show --textconv :lesson2/examples/ngfor-practice/angular.json [21ms]
[2022-08-04T21:18:01.973Z] > git ls-files --stage -- /home/thebuffylow/LC101/angular-lc101-projects/lesson2/examples/ngfor-practice/angular.json [19ms]
[2022-08-04T21:18:02.004Z] > git cat-file -s 0384f933702457074a0f8b23ad3a5b85ada81aec [5ms]
[2022-08-04T21:29:28.912Z] > git show --textconv :lesson2/examples/ngfor-practice/src/app/app.module.ts [66ms]
[2022-08-04T21:29:28.920Z] > git ls-files --stage -- /home/thebuffylow/LC101/angular-lc101-projects/lesson2/examples/ngfor-practice/src/app/app.module.ts [11ms]
[2022-08-04T21:29:28.937Z] > git cat-file -s 97a3d85049a75198b42e3f9a054d78f54553009d [7ms]
[2022-08-04T21:29:41.070Z] > git status -z -uall [46ms]
[2022-08-04T21:29:41.091Z] > git symbolic-ref --short HEAD [6ms]
[2022-08-04T21:29:41.105Z] > git for-each-ref --format=%(refname)%00%(upstream:short)%00%(objectname)%00%(upstream:track)%00%(upstream:remotename)%00%(upstream:remoteref) refs/heads/master refs/remotes/master [3ms]
[2022-08-04T21:29:41.122Z] > git for-each-ref --sort -committerdate --format %(refname) %(objectname) %(*objectname) [9ms]
[2022-08-04T21:29:41.124Z] > git remote --verbose [3ms]
[2022-08-04T21:29:41.137Z] > git config --get commit.template [2ms]
[2022-08-04T21:29:51.674Z] > git status -z -uall [11ms]
[2022-08-04T21:29:51.685Z] > git symbolic-ref --short HEAD [2ms]
[2022-08-04T21:29:51.696Z] > git for-each-ref --format=%(refname)%00%(upstream:short)%00%(objectname)%00%(upstream:track)%00%(upstream:remotename)%00%(upstream:remoteref) refs/heads/master refs/remotes/master [3ms]
[2022-08-04T21:29:51.733Z] > git remote --verbose [3ms]
[2022-08-04T21:29:51.733Z] > git for-each-ref --sort -committerdate --format %(refname) %(objectname) %(*objectname) [27ms]
[2022-08-04T21:29:51.744Z] > git config --get commit.template [1ms]
[2022-08-04T21:30:08.846Z] > git status -z -uall [22ms]
[2022-08-04T21:30:08.896Z] > git symbolic-ref --short HEAD [13ms]
[2022-08-04T21:30:08.937Z] > git for-each-ref --format=%(refname)%00%(upstream:short)%00%(objectname)%00%(upstream:track)%00%(upstream:remotename)%00%(upstream:remoteref) refs/heads/master refs/remotes/master [15ms]
[2022-08-04T21:30:08.982Z] > git for-each-ref --sort -committerdate --format %(refname) %(objectname) %(*objectname) [23ms]
[2022-08-04T21:30:08.983Z] > git remote --verbose [2ms]
[2022-08-04T21:30:09.008Z] > git config --get commit.template [3ms]
[2022-08-04T21:30:37.285Z] > git status -z -uall [27ms]
[2022-08-04T21:30:37.359Z] > git symbolic-ref --short HEAD [33ms]
[2022-08-04T21:30:37.386Z] > git for-each-ref --format=%(refname)%00%(upstream:short)%00%(objectname)%00%(upstream:track)%00%(upstream:remotename)%00%(upstream:remoteref) refs/heads/master refs/remotes/master [4ms]
[2022-08-04T21:30:37.404Z] > git for-each-ref --sort -committerdate --format %(refname) %(objectname) %(*objectname) [9ms]
[2022-08-04T21:30:37.407Z] > git remote --verbose [4ms]
[2022-08-04T21:30:37.419Z] > git config --get commit.template [1ms]
[2022-08-04T21:30:42.441Z] > git status -z -uall [11ms]
[2022-08-04T21:30:42.454Z] > git symbolic-ref --short HEAD [4ms]
[2022-08-04T21:30:42.470Z] > git for-each-ref --format=%(refname)%00%(upstream:short)%00%(objectname)%00%(upstream:track)%00%(upstream:remotename)%00%(upstream:remoteref) refs/heads/master refs/remotes/master [1ms]
[2022-08-04T21:30:42.490Z] > git for-each-ref --sort -committerdate --format %(refname) %(objectname) %(*objectname) [11ms]
[2022-08-04T21:30:42.491Z] > git remote --verbose [2ms]
[2022-08-04T21:30:42.507Z] > git config --get commit.template [4ms]
[2022-08-04T21:30:47.538Z] > git status -z -uall [17ms]
[2022-08-04T21:30:47.554Z] > git symbolic-ref --short HEAD [2ms]
[2022-08-04T21:30:47.576Z] > git for-each-ref --format=%(refname)%00%(upstream:short)%00%(objectname)%00%(upstream:track)%00%(upstream:remotename)%00%(upstream:remoteref) refs/heads/master refs/remotes/master [7ms]
[2022-08-04T21:30:47.622Z] > git for-each-ref --sort -committerdate --format %(refname) %(objectname) %(*objectname) [22ms]
[2022-08-04T21:30:47.631Z] > git remote --verbose [11ms]
[2022-08-04T21:30:47.650Z] > git config --get commit.template [4ms]
[2022-08-04T21:31:06.224Z] > git status -z -uall [9ms]
[2022-08-04T21:31:06.238Z] > git symbolic-ref --short HEAD [3ms]
[2022-08-04T21:31:06.254Z] > git for-each-ref --format=%(refname)%00%(upstream:short)%00%(objectname)%00%(upstream:track)%00%(upstream:remotename)%00%(upstream:remoteref) refs/heads/master refs/remotes/master [5ms]
[2022-08-04T21:31:06.277Z] > git for-each-ref --sort -committerdate --format %(refname) %(objectname) %(*objectname) [14ms]
[2022-08-04T21:31:06.278Z] > git remote --verbose [5ms]
[2022-08-04T21:31:06.299Z] > git config --get commit.template [4ms]
[2022-08-04T21:31:18.496Z] > git status -z -uall [10ms]
[2022-08-04T21:31:18.510Z] > git symbolic-ref --short HEAD [4ms]
[2022-08-04T21:31:18.524Z] > git for-each-ref --format=%(refname)%00%(upstream:short)%00%(objectname)%00%(upstream:track)%00%(upstream:remotename)%00%(upstream:remoteref) refs/heads/master refs/remotes/master [6ms]
[2022-08-04T21:31:18.540Z] > git for-each-ref --sort -committerdate --format %(refname) %(objectname) %(*objectname) [8ms]
[2022-08-04T21:31:18.541Z] > git remote --verbose [2ms]
[2022-08-04T21:31:18.566Z] > git config --get commit.template [8ms]
[2022-08-04T21:31:26.071Z] > git status -z -uall [9ms]
[2022-08-04T21:31:26.090Z] > git symbolic-ref --short HEAD [2ms]
[2022-08-04T21:31:26.102Z] > git for-each-ref --format=%(refname)%00%(upstream:short)%00%(objectname)%00%(upstream:track)%00%(upstream:remotename)%00%(upstream:remoteref) refs/heads/master refs/remotes/master [3ms]
[2022-08-04T21:31:26.118Z] > git for-each-ref --sort -committerdate --format %(refname) %(objectname) %(*objectname) [9ms]
[2022-08-04T21:31:26.119Z] > git remote --verbose [3ms]
[2022-08-04T21:31:26.131Z] > git config --get commit.template [3ms]
[2022-08-04T21:31:31.190Z] > git status -z -uall [27ms]
[2022-08-04T21:31:31.254Z] > git symbolic-ref --short HEAD [13ms]
[2022-08-04T21:31:31.290Z] > git for-each-ref --format=%(refname)%00%(upstream:short)%00%(objectname)%00%(upstream:track)%00%(upstream:remotename)%00%(upstream:remoteref) refs/heads/master refs/remotes/master [18ms]
[2022-08-04T21:31:31.320Z] > git remote --verbose [3ms]
[2022-08-04T21:31:31.320Z] > git for-each-ref --sort -committerdate --format %(refname) %(objectname) %(*objectname) [18ms]
[2022-08-04T21:31:31.341Z] > git config --get commit.template [6ms]
[2022-08-04T21:31:36.399Z] > git status -z -uall [22ms]
[2022-08-04T21:31:36.441Z] > git symbolic-ref --short HEAD [15ms]
[2022-08-04T21:31:36.490Z] > git for-each-ref --format=%(refname)%00%(upstream:short)%00%(objectname)%00%(upstream:track)%00%(upstream:remotename)%00%(upstream:remoteref) refs/heads/master refs/remotes/master [7ms]
[2022-08-04T21:31:36.510Z] > git for-each-ref --sort -committerdate --format %(refname) %(objectname) %(*objectname) [12ms]
[2022-08-04T21:31:36.511Z] > git remote --verbose [2ms]
[2022-08-04T21:31:36.538Z] > git config --get commit.template [2ms]
[2022-08-04T21:32:17.397Z] > git status -z -uall [8ms]
[2022-08-04T21:32:17.407Z] > git symbolic-ref --short HEAD [2ms]
[2022-08-04T21:32:17.421Z] > git for-each-ref --format=%(refname)%00%(upstream:short)%00%(objectname)%00%(upstream:track)%00%(upstream:remotename)%00%(upstream:remoteref) refs/heads/master refs/remotes/master [3ms]
[2022-08-04T21:32:17.438Z] > git for-each-ref --sort -committerdate --format %(refname) %(objectname) %(*objectname) [9ms]
[2022-08-04T21:32:17.439Z] > git remote --verbose [2ms]
[2022-08-04T21:32:17.454Z] > git config --get commit.template [2ms]
[2022-08-04T21:32:23.495Z] > git status -z -uall [26ms]
[2022-08-04T21:32:23.529Z] > git symbolic-ref --short HEAD [7ms]
[2022-08-04T21:32:23.563Z] > git for-each-ref --format=%(refname)%00%(upstream:short)%00%(objectname)%00%(upstream:track)%00%(upstream:remotename)%00%(upstream:remoteref) refs/heads/master refs/remotes/master [9ms]
[2022-08-04T21:32:23.605Z] > git for-each-ref --sort -committerdate --format %(refname) %(objectname) %(*objectname) [22ms]
[2022-08-04T21:32:23.609Z] > git remote --verbose [5ms]
[2022-08-04T21:32:23.622Z] > git config --get commit.template [2ms]
[2022-08-04T22:50:25.278Z] > git status -z -uall [12ms]
[2022-08-04T22:50:25.290Z] > git symbolic-ref --short HEAD [2ms]
[2022-08-04T22:50:25.302Z] > git for-each-ref --format=%(refname)%00%(upstream:short)%00%(objectname)%00%(upstream:track)%00%(upstream:remotename)%00%(upstream:remoteref) refs/heads/master refs/remotes/master [3ms]
[2022-08-04T22:50:25.329Z] > git for-each-ref --sort -committerdate --format %(refname) %(objectname) %(*objectname) [16ms]
[2022-08-04T22:50:25.330Z] > git remote --verbose [7ms]
[2022-08-04T22:50:25.348Z] > git config --get commit.template [2ms]
[2022-08-04T22:50:30.735Z] > git status -z -uall [22ms]
[2022-08-04T22:50:30.765Z] > git symbolic-ref --short HEAD [5ms]
[2022-08-04T22:50:30.815Z] > git for-each-ref --format=%(refname)%00%(upstream:short)%00%(objectname)%00%(upstream:track)%00%(upstream:remotename)%00%(upstream:remoteref) refs/heads/master refs/remotes/master [9ms]
[2022-08-04T22:50:30.877Z] > git for-each-ref --sort -committerdate --format %(refname) %(objectname) %(*objectname) [27ms]
[2022-08-04T22:50:30.882Z] > git remote --verbose [6ms]
[2022-08-04T22:50:30.903Z] > git config --get commit.template [5ms]
[2022-08-04T22:51:01.628Z] > git status -z -uall [21ms]
[2022-08-04T22:51:01.659Z] > git symbolic-ref --short HEAD [10ms]
[2022-08-04T22:51:01.703Z] > git for-each-ref --format=%(refname)%00%(upstream:short)%00%(objectname)%00%(upstream:track)%00%(upstream:remotename)%00%(upstream:remoteref) refs/heads/master refs/remotes/master [16ms]
[2022-08-04T22:51:01.809Z] > git for-each-ref --sort -committerdate --format %(refname) %(objectname) %(*objectname) [69ms]
[2022-08-04T22:51:01.829Z] > git remote --verbose [21ms]
[2022-08-04T22:51:01.866Z] > git config --get commit.template [2ms]
[2022-08-04T22:51:14.941Z] > git status -z -uall [13ms]
[2022-08-04T22:51:14.959Z] > git symbolic-ref --short HEAD [2ms]
[2022-08-04T22:51:14.975Z] > git for-each-ref --format=%(refname)%00%(upstream:short)%00%(objectname)%00%(upstream:track)%00%(upstream:remotename)%00%(upstream:remoteref) refs/heads/master refs/remotes/master [5ms]
[2022-08-04T22:51:15.008Z] > git for-each-ref --sort -committerdate --format %(refname) %(objectname) %(*objectname) [17ms]
[2022-08-04T22:51:15.009Z] > git remote --verbose [3ms]
[2022-08-04T22:51:15.030Z] > git config --get commit.template [8ms]
[2022-08-04T22:51:20.052Z] > git status -z -uall [9ms]
[2022-08-04T22:51:20.064Z] > git symbolic-ref --short HEAD [2ms]
[2022-08-04T22:51:20.079Z] > git for-each-ref --format=%(refname)%00%(upstream:short)%00%(objectname)%00%(upstream:track)%00%(upstream:remotename)%00%(upstream:remoteref) refs/heads/master refs/remotes/master [2ms]
[2022-08-04T22:51:20.125Z] > git for-each-ref --sort -committerdate --format %(refname) %(objectname) %(*objectname) [28ms]
[2022-08-04T22:51:20.128Z] > git remote --verbose [8ms]
[2022-08-04T22:51:20.157Z] > git config --get commit.template [12ms]
[2022-08-04T22:51:27.964Z] > git status -z -uall [25ms]
[2022-08-04T22:51:27.977Z] > git symbolic-ref --short HEAD [1ms]
[2022-08-04T22:51:27.993Z] > git for-each-ref --format=%(refname)%00%(upstream:short)%00%(objectname)%00%(upstream:track)%00%(upstream:remotename)%00%(upstream:remoteref) refs/heads/master refs/remotes/master [3ms]
[2022-08-04T22:51:28.013Z] > git for-each-ref --sort -committerdate --format %(refname) %(objectname) %(*objectname) [10ms]
[2022-08-04T22:51:28.015Z] > git remote --verbose [3ms]
[2022-08-04T22:51:28.027Z] > git config --get commit.template [3ms]
[2022-08-04T22:52:31.027Z] > git show --textconv :lesson2/examples/ngfor-practice/package.json [20ms]
[2022-08-04T22:52:31.031Z] > git ls-files --stage -- /home/thebuffylow/LC101/angular-lc101-projects/lesson2/examples/ngfor-practice/package.json [11ms]
[2022-08-04T22:52:31.042Z] > git cat-file -s 72d6867758abbb6fccac321817e0e956070b659b [3ms]
[2022-08-04T22:57:12.563Z] > git show --textconv :lesson2/examples/ngfor-practice/src/app/app.module.ts [67ms]
[2022-08-04T22:57:12.563Z] > git ls-files --stage -- /home/thebuffylow/LC101/angular-lc101-projects/lesson2/examples/ngfor-practice/src/app/app.module.ts [12ms]
[2022-08-04T22:57:12.624Z] > git cat-file -s 97a3d85049a75198b42e3f9a054d78f54553009d [12ms]
[2022-08-04T22:57:21.854Z] > git status -z -uall [31ms]
[2022-08-04T22:57:21.888Z] > git symbolic-ref --short HEAD [4ms]
[2022-08-04T22:57:21.901Z] > git for-each-ref --format=%(refname)%00%(upstream:short)%00%(objectname)%00%(upstream:track)%00%(upstream:remotename)%00%(upstream:remoteref) refs/heads/master refs/remotes/master [3ms]
[2022-08-04T22:57:21.921Z] > git for-each-ref --sort -committerdate --format %(refname) %(objectname) %(*objectname) [13ms]
[2022-08-04T22:57:21.923Z] > git remote --verbose [3ms]
[2022-08-04T22:57:21.943Z] > git config --get commit.template [3ms]
[2022-08-04T22:57:26.980Z] > git status -z -uall [12ms]
[2022-08-04T22:57:26.993Z] > git symbolic-ref --short HEAD [0ms]
[2022-08-04T22:57:27.006Z] > git for-each-ref --format=%(refname)%00%(upstream:short)%00%(objectname)%00%(upstream:track)%00%(upstream:remotename)%00%(upstream:remoteref) refs/heads/master refs/remotes/master [3ms]
[2022-08-04T22:57:27.024Z] > git for-each-ref --sort -committerdate --format %(refname) %(objectname) %(*objectname) [10ms]
[2022-08-04T22:57:27.025Z] > git remote --verbose [3ms]
[2022-08-04T22:57:27.040Z] > git config --get commit.template [3ms]
[2022-08-04T22:57:32.972Z] > git status -z -uall [10ms]
[2022-08-04T22:57:32.984Z] > git symbolic-ref --short HEAD [1ms]
[2022-08-04T22:57:32.999Z] > git for-each-ref --format=%(refname)%00%(upstream:short)%00%(objectname)%00%(upstream:track)%00%(upstream:remotename)%00%(upstream:remoteref) refs/heads/master refs/remotes/master [6ms]
[2022-08-04T22:57:33.020Z] > git for-each-ref --sort -committerdate --format %(refname) %(objectname) %(*objectname) [12ms]
[2022-08-04T22:57:33.021Z] > git remote --verbose [2ms]
[2022-08-04T22:57:33.041Z] > git config --get commit.template [2ms]
[2022-08-04T22:57:38.080Z] > git status -z -uall [15ms]
[2022-08-04T22:57:38.099Z] > git symbolic-ref --short HEAD [5ms]
[2022-08-04T22:57:38.130Z] > git for-each-ref --format=%(refname)%00%(upstream:short)%00%(objectname)%00%(upstream:track)%00%(upstream:remotename)%00%(upstream:remoteref) refs/heads/master refs/remotes/master [12ms]
[2022-08-04T22:57:38.183Z] > git for-each-ref --sort -committerdate --format %(refname) %(objectname) %(*objectname) [25ms]
[2022-08-04T22:57:38.185Z] > git remote --verbose [4ms]
[2022-08-04T22:57:38.208Z] > git config --get commit.template [2ms]
[2022-08-04T22:58:12.036Z] > git status -z -uall [15ms]
[2022-08-04T22:58:12.047Z] > git symbolic-ref --short HEAD [4ms]
[2022-08-04T22:58:12.074Z] > git for-each-ref --format=%(refname)%00%(upstream:short)%00%(objectname)%00%(upstream:track)%00%(upstream:remotename)%00%(upstream:remoteref) refs/heads/master refs/remotes/master [6ms]
[2022-08-04T22:58:12.111Z] > git for-each-ref --sort -committerdate --format %(refname) %(objectname) %(*objectname) [22ms]
[2022-08-04T22:58:12.115Z] > git remote --verbose [5ms]
[2022-08-04T22:58:12.147Z] > git config --get commit.template [10ms]
[2022-08-04T22:59:38.869Z] > git rev-parse --show-toplevel [6ms]
[2022-08-04T22:59:38.869Z] fatal: not a git repository (or any of the parent directories): .git
[2022-08-04T23:00:17.790Z] > git show --textconv :lesson2/examples/ngfor-practice/src/app/app.module.ts [31ms]
[2022-08-04T23:00:17.803Z] > git ls-files --stage -- /home/thebuffylow/LC101/angular-lc101-projects/lesson2/examples/ngfor-practice/src/app/app.module.ts [19ms]
[2022-08-04T23:00:17.815Z] > git cat-file -s 97a3d85049a75198b42e3f9a054d78f54553009d [3ms]
[2022-08-04T23:00:23.463Z] > git show --textconv :lesson2/examples/ngfor-practice/package.json [19ms]
[2022-08-04T23:00:23.467Z] > git ls-files --stage -- /home/thebuffylow/LC101/angular-lc101-projects/lesson2/examples/ngfor-practice/package.json [12ms]
[2022-08-04T23:00:23.482Z] > git cat-file -s 72d6867758abbb6fccac321817e0e956070b659b [1ms]
[2022-08-04T23:01:46.441Z] > git show --textconv :lesson2/examples/ngfor-practice/package-lock.json [116ms]
[2022-08-04T23:01:46.467Z] > git ls-files --stage -- /home/thebuffylow/LC101/angular-lc101-projects/lesson2/examples/ngfor-practice/package-lock.json [29ms]
[2022-08-04T23:01:46.505Z] > git cat-file -s c883faebb7aada40b4986e615d20d86ffa20543c [11ms]
[2022-08-04T23:17:19.641Z] > git show --textconv :lesson2/examples/ngfor-practice/package.json [36ms]
[2022-08-04T23:17:19.654Z] > git ls-files --stage -- /home/thebuffylow/LC101/angular-lc101-projects/lesson2/examples/ngfor-practice/package.json [14ms]
[2022-08-04T23:17:19.750Z] > git cat-file -s 72d6867758abbb6fccac321817e0e956070b659b [18ms]
[2022-08-04T23:17:34.065Z] > git status -z -uall [25ms]
[2022-08-04T23:17:34.082Z] > git symbolic-ref --short HEAD [6ms]
[2022-08-04T23:17:34.109Z] > git for-each-ref --format=%(refname)%00%(upstream:short)%00%(objectname)%00%(upstream:track)%00%(upstream:remotename)%00%(upstream:remoteref) refs/heads/master refs/remotes/master [12ms]
[2022-08-04T23:17:34.160Z] > git for-each-ref --sort -committerdate --format %(refname) %(objectname) %(*objectname) [20ms]
[2022-08-04T23:17:34.173Z] > git remote --verbose [19ms]
[2022-08-04T23:17:34.204Z] > git config --get commit.template [2ms]
[2022-08-04T23:17:39.229Z] > git status -z -uall [12ms]
[2022-08-04T23:17:39.241Z] > git symbolic-ref --short HEAD [2ms]
[2022-08-04T23:17:39.252Z] > git for-each-ref --format=%(refname)%00%(upstream:short)%00%(objectname)%00%(upstream:track)%00%(upstream:remotename)%00%(upstream:remoteref) refs/heads/master refs/remotes/master [2ms]
[2022-08-04T23:17:39.279Z] > git for-each-ref --sort -committerdate --format %(refname) %(objectname) %(*objectname) [16ms]
[2022-08-04T23:17:39.283Z] > git remote --verbose [7ms]
[2022-08-04T23:17:39.307Z] > git config --get commit.template [3ms]
[2022-08-04T23:17:44.332Z] > git status -z -uall [10ms]
[2022-08-04T23:17:44.343Z] > git symbolic-ref --short HEAD [1ms]
[2022-08-04T23:17:44.355Z] > git for-each-ref --format=%(refname)%00%(upstream:short)%00%(objectname)%00%(upstream:track)%00%(upstream:remotename)%00%(upstream:remoteref) refs/heads/master refs/remotes/master [2ms]
[2022-08-04T23:17:44.390Z] > git remote --verbose [13ms]
[2022-08-04T23:17:44.390Z] > git for-each-ref --sort -committerdate --format %(refname) %(objectname) %(*objectname) [26ms]
[2022-08-04T23:17:44.408Z] > git config --get commit.template [2ms]
[2022-08-04T23:18:00.428Z] > git status -z -uall [22ms]
[2022-08-04T23:18:00.461Z] > git symbolic-ref --short HEAD [0ms]
[2022-08-04T23:18:00.478Z] > git for-each-ref --format=%(refname)%00%(upstream:short)%00%(objectname)%00%(upstream:track)%00%(upstream:remotename)%00%(upstream:remoteref) refs/heads/master refs/remotes/master [2ms]
[2022-08-04T23:18:00.500Z] > git for-each-ref --sort -committerdate --format %(refname) %(objectname) %(*objectname) [13ms]
[2022-08-04T23:18:00.502Z] > git remote --verbose [5ms]
[2022-08-04T23:18:00.521Z] > git config --get commit.template [6ms]
[2022-08-04T23:22:17.415Z] > git show --textconv :lesson2/examples/ngfor-practice/src/app/app.module.ts [46ms]
[2022-08-04T23:22:17.424Z] > git ls-files --stage -- /home/thebuffylow/LC101/angular-lc101-projects/lesson2/examples/ngfor-practice/src/app/app.module.ts [10ms]
[2022-08-04T23:22:17.454Z] > git cat-file -s 97a3d85049a75198b42e3f9a054d78f54553009d [6ms]
