[2022-07-14 21:09:39.153] [exthost] [info] Extension host with pid 1870 started
[2022-07-14 21:09:39.153] [exthost] [info] Skipping acquiring lock for /home/thebuffylow/.config/Code/User/workspaceStorage/a19bf16c56aa0bb527ca2a60cf7ce2ae.
[2022-07-14 21:09:40.586] [exthost] [info] ExtensionService#_doActivateExtension vscode.microsoft-authentication, startup: false, activationEvent: 'onAuthenticationRequest:microsoft'
[2022-07-14 21:09:40.805] [exthost] [info] ExtensionService#_doActivateExtension vscode.debug-auto-launch, startup: true, activationEvent: '*'
[2022-07-14 21:09:40.823] [exthost] [info] ExtensionService#_doActivateExtension vscode.git-base, startup: true, activationEvent: '*', root cause: vscode.git
[2022-07-14 21:09:40.858] [exthost] [info] ExtensionService#_doActivateExtension vscode.ipynb, startup: true, activationEvent: '*'
[2022-07-14 21:09:40.925] [exthost] [info] ExtensionService#_doActivateExtension vscode.npm, startup: true, activationEvent: 'workspaceContains:package.json'
[2022-07-14 21:09:41.526] [exthost] [info] ExtensionService#_doActivateExtension vscode.git, startup: true, activationEvent: '*'
[2022-07-14 21:09:41.970] [exthost] [info] ExtensionService#_doActivateExtension vscode.github, startup: true, activationEvent: '*'
[2022-07-14 21:09:42.257] [exthost] [info] ExtensionService#_doActivateExtension vscode.github-authentication, startup: false, activationEvent: 'onAuthenticationRequest:github'
[2022-07-14 21:09:42.980] [exthost] [info] Eager extensions activated
[2022-07-14 21:09:43.068] [exthost] [info] ExtensionService#_doActivateExtension vscode.emmet, startup: false, activationEvent: 'onStartupFinished'
[2022-07-14 21:09:43.148] [exthost] [info] ExtensionService#_doActivateExtension vscode.merge-conflict, startup: false, activationEvent: 'onStartupFinished'
[2022-07-14 21:09:43.224] [exthost] [info] ExtensionService#_doActivateExtension ritwickdey.LiveServer, startup: false, activationEvent: 'onStartupFinished'
[2022-07-14 21:19:41.164] [exthost] [info] ExtensionService#_doActivateExtension vscode.html-language-features, startup: false, activationEvent: 'onLanguage:html'
[2022-07-15 00:39:53.219] [exthost] [info] ExtensionService#_doActivateExtension vscode.css-language-features, startup: false, activationEvent: 'onLanguage:css'
[2022-07-15 02:40:35.002] [exthost] [info] ExtensionService#_doActivateExtension vscode.image-preview, startup: false, activationEvent: 'onCustomEditor:imagePreview.previewEditor'
[2022-07-15 02:41:04.183] [exthost] [info] Extension host terminating: received terminate message from renderer
[2022-07-15 02:41:04.330] [exthost] [error] Canceled: Canceled
	at Object.L [as canceled] (/usr/share/code/resources/app/out/vs/workbench/api/node/extensionHostProcess.js:7:1204)
	at /usr/share/code/resources/app/out/vs/workbench/api/node/extensionHostProcess.js:95:9099
	at Array.forEach (<anonymous>)
	at s.dispose (/usr/share/code/resources/app/out/vs/workbench/api/node/extensionHostProcess.js:95:9047)
	at w.terminate (/usr/share/code/resources/app/out/vs/workbench/api/node/extensionHostProcess.js:97:10990)
	at w.terminate (/usr/share/code/resources/app/out/vs/workbench/api/node/extensionHostProcess.js:101:620)
	at m (/usr/share/code/resources/app/out/vs/workbench/api/node/extensionHostProcess.js:111:36671)
	at /usr/share/code/resources/app/out/vs/workbench/api/node/extensionHostProcess.js:111:34616
	at w.invoke (/usr/share/code/resources/app/out/vs/workbench/api/node/extensionHostProcess.js:61:145)
	at v.deliver (/usr/share/code/resources/app/out/vs/workbench/api/node/extensionHostProcess.js:61:2266)
	at p.fire (/usr/share/code/resources/app/out/vs/workbench/api/node/extensionHostProcess.js:61:1844)
	at a.fire (/usr/share/code/resources/app/out/vs/workbench/api/node/extensionHostProcess.js:69:18976)
	at r._receiveMessage (/usr/share/code/resources/app/out/vs/workbench/api/node/extensionHostProcess.js:69:23563)
	at /usr/share/code/resources/app/out/vs/workbench/api/node/extensionHostProcess.js:69:21097
	at w.invoke (/usr/share/code/resources/app/out/vs/workbench/api/node/extensionHostProcess.js:61:145)
	at v.deliver (/usr/share/code/resources/app/out/vs/workbench/api/node/extensionHostProcess.js:61:2266)
	at p.fire (/usr/share/code/resources/app/out/vs/workbench/api/node/extensionHostProcess.js:61:1844)
	at p.acceptChunk (/usr/share/code/resources/app/out/vs/workbench/api/node/extensionHostProcess.js:69:15807)
	at /usr/share/code/resources/app/out/vs/workbench/api/node/extensionHostProcess.js:69:14937
	at Socket.R (/usr/share/code/resources/app/out/vs/workbench/api/node/extensionHostProcess.js:111:13763)
	at Socket.emit (node:events:390:28)
	at addChunk (node:internal/streams/readable:315:12)
	at readableAddChunk (node:internal/streams/readable:289:9)
	at Socket.Readable.push (node:internal/streams/readable:228:10)
	at Pipe.onStreamRead (node:internal/stream_base_commons:199:23) git.commit {"value":"vscode.git","_lower":"vscode.git"}
[2022-07-15 02:41:04.330] [exthost] [error] Canceled: Canceled
	at Object.L [as canceled] (/usr/share/code/resources/app/out/vs/workbench/api/node/extensionHostProcess.js:7:1204)
	at /usr/share/code/resources/app/out/vs/workbench/api/node/extensionHostProcess.js:95:9099
	at Array.forEach (<anonymous>)
	at s.dispose (/usr/share/code/resources/app/out/vs/workbench/api/node/extensionHostProcess.js:95:9047)
	at w.terminate (/usr/share/code/resources/app/out/vs/workbench/api/node/extensionHostProcess.js:97:10990)
	at w.terminate (/usr/share/code/resources/app/out/vs/workbench/api/node/extensionHostProcess.js:101:620)
	at m (/usr/share/code/resources/app/out/vs/workbench/api/node/extensionHostProcess.js:111:36671)
	at /usr/share/code/resources/app/out/vs/workbench/api/node/extensionHostProcess.js:111:34616
	at w.invoke (/usr/share/code/resources/app/out/vs/workbench/api/node/extensionHostProcess.js:61:145)
	at v.deliver (/usr/share/code/resources/app/out/vs/workbench/api/node/extensionHostProcess.js:61:2266)
	at p.fire (/usr/share/code/resources/app/out/vs/workbench/api/node/extensionHostProcess.js:61:1844)
	at a.fire (/usr/share/code/resources/app/out/vs/workbench/api/node/extensionHostProcess.js:69:18976)
	at r._receiveMessage (/usr/share/code/resources/app/out/vs/workbench/api/node/extensionHostProcess.js:69:23563)
	at /usr/share/code/resources/app/out/vs/workbench/api/node/extensionHostProcess.js:69:21097
	at w.invoke (/usr/share/code/resources/app/out/vs/workbench/api/node/extensionHostProcess.js:61:145)
	at v.deliver (/usr/share/code/resources/app/out/vs/workbench/api/node/extensionHostProcess.js:61:2266)
	at p.fire (/usr/share/code/resources/app/out/vs/workbench/api/node/extensionHostProcess.js:61:1844)
	at p.acceptChunk (/usr/share/code/resources/app/out/vs/workbench/api/node/extensionHostProcess.js:69:15807)
	at /usr/share/code/resources/app/out/vs/workbench/api/node/extensionHostProcess.js:69:14937
	at Socket.R (/usr/share/code/resources/app/out/vs/workbench/api/node/extensionHostProcess.js:111:13763)
	at Socket.emit (node:events:390:28)
	at addChunk (node:internal/streams/readable:315:12)
	at readableAddChunk (node:internal/streams/readable:289:9)
	at Socket.Readable.push (node:internal/streams/readable:228:10)
	at Pipe.onStreamRead (node:internal/stream_base_commons:199:23) _vscode_delegate_cmd_l5lto2es undefined
[2022-07-15 02:41:04.359] [exthost] [info] Extension host with pid 1870 exiting with code 0
