[2022-08-01 12:17:33.843] [exthost] [info] Extension host with pid 21331 started
[2022-08-01 12:17:33.843] [exthost] [info] Skipping acquiring lock for /home/thebuffylow/.config/Code/User/workspaceStorage/eb9074d05fda11622e56dbc01d0a078e.
[2022-08-01 12:17:34.121] [exthost] [info] ExtensionService#_doActivateExtension vscode.microsoft-authentication, startup: false, activationEvent: 'onAuthenticationRequest:microsoft'
[2022-08-01 12:17:34.171] [exthost] [info] ExtensionService#_doActivateExtension vscode.debug-auto-launch, startup: true, activationEvent: '*'
[2022-08-01 12:17:34.173] [exthost] [info] ExtensionService#_doActivateExtension vscode.git-base, startup: true, activationEvent: '*', root cause: vscode.git
[2022-08-01 12:17:34.239] [exthost] [info] ExtensionService#_doActivateExtension vscode.ipynb, startup: true, activationEvent: '*'
[2022-08-01 12:17:34.252] [exthost] [info] ExtensionService#_doActivateExtension vscode.npm, startup: true, activationEvent: 'workspaceContains:package.json'
[2022-08-01 12:17:34.380] [exthost] [info] ExtensionService#_doActivateExtension vscode.git, startup: true, activationEvent: '*'
[2022-08-01 12:17:34.475] [exthost] [info] ExtensionService#_doActivateExtension vscode.github, startup: true, activationEvent: '*'
[2022-08-01 12:17:34.981] [exthost] [info] Eager extensions activated
[2022-08-01 12:17:35.264] [exthost] [info] ExtensionService#_doActivateExtension vscode.github-authentication, startup: false, activationEvent: 'onAuthenticationRequest:github'
[2022-08-01 12:17:35.314] [exthost] [info] ExtensionService#_doActivateExtension vscode.emmet, startup: false, activationEvent: 'onStartupFinished'
[2022-08-01 12:17:35.355] [exthost] [info] ExtensionService#_doActivateExtension vscode.merge-conflict, startup: false, activationEvent: 'onStartupFinished'
[2022-08-01 12:17:35.368] [exthost] [info] ExtensionService#_doActivateExtension ritwickdey.LiveServer, startup: false, activationEvent: 'onStartupFinished'
[2022-08-01 12:23:04.117] [exthost] [warning] [Decorations] CAPPING events from decorations provider vscode.git 927
[2022-08-01 12:23:09.441] [exthost] [warning] [Decorations] CAPPING events from decorations provider vscode.git 927
[2022-08-01 12:23:14.875] [exthost] [warning] [Decorations] CAPPING events from decorations provider vscode.git 927
[2022-08-01 12:23:20.335] [exthost] [warning] [Decorations] CAPPING events from decorations provider vscode.git 927
[2022-08-01 12:23:25.854] [exthost] [warning] [Decorations] CAPPING events from decorations provider vscode.git 927
[2022-08-01 12:23:31.181] [exthost] [warning] [Decorations] CAPPING events from decorations provider vscode.git 927
[2022-08-01 12:23:36.713] [exthost] [warning] [Decorations] CAPPING events from decorations provider vscode.git 927
[2022-08-01 12:23:43.280] [exthost] [warning] [Decorations] CAPPING events from decorations provider vscode.git 927
[2022-08-01 12:23:48.607] [exthost] [warning] [Decorations] CAPPING events from decorations provider vscode.git 927
[2022-08-01 12:23:53.939] [exthost] [warning] [Decorations] CAPPING events from decorations provider vscode.git 927
[2022-08-01 12:24:37.023] [exthost] [warning] [Decorations] CAPPING events from decorations provider vscode.git 927
[2022-08-01 12:24:42.466] [exthost] [warning] [Decorations] CAPPING events from decorations provider vscode.git 927
[2022-08-01 12:24:47.962] [exthost] [warning] [Decorations] CAPPING events from decorations provider vscode.git 927
[2022-08-01 12:24:53.542] [exthost] [warning] [Decorations] CAPPING events from decorations provider vscode.git 927
[2022-08-01 12:24:59.065] [exthost] [warning] [Decorations] CAPPING events from decorations provider vscode.git 927
[2022-08-01 12:25:04.394] [exthost] [warning] [Decorations] CAPPING events from decorations provider vscode.git 927
[2022-08-01 12:25:09.763] [exthost] [warning] [Decorations] CAPPING events from decorations provider vscode.git 927
[2022-08-01 12:25:15.071] [exthost] [warning] [Decorations] CAPPING events from decorations provider vscode.git 927
[2022-08-01 12:25:20.422] [exthost] [warning] [Decorations] CAPPING events from decorations provider vscode.git 927
[2022-08-01 12:25:25.806] [exthost] [warning] [Decorations] CAPPING events from decorations provider vscode.git 927
[2022-08-01 12:25:31.193] [exthost] [warning] [Decorations] CAPPING events from decorations provider vscode.git 927
[2022-08-01 12:25:36.491] [exthost] [warning] [Decorations] CAPPING events from decorations provider vscode.git 927
[2022-08-01 12:25:41.903] [exthost] [warning] [Decorations] CAPPING events from decorations provider vscode.git 927
[2022-08-01 12:25:47.230] [exthost] [warning] [Decorations] CAPPING events from decorations provider vscode.git 927
[2022-08-01 12:25:52.611] [exthost] [warning] [Decorations] CAPPING events from decorations provider vscode.git 927
[2022-08-01 12:25:57.951] [exthost] [warning] [Decorations] CAPPING events from decorations provider vscode.git 927
[2022-08-01 12:26:03.289] [exthost] [warning] [Decorations] CAPPING events from decorations provider vscode.git 927
[2022-08-01 12:26:08.585] [exthost] [warning] [Decorations] CAPPING events from decorations provider vscode.git 927
[2022-08-01 12:26:13.907] [exthost] [warning] [Decorations] CAPPING events from decorations provider vscode.git 927
[2022-08-01 12:26:19.322] [exthost] [warning] [Decorations] CAPPING events from decorations provider vscode.git 927
[2022-08-01 12:26:24.745] [exthost] [warning] [Decorations] CAPPING events from decorations provider vscode.git 927
[2022-08-01 12:26:30.135] [exthost] [warning] [Decorations] CAPPING events from decorations provider vscode.git 927
[2022-08-01 12:26:35.529] [exthost] [warning] [Decorations] CAPPING events from decorations provider vscode.git 927
[2022-08-01 12:26:40.896] [exthost] [warning] [Decorations] CAPPING events from decorations provider vscode.git 927
[2022-08-01 12:26:46.525] [exthost] [warning] [Decorations] CAPPING events from decorations provider vscode.git 927
[2022-08-01 12:26:52.008] [exthost] [warning] [Decorations] CAPPING events from decorations provider vscode.git 927
[2022-08-01 12:26:57.439] [exthost] [warning] [Decorations] CAPPING events from decorations provider vscode.git 927
[2022-08-01 12:27:02.872] [exthost] [warning] [Decorations] CAPPING events from decorations provider vscode.git 927
[2022-08-01 12:27:08.277] [exthost] [warning] [Decorations] CAPPING events from decorations provider vscode.git 927
[2022-08-01 12:27:13.739] [exthost] [warning] [Decorations] CAPPING events from decorations provider vscode.git 927
[2022-08-01 12:27:19.119] [exthost] [warning] [Decorations] CAPPING events from decorations provider vscode.git 927
[2022-08-01 12:27:24.675] [exthost] [warning] [Decorations] CAPPING events from decorations provider vscode.git 927
[2022-08-01 12:27:30.077] [exthost] [warning] [Decorations] CAPPING events from decorations provider vscode.git 927
[2022-08-01 12:27:35.554] [exthost] [warning] [Decorations] CAPPING events from decorations provider vscode.git 927
[2022-08-01 12:27:40.940] [exthost] [warning] [Decorations] CAPPING events from decorations provider vscode.git 928
[2022-08-01 12:27:46.360] [exthost] [warning] [Decorations] CAPPING events from decorations provider vscode.git 928
[2022-08-01 12:27:51.786] [exthost] [warning] [Decorations] CAPPING events from decorations provider vscode.git 928
[2022-08-01 12:27:57.253] [exthost] [warning] [Decorations] CAPPING events from decorations provider vscode.git 928
[2022-08-01 12:28:02.673] [exthost] [warning] [Decorations] CAPPING events from decorations provider vscode.git 928
[2022-08-01 12:28:08.051] [exthost] [warning] [Decorations] CAPPING events from decorations provider vscode.git 928
[2022-08-01 12:28:13.383] [exthost] [warning] [Decorations] CAPPING events from decorations provider vscode.git 928
[2022-08-01 12:28:18.763] [exthost] [warning] [Decorations] CAPPING events from decorations provider vscode.git 928
[2022-08-01 12:28:24.064] [exthost] [warning] [Decorations] CAPPING events from decorations provider vscode.git 928
[2022-08-01 12:28:29.386] [exthost] [warning] [Decorations] CAPPING events from decorations provider vscode.git 928
[2022-08-01 12:28:34.678] [exthost] [warning] [Decorations] CAPPING events from decorations provider vscode.git 928
[2022-08-01 12:28:40.042] [exthost] [warning] [Decorations] CAPPING events from decorations provider vscode.git 928
[2022-08-01 12:28:45.347] [exthost] [warning] [Decorations] CAPPING events from decorations provider vscode.git 928
[2022-08-01 12:28:50.664] [exthost] [warning] [Decorations] CAPPING events from decorations provider vscode.git 928
[2022-08-01 12:28:55.961] [exthost] [warning] [Decorations] CAPPING events from decorations provider vscode.git 928
[2022-08-01 12:29:01.309] [exthost] [warning] [Decorations] CAPPING events from decorations provider vscode.git 928
[2022-08-01 12:29:06.619] [exthost] [warning] [Decorations] CAPPING events from decorations provider vscode.git 928
[2022-08-01 12:29:11.958] [exthost] [warning] [Decorations] CAPPING events from decorations provider vscode.git 928
[2022-08-01 12:29:17.263] [exthost] [warning] [Decorations] CAPPING events from decorations provider vscode.git 928
[2022-08-01 12:29:22.612] [exthost] [warning] [Decorations] CAPPING events from decorations provider vscode.git 928
[2022-08-01 12:29:27.917] [exthost] [warning] [Decorations] CAPPING events from decorations provider vscode.git 928
[2022-08-01 12:29:33.257] [exthost] [warning] [Decorations] CAPPING events from decorations provider vscode.git 928
[2022-08-01 12:29:38.563] [exthost] [warning] [Decorations] CAPPING events from decorations provider vscode.git 928
[2022-08-01 12:29:43.903] [exthost] [warning] [Decorations] CAPPING events from decorations provider vscode.git 928
[2022-08-01 12:29:49.217] [exthost] [warning] [Decorations] CAPPING events from decorations provider vscode.git 928
[2022-08-01 12:29:54.558] [exthost] [warning] [Decorations] CAPPING events from decorations provider vscode.git 928
[2022-08-01 12:29:59.849] [exthost] [warning] [Decorations] CAPPING events from decorations provider vscode.git 928
[2022-08-01 12:30:05.158] [exthost] [warning] [Decorations] CAPPING events from decorations provider vscode.git 928
[2022-08-01 12:30:10.477] [exthost] [warning] [Decorations] CAPPING events from decorations provider vscode.git 928
[2022-08-01 12:30:15.805] [exthost] [warning] [Decorations] CAPPING events from decorations provider vscode.git 928
[2022-08-01 12:30:21.119] [exthost] [warning] [Decorations] CAPPING events from decorations provider vscode.git 928
[2022-08-01 12:30:26.438] [exthost] [warning] [Decorations] CAPPING events from decorations provider vscode.git 928
[2022-08-01 12:30:31.738] [exthost] [warning] [Decorations] CAPPING events from decorations provider vscode.git 928
[2022-08-01 12:30:37.059] [exthost] [warning] [Decorations] CAPPING events from decorations provider vscode.git 928
[2022-08-01 12:30:42.374] [exthost] [warning] [Decorations] CAPPING events from decorations provider vscode.git 928
[2022-08-01 12:30:47.701] [exthost] [warning] [Decorations] CAPPING events from decorations provider vscode.git 928
[2022-08-01 12:30:53.029] [exthost] [warning] [Decorations] CAPPING events from decorations provider vscode.git 928
[2022-08-01 12:30:58.396] [exthost] [warning] [Decorations] CAPPING events from decorations provider vscode.git 928
[2022-08-01 12:31:03.713] [exthost] [warning] [Decorations] CAPPING events from decorations provider vscode.git 928
[2022-08-01 12:31:09.069] [exthost] [warning] [Decorations] CAPPING events from decorations provider vscode.git 928
[2022-08-01 12:31:14.407] [exthost] [warning] [Decorations] CAPPING events from decorations provider vscode.git 928
[2022-08-01 12:31:19.784] [exthost] [warning] [Decorations] CAPPING events from decorations provider vscode.git 928
[2022-08-01 12:31:25.087] [exthost] [warning] [Decorations] CAPPING events from decorations provider vscode.git 928
[2022-08-01 12:31:30.446] [exthost] [warning] [Decorations] CAPPING events from decorations provider vscode.git 928
[2022-08-01 12:31:35.741] [exthost] [warning] [Decorations] CAPPING events from decorations provider vscode.git 928
[2022-08-01 12:31:41.123] [exthost] [warning] [Decorations] CAPPING events from decorations provider vscode.git 928
[2022-08-01 12:31:46.446] [exthost] [warning] [Decorations] CAPPING events from decorations provider vscode.git 928
[2022-08-01 12:31:52.242] [exthost] [warning] [Decorations] CAPPING events from decorations provider vscode.git 928
[2022-08-01 12:31:57.632] [exthost] [warning] [Decorations] CAPPING events from decorations provider vscode.git 928
[2022-08-01 12:32:03.700] [exthost] [warning] [Decorations] CAPPING events from decorations provider vscode.git 928
[2022-08-01 12:32:06.650] [exthost] [info] Extension host terminating: received terminate message from renderer
[2022-08-01 12:32:06.672] [exthost] [info] Extension host with pid 21331 exiting with code 0
[2022-08-01 12:32:10.468] [exthost] [info] Extension host with pid 28861 started
[2022-08-01 12:32:10.468] [exthost] [info] Skipping acquiring lock for /home/thebuffylow/.config/Code/User/workspaceStorage/bfe15641d668ec249cee88edfe05e814.
[2022-08-01 12:32:10.655] [exthost] [info] ExtensionService#_doActivateExtension vscode.microsoft-authentication, startup: false, activationEvent: 'onAuthenticationRequest:microsoft'
[2022-08-01 12:32:10.698] [exthost] [info] ExtensionService#_doActivateExtension vscode.debug-auto-launch, startup: true, activationEvent: '*'
[2022-08-01 12:32:10.701] [exthost] [info] ExtensionService#_doActivateExtension vscode.git-base, startup: true, activationEvent: '*', root cause: vscode.git
[2022-08-01 12:32:10.707] [exthost] [info] ExtensionService#_doActivateExtension vscode.ipynb, startup: true, activationEvent: '*'
[2022-08-01 12:32:10.716] [exthost] [info] ExtensionService#_doActivateExtension vscode.npm, startup: true, activationEvent: 'workspaceContains:package.json'
[2022-08-01 12:32:10.865] [exthost] [info] ExtensionService#_doActivateExtension vscode.git, startup: true, activationEvent: '*'
[2022-08-01 12:32:10.924] [exthost] [info] ExtensionService#_doActivateExtension vscode.github, startup: true, activationEvent: '*'
[2022-08-01 12:32:11.409] [exthost] [info] ExtensionService#_doActivateExtension vscode.github-authentication, startup: false, activationEvent: 'onAuthenticationRequest:github'
[2022-08-01 12:32:11.477] [exthost] [info] Eager extensions activated
[2022-08-01 12:32:11.524] [exthost] [info] ExtensionService#_doActivateExtension vscode.emmet, startup: false, activationEvent: 'onStartupFinished'
[2022-08-01 12:32:11.549] [exthost] [info] ExtensionService#_doActivateExtension vscode.merge-conflict, startup: false, activationEvent: 'onStartupFinished'
[2022-08-01 12:32:11.568] [exthost] [info] ExtensionService#_doActivateExtension ritwickdey.LiveServer, startup: false, activationEvent: 'onStartupFinished'
[2022-08-01 12:32:12.658] [exthost] [warning] [Decorations] CAPPING events from decorations provider vscode.git 936
[2022-08-01 12:32:13.486] [exthost] [warning] [Decorations] CAPPING events from decorations provider vscode.git 937
[2022-08-01 12:32:20.627] [exthost] [warning] [Decorations] CAPPING events from decorations provider vscode.git 937
[2022-08-01 12:32:26.079] [exthost] [warning] [Decorations] CAPPING events from decorations provider vscode.git 937
[2022-08-01 12:32:31.597] [exthost] [warning] [Decorations] CAPPING events from decorations provider vscode.git 937
[2022-08-01 12:32:36.898] [exthost] [warning] [Decorations] CAPPING events from decorations provider vscode.git 937
[2022-08-01 12:32:42.273] [exthost] [warning] [Decorations] CAPPING events from decorations provider vscode.git 937
[2022-08-01 12:32:47.752] [exthost] [warning] [Decorations] CAPPING events from decorations provider vscode.git 937
[2022-08-01 12:32:49.394] [exthost] [info] ExtensionService#_doActivateExtension vscode.html-language-features, startup: false, activationEvent: 'onLanguage:html'
[2022-08-01 12:32:49.468] [exthost] [info] ExtensionService#_doActivateExtension Angular.ng-template, startup: false, activationEvent: 'onLanguage:html'
[2022-08-01 12:32:53.423] [exthost] [warning] [Decorations] CAPPING events from decorations provider vscode.git 938
[2022-08-01 12:32:54.811] [exthost] [info] ExtensionService#_doActivateExtension vscode.css-language-features, startup: false, activationEvent: 'onLanguage:css'
[2022-08-01 12:32:59.274] [exthost] [warning] [Decorations] CAPPING events from decorations provider vscode.git 977
[2022-08-01 12:33:00.816] [exthost] [info] ExtensionService#_doActivateExtension vscode.typescript-language-features, startup: false, activationEvent: 'onLanguage:typescript'
[2022-08-01 12:33:07.476] [exthost] [warning] [Decorations] CAPPING events from decorations provider vscode.git 1062
[2022-08-01 12:33:22.212] [exthost] [warning] [Decorations] CAPPING events from decorations provider vscode.git 1065
[2022-08-01 12:33:27.747] [exthost] [warning] [Decorations] CAPPING events from decorations provider vscode.git 1065
[2022-08-01 12:33:33.102] [exthost] [warning] [Decorations] CAPPING events from decorations provider vscode.git 1065
[2022-08-01 12:33:38.555] [exthost] [warning] [Decorations] CAPPING events from decorations provider vscode.git 1065
[2022-08-01 12:33:44.484] [exthost] [warning] [Decorations] CAPPING events from decorations provider vscode.git 1065
[2022-08-01 12:33:49.880] [exthost] [warning] [Decorations] CAPPING events from decorations provider vscode.git 1065
[2022-08-01 12:35:45.825] [exthost] [warning] [Decorations] CAPPING events from decorations provider vscode.git 1065
[2022-08-01 12:35:51.209] [exthost] [warning] [Decorations] CAPPING events from decorations provider vscode.git 1065
[2022-08-01 12:35:56.525] [exthost] [warning] [Decorations] CAPPING events from decorations provider vscode.git 1065
[2022-08-01 12:36:01.882] [exthost] [warning] [Decorations] CAPPING events from decorations provider vscode.git 1065
[2022-08-01 12:36:07.291] [exthost] [warning] [Decorations] CAPPING events from decorations provider vscode.git 1065
[2022-08-01 12:36:12.696] [exthost] [warning] [Decorations] CAPPING events from decorations provider vscode.git 1065
[2022-08-01 12:36:18.037] [exthost] [warning] [Decorations] CAPPING events from decorations provider vscode.git 1065
[2022-08-01 12:36:23.378] [exthost] [warning] [Decorations] CAPPING events from decorations provider vscode.git 1065
[2022-08-01 12:36:28.681] [exthost] [warning] [Decorations] CAPPING events from decorations provider vscode.git 1065
[2022-08-01 12:36:34.039] [exthost] [warning] [Decorations] CAPPING events from decorations provider vscode.git 1065
[2022-08-01 12:36:39.358] [exthost] [warning] [Decorations] CAPPING events from decorations provider vscode.git 1065
[2022-08-01 12:36:45.415] [exthost] [warning] [Decorations] CAPPING events from decorations provider vscode.git 1065
[2022-08-01 12:36:50.741] [exthost] [warning] [Decorations] CAPPING events from decorations provider vscode.git 1066
[2022-08-01 12:36:56.180] [exthost] [warning] [Decorations] CAPPING events from decorations provider vscode.git 1066
[2022-08-01 12:37:01.597] [exthost] [warning] [Decorations] CAPPING events from decorations provider vscode.git 1066
[2022-08-01 12:37:06.999] [exthost] [warning] [Decorations] CAPPING events from decorations provider vscode.git 1066
[2022-08-01 12:37:32.579] [exthost] [warning] [Decorations] CAPPING events from decorations provider vscode.git 1066
[2022-08-01 12:37:37.890] [exthost] [warning] [Decorations] CAPPING events from decorations provider vscode.git 1066
[2022-08-01 12:37:43.356] [exthost] [warning] [Decorations] CAPPING events from decorations provider vscode.git 1066
[2022-08-01 12:37:48.676] [exthost] [warning] [Decorations] CAPPING events from decorations provider vscode.git 1066
[2022-08-01 12:37:53.987] [exthost] [warning] [Decorations] CAPPING events from decorations provider vscode.git 1066
[2022-08-01 12:37:59.298] [exthost] [warning] [Decorations] CAPPING events from decorations provider vscode.git 1066
[2022-08-01 12:38:04.880] [exthost] [warning] [Decorations] CAPPING events from decorations provider vscode.git 1066
[2022-08-01 12:38:10.634] [exthost] [warning] [Decorations] CAPPING events from decorations provider vscode.git 1066
[2022-08-01 12:38:16.014] [exthost] [warning] [Decorations] CAPPING events from decorations provider vscode.git 1066
[2022-08-01 12:38:21.442] [exthost] [warning] [Decorations] CAPPING events from decorations provider vscode.git 1066
[2022-08-01 12:38:26.795] [exthost] [warning] [Decorations] CAPPING events from decorations provider vscode.git 1066
[2022-08-01 12:38:32.143] [exthost] [warning] [Decorations] CAPPING events from decorations provider vscode.git 1066
[2022-08-01 12:38:37.465] [exthost] [warning] [Decorations] CAPPING events from decorations provider vscode.git 1066
[2022-08-01 12:38:42.861] [exthost] [warning] [Decorations] CAPPING events from decorations provider vscode.git 1066
[2022-08-01 12:38:48.369] [exthost] [warning] [Decorations] CAPPING events from decorations provider vscode.git 1066
[2022-08-01 12:38:53.693] [exthost] [warning] [Decorations] CAPPING events from decorations provider vscode.git 1066
[2022-08-01 12:38:59.012] [exthost] [warning] [Decorations] CAPPING events from decorations provider vscode.git 1066
[2022-08-01 12:39:04.417] [exthost] [warning] [Decorations] CAPPING events from decorations provider vscode.git 1066
[2022-08-01 12:39:28.626] [exthost] [warning] [Decorations] CAPPING events from decorations provider vscode.git 1066
[2022-08-01 12:39:33.963] [exthost] [warning] [Decorations] CAPPING events from decorations provider vscode.git 1066
[2022-08-01 12:39:39.285] [exthost] [warning] [Decorations] CAPPING events from decorations provider vscode.git 1066
[2022-08-01 12:39:44.581] [exthost] [warning] [Decorations] CAPPING events from decorations provider vscode.git 1066
[2022-08-01 12:39:49.964] [exthost] [warning] [Decorations] CAPPING events from decorations provider vscode.git 1066
[2022-08-01 12:39:55.314] [exthost] [warning] [Decorations] CAPPING events from decorations provider vscode.git 1066
[2022-08-01 12:40:00.660] [exthost] [warning] [Decorations] CAPPING events from decorations provider vscode.git 1066
[2022-08-01 12:40:06.006] [exthost] [warning] [Decorations] CAPPING events from decorations provider vscode.git 1066
[2022-08-01 12:40:11.333] [exthost] [warning] [Decorations] CAPPING events from decorations provider vscode.git 1066
[2022-08-01 12:40:16.671] [exthost] [warning] [Decorations] CAPPING events from decorations provider vscode.git 1066
[2022-08-01 12:40:22.131] [exthost] [warning] [Decorations] CAPPING events from decorations provider vscode.git 1066
[2022-08-01 12:45:11.749] [exthost] [warning] [Decorations] CAPPING events from decorations provider vscode.git 1066
[2022-08-01 12:45:17.069] [exthost] [warning] [Decorations] CAPPING events from decorations provider vscode.git 1066
[2022-08-01 12:45:22.629] [exthost] [warning] [Decorations] CAPPING events from decorations provider vscode.git 1066
[2022-08-01 12:45:28.032] [exthost] [warning] [Decorations] CAPPING events from decorations provider vscode.git 1066
[2022-08-01 12:47:46.486] [exthost] [warning] [Decorations] CAPPING events from decorations provider vscode.git 1067
[2022-08-01 12:47:51.857] [exthost] [warning] [Decorations] CAPPING events from decorations provider vscode.git 1066
[2022-08-01 12:47:57.172] [exthost] [warning] [Decorations] CAPPING events from decorations provider vscode.git 1066
[2022-08-01 12:48:02.500] [exthost] [warning] [Decorations] CAPPING events from decorations provider vscode.git 1066
[2022-08-01 12:48:07.808] [exthost] [warning] [Decorations] CAPPING events from decorations provider vscode.git 1066
[2022-08-01 12:48:13.259] [exthost] [warning] [Decorations] CAPPING events from decorations provider vscode.git 1066
[2022-08-01 12:48:18.670] [exthost] [warning] [Decorations] CAPPING events from decorations provider vscode.git 1066
[2022-08-01 12:48:23.999] [exthost] [warning] [Decorations] CAPPING events from decorations provider vscode.git 1066
[2022-08-01 12:48:29.355] [exthost] [warning] [Decorations] CAPPING events from decorations provider vscode.git 1066
[2022-08-01 12:48:34.692] [exthost] [warning] [Decorations] CAPPING events from decorations provider vscode.git 1066
[2022-08-01 12:48:40.152] [exthost] [warning] [Decorations] CAPPING events from decorations provider vscode.git 1066
[2022-08-01 12:48:45.701] [exthost] [warning] [Decorations] CAPPING events from decorations provider vscode.git 1066
[2022-08-01 12:48:51.433] [exthost] [warning] [Decorations] CAPPING events from decorations provider vscode.git 1066
[2022-08-01 12:48:58.326] [exthost] [warning] [Decorations] CAPPING events from decorations provider vscode.git 1066
[2022-08-01 12:49:03.796] [exthost] [warning] [Decorations] CAPPING events from decorations provider vscode.git 1066
[2022-08-01 12:49:05.867] [exthost] [info] ExtensionService#_doActivateExtension vscode.simple-browser, startup: false, activationEvent: 'onOpenExternalUri:http'
[2022-08-01 12:52:45.532] [exthost] [warning] [Decorations] CAPPING events from decorations provider vscode.git 1068
[2022-08-01 12:52:51.054] [exthost] [warning] [Decorations] CAPPING events from decorations provider vscode.git 1068
[2022-08-01 12:52:56.457] [exthost] [warning] [Decorations] CAPPING events from decorations provider vscode.git 1068
[2022-08-01 12:53:01.804] [exthost] [warning] [Decorations] CAPPING events from decorations provider vscode.git 1068
[2022-08-01 12:53:07.169] [exthost] [warning] [Decorations] CAPPING events from decorations provider vscode.git 1068
[2022-08-01 12:53:12.512] [exthost] [warning] [Decorations] CAPPING events from decorations provider vscode.git 1068
[2022-08-01 12:53:17.820] [exthost] [warning] [Decorations] CAPPING events from decorations provider vscode.git 1068
[2022-08-01 12:53:23.196] [exthost] [warning] [Decorations] CAPPING events from decorations provider vscode.git 1068
[2022-08-01 12:53:28.584] [exthost] [warning] [Decorations] CAPPING events from decorations provider vscode.git 1068
[2022-08-01 12:53:33.921] [exthost] [warning] [Decorations] CAPPING events from decorations provider vscode.git 1068
[2022-08-01 12:53:39.246] [exthost] [warning] [Decorations] CAPPING events from decorations provider vscode.git 1068
[2022-08-01 12:53:44.554] [exthost] [warning] [Decorations] CAPPING events from decorations provider vscode.git 1068
[2022-08-01 12:53:49.878] [exthost] [warning] [Decorations] CAPPING events from decorations provider vscode.git 1068
[2022-08-01 12:53:55.214] [exthost] [warning] [Decorations] CAPPING events from decorations provider vscode.git 1068
[2022-08-01 12:54:00.526] [exthost] [warning] [Decorations] CAPPING events from decorations provider vscode.git 1068
[2022-08-01 12:54:05.850] [exthost] [warning] [Decorations] CAPPING events from decorations provider vscode.git 1068
[2022-08-01 12:54:11.255] [exthost] [warning] [Decorations] CAPPING events from decorations provider vscode.git 1068
[2022-08-01 12:54:16.606] [exthost] [warning] [Decorations] CAPPING events from decorations provider vscode.git 1068
[2022-08-01 12:54:21.929] [exthost] [warning] [Decorations] CAPPING events from decorations provider vscode.git 1068
[2022-08-01 12:54:27.249] [exthost] [warning] [Decorations] CAPPING events from decorations provider vscode.git 1068
[2022-08-01 12:54:32.565] [exthost] [warning] [Decorations] CAPPING events from decorations provider vscode.git 1068
[2022-08-01 12:54:37.866] [exthost] [warning] [Decorations] CAPPING events from decorations provider vscode.git 1068
[2022-08-01 12:54:43.201] [exthost] [warning] [Decorations] CAPPING events from decorations provider vscode.git 1068
[2022-08-01 12:54:48.543] [exthost] [warning] [Decorations] CAPPING events from decorations provider vscode.git 1068
[2022-08-01 12:54:53.874] [exthost] [warning] [Decorations] CAPPING events from decorations provider vscode.git 1068
[2022-08-01 12:54:59.181] [exthost] [warning] [Decorations] CAPPING events from decorations provider vscode.git 1068
[2022-08-01 12:55:04.524] [exthost] [warning] [Decorations] CAPPING events from decorations provider vscode.git 1068
[2022-08-01 12:55:09.902] [exthost] [warning] [Decorations] CAPPING events from decorations provider vscode.git 1068
[2022-08-01 12:55:15.355] [exthost] [warning] [Decorations] CAPPING events from decorations provider vscode.git 1068
[2022-08-01 13:05:48.245] [exthost] [warning] [Decorations] CAPPING events from decorations provider vscode.git 1069
[2022-08-01 13:05:53.582] [exthost] [warning] [Decorations] CAPPING events from decorations provider vscode.git 1069
[2022-08-01 13:05:58.896] [exthost] [warning] [Decorations] CAPPING events from decorations provider vscode.git 1069
[2022-08-01 13:06:04.211] [exthost] [warning] [Decorations] CAPPING events from decorations provider vscode.git 1069
[2022-08-01 13:06:09.526] [exthost] [warning] [Decorations] CAPPING events from decorations provider vscode.git 1069
[2022-08-01 13:06:14.849] [exthost] [warning] [Decorations] CAPPING events from decorations provider vscode.git 1069
[2022-08-01 13:06:20.160] [exthost] [warning] [Decorations] CAPPING events from decorations provider vscode.git 1069
[2022-08-01 13:06:25.492] [exthost] [warning] [Decorations] CAPPING events from decorations provider vscode.git 1069
[2022-08-01 13:06:30.797] [exthost] [warning] [Decorations] CAPPING events from decorations provider vscode.git 1069
[2022-08-01 13:06:36.108] [exthost] [warning] [Decorations] CAPPING events from decorations provider vscode.git 1069
[2022-08-01 13:06:41.431] [exthost] [warning] [Decorations] CAPPING events from decorations provider vscode.git 1069
[2022-08-01 13:06:46.743] [exthost] [warning] [Decorations] CAPPING events from decorations provider vscode.git 1069
[2022-08-01 13:06:52.072] [exthost] [warning] [Decorations] CAPPING events from decorations provider vscode.git 1069
[2022-08-01 13:06:57.396] [exthost] [warning] [Decorations] CAPPING events from decorations provider vscode.git 1069
[2022-08-01 13:07:02.765] [exthost] [warning] [Decorations] CAPPING events from decorations provider vscode.git 1069
[2022-08-01 13:07:08.112] [exthost] [warning] [Decorations] CAPPING events from decorations provider vscode.git 1069
[2022-08-01 13:07:13.419] [exthost] [warning] [Decorations] CAPPING events from decorations provider vscode.git 1069
[2022-08-01 13:07:18.719] [exthost] [warning] [Decorations] CAPPING events from decorations provider vscode.git 1069
[2022-08-01 13:07:24.028] [exthost] [warning] [Decorations] CAPPING events from decorations provider vscode.git 1069
[2022-08-01 13:07:29.358] [exthost] [warning] [Decorations] CAPPING events from decorations provider vscode.git 1069
[2022-08-01 13:07:34.668] [exthost] [warning] [Decorations] CAPPING events from decorations provider vscode.git 1069
[2022-08-01 13:07:39.970] [exthost] [warning] [Decorations] CAPPING events from decorations provider vscode.git 1069
[2022-08-01 13:07:45.278] [exthost] [warning] [Decorations] CAPPING events from decorations provider vscode.git 1069
[2022-08-01 13:07:50.583] [exthost] [warning] [Decorations] CAPPING events from decorations provider vscode.git 1069
[2022-08-01 13:07:55.896] [exthost] [warning] [Decorations] CAPPING events from decorations provider vscode.git 1069
[2022-08-01 13:08:01.215] [exthost] [warning] [Decorations] CAPPING events from decorations provider vscode.git 1069
[2022-08-01 13:08:06.530] [exthost] [warning] [Decorations] CAPPING events from decorations provider vscode.git 1069
[2022-08-01 13:08:11.846] [exthost] [warning] [Decorations] CAPPING events from decorations provider vscode.git 1069
[2022-08-01 13:08:17.170] [exthost] [warning] [Decorations] CAPPING events from decorations provider vscode.git 1069
[2022-08-01 13:08:22.554] [exthost] [warning] [Decorations] CAPPING events from decorations provider vscode.git 1069
[2022-08-01 13:08:27.868] [exthost] [warning] [Decorations] CAPPING events from decorations provider vscode.git 1069
[2022-08-01 13:08:33.187] [exthost] [warning] [Decorations] CAPPING events from decorations provider vscode.git 1069
[2022-08-01 13:08:38.492] [exthost] [warning] [Decorations] CAPPING events from decorations provider vscode.git 1069
[2022-08-01 13:08:43.815] [exthost] [warning] [Decorations] CAPPING events from decorations provider vscode.git 1069
[2022-08-01 13:08:49.132] [exthost] [warning] [Decorations] CAPPING events from decorations provider vscode.git 1069
[2022-08-01 13:08:54.441] [exthost] [warning] [Decorations] CAPPING events from decorations provider vscode.git 1069
[2022-08-01 13:08:59.780] [exthost] [warning] [Decorations] CAPPING events from decorations provider vscode.git 1069
[2022-08-01 13:09:05.078] [exthost] [warning] [Decorations] CAPPING events from decorations provider vscode.git 1069
[2022-08-01 13:09:10.398] [exthost] [warning] [Decorations] CAPPING events from decorations provider vscode.git 1069
[2022-08-01 13:09:15.721] [exthost] [warning] [Decorations] CAPPING events from decorations provider vscode.git 1069
[2022-08-01 13:09:21.027] [exthost] [warning] [Decorations] CAPPING events from decorations provider vscode.git 1069
[2022-08-01 13:09:26.344] [exthost] [warning] [Decorations] CAPPING events from decorations provider vscode.git 1069
[2022-08-01 13:09:31.663] [exthost] [warning] [Decorations] CAPPING events from decorations provider vscode.git 1069
[2022-08-01 13:09:36.989] [exthost] [warning] [Decorations] CAPPING events from decorations provider vscode.git 1069
[2022-08-01 13:09:42.308] [exthost] [warning] [Decorations] CAPPING events from decorations provider vscode.git 1069
[2022-08-01 13:09:47.773] [exthost] [warning] [Decorations] CAPPING events from decorations provider vscode.git 1069
[2022-08-01 13:09:53.099] [exthost] [warning] [Decorations] CAPPING events from decorations provider vscode.git 1069
[2022-08-01 13:09:58.419] [exthost] [warning] [Decorations] CAPPING events from decorations provider vscode.git 1069
[2022-08-01 13:10:03.759] [exthost] [warning] [Decorations] CAPPING events from decorations provider vscode.git 1069
[2022-08-01 13:10:09.094] [exthost] [warning] [Decorations] CAPPING events from decorations provider vscode.git 1069
[2022-08-01 13:10:14.473] [exthost] [warning] [Decorations] CAPPING events from decorations provider vscode.git 1069
[2022-08-01 13:10:19.856] [exthost] [warning] [Decorations] CAPPING events from decorations provider vscode.git 1069
[2022-08-01 13:10:25.167] [exthost] [warning] [Decorations] CAPPING events from decorations provider vscode.git 1069
[2022-08-01 13:10:30.467] [exthost] [warning] [Decorations] CAPPING events from decorations provider vscode.git 1069
[2022-08-01 13:10:35.790] [exthost] [warning] [Decorations] CAPPING events from decorations provider vscode.git 1069
[2022-08-01 13:10:41.103] [exthost] [warning] [Decorations] CAPPING events from decorations provider vscode.git 1069
[2022-08-01 13:10:46.448] [exthost] [warning] [Decorations] CAPPING events from decorations provider vscode.git 1069
[2022-08-01 13:10:51.767] [exthost] [warning] [Decorations] CAPPING events from decorations provider vscode.git 1069
[2022-08-01 13:10:57.068] [exthost] [warning] [Decorations] CAPPING events from decorations provider vscode.git 1069
[2022-08-01 13:11:02.398] [exthost] [warning] [Decorations] CAPPING events from decorations provider vscode.git 1069
[2022-08-01 13:11:07.714] [exthost] [warning] [Decorations] CAPPING events from decorations provider vscode.git 1069
[2022-08-01 13:11:13.015] [exthost] [warning] [Decorations] CAPPING events from decorations provider vscode.git 1069
[2022-08-01 13:11:18.328] [exthost] [warning] [Decorations] CAPPING events from decorations provider vscode.git 1069
[2022-08-01 13:11:23.624] [exthost] [warning] [Decorations] CAPPING events from decorations provider vscode.git 1069
[2022-08-01 13:11:28.951] [exthost] [warning] [Decorations] CAPPING events from decorations provider vscode.git 1069
[2022-08-01 13:11:34.264] [exthost] [warning] [Decorations] CAPPING events from decorations provider vscode.git 1069
[2022-08-01 13:11:39.602] [exthost] [warning] [Decorations] CAPPING events from decorations provider vscode.git 1069
[2022-08-01 13:11:44.924] [exthost] [warning] [Decorations] CAPPING events from decorations provider vscode.git 1069
[2022-08-01 13:11:50.244] [exthost] [warning] [Decorations] CAPPING events from decorations provider vscode.git 1069
[2022-08-01 13:11:55.570] [exthost] [warning] [Decorations] CAPPING events from decorations provider vscode.git 1069
[2022-08-01 13:12:00.894] [exthost] [warning] [Decorations] CAPPING events from decorations provider vscode.git 1069
[2022-08-01 13:12:06.209] [exthost] [warning] [Decorations] CAPPING events from decorations provider vscode.git 1069
[2022-08-01 13:12:11.518] [exthost] [warning] [Decorations] CAPPING events from decorations provider vscode.git 1069
[2022-08-01 13:12:16.833] [exthost] [warning] [Decorations] CAPPING events from decorations provider vscode.git 1069
[2022-08-01 13:12:22.160] [exthost] [warning] [Decorations] CAPPING events from decorations provider vscode.git 1069
[2022-08-01 13:12:27.469] [exthost] [warning] [Decorations] CAPPING events from decorations provider vscode.git 1069
[2022-08-01 13:12:32.793] [exthost] [warning] [Decorations] CAPPING events from decorations provider vscode.git 1069
[2022-08-01 13:12:38.096] [exthost] [warning] [Decorations] CAPPING events from decorations provider vscode.git 1069
[2022-08-01 13:12:43.397] [exthost] [warning] [Decorations] CAPPING events from decorations provider vscode.git 1069
[2022-08-01 13:12:48.724] [exthost] [warning] [Decorations] CAPPING events from decorations provider vscode.git 1069
[2022-08-01 13:12:54.051] [exthost] [warning] [Decorations] CAPPING events from decorations provider vscode.git 1069
[2022-08-01 13:12:59.350] [exthost] [warning] [Decorations] CAPPING events from decorations provider vscode.git 1069
[2022-08-01 13:13:04.675] [exthost] [warning] [Decorations] CAPPING events from decorations provider vscode.git 1069
[2022-08-01 13:13:10.056] [exthost] [warning] [Decorations] CAPPING events from decorations provider vscode.git 1069
[2022-08-01 13:13:15.370] [exthost] [warning] [Decorations] CAPPING events from decorations provider vscode.git 1069
[2022-08-01 13:13:20.700] [exthost] [warning] [Decorations] CAPPING events from decorations provider vscode.git 1069
[2022-08-01 13:13:26.020] [exthost] [warning] [Decorations] CAPPING events from decorations provider vscode.git 1069
[2022-08-01 13:13:31.327] [exthost] [warning] [Decorations] CAPPING events from decorations provider vscode.git 1069
[2022-08-01 13:13:36.637] [exthost] [warning] [Decorations] CAPPING events from decorations provider vscode.git 1069
[2022-08-01 13:13:41.946] [exthost] [warning] [Decorations] CAPPING events from decorations provider vscode.git 1069
[2022-08-01 13:13:47.245] [exthost] [warning] [Decorations] CAPPING events from decorations provider vscode.git 1069
[2022-08-01 13:13:52.715] [exthost] [warning] [Decorations] CAPPING events from decorations provider vscode.git 1069
[2022-08-01 13:13:58.027] [exthost] [warning] [Decorations] CAPPING events from decorations provider vscode.git 1069
[2022-08-01 13:14:03.326] [exthost] [warning] [Decorations] CAPPING events from decorations provider vscode.git 1069
[2022-08-01 13:14:08.652] [exthost] [warning] [Decorations] CAPPING events from decorations provider vscode.git 1069
[2022-08-01 13:14:13.961] [exthost] [warning] [Decorations] CAPPING events from decorations provider vscode.git 1069
[2022-08-01 13:14:19.275] [exthost] [warning] [Decorations] CAPPING events from decorations provider vscode.git 1069
[2022-08-01 13:14:24.588] [exthost] [warning] [Decorations] CAPPING events from decorations provider vscode.git 1069
[2022-08-01 13:14:29.890] [exthost] [warning] [Decorations] CAPPING events from decorations provider vscode.git 1069
[2022-08-01 13:14:35.217] [exthost] [warning] [Decorations] CAPPING events from decorations provider vscode.git 1069
[2022-08-01 13:14:40.519] [exthost] [warning] [Decorations] CAPPING events from decorations provider vscode.git 1069
[2022-08-01 13:14:45.830] [exthost] [warning] [Decorations] CAPPING events from decorations provider vscode.git 1069
[2022-08-01 13:14:51.158] [exthost] [warning] [Decorations] CAPPING events from decorations provider vscode.git 1069
[2022-08-01 13:14:56.451] [exthost] [warning] [Decorations] CAPPING events from decorations provider vscode.git 1069
[2022-08-01 13:15:01.777] [exthost] [warning] [Decorations] CAPPING events from decorations provider vscode.git 1069
[2022-08-01 13:15:07.081] [exthost] [warning] [Decorations] CAPPING events from decorations provider vscode.git 1069
[2022-08-01 13:15:12.389] [exthost] [warning] [Decorations] CAPPING events from decorations provider vscode.git 1069
[2022-08-01 13:15:17.690] [exthost] [warning] [Decorations] CAPPING events from decorations provider vscode.git 1069
[2022-08-01 13:15:22.995] [exthost] [warning] [Decorations] CAPPING events from decorations provider vscode.git 1069
[2022-08-01 13:15:28.300] [exthost] [warning] [Decorations] CAPPING events from decorations provider vscode.git 1069
[2022-08-01 13:15:33.602] [exthost] [warning] [Decorations] CAPPING events from decorations provider vscode.git 1069
[2022-08-01 13:15:38.928] [exthost] [warning] [Decorations] CAPPING events from decorations provider vscode.git 1069
[2022-08-01 13:15:44.246] [exthost] [warning] [Decorations] CAPPING events from decorations provider vscode.git 1069
[2022-08-01 13:15:49.596] [exthost] [warning] [Decorations] CAPPING events from decorations provider vscode.git 1069
[2022-08-01 13:15:55.021] [exthost] [warning] [Decorations] CAPPING events from decorations provider vscode.git 1069
[2022-08-01 13:16:00.336] [exthost] [warning] [Decorations] CAPPING events from decorations provider vscode.git 1069
[2022-08-01 13:16:05.675] [exthost] [warning] [Decorations] CAPPING events from decorations provider vscode.git 1069
[2022-08-01 13:16:10.994] [exthost] [warning] [Decorations] CAPPING events from decorations provider vscode.git 1069
[2022-08-01 13:16:16.310] [exthost] [warning] [Decorations] CAPPING events from decorations provider vscode.git 1069
[2022-08-01 13:16:21.615] [exthost] [warning] [Decorations] CAPPING events from decorations provider vscode.git 1069
[2022-08-01 13:16:26.944] [exthost] [warning] [Decorations] CAPPING events from decorations provider vscode.git 1069
[2022-08-01 13:16:32.263] [exthost] [warning] [Decorations] CAPPING events from decorations provider vscode.git 1069
[2022-08-01 13:16:37.571] [exthost] [warning] [Decorations] CAPPING events from decorations provider vscode.git 1069
[2022-08-01 13:16:42.892] [exthost] [warning] [Decorations] CAPPING events from decorations provider vscode.git 1069
[2022-08-01 13:16:48.199] [exthost] [warning] [Decorations] CAPPING events from decorations provider vscode.git 1069
[2022-08-01 13:16:53.600] [exthost] [warning] [Decorations] CAPPING events from decorations provider vscode.git 1069
[2022-08-01 13:16:58.913] [exthost] [warning] [Decorations] CAPPING events from decorations provider vscode.git 1069
[2022-08-01 13:17:04.227] [exthost] [warning] [Decorations] CAPPING events from decorations provider vscode.git 1069
[2022-08-01 13:17:09.538] [exthost] [warning] [Decorations] CAPPING events from decorations provider vscode.git 1069
[2022-08-01 13:17:14.841] [exthost] [warning] [Decorations] CAPPING events from decorations provider vscode.git 1069
[2022-08-01 13:17:20.150] [exthost] [warning] [Decorations] CAPPING events from decorations provider vscode.git 1069
[2022-08-01 13:17:25.532] [exthost] [warning] [Decorations] CAPPING events from decorations provider vscode.git 1069
[2022-08-01 13:17:30.850] [exthost] [warning] [Decorations] CAPPING events from decorations provider vscode.git 1069
[2022-08-01 13:17:36.157] [exthost] [warning] [Decorations] CAPPING events from decorations provider vscode.git 1069
[2022-08-01 13:17:41.473] [exthost] [warning] [Decorations] CAPPING events from decorations provider vscode.git 1069
[2022-08-01 13:17:46.786] [exthost] [warning] [Decorations] CAPPING events from decorations provider vscode.git 1069
[2022-08-01 13:17:52.112] [exthost] [warning] [Decorations] CAPPING events from decorations provider vscode.git 1069
[2022-08-01 13:17:57.432] [exthost] [warning] [Decorations] CAPPING events from decorations provider vscode.git 1069
[2022-08-01 13:18:02.758] [exthost] [warning] [Decorations] CAPPING events from decorations provider vscode.git 1069
[2022-08-01 13:18:08.066] [exthost] [warning] [Decorations] CAPPING events from decorations provider vscode.git 1069
[2022-08-01 13:18:13.377] [exthost] [warning] [Decorations] CAPPING events from decorations provider vscode.git 1069
[2022-08-01 13:18:18.687] [exthost] [warning] [Decorations] CAPPING events from decorations provider vscode.git 1069
[2022-08-01 13:18:23.995] [exthost] [warning] [Decorations] CAPPING events from decorations provider vscode.git 1069
[2022-08-01 13:18:29.295] [exthost] [warning] [Decorations] CAPPING events from decorations provider vscode.git 1069
[2022-08-01 13:18:34.615] [exthost] [warning] [Decorations] CAPPING events from decorations provider vscode.git 1069
[2022-08-01 13:18:39.915] [exthost] [warning] [Decorations] CAPPING events from decorations provider vscode.git 1069
[2022-08-01 13:18:45.226] [exthost] [warning] [Decorations] CAPPING events from decorations provider vscode.git 1069
[2022-08-01 13:18:50.528] [exthost] [warning] [Decorations] CAPPING events from decorations provider vscode.git 1069
[2022-08-01 13:18:55.845] [exthost] [warning] [Decorations] CAPPING events from decorations provider vscode.git 1069
[2022-08-01 13:19:01.165] [exthost] [warning] [Decorations] CAPPING events from decorations provider vscode.git 1069
[2022-08-01 13:19:06.480] [exthost] [warning] [Decorations] CAPPING events from decorations provider vscode.git 1069
[2022-08-01 13:19:11.787] [exthost] [warning] [Decorations] CAPPING events from decorations provider vscode.git 1069
[2022-08-01 13:19:17.115] [exthost] [warning] [Decorations] CAPPING events from decorations provider vscode.git 1069
[2022-08-01 13:19:22.458] [exthost] [warning] [Decorations] CAPPING events from decorations provider vscode.git 1069
[2022-08-01 13:19:27.808] [exthost] [warning] [Decorations] CAPPING events from decorations provider vscode.git 1069
[2022-08-01 13:19:33.201] [exthost] [warning] [Decorations] CAPPING events from decorations provider vscode.git 1069
[2022-08-01 13:19:38.512] [exthost] [warning] [Decorations] CAPPING events from decorations provider vscode.git 1069
[2022-08-01 13:19:43.822] [exthost] [warning] [Decorations] CAPPING events from decorations provider vscode.git 1069
[2022-08-01 13:19:49.231] [exthost] [warning] [Decorations] CAPPING events from decorations provider vscode.git 1069
[2022-08-01 13:19:54.530] [exthost] [warning] [Decorations] CAPPING events from decorations provider vscode.git 1069
[2022-08-01 13:19:59.852] [exthost] [warning] [Decorations] CAPPING events from decorations provider vscode.git 1069
[2022-08-01 13:20:05.184] [exthost] [warning] [Decorations] CAPPING events from decorations provider vscode.git 1069
[2022-08-01 13:20:10.507] [exthost] [warning] [Decorations] CAPPING events from decorations provider vscode.git 1069
[2022-08-01 13:20:15.920] [exthost] [warning] [Decorations] CAPPING events from decorations provider vscode.git 1069
[2022-08-01 13:20:21.237] [exthost] [warning] [Decorations] CAPPING events from decorations provider vscode.git 1069
[2022-08-01 13:20:26.557] [exthost] [warning] [Decorations] CAPPING events from decorations provider vscode.git 1069
[2022-08-01 13:20:31.885] [exthost] [warning] [Decorations] CAPPING events from decorations provider vscode.git 1069
[2022-08-01 13:20:37.215] [exthost] [warning] [Decorations] CAPPING events from decorations provider vscode.git 1069
[2022-08-01 13:20:42.509] [exthost] [warning] [Decorations] CAPPING events from decorations provider vscode.git 1069
[2022-08-01 13:20:47.828] [exthost] [warning] [Decorations] CAPPING events from decorations provider vscode.git 1069
[2022-08-01 13:20:53.129] [exthost] [warning] [Decorations] CAPPING events from decorations provider vscode.git 1069
[2022-08-01 13:20:58.451] [exthost] [warning] [Decorations] CAPPING events from decorations provider vscode.git 1069
[2022-08-01 13:21:03.786] [exthost] [warning] [Decorations] CAPPING events from decorations provider vscode.git 1069
[2022-08-01 13:21:09.094] [exthost] [warning] [Decorations] CAPPING events from decorations provider vscode.git 1069
[2022-08-01 13:21:14.417] [exthost] [warning] [Decorations] CAPPING events from decorations provider vscode.git 1069
[2022-08-01 13:21:19.736] [exthost] [warning] [Decorations] CAPPING events from decorations provider vscode.git 1069
[2022-08-01 13:21:25.044] [exthost] [warning] [Decorations] CAPPING events from decorations provider vscode.git 1069
[2022-08-01 13:21:30.364] [exthost] [warning] [Decorations] CAPPING events from decorations provider vscode.git 1069
[2022-08-01 13:21:35.668] [exthost] [warning] [Decorations] CAPPING events from decorations provider vscode.git 1069
[2022-08-01 13:21:41.043] [exthost] [warning] [Decorations] CAPPING events from decorations provider vscode.git 1069
[2022-08-01 13:21:46.350] [exthost] [warning] [Decorations] CAPPING events from decorations provider vscode.git 1069
[2022-08-01 13:21:51.653] [exthost] [warning] [Decorations] CAPPING events from decorations provider vscode.git 1069
[2022-08-01 13:21:56.985] [exthost] [warning] [Decorations] CAPPING events from decorations provider vscode.git 1069
[2022-08-01 13:22:02.326] [exthost] [warning] [Decorations] CAPPING events from decorations provider vscode.git 1069
[2022-08-01 13:22:07.637] [exthost] [warning] [Decorations] CAPPING events from decorations provider vscode.git 1069
[2022-08-01 13:22:12.962] [exthost] [warning] [Decorations] CAPPING events from decorations provider vscode.git 1069
[2022-08-01 13:22:18.309] [exthost] [warning] [Decorations] CAPPING events from decorations provider vscode.git 1069
[2022-08-01 13:22:23.676] [exthost] [warning] [Decorations] CAPPING events from decorations provider vscode.git 1069
[2022-08-01 13:22:28.995] [exthost] [warning] [Decorations] CAPPING events from decorations provider vscode.git 1069
[2022-08-01 13:22:34.298] [exthost] [warning] [Decorations] CAPPING events from decorations provider vscode.git 1069
[2022-08-01 13:22:39.604] [exthost] [warning] [Decorations] CAPPING events from decorations provider vscode.git 1069
[2022-08-01 13:22:44.928] [exthost] [warning] [Decorations] CAPPING events from decorations provider vscode.git 1069
[2022-08-01 13:22:50.233] [exthost] [warning] [Decorations] CAPPING events from decorations provider vscode.git 1069
[2022-08-01 13:22:55.590] [exthost] [warning] [Decorations] CAPPING events from decorations provider vscode.git 1069
[2022-08-01 13:23:01.073] [exthost] [warning] [Decorations] CAPPING events from decorations provider vscode.git 1069
[2022-08-01 13:23:06.383] [exthost] [warning] [Decorations] CAPPING events from decorations provider vscode.git 1069
[2022-08-01 13:23:11.691] [exthost] [warning] [Decorations] CAPPING events from decorations provider vscode.git 1069
[2022-08-01 13:23:17.000] [exthost] [warning] [Decorations] CAPPING events from decorations provider vscode.git 1069
[2022-08-01 13:23:22.404] [exthost] [warning] [Decorations] CAPPING events from decorations provider vscode.git 1069
[2022-08-01 13:23:27.766] [exthost] [warning] [Decorations] CAPPING events from decorations provider vscode.git 1069
[2022-08-01 13:23:33.110] [exthost] [warning] [Decorations] CAPPING events from decorations provider vscode.git 1069
[2022-08-01 13:23:38.408] [exthost] [warning] [Decorations] CAPPING events from decorations provider vscode.git 1069
[2022-08-01 13:23:43.739] [exthost] [warning] [Decorations] CAPPING events from decorations provider vscode.git 1069
[2022-08-01 13:23:49.101] [exthost] [warning] [Decorations] CAPPING events from decorations provider vscode.git 1069
[2022-08-01 13:23:54.427] [exthost] [warning] [Decorations] CAPPING events from decorations provider vscode.git 1069
[2022-08-01 13:23:59.747] [exthost] [warning] [Decorations] CAPPING events from decorations provider vscode.git 1069
[2022-08-01 13:24:05.060] [exthost] [warning] [Decorations] CAPPING events from decorations provider vscode.git 1069
[2022-08-01 13:24:10.381] [exthost] [warning] [Decorations] CAPPING events from decorations provider vscode.git 1069
[2022-08-01 13:24:15.684] [exthost] [warning] [Decorations] CAPPING events from decorations provider vscode.git 1069
[2022-08-01 13:24:21.002] [exthost] [warning] [Decorations] CAPPING events from decorations provider vscode.git 1069
[2022-08-01 13:24:26.305] [exthost] [warning] [Decorations] CAPPING events from decorations provider vscode.git 1069
[2022-08-01 13:24:31.611] [exthost] [warning] [Decorations] CAPPING events from decorations provider vscode.git 1069
[2022-08-01 13:24:36.993] [exthost] [warning] [Decorations] CAPPING events from decorations provider vscode.git 1069
[2022-08-01 13:24:42.348] [exthost] [warning] [Decorations] CAPPING events from decorations provider vscode.git 1069
[2022-08-01 13:24:47.711] [exthost] [warning] [Decorations] CAPPING events from decorations provider vscode.git 1069
[2022-08-01 13:24:53.043] [exthost] [warning] [Decorations] CAPPING events from decorations provider vscode.git 1069
[2022-08-01 13:24:58.367] [exthost] [warning] [Decorations] CAPPING events from decorations provider vscode.git 1069
[2022-08-01 13:25:03.740] [exthost] [warning] [Decorations] CAPPING events from decorations provider vscode.git 1069
[2022-08-01 13:25:09.066] [exthost] [warning] [Decorations] CAPPING events from decorations provider vscode.git 1069
[2022-08-01 13:25:14.452] [exthost] [warning] [Decorations] CAPPING events from decorations provider vscode.git 1069
[2022-08-01 13:25:19.792] [exthost] [warning] [Decorations] CAPPING events from decorations provider vscode.git 1069
[2022-08-01 13:25:25.149] [exthost] [warning] [Decorations] CAPPING events from decorations provider vscode.git 1069
[2022-08-01 13:25:30.504] [exthost] [warning] [Decorations] CAPPING events from decorations provider vscode.git 1069
[2022-08-01 13:25:35.823] [exthost] [warning] [Decorations] CAPPING events from decorations provider vscode.git 1069
[2022-08-01 13:25:41.136] [exthost] [warning] [Decorations] CAPPING events from decorations provider vscode.git 1069
[2022-08-01 13:25:46.447] [exthost] [warning] [Decorations] CAPPING events from decorations provider vscode.git 1069
[2022-08-01 13:25:51.755] [exthost] [warning] [Decorations] CAPPING events from decorations provider vscode.git 1069
[2022-08-01 13:25:57.078] [exthost] [warning] [Decorations] CAPPING events from decorations provider vscode.git 1069
[2022-08-01 13:26:02.418] [exthost] [warning] [Decorations] CAPPING events from decorations provider vscode.git 1069
[2022-08-01 13:26:07.742] [exthost] [warning] [Decorations] CAPPING events from decorations provider vscode.git 1069
[2022-08-01 13:26:13.056] [exthost] [warning] [Decorations] CAPPING events from decorations provider vscode.git 1069
[2022-08-01 13:26:18.361] [exthost] [warning] [Decorations] CAPPING events from decorations provider vscode.git 1069
[2022-08-01 13:26:23.677] [exthost] [warning] [Decorations] CAPPING events from decorations provider vscode.git 1069
[2022-08-01 13:26:28.989] [exthost] [warning] [Decorations] CAPPING events from decorations provider vscode.git 1069
[2022-08-01 13:26:34.299] [exthost] [warning] [Decorations] CAPPING events from decorations provider vscode.git 1069
[2022-08-01 13:26:39.605] [exthost] [warning] [Decorations] CAPPING events from decorations provider vscode.git 1069
[2022-08-01 13:26:44.932] [exthost] [warning] [Decorations] CAPPING events from decorations provider vscode.git 1069
[2022-08-01 13:26:50.256] [exthost] [warning] [Decorations] CAPPING events from decorations provider vscode.git 1069
[2022-08-01 13:26:55.572] [exthost] [warning] [Decorations] CAPPING events from decorations provider vscode.git 1069
[2022-08-01 13:27:00.882] [exthost] [warning] [Decorations] CAPPING events from decorations provider vscode.git 1069
[2022-08-01 13:27:06.266] [exthost] [warning] [Decorations] CAPPING events from decorations provider vscode.git 1069
[2022-08-01 13:27:11.608] [exthost] [warning] [Decorations] CAPPING events from decorations provider vscode.git 1069
[2022-08-01 13:27:16.931] [exthost] [warning] [Decorations] CAPPING events from decorations provider vscode.git 1069
[2022-08-01 13:27:22.250] [exthost] [warning] [Decorations] CAPPING events from decorations provider vscode.git 1069
[2022-08-01 13:27:27.568] [exthost] [warning] [Decorations] CAPPING events from decorations provider vscode.git 1069
[2022-08-01 13:27:32.871] [exthost] [warning] [Decorations] CAPPING events from decorations provider vscode.git 1069
[2022-08-01 13:27:38.175] [exthost] [warning] [Decorations] CAPPING events from decorations provider vscode.git 1069
[2022-08-01 13:27:43.491] [exthost] [warning] [Decorations] CAPPING events from decorations provider vscode.git 1069
[2022-08-01 13:27:48.796] [exthost] [warning] [Decorations] CAPPING events from decorations provider vscode.git 1069
[2022-08-01 13:27:54.125] [exthost] [warning] [Decorations] CAPPING events from decorations provider vscode.git 1069
[2022-08-01 13:27:59.475] [exthost] [warning] [Decorations] CAPPING events from decorations provider vscode.git 1069
[2022-08-01 13:28:04.783] [exthost] [warning] [Decorations] CAPPING events from decorations provider vscode.git 1069
[2022-08-01 13:28:10.096] [exthost] [warning] [Decorations] CAPPING events from decorations provider vscode.git 1069
[2022-08-01 13:28:15.427] [exthost] [warning] [Decorations] CAPPING events from decorations provider vscode.git 1069
[2022-08-01 13:28:20.738] [exthost] [warning] [Decorations] CAPPING events from decorations provider vscode.git 1069
[2022-08-01 13:28:26.085] [exthost] [warning] [Decorations] CAPPING events from decorations provider vscode.git 1069
[2022-08-01 13:28:31.406] [exthost] [warning] [Decorations] CAPPING events from decorations provider vscode.git 1069
[2022-08-01 13:28:36.716] [exthost] [warning] [Decorations] CAPPING events from decorations provider vscode.git 1069
[2022-08-01 13:28:42.036] [exthost] [warning] [Decorations] CAPPING events from decorations provider vscode.git 1069
[2022-08-01 13:28:47.372] [exthost] [warning] [Decorations] CAPPING events from decorations provider vscode.git 1069
[2022-08-01 13:28:52.693] [exthost] [warning] [Decorations] CAPPING events from decorations provider vscode.git 1069
[2022-08-01 13:28:58.003] [exthost] [warning] [Decorations] CAPPING events from decorations provider vscode.git 1069
[2022-08-01 13:29:03.387] [exthost] [warning] [Decorations] CAPPING events from decorations provider vscode.git 1069
[2022-08-01 13:29:08.732] [exthost] [warning] [Decorations] CAPPING events from decorations provider vscode.git 1069
[2022-08-01 13:29:14.061] [exthost] [warning] [Decorations] CAPPING events from decorations provider vscode.git 1069
[2022-08-01 13:29:19.379] [exthost] [warning] [Decorations] CAPPING events from decorations provider vscode.git 1069
[2022-08-01 13:29:24.684] [exthost] [warning] [Decorations] CAPPING events from decorations provider vscode.git 1069
[2022-08-01 13:29:29.986] [exthost] [warning] [Decorations] CAPPING events from decorations provider vscode.git 1069
[2022-08-01 13:29:35.297] [exthost] [warning] [Decorations] CAPPING events from decorations provider vscode.git 1069
[2022-08-01 13:29:40.615] [exthost] [warning] [Decorations] CAPPING events from decorations provider vscode.git 1069
[2022-08-01 13:29:45.938] [exthost] [warning] [Decorations] CAPPING events from decorations provider vscode.git 1069
[2022-08-01 13:29:51.282] [exthost] [warning] [Decorations] CAPPING events from decorations provider vscode.git 1069
[2022-08-01 13:29:56.673] [exthost] [warning] [Decorations] CAPPING events from decorations provider vscode.git 1069
[2022-08-01 13:30:01.986] [exthost] [warning] [Decorations] CAPPING events from decorations provider vscode.git 1069
[2022-08-01 13:30:07.315] [exthost] [warning] [Decorations] CAPPING events from decorations provider vscode.git 1069
[2022-08-01 13:30:12.739] [exthost] [warning] [Decorations] CAPPING events from decorations provider vscode.git 1069
[2022-08-01 13:30:18.103] [exthost] [warning] [Decorations] CAPPING events from decorations provider vscode.git 1069
[2022-08-01 13:30:23.438] [exthost] [warning] [Decorations] CAPPING events from decorations provider vscode.git 1069
[2022-08-01 13:30:28.785] [exthost] [warning] [Decorations] CAPPING events from decorations provider vscode.git 1069
[2022-08-01 13:30:34.136] [exthost] [warning] [Decorations] CAPPING events from decorations provider vscode.git 1069
[2022-08-01 13:30:39.542] [exthost] [warning] [Decorations] CAPPING events from decorations provider vscode.git 1069
[2022-08-01 13:30:44.981] [exthost] [warning] [Decorations] CAPPING events from decorations provider vscode.git 1069
[2022-08-01 13:30:50.446] [exthost] [warning] [Decorations] CAPPING events from decorations provider vscode.git 1069
[2022-08-01 13:30:56.017] [exthost] [warning] [Decorations] CAPPING events from decorations provider vscode.git 1069
[2022-08-01 13:31:01.366] [exthost] [warning] [Decorations] CAPPING events from decorations provider vscode.git 1068
[2022-08-01 13:31:06.730] [exthost] [warning] [Decorations] CAPPING events from decorations provider vscode.git 1069
[2022-08-01 13:31:12.170] [exthost] [warning] [Decorations] CAPPING events from decorations provider vscode.git 1069
[2022-08-01 13:31:17.811] [exthost] [warning] [Decorations] CAPPING events from decorations provider vscode.git 1069
[2022-08-01 13:31:23.280] [exthost] [warning] [Decorations] CAPPING events from decorations provider vscode.git 1069
[2022-08-01 13:31:28.651] [exthost] [warning] [Decorations] CAPPING events from decorations provider vscode.git 1069
[2022-08-01 13:31:34.198] [exthost] [warning] [Decorations] CAPPING events from decorations provider vscode.git 1069
[2022-08-01 13:32:04.819] [exthost] [warning] [Decorations] CAPPING events from decorations provider vscode.git 1069
[2022-08-01 13:32:10.261] [exthost] [warning] [Decorations] CAPPING events from decorations provider vscode.git 1069
[2022-08-01 13:32:15.705] [exthost] [warning] [Decorations] CAPPING events from decorations provider vscode.git 1069
[2022-08-01 13:32:21.048] [exthost] [warning] [Decorations] CAPPING events from decorations provider vscode.git 1069
[2022-08-01 13:32:26.464] [exthost] [warning] [Decorations] CAPPING events from decorations provider vscode.git 1069
[2022-08-01 13:32:31.997] [exthost] [warning] [Decorations] CAPPING events from decorations provider vscode.git 1069
[2022-08-01 13:32:37.409] [exthost] [warning] [Decorations] CAPPING events from decorations provider vscode.git 1069
[2022-08-01 13:32:42.907] [exthost] [warning] [Decorations] CAPPING events from decorations provider vscode.git 1069
[2022-08-01 13:32:53.828] [exthost] [warning] [Decorations] CAPPING events from decorations provider vscode.git 1069
[2022-08-01 13:32:59.260] [exthost] [warning] [Decorations] CAPPING events from decorations provider vscode.git 1069
[2022-08-01 13:33:04.610] [exthost] [warning] [Decorations] CAPPING events from decorations provider vscode.git 1069
[2022-08-01 13:33:10.104] [exthost] [warning] [Decorations] CAPPING events from decorations provider vscode.git 1069
[2022-08-01 13:33:18.380] [exthost] [warning] [Decorations] CAPPING events from decorations provider vscode.git 1069
[2022-08-01 13:33:23.813] [exthost] [warning] [Decorations] CAPPING events from decorations provider vscode.git 1069
[2022-08-01 13:33:29.313] [exthost] [warning] [Decorations] CAPPING events from decorations provider vscode.git 1070
[2022-08-01 13:33:34.679] [exthost] [warning] [Decorations] CAPPING events from decorations provider vscode.git 1070
[2022-08-01 13:33:40.038] [exthost] [warning] [Decorations] CAPPING events from decorations provider vscode.git 1070
[2022-08-01 13:33:45.530] [exthost] [warning] [Decorations] CAPPING events from decorations provider vscode.git 1070
[2022-08-01 13:33:50.953] [exthost] [warning] [Decorations] CAPPING events from decorations provider vscode.git 1070
[2022-08-01 13:33:56.602] [exthost] [warning] [Decorations] CAPPING events from decorations provider vscode.git 1070
[2022-08-01 13:34:01.933] [exthost] [warning] [Decorations] CAPPING events from decorations provider vscode.git 1070
[2022-08-01 13:34:07.311] [exthost] [warning] [Decorations] CAPPING events from decorations provider vscode.git 1070
[2022-08-01 13:34:12.712] [exthost] [warning] [Decorations] CAPPING events from decorations provider vscode.git 1070
[2022-08-01 13:34:18.286] [exthost] [warning] [Decorations] CAPPING events from decorations provider vscode.git 1070
[2022-08-01 13:34:34.309] [exthost] [warning] [Decorations] CAPPING events from decorations provider vscode.git 1070
[2022-08-01 13:34:39.678] [exthost] [warning] [Decorations] CAPPING events from decorations provider vscode.git 1070
[2022-08-01 13:34:45.095] [exthost] [warning] [Decorations] CAPPING events from decorations provider vscode.git 1070
[2022-08-01 13:34:50.415] [exthost] [warning] [Decorations] CAPPING events from decorations provider vscode.git 1070
[2022-08-01 13:34:55.752] [exthost] [warning] [Decorations] CAPPING events from decorations provider vscode.git 1070
[2022-08-01 13:35:01.353] [exthost] [warning] [Decorations] CAPPING events from decorations provider vscode.git 1070
[2022-08-01 13:35:06.722] [exthost] [warning] [Decorations] CAPPING events from decorations provider vscode.git 1070
[2022-08-01 13:35:12.150] [exthost] [warning] [Decorations] CAPPING events from decorations provider vscode.git 1070
[2022-08-01 13:35:17.558] [exthost] [warning] [Decorations] CAPPING events from decorations provider vscode.git 1070
[2022-08-01 13:35:22.894] [exthost] [warning] [Decorations] CAPPING events from decorations provider vscode.git 1070
[2022-08-01 13:35:28.217] [exthost] [warning] [Decorations] CAPPING events from decorations provider vscode.git 1070
[2022-08-01 13:35:33.798] [exthost] [warning] [Decorations] CAPPING events from decorations provider vscode.git 1070
[2022-08-01 13:35:39.313] [exthost] [warning] [Decorations] CAPPING events from decorations provider vscode.git 1070
[2022-08-01 13:35:44.703] [exthost] [warning] [Decorations] CAPPING events from decorations provider vscode.git 1070
[2022-08-01 13:35:50.043] [exthost] [warning] [Decorations] CAPPING events from decorations provider vscode.git 1070
[2022-08-01 13:35:55.378] [exthost] [warning] [Decorations] CAPPING events from decorations provider vscode.git 1070
[2022-08-01 13:36:00.783] [exthost] [warning] [Decorations] CAPPING events from decorations provider vscode.git 1070
[2022-08-01 13:36:06.128] [exthost] [warning] [Decorations] CAPPING events from decorations provider vscode.git 1070
[2022-08-01 13:36:11.884] [exthost] [warning] [Decorations] CAPPING events from decorations provider vscode.git 1070
[2022-08-01 13:36:17.227] [exthost] [warning] [Decorations] CAPPING events from decorations provider vscode.git 1070
[2022-08-01 13:36:22.629] [exthost] [warning] [Decorations] CAPPING events from decorations provider vscode.git 1070
[2022-08-01 13:36:28.050] [exthost] [warning] [Decorations] CAPPING events from decorations provider vscode.git 1070
[2022-08-01 13:36:33.399] [exthost] [warning] [Decorations] CAPPING events from decorations provider vscode.git 1070
[2022-08-01 13:36:38.742] [exthost] [warning] [Decorations] CAPPING events from decorations provider vscode.git 1070
[2022-08-01 13:36:44.117] [exthost] [warning] [Decorations] CAPPING events from decorations provider vscode.git 1070
[2022-08-01 13:36:49.461] [exthost] [warning] [Decorations] CAPPING events from decorations provider vscode.git 1070
[2022-08-01 13:36:54.801] [exthost] [warning] [Decorations] CAPPING events from decorations provider vscode.git 1070
[2022-08-01 13:37:00.194] [exthost] [warning] [Decorations] CAPPING events from decorations provider vscode.git 1070
[2022-08-01 13:37:05.628] [exthost] [warning] [Decorations] CAPPING events from decorations provider vscode.git 1070
[2022-08-01 13:37:11.018] [exthost] [warning] [Decorations] CAPPING events from decorations provider vscode.git 1070
[2022-08-01 13:37:51.307] [exthost] [warning] [Decorations] CAPPING events from decorations provider vscode.git 1070
[2022-08-01 13:37:56.737] [exthost] [warning] [Decorations] CAPPING events from decorations provider vscode.git 1070
[2022-08-01 13:38:02.084] [exthost] [warning] [Decorations] CAPPING events from decorations provider vscode.git 1070
[2022-08-01 13:38:07.441] [exthost] [warning] [Decorations] CAPPING events from decorations provider vscode.git 1070
[2022-08-01 13:38:13.029] [exthost] [warning] [Decorations] CAPPING events from decorations provider vscode.git 1070
[2022-08-01 13:38:18.541] [exthost] [warning] [Decorations] CAPPING events from decorations provider vscode.git 1070
[2022-08-01 13:38:24.424] [exthost] [warning] [Decorations] CAPPING events from decorations provider vscode.git 1070
[2022-08-01 13:38:29.920] [exthost] [warning] [Decorations] CAPPING events from decorations provider vscode.git 1070
[2022-08-01 13:38:35.392] [exthost] [warning] [Decorations] CAPPING events from decorations provider vscode.git 1070
[2022-08-01 13:38:40.965] [exthost] [warning] [Decorations] CAPPING events from decorations provider vscode.git 1070
[2022-08-01 13:38:46.621] [exthost] [warning] [Decorations] CAPPING events from decorations provider vscode.git 1070
[2022-08-01 13:38:52.005] [exthost] [warning] [Decorations] CAPPING events from decorations provider vscode.git 1070
[2022-08-01 13:39:03.837] [exthost] [warning] [Decorations] CAPPING events from decorations provider vscode.git 1070
[2022-08-01 13:39:09.311] [exthost] [warning] [Decorations] CAPPING events from decorations provider vscode.git 1070
[2022-08-01 13:39:14.741] [exthost] [warning] [Decorations] CAPPING events from decorations provider vscode.git 1070
[2022-08-01 13:39:20.078] [exthost] [warning] [Decorations] CAPPING events from decorations provider vscode.git 1070
[2022-08-01 13:39:25.787] [exthost] [warning] [Decorations] CAPPING events from decorations provider vscode.git 1070
[2022-08-01 13:39:31.104] [exthost] [warning] [Decorations] CAPPING events from decorations provider vscode.git 1070
[2022-08-01 13:39:39.848] [exthost] [warning] [Decorations] CAPPING events from decorations provider vscode.git 1070
[2022-08-01 13:39:45.993] [exthost] [warning] [Decorations] CAPPING events from decorations provider vscode.git 1070
[2022-08-01 13:39:52.263] [exthost] [warning] [Decorations] CAPPING events from decorations provider vscode.git 1070
[2022-08-01 13:40:01.160] [exthost] [warning] [Decorations] CAPPING events from decorations provider vscode.git 1069
[2022-08-01 13:40:07.148] [exthost] [warning] [Decorations] CAPPING events from decorations provider vscode.git 1069
[2022-08-01 13:40:24.134] [exthost] [warning] [Decorations] CAPPING events from decorations provider vscode.git 1069
[2022-08-01 13:40:28.256] [exthost] [info] Extension host terminating: received terminate message from renderer
[2022-08-01 13:40:28.377] [exthost] [info] Extension host with pid 28861 exiting with code 0
