[2022-07-21T23:38:36.734Z] Log level: Info
[2022-07-21T23:38:36.735Z] [info] Validating found git in: git
[2022-07-21T23:38:36.778Z] [info] Using git 2.30.2 from git
[2022-07-21T23:38:37.011Z] > git rev-parse --show-toplevel [190ms]
[2022-07-21T23:38:37.769Z] > git rev-parse --git-dir --git-common-dir [711ms]
[2022-07-21T23:38:37.773Z] [info] Open repository: /home/thebuffylow
[2022-07-21T23:38:37.982Z] > git status -z -uall [199ms]
[2022-07-21T23:38:38.005Z] > git symbolic-ref --short HEAD [3ms]
[2022-07-21T23:38:38.028Z] > git for-each-ref --format=%(refname)%00%(upstream:short)%00%(objectname)%00%(upstream:track)%00%(upstream:remotename)%00%(upstream:remoteref) refs/heads/main refs/remotes/main [7ms]
[2022-07-21T23:38:38.065Z] > git for-each-ref --sort -committerdate --format %(refname) %(objectname) %(*objectname) [12ms]
[2022-07-21T23:38:38.072Z] > git remote --verbose [9ms]
[2022-07-21T23:38:38.370Z] > git config --get commit.template [204ms]
[2022-07-21T23:38:38.623Z] > git status -z -uall [207ms]
[2022-07-21T23:38:38.644Z] > git symbolic-ref --short HEAD [4ms]
[2022-07-21T23:38:38.683Z] > git for-each-ref --format=%(refname)%00%(upstream:short)%00%(objectname)%00%(upstream:track)%00%(upstream:remotename)%00%(upstream:remoteref) refs/heads/main refs/remotes/main [18ms]
[2022-07-21T23:38:38.727Z] > git for-each-ref --sort -committerdate --format %(refname) %(objectname) %(*objectname) [15ms]
[2022-07-21T23:38:38.731Z] > git remote --verbose [8ms]
[2022-07-21T23:38:38.773Z] > git config --get commit.template [2ms]
[2022-07-21T23:38:39.035Z] > git check-ignore -v -z --stdin [15ms]
[2022-07-21T23:38:39.271Z] > git show --textconv :fetch_planets.html [20ms]
[2022-07-21T23:38:39.280Z] > git ls-files --stage -- /home/thebuffylow/fetch_planets.html [11ms]
[2022-07-21T23:38:39.294Z] > git cat-file -s fd4c5393768684919ba9f2adb8e663d55dc45408 [3ms]
[2022-07-21T23:38:40.704Z] > git status -z -uall [155ms]
[2022-07-21T23:38:40.711Z] > git symbolic-ref --short HEAD [2ms]
[2022-07-21T23:38:40.718Z] > git for-each-ref --format=%(refname)%00%(upstream:short)%00%(objectname)%00%(upstream:track)%00%(upstream:remotename)%00%(upstream:remoteref) refs/heads/main refs/remotes/main [2ms]
[2022-07-21T23:38:40.730Z] > git for-each-ref --sort -committerdate --format %(refname) %(objectname) %(*objectname) [6ms]
[2022-07-21T23:38:40.734Z] > git remote --verbose [5ms]
[2022-07-21T23:38:40.747Z] > git config --get commit.template [1ms]
[2022-07-21T23:38:45.816Z] > git status -z -uall [61ms]
[2022-07-21T23:38:45.823Z] > git symbolic-ref --short HEAD [1ms]
[2022-07-21T23:38:45.830Z] > git for-each-ref --format=%(refname)%00%(upstream:short)%00%(objectname)%00%(upstream:track)%00%(upstream:remotename)%00%(upstream:remoteref) refs/heads/main refs/remotes/main [2ms]
[2022-07-21T23:38:45.842Z] > git for-each-ref --sort -committerdate --format %(refname) %(objectname) %(*objectname) [7ms]
[2022-07-21T23:38:45.843Z] > git remote --verbose [2ms]
[2022-07-21T23:38:45.853Z] > git config --get commit.template [3ms]
