[2022-07-26T20:03:47.564Z] Log level: Info
[2022-07-26T20:03:47.565Z] [info] Validating found git in: git
[2022-07-26T20:03:47.641Z] [info] Using git 2.30.2 from git
[2022-07-26T20:03:47.724Z] > git rev-parse --show-toplevel [8ms]
[2022-07-26T20:03:47.750Z] > git rev-parse --git-dir --git-common-dir [2ms]
[2022-07-26T20:03:47.761Z] [info] Open repository: /home/thebuffylow
[2022-07-26T20:03:48.468Z] > git status -z -uall [691ms]
[2022-07-26T20:03:48.540Z] > git symbolic-ref --short HEAD [61ms]
[2022-07-26T20:03:48.636Z] > git show --textconv :LC101/Fetch-and-JSON-Studio/index.html [31ms]
[2022-07-26T20:03:48.645Z] > git for-each-ref --format=%(refname)%00%(upstream:short)%00%(objectname)%00%(upstream:track)%00%(upstream:remotename)%00%(upstream:remoteref) refs/heads/main refs/remotes/main [90ms]
[2022-07-26T20:03:48.706Z] > git for-each-ref --sort -committerdate --format %(refname) %(objectname) %(*objectname) [37ms]
[2022-07-26T20:03:48.724Z] > git ls-files --stage -- /home/thebuffylow/LC101/Fetch-and-JSON-Studio/index.html [103ms]
[2022-07-26T20:03:48.729Z] > git remote --verbose [39ms]
[2022-07-26T20:03:49.503Z] > git config --get commit.template [65ms]
[2022-07-26T20:03:49.532Z] > git check-ignore -v -z --stdin [31ms]
[2022-07-26T20:03:49.722Z] > git status -z -uall [191ms]
[2022-07-26T20:03:49.768Z] > git symbolic-ref --short HEAD [20ms]
[2022-07-26T20:03:49.818Z] > git for-each-ref --format=%(refname)%00%(upstream:short)%00%(objectname)%00%(upstream:track)%00%(upstream:remotename)%00%(upstream:remoteref) refs/heads/main refs/remotes/main [19ms]
[2022-07-26T20:03:49.874Z] > git for-each-ref --sort -committerdate --format %(refname) %(objectname) %(*objectname) [17ms]
[2022-07-26T20:03:49.903Z] > git remote --verbose [31ms]
[2022-07-26T20:03:49.979Z] > git config --get commit.template [11ms]
[2022-07-26T20:03:51.357Z] > git check-ignore -v -z --stdin [31ms]
[2022-07-26T20:03:53.915Z] > git status -z -uall [123ms]
[2022-07-26T20:03:53.922Z] > git symbolic-ref --short HEAD [1ms]
[2022-07-26T20:03:53.930Z] > git for-each-ref --format=%(refname)%00%(upstream:short)%00%(objectname)%00%(upstream:track)%00%(upstream:remotename)%00%(upstream:remoteref) refs/heads/main refs/remotes/main [2ms]
[2022-07-26T20:03:53.943Z] > git for-each-ref --sort -committerdate --format %(refname) %(objectname) %(*objectname) [7ms]
[2022-07-26T20:03:53.943Z] > git remote --verbose [1ms]
[2022-07-26T20:03:53.967Z] > git config --get commit.template [5ms]
[2022-07-26T20:03:59.090Z] > git status -z -uall [109ms]
[2022-07-26T20:03:59.105Z] > git symbolic-ref --short HEAD [3ms]
[2022-07-26T20:03:59.118Z] > git for-each-ref --format=%(refname)%00%(upstream:short)%00%(objectname)%00%(upstream:track)%00%(upstream:remotename)%00%(upstream:remoteref) refs/heads/main refs/remotes/main [8ms]
[2022-07-26T20:03:59.142Z] > git remote --verbose [4ms]
[2022-07-26T20:03:59.142Z] > git for-each-ref --sort -committerdate --format %(refname) %(objectname) %(*objectname) [14ms]
[2022-07-26T20:03:59.183Z] > git config --get commit.template [3ms]
[2022-07-26T20:04:08.678Z] > git status -z -uall [210ms]
[2022-07-26T20:04:08.691Z] > git symbolic-ref --short HEAD [3ms]
[2022-07-26T20:04:08.707Z] > git for-each-ref --format=%(refname)%00%(upstream:short)%00%(objectname)%00%(upstream:track)%00%(upstream:remotename)%00%(upstream:remoteref) refs/heads/main refs/remotes/main [5ms]
[2022-07-26T20:04:08.744Z] > git for-each-ref --sort -committerdate --format %(refname) %(objectname) %(*objectname) [31ms]
[2022-07-26T20:04:08.749Z] > git remote --verbose [6ms]
[2022-07-26T20:04:08.795Z] > git config --get commit.template [2ms]
[2022-07-26T20:04:14.078Z] > git status -z -uall [259ms]
[2022-07-26T20:04:14.100Z] > git symbolic-ref --short HEAD [8ms]
[2022-07-26T20:04:14.117Z] > git for-each-ref --format=%(refname)%00%(upstream:short)%00%(objectname)%00%(upstream:track)%00%(upstream:remotename)%00%(upstream:remoteref) refs/heads/main refs/remotes/main [7ms]
[2022-07-26T20:04:14.145Z] > git for-each-ref --sort -committerdate --format %(refname) %(objectname) %(*objectname) [14ms]
[2022-07-26T20:04:14.148Z] > git remote --verbose [7ms]
[2022-07-26T20:04:14.178Z] > git config --get commit.template [5ms]
[2022-07-26T20:04:16.332Z] > git check-ignore -v -z --stdin [18ms]
[2022-07-26T20:04:19.301Z] > git status -z -uall [106ms]
[2022-07-26T20:04:19.313Z] > git symbolic-ref --short HEAD [4ms]
[2022-07-26T20:04:19.321Z] > git for-each-ref --format=%(refname)%00%(upstream:short)%00%(objectname)%00%(upstream:track)%00%(upstream:remotename)%00%(upstream:remoteref) refs/heads/main refs/remotes/main [2ms]
[2022-07-26T20:04:19.343Z] > git for-each-ref --sort -committerdate --format %(refname) %(objectname) %(*objectname) [11ms]
[2022-07-26T20:04:19.346Z] > git remote --verbose [7ms]
[2022-07-26T20:04:19.381Z] > git config --get commit.template [4ms]
[2022-07-26T20:04:24.503Z] > git status -z -uall [91ms]
[2022-07-26T20:04:24.516Z] > git symbolic-ref --short HEAD [4ms]
[2022-07-26T20:04:24.526Z] > git for-each-ref --format=%(refname)%00%(upstream:short)%00%(objectname)%00%(upstream:track)%00%(upstream:remotename)%00%(upstream:remoteref) refs/heads/main refs/remotes/main [1ms]
[2022-07-26T20:04:24.542Z] > git for-each-ref --sort -committerdate --format %(refname) %(objectname) %(*objectname) [8ms]
[2022-07-26T20:04:24.543Z] > git remote --verbose [2ms]
[2022-07-26T20:04:24.565Z] > git config --get commit.template [5ms]
