[2022-07-11 18:51:36.165] [exthost] [info] Extension host with pid 3100 started
[2022-07-11 18:51:36.165] [exthost] [info] Skipping acquiring lock for /home/thebuffylow/.config/Code/User/workspaceStorage/86f4f15395bd0eaa86cd1d0d1e64af70.
[2022-07-11 18:51:37.440] [exthost] [info] ExtensionService#_doActivateExtension vscode.microsoft-authentication, startup: false, activationEvent: 'onAuthenticationRequest:microsoft'
[2022-07-11 18:51:37.579] [exthost] [info] ExtensionService#_doActivateExtension vscode.debug-auto-launch, startup: false, activationEvent: '*'
[2022-07-11 18:51:37.608] [exthost] [info] ExtensionService#_doActivateExtension vscode.git-base, startup: false, activationEvent: '*', root cause: vscode.git
[2022-07-11 18:51:37.644] [exthost] [info] ExtensionService#_doActivateExtension vscode.ipynb, startup: false, activationEvent: '*'
[2022-07-11 18:51:38.729] [exthost] [info] ExtensionService#_doActivateExtension vscode.git, startup: false, activationEvent: '*'
[2022-07-11 18:51:38.824] [exthost] [info] ExtensionService#_doActivateExtension vscode.github, startup: false, activationEvent: '*'
[2022-07-11 18:51:39.531] [exthost] [info] Eager extensions activated
[2022-07-11 18:51:40.136] [exthost] [info] ExtensionService#_doActivateExtension vscode.emmet, startup: false, activationEvent: 'onStartupFinished'
[2022-07-11 18:51:40.179] [exthost] [info] ExtensionService#_doActivateExtension vscode.merge-conflict, startup: false, activationEvent: 'onStartupFinished'
[2022-07-11 18:51:40.543] [exthost] [info] ExtensionService#_doActivateExtension vscode.github-authentication, startup: false, activationEvent: 'onAuthenticationRequest:github'
[2022-07-11 18:52:06.025] [exthost] [info] Extension host terminating: received terminate message from renderer
[2022-07-11 18:52:06.077] [exthost] [info] Extension host with pid 3100 exiting with code 0
[2022-07-11 18:52:11.882] [exthost] [info] Extension host with pid 3209 started
[2022-07-11 18:52:11.882] [exthost] [info] Skipping acquiring lock for /home/thebuffylow/.config/Code/User/workspaceStorage/40819905011401e4c9cba62db0a01b6c.
[2022-07-11 18:52:12.092] [exthost] [info] ExtensionService#_doActivateExtension vscode.microsoft-authentication, startup: false, activationEvent: 'onAuthenticationRequest:microsoft'
[2022-07-11 18:52:12.162] [exthost] [info] ExtensionService#_doActivateExtension vscode.debug-auto-launch, startup: true, activationEvent: '*'
[2022-07-11 18:52:12.194] [exthost] [info] ExtensionService#_doActivateExtension vscode.git-base, startup: true, activationEvent: '*', root cause: vscode.git
[2022-07-11 18:52:12.212] [exthost] [info] ExtensionService#_doActivateExtension vscode.ipynb, startup: true, activationEvent: '*'
[2022-07-11 18:52:12.555] [exthost] [info] ExtensionService#_doActivateExtension vscode.git, startup: true, activationEvent: '*'
[2022-07-11 18:52:12.618] [exthost] [info] ExtensionService#_doActivateExtension vscode.github, startup: true, activationEvent: '*'
[2022-07-11 18:52:13.003] [exthost] [info] Eager extensions activated
[2022-07-11 18:52:13.503] [exthost] [info] ExtensionService#_doActivateExtension vscode.emmet, startup: false, activationEvent: 'onStartupFinished'
[2022-07-11 18:52:13.533] [exthost] [info] ExtensionService#_doActivateExtension vscode.merge-conflict, startup: false, activationEvent: 'onStartupFinished'
[2022-07-11 18:52:14.879] [exthost] [info] ExtensionService#_doActivateExtension vscode.github-authentication, startup: false, activationEvent: 'onAuthenticationRequest:github'
[2022-07-11 18:53:29.968] [exthost] [info] ExtensionService#_doActivateExtension ritwickdey.LiveServer, startup: false, activationEvent: 'onStartupFinished'
[2022-07-11 18:55:29.187] [exthost] [info] ExtensionService#_doActivateExtension vscode.html-language-features, startup: false, activationEvent: 'onLanguage:html'
[2022-07-11 18:57:37.401] [exthost] [info] ExtensionService#_doActivateExtension vscode.typescript-language-features, startup: false, activationEvent: 'onLanguage:javascript'
[2022-07-11 19:19:48.359] [exthost] [info] Extension host terminating: received terminate message from renderer
[2022-07-11 19:19:48.483] [exthost] [error] Error: read ECONNRESET
	at Pipe.onStreamRead (node:internal/stream_base_commons:220:20)
[2022-07-11 19:19:48.484] [exthost] [info] Extension host with pid 3209 exiting with code 0
