[2022-07-15T07:20:15.064Z] Log level: Info
[2022-07-15T07:20:15.065Z] [info] Validating found git in: git
[2022-07-15T07:20:15.186Z] [info] Using git 2.30.2 from git
[2022-07-15T07:20:15.231Z] > git rev-parse --show-toplevel [6ms]
[2022-07-15T07:20:15.691Z] > git rev-parse --git-dir --git-common-dir [448ms]
[2022-07-15T07:20:15.697Z] [info] Open repository: /home/thebuffylow
[2022-07-15T07:20:15.761Z] > git status -z -uall [59ms]
[2022-07-15T07:20:15.771Z] > git symbolic-ref --short HEAD [3ms]
[2022-07-15T07:20:15.786Z] > git for-each-ref --format=%(refname)%00%(upstream:short)%00%(objectname)%00%(upstream:track)%00%(upstream:remotename)%00%(upstream:remoteref) refs/heads/main refs/remotes/main [3ms]
[2022-07-15T07:20:15.850Z] > git remote --verbose [37ms]
[2022-07-15T07:20:15.851Z] > git for-each-ref --sort -committerdate --format %(refname) %(objectname) %(*objectname) [53ms]
[2022-07-15T07:20:16.906Z] > git config --get commit.template [892ms]
[2022-07-15T07:20:16.976Z] > git check-ignore -v -z --stdin [19ms]
[2022-07-15T07:20:16.985Z] > git status -z -uall [45ms]
[2022-07-15T07:20:16.994Z] > git symbolic-ref --short HEAD [2ms]
[2022-07-15T07:20:17.035Z] > git for-each-ref --format=%(refname)%00%(upstream:short)%00%(objectname)%00%(upstream:track)%00%(upstream:remotename)%00%(upstream:remoteref) refs/heads/main refs/remotes/main [4ms]
[2022-07-15T07:20:17.049Z] > git for-each-ref --sort -committerdate --format %(refname) %(objectname) %(*objectname) [8ms]
[2022-07-15T07:20:17.050Z] > git remote --verbose [2ms]
[2022-07-15T07:20:17.103Z] > git config --get commit.template [2ms]
[2022-07-15T07:20:19.285Z] > git status -z -uall [27ms]
[2022-07-15T07:20:19.297Z] > git symbolic-ref --short HEAD [2ms]
[2022-07-15T07:20:19.305Z] > git for-each-ref --format=%(refname)%00%(upstream:short)%00%(objectname)%00%(upstream:track)%00%(upstream:remotename)%00%(upstream:remoteref) refs/heads/main refs/remotes/main [2ms]
[2022-07-15T07:20:19.319Z] > git for-each-ref --sort -committerdate --format %(refname) %(objectname) %(*objectname) [7ms]
[2022-07-15T07:20:19.320Z] > git remote --verbose [2ms]
[2022-07-15T07:20:19.354Z] > git config --get commit.template [2ms]
[2022-07-15T07:20:24.413Z] > git status -z -uall [33ms]
[2022-07-15T07:20:24.422Z] > git symbolic-ref --short HEAD [1ms]
[2022-07-15T07:20:24.431Z] > git for-each-ref --format=%(refname)%00%(upstream:short)%00%(objectname)%00%(upstream:track)%00%(upstream:remotename)%00%(upstream:remoteref) refs/heads/main refs/remotes/main [2ms]
[2022-07-15T07:20:24.447Z] > git for-each-ref --sort -committerdate --format %(refname) %(objectname) %(*objectname) [8ms]
[2022-07-15T07:20:24.447Z] > git remote --verbose [2ms]
[2022-07-15T07:20:24.509Z] > git config --get commit.template [23ms]
