[Info  - 1:50:19 AM] Angular language server process ID: 28189
[Info  - 1:50:19 AM] Using typescript/lib/tsserverlibrary v4.7.4 from /home/thebuffylow/.vscode/extensions/angular.ng-template-14.1.0/node_modules/typescript/lib/tsserverlibrary.js
[Info  - 1:50:19 AM] Using @angular/language-service v14.1.0 from /home/thebuffylow/.vscode/extensions/angular.ng-template-14.1.0/node_modules/@angular/language-service/index.js
[Info  - 1:50:19 AM] Logging is turned off. To enable, run command 'Open Angular server log'.
[Error - 1:50:25 AM] No config file for /home/thebuffylow/js-assignment-6-orbit-report-buffylow/js-assignment-6-orbit-report-buffylow/src/app/app.component.html
[Error - 1:50:28 AM] No config file for /home/thebuffylow/js-assignment-6-orbit-report-buffylow/js-assignment-6-orbit-report-buffylow/src/app/app.component.html
[Error - 1:50:28 AM] No config file for /home/thebuffylow/js-assignment-6-orbit-report-buffylow/js-assignment-6-orbit-report-buffylow/src/app/app.component.html
[Error - 1:50:37 AM] No config file for /home/thebuffylow/js-assignment-6-orbit-report-buffylow/js-assignment-6-orbit-report-buffylow/src/app/app.component.html
[Error - 1:50:43 AM] No config file for /home/thebuffylow/js-assignment-6-orbit-report-buffylow/js-assignment-6-orbit-report-buffylow/src/app/app.component.html
[Error - 1:50:53 AM] No config file for /home/thebuffylow/js-assignment-6-orbit-report-buffylow/js-assignment-6-orbit-report-buffylow/src/app/app.component.html
[Error - 1:50:53 AM] No config file for /home/thebuffylow/js-assignment-6-orbit-report-buffylow/js-assignment-6-orbit-report-buffylow/src/app/app.component.html
[Error - 1:50:53 AM] No config file for /home/thebuffylow/js-assignment-6-orbit-report-buffylow/js-assignment-6-orbit-report-buffylow/src/app/app.component.html
[Error - 1:50:54 AM] No config file for /home/thebuffylow/js-assignment-6-orbit-report-buffylow/js-assignment-6-orbit-report-buffylow/src/app/app.component.html
[Error - 1:50:54 AM] No config file for /home/thebuffylow/js-assignment-6-orbit-report-buffylow/js-assignment-6-orbit-report-buffylow/src/app/app.component.html
[Error - 1:50:55 AM] No config file for /home/thebuffylow/js-assignment-6-orbit-report-buffylow/js-assignment-6-orbit-report-buffylow/src/app/app.component.html
[Error - 1:50:55 AM] No config file for /home/thebuffylow/js-assignment-6-orbit-report-buffylow/js-assignment-6-orbit-report-buffylow/src/app/app.component.html
[Error - 1:50:56 AM] No config file for /home/thebuffylow/js-assignment-6-orbit-report-buffylow/js-assignment-6-orbit-report-buffylow/src/app/app.component.html
[Error - 1:50:58 AM] No config file for /home/thebuffylow/js-assignment-6-orbit-report-buffylow/js-assignment-6-orbit-report-buffylow/src/app/app.component.html
[Error - 1:50:58 AM] No config file for /home/thebuffylow/js-assignment-6-orbit-report-buffylow/js-assignment-6-orbit-report-buffylow/src/app/app.component.html
[Error - 1:51:01 AM] No config file for /home/thebuffylow/js-assignment-6-orbit-report-buffylow/js-assignment-6-orbit-report-buffylow/src/app/app.component.html
[Error - 1:51:01 AM] No config file for /home/thebuffylow/js-assignment-6-orbit-report-buffylow/js-assignment-6-orbit-report-buffylow/src/app/app.component.html
[Error - 1:51:01 AM] No config file for /home/thebuffylow/js-assignment-6-orbit-report-buffylow/js-assignment-6-orbit-report-buffylow/src/app/app.component.html
[Error - 1:51:01 AM] No config file for /home/thebuffylow/js-assignment-6-orbit-report-buffylow/js-assignment-6-orbit-report-buffylow/src/app/app.component.html
[Error - 1:51:01 AM] No config file for /home/thebuffylow/js-assignment-6-orbit-report-buffylow/js-assignment-6-orbit-report-buffylow/src/app/app.component.html
[Error - 1:51:01 AM] No config file for /home/thebuffylow/js-assignment-6-orbit-report-buffylow/js-assignment-6-orbit-report-buffylow/src/app/app.component.html
[Error - 1:51:02 AM] No config file for /home/thebuffylow/js-assignment-6-orbit-report-buffylow/js-assignment-6-orbit-report-buffylow/src/app/app.component.html
[Error - 1:51:02 AM] No config file for /home/thebuffylow/js-assignment-6-orbit-report-buffylow/js-assignment-6-orbit-report-buffylow/src/app/app.component.html
[Error - 1:51:02 AM] No config file for /home/thebuffylow/js-assignment-6-orbit-report-buffylow/js-assignment-6-orbit-report-buffylow/src/app/app.component.html
[Error - 1:51:02 AM] No config file for /home/thebuffylow/js-assignment-6-orbit-report-buffylow/js-assignment-6-orbit-report-buffylow/src/app/app.component.html
[Error - 1:51:03 AM] No config file for /home/thebuffylow/js-assignment-6-orbit-report-buffylow/js-assignment-6-orbit-report-buffylow/src/app/app.component.html
[Error - 1:51:03 AM] No config file for /home/thebuffylow/js-assignment-6-orbit-report-buffylow/js-assignment-6-orbit-report-buffylow/src/app/app.component.html
[Error - 1:51:03 AM] No config file for /home/thebuffylow/js-assignment-6-orbit-report-buffylow/js-assignment-6-orbit-report-buffylow/src/app/app.component.html
[Error - 1:51:03 AM] No config file for /home/thebuffylow/js-assignment-6-orbit-report-buffylow/js-assignment-6-orbit-report-buffylow/src/app/app.component.html
[Error - 1:51:08 AM] No config file for /home/thebuffylow/js-assignment-6-orbit-report-buffylow/js-assignment-6-orbit-report-buffylow/src/app/app.component.html
[Error - 1:51:11 AM] No config file for /home/thebuffylow/js-assignment-6-orbit-report-buffylow/js-assignment-6-orbit-report-buffylow/src/app/app.component.html
[Error - 1:51:17 AM] No config file for /home/thebuffylow/js-assignment-6-orbit-report-buffylow/js-assignment-6-orbit-report-buffylow/src/app/app.component.html
[Error - 1:51:26 AM] No config file for /home/thebuffylow/js-assignment-6-orbit-report-buffylow/js-assignment-6-orbit-report-buffylow/src/app/app.component.html
[Error - 1:51:35 AM] No config file for /home/thebuffylow/js-assignment-6-orbit-report-buffylow/js-assignment-6-orbit-report-buffylow/src/app/app.component.html
[Error - 1:51:41 AM] No config file for /home/thebuffylow/js-assignment-6-orbit-report-buffylow/js-assignment-6-orbit-report-buffylow/src/app/app.component.html
[Error - 1:51:41 AM] No config file for /home/thebuffylow/js-assignment-6-orbit-report-buffylow/js-assignment-6-orbit-report-buffylow/src/app/app.component.html
[Error - 1:51:43 AM] No config file for /home/thebuffylow/js-assignment-6-orbit-report-buffylow/js-assignment-6-orbit-report-buffylow/src/app/app.component.html
[Error - 1:51:43 AM] No config file for /home/thebuffylow/js-assignment-6-orbit-report-buffylow/js-assignment-6-orbit-report-buffylow/src/app/app.component.html
[Error - 1:51:46 AM] No config file for /home/thebuffylow/js-assignment-6-orbit-report-buffylow/js-assignment-6-orbit-report-buffylow/src/app/app.component.html
[Error - 1:51:46 AM] No config file for /home/thebuffylow/js-assignment-6-orbit-report-buffylow/js-assignment-6-orbit-report-buffylow/src/app/app.component.html
[Error - 1:51:48 AM] No config file for /home/thebuffylow/js-assignment-6-orbit-report-buffylow/js-assignment-6-orbit-report-buffylow/src/app/app.component.html
[Error - 1:51:50 AM] No config file for /home/thebuffylow/js-assignment-6-orbit-report-buffylow/js-assignment-6-orbit-report-buffylow/src/app/app.component.html
[Error - 1:51:51 AM] No config file for /home/thebuffylow/js-assignment-6-orbit-report-buffylow/js-assignment-6-orbit-report-buffylow/src/app/app.component.html
[Error - 1:51:52 AM] No config file for /home/thebuffylow/js-assignment-6-orbit-report-buffylow/js-assignment-6-orbit-report-buffylow/src/app/app.component.html
[Error - 1:51:53 AM] No config file for /home/thebuffylow/js-assignment-6-orbit-report-buffylow/js-assignment-6-orbit-report-buffylow/src/app/app.component.html
[Error - 1:52:07 AM] No config file for /home/thebuffylow/js-assignment-6-orbit-report-buffylow/js-assignment-6-orbit-report-buffylow/src/app/app.component.html
[Error - 1:52:12 AM] No config file for /home/thebuffylow/js-assignment-6-orbit-report-buffylow/js-assignment-6-orbit-report-buffylow/src/app/app.component.html
[Error - 1:52:31 AM] No config file for /home/thebuffylow/js-assignment-6-orbit-report-buffylow/js-assignment-6-orbit-report-buffylow/src/app/app.component.html
[Error - 1:52:44 AM] No config file for /home/thebuffylow/js-assignment-6-orbit-report-buffylow/js-assignment-6-orbit-report-buffylow/src/app/app.component.html
[Error - 1:52:47 AM] No config file for /home/thebuffylow/js-assignment-6-orbit-report-buffylow/js-assignment-6-orbit-report-buffylow/src/app/app.component.html
[Info  - 1:52:56 AM] Enabling Ivy language service for /home/thebuffylow/js-assignment-6-orbit-report-buffylow/js-assignment-6-orbit-report-buffylow/tsconfig.json.
