[2022-07-15T02:09:42.034Z] Log level: Info
[2022-07-15T02:09:42.039Z] [info] Validating found git in: git
[2022-07-15T02:09:42.157Z] [info] Using git 2.30.2 from git
[2022-07-15T02:09:42.217Z] > git rev-parse --show-toplevel [35ms]
[2022-07-15T02:09:42.610Z] > git rev-parse --git-dir --git-common-dir [372ms]
[2022-07-15T02:09:42.628Z] [info] Open repository: /home/thebuffylow/LC101/js-assignment-4-html-me-something-buffylow
[2022-07-15T02:09:43.653Z] > git status -z -uall [1004ms]
[2022-07-15T02:09:43.661Z] > git check-ignore -v -z --stdin [39ms]
[2022-07-15T02:09:43.662Z] > git symbolic-ref --short HEAD [4ms]
[2022-07-15T02:09:43.674Z] > git for-each-ref --format=%(refname)%00%(upstream:short)%00%(objectname)%00%(upstream:track)%00%(upstream:remotename)%00%(upstream:remoteref) refs/heads/main refs/remotes/main [6ms]
[2022-07-15T02:09:43.693Z] > git remote --verbose [8ms]
[2022-07-15T02:09:43.696Z] > git for-each-ref --sort -committerdate --format %(refname) %(objectname) %(*objectname) [16ms]
[2022-07-15T02:09:43.760Z] > git config --get commit.template [12ms]
[2022-07-15T02:09:43.974Z] > git status -z -uall [200ms]
[2022-07-15T02:09:43.986Z] > git symbolic-ref --short HEAD [3ms]
[2022-07-15T02:09:44.016Z] > git for-each-ref --format=%(refname)%00%(upstream:short)%00%(objectname)%00%(upstream:track)%00%(upstream:remotename)%00%(upstream:remoteref) refs/heads/main refs/remotes/main [15ms]
[2022-07-15T02:09:44.047Z] > git remote --verbose [4ms]
[2022-07-15T02:09:44.047Z] > git for-each-ref --sort -committerdate --format %(refname) %(objectname) %(*objectname) [15ms]
[2022-07-15T02:09:44.120Z] > git config --get commit.template [22ms]
[2022-07-15T02:19:41.776Z] > git show --textconv :index.html [211ms]
[2022-07-15T02:19:41.776Z] > git ls-files --stage -- /home/thebuffylow/LC101/js-assignment-4-html-me-something-buffylow/index.html [161ms]
[2022-07-15T02:19:41.794Z] > git cat-file -s cbb3d05e8aa3ada9d3dc47d9e386ed5f25b866d2 [11ms]
[2022-07-15T02:19:59.843Z] > git status -z -uall [431ms]
[2022-07-15T02:19:59.860Z] > git symbolic-ref --short HEAD [4ms]
[2022-07-15T02:19:59.879Z] > git for-each-ref --format=%(refname)%00%(upstream:short)%00%(objectname)%00%(upstream:track)%00%(upstream:remotename)%00%(upstream:remoteref) refs/heads/main refs/remotes/main [6ms]
[2022-07-15T02:19:59.897Z] > git for-each-ref --sort -committerdate --format %(refname) %(objectname) %(*objectname) [10ms]
[2022-07-15T02:19:59.900Z] > git remote --verbose [6ms]
[2022-07-15T02:19:59.921Z] > git config --get commit.template [2ms]
[2022-07-15T02:32:41.910Z] > git status -z -uall [241ms]
[2022-07-15T02:32:41.928Z] > git symbolic-ref --short HEAD [4ms]
[2022-07-15T02:32:41.943Z] > git for-each-ref --format=%(refname)%00%(upstream:short)%00%(objectname)%00%(upstream:track)%00%(upstream:remotename)%00%(upstream:remoteref) refs/heads/main refs/remotes/main [5ms]
[2022-07-15T02:32:41.963Z] > git remote --verbose [3ms]
[2022-07-15T02:32:41.966Z] > git for-each-ref --sort -committerdate --format %(refname) %(objectname) %(*objectname) [13ms]
[2022-07-15T02:32:41.992Z] > git config --get commit.template [4ms]
[2022-07-15T02:40:31.482Z] > git status -z -uall [195ms]
[2022-07-15T02:40:31.489Z] > git symbolic-ref --short HEAD [2ms]
[2022-07-15T02:40:31.497Z] > git for-each-ref --format=%(refname)%00%(upstream:short)%00%(objectname)%00%(upstream:track)%00%(upstream:remotename)%00%(upstream:remoteref) refs/heads/main refs/remotes/main [3ms]
[2022-07-15T02:40:31.507Z] > git for-each-ref --sort -committerdate --format %(refname) %(objectname) %(*objectname) [6ms]
[2022-07-15T02:40:31.508Z] > git remote --verbose [2ms]
[2022-07-15T02:40:31.518Z] > git config --get commit.template [2ms]
[2022-07-15T03:12:51.947Z] > git status -z -uall [255ms]
[2022-07-15T03:12:51.964Z] > git symbolic-ref --short HEAD [5ms]
[2022-07-15T03:12:52.049Z] > git for-each-ref --format=%(refname)%00%(upstream:short)%00%(objectname)%00%(upstream:track)%00%(upstream:remotename)%00%(upstream:remoteref) refs/heads/main refs/remotes/main [8ms]
[2022-07-15T03:12:52.128Z] > git for-each-ref --sort -committerdate --format %(refname) %(objectname) %(*objectname) [69ms]
[2022-07-15T03:12:52.132Z] > git remote --verbose [23ms]
[2022-07-15T03:12:52.164Z] > git config --get commit.template [17ms]
[2022-07-15T03:39:12.350Z] > git status -z -uall [266ms]
[2022-07-15T03:39:12.363Z] > git symbolic-ref --short HEAD [7ms]
[2022-07-15T03:39:12.375Z] > git for-each-ref --format=%(refname)%00%(upstream:short)%00%(objectname)%00%(upstream:track)%00%(upstream:remotename)%00%(upstream:remoteref) refs/heads/main refs/remotes/main [2ms]
[2022-07-15T03:39:12.406Z] > git for-each-ref --sort -committerdate --format %(refname) %(objectname) %(*objectname) [16ms]
[2022-07-15T03:39:12.407Z] > git remote --verbose [5ms]
[2022-07-15T03:39:12.425Z] > git config --get commit.template [2ms]
[2022-07-15T04:18:14.152Z] > git check-ignore -v -z --stdin [15ms]
[2022-07-15T04:20:15.798Z] > git check-ignore -v -z --stdin [11ms]
[2022-07-15T04:20:18.028Z] > git check-ignore -v -z --stdin [7ms]
[2022-07-15T04:20:20.980Z] > git check-ignore -v -z --stdin [2ms]
[2022-07-15T04:20:40.775Z] > git check-ignore -v -z --stdin [17ms]
[2022-07-15T04:20:41.456Z] > git status -z -uall [172ms]
[2022-07-15T04:20:41.462Z] > git symbolic-ref --short HEAD [1ms]
[2022-07-15T04:20:41.470Z] > git for-each-ref --format=%(refname)%00%(upstream:short)%00%(objectname)%00%(upstream:track)%00%(upstream:remotename)%00%(upstream:remoteref) refs/heads/main refs/remotes/main [2ms]
[2022-07-15T04:20:41.481Z] > git for-each-ref --sort -committerdate --format %(refname) %(objectname) %(*objectname) [5ms]
[2022-07-15T04:20:41.482Z] > git remote --verbose [2ms]
[2022-07-15T04:20:41.494Z] > git config --get commit.template [3ms]
[2022-07-15T04:27:03.819Z] > git status -z -uall [164ms]
[2022-07-15T04:27:03.829Z] > git symbolic-ref --short HEAD [1ms]
[2022-07-15T04:27:03.838Z] > git for-each-ref --format=%(refname)%00%(upstream:short)%00%(objectname)%00%(upstream:track)%00%(upstream:remotename)%00%(upstream:remoteref) refs/heads/main refs/remotes/main [1ms]
[2022-07-15T04:27:03.858Z] > git remote --verbose [2ms]
[2022-07-15T04:27:03.858Z] > git for-each-ref --sort -committerdate --format %(refname) %(objectname) %(*objectname) [8ms]
[2022-07-15T04:27:03.877Z] > git config --get commit.template [3ms]
[2022-07-15T04:28:53.435Z] > git status -z -uall [304ms]
[2022-07-15T04:28:53.487Z] > git symbolic-ref --short HEAD [1ms]
[2022-07-15T04:28:53.507Z] > git for-each-ref --format=%(refname)%00%(upstream:short)%00%(objectname)%00%(upstream:track)%00%(upstream:remotename)%00%(upstream:remoteref) refs/heads/main refs/remotes/main [8ms]
[2022-07-15T04:28:53.541Z] > git for-each-ref --sort -committerdate --format %(refname) %(objectname) %(*objectname) [26ms]
[2022-07-15T04:28:53.541Z] > git remote --verbose [1ms]
[2022-07-15T04:28:53.575Z] > git config --get commit.template [5ms]
[2022-07-15T04:33:25.900Z] > git status -z -uall [306ms]
[2022-07-15T04:33:25.909Z] > git symbolic-ref --short HEAD [2ms]
[2022-07-15T04:33:25.916Z] > git for-each-ref --format=%(refname)%00%(upstream:short)%00%(objectname)%00%(upstream:track)%00%(upstream:remotename)%00%(upstream:remoteref) refs/heads/main refs/remotes/main [2ms]
[2022-07-15T04:33:25.933Z] > git for-each-ref --sort -committerdate --format %(refname) %(objectname) %(*objectname) [11ms]
[2022-07-15T04:33:25.934Z] > git remote --verbose [3ms]
[2022-07-15T04:33:25.959Z] > git config --get commit.template [7ms]
[2022-07-15T04:34:14.210Z] > git status -z -uall [194ms]
[2022-07-15T04:34:14.221Z] > git symbolic-ref --short HEAD [1ms]
[2022-07-15T04:34:14.314Z] > git for-each-ref --format=%(refname)%00%(upstream:short)%00%(objectname)%00%(upstream:track)%00%(upstream:remotename)%00%(upstream:remoteref) refs/heads/main refs/remotes/main [6ms]
[2022-07-15T04:34:14.409Z] > git for-each-ref --sort -committerdate --format %(refname) %(objectname) %(*objectname) [32ms]
[2022-07-15T04:34:14.414Z] > git remote --verbose [7ms]
[2022-07-15T04:34:14.476Z] > git config --get commit.template [31ms]
[2022-07-15T04:35:17.677Z] > git status -z -uall [172ms]
[2022-07-15T04:35:17.689Z] > git symbolic-ref --short HEAD [3ms]
[2022-07-15T04:35:17.700Z] > git for-each-ref --format=%(refname)%00%(upstream:short)%00%(objectname)%00%(upstream:track)%00%(upstream:remotename)%00%(upstream:remoteref) refs/heads/main refs/remotes/main [6ms]
[2022-07-15T04:35:17.743Z] > git remote --verbose [11ms]
[2022-07-15T04:35:17.747Z] > git for-each-ref --sort -committerdate --format %(refname) %(objectname) %(*objectname) [35ms]
[2022-07-15T04:35:17.790Z] > git config --get commit.template [17ms]
[2022-07-15T04:36:46.852Z] > git status -z -uall [241ms]
[2022-07-15T04:36:46.894Z] > git symbolic-ref --short HEAD [3ms]
[2022-07-15T04:36:46.908Z] > git for-each-ref --format=%(refname)%00%(upstream:short)%00%(objectname)%00%(upstream:track)%00%(upstream:remotename)%00%(upstream:remoteref) refs/heads/main refs/remotes/main [6ms]
[2022-07-15T04:36:46.953Z] > git for-each-ref --sort -committerdate --format %(refname) %(objectname) %(*objectname) [13ms]
[2022-07-15T04:36:46.965Z] > git remote --verbose [14ms]
[2022-07-15T04:36:47.050Z] > git config --get commit.template [21ms]
[2022-07-15T04:37:54.223Z] > git status -z -uall [157ms]
[2022-07-15T04:37:54.311Z] > git symbolic-ref --short HEAD [72ms]
[2022-07-15T04:37:54.351Z] > git for-each-ref --format=%(refname)%00%(upstream:short)%00%(objectname)%00%(upstream:track)%00%(upstream:remotename)%00%(upstream:remoteref) refs/heads/main refs/remotes/main [6ms]
[2022-07-15T04:37:54.431Z] > git for-each-ref --sort -committerdate --format %(refname) %(objectname) %(*objectname) [22ms]
[2022-07-15T04:37:54.433Z] > git remote --verbose [7ms]
[2022-07-15T04:37:54.455Z] > git config --get commit.template [5ms]
[2022-07-15T04:46:02.022Z] > git status -z -uall [121ms]
[2022-07-15T04:46:02.031Z] > git symbolic-ref --short HEAD [4ms]
[2022-07-15T04:46:02.040Z] > git for-each-ref --format=%(refname)%00%(upstream:short)%00%(objectname)%00%(upstream:track)%00%(upstream:remotename)%00%(upstream:remoteref) refs/heads/main refs/remotes/main [1ms]
[2022-07-15T04:46:02.056Z] > git for-each-ref --sort -committerdate --format %(refname) %(objectname) %(*objectname) [6ms]
[2022-07-15T04:46:02.057Z] > git remote --verbose [2ms]
[2022-07-15T04:46:02.074Z] > git config --get commit.template [4ms]
[2022-07-15T04:46:07.205Z] > git status -z -uall [113ms]
[2022-07-15T04:46:07.211Z] > git symbolic-ref --short HEAD [1ms]
[2022-07-15T04:46:07.218Z] > git for-each-ref --format=%(refname)%00%(upstream:short)%00%(objectname)%00%(upstream:track)%00%(upstream:remotename)%00%(upstream:remoteref) refs/heads/main refs/remotes/main [2ms]
[2022-07-15T04:46:07.230Z] > git for-each-ref --sort -committerdate --format %(refname) %(objectname) %(*objectname) [6ms]
[2022-07-15T04:46:07.230Z] > git remote --verbose [1ms]
[2022-07-15T04:46:07.240Z] > git config --get commit.template [2ms]
[2022-07-15T04:47:45.173Z] > git status -z -uall [225ms]
[2022-07-15T04:47:45.191Z] > git symbolic-ref --short HEAD [12ms]
[2022-07-15T04:47:45.207Z] > git for-each-ref --format=%(refname)%00%(upstream:short)%00%(objectname)%00%(upstream:track)%00%(upstream:remotename)%00%(upstream:remoteref) refs/heads/main refs/remotes/main [3ms]
[2022-07-15T04:47:45.221Z] > git for-each-ref --sort -committerdate --format %(refname) %(objectname) %(*objectname) [7ms]
[2022-07-15T04:47:45.221Z] > git remote --verbose [1ms]
[2022-07-15T04:47:45.237Z] > git config --get commit.template [1ms]
[2022-07-15T04:50:28.078Z] > git status -z -uall [249ms]
[2022-07-15T04:50:28.093Z] > git symbolic-ref --short HEAD [2ms]
[2022-07-15T04:50:28.108Z] > git for-each-ref --format=%(refname)%00%(upstream:short)%00%(objectname)%00%(upstream:track)%00%(upstream:remotename)%00%(upstream:remoteref) refs/heads/main refs/remotes/main [6ms]
[2022-07-15T04:50:28.131Z] > git for-each-ref --sort -committerdate --format %(refname) %(objectname) %(*objectname) [17ms]
[2022-07-15T04:50:28.135Z] > git remote --verbose [6ms]
[2022-07-15T04:50:28.158Z] > git config --get commit.template [3ms]
[2022-07-15T04:55:43.982Z] > git status -z -uall [206ms]
[2022-07-15T04:55:43.997Z] > git symbolic-ref --short HEAD [6ms]
[2022-07-15T04:55:44.009Z] > git for-each-ref --format=%(refname)%00%(upstream:short)%00%(objectname)%00%(upstream:track)%00%(upstream:remotename)%00%(upstream:remoteref) refs/heads/main refs/remotes/main [2ms]
[2022-07-15T04:55:44.028Z] > git for-each-ref --sort -committerdate --format %(refname) %(objectname) %(*objectname) [11ms]
[2022-07-15T04:55:44.030Z] > git remote --verbose [3ms]
[2022-07-15T04:55:44.047Z] > git config --get commit.template [6ms]
[2022-07-15T05:17:38.527Z] > git status -z -uall [153ms]
[2022-07-15T05:17:38.535Z] > git symbolic-ref --short HEAD [2ms]
[2022-07-15T05:17:38.544Z] > git for-each-ref --format=%(refname)%00%(upstream:short)%00%(objectname)%00%(upstream:track)%00%(upstream:remotename)%00%(upstream:remoteref) refs/heads/main refs/remotes/main [2ms]
[2022-07-15T05:17:38.557Z] > git remote --verbose [2ms]
[2022-07-15T05:17:38.557Z] > git for-each-ref --sort -committerdate --format %(refname) %(objectname) %(*objectname) [8ms]
[2022-07-15T05:17:38.568Z] > git config --get commit.template [2ms]
[2022-07-15T05:18:44.105Z] > git status -z -uall [198ms]
[2022-07-15T05:18:44.119Z] > git symbolic-ref --short HEAD [5ms]
[2022-07-15T05:18:44.129Z] > git for-each-ref --format=%(refname)%00%(upstream:short)%00%(objectname)%00%(upstream:track)%00%(upstream:remotename)%00%(upstream:remoteref) refs/heads/main refs/remotes/main [3ms]
[2022-07-15T05:18:44.149Z] > git for-each-ref --sort -committerdate --format %(refname) %(objectname) %(*objectname) [8ms]
[2022-07-15T05:18:44.149Z] > git remote --verbose [1ms]
[2022-07-15T05:18:44.178Z] > git config --get commit.template [3ms]
[2022-07-15T05:22:40.025Z] > git status -z -uall [191ms]
[2022-07-15T05:22:40.040Z] > git symbolic-ref --short HEAD [3ms]
[2022-07-15T05:22:40.051Z] > git for-each-ref --format=%(refname)%00%(upstream:short)%00%(objectname)%00%(upstream:track)%00%(upstream:remotename)%00%(upstream:remoteref) refs/heads/main refs/remotes/main [5ms]
[2022-07-15T05:22:40.067Z] > git for-each-ref --sort -committerdate --format %(refname) %(objectname) %(*objectname) [9ms]
[2022-07-15T05:22:40.070Z] > git remote --verbose [4ms]
[2022-07-15T05:22:40.115Z] > git config --get commit.template [8ms]
[2022-07-15T05:24:37.942Z] > git status -z -uall [258ms]
[2022-07-15T05:24:37.957Z] > git symbolic-ref --short HEAD [10ms]
[2022-07-15T05:24:37.972Z] > git for-each-ref --format=%(refname)%00%(upstream:short)%00%(objectname)%00%(upstream:track)%00%(upstream:remotename)%00%(upstream:remoteref) refs/heads/main refs/remotes/main [5ms]
[2022-07-15T05:24:38.089Z] > git for-each-ref --sort -committerdate --format %(refname) %(objectname) %(*objectname) [108ms]
[2022-07-15T05:24:38.097Z] > git remote --verbose [10ms]
[2022-07-15T05:24:38.145Z] > git config --get commit.template [5ms]
[2022-07-15T05:26:34.749Z] > git status -z -uall [162ms]
[2022-07-15T05:26:34.760Z] > git symbolic-ref --short HEAD [6ms]
[2022-07-15T05:26:34.779Z] > git for-each-ref --format=%(refname)%00%(upstream:short)%00%(objectname)%00%(upstream:track)%00%(upstream:remotename)%00%(upstream:remoteref) refs/heads/main refs/remotes/main [2ms]
[2022-07-15T05:26:34.812Z] > git remote --verbose [10ms]
[2022-07-15T05:26:34.813Z] > git for-each-ref --sort -committerdate --format %(refname) %(objectname) %(*objectname) [23ms]
[2022-07-15T05:26:34.861Z] > git config --get commit.template [17ms]
[2022-07-15T05:29:07.538Z] > git status -z -uall [292ms]
[2022-07-15T05:29:07.621Z] > git symbolic-ref --short HEAD [39ms]
[2022-07-15T05:29:07.672Z] > git for-each-ref --format=%(refname)%00%(upstream:short)%00%(objectname)%00%(upstream:track)%00%(upstream:remotename)%00%(upstream:remoteref) refs/heads/main refs/remotes/main [14ms]
[2022-07-15T05:29:07.696Z] > git for-each-ref --sort -committerdate --format %(refname) %(objectname) %(*objectname) [14ms]
[2022-07-15T05:29:07.702Z] > git remote --verbose [7ms]
[2022-07-15T05:29:07.985Z] > git config --get commit.template [181ms]
[2022-07-15T05:38:02.509Z] > git status -z -uall [209ms]
[2022-07-15T05:38:02.536Z] > git symbolic-ref --short HEAD [5ms]
[2022-07-15T05:38:02.579Z] > git for-each-ref --format=%(refname)%00%(upstream:short)%00%(objectname)%00%(upstream:track)%00%(upstream:remotename)%00%(upstream:remoteref) refs/heads/main refs/remotes/main [3ms]
[2022-07-15T05:38:02.612Z] > git for-each-ref --sort -committerdate --format %(refname) %(objectname) %(*objectname) [25ms]
[2022-07-15T05:38:02.621Z] > git remote --verbose [11ms]
[2022-07-15T05:38:02.688Z] > git config --get commit.template [9ms]
[2022-07-15T05:39:53.402Z] > git show --textconv :styles.css [14ms]
[2022-07-15T05:39:53.410Z] > git ls-files --stage -- /home/thebuffylow/LC101/js-assignment-4-html-me-something-buffylow/styles.css [9ms]
[2022-07-15T05:39:53.436Z] > git cat-file -s 067ff448145be4d96740eb3a01a3244f27be1812 [9ms]
[2022-07-15T05:43:02.013Z] > git show --textconv :index.html [10ms]
[2022-07-15T05:43:02.014Z] > git ls-files --stage -- /home/thebuffylow/LC101/js-assignment-4-html-me-something-buffylow/index.html [3ms]
[2022-07-15T05:43:02.026Z] > git cat-file -s cbb3d05e8aa3ada9d3dc47d9e386ed5f25b866d2 [6ms]
[2022-07-15T05:43:16.481Z] > git status -z -uall [177ms]
[2022-07-15T05:43:16.494Z] > git symbolic-ref --short HEAD [5ms]
[2022-07-15T05:43:16.504Z] > git for-each-ref --format=%(refname)%00%(upstream:short)%00%(objectname)%00%(upstream:track)%00%(upstream:remotename)%00%(upstream:remoteref) refs/heads/main refs/remotes/main [5ms]
[2022-07-15T05:43:16.525Z] > git for-each-ref --sort -committerdate --format %(refname) %(objectname) %(*objectname) [13ms]
[2022-07-15T05:43:16.528Z] > git remote --verbose [5ms]
[2022-07-15T05:43:16.572Z] > git config --get commit.template [26ms]
[2022-07-15T05:45:20.773Z] > git show --textconv :styles.css [7ms]
[2022-07-15T05:45:20.776Z] > git ls-files --stage -- /home/thebuffylow/LC101/js-assignment-4-html-me-something-buffylow/styles.css [3ms]
[2022-07-15T05:45:20.783Z] > git cat-file -s 067ff448145be4d96740eb3a01a3244f27be1812 [1ms]
[2022-07-15T05:45:32.039Z] > git status -z -uall [247ms]
[2022-07-15T05:45:32.052Z] > git symbolic-ref --short HEAD [5ms]
[2022-07-15T05:45:32.063Z] > git for-each-ref --format=%(refname)%00%(upstream:short)%00%(objectname)%00%(upstream:track)%00%(upstream:remotename)%00%(upstream:remoteref) refs/heads/main refs/remotes/main [6ms]
[2022-07-15T05:45:32.083Z] > git for-each-ref --sort -committerdate --format %(refname) %(objectname) %(*objectname) [13ms]
[2022-07-15T05:45:32.086Z] > git remote --verbose [4ms]
[2022-07-15T05:45:32.114Z] > git config --get commit.template [10ms]
[2022-07-15T05:47:22.089Z] > git status -z -uall [164ms]
[2022-07-15T05:47:22.100Z] > git symbolic-ref --short HEAD [4ms]
[2022-07-15T05:47:22.112Z] > git for-each-ref --format=%(refname)%00%(upstream:short)%00%(objectname)%00%(upstream:track)%00%(upstream:remotename)%00%(upstream:remoteref) refs/heads/main refs/remotes/main [4ms]
[2022-07-15T05:47:22.175Z] > git remote --verbose [6ms]
[2022-07-15T05:47:22.175Z] > git for-each-ref --sort -committerdate --format %(refname) %(objectname) %(*objectname) [30ms]
[2022-07-15T05:47:22.208Z] > git config --get commit.template [10ms]
[2022-07-15T05:48:07.864Z] > git status -z -uall [178ms]
[2022-07-15T05:48:07.880Z] > git symbolic-ref --short HEAD [1ms]
[2022-07-15T05:48:07.896Z] > git for-each-ref --format=%(refname)%00%(upstream:short)%00%(objectname)%00%(upstream:track)%00%(upstream:remotename)%00%(upstream:remoteref) refs/heads/main refs/remotes/main [3ms]
[2022-07-15T05:48:07.913Z] > git for-each-ref --sort -committerdate --format %(refname) %(objectname) %(*objectname) [11ms]
[2022-07-15T05:48:07.914Z] > git remote --verbose [2ms]
[2022-07-15T05:48:07.949Z] > git config --get commit.template [11ms]
[2022-07-15T06:01:14.980Z] > git status -z -uall [134ms]
[2022-07-15T06:01:14.989Z] > git symbolic-ref --short HEAD [2ms]
[2022-07-15T06:01:14.996Z] > git for-each-ref --format=%(refname)%00%(upstream:short)%00%(objectname)%00%(upstream:track)%00%(upstream:remotename)%00%(upstream:remoteref) refs/heads/main refs/remotes/main [2ms]
[2022-07-15T06:01:15.010Z] > git for-each-ref --sort -committerdate --format %(refname) %(objectname) %(*objectname) [6ms]
[2022-07-15T06:01:15.011Z] > git remote --verbose [2ms]
[2022-07-15T06:01:15.023Z] > git config --get commit.template [1ms]
[2022-07-15T06:01:18.121Z] > git show --textconv :index.html [16ms]
[2022-07-15T06:01:18.124Z] > git ls-files --stage -- /home/thebuffylow/LC101/js-assignment-4-html-me-something-buffylow/index.html [4ms]
[2022-07-15T06:01:18.133Z] > git cat-file -s cbb3d05e8aa3ada9d3dc47d9e386ed5f25b866d2 [3ms]
[2022-07-15T06:01:59.378Z] > git show --textconv :styles.css [12ms]
[2022-07-15T06:01:59.387Z] > git ls-files --stage -- /home/thebuffylow/LC101/js-assignment-4-html-me-something-buffylow/styles.css [9ms]
[2022-07-15T06:01:59.402Z] > git cat-file -s 067ff448145be4d96740eb3a01a3244f27be1812 [7ms]
[2022-07-15T06:02:12.448Z] > git status -z -uall [245ms]
[2022-07-15T06:02:12.467Z] > git symbolic-ref --short HEAD [3ms]
[2022-07-15T06:02:12.496Z] > git for-each-ref --format=%(refname)%00%(upstream:short)%00%(objectname)%00%(upstream:track)%00%(upstream:remotename)%00%(upstream:remoteref) refs/heads/main refs/remotes/main [8ms]
[2022-07-15T06:02:12.559Z] > git remote --verbose [5ms]
[2022-07-15T06:02:12.559Z] > git for-each-ref --sort -committerdate --format %(refname) %(objectname) %(*objectname) [46ms]
[2022-07-15T06:02:12.641Z] > git config --get commit.template [28ms]
[2022-07-15T06:03:01.662Z] > git status -z -uall [195ms]
[2022-07-15T06:03:01.678Z] > git symbolic-ref --short HEAD [3ms]
[2022-07-15T06:03:01.692Z] > git for-each-ref --format=%(refname)%00%(upstream:short)%00%(objectname)%00%(upstream:track)%00%(upstream:remotename)%00%(upstream:remoteref) refs/heads/main refs/remotes/main [4ms]
[2022-07-15T06:03:01.738Z] > git for-each-ref --sort -committerdate --format %(refname) %(objectname) %(*objectname) [20ms]
[2022-07-15T06:03:01.772Z] > git remote --verbose [35ms]
[2022-07-15T06:03:01.857Z] > git config --get commit.template [46ms]
[2022-07-15T06:05:10.008Z] > git show --textconv :index.html [12ms]
[2022-07-15T06:05:10.014Z] > git ls-files --stage -- /home/thebuffylow/LC101/js-assignment-4-html-me-something-buffylow/index.html [8ms]
[2022-07-15T06:05:10.026Z] > git cat-file -s cbb3d05e8aa3ada9d3dc47d9e386ed5f25b866d2 [3ms]
[2022-07-15T06:07:04.741Z] > git show --textconv :styles.css [19ms]
[2022-07-15T06:07:04.742Z] > git ls-files --stage -- /home/thebuffylow/LC101/js-assignment-4-html-me-something-buffylow/styles.css [6ms]
[2022-07-15T06:07:04.784Z] > git cat-file -s 067ff448145be4d96740eb3a01a3244f27be1812 [3ms]
[2022-07-15T06:08:06.204Z] > git show --textconv :index.html [7ms]
[2022-07-15T06:08:06.211Z] > git ls-files --stage -- /home/thebuffylow/LC101/js-assignment-4-html-me-something-buffylow/index.html [7ms]
[2022-07-15T06:08:06.225Z] > git cat-file -s cbb3d05e8aa3ada9d3dc47d9e386ed5f25b866d2 [4ms]
[2022-07-15T06:08:52.560Z] > git show --textconv :styles.css [8ms]
[2022-07-15T06:08:52.563Z] > git ls-files --stage -- /home/thebuffylow/LC101/js-assignment-4-html-me-something-buffylow/styles.css [3ms]
[2022-07-15T06:08:52.578Z] > git cat-file -s 067ff448145be4d96740eb3a01a3244f27be1812 [5ms]
[2022-07-15T06:09:34.007Z] > git show --textconv :index.html [20ms]
[2022-07-15T06:09:34.011Z] > git ls-files --stage -- /home/thebuffylow/LC101/js-assignment-4-html-me-something-buffylow/index.html [5ms]
[2022-07-15T06:09:34.019Z] > git cat-file -s cbb3d05e8aa3ada9d3dc47d9e386ed5f25b866d2 [2ms]
[2022-07-15T06:10:36.294Z] > git show --textconv :styles.css [22ms]
[2022-07-15T06:10:36.301Z] > git ls-files --stage -- /home/thebuffylow/LC101/js-assignment-4-html-me-something-buffylow/styles.css [8ms]
[2022-07-15T06:10:36.317Z] > git cat-file -s 067ff448145be4d96740eb3a01a3244f27be1812 [5ms]
[2022-07-15T06:10:48.586Z] > git show --textconv :index.html [13ms]
[2022-07-15T06:10:48.591Z] > git ls-files --stage -- /home/thebuffylow/LC101/js-assignment-4-html-me-something-buffylow/index.html [6ms]
[2022-07-15T06:10:48.607Z] > git cat-file -s cbb3d05e8aa3ada9d3dc47d9e386ed5f25b866d2 [4ms]
[2022-07-15T06:10:59.462Z] > git status -z -uall [125ms]
[2022-07-15T06:10:59.471Z] > git symbolic-ref --short HEAD [2ms]
[2022-07-15T06:10:59.479Z] > git for-each-ref --format=%(refname)%00%(upstream:short)%00%(objectname)%00%(upstream:track)%00%(upstream:remotename)%00%(upstream:remoteref) refs/heads/main refs/remotes/main [2ms]
[2022-07-15T06:10:59.500Z] > git remote --verbose [4ms]
[2022-07-15T06:10:59.501Z] > git for-each-ref --sort -committerdate --format %(refname) %(objectname) %(*objectname) [10ms]
[2022-07-15T06:10:59.512Z] > git config --get commit.template [1ms]
[2022-07-15T06:12:27.435Z] > git show --textconv :styles.css [10ms]
[2022-07-15T06:12:27.441Z] > git ls-files --stage -- /home/thebuffylow/LC101/js-assignment-4-html-me-something-buffylow/styles.css [9ms]
[2022-07-15T06:12:27.454Z] > git cat-file -s 067ff448145be4d96740eb3a01a3244f27be1812 [4ms]
[2022-07-15T06:12:39.877Z] > git status -z -uall [202ms]
[2022-07-15T06:12:39.903Z] > git symbolic-ref --short HEAD [5ms]
[2022-07-15T06:12:39.919Z] > git for-each-ref --format=%(refname)%00%(upstream:short)%00%(objectname)%00%(upstream:track)%00%(upstream:remotename)%00%(upstream:remoteref) refs/heads/main refs/remotes/main [6ms]
[2022-07-15T06:12:40.008Z] > git for-each-ref --sort -committerdate --format %(refname) %(objectname) %(*objectname) [66ms]
[2022-07-15T06:12:40.010Z] > git remote --verbose [50ms]
[2022-07-15T06:12:40.061Z] > git config --get commit.template [2ms]
[2022-07-15T06:14:14.121Z] > git status -z -uall [198ms]
[2022-07-15T06:14:14.148Z] > git symbolic-ref --short HEAD [11ms]
[2022-07-15T06:14:14.166Z] > git for-each-ref --format=%(refname)%00%(upstream:short)%00%(objectname)%00%(upstream:track)%00%(upstream:remotename)%00%(upstream:remoteref) refs/heads/main refs/remotes/main [7ms]
[2022-07-15T06:14:14.198Z] > git for-each-ref --sort -committerdate --format %(refname) %(objectname) %(*objectname) [19ms]
[2022-07-15T06:14:14.201Z] > git remote --verbose [4ms]
[2022-07-15T06:14:14.222Z] > git config --get commit.template [6ms]
[2022-07-15T06:17:14.681Z] > git status -z -uall [172ms]
[2022-07-15T06:17:14.693Z] > git symbolic-ref --short HEAD [6ms]
[2022-07-15T06:17:14.702Z] > git for-each-ref --format=%(refname)%00%(upstream:short)%00%(objectname)%00%(upstream:track)%00%(upstream:remotename)%00%(upstream:remoteref) refs/heads/main refs/remotes/main [1ms]
[2022-07-15T06:17:14.718Z] > git for-each-ref --sort -committerdate --format %(refname) %(objectname) %(*objectname) [10ms]
[2022-07-15T06:17:14.724Z] > git remote --verbose [7ms]
[2022-07-15T06:17:14.752Z] > git config --get commit.template [3ms]
[2022-07-15T06:18:24.005Z] > git show --textconv :index.html [19ms]
[2022-07-15T06:18:24.009Z] > git ls-files --stage -- /home/thebuffylow/LC101/js-assignment-4-html-me-something-buffylow/index.html [5ms]
[2022-07-15T06:18:24.032Z] > git cat-file -s cbb3d05e8aa3ada9d3dc47d9e386ed5f25b866d2 [4ms]
[2022-07-15T06:19:40.595Z] > git show --textconv :styles.css [26ms]
[2022-07-15T06:19:40.604Z] > git ls-files --stage -- /home/thebuffylow/LC101/js-assignment-4-html-me-something-buffylow/styles.css [10ms]
[2022-07-15T06:19:40.620Z] > git cat-file -s 067ff448145be4d96740eb3a01a3244f27be1812 [4ms]
[2022-07-15T06:19:48.450Z] > git show --textconv :index.html [8ms]
[2022-07-15T06:19:48.452Z] > git ls-files --stage -- /home/thebuffylow/LC101/js-assignment-4-html-me-something-buffylow/index.html [2ms]
[2022-07-15T06:19:48.463Z] > git cat-file -s cbb3d05e8aa3ada9d3dc47d9e386ed5f25b866d2 [2ms]
[2022-07-15T06:20:03.587Z] > git status -z -uall [209ms]
[2022-07-15T06:20:03.599Z] > git symbolic-ref --short HEAD [5ms]
[2022-07-15T06:20:03.609Z] > git for-each-ref --format=%(refname)%00%(upstream:short)%00%(objectname)%00%(upstream:track)%00%(upstream:remotename)%00%(upstream:remoteref) refs/heads/main refs/remotes/main [4ms]
[2022-07-15T06:20:03.628Z] > git for-each-ref --sort -committerdate --format %(refname) %(objectname) %(*objectname) [10ms]
[2022-07-15T06:20:03.633Z] > git remote --verbose [6ms]
[2022-07-15T06:20:03.663Z] > git config --get commit.template [9ms]
[2022-07-15T06:22:15.947Z] > git status -z -uall [168ms]
[2022-07-15T06:22:15.964Z] > git symbolic-ref --short HEAD [3ms]
[2022-07-15T06:22:15.983Z] > git for-each-ref --format=%(refname)%00%(upstream:short)%00%(objectname)%00%(upstream:track)%00%(upstream:remotename)%00%(upstream:remoteref) refs/heads/main refs/remotes/main [4ms]
[2022-07-15T06:22:16.005Z] > git for-each-ref --sort -committerdate --format %(refname) %(objectname) %(*objectname) [13ms]
[2022-07-15T06:22:16.012Z] > git remote --verbose [8ms]
[2022-07-15T06:22:16.042Z] > git config --get commit.template [13ms]
[2022-07-15T06:22:50.929Z] > git show --textconv :styles.css [12ms]
[2022-07-15T06:22:50.932Z] > git ls-files --stage -- /home/thebuffylow/LC101/js-assignment-4-html-me-something-buffylow/styles.css [5ms]
[2022-07-15T06:22:50.947Z] > git cat-file -s 067ff448145be4d96740eb3a01a3244f27be1812 [5ms]
[2022-07-15T06:24:54.766Z] > git show --textconv :index.html [19ms]
[2022-07-15T06:24:54.772Z] > git ls-files --stage -- /home/thebuffylow/LC101/js-assignment-4-html-me-something-buffylow/index.html [7ms]
[2022-07-15T06:24:54.784Z] > git cat-file -s cbb3d05e8aa3ada9d3dc47d9e386ed5f25b866d2 [5ms]
[2022-07-15T06:25:52.390Z] > git show --textconv :styles.css [14ms]
[2022-07-15T06:25:52.396Z] > git ls-files --stage -- /home/thebuffylow/LC101/js-assignment-4-html-me-something-buffylow/styles.css [7ms]
[2022-07-15T06:25:52.415Z] > git cat-file -s 067ff448145be4d96740eb3a01a3244f27be1812 [7ms]
[2022-07-15T06:26:58.898Z] > git show --textconv :index.html [40ms]
[2022-07-15T06:26:58.914Z] > git ls-files --stage -- /home/thebuffylow/LC101/js-assignment-4-html-me-something-buffylow/index.html [34ms]
[2022-07-15T06:26:58.941Z] > git cat-file -s cbb3d05e8aa3ada9d3dc47d9e386ed5f25b866d2 [14ms]
[2022-07-15T06:27:28.321Z] > git show --textconv :styles.css [34ms]
[2022-07-15T06:27:28.328Z] > git ls-files --stage -- /home/thebuffylow/LC101/js-assignment-4-html-me-something-buffylow/styles.css [8ms]
[2022-07-15T06:27:28.358Z] > git cat-file -s 067ff448145be4d96740eb3a01a3244f27be1812 [10ms]
[2022-07-15T06:28:11.907Z] > git status -z -uall [205ms]
[2022-07-15T06:28:11.922Z] > git symbolic-ref --short HEAD [9ms]
[2022-07-15T06:28:11.932Z] > git for-each-ref --format=%(refname)%00%(upstream:short)%00%(objectname)%00%(upstream:track)%00%(upstream:remotename)%00%(upstream:remoteref) refs/heads/main refs/remotes/main [3ms]
[2022-07-15T06:28:11.953Z] > git for-each-ref --sort -committerdate --format %(refname) %(objectname) %(*objectname) [11ms]
[2022-07-15T06:28:11.956Z] > git remote --verbose [7ms]
[2022-07-15T06:28:11.977Z] > git config --get commit.template [2ms]
[2022-07-15T06:28:40.206Z] > git show --textconv :index.html [8ms]
[2022-07-15T06:28:40.208Z] > git ls-files --stage -- /home/thebuffylow/LC101/js-assignment-4-html-me-something-buffylow/index.html [3ms]
[2022-07-15T06:28:40.217Z] > git cat-file -s cbb3d05e8aa3ada9d3dc47d9e386ed5f25b866d2 [1ms]
[2022-07-15T06:29:09.007Z] > git show --textconv :styles.css [8ms]
[2022-07-15T06:29:09.011Z] > git ls-files --stage -- /home/thebuffylow/LC101/js-assignment-4-html-me-something-buffylow/styles.css [4ms]
[2022-07-15T06:29:09.023Z] > git cat-file -s 067ff448145be4d96740eb3a01a3244f27be1812 [6ms]
[2022-07-15T06:30:20.007Z] > git show --textconv :index.html [25ms]
[2022-07-15T06:30:20.026Z] > git ls-files --stage -- /home/thebuffylow/LC101/js-assignment-4-html-me-something-buffylow/index.html [20ms]
[2022-07-15T06:30:20.048Z] > git cat-file -s cbb3d05e8aa3ada9d3dc47d9e386ed5f25b866d2 [12ms]
[2022-07-15T06:30:30.747Z] > git show --textconv :styles.css [13ms]
[2022-07-15T06:30:30.748Z] > git ls-files --stage -- /home/thebuffylow/LC101/js-assignment-4-html-me-something-buffylow/styles.css [3ms]
[2022-07-15T06:30:30.760Z] > git cat-file -s 067ff448145be4d96740eb3a01a3244f27be1812 [5ms]
[2022-07-15T06:31:12.480Z] > git status -z -uall [184ms]
[2022-07-15T06:31:12.496Z] > git symbolic-ref --short HEAD [9ms]
[2022-07-15T06:31:12.512Z] > git for-each-ref --format=%(refname)%00%(upstream:short)%00%(objectname)%00%(upstream:track)%00%(upstream:remotename)%00%(upstream:remoteref) refs/heads/main refs/remotes/main [9ms]
[2022-07-15T06:31:12.544Z] > git for-each-ref --sort -committerdate --format %(refname) %(objectname) %(*objectname) [26ms]
[2022-07-15T06:31:12.551Z] > git remote --verbose [9ms]
[2022-07-15T06:31:12.575Z] > git config --get commit.template [4ms]
[2022-07-15T06:34:08.165Z] > git show --textconv :index.html [13ms]
[2022-07-15T06:34:08.170Z] > git ls-files --stage -- /home/thebuffylow/LC101/js-assignment-4-html-me-something-buffylow/index.html [6ms]
[2022-07-15T06:34:08.184Z] > git cat-file -s cbb3d05e8aa3ada9d3dc47d9e386ed5f25b866d2 [6ms]
[2022-07-15T06:35:13.663Z] > git show --textconv :styles.css [18ms]
[2022-07-15T06:35:13.672Z] > git ls-files --stage -- /home/thebuffylow/LC101/js-assignment-4-html-me-something-buffylow/styles.css [11ms]
[2022-07-15T06:35:13.685Z] > git cat-file -s 067ff448145be4d96740eb3a01a3244f27be1812 [4ms]
[2022-07-15T06:35:28.664Z] > git status -z -uall [337ms]
[2022-07-15T06:35:28.681Z] > git symbolic-ref --short HEAD [1ms]
[2022-07-15T06:35:28.692Z] > git for-each-ref --format=%(refname)%00%(upstream:short)%00%(objectname)%00%(upstream:track)%00%(upstream:remotename)%00%(upstream:remoteref) refs/heads/main refs/remotes/main [2ms]
[2022-07-15T06:35:28.710Z] > git for-each-ref --sort -committerdate --format %(refname) %(objectname) %(*objectname) [13ms]
[2022-07-15T06:35:28.711Z] > git remote --verbose [2ms]
[2022-07-15T06:35:28.730Z] > git config --get commit.template [5ms]
[2022-07-15T06:37:19.463Z] > git status -z -uall [265ms]
[2022-07-15T06:37:19.491Z] > git symbolic-ref --short HEAD [13ms]
[2022-07-15T06:37:19.513Z] > git for-each-ref --format=%(refname)%00%(upstream:short)%00%(objectname)%00%(upstream:track)%00%(upstream:remotename)%00%(upstream:remoteref) refs/heads/main refs/remotes/main [13ms]
[2022-07-15T06:37:19.569Z] > git for-each-ref --sort -committerdate --format %(refname) %(objectname) %(*objectname) [38ms]
[2022-07-15T06:37:19.590Z] > git remote --verbose [29ms]
[2022-07-15T06:37:19.653Z] > git config --get commit.template [13ms]
[2022-07-15T06:39:11.008Z] > git status -z -uall [221ms]
[2022-07-15T06:39:11.023Z] > git symbolic-ref --short HEAD [6ms]
[2022-07-15T06:39:11.062Z] > git for-each-ref --format=%(refname)%00%(upstream:short)%00%(objectname)%00%(upstream:track)%00%(upstream:remotename)%00%(upstream:remoteref) refs/heads/main refs/remotes/main [8ms]
[2022-07-15T06:39:11.114Z] > git for-each-ref --sort -committerdate --format %(refname) %(objectname) %(*objectname) [32ms]
[2022-07-15T06:39:11.115Z] > git remote --verbose [18ms]
[2022-07-15T06:39:11.173Z] > git config --get commit.template [10ms]
[2022-07-15T06:41:53.065Z] > git status -z -uall [125ms]
[2022-07-15T06:41:53.073Z] > git symbolic-ref --short HEAD [2ms]
[2022-07-15T06:41:53.083Z] > git for-each-ref --format=%(refname)%00%(upstream:short)%00%(objectname)%00%(upstream:track)%00%(upstream:remotename)%00%(upstream:remoteref) refs/heads/main refs/remotes/main [2ms]
[2022-07-15T06:41:53.101Z] > git for-each-ref --sort -committerdate --format %(refname) %(objectname) %(*objectname) [13ms]
[2022-07-15T06:41:53.101Z] > git remote --verbose [1ms]
[2022-07-15T06:41:53.117Z] > git config --get commit.template [2ms]
[2022-07-15T06:41:55.985Z] > git show --textconv :index.html [13ms]
[2022-07-15T06:41:55.992Z] > git ls-files --stage -- /home/thebuffylow/LC101/js-assignment-4-html-me-something-buffylow/index.html [9ms]
[2022-07-15T06:41:56.009Z] > git cat-file -s cbb3d05e8aa3ada9d3dc47d9e386ed5f25b866d2 [1ms]
[2022-07-15T06:42:59.950Z] > git show --textconv :styles.css [16ms]
[2022-07-15T06:42:59.952Z] > git ls-files --stage -- /home/thebuffylow/LC101/js-assignment-4-html-me-something-buffylow/styles.css [5ms]
[2022-07-15T06:42:59.966Z] > git cat-file -s 067ff448145be4d96740eb3a01a3244f27be1812 [4ms]
[2022-07-15T06:44:13.053Z] > git show --textconv :index.html [16ms]
[2022-07-15T06:44:13.067Z] > git ls-files --stage -- /home/thebuffylow/LC101/js-assignment-4-html-me-something-buffylow/index.html [16ms]
[2022-07-15T06:44:13.076Z] > git cat-file -s cbb3d05e8aa3ada9d3dc47d9e386ed5f25b866d2 [2ms]
[2022-07-15T06:44:41.318Z] > git status -z -uall [228ms]
[2022-07-15T06:44:41.332Z] > git symbolic-ref --short HEAD [5ms]
[2022-07-15T06:44:41.348Z] > git for-each-ref --format=%(refname)%00%(upstream:short)%00%(objectname)%00%(upstream:track)%00%(upstream:remotename)%00%(upstream:remoteref) refs/heads/main refs/remotes/main [7ms]
[2022-07-15T06:44:41.366Z] > git for-each-ref --sort -committerdate --format %(refname) %(objectname) %(*objectname) [12ms]
[2022-07-15T06:44:41.369Z] > git remote --verbose [4ms]
[2022-07-15T06:44:41.390Z] > git config --get commit.template [5ms]
[2022-07-15T06:46:15.367Z] > git status -z -uall [315ms]
[2022-07-15T06:46:15.432Z] > git symbolic-ref --short HEAD [4ms]
[2022-07-15T06:46:15.449Z] > git for-each-ref --format=%(refname)%00%(upstream:short)%00%(objectname)%00%(upstream:track)%00%(upstream:remotename)%00%(upstream:remoteref) refs/heads/main refs/remotes/main [7ms]
[2022-07-15T06:46:15.487Z] > git for-each-ref --sort -committerdate --format %(refname) %(objectname) %(*objectname) [24ms]
[2022-07-15T06:46:15.492Z] > git remote --verbose [6ms]
[2022-07-15T06:46:15.582Z] > git config --get commit.template [34ms]
[2022-07-15T06:46:47.417Z] > git show --textconv :styles.css [13ms]
[2022-07-15T06:46:47.424Z] > git ls-files --stage -- /home/thebuffylow/LC101/js-assignment-4-html-me-something-buffylow/styles.css [8ms]
[2022-07-15T06:46:47.434Z] > git cat-file -s 067ff448145be4d96740eb3a01a3244f27be1812 [3ms]
[2022-07-15T06:47:31.779Z] > git show --textconv :index.html [10ms]
[2022-07-15T06:47:31.786Z] > git ls-files --stage -- /home/thebuffylow/LC101/js-assignment-4-html-me-something-buffylow/index.html [8ms]
[2022-07-15T06:47:31.798Z] > git cat-file -s cbb3d05e8aa3ada9d3dc47d9e386ed5f25b866d2 [2ms]
[2022-07-15T06:50:14.351Z] > git status -z -uall [189ms]
[2022-07-15T06:50:14.361Z] > git symbolic-ref --short HEAD [3ms]
[2022-07-15T06:50:14.370Z] > git for-each-ref --format=%(refname)%00%(upstream:short)%00%(objectname)%00%(upstream:track)%00%(upstream:remotename)%00%(upstream:remoteref) refs/heads/main refs/remotes/main [3ms]
[2022-07-15T06:50:14.385Z] > git for-each-ref --sort -committerdate --format %(refname) %(objectname) %(*objectname) [8ms]
[2022-07-15T06:50:14.390Z] > git remote --verbose [6ms]
[2022-07-15T06:50:14.416Z] > git config --get commit.template [5ms]
[2022-07-15T06:52:52.001Z] > git check-ignore -v -z --stdin [10ms]
[2022-07-15T06:52:55.928Z] > git add -A -- . [390ms]
[2022-07-15T06:52:56.974Z] > git show --textconv :.git/COMMIT_EDITMSG [47ms]
[2022-07-15T06:52:56.984Z] > git ls-files --stage -- /home/thebuffylow/LC101/js-assignment-4-html-me-something-buffylow/.git/COMMIT_EDITMSG [11ms]
[2022-07-15T06:52:57.404Z] > git ls-files --stage -- /home/thebuffylow/LC101/js-assignment-4-html-me-something-buffylow/.git/COMMIT_EDITMSG [33ms]
[2022-07-15T06:52:57.436Z] > git check-ignore -v -z --stdin [33ms]
[2022-07-15T06:52:57.450Z] > git show --textconv :.git/COMMIT_EDITMSG [15ms]
[2022-07-15T06:57:32.477Z] > git status -z -uall [38ms]
[2022-07-15T06:57:32.491Z] > git symbolic-ref --short HEAD [8ms]
[2022-07-15T06:57:32.501Z] > git for-each-ref --format=%(refname)%00%(upstream:short)%00%(objectname)%00%(upstream:track)%00%(upstream:remotename)%00%(upstream:remoteref) refs/heads/main refs/remotes/main [3ms]
[2022-07-15T06:57:32.528Z] > git for-each-ref --sort -committerdate --format %(refname) %(objectname) %(*objectname) [14ms]
[2022-07-15T06:57:32.528Z] > git remote --verbose [3ms]
[2022-07-15T06:57:32.546Z] > git config --get commit.template [3ms]
[2022-07-15T06:57:56.555Z] > git -c user.useConfigOnly=true commit --quiet [300618ms]
[2022-07-15T06:57:56.555Z] Aborting commit due to empty commit message.
[2022-07-15T06:57:56.938Z] > git show --textconv :index.html [28ms]
[2022-07-15T06:57:56.948Z] > git ls-files --stage -- /home/thebuffylow/LC101/js-assignment-4-html-me-something-buffylow/index.html [11ms]
[2022-07-15T06:57:56.971Z] > git cat-file -s 3a0d86a15886edb99f2192f0c757ffd45aac306b [8ms]
[2022-07-15T06:58:25.894Z] > git status -z -uall [48ms]
[2022-07-15T06:58:25.909Z] > git symbolic-ref --short HEAD [3ms]
[2022-07-15T06:58:25.923Z] > git for-each-ref --format=%(refname)%00%(upstream:short)%00%(objectname)%00%(upstream:track)%00%(upstream:remotename)%00%(upstream:remoteref) refs/heads/main refs/remotes/main [4ms]
[2022-07-15T06:58:25.938Z] > git for-each-ref --sort -committerdate --format %(refname) %(objectname) %(*objectname) [8ms]
[2022-07-15T06:58:25.940Z] > git remote --verbose [4ms]
[2022-07-15T06:58:25.973Z] > git ls-files --stage -- /home/thebuffylow/LC101/js-assignment-4-html-me-something-buffylow/index.html [17ms]
[2022-07-15T06:58:26.000Z] > git config --get commit.template [28ms]
[2022-07-15T06:58:26.006Z] > git cat-file -s 3a0d86a15886edb99f2192f0c757ffd45aac306b [7ms]
[2022-07-15T06:58:26.103Z] > git show --textconv :index.html [10ms]
[2022-07-15T07:00:02.715Z] > git show --textconv :styles.css [14ms]
[2022-07-15T07:00:02.720Z] > git ls-files --stage -- /home/thebuffylow/LC101/js-assignment-4-html-me-something-buffylow/styles.css [8ms]
[2022-07-15T07:00:02.735Z] > git cat-file -s 3d017f8a1e3a0d74e202ac9694480fe59e7fd19c [2ms]
[2022-07-15T07:00:41.911Z] > git status -z -uall [52ms]
[2022-07-15T07:00:41.928Z] > git symbolic-ref --short HEAD [4ms]
[2022-07-15T07:00:41.943Z] > git for-each-ref --format=%(refname)%00%(upstream:short)%00%(objectname)%00%(upstream:track)%00%(upstream:remotename)%00%(upstream:remoteref) refs/heads/main refs/remotes/main [6ms]
[2022-07-15T07:00:41.990Z] > git for-each-ref --sort -committerdate --format %(refname) %(objectname) %(*objectname) [9ms]
[2022-07-15T07:00:41.996Z] > git remote --verbose [7ms]
[2022-07-15T07:00:42.026Z] > git config --get commit.template [4ms]
[2022-07-15T07:01:36.727Z] > git status -z -uall [28ms]
[2022-07-15T07:01:36.766Z] > git symbolic-ref --short HEAD [7ms]
[2022-07-15T07:01:36.805Z] > git for-each-ref --format=%(refname)%00%(upstream:short)%00%(objectname)%00%(upstream:track)%00%(upstream:remotename)%00%(upstream:remoteref) refs/heads/main refs/remotes/main [20ms]
[2022-07-15T07:01:36.854Z] > git for-each-ref --sort -committerdate --format %(refname) %(objectname) %(*objectname) [20ms]
[2022-07-15T07:01:36.865Z] > git remote --verbose [15ms]
[2022-07-15T07:01:36.885Z] > git config --get commit.template [2ms]
[2022-07-15T07:03:10.559Z] > git status -z -uall [68ms]
[2022-07-15T07:03:10.579Z] > git symbolic-ref --short HEAD [3ms]
[2022-07-15T07:03:10.609Z] > git for-each-ref --format=%(refname)%00%(upstream:short)%00%(objectname)%00%(upstream:track)%00%(upstream:remotename)%00%(upstream:remoteref) refs/heads/main refs/remotes/main [13ms]
[2022-07-15T07:03:10.640Z] > git for-each-ref --sort -committerdate --format %(refname) %(objectname) %(*objectname) [18ms]
[2022-07-15T07:03:10.642Z] > git remote --verbose [5ms]
[2022-07-15T07:03:10.678Z] > git config --get commit.template [3ms]
[2022-07-15T07:03:56.039Z] > git status -z -uall [34ms]
[2022-07-15T07:03:56.064Z] > git symbolic-ref --short HEAD [4ms]
[2022-07-15T07:03:56.080Z] > git for-each-ref --format=%(refname)%00%(upstream:short)%00%(objectname)%00%(upstream:track)%00%(upstream:remotename)%00%(upstream:remoteref) refs/heads/main refs/remotes/main [5ms]
[2022-07-15T07:03:56.108Z] > git for-each-ref --sort -committerdate --format %(refname) %(objectname) %(*objectname) [14ms]
[2022-07-15T07:03:56.114Z] > git remote --verbose [6ms]
[2022-07-15T07:03:56.130Z] > git config --get commit.template [6ms]
[2022-07-15T07:07:52.001Z] > git status -z -uall [35ms]
[2022-07-15T07:07:52.009Z] > git symbolic-ref --short HEAD [1ms]
[2022-07-15T07:07:52.018Z] > git for-each-ref --format=%(refname)%00%(upstream:short)%00%(objectname)%00%(upstream:track)%00%(upstream:remotename)%00%(upstream:remoteref) refs/heads/main refs/remotes/main [3ms]
[2022-07-15T07:07:52.031Z] > git for-each-ref --sort -committerdate --format %(refname) %(objectname) %(*objectname) [7ms]
[2022-07-15T07:07:52.032Z] > git remote --verbose [2ms]
[2022-07-15T07:07:52.045Z] > git config --get commit.template [3ms]
[2022-07-15T07:07:52.066Z] > git ls-files --stage -- /home/thebuffylow/LC101/js-assignment-4-html-me-something-buffylow/styles.css [4ms]
[2022-07-15T07:07:52.076Z] > git cat-file -s 1fb7f309262cb13823e7bb1093b24e1495832b80 [1ms]
[2022-07-15T07:07:52.092Z] > git show --textconv :styles.css [2ms]
[2022-07-15T07:08:03.336Z] > git status -z -uall [45ms]
[2022-07-15T07:08:03.355Z] > git symbolic-ref --short HEAD [6ms]
[2022-07-15T07:08:03.372Z] > git for-each-ref --format=%(refname)%00%(upstream:short)%00%(objectname)%00%(upstream:track)%00%(upstream:remotename)%00%(upstream:remoteref) refs/heads/main refs/remotes/main [4ms]
[2022-07-15T07:08:03.399Z] > git for-each-ref --sort -committerdate --format %(refname) %(objectname) %(*objectname) [20ms]
[2022-07-15T07:08:03.404Z] > git remote --verbose [6ms]
[2022-07-15T07:08:03.432Z] > git config --get commit.template [5ms]
[2022-07-15T07:09:36.293Z] > git status -z -uall [19ms]
[2022-07-15T07:09:36.301Z] > git symbolic-ref --short HEAD [2ms]
[2022-07-15T07:09:36.309Z] > git for-each-ref --format=%(refname)%00%(upstream:short)%00%(objectname)%00%(upstream:track)%00%(upstream:remotename)%00%(upstream:remoteref) refs/heads/main refs/remotes/main [2ms]
[2022-07-15T07:09:36.322Z] > git for-each-ref --sort -committerdate --format %(refname) %(objectname) %(*objectname) [7ms]
[2022-07-15T07:09:36.323Z] > git remote --verbose [2ms]
[2022-07-15T07:09:36.340Z] > git config --get commit.template [8ms]
[2022-07-15T07:09:36.362Z] > git ls-files --stage -- /home/thebuffylow/LC101/js-assignment-4-html-me-something-buffylow/styles.css [1ms]
[2022-07-15T07:09:36.371Z] > git cat-file -s 1fb7f309262cb13823e7bb1093b24e1495832b80 [3ms]
[2022-07-15T07:09:36.383Z] > git show --textconv :styles.css [3ms]
[2022-07-15T07:18:54.782Z] > git show --textconv :index.html [31ms]
[2022-07-15T07:18:54.810Z] > git ls-files --stage -- /home/thebuffylow/LC101/js-assignment-4-html-me-something-buffylow/index.html [41ms]
[2022-07-15T07:18:54.845Z] > git cat-file -s 3a0d86a15886edb99f2192f0c757ffd45aac306b [9ms]
[2022-07-15T07:19:07.880Z] > git show --textconv :styles.css [27ms]
[2022-07-15T07:19:07.887Z] > git ls-files --stage -- /home/thebuffylow/LC101/js-assignment-4-html-me-something-buffylow/styles.css [8ms]
[2022-07-15T07:19:07.925Z] > git cat-file -s 1fb7f309262cb13823e7bb1093b24e1495832b80 [2ms]
[2022-07-15T07:19:11.050Z] > git check-ignore -v -z --stdin [4ms]
[2022-07-15T07:19:36.582Z] > git show --textconv :index.html [19ms]
[2022-07-15T07:19:36.591Z] > git ls-files --stage -- /home/thebuffylow/LC101/js-assignment-4-html-me-something-buffylow/index.html [10ms]
[2022-07-15T07:19:36.643Z] > git cat-file -s 3a0d86a15886edb99f2192f0c757ffd45aac306b [5ms]
[2022-07-15T07:24:06.132Z] > git add -A -- /home/thebuffylow/LC101/js-assignment-4-html-me-something-buffylow/index.html [37ms]
[2022-07-15T07:24:06.183Z] > git status -z -uall [35ms]
[2022-07-15T07:24:06.197Z] > git symbolic-ref --short HEAD [2ms]
[2022-07-15T07:24:06.212Z] > git for-each-ref --format=%(refname)%00%(upstream:short)%00%(objectname)%00%(upstream:track)%00%(upstream:remotename)%00%(upstream:remoteref) refs/heads/main refs/remotes/main [8ms]
[2022-07-15T07:24:06.231Z] > git for-each-ref --sort -committerdate --format %(refname) %(objectname) %(*objectname) [13ms]
[2022-07-15T07:24:06.232Z] > git remote --verbose [2ms]
[2022-07-15T07:24:06.248Z] > git config --get commit.template [3ms]
[2022-07-15T07:24:06.930Z] > git show --textconv :.git/COMMIT_EDITMSG [15ms]
[2022-07-15T07:24:06.936Z] > git ls-files --stage -- /home/thebuffylow/LC101/js-assignment-4-html-me-something-buffylow/.git/COMMIT_EDITMSG [12ms]
[2022-07-15T07:24:07.658Z] > git ls-files --stage -- /home/thebuffylow/LC101/js-assignment-4-html-me-something-buffylow/.git/COMMIT_EDITMSG [7ms]
[2022-07-15T07:24:07.685Z] > git show --textconv :.git/COMMIT_EDITMSG [6ms]
[2022-07-15T07:28:08.902Z] > git ls-files --stage -- /home/thebuffylow/LC101/js-assignment-4-html-me-something-buffylow/.git/COMMIT_EDITMSG [6ms]
[2022-07-15T07:28:08.927Z] > git show --textconv :.git/COMMIT_EDITMSG [5ms]
[2022-07-15T07:28:41.636Z] > git ls-files --stage -- /home/thebuffylow/LC101/js-assignment-4-html-me-something-buffylow/.git/COMMIT_EDITMSG [7ms]
[2022-07-15T07:28:41.662Z] > git show --textconv :.git/COMMIT_EDITMSG [4ms]
[2022-07-15T07:29:11.054Z] > git show --textconv HEAD:index.html [84ms]
[2022-07-15T07:29:11.054Z] > git show --textconv :index.html [51ms]
[2022-07-15T07:29:11.054Z] > git ls-tree -l HEAD -- /home/thebuffylow/LC101/js-assignment-4-html-me-something-buffylow/index.html [23ms]
[2022-07-15T07:29:11.069Z] > git ls-files --stage -- /home/thebuffylow/LC101/js-assignment-4-html-me-something-buffylow/index.html [17ms]
[2022-07-15T07:29:11.080Z] > git cat-file -s d6f28b9905cbc39636b5987ee772cab89b880a50 [4ms]
[2022-07-15T07:29:11.635Z] > git check-ignore -v -z --stdin [32ms]
[2022-07-15T07:29:39.660Z] > git show --textconv :.git/COMMIT_EDITMSG [18ms]
[2022-07-15T07:29:39.668Z] > git ls-files --stage -- /home/thebuffylow/LC101/js-assignment-4-html-me-something-buffylow/.git/COMMIT_EDITMSG [9ms]
[2022-07-15T07:29:46.734Z] > git -c user.useConfigOnly=true commit --quiet [340473ms]
[2022-07-15T07:29:46.734Z] fatal: cannot lock ref 'HEAD': is at 6fe07cf6543393794a30f36c98ec789c6a37aeed but expected a142afc5485001484dd20b060ce9268cfd49704c
[2022-07-15T07:29:46.764Z] > git config --get-all user.name [2ms]
[2022-07-15T07:29:46.793Z] > git config --get-all user.email [12ms]
[2022-07-15T07:29:47.362Z] > git show --textconv :index.html [21ms]
[2022-07-15T07:29:47.366Z] > git ls-files --stage -- /home/thebuffylow/LC101/js-assignment-4-html-me-something-buffylow/index.html [5ms]
[2022-07-15T07:29:47.377Z] > git cat-file -s d6f28b9905cbc39636b5987ee772cab89b880a50 [2ms]
[2022-07-15T07:31:43.259Z] > git status -z -uall [86ms]
[2022-07-15T07:31:43.278Z] > git symbolic-ref --short HEAD [9ms]
[2022-07-15T07:31:43.295Z] > git for-each-ref --format=%(refname)%00%(upstream:short)%00%(objectname)%00%(upstream:track)%00%(upstream:remotename)%00%(upstream:remoteref) refs/heads/main refs/remotes/main [8ms]
[2022-07-15T07:31:43.351Z] > git for-each-ref --sort -committerdate --format %(refname) %(objectname) %(*objectname) [22ms]
[2022-07-15T07:31:43.352Z] > git remote --verbose [2ms]
[2022-07-15T07:31:43.397Z] > git config --get commit.template [13ms]
[2022-07-15T07:35:11.279Z] > git status -z -uall [27ms]
[2022-07-15T07:35:11.291Z] > git symbolic-ref --short HEAD [1ms]
[2022-07-15T07:35:11.309Z] > git for-each-ref --format=%(refname)%00%(upstream:short)%00%(objectname)%00%(upstream:track)%00%(upstream:remotename)%00%(upstream:remoteref) refs/heads/main refs/remotes/main [5ms]
[2022-07-15T07:35:11.340Z] > git for-each-ref --sort -committerdate --format %(refname) %(objectname) %(*objectname) [15ms]
[2022-07-15T07:35:11.345Z] > git remote --verbose [6ms]
[2022-07-15T07:35:11.367Z] > git config --get commit.template [2ms]
[2022-07-15T07:35:12.063Z] > git check-ignore -v -z --stdin [23ms]
[2022-07-15T07:35:16.453Z] > git status -z -uall [54ms]
[2022-07-15T07:35:16.461Z] > git symbolic-ref --short HEAD [2ms]
[2022-07-15T07:35:16.474Z] > git for-each-ref --format=%(refname)%00%(upstream:short)%00%(objectname)%00%(upstream:track)%00%(upstream:remotename)%00%(upstream:remoteref) refs/heads/main refs/remotes/main [2ms]
[2022-07-15T07:35:16.487Z] > git for-each-ref --sort -committerdate --format %(refname) %(objectname) %(*objectname) [8ms]
[2022-07-15T07:35:16.492Z] > git remote --verbose [6ms]
[2022-07-15T07:35:16.510Z] > git config --get commit.template [6ms]
[2022-07-15T07:35:19.541Z] > git add -A -- /home/thebuffylow/LC101/js-assignment-4-html-me-something-buffylow/index.html [28ms]
[2022-07-15T07:35:19.596Z] > git status -z -uall [36ms]
[2022-07-15T07:35:19.609Z] > git symbolic-ref --short HEAD [2ms]
[2022-07-15T07:35:19.622Z] > git for-each-ref --format=%(refname)%00%(upstream:short)%00%(objectname)%00%(upstream:track)%00%(upstream:remotename)%00%(upstream:remoteref) refs/heads/main refs/remotes/main [1ms]
[2022-07-15T07:35:19.644Z] > git for-each-ref --sort -committerdate --format %(refname) %(objectname) %(*objectname) [9ms]
[2022-07-15T07:35:19.645Z] > git remote --verbose [2ms]
[2022-07-15T07:35:19.662Z] > git config --get commit.template [2ms]
[2022-07-15T07:35:20.555Z] > git show --textconv :.git/COMMIT_EDITMSG [21ms]
[2022-07-15T07:35:20.571Z] > git ls-files --stage -- /home/thebuffylow/LC101/js-assignment-4-html-me-something-buffylow/.git/COMMIT_EDITMSG [17ms]
[2022-07-15T07:35:21.185Z] > git ls-files --stage -- /home/thebuffylow/LC101/js-assignment-4-html-me-something-buffylow/.git/COMMIT_EDITMSG [6ms]
[2022-07-15T07:35:21.205Z] > git show --textconv :.git/COMMIT_EDITMSG [5ms]
[2022-07-15T07:35:28.991Z] > git -c user.useConfigOnly=true commit --quiet [9296ms]
[2022-07-15T07:35:28.991Z] Aborting commit due to empty commit message.
[2022-07-15T07:35:29.370Z] > git show --textconv :index.html [22ms]
[2022-07-15T07:35:29.379Z] > git ls-files --stage -- /home/thebuffylow/LC101/js-assignment-4-html-me-something-buffylow/index.html [10ms]
[2022-07-15T07:35:29.418Z] > git cat-file -s d7175024310b438876a841cb6b9a6fac1ddeb536 [17ms]
[2022-07-15T07:35:51.517Z] > git -c user.useConfigOnly=true commit --quiet --allow-empty-message --file - [35ms]
[2022-07-15T07:35:51.555Z] > git status -z -uall [30ms]
[2022-07-15T07:35:51.568Z] > git symbolic-ref --short HEAD [1ms]
[2022-07-15T07:35:51.589Z] > git for-each-ref --format=%(refname)%00%(upstream:short)%00%(objectname)%00%(upstream:track)%00%(upstream:remotename)%00%(upstream:remoteref) refs/heads/main refs/remotes/main [6ms]
[2022-07-15T07:35:51.615Z] > git for-each-ref --sort -committerdate --format %(refname) %(objectname) %(*objectname) [16ms]
[2022-07-15T07:35:51.619Z] > git remote --verbose [5ms]
[2022-07-15T07:35:51.644Z] > git config --get commit.template [6ms]
[2022-07-15T07:35:51.662Z] > git config --get commit.template [6ms]
[2022-07-15T07:35:52.738Z] > git ls-files --stage -- /home/thebuffylow/LC101/js-assignment-4-html-me-something-buffylow/index.html [5ms]
[2022-07-15T07:35:52.753Z] > git cat-file -s d7175024310b438876a841cb6b9a6fac1ddeb536 [6ms]
[2022-07-15T07:35:52.796Z] > git show --textconv :index.html [7ms]
[2022-07-15T07:35:53.772Z] > git status -z -uall [41ms]
[2022-07-15T07:35:53.793Z] > git symbolic-ref --short HEAD [1ms]
[2022-07-15T07:35:53.806Z] > git for-each-ref --format=%(refname)%00%(upstream:short)%00%(objectname)%00%(upstream:track)%00%(upstream:remotename)%00%(upstream:remoteref) refs/heads/main refs/remotes/main [1ms]
[2022-07-15T07:35:53.830Z] > git remote --verbose [3ms]
[2022-07-15T07:35:53.830Z] > git for-each-ref --sort -committerdate --format %(refname) %(objectname) %(*objectname) [14ms]
[2022-07-15T07:35:53.845Z] > git config --get commit.template [3ms]
[2022-07-15T07:36:18.394Z] > git add -A -- . [48ms]
[2022-07-15T07:36:18.464Z] > git -c user.useConfigOnly=true commit --quiet --allow-empty-message --file - [47ms]
[2022-07-15T07:36:18.504Z] > git status -z -uall [25ms]
[2022-07-15T07:36:18.525Z] > git symbolic-ref --short HEAD [2ms]
[2022-07-15T07:36:18.538Z] > git for-each-ref --format=%(refname)%00%(upstream:short)%00%(objectname)%00%(upstream:track)%00%(upstream:remotename)%00%(upstream:remoteref) refs/heads/main refs/remotes/main [7ms]
[2022-07-15T07:36:18.560Z] > git for-each-ref --sort -committerdate --format %(refname) %(objectname) %(*objectname) [13ms]
[2022-07-15T07:36:18.560Z] > git remote --verbose [1ms]
[2022-07-15T07:36:18.576Z] > git config --get commit.template [2ms]
[2022-07-15T07:36:18.592Z] > git config --get commit.template [2ms]
[2022-07-15T07:36:19.659Z] > git ls-files --stage -- /home/thebuffylow/LC101/js-assignment-4-html-me-something-buffylow/index.html [4ms]
[2022-07-15T07:36:19.669Z] > git cat-file -s d7175024310b438876a841cb6b9a6fac1ddeb536 [1ms]
[2022-07-15T07:36:19.684Z] > git show --textconv :index.html [3ms]
[2022-07-15T07:36:20.681Z] > git status -z -uall [34ms]
[2022-07-15T07:36:20.699Z] > git symbolic-ref --short HEAD [4ms]
[2022-07-15T07:36:20.713Z] > git for-each-ref --format=%(refname)%00%(upstream:short)%00%(objectname)%00%(upstream:track)%00%(upstream:remotename)%00%(upstream:remoteref) refs/heads/main refs/remotes/main [3ms]
[2022-07-15T07:36:20.736Z] > git for-each-ref --sort -committerdate --format %(refname) %(objectname) %(*objectname) [10ms]
[2022-07-15T07:36:20.741Z] > git remote --verbose [6ms]
[2022-07-15T07:36:20.760Z] > git config --get commit.template [3ms]
[2022-07-15T07:39:03.802Z] > git log --oneline --cherry main...main@{upstream} -- [25ms]
[2022-07-15T07:39:03.828Z] > git status -z -uall [40ms]
[2022-07-15T07:39:03.844Z] > git symbolic-ref --short HEAD [3ms]
[2022-07-15T07:39:03.862Z] > git for-each-ref --format=%(refname)%00%(upstream:short)%00%(objectname)%00%(upstream:track)%00%(upstream:remotename)%00%(upstream:remoteref) refs/heads/main refs/remotes/main [7ms]
[2022-07-15T07:39:03.893Z] > git for-each-ref --sort -committerdate --format %(refname) %(objectname) %(*objectname) [22ms]
[2022-07-15T07:39:03.896Z] > git remote --verbose [4ms]
[2022-07-15T07:39:03.956Z] > git config --get commit.template [47ms]
[2022-07-15T07:39:03.978Z] > git ls-files --stage -- /home/thebuffylow/LC101/js-assignment-4-html-me-something-buffylow/index.html [34ms]
[2022-07-15T07:39:03.998Z] > git cat-file -s d7175024310b438876a841cb6b9a6fac1ddeb536 [6ms]
[2022-07-15T07:39:04.065Z] > git show --textconv :index.html [42ms]
[2022-07-15T07:39:04.626Z] > git pull --tags origin main [798ms]
[2022-07-15T07:39:04.626Z] hint: Pulling without specifying how to reconcile divergent branches is
hint: discouraged. You can squelch this message by running one of the following
hint: commands sometime before your next pull:
hint: 
hint:   git config pull.rebase false  # merge (the default strategy)
hint:   git config pull.rebase true   # rebase
hint:   git config pull.ff only       # fast-forward only
hint: 
hint: You can replace "git config" with "git config --global" to set a default
hint: preference for all repositories. You can also pass --rebase, --no-rebase,
hint: or --ff-only on the command line to override the configured default per
hint: invocation.
From https://github.com/Stl-LC101-MAY-2022/js-assignment-4-html-me-something-buffylow
 * branch            main       -> FETCH_HEAD
   a142afc..1cff593  main       -> origin/main
[2022-07-15T07:39:05.808Z] > git ls-files --stage -- /home/thebuffylow/LC101/js-assignment-4-html-me-something-buffylow/index.html [4ms]
[2022-07-15T07:39:05.822Z] > git cat-file -s d7175024310b438876a841cb6b9a6fac1ddeb536 [1ms]
[2022-07-15T07:39:05.841Z] > git show --textconv :index.html [6ms]
[2022-07-15T07:39:06.547Z] > git push origin main:main [1902ms]
[2022-07-15T07:39:06.547Z] To https://github.com/Stl-LC101-MAY-2022/js-assignment-4-html-me-something-buffylow.git
   1cff593..29c4857  main -> main
[2022-07-15T07:39:06.626Z] > git status -z -uall [50ms]
[2022-07-15T07:39:06.640Z] > git symbolic-ref --short HEAD [4ms]
[2022-07-15T07:39:06.658Z] > git for-each-ref --format=%(refname)%00%(upstream:short)%00%(objectname)%00%(upstream:track)%00%(upstream:remotename)%00%(upstream:remoteref) refs/heads/main refs/remotes/main [4ms]
[2022-07-15T07:39:06.688Z] > git for-each-ref --sort -committerdate --format %(refname) %(objectname) %(*objectname) [22ms]
[2022-07-15T07:39:06.694Z] > git remote --verbose [9ms]
[2022-07-15T07:39:06.714Z] > git config --get commit.template [3ms]
[2022-07-15T07:39:07.709Z] > git ls-files --stage -- /home/thebuffylow/LC101/js-assignment-4-html-me-something-buffylow/index.html [3ms]
[2022-07-15T07:39:07.727Z] > git cat-file -s d7175024310b438876a841cb6b9a6fac1ddeb536 [3ms]
[2022-07-15T07:39:07.744Z] > git show --textconv :index.html [3ms]
[2022-07-15T07:39:09.006Z] > git status -z -uall [36ms]
[2022-07-15T07:39:09.020Z] > git symbolic-ref --short HEAD [2ms]
[2022-07-15T07:39:09.028Z] > git for-each-ref --format=%(refname)%00%(upstream:short)%00%(objectname)%00%(upstream:track)%00%(upstream:remotename)%00%(upstream:remoteref) refs/heads/main refs/remotes/main [2ms]
[2022-07-15T07:39:09.065Z] > git remote --verbose [5ms]
[2022-07-15T07:39:09.066Z] > git for-each-ref --sort -committerdate --format %(refname) %(objectname) %(*objectname) [26ms]
[2022-07-15T07:39:09.086Z] > git config --get commit.template [8ms]
[2022-07-15T07:40:43.339Z] > git show --textconv :index.html [26ms]
[2022-07-15T07:40:43.339Z] > git ls-files --stage -- /home/thebuffylow/LC101/js-assignment-4-html-me-something-buffylow/index.html [2ms]
[2022-07-15T07:40:43.350Z] > git cat-file -s d7175024310b438876a841cb6b9a6fac1ddeb536 [2ms]
[2022-07-15T07:40:52.161Z] > git show --textconv :styles.css [19ms]
[2022-07-15T07:40:52.171Z] > git ls-files --stage -- /home/thebuffylow/LC101/js-assignment-4-html-me-something-buffylow/styles.css [11ms]
[2022-07-15T07:40:52.186Z] > git cat-file -s 501c5c147254c76526862d67c08eaa7fcee9d8d9 [8ms]
[2022-07-15T07:40:52.944Z] > git status -z -uall [25ms]
[2022-07-15T07:40:52.951Z] > git symbolic-ref --short HEAD [1ms]
[2022-07-15T07:40:52.963Z] > git for-each-ref --format=%(refname)%00%(upstream:short)%00%(objectname)%00%(upstream:track)%00%(upstream:remotename)%00%(upstream:remoteref) refs/heads/main refs/remotes/main [2ms]
[2022-07-15T07:40:52.976Z] > git for-each-ref --sort -committerdate --format %(refname) %(objectname) %(*objectname) [6ms]
[2022-07-15T07:40:52.978Z] > git remote --verbose [3ms]
[2022-07-15T07:40:52.991Z] > git config --get commit.template [4ms]
