[2022-08-01T17:17:34.577Z] Log level: Info
[2022-08-01T17:17:34.621Z] [info] Validating found git in: git
[2022-08-01T17:17:34.806Z] [info] Using git 2.30.2 from git
[2022-08-01T17:17:34.876Z] > git rev-parse --show-toplevel [16ms]
[2022-08-01T17:17:34.896Z] > git rev-parse --git-dir --git-common-dir [1ms]
[2022-08-01T17:17:34.915Z] [info] Open repository: /home/thebuffylow
[2022-08-01T17:17:35.956Z] > git status -z -uall [987ms]
[2022-08-01T17:17:35.961Z] > git check-ignore -v -z --stdin [71ms]
[2022-08-01T17:17:35.969Z] > git symbolic-ref --short HEAD [9ms]
[2022-08-01T17:17:35.979Z] > git for-each-ref --format=%(refname)%00%(upstream:short)%00%(objectname)%00%(upstream:track)%00%(upstream:remotename)%00%(upstream:remoteref) refs/heads/main refs/remotes/main [4ms]
[2022-08-01T17:17:36.010Z] > git for-each-ref --sort -committerdate --format %(refname) %(objectname) %(*objectname) [25ms]
[2022-08-01T17:17:36.016Z] > git remote --verbose [7ms]
[2022-08-01T17:17:36.055Z] > git config --get commit.template [15ms]
[2022-08-01T17:17:36.465Z] > git check-ignore -v -z --stdin [40ms]
[2022-08-01T17:17:36.715Z] > git status -z -uall [640ms]
[2022-08-01T17:17:36.725Z] > git symbolic-ref --short HEAD [3ms]
[2022-08-01T17:17:36.736Z] > git for-each-ref --format=%(refname)%00%(upstream:short)%00%(objectname)%00%(upstream:track)%00%(upstream:remotename)%00%(upstream:remoteref) refs/heads/main refs/remotes/main [7ms]
[2022-08-01T17:17:36.765Z] > git for-each-ref --sort -committerdate --format %(refname) %(objectname) %(*objectname) [15ms]
[2022-08-01T17:17:36.767Z] > git remote --verbose [3ms]
[2022-08-01T17:17:36.780Z] > git config --get commit.template [5ms]
[2022-08-01T17:17:41.131Z] > git status -z -uall [438ms]
[2022-08-01T17:17:41.143Z] > git symbolic-ref --short HEAD [1ms]
[2022-08-01T17:17:41.159Z] > git for-each-ref --format=%(refname)%00%(upstream:short)%00%(objectname)%00%(upstream:track)%00%(upstream:remotename)%00%(upstream:remoteref) refs/heads/main refs/remotes/main [7ms]
[2022-08-01T17:17:41.196Z] > git for-each-ref --sort -committerdate --format %(refname) %(objectname) %(*objectname) [16ms]
[2022-08-01T17:17:41.199Z] > git remote --verbose [5ms]
[2022-08-01T17:17:41.217Z] > git config --get commit.template [2ms]
[2022-08-01T17:17:46.448Z] > git status -z -uall [205ms]
[2022-08-01T17:17:46.455Z] > git symbolic-ref --short HEAD [2ms]
[2022-08-01T17:17:46.463Z] > git for-each-ref --format=%(refname)%00%(upstream:short)%00%(objectname)%00%(upstream:track)%00%(upstream:remotename)%00%(upstream:remoteref) refs/heads/main refs/remotes/main [3ms]
[2022-08-01T17:17:46.474Z] > git for-each-ref --sort -committerdate --format %(refname) %(objectname) %(*objectname) [6ms]
[2022-08-01T17:17:46.475Z] > git remote --verbose [2ms]
[2022-08-01T17:17:46.486Z] > git config --get commit.template [3ms]
[2022-08-01T17:17:51.760Z] > git status -z -uall [254ms]
[2022-08-01T17:17:51.766Z] > git symbolic-ref --short HEAD [1ms]
[2022-08-01T17:17:51.783Z] > git for-each-ref --format=%(refname)%00%(upstream:short)%00%(objectname)%00%(upstream:track)%00%(upstream:remotename)%00%(upstream:remoteref) refs/heads/main refs/remotes/main [0ms]
[2022-08-01T17:17:51.819Z] > git for-each-ref --sort -committerdate --format %(refname) %(objectname) %(*objectname) [9ms]
[2022-08-01T17:17:51.825Z] > git remote --verbose [7ms]
[2022-08-01T17:17:51.840Z] > git config --get commit.template [3ms]
[2022-08-01T17:17:57.141Z] > git status -z -uall [295ms]
[2022-08-01T17:17:57.151Z] > git symbolic-ref --short HEAD [0ms]
[2022-08-01T17:17:57.166Z] > git for-each-ref --format=%(refname)%00%(upstream:short)%00%(objectname)%00%(upstream:track)%00%(upstream:remotename)%00%(upstream:remoteref) refs/heads/main refs/remotes/main [6ms]
[2022-08-01T17:17:57.185Z] > git remote --verbose [4ms]
[2022-08-01T17:17:57.185Z] > git for-each-ref --sort -committerdate --format %(refname) %(objectname) %(*objectname) [12ms]
[2022-08-01T17:17:57.236Z] > git config --get commit.template [11ms]
[2022-08-01T17:18:02.484Z] > git status -z -uall [235ms]
[2022-08-01T17:18:02.490Z] > git symbolic-ref --short HEAD [2ms]
[2022-08-01T17:18:02.500Z] > git for-each-ref --format=%(refname)%00%(upstream:short)%00%(objectname)%00%(upstream:track)%00%(upstream:remotename)%00%(upstream:remoteref) refs/heads/main refs/remotes/main [5ms]
[2022-08-01T17:18:02.513Z] > git for-each-ref --sort -committerdate --format %(refname) %(objectname) %(*objectname) [9ms]
[2022-08-01T17:18:02.515Z] > git remote --verbose [3ms]
[2022-08-01T17:18:02.524Z] > git config --get commit.template [2ms]
[2022-08-01T17:18:07.743Z] > git status -z -uall [209ms]
[2022-08-01T17:18:07.749Z] > git symbolic-ref --short HEAD [1ms]
[2022-08-01T17:18:07.756Z] > git for-each-ref --format=%(refname)%00%(upstream:short)%00%(objectname)%00%(upstream:track)%00%(upstream:remotename)%00%(upstream:remoteref) refs/heads/main refs/remotes/main [2ms]
[2022-08-01T17:18:07.766Z] > git for-each-ref --sort -committerdate --format %(refname) %(objectname) %(*objectname) [5ms]
[2022-08-01T17:18:07.767Z] > git remote --verbose [2ms]
[2022-08-01T17:18:07.778Z] > git config --get commit.template [3ms]
[2022-08-01T17:18:13.146Z] > git status -z -uall [334ms]
[2022-08-01T17:18:13.159Z] > git symbolic-ref --short HEAD [4ms]
[2022-08-01T17:18:13.166Z] > git for-each-ref --format=%(refname)%00%(upstream:short)%00%(objectname)%00%(upstream:track)%00%(upstream:remotename)%00%(upstream:remoteref) refs/heads/main refs/remotes/main [3ms]
[2022-08-01T17:18:13.176Z] > git for-each-ref --sort -committerdate --format %(refname) %(objectname) %(*objectname) [6ms]
[2022-08-01T17:18:13.177Z] > git remote --verbose [2ms]
[2022-08-01T17:18:13.189Z] > git config --get commit.template [3ms]
[2022-08-01T17:18:18.448Z] > git status -z -uall [221ms]
[2022-08-01T17:18:18.454Z] > git symbolic-ref --short HEAD [2ms]
[2022-08-01T17:18:18.461Z] > git for-each-ref --format=%(refname)%00%(upstream:short)%00%(objectname)%00%(upstream:track)%00%(upstream:remotename)%00%(upstream:remoteref) refs/heads/main refs/remotes/main [3ms]
[2022-08-01T17:18:18.470Z] > git for-each-ref --sort -committerdate --format %(refname) %(objectname) %(*objectname) [5ms]
[2022-08-01T17:18:18.471Z] > git remote --verbose [2ms]
[2022-08-01T17:18:18.480Z] > git config --get commit.template [2ms]
[2022-08-01T17:18:23.815Z] > git status -z -uall [315ms]
[2022-08-01T17:18:23.822Z] > git symbolic-ref --short HEAD [1ms]
[2022-08-01T17:18:23.830Z] > git for-each-ref --format=%(refname)%00%(upstream:short)%00%(objectname)%00%(upstream:track)%00%(upstream:remotename)%00%(upstream:remoteref) refs/heads/main refs/remotes/main [3ms]
[2022-08-01T17:18:23.839Z] > git for-each-ref --sort -committerdate --format %(refname) %(objectname) %(*objectname) [5ms]
[2022-08-01T17:18:23.840Z] > git remote --verbose [2ms]
[2022-08-01T17:18:23.850Z] > git config --get commit.template [2ms]
[2022-08-01T17:18:29.180Z] > git status -z -uall [309ms]
[2022-08-01T17:18:29.194Z] > git symbolic-ref --short HEAD [3ms]
[2022-08-01T17:18:29.207Z] > git for-each-ref --format=%(refname)%00%(upstream:short)%00%(objectname)%00%(upstream:track)%00%(upstream:remotename)%00%(upstream:remoteref) refs/heads/main refs/remotes/main [7ms]
[2022-08-01T17:18:29.228Z] > git for-each-ref --sort -committerdate --format %(refname) %(objectname) %(*objectname) [10ms]
[2022-08-01T17:18:29.229Z] > git remote --verbose [5ms]
[2022-08-01T17:18:29.251Z] > git config --get commit.template [2ms]
[2022-08-01T17:18:34.565Z] > git status -z -uall [288ms]
[2022-08-01T17:18:34.571Z] > git symbolic-ref --short HEAD [1ms]
[2022-08-01T17:18:34.583Z] > git for-each-ref --format=%(refname)%00%(upstream:short)%00%(objectname)%00%(upstream:track)%00%(upstream:remotename)%00%(upstream:remoteref) refs/heads/main refs/remotes/main [7ms]
[2022-08-01T17:18:34.605Z] > git remote --verbose [5ms]
[2022-08-01T17:18:34.605Z] > git for-each-ref --sort -committerdate --format %(refname) %(objectname) %(*objectname) [14ms]
[2022-08-01T17:18:34.632Z] > git config --get commit.template [15ms]
[2022-08-01T17:18:39.914Z] > git status -z -uall [262ms]
[2022-08-01T17:18:39.921Z] > git symbolic-ref --short HEAD [3ms]
[2022-08-01T17:18:39.927Z] > git for-each-ref --format=%(refname)%00%(upstream:short)%00%(objectname)%00%(upstream:track)%00%(upstream:remotename)%00%(upstream:remoteref) refs/heads/main refs/remotes/main [2ms]
[2022-08-01T17:18:39.938Z] > git for-each-ref --sort -committerdate --format %(refname) %(objectname) %(*objectname) [5ms]
[2022-08-01T17:18:39.938Z] > git remote --verbose [1ms]
[2022-08-01T17:18:39.956Z] > git config --get commit.template [4ms]
[2022-08-01T17:18:45.185Z] > git status -z -uall [220ms]
[2022-08-01T17:18:45.192Z] > git symbolic-ref --short HEAD [2ms]
[2022-08-01T17:18:45.199Z] > git for-each-ref --format=%(refname)%00%(upstream:short)%00%(objectname)%00%(upstream:track)%00%(upstream:remotename)%00%(upstream:remoteref) refs/heads/main refs/remotes/main [2ms]
[2022-08-01T17:18:45.209Z] > git for-each-ref --sort -committerdate --format %(refname) %(objectname) %(*objectname) [5ms]
[2022-08-01T17:18:45.209Z] > git remote --verbose [1ms]
[2022-08-01T17:18:45.222Z] > git config --get commit.template [5ms]
[2022-08-01T17:18:50.499Z] > git status -z -uall [240ms]
[2022-08-01T17:18:50.510Z] > git symbolic-ref --short HEAD [3ms]
[2022-08-01T17:18:50.519Z] > git for-each-ref --format=%(refname)%00%(upstream:short)%00%(objectname)%00%(upstream:track)%00%(upstream:remotename)%00%(upstream:remoteref) refs/heads/main refs/remotes/main [2ms]
[2022-08-01T17:18:50.528Z] > git for-each-ref --sort -committerdate --format %(refname) %(objectname) %(*objectname) [5ms]
[2022-08-01T17:18:50.529Z] > git remote --verbose [1ms]
[2022-08-01T17:18:50.539Z] > git config --get commit.template [2ms]
[2022-08-01T17:18:55.814Z] > git status -z -uall [267ms]
[2022-08-01T17:18:55.822Z] > git symbolic-ref --short HEAD [2ms]
[2022-08-01T17:18:55.829Z] > git for-each-ref --format=%(refname)%00%(upstream:short)%00%(objectname)%00%(upstream:track)%00%(upstream:remotename)%00%(upstream:remoteref) refs/heads/main refs/remotes/main [3ms]
[2022-08-01T17:18:55.840Z] > git for-each-ref --sort -committerdate --format %(refname) %(objectname) %(*objectname) [7ms]
[2022-08-01T17:18:55.843Z] > git remote --verbose [4ms]
[2022-08-01T17:18:55.852Z] > git config --get commit.template [2ms]
[2022-08-01T17:19:01.117Z] > git status -z -uall [244ms]
[2022-08-01T17:19:01.124Z] > git symbolic-ref --short HEAD [2ms]
[2022-08-01T17:19:01.131Z] > git for-each-ref --format=%(refname)%00%(upstream:short)%00%(objectname)%00%(upstream:track)%00%(upstream:remotename)%00%(upstream:remoteref) refs/heads/main refs/remotes/main [3ms]
[2022-08-01T17:19:01.141Z] > git for-each-ref --sort -committerdate --format %(refname) %(objectname) %(*objectname) [5ms]
[2022-08-01T17:19:01.142Z] > git remote --verbose [2ms]
[2022-08-01T17:19:01.154Z] > git config --get commit.template [3ms]
[2022-08-01T17:19:06.470Z] > git status -z -uall [306ms]
[2022-08-01T17:19:06.480Z] > git symbolic-ref --short HEAD [3ms]
[2022-08-01T17:19:06.500Z] > git for-each-ref --format=%(refname)%00%(upstream:short)%00%(objectname)%00%(upstream:track)%00%(upstream:remotename)%00%(upstream:remoteref) refs/heads/main refs/remotes/main [2ms]
[2022-08-01T17:19:06.512Z] > git for-each-ref --sort -committerdate --format %(refname) %(objectname) %(*objectname) [7ms]
[2022-08-01T17:19:06.512Z] > git remote --verbose [1ms]
[2022-08-01T17:19:06.523Z] > git config --get commit.template [2ms]
[2022-08-01T17:19:11.752Z] > git status -z -uall [211ms]
[2022-08-01T17:19:11.759Z] > git symbolic-ref --short HEAD [2ms]
[2022-08-01T17:19:11.765Z] > git for-each-ref --format=%(refname)%00%(upstream:short)%00%(objectname)%00%(upstream:track)%00%(upstream:remotename)%00%(upstream:remoteref) refs/heads/main refs/remotes/main [2ms]
[2022-08-01T17:19:11.776Z] > git for-each-ref --sort -committerdate --format %(refname) %(objectname) %(*objectname) [6ms]
[2022-08-01T17:19:11.776Z] > git remote --verbose [1ms]
[2022-08-01T17:19:11.792Z] > git config --get commit.template [4ms]
[2022-08-01T17:19:17.183Z] > git status -z -uall [371ms]
[2022-08-01T17:19:17.192Z] > git symbolic-ref --short HEAD [1ms]
[2022-08-01T17:19:17.204Z] > git for-each-ref --format=%(refname)%00%(upstream:short)%00%(objectname)%00%(upstream:track)%00%(upstream:remotename)%00%(upstream:remoteref) refs/heads/main refs/remotes/main [7ms]
[2022-08-01T17:19:17.223Z] > git for-each-ref --sort -committerdate --format %(refname) %(objectname) %(*objectname) [13ms]
[2022-08-01T17:19:17.224Z] > git remote --verbose [9ms]
[2022-08-01T17:19:17.242Z] > git config --get commit.template [4ms]
[2022-08-01T17:19:22.641Z] > git status -z -uall [354ms]
[2022-08-01T17:19:22.652Z] > git symbolic-ref --short HEAD [2ms]
[2022-08-01T17:19:22.662Z] > git for-each-ref --format=%(refname)%00%(upstream:short)%00%(objectname)%00%(upstream:track)%00%(upstream:remotename)%00%(upstream:remoteref) refs/heads/main refs/remotes/main [5ms]
[2022-08-01T17:19:22.684Z] > git remote --verbose [7ms]
[2022-08-01T17:19:22.685Z] > git for-each-ref --sort -committerdate --format %(refname) %(objectname) %(*objectname) [14ms]
[2022-08-01T17:19:22.703Z] > git config --get commit.template [4ms]
[2022-08-01T17:19:27.956Z] > git status -z -uall [240ms]
[2022-08-01T17:19:27.962Z] > git symbolic-ref --short HEAD [1ms]
[2022-08-01T17:19:27.970Z] > git for-each-ref --format=%(refname)%00%(upstream:short)%00%(objectname)%00%(upstream:track)%00%(upstream:remotename)%00%(upstream:remoteref) refs/heads/main refs/remotes/main [3ms]
[2022-08-01T17:19:27.981Z] > git for-each-ref --sort -committerdate --format %(refname) %(objectname) %(*objectname) [6ms]
[2022-08-01T17:19:27.982Z] > git remote --verbose [2ms]
[2022-08-01T17:19:27.992Z] > git config --get commit.template [3ms]
[2022-08-01T17:19:33.253Z] > git status -z -uall [254ms]
[2022-08-01T17:19:33.260Z] > git symbolic-ref --short HEAD [1ms]
[2022-08-01T17:19:33.267Z] > git for-each-ref --format=%(refname)%00%(upstream:short)%00%(objectname)%00%(upstream:track)%00%(upstream:remotename)%00%(upstream:remoteref) refs/heads/main refs/remotes/main [2ms]
[2022-08-01T17:19:33.277Z] > git for-each-ref --sort -committerdate --format %(refname) %(objectname) %(*objectname) [5ms]
[2022-08-01T17:19:33.278Z] > git remote --verbose [2ms]
[2022-08-01T17:19:33.288Z] > git config --get commit.template [2ms]
[2022-08-01T17:19:38.561Z] > git status -z -uall [245ms]
[2022-08-01T17:19:38.572Z] > git symbolic-ref --short HEAD [1ms]
[2022-08-01T17:19:38.589Z] > git for-each-ref --format=%(refname)%00%(upstream:short)%00%(objectname)%00%(upstream:track)%00%(upstream:remotename)%00%(upstream:remoteref) refs/heads/main refs/remotes/main [8ms]
[2022-08-01T17:19:38.609Z] > git for-each-ref --sort -committerdate --format %(refname) %(objectname) %(*objectname) [15ms]
[2022-08-01T17:19:38.610Z] > git remote --verbose [4ms]
[2022-08-01T17:19:38.622Z] > git config --get commit.template [5ms]
[2022-08-01T17:19:43.876Z] > git status -z -uall [237ms]
[2022-08-01T17:19:43.885Z] > git symbolic-ref --short HEAD [4ms]
[2022-08-01T17:19:43.892Z] > git for-each-ref --format=%(refname)%00%(upstream:short)%00%(objectname)%00%(upstream:track)%00%(upstream:remotename)%00%(upstream:remoteref) refs/heads/main refs/remotes/main [3ms]
[2022-08-01T17:19:43.906Z] > git for-each-ref --sort -committerdate --format %(refname) %(objectname) %(*objectname) [9ms]
[2022-08-01T17:19:43.907Z] > git remote --verbose [3ms]
[2022-08-01T17:19:43.925Z] > git config --get commit.template [3ms]
[2022-08-01T17:19:49.188Z] > git status -z -uall [252ms]
[2022-08-01T17:19:49.196Z] > git symbolic-ref --short HEAD [3ms]
[2022-08-01T17:19:49.204Z] > git for-each-ref --format=%(refname)%00%(upstream:short)%00%(objectname)%00%(upstream:track)%00%(upstream:remotename)%00%(upstream:remoteref) refs/heads/main refs/remotes/main [3ms]
[2022-08-01T17:19:49.218Z] > git for-each-ref --sort -committerdate --format %(refname) %(objectname) %(*objectname) [10ms]
[2022-08-01T17:19:49.225Z] > git remote --verbose [7ms]
[2022-08-01T17:19:49.252Z] > git config --get commit.template [15ms]
[2022-08-01T17:19:54.499Z] > git status -z -uall [226ms]
[2022-08-01T17:19:54.505Z] > git symbolic-ref --short HEAD [1ms]
[2022-08-01T17:19:54.512Z] > git for-each-ref --format=%(refname)%00%(upstream:short)%00%(objectname)%00%(upstream:track)%00%(upstream:remotename)%00%(upstream:remoteref) refs/heads/main refs/remotes/main [2ms]
[2022-08-01T17:19:54.522Z] > git for-each-ref --sort -committerdate --format %(refname) %(objectname) %(*objectname) [5ms]
[2022-08-01T17:19:54.523Z] > git remote --verbose [2ms]
[2022-08-01T17:19:54.535Z] > git config --get commit.template [2ms]
[2022-08-01T17:19:59.797Z] > git status -z -uall [233ms]
[2022-08-01T17:19:59.803Z] > git symbolic-ref --short HEAD [2ms]
[2022-08-01T17:19:59.810Z] > git for-each-ref --format=%(refname)%00%(upstream:short)%00%(objectname)%00%(upstream:track)%00%(upstream:remotename)%00%(upstream:remoteref) refs/heads/main refs/remotes/main [2ms]
[2022-08-01T17:19:59.820Z] > git for-each-ref --sort -committerdate --format %(refname) %(objectname) %(*objectname) [6ms]
[2022-08-01T17:19:59.820Z] > git remote --verbose [1ms]
[2022-08-01T17:19:59.832Z] > git config --get commit.template [4ms]
[2022-08-01T17:20:05.058Z] > git status -z -uall [218ms]
[2022-08-01T17:20:05.065Z] > git symbolic-ref --short HEAD [2ms]
[2022-08-01T17:20:05.071Z] > git for-each-ref --format=%(refname)%00%(upstream:short)%00%(objectname)%00%(upstream:track)%00%(upstream:remotename)%00%(upstream:remoteref) refs/heads/main refs/remotes/main [2ms]
[2022-08-01T17:20:05.081Z] > git for-each-ref --sort -committerdate --format %(refname) %(objectname) %(*objectname) [5ms]
[2022-08-01T17:20:05.082Z] > git remote --verbose [2ms]
[2022-08-01T17:20:05.095Z] > git config --get commit.template [2ms]
[2022-08-01T17:20:10.416Z] > git status -z -uall [309ms]
[2022-08-01T17:20:10.426Z] > git symbolic-ref --short HEAD [3ms]
[2022-08-01T17:20:10.442Z] > git for-each-ref --format=%(refname)%00%(upstream:short)%00%(objectname)%00%(upstream:track)%00%(upstream:remotename)%00%(upstream:remoteref) refs/heads/main refs/remotes/main [5ms]
[2022-08-01T17:20:10.460Z] > git for-each-ref --sort -committerdate --format %(refname) %(objectname) %(*objectname) [11ms]
[2022-08-01T17:20:10.461Z] > git remote --verbose [2ms]
[2022-08-01T17:20:10.471Z] > git config --get commit.template [2ms]
[2022-08-01T17:20:15.750Z] > git status -z -uall [249ms]
[2022-08-01T17:20:15.756Z] > git symbolic-ref --short HEAD [2ms]
[2022-08-01T17:20:15.763Z] > git for-each-ref --format=%(refname)%00%(upstream:short)%00%(objectname)%00%(upstream:track)%00%(upstream:remotename)%00%(upstream:remoteref) refs/heads/main refs/remotes/main [3ms]
[2022-08-01T17:20:15.773Z] > git for-each-ref --sort -committerdate --format %(refname) %(objectname) %(*objectname) [6ms]
[2022-08-01T17:20:15.773Z] > git remote --verbose [1ms]
[2022-08-01T17:20:15.785Z] > git config --get commit.template [4ms]
[2022-08-01T17:20:21.028Z] > git status -z -uall [217ms]
[2022-08-01T17:20:21.034Z] > git symbolic-ref --short HEAD [1ms]
[2022-08-01T17:20:21.041Z] > git for-each-ref --format=%(refname)%00%(upstream:short)%00%(objectname)%00%(upstream:track)%00%(upstream:remotename)%00%(upstream:remoteref) refs/heads/main refs/remotes/main [2ms]
[2022-08-01T17:20:21.052Z] > git for-each-ref --sort -committerdate --format %(refname) %(objectname) %(*objectname) [7ms]
[2022-08-01T17:20:21.052Z] > git remote --verbose [1ms]
[2022-08-01T17:20:21.062Z] > git config --get commit.template [2ms]
[2022-08-01T17:20:26.329Z] > git status -z -uall [251ms]
[2022-08-01T17:20:26.336Z] > git symbolic-ref --short HEAD [2ms]
[2022-08-01T17:20:26.343Z] > git for-each-ref --format=%(refname)%00%(upstream:short)%00%(objectname)%00%(upstream:track)%00%(upstream:remotename)%00%(upstream:remoteref) refs/heads/main refs/remotes/main [2ms]
[2022-08-01T17:20:26.352Z] > git for-each-ref --sort -committerdate --format %(refname) %(objectname) %(*objectname) [5ms]
[2022-08-01T17:20:26.353Z] > git remote --verbose [2ms]
[2022-08-01T17:20:26.362Z] > git config --get commit.template [3ms]
[2022-08-01T17:20:31.594Z] > git status -z -uall [223ms]
[2022-08-01T17:20:31.601Z] > git symbolic-ref --short HEAD [2ms]
[2022-08-01T17:20:31.607Z] > git for-each-ref --format=%(refname)%00%(upstream:short)%00%(objectname)%00%(upstream:track)%00%(upstream:remotename)%00%(upstream:remoteref) refs/heads/main refs/remotes/main [2ms]
[2022-08-01T17:20:31.619Z] > git for-each-ref --sort -committerdate --format %(refname) %(objectname) %(*objectname) [7ms]
[2022-08-01T17:20:31.619Z] > git remote --verbose [1ms]
[2022-08-01T17:20:31.631Z] > git config --get commit.template [3ms]
[2022-08-01T17:20:36.896Z] > git status -z -uall [259ms]
[2022-08-01T17:20:36.905Z] > git symbolic-ref --short HEAD [4ms]
[2022-08-01T17:20:36.915Z] > git for-each-ref --format=%(refname)%00%(upstream:short)%00%(objectname)%00%(upstream:track)%00%(upstream:remotename)%00%(upstream:remoteref) refs/heads/main refs/remotes/main [5ms]
[2022-08-01T17:20:36.927Z] > git for-each-ref --sort -committerdate --format %(refname) %(objectname) %(*objectname) [7ms]
[2022-08-01T17:20:36.929Z] > git remote --verbose [3ms]
[2022-08-01T17:20:36.948Z] > git config --get commit.template [5ms]
[2022-08-01T17:20:42.219Z] > git status -z -uall [248ms]
[2022-08-01T17:20:42.226Z] > git symbolic-ref --short HEAD [2ms]
[2022-08-01T17:20:42.233Z] > git for-each-ref --format=%(refname)%00%(upstream:short)%00%(objectname)%00%(upstream:track)%00%(upstream:remotename)%00%(upstream:remoteref) refs/heads/main refs/remotes/main [3ms]
[2022-08-01T17:20:42.243Z] > git for-each-ref --sort -committerdate --format %(refname) %(objectname) %(*objectname) [6ms]
[2022-08-01T17:20:42.243Z] > git remote --verbose [1ms]
[2022-08-01T17:20:42.256Z] > git config --get commit.template [6ms]
[2022-08-01T17:20:47.738Z] > git status -z -uall [452ms]
[2022-08-01T17:20:47.744Z] > git symbolic-ref --short HEAD [1ms]
[2022-08-01T17:20:47.762Z] > git for-each-ref --format=%(refname)%00%(upstream:short)%00%(objectname)%00%(upstream:track)%00%(upstream:remotename)%00%(upstream:remoteref) refs/heads/main refs/remotes/main [12ms]
[2022-08-01T17:20:47.789Z] > git for-each-ref --sort -committerdate --format %(refname) %(objectname) %(*objectname) [10ms]
[2022-08-01T17:20:47.805Z] > git remote --verbose [17ms]
[2022-08-01T17:20:47.848Z] > git config --get commit.template [12ms]
[2022-08-01T17:23:04.062Z] > git status -z -uall [1056ms]
[2022-08-01T17:23:04.077Z] > git symbolic-ref --short HEAD [3ms]
[2022-08-01T17:23:04.088Z] > git for-each-ref --format=%(refname)%00%(upstream:short)%00%(objectname)%00%(upstream:track)%00%(upstream:remotename)%00%(upstream:remoteref) refs/heads/main refs/remotes/main [2ms]
[2022-08-01T17:23:04.101Z] > git remote --verbose [3ms]
[2022-08-01T17:23:04.105Z] > git for-each-ref --sort -committerdate --format %(refname) %(objectname) %(*objectname) [11ms]
[2022-08-01T17:23:04.135Z] > git config --get commit.template [5ms]
[2022-08-01T17:23:09.407Z] > git status -z -uall [247ms]
[2022-08-01T17:23:09.414Z] > git symbolic-ref --short HEAD [1ms]
[2022-08-01T17:23:09.421Z] > git for-each-ref --format=%(refname)%00%(upstream:short)%00%(objectname)%00%(upstream:track)%00%(upstream:remotename)%00%(upstream:remoteref) refs/heads/main refs/remotes/main [2ms]
[2022-08-01T17:23:09.432Z] > git for-each-ref --sort -committerdate --format %(refname) %(objectname) %(*objectname) [6ms]
[2022-08-01T17:23:09.432Z] > git remote --verbose [1ms]
[2022-08-01T17:23:09.456Z] > git config --get commit.template [4ms]
[2022-08-01T17:23:14.766Z] > git status -z -uall [280ms]
[2022-08-01T17:23:14.816Z] > git symbolic-ref --short HEAD [44ms]
[2022-08-01T17:23:14.833Z] > git for-each-ref --format=%(refname)%00%(upstream:short)%00%(objectname)%00%(upstream:track)%00%(upstream:remotename)%00%(upstream:remoteref) refs/heads/main refs/remotes/main [9ms]
[2022-08-01T17:23:14.866Z] > git for-each-ref --sort -committerdate --format %(refname) %(objectname) %(*objectname) [27ms]
[2022-08-01T17:23:14.867Z] > git remote --verbose [2ms]
[2022-08-01T17:23:14.887Z] > git config --get commit.template [5ms]
[2022-08-01T17:23:20.276Z] > git status -z -uall [380ms]
[2022-08-01T17:23:20.300Z] > git symbolic-ref --short HEAD [4ms]
[2022-08-01T17:23:20.311Z] > git for-each-ref --format=%(refname)%00%(upstream:short)%00%(objectname)%00%(upstream:track)%00%(upstream:remotename)%00%(upstream:remoteref) refs/heads/main refs/remotes/main [4ms]
[2022-08-01T17:23:20.323Z] > git for-each-ref --sort -committerdate --format %(refname) %(objectname) %(*objectname) [6ms]
[2022-08-01T17:23:20.326Z] > git remote --verbose [4ms]
[2022-08-01T17:23:20.354Z] > git config --get commit.template [6ms]
[2022-08-01T17:23:25.806Z] > git status -z -uall [426ms]
[2022-08-01T17:23:25.814Z] > git symbolic-ref --short HEAD [2ms]
[2022-08-01T17:23:25.823Z] > git for-each-ref --format=%(refname)%00%(upstream:short)%00%(objectname)%00%(upstream:track)%00%(upstream:remotename)%00%(upstream:remoteref) refs/heads/main refs/remotes/main [3ms]
[2022-08-01T17:23:25.841Z] > git for-each-ref --sort -committerdate --format %(refname) %(objectname) %(*objectname) [9ms]
[2022-08-01T17:23:25.847Z] > git remote --verbose [7ms]
[2022-08-01T17:23:25.870Z] > git config --get commit.template [7ms]
[2022-08-01T17:23:31.146Z] > git status -z -uall [257ms]
[2022-08-01T17:23:31.153Z] > git symbolic-ref --short HEAD [1ms]
[2022-08-01T17:23:31.161Z] > git for-each-ref --format=%(refname)%00%(upstream:short)%00%(objectname)%00%(upstream:track)%00%(upstream:remotename)%00%(upstream:remoteref) refs/heads/main refs/remotes/main [2ms]
[2022-08-01T17:23:31.172Z] > git for-each-ref --sort -committerdate --format %(refname) %(objectname) %(*objectname) [6ms]
[2022-08-01T17:23:31.173Z] > git remote --verbose [2ms]
[2022-08-01T17:23:31.195Z] > git config --get commit.template [5ms]
[2022-08-01T17:23:36.654Z] > git status -z -uall [451ms]
[2022-08-01T17:23:36.665Z] > git symbolic-ref --short HEAD [4ms]
[2022-08-01T17:23:36.675Z] > git for-each-ref --format=%(refname)%00%(upstream:short)%00%(objectname)%00%(upstream:track)%00%(upstream:remotename)%00%(upstream:remoteref) refs/heads/main refs/remotes/main [3ms]
[2022-08-01T17:23:36.702Z] > git for-each-ref --sort -committerdate --format %(refname) %(objectname) %(*objectname) [9ms]
[2022-08-01T17:23:36.705Z] > git remote --verbose [3ms]
[2022-08-01T17:23:36.750Z] > git config --get commit.template [9ms]
[2022-08-01T17:23:43.243Z] > git status -z -uall [669ms]
[2022-08-01T17:23:43.249Z] > git symbolic-ref --short HEAD [1ms]
[2022-08-01T17:23:43.258Z] > git for-each-ref --format=%(refname)%00%(upstream:short)%00%(objectname)%00%(upstream:track)%00%(upstream:remotename)%00%(upstream:remoteref) refs/heads/main refs/remotes/main [2ms]
[2022-08-01T17:23:43.269Z] > git for-each-ref --sort -committerdate --format %(refname) %(objectname) %(*objectname) [6ms]
[2022-08-01T17:23:43.270Z] > git remote --verbose [1ms]
[2022-08-01T17:23:43.298Z] > git config --get commit.template [3ms]
[2022-08-01T17:23:48.571Z] > git status -z -uall [250ms]
[2022-08-01T17:23:48.578Z] > git symbolic-ref --short HEAD [2ms]
[2022-08-01T17:23:48.586Z] > git for-each-ref --format=%(refname)%00%(upstream:short)%00%(objectname)%00%(upstream:track)%00%(upstream:remotename)%00%(upstream:remoteref) refs/heads/main refs/remotes/main [2ms]
[2022-08-01T17:23:48.599Z] > git for-each-ref --sort -committerdate --format %(refname) %(objectname) %(*objectname) [7ms]
[2022-08-01T17:23:48.600Z] > git remote --verbose [2ms]
[2022-08-01T17:23:48.643Z] > git config --get commit.template [21ms]
[2022-08-01T17:23:53.901Z] > git status -z -uall [231ms]
[2022-08-01T17:23:53.910Z] > git symbolic-ref --short HEAD [1ms]
[2022-08-01T17:23:53.918Z] > git for-each-ref --format=%(refname)%00%(upstream:short)%00%(objectname)%00%(upstream:track)%00%(upstream:remotename)%00%(upstream:remoteref) refs/heads/main refs/remotes/main [2ms]
[2022-08-01T17:23:53.931Z] > git for-each-ref --sort -committerdate --format %(refname) %(objectname) %(*objectname) [7ms]
[2022-08-01T17:23:53.931Z] > git remote --verbose [1ms]
[2022-08-01T17:23:53.951Z] > git config --get commit.template [4ms]
[2022-08-01T17:24:36.986Z] > git status -z -uall [448ms]
[2022-08-01T17:24:36.995Z] > git symbolic-ref --short HEAD [3ms]
[2022-08-01T17:24:37.002Z] > git for-each-ref --format=%(refname)%00%(upstream:short)%00%(objectname)%00%(upstream:track)%00%(upstream:remotename)%00%(upstream:remoteref) refs/heads/main refs/remotes/main [2ms]
[2022-08-01T17:24:37.015Z] > git for-each-ref --sort -committerdate --format %(refname) %(objectname) %(*objectname) [7ms]
[2022-08-01T17:24:37.016Z] > git remote --verbose [2ms]
[2022-08-01T17:24:37.038Z] > git config --get commit.template [6ms]
[2022-08-01T17:24:42.356Z] > git status -z -uall [291ms]
[2022-08-01T17:24:42.368Z] > git symbolic-ref --short HEAD [6ms]
[2022-08-01T17:24:42.396Z] > git for-each-ref --format=%(refname)%00%(upstream:short)%00%(objectname)%00%(upstream:track)%00%(upstream:remotename)%00%(upstream:remoteref) refs/heads/main refs/remotes/main [21ms]
[2022-08-01T17:24:42.432Z] > git for-each-ref --sort -committerdate --format %(refname) %(objectname) %(*objectname) [7ms]
[2022-08-01T17:24:42.446Z] > git remote --verbose [15ms]
[2022-08-01T17:24:42.486Z] > git config --get commit.template [2ms]
[2022-08-01T17:24:47.875Z] > git status -z -uall [364ms]
[2022-08-01T17:24:47.923Z] > git symbolic-ref --short HEAD [18ms]
[2022-08-01T17:24:47.939Z] > git for-each-ref --format=%(refname)%00%(upstream:short)%00%(objectname)%00%(upstream:track)%00%(upstream:remotename)%00%(upstream:remoteref) refs/heads/main refs/remotes/main [10ms]
[2022-08-01T17:24:47.952Z] > git for-each-ref --sort -committerdate --format %(refname) %(objectname) %(*objectname) [8ms]
[2022-08-01T17:24:47.954Z] > git remote --verbose [3ms]
[2022-08-01T17:24:47.988Z] > git config --get commit.template [12ms]
[2022-08-01T17:24:53.489Z] > git status -z -uall [473ms]
[2022-08-01T17:24:53.496Z] > git symbolic-ref --short HEAD [1ms]
[2022-08-01T17:24:53.505Z] > git for-each-ref --format=%(refname)%00%(upstream:short)%00%(objectname)%00%(upstream:track)%00%(upstream:remotename)%00%(upstream:remoteref) refs/heads/main refs/remotes/main [2ms]
[2022-08-01T17:24:53.518Z] > git for-each-ref --sort -committerdate --format %(refname) %(objectname) %(*objectname) [7ms]
[2022-08-01T17:24:53.521Z] > git remote --verbose [4ms]
[2022-08-01T17:24:53.565Z] > git config --get commit.template [8ms]
[2022-08-01T17:24:58.982Z] > git status -z -uall [372ms]
[2022-08-01T17:24:59.007Z] > git symbolic-ref --short HEAD [6ms]
[2022-08-01T17:24:59.032Z] > git for-each-ref --format=%(refname)%00%(upstream:short)%00%(objectname)%00%(upstream:track)%00%(upstream:remotename)%00%(upstream:remoteref) refs/heads/main refs/remotes/main [12ms]
[2022-08-01T17:24:59.048Z] > git for-each-ref --sort -committerdate --format %(refname) %(objectname) %(*objectname) [11ms]
[2022-08-01T17:24:59.055Z] > git remote --verbose [8ms]
[2022-08-01T17:24:59.084Z] > git config --get commit.template [3ms]
[2022-08-01T17:25:04.356Z] > git status -z -uall [254ms]
[2022-08-01T17:25:04.364Z] > git symbolic-ref --short HEAD [2ms]
[2022-08-01T17:25:04.372Z] > git for-each-ref --format=%(refname)%00%(upstream:short)%00%(objectname)%00%(upstream:track)%00%(upstream:remotename)%00%(upstream:remoteref) refs/heads/main refs/remotes/main [2ms]
[2022-08-01T17:25:04.386Z] > git for-each-ref --sort -committerdate --format %(refname) %(objectname) %(*objectname) [7ms]
[2022-08-01T17:25:04.386Z] > git remote --verbose [1ms]
[2022-08-01T17:25:04.416Z] > git config --get commit.template [4ms]
[2022-08-01T17:25:09.676Z] > git status -z -uall [239ms]
[2022-08-01T17:25:09.700Z] > git symbolic-ref --short HEAD [1ms]
[2022-08-01T17:25:09.730Z] > git for-each-ref --format=%(refname)%00%(upstream:short)%00%(objectname)%00%(upstream:track)%00%(upstream:remotename)%00%(upstream:remoteref) refs/heads/main refs/remotes/main [13ms]
[2022-08-01T17:25:09.752Z] > git for-each-ref --sort -committerdate --format %(refname) %(objectname) %(*objectname) [13ms]
[2022-08-01T17:25:09.753Z] > git remote --verbose [8ms]
[2022-08-01T17:25:09.779Z] > git config --get commit.template [3ms]
[2022-08-01T17:25:15.036Z] > git status -z -uall [238ms]
[2022-08-01T17:25:15.044Z] > git symbolic-ref --short HEAD [0ms]
[2022-08-01T17:25:15.052Z] > git for-each-ref --format=%(refname)%00%(upstream:short)%00%(objectname)%00%(upstream:track)%00%(upstream:remotename)%00%(upstream:remoteref) refs/heads/main refs/remotes/main [2ms]
[2022-08-01T17:25:15.063Z] > git for-each-ref --sort -committerdate --format %(refname) %(objectname) %(*objectname) [6ms]
[2022-08-01T17:25:15.064Z] > git remote --verbose [1ms]
[2022-08-01T17:25:15.084Z] > git config --get commit.template [4ms]
[2022-08-01T17:25:20.343Z] > git status -z -uall [242ms]
[2022-08-01T17:25:20.355Z] > git symbolic-ref --short HEAD [6ms]
[2022-08-01T17:25:20.373Z] > git for-each-ref --format=%(refname)%00%(upstream:short)%00%(objectname)%00%(upstream:track)%00%(upstream:remotename)%00%(upstream:remoteref) refs/heads/main refs/remotes/main [12ms]
[2022-08-01T17:25:20.395Z] > git remote --verbose [10ms]
[2022-08-01T17:25:20.396Z] > git for-each-ref --sort -committerdate --format %(refname) %(objectname) %(*objectname) [16ms]
[2022-08-01T17:25:20.445Z] > git config --get commit.template [10ms]
[2022-08-01T17:25:25.740Z] > git status -z -uall [284ms]
[2022-08-01T17:25:25.748Z] > git symbolic-ref --short HEAD [1ms]
[2022-08-01T17:25:25.756Z] > git for-each-ref --format=%(refname)%00%(upstream:short)%00%(objectname)%00%(upstream:track)%00%(upstream:remotename)%00%(upstream:remoteref) refs/heads/main refs/remotes/main [3ms]
[2022-08-01T17:25:25.788Z] > git remote --verbose [1ms]
[2022-08-01T17:25:25.789Z] > git for-each-ref --sort -committerdate --format %(refname) %(objectname) %(*objectname) [27ms]
[2022-08-01T17:25:25.848Z] > git config --get commit.template [3ms]
[2022-08-01T17:25:31.113Z] > git status -z -uall [249ms]
[2022-08-01T17:25:31.129Z] > git symbolic-ref --short HEAD [1ms]
[2022-08-01T17:25:31.148Z] > git for-each-ref --format=%(refname)%00%(upstream:short)%00%(objectname)%00%(upstream:track)%00%(upstream:remotename)%00%(upstream:remoteref) refs/heads/main refs/remotes/main [9ms]
[2022-08-01T17:25:31.172Z] > git for-each-ref --sort -committerdate --format %(refname) %(objectname) %(*objectname) [18ms]
[2022-08-01T17:25:31.174Z] > git remote --verbose [15ms]
[2022-08-01T17:25:31.205Z] > git config --get commit.template [3ms]
[2022-08-01T17:25:36.456Z] > git status -z -uall [235ms]
[2022-08-01T17:25:36.463Z] > git symbolic-ref --short HEAD [1ms]
[2022-08-01T17:25:36.471Z] > git for-each-ref --format=%(refname)%00%(upstream:short)%00%(objectname)%00%(upstream:track)%00%(upstream:remotename)%00%(upstream:remoteref) refs/heads/main refs/remotes/main [3ms]
[2022-08-01T17:25:36.481Z] > git for-each-ref --sort -committerdate --format %(refname) %(objectname) %(*objectname) [5ms]
[2022-08-01T17:25:36.483Z] > git remote --verbose [2ms]
[2022-08-01T17:25:36.509Z] > git config --get commit.template [9ms]
[2022-08-01T17:25:41.842Z] > git status -z -uall [304ms]
[2022-08-01T17:25:41.853Z] > git symbolic-ref --short HEAD [3ms]
[2022-08-01T17:25:41.866Z] > git for-each-ref --format=%(refname)%00%(upstream:short)%00%(objectname)%00%(upstream:track)%00%(upstream:remotename)%00%(upstream:remoteref) refs/heads/main refs/remotes/main [2ms]
[2022-08-01T17:25:41.891Z] > git remote --verbose [5ms]
[2022-08-01T17:25:41.892Z] > git for-each-ref --sort -committerdate --format %(refname) %(objectname) %(*objectname) [19ms]
[2022-08-01T17:25:41.922Z] > git config --get commit.template [2ms]
[2022-08-01T17:25:47.189Z] > git status -z -uall [254ms]
[2022-08-01T17:25:47.196Z] > git symbolic-ref --short HEAD [1ms]
[2022-08-01T17:25:47.207Z] > git for-each-ref --format=%(refname)%00%(upstream:short)%00%(objectname)%00%(upstream:track)%00%(upstream:remotename)%00%(upstream:remoteref) refs/heads/main refs/remotes/main [5ms]
[2022-08-01T17:25:47.218Z] > git for-each-ref --sort -committerdate --format %(refname) %(objectname) %(*objectname) [6ms]
[2022-08-01T17:25:47.219Z] > git remote --verbose [1ms]
[2022-08-01T17:25:47.246Z] > git config --get commit.template [4ms]
[2022-08-01T17:25:52.521Z] > git status -z -uall [259ms]
[2022-08-01T17:25:52.537Z] > git symbolic-ref --short HEAD [8ms]
[2022-08-01T17:25:52.554Z] > git for-each-ref --format=%(refname)%00%(upstream:short)%00%(objectname)%00%(upstream:track)%00%(upstream:remotename)%00%(upstream:remoteref) refs/heads/main refs/remotes/main [9ms]
[2022-08-01T17:25:52.597Z] > git remote --verbose [17ms]
[2022-08-01T17:25:52.598Z] > git for-each-ref --sort -committerdate --format %(refname) %(objectname) %(*objectname) [38ms]
[2022-08-01T17:25:52.625Z] > git config --get commit.template [5ms]
[2022-08-01T17:25:57.917Z] > git status -z -uall [263ms]
[2022-08-01T17:25:57.925Z] > git symbolic-ref --short HEAD [2ms]
[2022-08-01T17:25:57.932Z] > git for-each-ref --format=%(refname)%00%(upstream:short)%00%(objectname)%00%(upstream:track)%00%(upstream:remotename)%00%(upstream:remoteref) refs/heads/main refs/remotes/main [2ms]
[2022-08-01T17:25:57.943Z] > git for-each-ref --sort -committerdate --format %(refname) %(objectname) %(*objectname) [6ms]
[2022-08-01T17:25:57.944Z] > git remote --verbose [1ms]
[2022-08-01T17:25:57.973Z] > git config --get commit.template [15ms]
[2022-08-01T17:26:03.251Z] > git status -z -uall [235ms]
[2022-08-01T17:26:03.259Z] > git symbolic-ref --short HEAD [2ms]
[2022-08-01T17:26:03.268Z] > git for-each-ref --format=%(refname)%00%(upstream:short)%00%(objectname)%00%(upstream:track)%00%(upstream:remotename)%00%(upstream:remoteref) refs/heads/main refs/remotes/main [2ms]
[2022-08-01T17:26:03.281Z] > git for-each-ref --sort -committerdate --format %(refname) %(objectname) %(*objectname) [7ms]
[2022-08-01T17:26:03.281Z] > git remote --verbose [1ms]
[2022-08-01T17:26:03.299Z] > git config --get commit.template [2ms]
[2022-08-01T17:26:08.549Z] > git status -z -uall [236ms]
[2022-08-01T17:26:08.557Z] > git symbolic-ref --short HEAD [2ms]
[2022-08-01T17:26:08.565Z] > git for-each-ref --format=%(refname)%00%(upstream:short)%00%(objectname)%00%(upstream:track)%00%(upstream:remotename)%00%(upstream:remoteref) refs/heads/main refs/remotes/main [3ms]
[2022-08-01T17:26:08.577Z] > git for-each-ref --sort -committerdate --format %(refname) %(objectname) %(*objectname) [6ms]
[2022-08-01T17:26:08.577Z] > git remote --verbose [1ms]
[2022-08-01T17:26:08.596Z] > git config --get commit.template [2ms]
[2022-08-01T17:26:13.860Z] > git status -z -uall [230ms]
[2022-08-01T17:26:13.871Z] > git symbolic-ref --short HEAD [1ms]
[2022-08-01T17:26:13.880Z] > git for-each-ref --format=%(refname)%00%(upstream:short)%00%(objectname)%00%(upstream:track)%00%(upstream:remotename)%00%(upstream:remoteref) refs/heads/main refs/remotes/main [0ms]
[2022-08-01T17:26:13.897Z] > git for-each-ref --sort -committerdate --format %(refname) %(objectname) %(*objectname) [7ms]
[2022-08-01T17:26:13.898Z] > git remote --verbose [2ms]
[2022-08-01T17:26:13.919Z] > git config --get commit.template [4ms]
[2022-08-01T17:26:19.222Z] > git status -z -uall [275ms]
[2022-08-01T17:26:19.257Z] > git symbolic-ref --short HEAD [11ms]
[2022-08-01T17:26:19.299Z] > git for-each-ref --format=%(refname)%00%(upstream:short)%00%(objectname)%00%(upstream:track)%00%(upstream:remotename)%00%(upstream:remoteref) refs/heads/main refs/remotes/main [19ms]
[2022-08-01T17:26:19.313Z] > git for-each-ref --sort -committerdate --format %(refname) %(objectname) %(*objectname) [7ms]
[2022-08-01T17:26:19.314Z] > git remote --verbose [2ms]
[2022-08-01T17:26:19.336Z] > git config --get commit.template [3ms]
[2022-08-01T17:26:24.708Z] > git status -z -uall [332ms]
[2022-08-01T17:26:24.715Z] > git symbolic-ref --short HEAD [1ms]
[2022-08-01T17:26:24.724Z] > git for-each-ref --format=%(refname)%00%(upstream:short)%00%(objectname)%00%(upstream:track)%00%(upstream:remotename)%00%(upstream:remoteref) refs/heads/main refs/remotes/main [3ms]
[2022-08-01T17:26:24.736Z] > git for-each-ref --sort -committerdate --format %(refname) %(objectname) %(*objectname) [7ms]
[2022-08-01T17:26:24.736Z] > git remote --verbose [1ms]
[2022-08-01T17:26:24.758Z] > git config --get commit.template [6ms]
[2022-08-01T17:26:30.052Z] > git status -z -uall [253ms]
[2022-08-01T17:26:30.069Z] > git symbolic-ref --short HEAD [9ms]
[2022-08-01T17:26:30.085Z] > git for-each-ref --format=%(refname)%00%(upstream:short)%00%(objectname)%00%(upstream:track)%00%(upstream:remotename)%00%(upstream:remoteref) refs/heads/main refs/remotes/main [9ms]
[2022-08-01T17:26:30.123Z] > git remote --verbose [26ms]
[2022-08-01T17:26:30.124Z] > git for-each-ref --sort -committerdate --format %(refname) %(objectname) %(*objectname) [32ms]
[2022-08-01T17:26:30.150Z] > git config --get commit.template [3ms]
[2022-08-01T17:26:35.474Z] > git status -z -uall [294ms]
[2022-08-01T17:26:35.481Z] > git symbolic-ref --short HEAD [1ms]
[2022-08-01T17:26:35.502Z] > git for-each-ref --format=%(refname)%00%(upstream:short)%00%(objectname)%00%(upstream:track)%00%(upstream:remotename)%00%(upstream:remoteref) refs/heads/main refs/remotes/main [12ms]
[2022-08-01T17:26:35.516Z] > git for-each-ref --sort -committerdate --format %(refname) %(objectname) %(*objectname) [7ms]
[2022-08-01T17:26:35.520Z] > git remote --verbose [5ms]
[2022-08-01T17:26:35.544Z] > git config --get commit.template [7ms]
[2022-08-01T17:26:40.813Z] > git status -z -uall [241ms]
[2022-08-01T17:26:40.827Z] > git symbolic-ref --short HEAD [0ms]
[2022-08-01T17:26:40.850Z] > git for-each-ref --format=%(refname)%00%(upstream:short)%00%(objectname)%00%(upstream:track)%00%(upstream:remotename)%00%(upstream:remoteref) refs/heads/main refs/remotes/main [14ms]
[2022-08-01T17:26:40.886Z] > git for-each-ref --sort -committerdate --format %(refname) %(objectname) %(*objectname) [30ms]
[2022-08-01T17:26:40.886Z] > git remote --verbose [23ms]
[2022-08-01T17:26:40.910Z] > git config --get commit.template [3ms]
[2022-08-01T17:26:46.451Z] > git status -z -uall [469ms]
[2022-08-01T17:26:46.464Z] > git symbolic-ref --short HEAD [4ms]
[2022-08-01T17:26:46.482Z] > git for-each-ref --format=%(refname)%00%(upstream:short)%00%(objectname)%00%(upstream:track)%00%(upstream:remotename)%00%(upstream:remoteref) refs/heads/main refs/remotes/main [6ms]
[2022-08-01T17:26:46.504Z] > git for-each-ref --sort -committerdate --format %(refname) %(objectname) %(*objectname) [13ms]
[2022-08-01T17:26:46.506Z] > git remote --verbose [3ms]
[2022-08-01T17:26:46.565Z] > git config --get commit.template [21ms]
[2022-08-01T17:26:51.924Z] > git status -z -uall [321ms]
[2022-08-01T17:26:51.932Z] > git symbolic-ref --short HEAD [1ms]
[2022-08-01T17:26:51.948Z] > git for-each-ref --format=%(refname)%00%(upstream:short)%00%(objectname)%00%(upstream:track)%00%(upstream:remotename)%00%(upstream:remoteref) refs/heads/main refs/remotes/main [3ms]
[2022-08-01T17:26:51.977Z] > git for-each-ref --sort -committerdate --format %(refname) %(objectname) %(*objectname) [22ms]
[2022-08-01T17:26:51.982Z] > git remote --verbose [10ms]
[2022-08-01T17:26:52.028Z] > git config --get commit.template [3ms]
[2022-08-01T17:26:57.394Z] > git status -z -uall [325ms]
[2022-08-01T17:26:57.404Z] > git symbolic-ref --short HEAD [2ms]
[2022-08-01T17:26:57.414Z] > git for-each-ref --format=%(refname)%00%(upstream:short)%00%(objectname)%00%(upstream:track)%00%(upstream:remotename)%00%(upstream:remoteref) refs/heads/main refs/remotes/main [3ms]
[2022-08-01T17:26:57.429Z] > git for-each-ref --sort -committerdate --format %(refname) %(objectname) %(*objectname) [8ms]
[2022-08-01T17:26:57.430Z] > git remote --verbose [2ms]
[2022-08-01T17:26:57.456Z] > git config --get commit.template [6ms]
[2022-08-01T17:27:02.776Z] > git status -z -uall [302ms]
[2022-08-01T17:27:02.793Z] > git symbolic-ref --short HEAD [7ms]
[2022-08-01T17:27:02.850Z] > git for-each-ref --format=%(refname)%00%(upstream:short)%00%(objectname)%00%(upstream:track)%00%(upstream:remotename)%00%(upstream:remoteref) refs/heads/main refs/remotes/main [20ms]
[2022-08-01T17:27:02.863Z] > git for-each-ref --sort -committerdate --format %(refname) %(objectname) %(*objectname) [8ms]
[2022-08-01T17:27:02.864Z] > git remote --verbose [2ms]
[2022-08-01T17:27:02.885Z] > git config --get commit.template [4ms]
[2022-08-01T17:27:08.232Z] > git status -z -uall [314ms]
[2022-08-01T17:27:08.243Z] > git symbolic-ref --short HEAD [4ms]
[2022-08-01T17:27:08.253Z] > git for-each-ref --format=%(refname)%00%(upstream:short)%00%(objectname)%00%(upstream:track)%00%(upstream:remotename)%00%(upstream:remoteref) refs/heads/main refs/remotes/main [3ms]
[2022-08-01T17:27:08.267Z] > git for-each-ref --sort -committerdate --format %(refname) %(objectname) %(*objectname) [7ms]
[2022-08-01T17:27:08.268Z] > git remote --verbose [2ms]
[2022-08-01T17:27:08.292Z] > git config --get commit.template [7ms]
[2022-08-01T17:27:13.679Z] > git status -z -uall [349ms]
[2022-08-01T17:27:13.689Z] > git symbolic-ref --short HEAD [2ms]
[2022-08-01T17:27:13.706Z] > git for-each-ref --format=%(refname)%00%(upstream:short)%00%(objectname)%00%(upstream:track)%00%(upstream:remotename)%00%(upstream:remoteref) refs/heads/main refs/remotes/main [10ms]
[2022-08-01T17:27:13.720Z] > git for-each-ref --sort -committerdate --format %(refname) %(objectname) %(*objectname) [8ms]
[2022-08-01T17:27:13.727Z] > git remote --verbose [9ms]
[2022-08-01T17:27:13.759Z] > git config --get commit.template [11ms]
[2022-08-01T17:27:19.062Z] > git status -z -uall [285ms]
[2022-08-01T17:27:19.072Z] > git symbolic-ref --short HEAD [2ms]
[2022-08-01T17:27:19.079Z] > git for-each-ref --format=%(refname)%00%(upstream:short)%00%(objectname)%00%(upstream:track)%00%(upstream:remotename)%00%(upstream:remoteref) refs/heads/main refs/remotes/main [2ms]
[2022-08-01T17:27:19.109Z] > git remote --verbose [1ms]
[2022-08-01T17:27:19.109Z] > git for-each-ref --sort -committerdate --format %(refname) %(objectname) %(*objectname) [10ms]
[2022-08-01T17:27:19.134Z] > git config --get commit.template [5ms]
[2022-08-01T17:27:24.624Z] > git status -z -uall [464ms]
[2022-08-01T17:27:24.633Z] > git symbolic-ref --short HEAD [2ms]
[2022-08-01T17:27:24.642Z] > git for-each-ref --format=%(refname)%00%(upstream:short)%00%(objectname)%00%(upstream:track)%00%(upstream:remotename)%00%(upstream:remoteref) refs/heads/main refs/remotes/main [3ms]
[2022-08-01T17:27:24.664Z] > git for-each-ref --sort -committerdate --format %(refname) %(objectname) %(*objectname) [13ms]
[2022-08-01T17:27:24.664Z] > git remote --verbose [7ms]
[2022-08-01T17:27:24.699Z] > git config --get commit.template [4ms]
[2022-08-01T17:27:30.027Z] > git status -z -uall [273ms]
[2022-08-01T17:27:30.035Z] > git symbolic-ref --short HEAD [2ms]
[2022-08-01T17:27:30.043Z] > git for-each-ref --format=%(refname)%00%(upstream:short)%00%(objectname)%00%(upstream:track)%00%(upstream:remotename)%00%(upstream:remoteref) refs/heads/main refs/remotes/main [2ms]
[2022-08-01T17:27:30.060Z] > git for-each-ref --sort -committerdate --format %(refname) %(objectname) %(*objectname) [11ms]
[2022-08-01T17:27:30.062Z] > git remote --verbose [3ms]
[2022-08-01T17:27:30.110Z] > git config --get commit.template [11ms]
[2022-08-01T17:27:35.508Z] > git status -z -uall [345ms]
[2022-08-01T17:27:35.516Z] > git symbolic-ref --short HEAD [1ms]
[2022-08-01T17:27:35.527Z] > git for-each-ref --format=%(refname)%00%(upstream:short)%00%(objectname)%00%(upstream:track)%00%(upstream:remotename)%00%(upstream:remoteref) refs/heads/main refs/remotes/main [3ms]
[2022-08-01T17:27:35.543Z] > git for-each-ref --sort -committerdate --format %(refname) %(objectname) %(*objectname) [10ms]
[2022-08-01T17:27:35.544Z] > git remote --verbose [2ms]
[2022-08-01T17:27:35.564Z] > git config --get commit.template [2ms]
[2022-08-01T17:27:40.881Z] > git status -z -uall [294ms]
[2022-08-01T17:27:40.894Z] > git symbolic-ref --short HEAD [2ms]
[2022-08-01T17:27:40.909Z] > git for-each-ref --format=%(refname)%00%(upstream:short)%00%(objectname)%00%(upstream:track)%00%(upstream:remotename)%00%(upstream:remoteref) refs/heads/main refs/remotes/main [4ms]
[2022-08-01T17:27:40.927Z] > git for-each-ref --sort -committerdate --format %(refname) %(objectname) %(*objectname) [9ms]
[2022-08-01T17:27:40.927Z] > git remote --verbose [1ms]
[2022-08-01T17:27:40.956Z] > git config --get commit.template [5ms]
[2022-08-01T17:27:46.290Z] > git status -z -uall [316ms]
[2022-08-01T17:27:46.299Z] > git symbolic-ref --short HEAD [1ms]
[2022-08-01T17:27:46.311Z] > git for-each-ref --format=%(refname)%00%(upstream:short)%00%(objectname)%00%(upstream:track)%00%(upstream:remotename)%00%(upstream:remoteref) refs/heads/main refs/remotes/main [3ms]
[2022-08-01T17:27:46.341Z] > git for-each-ref --sort -committerdate --format %(refname) %(objectname) %(*objectname) [19ms]
[2022-08-01T17:27:46.343Z] > git remote --verbose [3ms]
[2022-08-01T17:27:46.385Z] > git config --get commit.template [12ms]
[2022-08-01T17:27:51.731Z] > git status -z -uall [335ms]
[2022-08-01T17:27:51.741Z] > git symbolic-ref --short HEAD [1ms]
[2022-08-01T17:27:51.752Z] > git for-each-ref --format=%(refname)%00%(upstream:short)%00%(objectname)%00%(upstream:track)%00%(upstream:remotename)%00%(upstream:remoteref) refs/heads/main refs/remotes/main [3ms]
[2022-08-01T17:27:51.772Z] > git for-each-ref --sort -committerdate --format %(refname) %(objectname) %(*objectname) [8ms]
[2022-08-01T17:27:51.777Z] > git remote --verbose [6ms]
[2022-08-01T17:27:51.808Z] > git config --get commit.template [5ms]
[2022-08-01T17:27:57.211Z] > git status -z -uall [364ms]
[2022-08-01T17:27:57.218Z] > git symbolic-ref --short HEAD [2ms]
[2022-08-01T17:27:57.228Z] > git for-each-ref --format=%(refname)%00%(upstream:short)%00%(objectname)%00%(upstream:track)%00%(upstream:remotename)%00%(upstream:remoteref) refs/heads/main refs/remotes/main [1ms]
[2022-08-01T17:27:57.241Z] > git for-each-ref --sort -committerdate --format %(refname) %(objectname) %(*objectname) [6ms]
[2022-08-01T17:27:57.243Z] > git remote --verbose [3ms]
[2022-08-01T17:27:57.267Z] > git config --get commit.template [2ms]
[2022-08-01T17:28:02.593Z] > git status -z -uall [316ms]
[2022-08-01T17:28:02.620Z] > git symbolic-ref --short HEAD [14ms]
[2022-08-01T17:28:02.633Z] > git for-each-ref --format=%(refname)%00%(upstream:short)%00%(objectname)%00%(upstream:track)%00%(upstream:remotename)%00%(upstream:remoteref) refs/heads/main refs/remotes/main [5ms]
[2022-08-01T17:28:02.658Z] > git for-each-ref --sort -committerdate --format %(refname) %(objectname) %(*objectname) [14ms]
[2022-08-01T17:28:02.658Z] > git remote --verbose [1ms]
[2022-08-01T17:28:02.704Z] > git config --get commit.template [11ms]
[2022-08-01T17:28:08.013Z] > git status -z -uall [282ms]
[2022-08-01T17:28:08.020Z] > git symbolic-ref --short HEAD [1ms]
[2022-08-01T17:28:08.028Z] > git for-each-ref --format=%(refname)%00%(upstream:short)%00%(objectname)%00%(upstream:track)%00%(upstream:remotename)%00%(upstream:remoteref) refs/heads/main refs/remotes/main [3ms]
[2022-08-01T17:28:08.043Z] > git for-each-ref --sort -committerdate --format %(refname) %(objectname) %(*objectname) [8ms]
[2022-08-01T17:28:08.043Z] > git remote --verbose [1ms]
[2022-08-01T17:28:08.066Z] > git config --get commit.template [2ms]
[2022-08-01T17:28:13.342Z] > git status -z -uall [263ms]
[2022-08-01T17:28:13.349Z] > git symbolic-ref --short HEAD [2ms]
[2022-08-01T17:28:13.360Z] > git for-each-ref --format=%(refname)%00%(upstream:short)%00%(objectname)%00%(upstream:track)%00%(upstream:remotename)%00%(upstream:remoteref) refs/heads/main refs/remotes/main [2ms]
[2022-08-01T17:28:13.373Z] > git for-each-ref --sort -committerdate --format %(refname) %(objectname) %(*objectname) [7ms]
[2022-08-01T17:28:13.373Z] > git remote --verbose [1ms]
[2022-08-01T17:28:13.411Z] > git config --get commit.template [3ms]
[2022-08-01T17:28:18.685Z] > git status -z -uall [247ms]
[2022-08-01T17:28:18.697Z] > git symbolic-ref --short HEAD [6ms]
[2022-08-01T17:28:18.718Z] > git for-each-ref --format=%(refname)%00%(upstream:short)%00%(objectname)%00%(upstream:track)%00%(upstream:remotename)%00%(upstream:remoteref) refs/heads/main refs/remotes/main [5ms]
[2022-08-01T17:28:18.749Z] > git for-each-ref --sort -committerdate --format %(refname) %(objectname) %(*objectname) [18ms]
[2022-08-01T17:28:18.749Z] > git remote --verbose [13ms]
[2022-08-01T17:28:18.779Z] > git config --get commit.template [2ms]
[2022-08-01T17:28:24.025Z] > git status -z -uall [229ms]
[2022-08-01T17:28:24.033Z] > git symbolic-ref --short HEAD [2ms]
[2022-08-01T17:28:24.040Z] > git for-each-ref --format=%(refname)%00%(upstream:short)%00%(objectname)%00%(upstream:track)%00%(upstream:remotename)%00%(upstream:remoteref) refs/heads/main refs/remotes/main [2ms]
[2022-08-01T17:28:24.053Z] > git for-each-ref --sort -committerdate --format %(refname) %(objectname) %(*objectname) [7ms]
[2022-08-01T17:28:24.054Z] > git remote --verbose [2ms]
[2022-08-01T17:28:24.081Z] > git config --get commit.template [5ms]
[2022-08-01T17:28:29.346Z] > git status -z -uall [255ms]
[2022-08-01T17:28:29.353Z] > git symbolic-ref --short HEAD [2ms]
[2022-08-01T17:28:29.361Z] > git for-each-ref --format=%(refname)%00%(upstream:short)%00%(objectname)%00%(upstream:track)%00%(upstream:remotename)%00%(upstream:remoteref) refs/heads/main refs/remotes/main [3ms]
[2022-08-01T17:28:29.373Z] > git for-each-ref --sort -committerdate --format %(refname) %(objectname) %(*objectname) [7ms]
[2022-08-01T17:28:29.374Z] > git remote --verbose [2ms]
[2022-08-01T17:28:29.399Z] > git config --get commit.template [4ms]
[2022-08-01T17:28:34.641Z] > git status -z -uall [228ms]
[2022-08-01T17:28:34.648Z] > git symbolic-ref --short HEAD [1ms]
[2022-08-01T17:28:34.656Z] > git for-each-ref --format=%(refname)%00%(upstream:short)%00%(objectname)%00%(upstream:track)%00%(upstream:remotename)%00%(upstream:remoteref) refs/heads/main refs/remotes/main [2ms]
[2022-08-01T17:28:34.669Z] > git for-each-ref --sort -committerdate --format %(refname) %(objectname) %(*objectname) [6ms]
[2022-08-01T17:28:34.670Z] > git remote --verbose [1ms]
[2022-08-01T17:28:34.690Z] > git config --get commit.template [5ms]
[2022-08-01T17:28:39.967Z] > git status -z -uall [257ms]
[2022-08-01T17:28:39.987Z] > git symbolic-ref --short HEAD [13ms]
[2022-08-01T17:28:40.003Z] > git for-each-ref --format=%(refname)%00%(upstream:short)%00%(objectname)%00%(upstream:track)%00%(upstream:remotename)%00%(upstream:remoteref) refs/heads/main refs/remotes/main [10ms]
[2022-08-01T17:28:40.031Z] > git for-each-ref --sort -committerdate --format %(refname) %(objectname) %(*objectname) [22ms]
[2022-08-01T17:28:40.032Z] > git remote --verbose [16ms]
[2022-08-01T17:28:40.062Z] > git config --get commit.template [3ms]
[2022-08-01T17:28:45.312Z] > git status -z -uall [233ms]
[2022-08-01T17:28:45.320Z] > git symbolic-ref --short HEAD [2ms]
[2022-08-01T17:28:45.327Z] > git for-each-ref --format=%(refname)%00%(upstream:short)%00%(objectname)%00%(upstream:track)%00%(upstream:remotename)%00%(upstream:remoteref) refs/heads/main refs/remotes/main [2ms]
[2022-08-01T17:28:45.338Z] > git for-each-ref --sort -committerdate --format %(refname) %(objectname) %(*objectname) [6ms]
[2022-08-01T17:28:45.339Z] > git remote --verbose [2ms]
[2022-08-01T17:28:45.359Z] > git config --get commit.template [4ms]
[2022-08-01T17:28:50.629Z] > git status -z -uall [256ms]
[2022-08-01T17:28:50.636Z] > git symbolic-ref --short HEAD [2ms]
[2022-08-01T17:28:50.644Z] > git for-each-ref --format=%(refname)%00%(upstream:short)%00%(objectname)%00%(upstream:track)%00%(upstream:remotename)%00%(upstream:remoteref) refs/heads/main refs/remotes/main [2ms]
[2022-08-01T17:28:50.656Z] > git for-each-ref --sort -committerdate --format %(refname) %(objectname) %(*objectname) [6ms]
[2022-08-01T17:28:50.656Z] > git remote --verbose [1ms]
[2022-08-01T17:28:50.674Z] > git config --get commit.template [2ms]
[2022-08-01T17:28:55.920Z] > git status -z -uall [230ms]
[2022-08-01T17:28:55.933Z] > git symbolic-ref --short HEAD [8ms]
[2022-08-01T17:28:55.941Z] > git for-each-ref --format=%(refname)%00%(upstream:short)%00%(objectname)%00%(upstream:track)%00%(upstream:remotename)%00%(upstream:remoteref) refs/heads/main refs/remotes/main [2ms]
[2022-08-01T17:28:55.952Z] > git for-each-ref --sort -committerdate --format %(refname) %(objectname) %(*objectname) [6ms]
[2022-08-01T17:28:55.953Z] > git remote --verbose [1ms]
[2022-08-01T17:28:55.986Z] > git config --get commit.template [12ms]
[2022-08-01T17:29:01.239Z] > git status -z -uall [234ms]
[2022-08-01T17:29:01.259Z] > git symbolic-ref --short HEAD [9ms]
[2022-08-01T17:29:01.275Z] > git for-each-ref --format=%(refname)%00%(upstream:short)%00%(objectname)%00%(upstream:track)%00%(upstream:remotename)%00%(upstream:remoteref) refs/heads/main refs/remotes/main [9ms]
[2022-08-01T17:29:01.288Z] > git for-each-ref --sort -committerdate --format %(refname) %(objectname) %(*objectname) [7ms]
[2022-08-01T17:29:01.295Z] > git remote --verbose [8ms]
[2022-08-01T17:29:01.335Z] > git config --get commit.template [3ms]
[2022-08-01T17:29:06.581Z] > git status -z -uall [234ms]
[2022-08-01T17:29:06.589Z] > git symbolic-ref --short HEAD [2ms]
[2022-08-01T17:29:06.597Z] > git for-each-ref --format=%(refname)%00%(upstream:short)%00%(objectname)%00%(upstream:track)%00%(upstream:remotename)%00%(upstream:remoteref) refs/heads/main refs/remotes/main [2ms]
[2022-08-01T17:29:06.610Z] > git for-each-ref --sort -committerdate --format %(refname) %(objectname) %(*objectname) [7ms]
[2022-08-01T17:29:06.611Z] > git remote --verbose [2ms]
[2022-08-01T17:29:06.636Z] > git config --get commit.template [6ms]
[2022-08-01T17:29:11.889Z] > git status -z -uall [234ms]
[2022-08-01T17:29:11.906Z] > git symbolic-ref --short HEAD [10ms]
[2022-08-01T17:29:11.924Z] > git for-each-ref --format=%(refname)%00%(upstream:short)%00%(objectname)%00%(upstream:track)%00%(upstream:remotename)%00%(upstream:remoteref) refs/heads/main refs/remotes/main [12ms]
[2022-08-01T17:29:11.937Z] > git for-each-ref --sort -committerdate --format %(refname) %(objectname) %(*objectname) [7ms]
[2022-08-01T17:29:11.951Z] > git remote --verbose [15ms]
[2022-08-01T17:29:11.981Z] > git config --get commit.template [5ms]
[2022-08-01T17:29:17.229Z] > git status -z -uall [228ms]
[2022-08-01T17:29:17.236Z] > git symbolic-ref --short HEAD [1ms]
[2022-08-01T17:29:17.244Z] > git for-each-ref --format=%(refname)%00%(upstream:short)%00%(objectname)%00%(upstream:track)%00%(upstream:remotename)%00%(upstream:remoteref) refs/heads/main refs/remotes/main [3ms]
[2022-08-01T17:29:17.255Z] > git for-each-ref --sort -committerdate --format %(refname) %(objectname) %(*objectname) [6ms]
[2022-08-01T17:29:17.255Z] > git remote --verbose [1ms]
[2022-08-01T17:29:17.280Z] > git config --get commit.template [4ms]
[2022-08-01T17:29:22.531Z] > git status -z -uall [223ms]
[2022-08-01T17:29:22.546Z] > git symbolic-ref --short HEAD [8ms]
[2022-08-01T17:29:22.562Z] > git for-each-ref --format=%(refname)%00%(upstream:short)%00%(objectname)%00%(upstream:track)%00%(upstream:remotename)%00%(upstream:remoteref) refs/heads/main refs/remotes/main [10ms]
[2022-08-01T17:29:22.586Z] > git for-each-ref --sort -committerdate --format %(refname) %(objectname) %(*objectname) [17ms]
[2022-08-01T17:29:22.599Z] > git remote --verbose [17ms]
[2022-08-01T17:29:22.630Z] > git config --get commit.template [4ms]
[2022-08-01T17:29:27.883Z] > git status -z -uall [231ms]
[2022-08-01T17:29:27.891Z] > git symbolic-ref --short HEAD [2ms]
[2022-08-01T17:29:27.898Z] > git for-each-ref --format=%(refname)%00%(upstream:short)%00%(objectname)%00%(upstream:track)%00%(upstream:remotename)%00%(upstream:remoteref) refs/heads/main refs/remotes/main [2ms]
[2022-08-01T17:29:27.909Z] > git for-each-ref --sort -committerdate --format %(refname) %(objectname) %(*objectname) [6ms]
[2022-08-01T17:29:27.910Z] > git remote --verbose [1ms]
[2022-08-01T17:29:27.932Z] > git config --get commit.template [5ms]
[2022-08-01T17:29:33.191Z] > git status -z -uall [241ms]
[2022-08-01T17:29:33.212Z] > git symbolic-ref --short HEAD [14ms]
[2022-08-01T17:29:33.235Z] > git for-each-ref --format=%(refname)%00%(upstream:short)%00%(objectname)%00%(upstream:track)%00%(upstream:remotename)%00%(upstream:remoteref) refs/heads/main refs/remotes/main [16ms]
[2022-08-01T17:29:33.248Z] > git for-each-ref --sort -committerdate --format %(refname) %(objectname) %(*objectname) [8ms]
[2022-08-01T17:29:33.249Z] > git remote --verbose [2ms]
[2022-08-01T17:29:33.278Z] > git config --get commit.template [2ms]
[2022-08-01T17:29:38.526Z] > git status -z -uall [224ms]
[2022-08-01T17:29:38.534Z] > git symbolic-ref --short HEAD [2ms]
[2022-08-01T17:29:38.542Z] > git for-each-ref --format=%(refname)%00%(upstream:short)%00%(objectname)%00%(upstream:track)%00%(upstream:remotename)%00%(upstream:remoteref) refs/heads/main refs/remotes/main [2ms]
[2022-08-01T17:29:38.554Z] > git for-each-ref --sort -committerdate --format %(refname) %(objectname) %(*objectname) [6ms]
[2022-08-01T17:29:38.555Z] > git remote --verbose [2ms]
[2022-08-01T17:29:38.579Z] > git config --get commit.template [5ms]
[2022-08-01T17:29:43.836Z] > git status -z -uall [228ms]
[2022-08-01T17:29:43.851Z] > git symbolic-ref --short HEAD [7ms]
[2022-08-01T17:29:43.870Z] > git for-each-ref --format=%(refname)%00%(upstream:short)%00%(objectname)%00%(upstream:track)%00%(upstream:remotename)%00%(upstream:remoteref) refs/heads/main refs/remotes/main [14ms]
[2022-08-01T17:29:43.884Z] > git for-each-ref --sort -committerdate --format %(refname) %(objectname) %(*objectname) [7ms]
[2022-08-01T17:29:43.891Z] > git remote --verbose [8ms]
[2022-08-01T17:29:43.928Z] > git config --get commit.template [10ms]
[2022-08-01T17:29:49.179Z] > git status -z -uall [230ms]
[2022-08-01T17:29:49.188Z] > git symbolic-ref --short HEAD [3ms]
[2022-08-01T17:29:49.197Z] > git for-each-ref --format=%(refname)%00%(upstream:short)%00%(objectname)%00%(upstream:track)%00%(upstream:remotename)%00%(upstream:remoteref) refs/heads/main refs/remotes/main [1ms]
[2022-08-01T17:29:49.209Z] > git for-each-ref --sort -committerdate --format %(refname) %(objectname) %(*objectname) [6ms]
[2022-08-01T17:29:49.210Z] > git remote --verbose [1ms]
[2022-08-01T17:29:49.230Z] > git config --get commit.template [5ms]
[2022-08-01T17:29:54.468Z] > git status -z -uall [226ms]
[2022-08-01T17:29:54.492Z] > git symbolic-ref --short HEAD [2ms]
[2022-08-01T17:29:54.528Z] > git for-each-ref --format=%(refname)%00%(upstream:short)%00%(objectname)%00%(upstream:track)%00%(upstream:remotename)%00%(upstream:remoteref) refs/heads/main refs/remotes/main [20ms]
[2022-08-01T17:29:54.539Z] > git for-each-ref --sort -committerdate --format %(refname) %(objectname) %(*objectname) [6ms]
[2022-08-01T17:29:54.540Z] > git remote --verbose [2ms]
[2022-08-01T17:29:54.571Z] > git config --get commit.template [2ms]
[2022-08-01T17:29:59.812Z] > git status -z -uall [225ms]
[2022-08-01T17:29:59.820Z] > git symbolic-ref --short HEAD [2ms]
[2022-08-01T17:29:59.828Z] > git for-each-ref --format=%(refname)%00%(upstream:short)%00%(objectname)%00%(upstream:track)%00%(upstream:remotename)%00%(upstream:remoteref) refs/heads/main refs/remotes/main [2ms]
[2022-08-01T17:29:59.841Z] > git for-each-ref --sort -committerdate --format %(refname) %(objectname) %(*objectname) [7ms]
[2022-08-01T17:29:59.842Z] > git remote --verbose [2ms]
[2022-08-01T17:29:59.863Z] > git config --get commit.template [5ms]
[2022-08-01T17:30:05.096Z] > git status -z -uall [226ms]
[2022-08-01T17:30:05.112Z] > git symbolic-ref --short HEAD [7ms]
[2022-08-01T17:30:05.127Z] > git for-each-ref --format=%(refname)%00%(upstream:short)%00%(objectname)%00%(upstream:track)%00%(upstream:remotename)%00%(upstream:remoteref) refs/heads/main refs/remotes/main [10ms]
[2022-08-01T17:30:05.140Z] > git for-each-ref --sort -committerdate --format %(refname) %(objectname) %(*objectname) [7ms]
[2022-08-01T17:30:05.150Z] > git remote --verbose [11ms]
[2022-08-01T17:30:05.190Z] > git config --get commit.template [5ms]
[2022-08-01T17:30:10.443Z] > git status -z -uall [239ms]
[2022-08-01T17:30:10.450Z] > git symbolic-ref --short HEAD [1ms]
[2022-08-01T17:30:10.458Z] > git for-each-ref --format=%(refname)%00%(upstream:short)%00%(objectname)%00%(upstream:track)%00%(upstream:remotename)%00%(upstream:remoteref) refs/heads/main refs/remotes/main [2ms]
[2022-08-01T17:30:10.469Z] > git for-each-ref --sort -committerdate --format %(refname) %(objectname) %(*objectname) [6ms]
[2022-08-01T17:30:10.470Z] > git remote --verbose [2ms]
[2022-08-01T17:30:10.497Z] > git config --get commit.template [5ms]
[2022-08-01T17:30:15.744Z] > git status -z -uall [233ms]
[2022-08-01T17:30:15.761Z] > git symbolic-ref --short HEAD [10ms]
[2022-08-01T17:30:15.776Z] > git for-each-ref --format=%(refname)%00%(upstream:short)%00%(objectname)%00%(upstream:track)%00%(upstream:remotename)%00%(upstream:remoteref) refs/heads/main refs/remotes/main [9ms]
[2022-08-01T17:30:15.797Z] > git remote --verbose [9ms]
[2022-08-01T17:30:15.797Z] > git for-each-ref --sort -committerdate --format %(refname) %(objectname) %(*objectname) [14ms]
[2022-08-01T17:30:15.840Z] > git config --get commit.template [7ms]
[2022-08-01T17:30:21.084Z] > git status -z -uall [224ms]
[2022-08-01T17:30:21.091Z] > git symbolic-ref --short HEAD [1ms]
[2022-08-01T17:30:21.100Z] > git for-each-ref --format=%(refname)%00%(upstream:short)%00%(objectname)%00%(upstream:track)%00%(upstream:remotename)%00%(upstream:remoteref) refs/heads/main refs/remotes/main [3ms]
[2022-08-01T17:30:21.112Z] > git for-each-ref --sort -committerdate --format %(refname) %(objectname) %(*objectname) [7ms]
[2022-08-01T17:30:21.112Z] > git remote --verbose [1ms]
[2022-08-01T17:30:21.131Z] > git config --get commit.template [4ms]
[2022-08-01T17:30:26.404Z] > git status -z -uall [258ms]
[2022-08-01T17:30:26.411Z] > git symbolic-ref --short HEAD [2ms]
[2022-08-01T17:30:26.419Z] > git for-each-ref --format=%(refname)%00%(upstream:short)%00%(objectname)%00%(upstream:track)%00%(upstream:remotename)%00%(upstream:remoteref) refs/heads/main refs/remotes/main [3ms]
[2022-08-01T17:30:26.430Z] > git for-each-ref --sort -committerdate --format %(refname) %(objectname) %(*objectname) [6ms]
[2022-08-01T17:30:26.430Z] > git remote --verbose [1ms]
[2022-08-01T17:30:26.451Z] > git config --get commit.template [6ms]
[2022-08-01T17:30:31.700Z] > git status -z -uall [231ms]
[2022-08-01T17:30:31.708Z] > git symbolic-ref --short HEAD [2ms]
[2022-08-01T17:30:31.716Z] > git for-each-ref --format=%(refname)%00%(upstream:short)%00%(objectname)%00%(upstream:track)%00%(upstream:remotename)%00%(upstream:remoteref) refs/heads/main refs/remotes/main [2ms]
[2022-08-01T17:30:31.729Z] > git for-each-ref --sort -committerdate --format %(refname) %(objectname) %(*objectname) [7ms]
[2022-08-01T17:30:31.729Z] > git remote --verbose [1ms]
[2022-08-01T17:30:31.754Z] > git config --get commit.template [5ms]
[2022-08-01T17:30:37.017Z] > git status -z -uall [241ms]
[2022-08-01T17:30:37.025Z] > git symbolic-ref --short HEAD [2ms]
[2022-08-01T17:30:37.033Z] > git for-each-ref --format=%(refname)%00%(upstream:short)%00%(objectname)%00%(upstream:track)%00%(upstream:remotename)%00%(upstream:remoteref) refs/heads/main refs/remotes/main [2ms]
[2022-08-01T17:30:37.048Z] > git for-each-ref --sort -committerdate --format %(refname) %(objectname) %(*objectname) [9ms]
[2022-08-01T17:30:37.048Z] > git remote --verbose [1ms]
[2022-08-01T17:30:37.075Z] > git config --get commit.template [5ms]
[2022-08-01T17:30:42.339Z] > git status -z -uall [236ms]
[2022-08-01T17:30:42.346Z] > git symbolic-ref --short HEAD [1ms]
[2022-08-01T17:30:42.354Z] > git for-each-ref --format=%(refname)%00%(upstream:short)%00%(objectname)%00%(upstream:track)%00%(upstream:remotename)%00%(upstream:remoteref) refs/heads/main refs/remotes/main [2ms]
[2022-08-01T17:30:42.366Z] > git for-each-ref --sort -committerdate --format %(refname) %(objectname) %(*objectname) [7ms]
[2022-08-01T17:30:42.366Z] > git remote --verbose [1ms]
[2022-08-01T17:30:42.387Z] > git config --get commit.template [4ms]
[2022-08-01T17:30:47.665Z] > git status -z -uall [250ms]
[2022-08-01T17:30:47.673Z] > git symbolic-ref --short HEAD [2ms]
[2022-08-01T17:30:47.681Z] > git for-each-ref --format=%(refname)%00%(upstream:short)%00%(objectname)%00%(upstream:track)%00%(upstream:remotename)%00%(upstream:remoteref) refs/heads/main refs/remotes/main [3ms]
[2022-08-01T17:30:47.693Z] > git for-each-ref --sort -committerdate --format %(refname) %(objectname) %(*objectname) [7ms]
[2022-08-01T17:30:47.693Z] > git remote --verbose [1ms]
[2022-08-01T17:30:47.713Z] > git config --get commit.template [4ms]
[2022-08-01T17:30:52.988Z] > git status -z -uall [251ms]
[2022-08-01T17:30:52.997Z] > git symbolic-ref --short HEAD [2ms]
[2022-08-01T17:30:53.005Z] > git for-each-ref --format=%(refname)%00%(upstream:short)%00%(objectname)%00%(upstream:track)%00%(upstream:remotename)%00%(upstream:remoteref) refs/heads/main refs/remotes/main [3ms]
[2022-08-01T17:30:53.018Z] > git for-each-ref --sort -committerdate --format %(refname) %(objectname) %(*objectname) [6ms]
[2022-08-01T17:30:53.019Z] > git remote --verbose [1ms]
[2022-08-01T17:30:53.044Z] > git config --get commit.template [6ms]
[2022-08-01T17:30:58.360Z] > git status -z -uall [286ms]
[2022-08-01T17:30:58.367Z] > git symbolic-ref --short HEAD [2ms]
[2022-08-01T17:30:58.375Z] > git for-each-ref --format=%(refname)%00%(upstream:short)%00%(objectname)%00%(upstream:track)%00%(upstream:remotename)%00%(upstream:remoteref) refs/heads/main refs/remotes/main [3ms]
[2022-08-01T17:30:58.386Z] > git for-each-ref --sort -committerdate --format %(refname) %(objectname) %(*objectname) [6ms]
[2022-08-01T17:30:58.387Z] > git remote --verbose [2ms]
[2022-08-01T17:30:58.414Z] > git config --get commit.template [3ms]
[2022-08-01T17:31:03.679Z] > git status -z -uall [227ms]
[2022-08-01T17:31:03.686Z] > git symbolic-ref --short HEAD [1ms]
[2022-08-01T17:31:03.694Z] > git for-each-ref --format=%(refname)%00%(upstream:short)%00%(objectname)%00%(upstream:track)%00%(upstream:remotename)%00%(upstream:remoteref) refs/heads/main refs/remotes/main [2ms]
[2022-08-01T17:31:03.705Z] > git for-each-ref --sort -committerdate --format %(refname) %(objectname) %(*objectname) [6ms]
[2022-08-01T17:31:03.706Z] > git remote --verbose [2ms]
[2022-08-01T17:31:03.725Z] > git config --get commit.template [5ms]
[2022-08-01T17:31:08.985Z] > git status -z -uall [239ms]
[2022-08-01T17:31:09.000Z] > git symbolic-ref --short HEAD [2ms]
[2022-08-01T17:31:09.020Z] > git for-each-ref --format=%(refname)%00%(upstream:short)%00%(objectname)%00%(upstream:track)%00%(upstream:remotename)%00%(upstream:remoteref) refs/heads/main refs/remotes/main [1ms]
[2022-08-01T17:31:09.045Z] > git for-each-ref --sort -committerdate --format %(refname) %(objectname) %(*objectname) [20ms]
[2022-08-01T17:31:09.045Z] > git remote --verbose [14ms]
[2022-08-01T17:31:09.081Z] > git config --get commit.template [5ms]
[2022-08-01T17:31:14.370Z] > git status -z -uall [268ms]
[2022-08-01T17:31:14.378Z] > git symbolic-ref --short HEAD [2ms]
[2022-08-01T17:31:14.386Z] > git for-each-ref --format=%(refname)%00%(upstream:short)%00%(objectname)%00%(upstream:track)%00%(upstream:remotename)%00%(upstream:remoteref) refs/heads/main refs/remotes/main [2ms]
[2022-08-01T17:31:14.398Z] > git for-each-ref --sort -committerdate --format %(refname) %(objectname) %(*objectname) [7ms]
[2022-08-01T17:31:14.399Z] > git remote --verbose [2ms]
[2022-08-01T17:31:14.432Z] > git config --get commit.template [7ms]
[2022-08-01T17:31:19.692Z] > git status -z -uall [235ms]
[2022-08-01T17:31:19.712Z] > git symbolic-ref --short HEAD [7ms]
[2022-08-01T17:31:19.743Z] > git for-each-ref --format=%(refname)%00%(upstream:short)%00%(objectname)%00%(upstream:track)%00%(upstream:remotename)%00%(upstream:remoteref) refs/heads/main refs/remotes/main [25ms]
[2022-08-01T17:31:19.756Z] > git for-each-ref --sort -committerdate --format %(refname) %(objectname) %(*objectname) [7ms]
[2022-08-01T17:31:19.756Z] > git remote --verbose [1ms]
[2022-08-01T17:31:19.797Z] > git config --get commit.template [3ms]
[2022-08-01T17:31:25.048Z] > git status -z -uall [237ms]
[2022-08-01T17:31:25.056Z] > git symbolic-ref --short HEAD [2ms]
[2022-08-01T17:31:25.064Z] > git for-each-ref --format=%(refname)%00%(upstream:short)%00%(objectname)%00%(upstream:track)%00%(upstream:remotename)%00%(upstream:remoteref) refs/heads/main refs/remotes/main [2ms]
[2022-08-01T17:31:25.077Z] > git for-each-ref --sort -committerdate --format %(refname) %(objectname) %(*objectname) [7ms]
[2022-08-01T17:31:25.078Z] > git remote --verbose [2ms]
[2022-08-01T17:31:25.102Z] > git config --get commit.template [5ms]
[2022-08-01T17:31:30.359Z] > git status -z -uall [244ms]
[2022-08-01T17:31:30.374Z] > git symbolic-ref --short HEAD [2ms]
[2022-08-01T17:31:30.390Z] > git for-each-ref --format=%(refname)%00%(upstream:short)%00%(objectname)%00%(upstream:track)%00%(upstream:remotename)%00%(upstream:remoteref) refs/heads/main refs/remotes/main [11ms]
[2022-08-01T17:31:30.416Z] > git for-each-ref --sort -committerdate --format %(refname) %(objectname) %(*objectname) [12ms]
[2022-08-01T17:31:30.417Z] > git remote --verbose [8ms]
[2022-08-01T17:31:30.460Z] > git config --get commit.template [4ms]
[2022-08-01T17:31:35.704Z] > git status -z -uall [227ms]
[2022-08-01T17:31:35.712Z] > git symbolic-ref --short HEAD [2ms]
[2022-08-01T17:31:35.720Z] > git for-each-ref --format=%(refname)%00%(upstream:short)%00%(objectname)%00%(upstream:track)%00%(upstream:remotename)%00%(upstream:remoteref) refs/heads/main refs/remotes/main [2ms]
[2022-08-01T17:31:35.733Z] > git for-each-ref --sort -committerdate --format %(refname) %(objectname) %(*objectname) [7ms]
[2022-08-01T17:31:35.734Z] > git remote --verbose [2ms]
[2022-08-01T17:31:35.754Z] > git config --get commit.template [5ms]
[2022-08-01T17:31:41.036Z] > git status -z -uall [264ms]
[2022-08-01T17:31:41.052Z] > git symbolic-ref --short HEAD [8ms]
[2022-08-01T17:31:41.075Z] > git for-each-ref --format=%(refname)%00%(upstream:short)%00%(objectname)%00%(upstream:track)%00%(upstream:remotename)%00%(upstream:remoteref) refs/heads/main refs/remotes/main [16ms]
[2022-08-01T17:31:41.102Z] > git for-each-ref --sort -committerdate --format %(refname) %(objectname) %(*objectname) [14ms]
[2022-08-01T17:31:41.115Z] > git remote --verbose [14ms]
[2022-08-01T17:31:41.138Z] > git config --get commit.template [3ms]
[2022-08-01T17:31:46.409Z] > git status -z -uall [243ms]
[2022-08-01T17:31:46.416Z] > git symbolic-ref --short HEAD [1ms]
[2022-08-01T17:31:46.424Z] > git for-each-ref --format=%(refname)%00%(upstream:short)%00%(objectname)%00%(upstream:track)%00%(upstream:remotename)%00%(upstream:remoteref) refs/heads/main refs/remotes/main [2ms]
[2022-08-01T17:31:46.436Z] > git for-each-ref --sort -committerdate --format %(refname) %(objectname) %(*objectname) [6ms]
[2022-08-01T17:31:46.438Z] > git remote --verbose [3ms]
[2022-08-01T17:31:46.461Z] > git config --get commit.template [5ms]
[2022-08-01T17:31:52.061Z] > git status -z -uall [557ms]
[2022-08-01T17:31:52.089Z] > git symbolic-ref --short HEAD [1ms]
[2022-08-01T17:31:52.183Z] > git for-each-ref --format=%(refname)%00%(upstream:short)%00%(objectname)%00%(upstream:track)%00%(upstream:remotename)%00%(upstream:remoteref) refs/heads/main refs/remotes/main [41ms]
[2022-08-01T17:31:52.209Z] > git remote --verbose [5ms]
[2022-08-01T17:31:52.210Z] > git for-each-ref --sort -committerdate --format %(refname) %(objectname) %(*objectname) [21ms]
[2022-08-01T17:31:52.262Z] > git config --get commit.template [3ms]
[2022-08-01T17:31:57.592Z] > git status -z -uall [307ms]
[2022-08-01T17:31:57.601Z] > git symbolic-ref --short HEAD [3ms]
[2022-08-01T17:31:57.612Z] > git for-each-ref --format=%(refname)%00%(upstream:short)%00%(objectname)%00%(upstream:track)%00%(upstream:remotename)%00%(upstream:remoteref) refs/heads/main refs/remotes/main [3ms]
[2022-08-01T17:31:57.623Z] > git for-each-ref --sort -committerdate --format %(refname) %(objectname) %(*objectname) [6ms]
[2022-08-01T17:31:57.624Z] > git remote --verbose [2ms]
[2022-08-01T17:31:57.643Z] > git config --get commit.template [3ms]
[2022-08-01T17:32:03.611Z] > git status -z -uall [956ms]
[2022-08-01T17:32:03.629Z] > git symbolic-ref --short HEAD [4ms]
[2022-08-01T17:32:03.662Z] > git for-each-ref --format=%(refname)%00%(upstream:short)%00%(objectname)%00%(upstream:track)%00%(upstream:remotename)%00%(upstream:remoteref) refs/heads/main refs/remotes/main [11ms]
[2022-08-01T17:32:03.690Z] > git for-each-ref --sort -committerdate --format %(refname) %(objectname) %(*objectname) [7ms]
[2022-08-01T17:32:03.690Z] > git remote --verbose [1ms]
[2022-08-01T17:32:03.712Z] > git config --get commit.template [3ms]
