[2022-08-01T16:53:20.990Z] Log level: Info
[2022-08-01T16:53:20.995Z] [info] Validating found git in: git
[2022-08-01T16:53:21.052Z] [info] Using git 2.30.2 from git
[2022-08-01T16:53:21.091Z] > git rev-parse --show-toplevel [8ms]
[2022-08-01T16:53:21.136Z] > git rev-parse --git-dir --git-common-dir [38ms]
[2022-08-01T16:53:21.142Z] [info] Open repository: /home/thebuffylow
[2022-08-01T16:53:22.503Z] > git check-ignore -v -z --stdin [124ms]
[2022-08-01T16:53:22.579Z] > git status -z -uall [1427ms]
[2022-08-01T16:53:22.592Z] > git symbolic-ref --short HEAD [4ms]
[2022-08-01T16:53:22.601Z] > git for-each-ref --format=%(refname)%00%(upstream:short)%00%(objectname)%00%(upstream:track)%00%(upstream:remotename)%00%(upstream:remoteref) refs/heads/main refs/remotes/main [4ms]
[2022-08-01T16:53:22.628Z] > git for-each-ref --sort -committerdate --format %(refname) %(objectname) %(*objectname) [20ms]
[2022-08-01T16:53:22.633Z] > git remote --verbose [12ms]
[2022-08-01T16:53:27.080Z] > git check-ignore -v -z --stdin [427ms]
[2022-08-01T16:53:27.081Z] > git config --get commit.template [412ms]
[2022-08-01T16:53:27.484Z] > git status -z -uall [394ms]
[2022-08-01T16:53:27.494Z] > git symbolic-ref --short HEAD [1ms]
[2022-08-01T16:53:27.503Z] > git for-each-ref --format=%(refname)%00%(upstream:short)%00%(objectname)%00%(upstream:track)%00%(upstream:remotename)%00%(upstream:remoteref) refs/heads/main refs/remotes/main [2ms]
[2022-08-01T16:53:27.516Z] > git for-each-ref --sort -committerdate --format %(refname) %(objectname) %(*objectname) [7ms]
[2022-08-01T16:53:27.517Z] > git remote --verbose [2ms]
[2022-08-01T16:53:27.586Z] > git config --get commit.template [3ms]
[2022-08-01T16:53:32.954Z] > git status -z -uall [270ms]
[2022-08-01T16:53:32.970Z] > git symbolic-ref --short HEAD [1ms]
[2022-08-01T16:53:32.979Z] > git for-each-ref --format=%(refname)%00%(upstream:short)%00%(objectname)%00%(upstream:track)%00%(upstream:remotename)%00%(upstream:remoteref) refs/heads/main refs/remotes/main [2ms]
[2022-08-01T16:53:32.993Z] > git for-each-ref --sort -committerdate --format %(refname) %(objectname) %(*objectname) [7ms]
[2022-08-01T16:53:32.994Z] > git remote --verbose [2ms]
[2022-08-01T16:53:33.083Z] > git config --get commit.template [6ms]
[2022-08-01T16:53:38.303Z] > git status -z -uall [200ms]
[2022-08-01T16:53:38.312Z] > git symbolic-ref --short HEAD [1ms]
[2022-08-01T16:53:38.320Z] > git for-each-ref --format=%(refname)%00%(upstream:short)%00%(objectname)%00%(upstream:track)%00%(upstream:remotename)%00%(upstream:remoteref) refs/heads/main refs/remotes/main [2ms]
[2022-08-01T16:53:38.333Z] > git for-each-ref --sort -committerdate --format %(refname) %(objectname) %(*objectname) [7ms]
[2022-08-01T16:53:38.334Z] > git remote --verbose [2ms]
[2022-08-01T16:53:38.395Z] > git config --get commit.template [3ms]
[2022-08-01T16:53:43.641Z] > git status -z -uall [209ms]
[2022-08-01T16:53:43.649Z] > git symbolic-ref --short HEAD [2ms]
[2022-08-01T16:53:43.658Z] > git for-each-ref --format=%(refname)%00%(upstream:short)%00%(objectname)%00%(upstream:track)%00%(upstream:remotename)%00%(upstream:remoteref) refs/heads/main refs/remotes/main [2ms]
[2022-08-01T16:53:43.672Z] > git for-each-ref --sort -committerdate --format %(refname) %(objectname) %(*objectname) [7ms]
[2022-08-01T16:53:43.673Z] > git remote --verbose [2ms]
[2022-08-01T16:53:43.748Z] > git config --get commit.template [13ms]
[2022-08-01T16:53:49.041Z] > git status -z -uall [267ms]
[2022-08-01T16:53:49.058Z] > git symbolic-ref --short HEAD [4ms]
[2022-08-01T16:53:49.073Z] > git for-each-ref --format=%(refname)%00%(upstream:short)%00%(objectname)%00%(upstream:track)%00%(upstream:remotename)%00%(upstream:remoteref) refs/heads/main refs/remotes/main [3ms]
[2022-08-01T16:53:49.101Z] > git for-each-ref --sort -committerdate --format %(refname) %(objectname) %(*objectname) [18ms]
[2022-08-01T16:53:49.102Z] > git remote --verbose [6ms]
[2022-08-01T16:53:49.175Z] > git config --get commit.template [2ms]
[2022-08-01T16:54:04.816Z] > git status -z -uall [317ms]
[2022-08-01T16:54:04.825Z] > git symbolic-ref --short HEAD [3ms]
[2022-08-01T16:54:04.836Z] > git for-each-ref --format=%(refname)%00%(upstream:short)%00%(objectname)%00%(upstream:track)%00%(upstream:remotename)%00%(upstream:remoteref) refs/heads/main refs/remotes/main [4ms]
[2022-08-01T16:54:04.851Z] > git remote --verbose [1ms]
[2022-08-01T16:54:04.852Z] > git for-each-ref --sort -committerdate --format %(refname) %(objectname) %(*objectname) [10ms]
[2022-08-01T16:54:04.947Z] > git config --get commit.template [3ms]
[2022-08-01T16:54:10.217Z] > git status -z -uall [253ms]
[2022-08-01T16:54:10.226Z] > git symbolic-ref --short HEAD [2ms]
[2022-08-01T16:54:10.235Z] > git for-each-ref --format=%(refname)%00%(upstream:short)%00%(objectname)%00%(upstream:track)%00%(upstream:remotename)%00%(upstream:remoteref) refs/heads/main refs/remotes/main [2ms]
[2022-08-01T16:54:10.249Z] > git for-each-ref --sort -committerdate --format %(refname) %(objectname) %(*objectname) [7ms]
[2022-08-01T16:54:10.250Z] > git remote --verbose [2ms]
[2022-08-01T16:54:10.329Z] > git config --get commit.template [6ms]
[2022-08-01T16:54:15.537Z] > git status -z -uall [196ms]
[2022-08-01T16:54:15.547Z] > git symbolic-ref --short HEAD [1ms]
[2022-08-01T16:54:15.556Z] > git for-each-ref --format=%(refname)%00%(upstream:short)%00%(objectname)%00%(upstream:track)%00%(upstream:remotename)%00%(upstream:remoteref) refs/heads/main refs/remotes/main [2ms]
[2022-08-01T16:54:15.573Z] > git remote --verbose [2ms]
[2022-08-01T16:54:15.574Z] > git for-each-ref --sort -committerdate --format %(refname) %(objectname) %(*objectname) [10ms]
[2022-08-01T16:54:15.638Z] > git config --get commit.template [3ms]
[2022-08-01T16:54:20.949Z] > git status -z -uall [296ms]
[2022-08-01T16:54:20.968Z] > git symbolic-ref --short HEAD [6ms]
[2022-08-01T16:54:20.987Z] > git for-each-ref --format=%(refname)%00%(upstream:short)%00%(objectname)%00%(upstream:track)%00%(upstream:remotename)%00%(upstream:remoteref) refs/heads/main refs/remotes/main [3ms]
[2022-08-01T16:54:21.014Z] > git remote --verbose [8ms]
[2022-08-01T16:54:21.016Z] > git for-each-ref --sort -committerdate --format %(refname) %(objectname) %(*objectname) [20ms]
[2022-08-01T16:54:24.146Z] > git config --get commit.template [2997ms]
[2022-08-01T16:54:29.398Z] > git status -z -uall [217ms]
[2022-08-01T16:54:29.406Z] > git symbolic-ref --short HEAD [1ms]
[2022-08-01T16:54:29.415Z] > git for-each-ref --format=%(refname)%00%(upstream:short)%00%(objectname)%00%(upstream:track)%00%(upstream:remotename)%00%(upstream:remoteref) refs/heads/main refs/remotes/main [2ms]
[2022-08-01T16:54:29.430Z] > git for-each-ref --sort -committerdate --format %(refname) %(objectname) %(*objectname) [8ms]
[2022-08-01T16:54:29.431Z] > git remote --verbose [2ms]
[2022-08-01T16:54:29.522Z] > git config --get commit.template [8ms]
[2022-08-01T16:54:34.759Z] > git status -z -uall [213ms]
[2022-08-01T16:54:34.768Z] > git symbolic-ref --short HEAD [1ms]
[2022-08-01T16:54:34.778Z] > git for-each-ref --format=%(refname)%00%(upstream:short)%00%(objectname)%00%(upstream:track)%00%(upstream:remotename)%00%(upstream:remoteref) refs/heads/main refs/remotes/main [2ms]
[2022-08-01T16:54:34.794Z] > git for-each-ref --sort -committerdate --format %(refname) %(objectname) %(*objectname) [9ms]
[2022-08-01T16:54:34.795Z] > git remote --verbose [2ms]
[2022-08-01T16:54:34.868Z] > git config --get commit.template [9ms]
[2022-08-01T16:54:40.090Z] > git status -z -uall [201ms]
[2022-08-01T16:54:40.099Z] > git symbolic-ref --short HEAD [2ms]
[2022-08-01T16:54:40.109Z] > git for-each-ref --format=%(refname)%00%(upstream:short)%00%(objectname)%00%(upstream:track)%00%(upstream:remotename)%00%(upstream:remoteref) refs/heads/main refs/remotes/main [3ms]
[2022-08-01T16:54:40.124Z] > git for-each-ref --sort -committerdate --format %(refname) %(objectname) %(*objectname) [8ms]
[2022-08-01T16:54:40.125Z] > git remote --verbose [2ms]
[2022-08-01T16:54:40.187Z] > git config --get commit.template [3ms]
[2022-08-01T16:54:46.770Z] > git status -z -uall [1418ms]
[2022-08-01T16:54:46.812Z] > git symbolic-ref --short HEAD [4ms]
[2022-08-01T16:54:46.849Z] > git for-each-ref --format=%(refname)%00%(upstream:short)%00%(objectname)%00%(upstream:track)%00%(upstream:remotename)%00%(upstream:remoteref) refs/heads/main refs/remotes/main [6ms]
[2022-08-01T16:54:47.106Z] > git remote --verbose [62ms]
[2022-08-01T16:54:47.106Z] > git for-each-ref --sort -committerdate --format %(refname) %(objectname) %(*objectname) [192ms]
[2022-08-01T16:54:53.433Z] > git config --get commit.template [118ms]
[2022-08-01T16:54:58.701Z] > git status -z -uall [227ms]
[2022-08-01T16:54:58.710Z] > git symbolic-ref --short HEAD [1ms]
[2022-08-01T16:54:58.720Z] > git for-each-ref --format=%(refname)%00%(upstream:short)%00%(objectname)%00%(upstream:track)%00%(upstream:remotename)%00%(upstream:remoteref) refs/heads/main refs/remotes/main [3ms]
[2022-08-01T16:54:58.734Z] > git for-each-ref --sort -committerdate --format %(refname) %(objectname) %(*objectname) [8ms]
[2022-08-01T16:54:58.735Z] > git remote --verbose [2ms]
[2022-08-01T16:54:58.825Z] > git config --get commit.template [3ms]
[2022-08-01T16:55:04.198Z] > git status -z -uall [358ms]
[2022-08-01T16:55:04.215Z] > git symbolic-ref --short HEAD [1ms]
[2022-08-01T16:55:04.232Z] > git for-each-ref --format=%(refname)%00%(upstream:short)%00%(objectname)%00%(upstream:track)%00%(upstream:remotename)%00%(upstream:remoteref) refs/heads/main refs/remotes/main [4ms]
[2022-08-01T16:55:04.262Z] > git for-each-ref --sort -committerdate --format %(refname) %(objectname) %(*objectname) [14ms]
[2022-08-01T16:55:04.268Z] > git remote --verbose [8ms]
[2022-08-01T16:55:07.038Z] > git config --get commit.template [40ms]
[2022-08-01T16:55:14.041Z] > git status -z -uall [393ms]
[2022-08-01T16:55:14.063Z] > git symbolic-ref --short HEAD [5ms]
[2022-08-01T16:55:14.109Z] > git for-each-ref --format=%(refname)%00%(upstream:short)%00%(objectname)%00%(upstream:track)%00%(upstream:remotename)%00%(upstream:remoteref) refs/heads/main refs/remotes/main [13ms]
[2022-08-01T16:55:14.157Z] > git for-each-ref --sort -committerdate --format %(refname) %(objectname) %(*objectname) [25ms]
[2022-08-01T16:55:14.168Z] > git remote --verbose [12ms]
[2022-08-01T16:55:16.833Z] > git config --get commit.template [21ms]
[2022-08-01T16:55:22.085Z] > git status -z -uall [222ms]
[2022-08-01T16:55:22.099Z] > git symbolic-ref --short HEAD [2ms]
[2022-08-01T16:55:22.109Z] > git for-each-ref --format=%(refname)%00%(upstream:short)%00%(objectname)%00%(upstream:track)%00%(upstream:remotename)%00%(upstream:remoteref) refs/heads/main refs/remotes/main [2ms]
[2022-08-01T16:55:22.126Z] > git for-each-ref --sort -committerdate --format %(refname) %(objectname) %(*objectname) [9ms]
[2022-08-01T16:55:22.127Z] > git remote --verbose [2ms]
[2022-08-01T16:55:22.212Z] > git config --get commit.template [3ms]
[2022-08-01T16:55:27.456Z] > git status -z -uall [206ms]
[2022-08-01T16:55:27.467Z] > git symbolic-ref --short HEAD [2ms]
[2022-08-01T16:55:27.478Z] > git for-each-ref --format=%(refname)%00%(upstream:short)%00%(objectname)%00%(upstream:track)%00%(upstream:remotename)%00%(upstream:remoteref) refs/heads/main refs/remotes/main [2ms]
[2022-08-01T16:55:27.496Z] > git for-each-ref --sort -committerdate --format %(refname) %(objectname) %(*objectname) [10ms]
[2022-08-01T16:55:27.497Z] > git remote --verbose [2ms]
[2022-08-01T16:55:27.593Z] > git config --get commit.template [10ms]
[2022-08-01T16:55:32.834Z] > git status -z -uall [204ms]
[2022-08-01T16:55:32.845Z] > git symbolic-ref --short HEAD [2ms]
[2022-08-01T16:55:32.855Z] > git for-each-ref --format=%(refname)%00%(upstream:short)%00%(objectname)%00%(upstream:track)%00%(upstream:remotename)%00%(upstream:remoteref) refs/heads/main refs/remotes/main [2ms]
[2022-08-01T16:55:32.874Z] > git for-each-ref --sort -committerdate --format %(refname) %(objectname) %(*objectname) [10ms]
[2022-08-01T16:55:32.874Z] > git remote --verbose [1ms]
[2022-08-01T16:55:32.963Z] > git config --get commit.template [3ms]
[2022-08-01T16:55:38.186Z] > git status -z -uall [205ms]
[2022-08-01T16:55:38.197Z] > git symbolic-ref --short HEAD [2ms]
[2022-08-01T16:55:38.207Z] > git for-each-ref --format=%(refname)%00%(upstream:short)%00%(objectname)%00%(upstream:track)%00%(upstream:remotename)%00%(upstream:remoteref) refs/heads/main refs/remotes/main [2ms]
[2022-08-01T16:55:38.225Z] > git for-each-ref --sort -committerdate --format %(refname) %(objectname) %(*objectname) [9ms]
[2022-08-01T16:55:38.226Z] > git remote --verbose [2ms]
[2022-08-01T16:55:38.323Z] > git config --get commit.template [11ms]
[2022-08-01T16:55:43.567Z] > git status -z -uall [220ms]
[2022-08-01T16:55:43.577Z] > git symbolic-ref --short HEAD [2ms]
[2022-08-01T16:55:43.587Z] > git for-each-ref --format=%(refname)%00%(upstream:short)%00%(objectname)%00%(upstream:track)%00%(upstream:remotename)%00%(upstream:remoteref) refs/heads/main refs/remotes/main [2ms]
[2022-08-01T16:55:43.602Z] > git for-each-ref --sort -committerdate --format %(refname) %(objectname) %(*objectname) [8ms]
[2022-08-01T16:55:43.603Z] > git remote --verbose [2ms]
[2022-08-01T16:55:43.687Z] > git config --get commit.template [3ms]
[2022-08-01T16:55:49.026Z] > git status -z -uall [328ms]
[2022-08-01T16:55:49.035Z] > git symbolic-ref --short HEAD [2ms]
[2022-08-01T16:55:49.045Z] > git for-each-ref --format=%(refname)%00%(upstream:short)%00%(objectname)%00%(upstream:track)%00%(upstream:remotename)%00%(upstream:remoteref) refs/heads/main refs/remotes/main [2ms]
[2022-08-01T16:55:49.062Z] > git for-each-ref --sort -committerdate --format %(refname) %(objectname) %(*objectname) [9ms]
[2022-08-01T16:55:49.063Z] > git remote --verbose [2ms]
[2022-08-01T16:55:49.144Z] > git config --get commit.template [11ms]
[2022-08-01T16:55:54.427Z] > git status -z -uall [255ms]
[2022-08-01T16:55:54.436Z] > git symbolic-ref --short HEAD [2ms]
[2022-08-01T16:55:54.445Z] > git for-each-ref --format=%(refname)%00%(upstream:short)%00%(objectname)%00%(upstream:track)%00%(upstream:remotename)%00%(upstream:remoteref) refs/heads/main refs/remotes/main [2ms]
[2022-08-01T16:55:54.461Z] > git for-each-ref --sort -committerdate --format %(refname) %(objectname) %(*objectname) [8ms]
[2022-08-01T16:55:54.461Z] > git remote --verbose [2ms]
[2022-08-01T16:55:54.568Z] > git config --get commit.template [8ms]
[2022-08-01T16:55:59.878Z] > git status -z -uall [269ms]
[2022-08-01T16:55:59.897Z] > git symbolic-ref --short HEAD [8ms]
[2022-08-01T16:55:59.919Z] > git for-each-ref --format=%(refname)%00%(upstream:short)%00%(objectname)%00%(upstream:track)%00%(upstream:remotename)%00%(upstream:remoteref) refs/heads/main refs/remotes/main [6ms]
[2022-08-01T16:55:59.955Z] > git for-each-ref --sort -committerdate --format %(refname) %(objectname) %(*objectname) [20ms]
[2022-08-01T16:55:59.972Z] > git remote --verbose [18ms]
[2022-08-01T16:56:03.477Z] > git for-each-ref --format %(refname:short)%00%(upstream:short) refs/heads [20ms]
[2022-08-01T16:56:03.491Z] > git config --get commit.template [77ms]
[2022-08-01T16:56:03.685Z] > git checkout -q main [195ms]
[2022-08-01T16:56:04.024Z] > git status -z -uall [317ms]
[2022-08-01T16:56:04.034Z] > git symbolic-ref --short HEAD [3ms]
[2022-08-01T16:56:04.043Z] > git for-each-ref --format=%(refname)%00%(upstream:short)%00%(objectname)%00%(upstream:track)%00%(upstream:remotename)%00%(upstream:remoteref) refs/heads/main refs/remotes/main [2ms]
[2022-08-01T16:56:04.059Z] > git for-each-ref --sort -committerdate --format %(refname) %(objectname) %(*objectname) [9ms]
[2022-08-01T16:56:04.059Z] > git remote --verbose [2ms]
[2022-08-01T16:56:04.140Z] > git config --get commit.template [8ms]
[2022-08-01T16:56:08.743Z] > git status -z -uall [241ms]
[2022-08-01T16:56:08.753Z] > git symbolic-ref --short HEAD [2ms]
[2022-08-01T16:56:08.762Z] > git for-each-ref --format=%(refname)%00%(upstream:short)%00%(objectname)%00%(upstream:track)%00%(upstream:remotename)%00%(upstream:remoteref) refs/heads/main refs/remotes/main [2ms]
[2022-08-01T16:56:08.778Z] > git for-each-ref --sort -committerdate --format %(refname) %(objectname) %(*objectname) [9ms]
[2022-08-01T16:56:08.778Z] > git remote --verbose [2ms]
[2022-08-01T16:56:08.850Z] > git config --get commit.template [7ms]
[2022-08-01T16:56:14.108Z] > git status -z -uall [224ms]
[2022-08-01T16:56:14.122Z] > git symbolic-ref --short HEAD [1ms]
[2022-08-01T16:56:14.142Z] > git for-each-ref --format=%(refname)%00%(upstream:short)%00%(objectname)%00%(upstream:track)%00%(upstream:remotename)%00%(upstream:remoteref) refs/heads/main refs/remotes/main [5ms]
[2022-08-01T16:56:14.162Z] > git for-each-ref --sort -committerdate --format %(refname) %(objectname) %(*objectname) [11ms]
[2022-08-01T16:56:14.164Z] > git remote --verbose [4ms]
[2022-08-01T16:56:14.257Z] > git config --get commit.template [9ms]
[2022-08-01T16:56:19.649Z] > git status -z -uall [367ms]
[2022-08-01T16:56:19.673Z] > git symbolic-ref --short HEAD [7ms]
[2022-08-01T16:56:19.699Z] > git for-each-ref --format=%(refname)%00%(upstream:short)%00%(objectname)%00%(upstream:track)%00%(upstream:remotename)%00%(upstream:remoteref) refs/heads/main refs/remotes/main [10ms]
[2022-08-01T16:56:19.735Z] > git for-each-ref --sort -committerdate --format %(refname) %(objectname) %(*objectname) [20ms]
[2022-08-01T16:56:19.742Z] > git remote --verbose [10ms]
[2022-08-01T16:56:22.304Z] > git config --get commit.template [2420ms]
[2022-08-01T16:56:27.555Z] > git status -z -uall [218ms]
[2022-08-01T16:56:27.564Z] > git symbolic-ref --short HEAD [2ms]
[2022-08-01T16:56:27.577Z] > git for-each-ref --format=%(refname)%00%(upstream:short)%00%(objectname)%00%(upstream:track)%00%(upstream:remotename)%00%(upstream:remoteref) refs/heads/main refs/remotes/main [6ms]
[2022-08-01T16:56:27.600Z] > git for-each-ref --sort -committerdate --format %(refname) %(objectname) %(*objectname) [11ms]
[2022-08-01T16:56:27.600Z] > git remote --verbose [1ms]
[2022-08-01T16:56:27.695Z] > git config --get commit.template [3ms]
[2022-08-01T16:56:32.933Z] > git status -z -uall [221ms]
[2022-08-01T16:56:32.944Z] > git symbolic-ref --short HEAD [2ms]
[2022-08-01T16:56:32.955Z] > git for-each-ref --format=%(refname)%00%(upstream:short)%00%(objectname)%00%(upstream:track)%00%(upstream:remotename)%00%(upstream:remoteref) refs/heads/main refs/remotes/main [3ms]
[2022-08-01T16:56:32.974Z] > git remote --verbose [2ms]
[2022-08-01T16:56:32.975Z] > git for-each-ref --sort -committerdate --format %(refname) %(objectname) %(*objectname) [12ms]
[2022-08-01T16:56:33.073Z] > git config --get commit.template [9ms]
[2022-08-01T16:56:38.391Z] > git status -z -uall [301ms]
[2022-08-01T16:56:38.417Z] > git symbolic-ref --short HEAD [3ms]
[2022-08-01T16:56:38.455Z] > git for-each-ref --format=%(refname)%00%(upstream:short)%00%(objectname)%00%(upstream:track)%00%(upstream:remotename)%00%(upstream:remoteref) refs/heads/main refs/remotes/main [10ms]
[2022-08-01T16:56:38.508Z] > git for-each-ref --sort -committerdate --format %(refname) %(objectname) %(*objectname) [29ms]
[2022-08-01T16:56:38.509Z] > git remote --verbose [3ms]
[2022-08-01T16:56:41.259Z] > git config --get commit.template [2634ms]
[2022-08-01T16:56:46.504Z] > git status -z -uall [216ms]
[2022-08-01T16:56:46.514Z] > git symbolic-ref --short HEAD [2ms]
[2022-08-01T16:56:46.523Z] > git for-each-ref --format=%(refname)%00%(upstream:short)%00%(objectname)%00%(upstream:track)%00%(upstream:remotename)%00%(upstream:remoteref) refs/heads/main refs/remotes/main [2ms]
[2022-08-01T16:56:46.538Z] > git for-each-ref --sort -committerdate --format %(refname) %(objectname) %(*objectname) [8ms]
[2022-08-01T16:56:46.539Z] > git remote --verbose [1ms]
[2022-08-01T16:56:46.619Z] > git config --get commit.template [3ms]
[2022-08-01T16:56:52.049Z] > git status -z -uall [403ms]
[2022-08-01T16:56:52.067Z] > git symbolic-ref --short HEAD [3ms]
[2022-08-01T16:56:52.083Z] > git for-each-ref --format=%(refname)%00%(upstream:short)%00%(objectname)%00%(upstream:track)%00%(upstream:remotename)%00%(upstream:remoteref) refs/heads/main refs/remotes/main [5ms]
[2022-08-01T16:56:52.106Z] > git for-each-ref --sort -committerdate --format %(refname) %(objectname) %(*objectname) [12ms]
[2022-08-01T16:56:52.108Z] > git remote --verbose [3ms]
[2022-08-01T16:56:52.214Z] > git config --get commit.template [13ms]
[2022-08-01T16:56:57.488Z] > git status -z -uall [201ms]
[2022-08-01T16:56:57.499Z] > git symbolic-ref --short HEAD [2ms]
[2022-08-01T16:56:57.509Z] > git for-each-ref --format=%(refname)%00%(upstream:short)%00%(objectname)%00%(upstream:track)%00%(upstream:remotename)%00%(upstream:remoteref) refs/heads/main refs/remotes/main [2ms]
[2022-08-01T16:56:57.526Z] > git for-each-ref --sort -committerdate --format %(refname) %(objectname) %(*objectname) [9ms]
[2022-08-01T16:56:57.527Z] > git remote --verbose [2ms]
[2022-08-01T16:56:57.600Z] > git config --get commit.template [7ms]
[2022-08-01T16:57:02.845Z] > git status -z -uall [219ms]
[2022-08-01T16:57:02.855Z] > git symbolic-ref --short HEAD [2ms]
[2022-08-01T16:57:02.864Z] > git for-each-ref --format=%(refname)%00%(upstream:short)%00%(objectname)%00%(upstream:track)%00%(upstream:remotename)%00%(upstream:remoteref) refs/heads/main refs/remotes/main [2ms]
[2022-08-01T16:57:02.880Z] > git for-each-ref --sort -committerdate --format %(refname) %(objectname) %(*objectname) [9ms]
[2022-08-01T16:57:02.880Z] > git remote --verbose [1ms]
[2022-08-01T16:57:02.963Z] > git config --get commit.template [3ms]
[2022-08-01T16:57:08.186Z] > git status -z -uall [201ms]
[2022-08-01T16:57:08.196Z] > git symbolic-ref --short HEAD [1ms]
[2022-08-01T16:57:08.206Z] > git for-each-ref --format=%(refname)%00%(upstream:short)%00%(objectname)%00%(upstream:track)%00%(upstream:remotename)%00%(upstream:remoteref) refs/heads/main refs/remotes/main [3ms]
[2022-08-01T16:57:08.220Z] > git for-each-ref --sort -committerdate --format %(refname) %(objectname) %(*objectname) [8ms]
[2022-08-01T16:57:08.221Z] > git remote --verbose [2ms]
[2022-08-01T16:57:08.307Z] > git config --get commit.template [10ms]
[2022-08-01T16:57:13.607Z] > git status -z -uall [289ms]
[2022-08-01T16:57:13.623Z] > git symbolic-ref --short HEAD [2ms]
[2022-08-01T16:57:13.638Z] > git for-each-ref --format=%(refname)%00%(upstream:short)%00%(objectname)%00%(upstream:track)%00%(upstream:remotename)%00%(upstream:remoteref) refs/heads/main refs/remotes/main [7ms]
[2022-08-01T16:57:13.673Z] > git for-each-ref --sort -committerdate --format %(refname) %(objectname) %(*objectname) [19ms]
[2022-08-01T16:57:13.673Z] > git remote --verbose [6ms]
[2022-08-01T16:57:13.781Z] > git config --get commit.template [11ms]
[2022-08-01T17:00:05.484Z] > git status -z -uall [302ms]
[2022-08-01T17:00:05.511Z] > git symbolic-ref --short HEAD [7ms]
[2022-08-01T17:00:05.521Z] > git for-each-ref --format=%(refname)%00%(upstream:short)%00%(objectname)%00%(upstream:track)%00%(upstream:remotename)%00%(upstream:remoteref) refs/heads/main refs/remotes/main [3ms]
[2022-08-01T17:00:05.533Z] > git for-each-ref --sort -committerdate --format %(refname) %(objectname) %(*objectname) [7ms]
[2022-08-01T17:00:05.534Z] > git remote --verbose [2ms]
[2022-08-01T17:00:05.610Z] > git config --get commit.template [2ms]
[2022-08-01T17:00:10.973Z] > git status -z -uall [336ms]
[2022-08-01T17:00:10.982Z] > git symbolic-ref --short HEAD [2ms]
[2022-08-01T17:00:10.991Z] > git for-each-ref --format=%(refname)%00%(upstream:short)%00%(objectname)%00%(upstream:track)%00%(upstream:remotename)%00%(upstream:remoteref) refs/heads/main refs/remotes/main [2ms]
[2022-08-01T17:00:11.006Z] > git for-each-ref --sort -committerdate --format %(refname) %(objectname) %(*objectname) [9ms]
[2022-08-01T17:00:11.006Z] > git remote --verbose [1ms]
[2022-08-01T17:00:11.081Z] > git config --get commit.template [9ms]
[2022-08-01T17:00:16.520Z] > git status -z -uall [418ms]
[2022-08-01T17:00:16.535Z] > git symbolic-ref --short HEAD [2ms]
[2022-08-01T17:00:16.552Z] > git for-each-ref --format=%(refname)%00%(upstream:short)%00%(objectname)%00%(upstream:track)%00%(upstream:remotename)%00%(upstream:remoteref) refs/heads/main refs/remotes/main [3ms]
[2022-08-01T17:00:16.585Z] > git remote --verbose [2ms]
[2022-08-01T17:00:16.585Z] > git for-each-ref --sort -committerdate --format %(refname) %(objectname) %(*objectname) [19ms]
[2022-08-01T17:00:19.443Z] > git config --get commit.template [2740ms]
[2022-08-01T17:00:19.456Z] > git for-each-ref --format %(refname:short)%00%(upstream:short) refs/heads [14ms]
[2022-08-01T17:00:19.561Z] > git checkout -q main [72ms]
[2022-08-01T17:00:19.813Z] > git status -z -uall [245ms]
[2022-08-01T17:00:19.823Z] > git symbolic-ref --short HEAD [0ms]
[2022-08-01T17:00:19.835Z] > git for-each-ref --format=%(refname)%00%(upstream:short)%00%(objectname)%00%(upstream:track)%00%(upstream:remotename)%00%(upstream:remoteref) refs/heads/main refs/remotes/main [5ms]
[2022-08-01T17:00:19.850Z] > git for-each-ref --sort -committerdate --format %(refname) %(objectname) %(*objectname) [8ms]
[2022-08-01T17:00:19.851Z] > git remote --verbose [2ms]
[2022-08-01T17:00:19.930Z] > git config --get commit.template [7ms]
[2022-08-01T17:00:24.672Z] > git status -z -uall [217ms]
[2022-08-01T17:00:24.681Z] > git symbolic-ref --short HEAD [1ms]
[2022-08-01T17:00:24.689Z] > git for-each-ref --format=%(refname)%00%(upstream:short)%00%(objectname)%00%(upstream:track)%00%(upstream:remotename)%00%(upstream:remoteref) refs/heads/main refs/remotes/main [2ms]
[2022-08-01T17:00:24.703Z] > git for-each-ref --sort -committerdate --format %(refname) %(objectname) %(*objectname) [7ms]
[2022-08-01T17:00:24.704Z] > git remote --verbose [2ms]
[2022-08-01T17:00:24.784Z] > git config --get commit.template [8ms]
[2022-08-01T17:00:30.018Z] > git status -z -uall [221ms]
[2022-08-01T17:00:30.028Z] > git symbolic-ref --short HEAD [3ms]
[2022-08-01T17:00:30.038Z] > git for-each-ref --format=%(refname)%00%(upstream:short)%00%(objectname)%00%(upstream:track)%00%(upstream:remotename)%00%(upstream:remoteref) refs/heads/main refs/remotes/main [1ms]
[2022-08-01T17:00:30.055Z] > git remote --verbose [3ms]
[2022-08-01T17:00:30.055Z] > git for-each-ref --sort -committerdate --format %(refname) %(objectname) %(*objectname) [10ms]
[2022-08-01T17:00:30.135Z] > git config --get commit.template [7ms]
[2022-08-01T17:00:35.427Z] > git status -z -uall [255ms]
[2022-08-01T17:00:35.436Z] > git symbolic-ref --short HEAD [1ms]
[2022-08-01T17:00:35.445Z] > git for-each-ref --format=%(refname)%00%(upstream:short)%00%(objectname)%00%(upstream:track)%00%(upstream:remotename)%00%(upstream:remoteref) refs/heads/main refs/remotes/main [3ms]
[2022-08-01T17:00:35.459Z] > git remote --verbose [2ms]
[2022-08-01T17:00:35.459Z] > git for-each-ref --sort -committerdate --format %(refname) %(objectname) %(*objectname) [8ms]
[2022-08-01T17:00:35.549Z] > git config --get commit.template [9ms]
[2022-08-01T17:00:38.309Z] > git for-each-ref --format %(refname:short)%00%(upstream:short) refs/heads [29ms]
[2022-08-01T17:00:38.377Z] > git checkout -q main [58ms]
[2022-08-01T17:00:38.741Z] > git status -z -uall [357ms]
[2022-08-01T17:00:38.751Z] > git symbolic-ref --short HEAD [2ms]
[2022-08-01T17:00:38.759Z] > git for-each-ref --format=%(refname)%00%(upstream:short)%00%(objectname)%00%(upstream:track)%00%(upstream:remotename)%00%(upstream:remoteref) refs/heads/main refs/remotes/main [2ms]
[2022-08-01T17:00:38.773Z] > git for-each-ref --sort -committerdate --format %(refname) %(objectname) %(*objectname) [7ms]
[2022-08-01T17:00:38.774Z] > git remote --verbose [2ms]
[2022-08-01T17:00:38.855Z] > git config --get commit.template [9ms]
[2022-08-01T17:00:43.048Z] > git status -z -uall [411ms]
[2022-08-01T17:00:43.066Z] > git symbolic-ref --short HEAD [2ms]
[2022-08-01T17:00:43.089Z] > git for-each-ref --format=%(refname)%00%(upstream:short)%00%(objectname)%00%(upstream:track)%00%(upstream:remotename)%00%(upstream:remoteref) refs/heads/main refs/remotes/main [9ms]
[2022-08-01T17:00:43.118Z] > git for-each-ref --sort -committerdate --format %(refname) %(objectname) %(*objectname) [15ms]
[2022-08-01T17:00:43.123Z] > git remote --verbose [8ms]
[2022-08-01T17:00:45.583Z] > git config --get commit.template [2338ms]
[2022-08-01T17:00:47.670Z] > git checkout -q main [49ms]
[2022-08-01T17:00:47.879Z] > git status -z -uall [202ms]
[2022-08-01T17:00:47.888Z] > git symbolic-ref --short HEAD [1ms]
[2022-08-01T17:00:47.897Z] > git for-each-ref --format=%(refname)%00%(upstream:short)%00%(objectname)%00%(upstream:track)%00%(upstream:remotename)%00%(upstream:remoteref) refs/heads/main refs/remotes/main [2ms]
[2022-08-01T17:00:47.911Z] > git for-each-ref --sort -committerdate --format %(refname) %(objectname) %(*objectname) [8ms]
[2022-08-01T17:00:47.911Z] > git remote --verbose [1ms]
[2022-08-01T17:00:47.987Z] > git config --get commit.template [8ms]
[2022-08-01T17:00:50.856Z] > git status -z -uall [258ms]
[2022-08-01T17:00:50.866Z] > git symbolic-ref --short HEAD [2ms]
[2022-08-01T17:00:50.875Z] > git for-each-ref --format=%(refname)%00%(upstream:short)%00%(objectname)%00%(upstream:track)%00%(upstream:remotename)%00%(upstream:remoteref) refs/heads/main refs/remotes/main [2ms]
[2022-08-01T17:00:50.890Z] > git for-each-ref --sort -committerdate --format %(refname) %(objectname) %(*objectname) [8ms]
[2022-08-01T17:00:50.890Z] > git remote --verbose [1ms]
[2022-08-01T17:00:50.968Z] > git config --get commit.template [9ms]
[2022-08-01T17:00:56.610Z] > git log --oneline --cherry main...main@{upstream} -- [24ms]
[2022-08-01T17:00:56.970Z] > git status -z -uall [368ms]
[2022-08-01T17:00:56.983Z] > git symbolic-ref --short HEAD [2ms]
[2022-08-01T17:00:56.999Z] > git for-each-ref --format=%(refname)%00%(upstream:short)%00%(objectname)%00%(upstream:track)%00%(upstream:remotename)%00%(upstream:remoteref) refs/heads/main refs/remotes/main [2ms]
[2022-08-01T17:00:57.021Z] > git for-each-ref --sort -committerdate --format %(refname) %(objectname) %(*objectname) [12ms]
[2022-08-01T17:00:57.022Z] > git remote --verbose [3ms]
[2022-08-01T17:01:00.039Z] > git config --get commit.template [2889ms]
[2022-08-01T17:01:00.040Z] > git pull --tags origin main [3402ms]
[2022-08-01T17:01:00.040Z] hint: Pulling without specifying how to reconcile divergent branches is
hint: discouraged. You can squelch this message by running one of the following
hint: commands sometime before your next pull:
hint: 
hint:   git config pull.rebase false  # merge (the default strategy)
hint:   git config pull.rebase true   # rebase
hint:   git config pull.ff only       # fast-forward only
hint: 
hint: You can replace "git config" with "git config --global" to set a default
hint: preference for all repositories. You can also pass --rebase, --no-rebase,
hint: or --ff-only on the command line to override the configured default per
hint: invocation.
From https://github.com/buffylow/LC101
 * branch            main       -> FETCH_HEAD
[2022-08-01T17:01:13.182Z] > git check-ignore -v -z --stdin [28ms]
