[2022-08-05T00:53:24.711Z] Log level: Info
[2022-08-05T00:53:24.747Z] [info] Validating found git in: git
[2022-08-05T00:53:25.016Z] [info] Using git 2.30.2 from git
[2022-08-05T00:53:25.209Z] > git rev-parse --show-toplevel [36ms]
[2022-08-05T00:53:25.248Z] > git rev-parse --git-dir --git-common-dir [10ms]
[2022-08-05T00:53:25.258Z] [info] Open repository: /home/thebuffylow/angular-lc101-projects
[2022-08-05T00:53:25.622Z] > git status -z -uall [318ms]
[2022-08-05T00:53:25.666Z] > git symbolic-ref --short HEAD [17ms]
[2022-08-05T00:53:25.739Z] > git for-each-ref --format=%(refname)%00%(upstream:short)%00%(objectname)%00%(upstream:track)%00%(upstream:remotename)%00%(upstream:remoteref) refs/heads/master refs/remotes/master [33ms]
[2022-08-05T00:53:26.048Z] > git for-each-ref --sort -committerdate --format %(refname) %(objectname) %(*objectname) [268ms]
[2022-08-05T00:53:26.096Z] > git remote --verbose [293ms]
[2022-08-05T00:53:26.152Z] > git config --get commit.template [9ms]
[2022-08-05T00:53:28.225Z] > git status -z -uall [2041ms]
[2022-08-05T00:53:28.367Z] > git symbolic-ref --short HEAD [79ms]
[2022-08-05T00:53:28.429Z] > git for-each-ref --format=%(refname)%00%(upstream:short)%00%(objectname)%00%(upstream:track)%00%(upstream:remotename)%00%(upstream:remoteref) refs/heads/master refs/remotes/master [3ms]
[2022-08-05T00:53:28.464Z] > git for-each-ref --sort -committerdate --format %(refname) %(objectname) %(*objectname) [19ms]
[2022-08-05T00:53:28.467Z] > git remote --verbose [7ms]
[2022-08-05T00:53:28.487Z] > git config --get commit.template [4ms]
[2022-08-05T01:05:04.316Z] > git check-ignore -v -z --stdin [11ms]
[2022-08-05T01:05:05.707Z] > git check-ignore -v -z --stdin [8ms]
[2022-08-05T01:05:07.012Z] > git check-ignore -v -z --stdin [8ms]
[2022-08-05T01:05:08.333Z] > git check-ignore -v -z --stdin [3ms]
[2022-08-05T01:05:14.914Z] > git check-ignore -v -z --stdin [4ms]
[2022-08-05T01:05:15.917Z] > git check-ignore -v -z --stdin [2ms]
[2022-08-05T01:07:44.123Z] > git status -z -uall [98ms]
[2022-08-05T01:07:44.149Z] > git symbolic-ref --short HEAD [9ms]
[2022-08-05T01:07:44.169Z] > git for-each-ref --format=%(refname)%00%(upstream:short)%00%(objectname)%00%(upstream:track)%00%(upstream:remotename)%00%(upstream:remoteref) refs/heads/master refs/remotes/master [5ms]
[2022-08-05T01:07:44.203Z] > git for-each-ref --sort -committerdate --format %(refname) %(objectname) %(*objectname) [18ms]
[2022-08-05T01:07:44.207Z] > git remote --verbose [8ms]
[2022-08-05T01:07:44.231Z] > git config --get commit.template [3ms]
