[2022-08-01T18:40:47.267Z] Log level: Info
[2022-08-01T18:40:47.307Z] [info] Validating found git in: git
[2022-08-01T18:40:47.431Z] [info] Using git 2.30.2 from git
[2022-08-01T18:40:47.460Z] > git rev-parse --show-toplevel [8ms]
[2022-08-01T18:40:47.471Z] > git rev-parse --git-dir --git-common-dir [3ms]
[2022-08-01T18:40:47.475Z] [info] Open repository: /home/thebuffylow
[2022-08-01T18:40:51.247Z] > git status -z -uall [3751ms]
[2022-08-01T18:40:51.311Z] > git check-ignore -v -z --stdin [452ms]
[2022-08-01T18:40:51.408Z] > git symbolic-ref --short HEAD [97ms]
[2022-08-01T18:40:51.915Z] > git show --textconv :projectone/src/app/app.component.ts [202ms]
[2022-08-01T18:40:51.924Z] > git for-each-ref --format=%(refname)%00%(upstream:short)%00%(objectname)%00%(upstream:track)%00%(upstream:remotename)%00%(upstream:remoteref) refs/heads/main refs/remotes/main [415ms]
[2022-08-01T18:40:52.050Z] > git for-each-ref --sort -committerdate --format %(refname) %(objectname) %(*objectname) [81ms]
[2022-08-01T18:40:52.051Z] > git ls-files --stage -- /home/thebuffylow/projectone/src/app/app.component.ts [308ms]
[2022-08-01T18:40:52.070Z] > git remote --verbose [66ms]
[2022-08-01T18:40:55.434Z] > git config --get commit.template [577ms]
[2022-08-01T18:40:57.211Z] > git status -z -uall [1687ms]
[2022-08-01T18:40:57.272Z] > git symbolic-ref --short HEAD [8ms]
[2022-08-01T18:40:57.332Z] > git for-each-ref --format=%(refname)%00%(upstream:short)%00%(objectname)%00%(upstream:track)%00%(upstream:remotename)%00%(upstream:remoteref) refs/heads/main refs/remotes/main [25ms]
[2022-08-01T18:40:57.424Z] > git for-each-ref --sort -committerdate --format %(refname) %(objectname) %(*objectname) [40ms]
[2022-08-01T18:40:57.449Z] > git remote --verbose [28ms]
[2022-08-01T18:41:07.785Z] > git config --get commit.template [10162ms]
[2022-08-01T18:41:32.092Z] > git status -z -uall [1124ms]
[2022-08-01T18:41:32.114Z] > git symbolic-ref --short HEAD [4ms]
[2022-08-01T18:41:32.127Z] > git for-each-ref --format=%(refname)%00%(upstream:short)%00%(objectname)%00%(upstream:track)%00%(upstream:remotename)%00%(upstream:remoteref) refs/heads/main refs/remotes/main [3ms]
[2022-08-01T18:41:32.160Z] > git for-each-ref --sort -committerdate --format %(refname) %(objectname) %(*objectname) [26ms]
[2022-08-01T18:41:32.164Z] > git remote --verbose [5ms]
[2022-08-01T18:41:32.258Z] > git config --get commit.template [30ms]
[2022-08-01T18:41:38.024Z] > git status -z -uall [749ms]
[2022-08-01T18:41:38.068Z] > git symbolic-ref --short HEAD [15ms]
[2022-08-01T18:41:38.109Z] > git for-each-ref --format=%(refname)%00%(upstream:short)%00%(objectname)%00%(upstream:track)%00%(upstream:remotename)%00%(upstream:remoteref) refs/heads/main refs/remotes/main [13ms]
[2022-08-01T18:41:38.166Z] > git remote --verbose [16ms]
[2022-08-01T18:41:38.167Z] > git for-each-ref --sort -committerdate --format %(refname) %(objectname) %(*objectname) [41ms]
[2022-08-01T18:41:38.269Z] > git config --get commit.template [22ms]
[2022-08-01T18:41:45.289Z] > git status -z -uall [1961ms]
[2022-08-01T18:41:45.334Z] > git symbolic-ref --short HEAD [5ms]
[2022-08-01T18:41:45.370Z] > git for-each-ref --format=%(refname)%00%(upstream:short)%00%(objectname)%00%(upstream:track)%00%(upstream:remotename)%00%(upstream:remoteref) refs/heads/main refs/remotes/main [14ms]
[2022-08-01T18:41:45.452Z] > git for-each-ref --sort -committerdate --format %(refname) %(objectname) %(*objectname) [53ms]
[2022-08-01T18:41:45.463Z] > git remote --verbose [19ms]
[2022-08-01T18:41:45.640Z] > git config --get commit.template [134ms]
[2022-08-01T18:41:51.011Z] > git status -z -uall [334ms]
[2022-08-01T18:41:51.085Z] > git symbolic-ref --short HEAD [4ms]
[2022-08-01T18:41:51.111Z] > git for-each-ref --format=%(refname)%00%(upstream:short)%00%(objectname)%00%(upstream:track)%00%(upstream:remotename)%00%(upstream:remoteref) refs/heads/main refs/remotes/main [4ms]
[2022-08-01T18:41:51.145Z] > git for-each-ref --sort -committerdate --format %(refname) %(objectname) %(*objectname) [15ms]
[2022-08-01T18:41:51.149Z] > git remote --verbose [7ms]
[2022-08-01T18:41:51.236Z] > git config --get commit.template [7ms]
[2022-08-01T18:41:56.614Z] > git status -z -uall [345ms]
[2022-08-01T18:41:56.623Z] > git symbolic-ref --short HEAD [1ms]
[2022-08-01T18:41:56.633Z] > git for-each-ref --format=%(refname)%00%(upstream:short)%00%(objectname)%00%(upstream:track)%00%(upstream:remotename)%00%(upstream:remoteref) refs/heads/main refs/remotes/main [2ms]
[2022-08-01T18:41:56.649Z] > git for-each-ref --sort -committerdate --format %(refname) %(objectname) %(*objectname) [9ms]
[2022-08-01T18:41:56.649Z] > git remote --verbose [2ms]
[2022-08-01T18:41:56.703Z] > git config --get commit.template [26ms]
[2022-08-01T18:42:02.010Z] > git status -z -uall [257ms]
[2022-08-01T18:42:02.023Z] > git symbolic-ref --short HEAD [5ms]
[2022-08-01T18:42:02.035Z] > git for-each-ref --format=%(refname)%00%(upstream:short)%00%(objectname)%00%(upstream:track)%00%(upstream:remotename)%00%(upstream:remoteref) refs/heads/main refs/remotes/main [4ms]
[2022-08-01T18:42:02.058Z] > git remote --verbose [4ms]
[2022-08-01T18:42:02.058Z] > git for-each-ref --sort -committerdate --format %(refname) %(objectname) %(*objectname) [13ms]
[2022-08-01T18:42:02.088Z] > git config --get commit.template [2ms]
[2022-08-01T18:43:08.412Z] > git status -z -uall [757ms]
[2022-08-01T18:43:08.430Z] > git symbolic-ref --short HEAD [4ms]
[2022-08-01T18:43:08.458Z] > git for-each-ref --format=%(refname)%00%(upstream:short)%00%(objectname)%00%(upstream:track)%00%(upstream:remotename)%00%(upstream:remoteref) refs/heads/main refs/remotes/main [7ms]
[2022-08-01T18:43:08.510Z] > git for-each-ref --sort -committerdate --format %(refname) %(objectname) %(*objectname) [32ms]
[2022-08-01T18:43:08.523Z] > git remote --verbose [15ms]
[2022-08-01T18:43:08.603Z] > git config --get commit.template [8ms]
[2022-08-01T18:43:13.886Z] > git status -z -uall [249ms]
[2022-08-01T18:43:13.896Z] > git symbolic-ref --short HEAD [2ms]
[2022-08-01T18:43:13.905Z] > git for-each-ref --format=%(refname)%00%(upstream:short)%00%(objectname)%00%(upstream:track)%00%(upstream:remotename)%00%(upstream:remoteref) refs/heads/main refs/remotes/main [2ms]
[2022-08-01T18:43:13.921Z] > git for-each-ref --sort -committerdate --format %(refname) %(objectname) %(*objectname) [8ms]
[2022-08-01T18:43:13.922Z] > git remote --verbose [2ms]
[2022-08-01T18:43:13.981Z] > git config --get commit.template [8ms]
[2022-08-01T18:43:19.077Z] > git show --textconv :projectone/src/app/app.component.spec.ts [80ms]
[2022-08-01T18:43:19.087Z] > git ls-files --stage -- /home/thebuffylow/projectone/src/app/app.component.spec.ts [50ms]
[2022-08-01T18:43:19.730Z] > git status -z -uall [659ms]
[2022-08-01T18:43:19.742Z] > git symbolic-ref --short HEAD [1ms]
[2022-08-01T18:43:19.757Z] > git for-each-ref --format=%(refname)%00%(upstream:short)%00%(objectname)%00%(upstream:track)%00%(upstream:remotename)%00%(upstream:remoteref) refs/heads/main refs/remotes/main [0ms]
[2022-08-01T18:43:19.781Z] > git for-each-ref --sort -committerdate --format %(refname) %(objectname) %(*objectname) [13ms]
[2022-08-01T18:43:19.782Z] > git remote --verbose [2ms]
[2022-08-01T18:43:19.824Z] > git config --get commit.template [4ms]
[2022-08-01T18:43:22.274Z] > git show --textconv :projectone/src/app/app.component.ts [17ms]
[2022-08-01T18:43:22.286Z] > git ls-files --stage -- /home/thebuffylow/projectone/src/app/app.component.ts [16ms]
[2022-08-01T18:43:25.182Z] > git status -z -uall [316ms]
[2022-08-01T18:43:25.229Z] > git symbolic-ref --short HEAD [38ms]
[2022-08-01T18:43:25.289Z] > git for-each-ref --format=%(refname)%00%(upstream:short)%00%(objectname)%00%(upstream:track)%00%(upstream:remotename)%00%(upstream:remoteref) refs/heads/main refs/remotes/main [17ms]
[2022-08-01T18:43:25.336Z] > git for-each-ref --sort -committerdate --format %(refname) %(objectname) %(*objectname) [19ms]
[2022-08-01T18:43:25.352Z] > git remote --verbose [19ms]
[2022-08-01T18:43:25.421Z] > git config --get commit.template [3ms]
[2022-08-01T18:43:25.972Z] > git show --textconv :projectone/src/app/app.module.ts [508ms]
[2022-08-01T18:43:25.973Z] > git ls-files --stage -- /home/thebuffylow/projectone/src/app/app.module.ts [486ms]
[2022-08-01T18:43:30.818Z] > git show --textconv :projectone/src/app/app.component.html [26ms]
[2022-08-01T18:43:30.864Z] > git ls-files --stage -- /home/thebuffylow/projectone/src/app/app.component.html [47ms]
[2022-08-01T18:43:31.527Z] > git status -z -uall [1083ms]
[2022-08-01T18:43:31.551Z] > git symbolic-ref --short HEAD [4ms]
[2022-08-01T18:43:31.588Z] > git for-each-ref --format=%(refname)%00%(upstream:short)%00%(objectname)%00%(upstream:track)%00%(upstream:remotename)%00%(upstream:remoteref) refs/heads/main refs/remotes/main [20ms]
[2022-08-01T18:43:31.623Z] > git for-each-ref --sort -committerdate --format %(refname) %(objectname) %(*objectname) [27ms]
[2022-08-01T18:43:31.626Z] > git remote --verbose [4ms]
[2022-08-01T18:43:31.706Z] > git config --get commit.template [1ms]
[2022-08-01T18:43:37.278Z] > git status -z -uall [551ms]
[2022-08-01T18:43:37.300Z] > git symbolic-ref --short HEAD [7ms]
[2022-08-01T18:43:37.315Z] > git for-each-ref --format=%(refname)%00%(upstream:short)%00%(objectname)%00%(upstream:track)%00%(upstream:remotename)%00%(upstream:remoteref) refs/heads/main refs/remotes/main [4ms]
[2022-08-01T18:43:37.356Z] > git for-each-ref --sort -committerdate --format %(refname) %(objectname) %(*objectname) [27ms]
[2022-08-01T18:43:37.365Z] > git remote --verbose [12ms]
[2022-08-01T18:43:37.393Z] > git config --get commit.template [4ms]
[2022-08-01T18:43:42.775Z] > git status -z -uall [358ms]
[2022-08-01T18:43:42.784Z] > git symbolic-ref --short HEAD [1ms]
[2022-08-01T18:43:42.794Z] > git for-each-ref --format=%(refname)%00%(upstream:short)%00%(objectname)%00%(upstream:track)%00%(upstream:remotename)%00%(upstream:remoteref) refs/heads/main refs/remotes/main [2ms]
[2022-08-01T18:43:42.809Z] > git for-each-ref --sort -committerdate --format %(refname) %(objectname) %(*objectname) [8ms]
[2022-08-01T18:43:42.809Z] > git remote --verbose [1ms]
[2022-08-01T18:43:42.838Z] > git config --get commit.template [5ms]
[2022-08-01T18:43:48.249Z] > git status -z -uall [395ms]
[2022-08-01T18:43:48.259Z] > git symbolic-ref --short HEAD [1ms]
[2022-08-01T18:43:48.269Z] > git for-each-ref --format=%(refname)%00%(upstream:short)%00%(objectname)%00%(upstream:track)%00%(upstream:remotename)%00%(upstream:remoteref) refs/heads/main refs/remotes/main [2ms]
[2022-08-01T18:43:48.290Z] > git for-each-ref --sort -committerdate --format %(refname) %(objectname) %(*objectname) [12ms]
[2022-08-01T18:43:48.293Z] > git remote --verbose [6ms]
[2022-08-01T18:43:48.332Z] > git config --get commit.template [14ms]
[2022-08-01T18:43:54.512Z] > git status -z -uall [1157ms]
[2022-08-01T18:43:54.536Z] > git symbolic-ref --short HEAD [5ms]
[2022-08-01T18:43:54.549Z] > git for-each-ref --format=%(refname)%00%(upstream:short)%00%(objectname)%00%(upstream:track)%00%(upstream:remotename)%00%(upstream:remoteref) refs/heads/main refs/remotes/main [4ms]
[2022-08-01T18:43:54.570Z] > git for-each-ref --sort -committerdate --format %(refname) %(objectname) %(*objectname) [13ms]
[2022-08-01T18:43:54.573Z] > git remote --verbose [5ms]
[2022-08-01T18:43:54.626Z] > git config --get commit.template [6ms]
[2022-08-01T18:44:00.363Z] > git status -z -uall [719ms]
[2022-08-01T18:44:00.377Z] > git symbolic-ref --short HEAD [4ms]
[2022-08-01T18:44:00.403Z] > git for-each-ref --format=%(refname)%00%(upstream:short)%00%(objectname)%00%(upstream:track)%00%(upstream:remotename)%00%(upstream:remoteref) refs/heads/main refs/remotes/main [6ms]
[2022-08-01T18:44:00.434Z] > git for-each-ref --sort -committerdate --format %(refname) %(objectname) %(*objectname) [21ms]
[2022-08-01T18:44:00.435Z] > git remote --verbose [2ms]
[2022-08-01T18:44:00.469Z] > git config --get commit.template [3ms]
[2022-08-01T18:44:26.600Z] > git status -z -uall [761ms]
[2022-08-01T18:44:26.634Z] > git symbolic-ref --short HEAD [2ms]
[2022-08-01T18:44:26.664Z] > git for-each-ref --format=%(refname)%00%(upstream:short)%00%(objectname)%00%(upstream:track)%00%(upstream:remotename)%00%(upstream:remoteref) refs/heads/main refs/remotes/main [6ms]
[2022-08-01T18:44:26.730Z] > git for-each-ref --sort -committerdate --format %(refname) %(objectname) %(*objectname) [42ms]
[2022-08-01T18:44:26.734Z] > git remote --verbose [9ms]
[2022-08-01T18:44:26.845Z] > git config --get commit.template [13ms]
[2022-08-01T18:44:32.163Z] > git status -z -uall [286ms]
[2022-08-01T18:44:32.173Z] > git symbolic-ref --short HEAD [1ms]
[2022-08-01T18:44:32.183Z] > git for-each-ref --format=%(refname)%00%(upstream:short)%00%(objectname)%00%(upstream:track)%00%(upstream:remotename)%00%(upstream:remoteref) refs/heads/main refs/remotes/main [2ms]
[2022-08-01T18:44:32.202Z] > git for-each-ref --sort -committerdate --format %(refname) %(objectname) %(*objectname) [11ms]
[2022-08-01T18:44:32.203Z] > git remote --verbose [4ms]
[2022-08-01T18:44:32.253Z] > git config --get commit.template [7ms]
[2022-08-01T18:44:37.521Z] > git status -z -uall [257ms]
[2022-08-01T18:44:37.531Z] > git symbolic-ref --short HEAD [1ms]
[2022-08-01T18:44:37.541Z] > git for-each-ref --format=%(refname)%00%(upstream:short)%00%(objectname)%00%(upstream:track)%00%(upstream:remotename)%00%(upstream:remoteref) refs/heads/main refs/remotes/main [2ms]
[2022-08-01T18:44:37.559Z] > git for-each-ref --sort -committerdate --format %(refname) %(objectname) %(*objectname) [9ms]
[2022-08-01T18:44:37.560Z] > git remote --verbose [2ms]
[2022-08-01T18:44:37.599Z] > git config --get commit.template [2ms]
[2022-08-01T18:44:42.973Z] > git status -z -uall [357ms]
[2022-08-01T18:44:42.984Z] > git symbolic-ref --short HEAD [2ms]
[2022-08-01T18:44:42.997Z] > git for-each-ref --format=%(refname)%00%(upstream:short)%00%(objectname)%00%(upstream:track)%00%(upstream:remotename)%00%(upstream:remoteref) refs/heads/main refs/remotes/main [2ms]
[2022-08-01T18:44:43.013Z] > git for-each-ref --sort -committerdate --format %(refname) %(objectname) %(*objectname) [8ms]
[2022-08-01T18:44:43.014Z] > git remote --verbose [2ms]
[2022-08-01T18:44:43.044Z] > git config --get commit.template [5ms]
[2022-08-01T18:44:48.426Z] > git status -z -uall [339ms]
[2022-08-01T18:44:48.437Z] > git symbolic-ref --short HEAD [1ms]
[2022-08-01T18:44:48.448Z] > git for-each-ref --format=%(refname)%00%(upstream:short)%00%(objectname)%00%(upstream:track)%00%(upstream:remotename)%00%(upstream:remoteref) refs/heads/main refs/remotes/main [2ms]
[2022-08-01T18:44:48.469Z] > git for-each-ref --sort -committerdate --format %(refname) %(objectname) %(*objectname) [12ms]
[2022-08-01T18:44:48.469Z] > git remote --verbose [2ms]
[2022-08-01T18:44:48.500Z] > git config --get commit.template [6ms]
[2022-08-01T18:44:53.774Z] > git status -z -uall [242ms]
[2022-08-01T18:44:53.784Z] > git symbolic-ref --short HEAD [2ms]
[2022-08-01T18:44:53.794Z] > git for-each-ref --format=%(refname)%00%(upstream:short)%00%(objectname)%00%(upstream:track)%00%(upstream:remotename)%00%(upstream:remoteref) refs/heads/main refs/remotes/main [2ms]
[2022-08-01T18:44:53.809Z] > git for-each-ref --sort -committerdate --format %(refname) %(objectname) %(*objectname) [8ms]
[2022-08-01T18:44:53.809Z] > git remote --verbose [1ms]
[2022-08-01T18:44:53.832Z] > git config --get commit.template [2ms]
[2022-08-01T18:44:59.095Z] > git status -z -uall [246ms]
[2022-08-01T18:44:59.105Z] > git symbolic-ref --short HEAD [1ms]
[2022-08-01T18:44:59.115Z] > git for-each-ref --format=%(refname)%00%(upstream:short)%00%(objectname)%00%(upstream:track)%00%(upstream:remotename)%00%(upstream:remoteref) refs/heads/main refs/remotes/main [2ms]
[2022-08-01T18:44:59.132Z] > git for-each-ref --sort -committerdate --format %(refname) %(objectname) %(*objectname) [9ms]
[2022-08-01T18:44:59.132Z] > git remote --verbose [1ms]
[2022-08-01T18:44:59.168Z] > git config --get commit.template [12ms]
[2022-08-01T18:45:04.546Z] > git status -z -uall [329ms]
[2022-08-01T18:45:04.556Z] > git symbolic-ref --short HEAD [2ms]
[2022-08-01T18:45:04.566Z] > git for-each-ref --format=%(refname)%00%(upstream:short)%00%(objectname)%00%(upstream:track)%00%(upstream:remotename)%00%(upstream:remoteref) refs/heads/main refs/remotes/main [2ms]
[2022-08-01T18:45:04.587Z] > git for-each-ref --sort -committerdate --format %(refname) %(objectname) %(*objectname) [12ms]
[2022-08-01T18:45:04.591Z] > git remote --verbose [5ms]
[2022-08-01T18:45:04.618Z] > git config --get commit.template [6ms]
[2022-08-01T18:45:09.893Z] > git status -z -uall [258ms]
[2022-08-01T18:45:09.903Z] > git symbolic-ref --short HEAD [2ms]
[2022-08-01T18:45:09.914Z] > git for-each-ref --format=%(refname)%00%(upstream:short)%00%(objectname)%00%(upstream:track)%00%(upstream:remotename)%00%(upstream:remoteref) refs/heads/main refs/remotes/main [2ms]
[2022-08-01T18:45:09.934Z] > git for-each-ref --sort -committerdate --format %(refname) %(objectname) %(*objectname) [11ms]
[2022-08-01T18:45:09.935Z] > git remote --verbose [1ms]
[2022-08-01T18:45:09.973Z] > git config --get commit.template [4ms]
[2022-08-01T18:45:12.002Z] > git check-ignore -v -z --stdin [14ms]
[2022-08-01T18:45:14.540Z] > git check-ignore -v -z --stdin [12ms]
[2022-08-01T18:45:15.279Z] > git status -z -uall [271ms]
[2022-08-01T18:45:15.290Z] > git symbolic-ref --short HEAD [1ms]
[2022-08-01T18:45:15.300Z] > git for-each-ref --format=%(refname)%00%(upstream:short)%00%(objectname)%00%(upstream:track)%00%(upstream:remotename)%00%(upstream:remoteref) refs/heads/main refs/remotes/main [2ms]
[2022-08-01T18:45:15.328Z] > git remote --verbose [1ms]
[2022-08-01T18:45:15.328Z] > git for-each-ref --sort -committerdate --format %(refname) %(objectname) %(*objectname) [15ms]
[2022-08-01T18:45:15.372Z] > git config --get commit.template [11ms]
[2022-08-01T18:45:18.988Z] > git show --textconv :projectone/src/app/app.component.css [88ms]
[2022-08-01T18:45:19.000Z] > git ls-files --stage -- /home/thebuffylow/projectone/src/app/app.component.css [66ms]
[2022-08-01T18:45:20.870Z] > git show --textconv :projectone/src/app/app.component.html [17ms]
[2022-08-01T18:45:20.880Z] > git ls-files --stage -- /home/thebuffylow/projectone/src/app/app.component.html [11ms]
[2022-08-01T18:45:20.975Z] > git status -z -uall [537ms]
[2022-08-01T18:45:20.984Z] > git symbolic-ref --short HEAD [1ms]
[2022-08-01T18:45:20.994Z] > git for-each-ref --format=%(refname)%00%(upstream:short)%00%(objectname)%00%(upstream:track)%00%(upstream:remotename)%00%(upstream:remoteref) refs/heads/main refs/remotes/main [2ms]
[2022-08-01T18:45:21.010Z] > git for-each-ref --sort -committerdate --format %(refname) %(objectname) %(*objectname) [8ms]
[2022-08-01T18:45:21.010Z] > git remote --verbose [2ms]
[2022-08-01T18:45:21.042Z] > git config --get commit.template [2ms]
[2022-08-01T18:45:26.325Z] > git status -z -uall [256ms]
[2022-08-01T18:45:26.335Z] > git symbolic-ref --short HEAD [2ms]
[2022-08-01T18:45:26.346Z] > git for-each-ref --format=%(refname)%00%(upstream:short)%00%(objectname)%00%(upstream:track)%00%(upstream:remotename)%00%(upstream:remoteref) refs/heads/main refs/remotes/main [3ms]
[2022-08-01T18:45:26.362Z] > git for-each-ref --sort -committerdate --format %(refname) %(objectname) %(*objectname) [9ms]
[2022-08-01T18:45:26.364Z] > git remote --verbose [3ms]
[2022-08-01T18:45:26.418Z] > git config --get commit.template [27ms]
[2022-08-01T18:45:31.698Z] > git status -z -uall [240ms]
[2022-08-01T18:45:31.710Z] > git symbolic-ref --short HEAD [0ms]
[2022-08-01T18:45:31.722Z] > git for-each-ref --format=%(refname)%00%(upstream:short)%00%(objectname)%00%(upstream:track)%00%(upstream:remotename)%00%(upstream:remoteref) refs/heads/main refs/remotes/main [3ms]
[2022-08-01T18:45:31.737Z] > git for-each-ref --sort -committerdate --format %(refname) %(objectname) %(*objectname) [8ms]
[2022-08-01T18:45:31.738Z] > git remote --verbose [2ms]
[2022-08-01T18:45:31.766Z] > git config --get commit.template [3ms]
[2022-08-01T18:45:37.017Z] > git status -z -uall [237ms]
[2022-08-01T18:45:37.027Z] > git symbolic-ref --short HEAD [2ms]
[2022-08-01T18:45:37.037Z] > git for-each-ref --format=%(refname)%00%(upstream:short)%00%(objectname)%00%(upstream:track)%00%(upstream:remotename)%00%(upstream:remoteref) refs/heads/main refs/remotes/main [2ms]
[2022-08-01T18:45:37.052Z] > git for-each-ref --sort -committerdate --format %(refname) %(objectname) %(*objectname) [8ms]
[2022-08-01T18:45:37.052Z] > git remote --verbose [1ms]
[2022-08-01T18:45:37.079Z] > git config --get commit.template [4ms]
[2022-08-01T18:45:42.437Z] > git status -z -uall [314ms]
[2022-08-01T18:45:42.454Z] > git symbolic-ref --short HEAD [4ms]
[2022-08-01T18:45:42.472Z] > git for-each-ref --format=%(refname)%00%(upstream:short)%00%(objectname)%00%(upstream:track)%00%(upstream:remotename)%00%(upstream:remoteref) refs/heads/main refs/remotes/main [5ms]
[2022-08-01T18:45:42.490Z] > git for-each-ref --sort -committerdate --format %(refname) %(objectname) %(*objectname) [9ms]
[2022-08-01T18:45:42.491Z] > git remote --verbose [2ms]
[2022-08-01T18:45:42.519Z] > git config --get commit.template [3ms]
[2022-08-01T18:46:19.575Z] > git status -z -uall [458ms]
[2022-08-01T18:46:19.587Z] > git symbolic-ref --short HEAD [3ms]
[2022-08-01T18:46:19.605Z] > git for-each-ref --format=%(refname)%00%(upstream:short)%00%(objectname)%00%(upstream:track)%00%(upstream:remotename)%00%(upstream:remoteref) refs/heads/main refs/remotes/main [8ms]
[2022-08-01T18:46:19.628Z] > git for-each-ref --sort -committerdate --format %(refname) %(objectname) %(*objectname) [9ms]
[2022-08-01T18:46:19.629Z] > git remote --verbose [2ms]
[2022-08-01T18:46:19.688Z] > git config --get commit.template [5ms]
[2022-08-01T18:46:24.966Z] > git status -z -uall [254ms]
[2022-08-01T18:46:24.975Z] > git symbolic-ref --short HEAD [2ms]
[2022-08-01T18:46:24.984Z] > git for-each-ref --format=%(refname)%00%(upstream:short)%00%(objectname)%00%(upstream:track)%00%(upstream:remotename)%00%(upstream:remoteref) refs/heads/main refs/remotes/main [3ms]
[2022-08-01T18:46:24.999Z] > git for-each-ref --sort -committerdate --format %(refname) %(objectname) %(*objectname) [8ms]
[2022-08-01T18:46:25.000Z] > git remote --verbose [2ms]
[2022-08-01T18:46:25.031Z] > git config --get commit.template [10ms]
[2022-08-01T18:46:30.545Z] > git status -z -uall [499ms]
[2022-08-01T18:46:30.561Z] > git symbolic-ref --short HEAD [3ms]
[2022-08-01T18:46:30.581Z] > git for-each-ref --format=%(refname)%00%(upstream:short)%00%(objectname)%00%(upstream:track)%00%(upstream:remotename)%00%(upstream:remoteref) refs/heads/main refs/remotes/main [5ms]
[2022-08-01T18:46:30.610Z] > git remote --verbose [4ms]
[2022-08-01T18:46:30.611Z] > git for-each-ref --sort -committerdate --format %(refname) %(objectname) %(*objectname) [18ms]
[2022-08-01T18:46:30.666Z] > git config --get commit.template [10ms]
[2022-08-01T18:46:35.959Z] > git status -z -uall [251ms]
[2022-08-01T18:46:35.969Z] > git symbolic-ref --short HEAD [1ms]
[2022-08-01T18:46:35.978Z] > git for-each-ref --format=%(refname)%00%(upstream:short)%00%(objectname)%00%(upstream:track)%00%(upstream:remotename)%00%(upstream:remoteref) refs/heads/main refs/remotes/main [2ms]
[2022-08-01T18:46:35.993Z] > git for-each-ref --sort -committerdate --format %(refname) %(objectname) %(*objectname) [9ms]
[2022-08-01T18:46:35.996Z] > git remote --verbose [4ms]
[2022-08-01T18:46:36.026Z] > git config --get commit.template [3ms]
[2022-08-01T18:46:41.413Z] > git status -z -uall [360ms]
[2022-08-01T18:46:41.486Z] > git symbolic-ref --short HEAD [45ms]
[2022-08-01T18:46:41.517Z] > git for-each-ref --format=%(refname)%00%(upstream:short)%00%(objectname)%00%(upstream:track)%00%(upstream:remotename)%00%(upstream:remoteref) refs/heads/main refs/remotes/main [21ms]
[2022-08-01T18:46:41.547Z] > git for-each-ref --sort -committerdate --format %(refname) %(objectname) %(*objectname) [19ms]
[2022-08-01T18:46:41.552Z] > git remote --verbose [7ms]
[2022-08-01T18:46:41.591Z] > git config --get commit.template [4ms]
[2022-08-01T18:46:41.634Z] > git show --textconv :projectone/src/app/app.component.ts [22ms]
[2022-08-01T18:46:41.634Z] > git ls-files --stage -- /home/thebuffylow/projectone/src/app/app.component.ts [10ms]
[2022-08-01T18:46:46.948Z] > git status -z -uall [320ms]
[2022-08-01T18:46:46.961Z] > git symbolic-ref --short HEAD [4ms]
[2022-08-01T18:46:46.985Z] > git for-each-ref --format=%(refname)%00%(upstream:short)%00%(objectname)%00%(upstream:track)%00%(upstream:remotename)%00%(upstream:remoteref) refs/heads/main refs/remotes/main [5ms]
[2022-08-01T18:46:47.021Z] > git remote --verbose [3ms]
[2022-08-01T18:46:47.021Z] > git for-each-ref --sort -committerdate --format %(refname) %(objectname) %(*objectname) [19ms]
[2022-08-01T18:46:47.084Z] > git config --get commit.template [16ms]
[2022-08-01T18:46:52.518Z] > git status -z -uall [416ms]
[2022-08-01T18:46:52.536Z] > git symbolic-ref --short HEAD [2ms]
[2022-08-01T18:46:52.551Z] > git for-each-ref --format=%(refname)%00%(upstream:short)%00%(objectname)%00%(upstream:track)%00%(upstream:remotename)%00%(upstream:remoteref) refs/heads/main refs/remotes/main [2ms]
[2022-08-01T18:46:52.585Z] > git for-each-ref --sort -committerdate --format %(refname) %(objectname) %(*objectname) [18ms]
[2022-08-01T18:46:52.586Z] > git remote --verbose [3ms]
[2022-08-01T18:46:52.630Z] > git config --get commit.template [4ms]
[2022-08-01T18:46:57.906Z] > git status -z -uall [247ms]
[2022-08-01T18:46:57.916Z] > git symbolic-ref --short HEAD [1ms]
[2022-08-01T18:46:57.926Z] > git for-each-ref --format=%(refname)%00%(upstream:short)%00%(objectname)%00%(upstream:track)%00%(upstream:remotename)%00%(upstream:remoteref) refs/heads/main refs/remotes/main [3ms]
[2022-08-01T18:46:57.941Z] > git for-each-ref --sort -committerdate --format %(refname) %(objectname) %(*objectname) [8ms]
[2022-08-01T18:46:57.943Z] > git remote --verbose [3ms]
[2022-08-01T18:46:57.973Z] > git config --get commit.template [10ms]
[2022-08-01T18:47:03.324Z] > git status -z -uall [313ms]
[2022-08-01T18:47:03.335Z] > git symbolic-ref --short HEAD [3ms]
[2022-08-01T18:47:03.349Z] > git for-each-ref --format=%(refname)%00%(upstream:short)%00%(objectname)%00%(upstream:track)%00%(upstream:remotename)%00%(upstream:remoteref) refs/heads/main refs/remotes/main [5ms]
[2022-08-01T18:47:03.375Z] > git for-each-ref --sort -committerdate --format %(refname) %(objectname) %(*objectname) [13ms]
[2022-08-01T18:47:03.379Z] > git remote --verbose [6ms]
[2022-08-01T18:47:03.414Z] > git config --get commit.template [5ms]
[2022-08-01T18:47:18.009Z] > git status -z -uall [445ms]
[2022-08-01T18:47:18.027Z] > git symbolic-ref --short HEAD [3ms]
[2022-08-01T18:47:18.046Z] > git for-each-ref --format=%(refname)%00%(upstream:short)%00%(objectname)%00%(upstream:track)%00%(upstream:remotename)%00%(upstream:remoteref) refs/heads/main refs/remotes/main [5ms]
[2022-08-01T18:47:18.081Z] > git for-each-ref --sort -committerdate --format %(refname) %(objectname) %(*objectname) [19ms]
[2022-08-01T18:47:18.090Z] > git remote --verbose [11ms]
[2022-08-01T18:47:18.158Z] > git config --get commit.template [7ms]
[2022-08-01T18:47:23.437Z] > git status -z -uall [246ms]
[2022-08-01T18:47:23.446Z] > git symbolic-ref --short HEAD [2ms]
[2022-08-01T18:47:23.455Z] > git for-each-ref --format=%(refname)%00%(upstream:short)%00%(objectname)%00%(upstream:track)%00%(upstream:remotename)%00%(upstream:remoteref) refs/heads/main refs/remotes/main [2ms]
[2022-08-01T18:47:23.473Z] > git remote --verbose [3ms]
[2022-08-01T18:47:23.474Z] > git for-each-ref --sort -committerdate --format %(refname) %(objectname) %(*objectname) [11ms]
[2022-08-01T18:47:23.506Z] > git config --get commit.template [3ms]
[2022-08-01T18:47:28.780Z] > git status -z -uall [240ms]
[2022-08-01T18:47:28.789Z] > git symbolic-ref --short HEAD [1ms]
[2022-08-01T18:47:28.798Z] > git for-each-ref --format=%(refname)%00%(upstream:short)%00%(objectname)%00%(upstream:track)%00%(upstream:remotename)%00%(upstream:remoteref) refs/heads/main refs/remotes/main [2ms]
[2022-08-01T18:47:28.813Z] > git for-each-ref --sort -committerdate --format %(refname) %(objectname) %(*objectname) [8ms]
[2022-08-01T18:47:28.814Z] > git remote --verbose [2ms]
[2022-08-01T18:47:28.839Z] > git config --get commit.template [3ms]
[2022-08-01T18:47:34.191Z] > git status -z -uall [327ms]
[2022-08-01T18:47:34.201Z] > git symbolic-ref --short HEAD [1ms]
[2022-08-01T18:47:34.216Z] > git for-each-ref --format=%(refname)%00%(upstream:short)%00%(objectname)%00%(upstream:track)%00%(upstream:remotename)%00%(upstream:remoteref) refs/heads/main refs/remotes/main [5ms]
[2022-08-01T18:47:34.236Z] > git for-each-ref --sort -committerdate --format %(refname) %(objectname) %(*objectname) [10ms]
[2022-08-01T18:47:34.241Z] > git remote --verbose [6ms]
[2022-08-01T18:47:34.326Z] > git config --get commit.template [35ms]
[2022-08-01T18:47:40.045Z] > git status -z -uall [701ms]
[2022-08-01T18:47:40.126Z] > git symbolic-ref --short HEAD [15ms]
[2022-08-01T18:47:40.193Z] > git for-each-ref --format=%(refname)%00%(upstream:short)%00%(objectname)%00%(upstream:track)%00%(upstream:remotename)%00%(upstream:remoteref) refs/heads/main refs/remotes/main [20ms]
[2022-08-01T18:47:40.299Z] > git for-each-ref --sort -committerdate --format %(refname) %(objectname) %(*objectname) [61ms]
[2022-08-01T18:47:40.326Z] > git remote --verbose [34ms]
[2022-08-01T18:47:41.683Z] > git config --get commit.template [1200ms]
[2022-08-01T18:47:47.064Z] > git status -z -uall [347ms]
[2022-08-01T18:47:47.073Z] > git symbolic-ref --short HEAD [1ms]
[2022-08-01T18:47:47.084Z] > git for-each-ref --format=%(refname)%00%(upstream:short)%00%(objectname)%00%(upstream:track)%00%(upstream:remotename)%00%(upstream:remoteref) refs/heads/main refs/remotes/main [3ms]
[2022-08-01T18:47:47.102Z] > git for-each-ref --sort -committerdate --format %(refname) %(objectname) %(*objectname) [10ms]
[2022-08-01T18:47:47.103Z] > git remote --verbose [2ms]
[2022-08-01T18:47:47.128Z] > git config --get commit.template [2ms]
[2022-08-01T18:47:49.344Z] > git show --textconv :projectone/src/app/app.component.spec.ts [37ms]
[2022-08-01T18:47:49.363Z] > git ls-files --stage -- /home/thebuffylow/projectone/src/app/app.component.spec.ts [20ms]
[2022-08-01T18:47:51.921Z] > git show --textconv :projectone/src/app/app.component.html [15ms]
[2022-08-01T18:47:51.924Z] > git ls-files --stage -- /home/thebuffylow/projectone/src/app/app.component.html [7ms]
[2022-08-01T18:47:52.807Z] > git status -z -uall [646ms]
[2022-08-01T18:47:52.822Z] > git symbolic-ref --short HEAD [5ms]
[2022-08-01T18:47:52.838Z] > git for-each-ref --format=%(refname)%00%(upstream:short)%00%(objectname)%00%(upstream:track)%00%(upstream:remotename)%00%(upstream:remoteref) refs/heads/main refs/remotes/main [5ms]
[2022-08-01T18:47:52.930Z] > git for-each-ref --sort -committerdate --format %(refname) %(objectname) %(*objectname) [73ms]
[2022-08-01T18:47:52.937Z] > git remote --verbose [13ms]
[2022-08-01T18:47:53.019Z] > git config --get commit.template [6ms]
[2022-08-01T18:47:58.361Z] > git status -z -uall [299ms]
[2022-08-01T18:47:58.371Z] > git symbolic-ref --short HEAD [1ms]
[2022-08-01T18:47:58.381Z] > git for-each-ref --format=%(refname)%00%(upstream:short)%00%(objectname)%00%(upstream:track)%00%(upstream:remotename)%00%(upstream:remoteref) refs/heads/main refs/remotes/main [2ms]
[2022-08-01T18:47:58.397Z] > git for-each-ref --sort -committerdate --format %(refname) %(objectname) %(*objectname) [9ms]
[2022-08-01T18:47:58.398Z] > git remote --verbose [2ms]
[2022-08-01T18:47:58.441Z] > git config --get commit.template [6ms]
[2022-08-01T18:48:03.854Z] > git status -z -uall [401ms]
[2022-08-01T18:48:03.864Z] > git symbolic-ref --short HEAD [2ms]
[2022-08-01T18:48:03.874Z] > git for-each-ref --format=%(refname)%00%(upstream:short)%00%(objectname)%00%(upstream:track)%00%(upstream:remotename)%00%(upstream:remoteref) refs/heads/main refs/remotes/main [2ms]
[2022-08-01T18:48:03.894Z] > git remote --verbose [2ms]
[2022-08-01T18:48:03.895Z] > git for-each-ref --sort -committerdate --format %(refname) %(objectname) %(*objectname) [11ms]
[2022-08-01T18:48:03.922Z] > git config --get commit.template [2ms]
[2022-08-01T18:48:09.175Z] > git status -z -uall [238ms]
[2022-08-01T18:48:09.185Z] > git symbolic-ref --short HEAD [1ms]
[2022-08-01T18:48:09.197Z] > git for-each-ref --format=%(refname)%00%(upstream:short)%00%(objectname)%00%(upstream:track)%00%(upstream:remotename)%00%(upstream:remoteref) refs/heads/main refs/remotes/main [3ms]
[2022-08-01T18:48:09.215Z] > git for-each-ref --sort -committerdate --format %(refname) %(objectname) %(*objectname) [10ms]
[2022-08-01T18:48:09.215Z] > git remote --verbose [1ms]
[2022-08-01T18:48:09.243Z] > git config --get commit.template [4ms]
[2022-08-01T18:48:14.812Z] > git status -z -uall [537ms]
[2022-08-01T18:48:14.874Z] > git symbolic-ref --short HEAD [17ms]
[2022-08-01T18:48:14.939Z] > git for-each-ref --format=%(refname)%00%(upstream:short)%00%(objectname)%00%(upstream:track)%00%(upstream:remotename)%00%(upstream:remoteref) refs/heads/main refs/remotes/main [24ms]
[2022-08-01T18:48:15.016Z] > git for-each-ref --sort -committerdate --format %(refname) %(objectname) %(*objectname) [48ms]
[2022-08-01T18:48:15.024Z] > git remote --verbose [10ms]
[2022-08-01T18:48:15.087Z] > git config --get commit.template [9ms]
[2022-08-01T18:48:20.374Z] > git status -z -uall [257ms]
[2022-08-01T18:48:20.385Z] > git symbolic-ref --short HEAD [1ms]
[2022-08-01T18:48:20.395Z] > git for-each-ref --format=%(refname)%00%(upstream:short)%00%(objectname)%00%(upstream:track)%00%(upstream:remotename)%00%(upstream:remoteref) refs/heads/main refs/remotes/main [2ms]
[2022-08-01T18:48:20.411Z] > git for-each-ref --sort -committerdate --format %(refname) %(objectname) %(*objectname) [8ms]
[2022-08-01T18:48:20.412Z] > git remote --verbose [2ms]
[2022-08-01T18:48:20.468Z] > git config --get commit.template [4ms]
[2022-08-01T18:48:25.835Z] > git status -z -uall [334ms]
[2022-08-01T18:48:25.854Z] > git symbolic-ref --short HEAD [5ms]
[2022-08-01T18:48:25.866Z] > git for-each-ref --format=%(refname)%00%(upstream:short)%00%(objectname)%00%(upstream:track)%00%(upstream:remotename)%00%(upstream:remoteref) refs/heads/main refs/remotes/main [3ms]
[2022-08-01T18:48:25.888Z] > git for-each-ref --sort -committerdate --format %(refname) %(objectname) %(*objectname) [12ms]
[2022-08-01T18:48:25.890Z] > git remote --verbose [4ms]
[2022-08-01T18:48:25.918Z] > git config --get commit.template [2ms]
[2022-08-01T18:48:31.262Z] > git status -z -uall [325ms]
[2022-08-01T18:48:31.272Z] > git symbolic-ref --short HEAD [1ms]
[2022-08-01T18:48:31.284Z] > git for-each-ref --format=%(refname)%00%(upstream:short)%00%(objectname)%00%(upstream:track)%00%(upstream:remotename)%00%(upstream:remoteref) refs/heads/main refs/remotes/main [3ms]
[2022-08-01T18:48:31.301Z] > git for-each-ref --sort -committerdate --format %(refname) %(objectname) %(*objectname) [9ms]
[2022-08-01T18:48:31.302Z] > git remote --verbose [2ms]
[2022-08-01T18:48:31.331Z] > git config --get commit.template [3ms]
[2022-08-01T18:48:36.581Z] > git status -z -uall [236ms]
[2022-08-01T18:48:36.590Z] > git symbolic-ref --short HEAD [1ms]
[2022-08-01T18:48:36.600Z] > git for-each-ref --format=%(refname)%00%(upstream:short)%00%(objectname)%00%(upstream:track)%00%(upstream:remotename)%00%(upstream:remoteref) refs/heads/main refs/remotes/main [3ms]
[2022-08-01T18:48:36.614Z] > git for-each-ref --sort -committerdate --format %(refname) %(objectname) %(*objectname) [8ms]
[2022-08-01T18:48:36.615Z] > git remote --verbose [2ms]
[2022-08-01T18:48:36.640Z] > git config --get commit.template [2ms]
[2022-08-01T18:48:56.414Z] > git status -z -uall [536ms]
[2022-08-01T18:48:56.424Z] > git symbolic-ref --short HEAD [0ms]
[2022-08-01T18:48:56.435Z] > git for-each-ref --format=%(refname)%00%(upstream:short)%00%(objectname)%00%(upstream:track)%00%(upstream:remotename)%00%(upstream:remoteref) refs/heads/main refs/remotes/main [3ms]
[2022-08-01T18:48:56.460Z] > git for-each-ref --sort -committerdate --format %(refname) %(objectname) %(*objectname) [14ms]
[2022-08-01T18:48:56.461Z] > git remote --verbose [2ms]
[2022-08-01T18:48:56.495Z] > git config --get commit.template [3ms]
[2022-08-01T18:49:38.449Z] > git status -z -uall [653ms]
[2022-08-01T18:49:38.464Z] > git symbolic-ref --short HEAD [1ms]
[2022-08-01T18:49:38.483Z] > git for-each-ref --format=%(refname)%00%(upstream:short)%00%(objectname)%00%(upstream:track)%00%(upstream:remotename)%00%(upstream:remoteref) refs/heads/main refs/remotes/main [6ms]
[2022-08-01T18:49:38.525Z] > git for-each-ref --sort -committerdate --format %(refname) %(objectname) %(*objectname) [29ms]
[2022-08-01T18:49:38.527Z] > git remote --verbose [4ms]
[2022-08-01T18:49:38.610Z] > git config --get commit.template [11ms]
[2022-08-01T18:49:43.999Z] > git status -z -uall [344ms]
[2022-08-01T18:49:44.008Z] > git symbolic-ref --short HEAD [1ms]
[2022-08-01T18:49:44.019Z] > git for-each-ref --format=%(refname)%00%(upstream:short)%00%(objectname)%00%(upstream:track)%00%(upstream:remotename)%00%(upstream:remoteref) refs/heads/main refs/remotes/main [3ms]
[2022-08-01T18:49:44.036Z] > git for-each-ref --sort -committerdate --format %(refname) %(objectname) %(*objectname) [9ms]
[2022-08-01T18:49:44.037Z] > git remote --verbose [2ms]
[2022-08-01T18:49:44.060Z] > git config --get commit.template [2ms]
[2022-08-01T18:49:49.369Z] > git status -z -uall [298ms]
[2022-08-01T18:49:49.382Z] > git symbolic-ref --short HEAD [3ms]
[2022-08-01T18:49:49.406Z] > git for-each-ref --format=%(refname)%00%(upstream:short)%00%(objectname)%00%(upstream:track)%00%(upstream:remotename)%00%(upstream:remoteref) refs/heads/main refs/remotes/main [2ms]
[2022-08-01T18:49:49.448Z] > git for-each-ref --sort -committerdate --format %(refname) %(objectname) %(*objectname) [25ms]
[2022-08-01T18:49:49.449Z] > git remote --verbose [4ms]
[2022-08-01T18:49:49.478Z] > git config --get commit.template [3ms]
[2022-08-01T18:49:54.944Z] > git status -z -uall [434ms]
[2022-08-01T18:49:54.954Z] > git symbolic-ref --short HEAD [2ms]
[2022-08-01T18:49:54.965Z] > git for-each-ref --format=%(refname)%00%(upstream:short)%00%(objectname)%00%(upstream:track)%00%(upstream:remotename)%00%(upstream:remoteref) refs/heads/main refs/remotes/main [3ms]
[2022-08-01T18:49:54.984Z] > git remote --verbose [3ms]
[2022-08-01T18:49:54.984Z] > git for-each-ref --sort -committerdate --format %(refname) %(objectname) %(*objectname) [10ms]
[2022-08-01T18:49:55.010Z] > git config --get commit.template [2ms]
[2022-08-01T18:50:00.261Z] > git status -z -uall [238ms]
[2022-08-01T18:50:00.271Z] > git symbolic-ref --short HEAD [2ms]
[2022-08-01T18:50:00.280Z] > git for-each-ref --format=%(refname)%00%(upstream:short)%00%(objectname)%00%(upstream:track)%00%(upstream:remotename)%00%(upstream:remoteref) refs/heads/main refs/remotes/main [2ms]
[2022-08-01T18:50:00.296Z] > git for-each-ref --sort -committerdate --format %(refname) %(objectname) %(*objectname) [9ms]
[2022-08-01T18:50:00.296Z] > git remote --verbose [1ms]
[2022-08-01T18:50:00.328Z] > git config --get commit.template [8ms]
[2022-08-01T18:50:05.588Z] > git status -z -uall [234ms]
[2022-08-01T18:50:05.598Z] > git symbolic-ref --short HEAD [2ms]
[2022-08-01T18:50:05.608Z] > git for-each-ref --format=%(refname)%00%(upstream:short)%00%(objectname)%00%(upstream:track)%00%(upstream:remotename)%00%(upstream:remoteref) refs/heads/main refs/remotes/main [2ms]
[2022-08-01T18:50:05.623Z] > git for-each-ref --sort -committerdate --format %(refname) %(objectname) %(*objectname) [8ms]
[2022-08-01T18:50:05.624Z] > git remote --verbose [2ms]
[2022-08-01T18:50:05.649Z] > git config --get commit.template [2ms]
[2022-08-01T18:50:10.928Z] > git status -z -uall [260ms]
[2022-08-01T18:50:10.937Z] > git symbolic-ref --short HEAD [2ms]
[2022-08-01T18:50:10.946Z] > git for-each-ref --format=%(refname)%00%(upstream:short)%00%(objectname)%00%(upstream:track)%00%(upstream:remotename)%00%(upstream:remoteref) refs/heads/main refs/remotes/main [2ms]
[2022-08-01T18:50:10.961Z] > git for-each-ref --sort -committerdate --format %(refname) %(objectname) %(*objectname) [8ms]
[2022-08-01T18:50:10.961Z] > git remote --verbose [1ms]
[2022-08-01T18:50:10.989Z] > git config --get commit.template [3ms]
[2022-08-01T18:50:16.260Z] > git status -z -uall [240ms]
[2022-08-01T18:50:16.270Z] > git symbolic-ref --short HEAD [2ms]
[2022-08-01T18:50:16.280Z] > git for-each-ref --format=%(refname)%00%(upstream:short)%00%(objectname)%00%(upstream:track)%00%(upstream:remotename)%00%(upstream:remoteref) refs/heads/main refs/remotes/main [2ms]
[2022-08-01T18:50:16.296Z] > git for-each-ref --sort -committerdate --format %(refname) %(objectname) %(*objectname) [9ms]
[2022-08-01T18:50:16.297Z] > git remote --verbose [2ms]
[2022-08-01T18:50:16.319Z] > git config --get commit.template [2ms]
[2022-08-01T18:50:21.613Z] > git status -z -uall [263ms]
[2022-08-01T18:50:21.622Z] > git symbolic-ref --short HEAD [1ms]
[2022-08-01T18:50:21.633Z] > git for-each-ref --format=%(refname)%00%(upstream:short)%00%(objectname)%00%(upstream:track)%00%(upstream:remotename)%00%(upstream:remoteref) refs/heads/main refs/remotes/main [3ms]
[2022-08-01T18:50:21.650Z] > git for-each-ref --sort -committerdate --format %(refname) %(objectname) %(*objectname) [9ms]
[2022-08-01T18:50:21.650Z] > git remote --verbose [1ms]
[2022-08-01T18:50:21.685Z] > git config --get commit.template [3ms]
[2022-08-01T18:50:26.966Z] > git status -z -uall [268ms]
[2022-08-01T18:50:26.983Z] > git symbolic-ref --short HEAD [3ms]
[2022-08-01T18:50:26.993Z] > git for-each-ref --format=%(refname)%00%(upstream:short)%00%(objectname)%00%(upstream:track)%00%(upstream:remotename)%00%(upstream:remoteref) refs/heads/main refs/remotes/main [2ms]
[2022-08-01T18:50:27.021Z] > git for-each-ref --sort -committerdate --format %(refname) %(objectname) %(*objectname) [16ms]
[2022-08-01T18:50:27.026Z] > git remote --verbose [10ms]
[2022-08-01T18:50:27.062Z] > git config --get commit.template [4ms]
[2022-08-01T18:50:32.367Z] > git status -z -uall [267ms]
[2022-08-01T18:50:32.376Z] > git symbolic-ref --short HEAD [2ms]
[2022-08-01T18:50:32.385Z] > git for-each-ref --format=%(refname)%00%(upstream:short)%00%(objectname)%00%(upstream:track)%00%(upstream:remotename)%00%(upstream:remoteref) refs/heads/main refs/remotes/main [2ms]
[2022-08-01T18:50:32.403Z] > git for-each-ref --sort -committerdate --format %(refname) %(objectname) %(*objectname) [11ms]
[2022-08-01T18:50:32.405Z] > git remote --verbose [3ms]
[2022-08-01T18:50:32.434Z] > git config --get commit.template [7ms]
[2022-08-01T18:50:33.289Z] > git show --textconv :projectone/src/main.ts [12ms]
[2022-08-01T18:50:33.294Z] > git ls-files --stage -- /home/thebuffylow/projectone/src/main.ts [6ms]
[2022-08-01T18:50:35.523Z] > git ls-files --stage -- /home/thebuffylow/projectone/src/index.html [7ms]
[2022-08-01T18:50:35.529Z] > git show --textconv :projectone/src/index.html [25ms]
[2022-08-01T18:50:37.691Z] > git status -z -uall [243ms]
[2022-08-01T18:50:37.701Z] > git symbolic-ref --short HEAD [2ms]
[2022-08-01T18:50:37.712Z] > git for-each-ref --format=%(refname)%00%(upstream:short)%00%(objectname)%00%(upstream:track)%00%(upstream:remotename)%00%(upstream:remoteref) refs/heads/main refs/remotes/main [2ms]
[2022-08-01T18:50:37.730Z] > git for-each-ref --sort -committerdate --format %(refname) %(objectname) %(*objectname) [9ms]
[2022-08-01T18:50:37.731Z] > git remote --verbose [2ms]
[2022-08-01T18:50:37.782Z] > git config --get commit.template [9ms]
[2022-08-01T18:50:43.026Z] > git status -z -uall [233ms]
[2022-08-01T18:50:43.036Z] > git symbolic-ref --short HEAD [2ms]
[2022-08-01T18:50:43.045Z] > git for-each-ref --format=%(refname)%00%(upstream:short)%00%(objectname)%00%(upstream:track)%00%(upstream:remotename)%00%(upstream:remoteref) refs/heads/main refs/remotes/main [2ms]
[2022-08-01T18:50:43.061Z] > git for-each-ref --sort -committerdate --format %(refname) %(objectname) %(*objectname) [9ms]
[2022-08-01T18:50:43.061Z] > git remote --verbose [1ms]
[2022-08-01T18:50:43.083Z] > git config --get commit.template [2ms]
[2022-08-01T18:50:44.937Z] > git show --textconv :projectone/src/test.ts [21ms]
[2022-08-01T18:50:44.945Z] > git ls-files --stage -- /home/thebuffylow/projectone/src/test.ts [9ms]
[2022-08-01T18:50:48.351Z] > git status -z -uall [238ms]
[2022-08-01T18:50:48.361Z] > git symbolic-ref --short HEAD [2ms]
[2022-08-01T18:50:48.370Z] > git for-each-ref --format=%(refname)%00%(upstream:short)%00%(objectname)%00%(upstream:track)%00%(upstream:remotename)%00%(upstream:remoteref) refs/heads/main refs/remotes/main [2ms]
[2022-08-01T18:50:48.386Z] > git for-each-ref --sort -committerdate --format %(refname) %(objectname) %(*objectname) [9ms]
[2022-08-01T18:50:48.387Z] > git remote --verbose [2ms]
[2022-08-01T18:50:48.420Z] > git config --get commit.template [12ms]
[2022-08-01T18:50:53.116Z] > git show --textconv :projectone/src/styles.css [42ms]
[2022-08-01T18:50:53.139Z] > git ls-files --stage -- /home/thebuffylow/projectone/src/styles.css [26ms]
[2022-08-01T18:50:53.840Z] > git status -z -uall [381ms]
[2022-08-01T18:50:53.850Z] > git symbolic-ref --short HEAD [2ms]
[2022-08-01T18:50:53.861Z] > git for-each-ref --format=%(refname)%00%(upstream:short)%00%(objectname)%00%(upstream:track)%00%(upstream:remotename)%00%(upstream:remoteref) refs/heads/main refs/remotes/main [3ms]
[2022-08-01T18:50:53.877Z] > git for-each-ref --sort -committerdate --format %(refname) %(objectname) %(*objectname) [8ms]
[2022-08-01T18:50:53.877Z] > git remote --verbose [1ms]
[2022-08-01T18:50:53.902Z] > git config --get commit.template [2ms]
[2022-08-01T18:50:58.383Z] > git show --textconv :projectone/src/polyfills.ts [25ms]
[2022-08-01T18:50:58.414Z] > git ls-files --stage -- /home/thebuffylow/projectone/src/polyfills.ts [35ms]
[2022-08-01T18:50:59.253Z] > git status -z -uall [335ms]
[2022-08-01T18:50:59.263Z] > git symbolic-ref --short HEAD [2ms]
[2022-08-01T18:50:59.272Z] > git for-each-ref --format=%(refname)%00%(upstream:short)%00%(objectname)%00%(upstream:track)%00%(upstream:remotename)%00%(upstream:remoteref) refs/heads/main refs/remotes/main [2ms]
[2022-08-01T18:50:59.287Z] > git for-each-ref --sort -committerdate --format %(refname) %(objectname) %(*objectname) [8ms]
[2022-08-01T18:50:59.288Z] > git remote --verbose [1ms]
[2022-08-01T18:50:59.315Z] > git config --get commit.template [2ms]
[2022-08-01T18:51:03.544Z] > git show --textconv :projectone/src/app/app.module.ts [32ms]
[2022-08-01T18:51:03.555Z] > git ls-files --stage -- /home/thebuffylow/projectone/src/app/app.module.ts [13ms]
[2022-08-01T18:51:04.580Z] > git status -z -uall [243ms]
[2022-08-01T18:51:04.591Z] > git symbolic-ref --short HEAD [1ms]
[2022-08-01T18:51:04.600Z] > git for-each-ref --format=%(refname)%00%(upstream:short)%00%(objectname)%00%(upstream:track)%00%(upstream:remotename)%00%(upstream:remoteref) refs/heads/main refs/remotes/main [2ms]
[2022-08-01T18:51:04.616Z] > git for-each-ref --sort -committerdate --format %(refname) %(objectname) %(*objectname) [9ms]
[2022-08-01T18:51:04.616Z] > git remote --verbose [1ms]
[2022-08-01T18:51:04.646Z] > git config --get commit.template [6ms]
[2022-08-01T18:51:07.143Z] > git show --textconv :projectone/src/app/app.component.ts [31ms]
[2022-08-01T18:51:07.157Z] > git ls-files --stage -- /home/thebuffylow/projectone/src/app/app.component.ts [20ms]
[2022-08-01T18:51:09.900Z] > git status -z -uall [240ms]
[2022-08-01T18:51:09.912Z] > git symbolic-ref --short HEAD [2ms]
[2022-08-01T18:51:09.925Z] > git for-each-ref --format=%(refname)%00%(upstream:short)%00%(objectname)%00%(upstream:track)%00%(upstream:remotename)%00%(upstream:remoteref) refs/heads/main refs/remotes/main [3ms]
[2022-08-01T18:51:09.941Z] > git for-each-ref --sort -committerdate --format %(refname) %(objectname) %(*objectname) [9ms]
[2022-08-01T18:51:09.941Z] > git remote --verbose [2ms]
[2022-08-01T18:51:09.975Z] > git config --get commit.template [12ms]
[2022-08-01T18:51:12.039Z] > git show --textconv :projectone/src/app/app.component.css [53ms]
[2022-08-01T18:51:12.059Z] > git ls-files --stage -- /home/thebuffylow/projectone/src/app/app.component.css [22ms]
[2022-08-01T18:51:14.573Z] > git show --textconv :projectone/src/app/app.component.html [35ms]
[2022-08-01T18:51:14.575Z] > git ls-files --stage -- /home/thebuffylow/projectone/src/app/app.component.html [5ms]
[2022-08-01T18:51:15.472Z] > git status -z -uall [481ms]
[2022-08-01T18:51:15.483Z] > git symbolic-ref --short HEAD [2ms]
[2022-08-01T18:51:15.511Z] > git for-each-ref --format=%(refname)%00%(upstream:short)%00%(objectname)%00%(upstream:track)%00%(upstream:remotename)%00%(upstream:remoteref) refs/heads/main refs/remotes/main [19ms]
[2022-08-01T18:51:15.545Z] > git show --textconv :projectone/src/app/app.component.spec.ts [44ms]
[2022-08-01T18:51:15.546Z] > git for-each-ref --sort -committerdate --format %(refname) %(objectname) %(*objectname) [27ms]
[2022-08-01T18:51:15.549Z] > git ls-files --stage -- /home/thebuffylow/projectone/src/app/app.component.spec.ts [39ms]
[2022-08-01T18:51:15.556Z] > git remote --verbose [14ms]
[2022-08-01T18:51:15.610Z] > git config --get commit.template [12ms]
[2022-08-01T18:51:20.908Z] > git status -z -uall [264ms]
[2022-08-01T18:51:20.918Z] > git symbolic-ref --short HEAD [3ms]
[2022-08-01T18:51:20.927Z] > git for-each-ref --format=%(refname)%00%(upstream:short)%00%(objectname)%00%(upstream:track)%00%(upstream:remotename)%00%(upstream:remoteref) refs/heads/main refs/remotes/main [2ms]
[2022-08-01T18:51:20.943Z] > git for-each-ref --sort -committerdate --format %(refname) %(objectname) %(*objectname) [8ms]
[2022-08-01T18:51:20.944Z] > git remote --verbose [2ms]
[2022-08-01T18:51:20.979Z] > git config --get commit.template [5ms]
[2022-08-01T18:51:26.489Z] > git status -z -uall [490ms]
[2022-08-01T18:51:26.499Z] > git symbolic-ref --short HEAD [2ms]
[2022-08-01T18:51:26.511Z] > git for-each-ref --format=%(refname)%00%(upstream:short)%00%(objectname)%00%(upstream:track)%00%(upstream:remotename)%00%(upstream:remoteref) refs/heads/main refs/remotes/main [3ms]
[2022-08-01T18:51:26.533Z] > git for-each-ref --sort -committerdate --format %(refname) %(objectname) %(*objectname) [14ms]
[2022-08-01T18:51:26.551Z] > git remote --verbose [22ms]
[2022-08-01T18:51:26.573Z] > git config --get commit.template [2ms]
[2022-08-01T18:51:31.866Z] > git status -z -uall [262ms]
[2022-08-01T18:51:31.879Z] > git symbolic-ref --short HEAD [2ms]
[2022-08-01T18:51:31.889Z] > git for-each-ref --format=%(refname)%00%(upstream:short)%00%(objectname)%00%(upstream:track)%00%(upstream:remotename)%00%(upstream:remoteref) refs/heads/main refs/remotes/main [3ms]
[2022-08-01T18:51:31.909Z] > git remote --verbose [2ms]
[2022-08-01T18:51:31.910Z] > git for-each-ref --sort -committerdate --format %(refname) %(objectname) %(*objectname) [12ms]
[2022-08-01T18:51:31.946Z] > git config --get commit.template [2ms]
[2022-08-01T18:51:37.229Z] > git status -z -uall [251ms]
[2022-08-01T18:51:37.244Z] > git symbolic-ref --short HEAD [3ms]
[2022-08-01T18:51:37.254Z] > git for-each-ref --format=%(refname)%00%(upstream:short)%00%(objectname)%00%(upstream:track)%00%(upstream:remotename)%00%(upstream:remoteref) refs/heads/main refs/remotes/main [2ms]
[2022-08-01T18:51:37.272Z] > git for-each-ref --sort -committerdate --format %(refname) %(objectname) %(*objectname) [10ms]
[2022-08-01T18:51:37.272Z] > git remote --verbose [1ms]
[2022-08-01T18:51:37.312Z] > git config --get commit.template [4ms]
[2022-08-01T18:51:42.602Z] > git status -z -uall [259ms]
[2022-08-01T18:51:42.614Z] > git symbolic-ref --short HEAD [4ms]
[2022-08-01T18:51:42.624Z] > git for-each-ref --format=%(refname)%00%(upstream:short)%00%(objectname)%00%(upstream:track)%00%(upstream:remotename)%00%(upstream:remoteref) refs/heads/main refs/remotes/main [3ms]
[2022-08-01T18:51:42.640Z] > git for-each-ref --sort -committerdate --format %(refname) %(objectname) %(*objectname) [9ms]
[2022-08-01T18:51:42.641Z] > git remote --verbose [2ms]
[2022-08-01T18:51:42.675Z] > git config --get commit.template [3ms]
[2022-08-01T18:51:44.201Z] > git check-ignore -v -z --stdin [61ms]
[2022-08-01T18:51:47.969Z] > git status -z -uall [251ms]
[2022-08-01T18:51:47.981Z] > git symbolic-ref --short HEAD [3ms]
[2022-08-01T18:51:47.992Z] > git for-each-ref --format=%(refname)%00%(upstream:short)%00%(objectname)%00%(upstream:track)%00%(upstream:remotename)%00%(upstream:remoteref) refs/heads/main refs/remotes/main [3ms]
[2022-08-01T18:51:48.025Z] > git for-each-ref --sort -committerdate --format %(refname) %(objectname) %(*objectname) [19ms]
[2022-08-01T18:51:48.028Z] > git remote --verbose [4ms]
[2022-08-01T18:51:48.067Z] > git config --get commit.template [2ms]
[2022-08-01T18:51:49.588Z] > git show --textconv :projectone/src/app/app.component.ts [10ms]
[2022-08-01T18:51:49.593Z] > git ls-files --stage -- /home/thebuffylow/projectone/src/app/app.component.ts [6ms]
[2022-08-01T18:51:53.494Z] > git status -z -uall [413ms]
[2022-08-01T18:51:53.509Z] > git symbolic-ref --short HEAD [1ms]
[2022-08-01T18:51:53.527Z] > git for-each-ref --format=%(refname)%00%(upstream:short)%00%(objectname)%00%(upstream:track)%00%(upstream:remotename)%00%(upstream:remoteref) refs/heads/main refs/remotes/main [2ms]
[2022-08-01T18:51:53.562Z] > git for-each-ref --sort -committerdate --format %(refname) %(objectname) %(*objectname) [18ms]
[2022-08-01T18:51:53.563Z] > git remote --verbose [2ms]
[2022-08-01T18:51:53.610Z] > git config --get commit.template [6ms]
[2022-08-01T19:00:15.460Z] > git status -z -uall [504ms]
[2022-08-01T19:00:15.471Z] > git symbolic-ref --short HEAD [1ms]
[2022-08-01T19:00:15.483Z] > git for-each-ref --format=%(refname)%00%(upstream:short)%00%(objectname)%00%(upstream:track)%00%(upstream:remotename)%00%(upstream:remoteref) refs/heads/main refs/remotes/main [3ms]
[2022-08-01T19:00:15.504Z] > git remote --verbose [3ms]
[2022-08-01T19:00:15.504Z] > git for-each-ref --sort -committerdate --format %(refname) %(objectname) %(*objectname) [12ms]
[2022-08-01T19:00:15.538Z] > git config --get commit.template [5ms]
[2022-08-01T19:00:21.525Z] > git status -z -uall [924ms]
[2022-08-01T19:00:21.545Z] > git symbolic-ref --short HEAD [8ms]
[2022-08-01T19:00:21.630Z] > git for-each-ref --format=%(refname)%00%(upstream:short)%00%(objectname)%00%(upstream:track)%00%(upstream:remotename)%00%(upstream:remoteref) refs/heads/main refs/remotes/main [48ms]
[2022-08-01T19:00:21.783Z] > git for-each-ref --sort -committerdate --format %(refname) %(objectname) %(*objectname) [46ms]
[2022-08-01T19:00:21.802Z] > git remote --verbose [27ms]
[2022-08-01T19:00:23.370Z] > git config --get commit.template [1467ms]
[2022-08-01T19:00:24.241Z] > git show --textconv :projectone/src/app/app.component.spec.ts [37ms]
[2022-08-01T19:00:24.253Z] > git ls-files --stage -- /home/thebuffylow/projectone/src/app/app.component.spec.ts [14ms]
[2022-08-01T19:00:28.746Z] > git status -z -uall [337ms]
[2022-08-01T19:00:28.756Z] > git symbolic-ref --short HEAD [2ms]
[2022-08-01T19:00:28.766Z] > git for-each-ref --format=%(refname)%00%(upstream:short)%00%(objectname)%00%(upstream:track)%00%(upstream:remotename)%00%(upstream:remoteref) refs/heads/main refs/remotes/main [2ms]
[2022-08-01T19:00:28.787Z] > git for-each-ref --sort -committerdate --format %(refname) %(objectname) %(*objectname) [12ms]
[2022-08-01T19:00:28.787Z] > git remote --verbose [2ms]
[2022-08-01T19:00:28.815Z] > git config --get commit.template [5ms]
