[2022-07-21T23:08:36.728Z] Log level: Info
[2022-07-21T23:08:36.730Z] [info] Validating found git in: git
[2022-07-21T23:08:36.873Z] [info] Using git 2.30.2 from git
[2022-07-21T23:08:36.957Z] > git rev-parse --show-toplevel [21ms]
[2022-07-21T23:08:36.969Z] > git rev-parse --git-dir --git-common-dir [3ms]
[2022-07-21T23:08:36.974Z] [info] Open repository: /home/thebuffylow
[2022-07-21T23:08:37.357Z] > git status -z -uall [360ms]
[2022-07-21T23:08:37.384Z] > git symbolic-ref --short HEAD [9ms]
[2022-07-21T23:08:38.626Z] > git for-each-ref --format=%(refname)%00%(upstream:short)%00%(objectname)%00%(upstream:track)%00%(upstream:remotename)%00%(upstream:remoteref) refs/heads/main refs/remotes/main [1237ms]
[2022-07-21T23:08:38.660Z] > git for-each-ref --sort -committerdate --format %(refname) %(objectname) %(*objectname) [23ms]
[2022-07-21T23:08:38.669Z] > git remote --verbose [17ms]
[2022-07-21T23:08:38.716Z] > git config --get commit.template [9ms]
[2022-07-21T23:08:39.298Z] > git status -z -uall [564ms]
[2022-07-21T23:08:39.322Z] > git show --textconv :fetch_planets.html [256ms]
[2022-07-21T23:08:39.323Z] > git check-ignore -v -z --stdin [32ms]
[2022-07-21T23:08:39.329Z] > git ls-files --stage -- /home/thebuffylow/fetch_planets.html [218ms]
[2022-07-21T23:08:39.517Z] > git symbolic-ref --short HEAD [197ms]
[2022-07-21T23:08:39.602Z] > git cat-file -s fd4c5393768684919ba9f2adb8e663d55dc45408 [222ms]
[2022-07-21T23:08:39.617Z] > git for-each-ref --format=%(refname)%00%(upstream:short)%00%(objectname)%00%(upstream:track)%00%(upstream:remotename)%00%(upstream:remoteref) refs/heads/main refs/remotes/main [16ms]
[2022-07-21T23:08:39.651Z] > git for-each-ref --sort -committerdate --format %(refname) %(objectname) %(*objectname) [17ms]
[2022-07-21T23:08:39.656Z] > git remote --verbose [7ms]
[2022-07-21T23:08:39.668Z] > git config --get commit.template [2ms]
[2022-07-21T23:09:11.493Z] > git status -z -uall [98ms]
[2022-07-21T23:09:11.501Z] > git symbolic-ref --short HEAD [1ms]
[2022-07-21T23:09:11.509Z] > git for-each-ref --format=%(refname)%00%(upstream:short)%00%(objectname)%00%(upstream:track)%00%(upstream:remotename)%00%(upstream:remoteref) refs/heads/main refs/remotes/main [2ms]
[2022-07-21T23:09:11.542Z] > git remote --verbose [1ms]
[2022-07-21T23:09:11.542Z] > git for-each-ref --sort -committerdate --format %(refname) %(objectname) %(*objectname) [26ms]
[2022-07-21T23:09:11.576Z] > git config --get commit.template [15ms]
[2022-07-21T23:09:16.702Z] > git status -z -uall [110ms]
[2022-07-21T23:09:16.712Z] > git symbolic-ref --short HEAD [4ms]
[2022-07-21T23:09:16.720Z] > git for-each-ref --format=%(refname)%00%(upstream:short)%00%(objectname)%00%(upstream:track)%00%(upstream:remotename)%00%(upstream:remoteref) refs/heads/main refs/remotes/main [3ms]
[2022-07-21T23:09:16.759Z] > git for-each-ref --sort -committerdate --format %(refname) %(objectname) %(*objectname) [18ms]
[2022-07-21T23:09:16.760Z] > git remote --verbose [11ms]
[2022-07-21T23:09:16.777Z] > git config --get commit.template [3ms]
[2022-07-21T23:09:21.973Z] > git status -z -uall [121ms]
[2022-07-21T23:09:21.985Z] > git symbolic-ref --short HEAD [3ms]
[2022-07-21T23:09:21.992Z] > git for-each-ref --format=%(refname)%00%(upstream:short)%00%(objectname)%00%(upstream:track)%00%(upstream:remotename)%00%(upstream:remoteref) refs/heads/main refs/remotes/main [2ms]
[2022-07-21T23:09:22.004Z] > git for-each-ref --sort -committerdate --format %(refname) %(objectname) %(*objectname) [7ms]
[2022-07-21T23:09:22.005Z] > git remote --verbose [2ms]
[2022-07-21T23:09:22.015Z] > git config --get commit.template [2ms]
[2022-07-21T23:09:27.170Z] > git status -z -uall [138ms]
[2022-07-21T23:09:27.176Z] > git symbolic-ref --short HEAD [1ms]
[2022-07-21T23:09:27.183Z] > git for-each-ref --format=%(refname)%00%(upstream:short)%00%(objectname)%00%(upstream:track)%00%(upstream:remotename)%00%(upstream:remoteref) refs/heads/main refs/remotes/main [3ms]
[2022-07-21T23:09:27.194Z] > git remote --verbose [1ms]
[2022-07-21T23:09:27.195Z] > git for-each-ref --sort -committerdate --format %(refname) %(objectname) %(*objectname) [8ms]
[2022-07-21T23:09:27.205Z] > git config --get commit.template [2ms]
[2022-07-21T23:09:32.144Z] > git for-each-ref --format %(refname:short)%00%(upstream:short) refs/heads [5ms]
[2022-07-21T23:09:32.331Z] > git checkout -q main [165ms]
[2022-07-21T23:09:32.429Z] > git status -z -uall [80ms]
[2022-07-21T23:09:32.436Z] > git symbolic-ref --short HEAD [2ms]
[2022-07-21T23:09:32.444Z] > git for-each-ref --format=%(refname)%00%(upstream:short)%00%(objectname)%00%(upstream:track)%00%(upstream:remotename)%00%(upstream:remoteref) refs/heads/main refs/remotes/main [3ms]
[2022-07-21T23:09:32.455Z] > git for-each-ref --sort -committerdate --format %(refname) %(objectname) %(*objectname) [6ms]
[2022-07-21T23:09:32.455Z] > git remote --verbose [2ms]
[2022-07-21T23:09:32.480Z] > git config --get commit.template [11ms]
[2022-07-21T23:09:32.627Z] > git status -z -uall [140ms]
[2022-07-21T23:09:32.635Z] > git symbolic-ref --short HEAD [2ms]
[2022-07-21T23:09:32.642Z] > git for-each-ref --format=%(refname)%00%(upstream:short)%00%(objectname)%00%(upstream:track)%00%(upstream:remotename)%00%(upstream:remoteref) refs/heads/main refs/remotes/main [2ms]
[2022-07-21T23:09:32.654Z] > git for-each-ref --sort -committerdate --format %(refname) %(objectname) %(*objectname) [7ms]
[2022-07-21T23:09:32.655Z] > git remote --verbose [2ms]
[2022-07-21T23:09:32.676Z] > git config --get commit.template [3ms]
[2022-07-21T23:09:33.503Z] > git ls-files --stage -- /home/thebuffylow/fetch_planets.html [5ms]
[2022-07-21T23:09:33.512Z] > git cat-file -s fd4c5393768684919ba9f2adb8e663d55dc45408 [3ms]
[2022-07-21T23:09:33.527Z] > git show --textconv :fetch_planets.html [3ms]
[2022-07-21T23:09:37.848Z] > git status -z -uall [138ms]
[2022-07-21T23:09:37.856Z] > git symbolic-ref --short HEAD [2ms]
[2022-07-21T23:09:37.863Z] > git for-each-ref --format=%(refname)%00%(upstream:short)%00%(objectname)%00%(upstream:track)%00%(upstream:remotename)%00%(upstream:remoteref) refs/heads/main refs/remotes/main [2ms]
[2022-07-21T23:09:37.877Z] > git for-each-ref --sort -committerdate --format %(refname) %(objectname) %(*objectname) [8ms]
[2022-07-21T23:09:37.877Z] > git remote --verbose [2ms]
[2022-07-21T23:09:37.888Z] > git config --get commit.template [1ms]
[2022-07-21T23:09:41.873Z] > git check-ignore -v -z --stdin [6ms]
[2022-07-21T23:09:43.004Z] > git status -z -uall [105ms]
[2022-07-21T23:09:43.028Z] > git symbolic-ref --short HEAD [16ms]
[2022-07-21T23:09:43.050Z] > git for-each-ref --format=%(refname)%00%(upstream:short)%00%(objectname)%00%(upstream:track)%00%(upstream:remotename)%00%(upstream:remoteref) refs/heads/main refs/remotes/main [12ms]
[2022-07-21T23:09:43.099Z] > git remote --verbose [5ms]
[2022-07-21T23:09:43.106Z] > git for-each-ref --sort -committerdate --format %(refname) %(objectname) %(*objectname) [37ms]
[2022-07-21T23:09:43.153Z] > git config --get commit.template [5ms]
[2022-07-21T23:09:48.373Z] > git status -z -uall [196ms]
[2022-07-21T23:09:48.385Z] > git symbolic-ref --short HEAD [4ms]
[2022-07-21T23:09:48.396Z] > git for-each-ref --format=%(refname)%00%(upstream:short)%00%(objectname)%00%(upstream:track)%00%(upstream:remotename)%00%(upstream:remoteref) refs/heads/main refs/remotes/main [3ms]
[2022-07-21T23:09:48.422Z] > git for-each-ref --sort -committerdate --format %(refname) %(objectname) %(*objectname) [11ms]
[2022-07-21T23:09:48.426Z] > git remote --verbose [9ms]
[2022-07-21T23:09:48.511Z] > git config --get commit.template [10ms]
[2022-07-21T23:09:53.650Z] > git status -z -uall [126ms]
[2022-07-21T23:09:53.659Z] > git symbolic-ref --short HEAD [2ms]
[2022-07-21T23:09:53.681Z] > git for-each-ref --format=%(refname)%00%(upstream:short)%00%(objectname)%00%(upstream:track)%00%(upstream:remotename)%00%(upstream:remoteref) refs/heads/main refs/remotes/main [6ms]
[2022-07-21T23:09:53.700Z] > git for-each-ref --sort -committerdate --format %(refname) %(objectname) %(*objectname) [12ms]
[2022-07-21T23:09:53.705Z] > git remote --verbose [6ms]
[2022-07-21T23:09:53.745Z] > git config --get commit.template [2ms]
[2022-07-21T23:10:47.738Z] > git status -z -uall [273ms]
[2022-07-21T23:10:47.754Z] > git symbolic-ref --short HEAD [4ms]
[2022-07-21T23:10:47.770Z] > git for-each-ref --format=%(refname)%00%(upstream:short)%00%(objectname)%00%(upstream:track)%00%(upstream:remotename)%00%(upstream:remoteref) refs/heads/main refs/remotes/main [9ms]
[2022-07-21T23:10:47.801Z] > git for-each-ref --sort -committerdate --format %(refname) %(objectname) %(*objectname) [21ms]
[2022-07-21T23:10:47.805Z] > git remote --verbose [7ms]
[2022-07-21T23:10:47.837Z] > git config --get commit.template [8ms]
