[2022-07-25T23:12:33.489Z] Log level: Info
[2022-07-25T23:12:33.490Z] [info] Validating found git in: git
[2022-07-25T23:12:33.630Z] [info] Using git 2.30.2 from git
[2022-07-25T23:12:33.691Z] > git rev-parse --show-toplevel [7ms]
[2022-07-25T23:12:33.701Z] > git rev-parse --git-dir --git-common-dir [4ms]
[2022-07-25T23:12:33.706Z] [info] Open repository: /home/thebuffylow/typescript-lc101-projects
[2022-07-25T23:12:33.716Z] > git status -z -uall [4ms]
[2022-07-25T23:12:33.724Z] > git symbolic-ref --short HEAD [3ms]
[2022-07-25T23:12:33.749Z] > git for-each-ref --format=%(refname)%00%(upstream:short)%00%(objectname)%00%(upstream:track)%00%(upstream:remotename)%00%(upstream:remoteref) refs/heads/master refs/remotes/master [12ms]
[2022-07-25T23:12:34.647Z] > git for-each-ref --sort -committerdate --format %(refname) %(objectname) %(*objectname) [893ms]
[2022-07-25T23:12:34.733Z] > git remote --verbose [971ms]
[2022-07-25T23:12:34.808Z] > git config --get commit.template [32ms]
[2022-07-25T23:12:34.882Z] > git status -z -uall [19ms]
[2022-07-25T23:12:34.904Z] > git symbolic-ref --short HEAD [5ms]
[2022-07-25T23:12:34.922Z] > git for-each-ref --format=%(refname)%00%(upstream:short)%00%(objectname)%00%(upstream:track)%00%(upstream:remotename)%00%(upstream:remoteref) refs/heads/master refs/remotes/master [4ms]
[2022-07-25T23:12:34.958Z] > git for-each-ref --sort -committerdate --format %(refname) %(objectname) %(*objectname) [26ms]
[2022-07-25T23:12:34.962Z] > git remote --verbose [5ms]
[2022-07-25T23:12:35.010Z] > git config --get commit.template [14ms]
[2022-07-25T23:21:21.708Z] > git check-ignore -v -z --stdin [4ms]
[2022-07-25T23:21:24.622Z] > git show --textconv :exercises/parts1-5.ts [44ms]
[2022-07-25T23:21:24.622Z] > git ls-files --stage -- /home/thebuffylow/typescript-lc101-projects/exercises/parts1-5.ts [15ms]
[2022-07-25T23:21:24.657Z] > git cat-file -s dc943d7d389491414f806b94cfd5572870e9d005 [12ms]
[2022-07-25T23:22:00.177Z] > git show --textconv :exercises/tsconfig.json [23ms]
[2022-07-25T23:22:00.256Z] > git ls-files --stage -- /home/thebuffylow/typescript-lc101-projects/exercises/tsconfig.json [81ms]
[2022-07-25T23:22:00.279Z] > git cat-file -s 51f08b099913bc72f47a76dadfaf872a08025c3d [10ms]
[2022-07-25T23:23:08.432Z] > git show --textconv :exercises/parts1-5.ts [22ms]
[2022-07-25T23:23:08.441Z] > git ls-files --stage -- /home/thebuffylow/typescript-lc101-projects/exercises/parts1-5.ts [10ms]
[2022-07-25T23:23:08.471Z] > git cat-file -s dc943d7d389491414f806b94cfd5572870e9d005 [19ms]
[2022-07-25T23:27:39.539Z] > git check-ignore -v -z --stdin [3ms]
[2022-07-25T23:27:42.714Z] > git show --textconv :exercises/parts1-5.js [9ms]
[2022-07-25T23:27:42.725Z] > git ls-files --stage -- /home/thebuffylow/typescript-lc101-projects/exercises/parts1-5.js [12ms]
[2022-07-25T23:36:13.264Z] > git status -z -uall [2ms]
[2022-07-25T23:36:13.291Z] > git symbolic-ref --short HEAD [7ms]
[2022-07-25T23:36:13.300Z] > git for-each-ref --format=%(refname)%00%(upstream:short)%00%(objectname)%00%(upstream:track)%00%(upstream:remotename)%00%(upstream:remoteref) refs/heads/master refs/remotes/master [4ms]
[2022-07-25T23:36:13.322Z] > git remote --verbose [5ms]
[2022-07-25T23:36:13.323Z] > git for-each-ref --sort -committerdate --format %(refname) %(objectname) %(*objectname) [15ms]
[2022-07-25T23:36:13.347Z] > git config --get commit.template [2ms]
